<!DOCTYPE HTML PUBLIC "-//W3C//DTD HTML 4.01 Transitional//EN">
<HTML>
 <HEAD>
   <TITLE> Still FAILED build of OpenSSL branch master with options -d --strict-warnings no-asm
   </TITLE>
   <LINK REL="Index" HREF="https://mta.openssl.org/pipermail/openssl-commits/2021-April/index.html" >
   <LINK REL="made" HREF="mailto:openssl-commits%40openssl.org?Subject=Re%3A%20Still%20FAILED%20build%20of%20OpenSSL%20branch%20master%20with%20options%20-d%0A%20--strict-warnings%20no-asm&In-Reply-To=%3C1617239218.497483.3908588.nullmailer%40run.openssl.org%3E">
   <META NAME="robots" CONTENT="index,nofollow">
   <style type="text/css">
       pre {
           white-space: pre-wrap;       /* css-2.1, curent FF, Opera, Safari */
           }
   </style>
   <META http-equiv="Content-Type" content="text/html; charset=us-ascii">
   <LINK REL="Previous"  HREF="033710.html">
   <LINK REL="Next"  HREF="033747.html">
 </HEAD>
 <BODY BGCOLOR="#ffffff">
   <H1>Still FAILED build of OpenSSL branch master with options -d --strict-warnings no-asm</H1>
    <B>OpenSSL run-checker</B> 
    <A HREF="mailto:openssl-commits%40openssl.org?Subject=Re%3A%20Still%20FAILED%20build%20of%20OpenSSL%20branch%20master%20with%20options%20-d%0A%20--strict-warnings%20no-asm&In-Reply-To=%3C1617239218.497483.3908588.nullmailer%40run.openssl.org%3E"
       TITLE="Still FAILED build of OpenSSL branch master with options -d --strict-warnings no-asm">openssl at openssl.org
       </A><BR>
    <I>Thu Apr  1 01:06:58 UTC 2021</I>
    <P><UL>
        <LI>Previous message: <A HREF="033710.html">Build failed: openssl master.41163
</A></li>
        <LI>Next message: <A HREF="033747.html">Still FAILED build of OpenSSL branch master with options -d --strict-warnings no-asm
</A></li>
         <LI> <B>Messages sorted by:</B> 
              <a href="date.html#33711">[ date ]</a>
              <a href="thread.html#33711">[ thread ]</a>
              <a href="subject.html#33711">[ subject ]</a>
              <a href="author.html#33711">[ author ]</a>
         </LI>
       </UL>
    <HR>  
<!--beginarticle-->
<PRE>Platform and configuration command:

$ uname -a
Linux run 5.4.0-65-generic #73-Ubuntu SMP Mon Jan 18 17:25:17 UTC 2021 x86_64 x86_64 x86_64 GNU/Linux
$ CC=clang ../openssl/config -d --strict-warnings no-asm

Commit log since last time:

9e6f30e683 CHANGES.md: reflect OSSL_HTTP_REQ_CTX_i2d renamed to OSSL_HTTP_REQ_CTX_set1_req
1e6174b1b5 OSSL_HTTP_REQ_CTX_transfer(): improve distinction of send error vs. receive error
2318379119 OSSL_parse_url(): Improve handling of IPv6 addresses
f7c4d86228 80-test_cmp_http.t: Add diagnostic info on starting/stopping mock server
e1428c62a1 http_client.c: Prevent spurious error queue entry on NULL mem argument
534725fd43 HTTP: Fix method_POST param by moving it to OSSL_HTTP_REQ_CTX_set_request_line()
c37b947957 Add a local perl module to get year last changed
c47a0803ce Split Makefile clean recipe for document sets into individual lines.
b24b72d109 EVP: One stray comma removed in crypto/evp/ctrl_params_translate.c
35bc387b97 Added guarding #ifndef/#define to avoid duplicate include of crypto/types.h
a350e3ef38 Re-implement ANSI C building with a Github workflow
20c2876f24 Increase HKDF_MAXBUF from 1024 to 2048
c6b09ea0fe Fix change in behaviour of EVP_PKEY_CTRL_RSA_KEYGEN_BITS
6635ea531e doc: fix enc -z option documentation
af2e1e9c81 Print correct error message in utils/mkdir-p.pl
1368f0cdf5 Merge OFB encrypt and decrypt test vectors.
05ba94e705 Add explicit support in util/shlib_wrap.sh.in for NonStop DLL loading.
788a72e92f Increase minimum clang version requirement for rsaz-avx512.pl
1ee1a169c3 Fix typos in bio.pod
53d85372ca ssl: fix problem where MAC IDs were globally cached.
d1a57d873b apps: fix coverity 1474463, 1474465 &amp; 1474467: resource leaks
92b3e62fdd test: fix coverity 1474468: resource leak
ec3dd97019 evp: fix coverity 1474469: negative return
d0ea0eb331 x509: fix coverity 1474470: NULL pointer dereference
0391553485 x509: fix coverity 1474471: NULL pointer dereference
2db9bef264 Fix typo in BIO_push.pod
7947a1eb13 Fix BIO_new_ssl_connect() to not leak memory
4f10a996e5 Android config targets: don't include the SO version in the shlib file name
3bf7c3a166 Unix build file template: symlink &quot;simple&quot; to &quot;full&quot; shlib selectively
8f81e3a184 Fix DH gettable OSSL_PKEY_PARAM_DH_PRIV_LEN so that it has the correct type.
e52b421575 Update deprecated API's in the documentation.
203c18f14a Moved build instructions from the man page
92a979b403 Add $(PERL) to util/wrap.pl execution to avoid env incompatibilities
09a17655ea Fix typo in bio.h.in

Build log ended with (last 100 lines):

SSKDF : (KAT_KDF) : Pass
X963KDF : (KAT_KDF) : Pass
X942KDF : (KAT_KDF) : Pass
HASH : (DRBG) : Pass
CTR : (DRBG) : Pass
HMAC : (DRBG) : Pass
DH : (KAT_KA) : Pass
ECDH : (KAT_KA) : Pass
RSA_Encrypt : (KAT_AsymmetricCipher) : Pass
RSA_Decrypt : (KAT_AsymmetricCipher) : Pass
RSA_Decrypt : (KAT_AsymmetricCipher) : Pass
INSTALL PASSED
make depend &amp;&amp; make _tests
make[1]: Entering directory '/home/openssl/run-checker/no-asm'
make[1]: Leaving directory '/home/openssl/run-checker/no-asm'
make[1]: Entering directory '/home/openssl/run-checker/no-asm'
( SRCTOP=../openssl \
  BLDTOP=. \
  PERL=&quot;/usr/bin/perl&quot; \
  FIPSKEY=&quot;f4556650ac31d35461610bac4ed81b1a181b2d8a43ea2854cbae22ca74560813&quot; \
  EXE_EXT= \
  /usr/bin/perl ../openssl/test/run_tests.pl  )
01-test_abort.t .................... ok
01-test_fipsmodule_cnf.t ........... ok
01-test_sanity.t ................... ok
01-test_symbol_presence.t .......... ok
01-test_test.t ..................... ok
02-test_errstr.t ................... ok
02-test_internal_context.t ......... ok
02-test_internal_ctype.t ........... ok
02-test_internal_keymgmt.t ......... ok
02-test_internal_provider.t ........ ok
02-test_lhash.t .................... ok
02-test_ordinals.t ................. ok
02-test_sparse_array.t ............. ok
02-test_stack.t .................... ok
03-test_exdata.t ................... ok
03-test_fipsinstall.t .............. ok
03-test_internal_asn1.t ............ ok
03-test_internal_asn1_dsa.t ........ ok
03-test_internal_bn.t .............. ok
03-test_internal_chacha.t .......... ok
03-test_internal_curve448.t ........ ok
03-test_internal_ec.t .............. ok
03-test_internal_ffc.t ............. ok
03-test_internal_mdc2.t ............ ok
03-test_internal_modes.t ........... ok
03-test_internal_namemap.t ......... ok
03-test_internal_poly1305.t ........ ok
03-test_internal_rsa_sp800_56b.t ... ok
03-test_internal_siphash.t ......... ok
03-test_internal_sm2.t ............. ok
03-test_internal_sm4.t ............. ok
03-test_internal_ssl_cert_table.t .. ok
03-test_internal_x509.t ............ ok
03-test_params_api.t ............... ok
03-test_property.t ................. ok
03-test_ui.t ....................... ok
04-test_asn1_decode.t .............. ok
04-test_asn1_encode.t .............. ok
04-test_asn1_string_table.t ........ ok
04-test_bio_callback.t ............. ok
04-test_bioprint.t ................. ok
04-test_conf.t ..................... ok
04-test_encoder_decoder.t .......... ok
04-test_encoder_decoder_legacy.t ... ok
04-test_err.t ...................... ok
04-test_hexstring.t ................ ok
04-test_param_build.t .............. ok
04-test_params.t ................... ok
04-test_params_conversion.t ........ ok
04-test_pem_read_depr.t ............ ok
04-test_pem_reading.t .............. ok
04-test_provider.t ................. ok
04-test_provider_fallback.t ........ ok
05-test_bf.t ....................... ok
05-test_cast.t ..................... ok
05-test_cmac.t ..................... ok
05-test_des.t ...................... ok
05-test_hmac.t ..................... ok
05-test_idea.t ..................... ok
05-test_rand.t ..................... ok
05-test_rc2.t ...................... ok
05-test_rc4.t ...................... ok
05-test_rc5.t ...................... skipped: rc5 is not supported by this OpenSSL build
06-test_algorithmid.t .............. ok
06-test_rdrand_sanity.t ............ ok
10-test_bn.t ....................... ok
10-test_exp.t ...................... ok
15-test_dh.t ....................... ok
15-test_dsa.t ...................... ok
15-test_dsaparam.t ................. ok
15-test_ec.t ....................... ok
15-test_ecdsa.t .................... ok
15-test_ecparam.t .................. ok
15-test_gendh.t .................... ok
make[1]: *** wait: No child processes.  Stop.
make[1]: *** Waiting for unfinished jobs....
make[1]: *** wait: No child processes.  Stop.
make: *** [Makefile:3272: tests] Terminated
</PRE>



<!--endarticle-->
    <HR>
    <P><UL>
        <!--threads-->
	<LI>Previous message: <A HREF="033710.html">Build failed: openssl master.41163
</A></li>
	<LI>Next message: <A HREF="033747.html">Still FAILED build of OpenSSL branch master with options -d --strict-warnings no-asm
</A></li>
         <LI> <B>Messages sorted by:</B> 
              <a href="date.html#33711">[ date ]</a>
              <a href="thread.html#33711">[ thread ]</a>
              <a href="subject.html#33711">[ subject ]</a>
              <a href="author.html#33711">[ author ]</a>
         </LI>
       </UL>

<hr>
<a href="../../../mailman/listinfo/openssl-commits.html">More information about the openssl-commits
mailing list</a><br>
</body></html>
