<!DOCTYPE HTML PUBLIC "-//W3C//DTD HTML 4.01 Transitional//EN">
<HTML>
 <HEAD>
   <TITLE> Still FAILED build of OpenSSL branch master with options -d --strict-warnings no-asm
   </TITLE>
   <LINK REL="Index" HREF="https://mta.openssl.org/pipermail/openssl-commits/2021-April/index.html" >
   <LINK REL="made" HREF="mailto:openssl-commits%40openssl.org?Subject=Re%3A%20Still%20FAILED%20build%20of%20OpenSSL%20branch%20master%20with%20options%20-d%0A%20--strict-warnings%20no-asm&In-Reply-To=%3C1618448862.694304.641716.nullmailer%40run.openssl.org%3E">
   <META NAME="robots" CONTENT="index,nofollow">
   <style type="text/css">
       pre {
           white-space: pre-wrap;       /* css-2.1, curent FF, Opera, Safari */
           }
   </style>
   <META http-equiv="Content-Type" content="text/html; charset=us-ascii">
   <LINK REL="Previous"  HREF="033817.html">
   <LINK REL="Next"  HREF="033904.html">
 </HEAD>
 <BODY BGCOLOR="#ffffff">
   <H1>Still FAILED build of OpenSSL branch master with options -d --strict-warnings no-asm</H1>
    <B>OpenSSL run-checker</B> 
    <A HREF="mailto:openssl-commits%40openssl.org?Subject=Re%3A%20Still%20FAILED%20build%20of%20OpenSSL%20branch%20master%20with%20options%20-d%0A%20--strict-warnings%20no-asm&In-Reply-To=%3C1618448862.694304.641716.nullmailer%40run.openssl.org%3E"
       TITLE="Still FAILED build of OpenSSL branch master with options -d --strict-warnings no-asm">openssl at openssl.org
       </A><BR>
    <I>Thu Apr 15 01:07:42 UTC 2021</I>
    <P><UL>
        <LI>Previous message: <A HREF="033817.html">Still FAILED build of OpenSSL branch master with options -d --strict-warnings no-asm
</A></li>
        <LI>Next message: <A HREF="033904.html">Still FAILED build of OpenSSL branch master with options -d --strict-warnings no-asm
</A></li>
         <LI> <B>Messages sorted by:</B> 
              <a href="date.html#33872">[ date ]</a>
              <a href="thread.html#33872">[ thread ]</a>
              <a href="subject.html#33872">[ subject ]</a>
              <a href="author.html#33872">[ author ]</a>
         </LI>
       </UL>
    <HR>  
<!--beginarticle-->
<PRE>Platform and configuration command:

$ uname -a
Linux run 5.4.0-65-generic #73-Ubuntu SMP Mon Jan 18 17:25:17 UTC 2021 x86_64 x86_64 x86_64 GNU/Linux
$ CC=clang ../openssl/config -d --strict-warnings no-asm

Commit log since last time:

b9cd82f95b 80-test_cmp_http.t: Extend diagnostics of mock server launch
cfe20aee3b 80-test_cmp_http.t: Silence check for availability of 'kill' and 'lsof' commands
c6df354c2a 80-test_cmp_http.t: Fix resumption when skipping after mock server launch failed
aed03a1209 apps/cmp: Add generic random state options, e.g., for nonce generation
3206e41c0e openssl-cmp.pod.in: Fix missing provider options description
9518f8957a cmp_util.c: Fix OSSL_CMP_log_open() in case OPENSSL_NO_TRACE
f56c9c7c94 APPS and TEST: Make sure prog name is set for usage output
3ad6030948 APPS: make apps strict on app_RAND_load() and app_RAND_write() failure
456541f0b7 Document the invariants for the empty X509_NAME encoding
74bcbea76f X509_NAME_cmp: if canon_enclen is 0 for both names return 0
d32fc2c51b bio_printf: add \0 terminators for error returns in floating point conversions.
586d9436c8 bio: note that BIO_sprintf null terminates on insufficient space.
4e1ebda9d9 bio: add a malloc failed error to BIO_print
5c10724387 Add some additional NULL checks to prevent segfaults.
46eee7104d Add domain parameter match check for DH and ECDH key exchange.
0d5bbaaae2 Remove a TODO(3.0) from X509_PUBKEY_set
89947af2c5 crypto: raise error on malloc failure clean a few style nits.
f691578bdc nits: fix a few typo in template code
c6e090fe17 doc: Fix formatting
feba11cf2e Handle set_alpn_protos inputs better.
3ab736acb8 util/wrap.pl: use the apps/openssl.cnf from the source tree
0f10196042 apps: call ERR_print_errors when OSSL_PROVIDER_load fails
b47e7bbc41 Note deprecated function/macros with no replacement.
9acbbbae6b Fix windows compiler error in kmac_prov.c
3fed27181a Add FIPS Self test for AES_ECB decrypt
28fd895305 Remove the function EVP_PKEY_set_alias_type
6878f43002 Update KTLS documentation
a3a54179b6 Only enable KTLS if it is explicitly configured
4ec4b063e0 Always reset IV for CBC, OFB, and CFB mode on cipher context reinit
3f883c7c83 Replace OSSL_PARAM_BLD_free_params() with OSSL_PARAM_free().
884314cab7 Add OSSL_PARAM_dup() and OSSL_PARAM_merge().
d36114d7cd kmac: update the documention for the customisation string maximum length
13eaa4ecaa kmac: fix customistation string overflow bug
810a169eb2 kmac: add long customisation string example
e3c2a55d47 Add additional KMAC error

Build log ended with (last 100 lines):

02-test_internal_keymgmt.t ......... ok
02-test_internal_provider.t ........ ok
02-test_lhash.t .................... ok
02-test_ordinals.t ................. ok
02-test_sparse_array.t ............. ok
02-test_stack.t .................... ok
03-test_exdata.t ................... ok
03-test_fipsinstall.t .............. ok
03-test_internal_asn1.t ............ ok
03-test_internal_asn1_dsa.t ........ ok
03-test_internal_bn.t .............. ok
03-test_internal_chacha.t .......... ok
03-test_internal_curve448.t ........ ok
03-test_internal_ec.t .............. ok
03-test_internal_ffc.t ............. ok
03-test_internal_mdc2.t ............ ok
03-test_internal_modes.t ........... ok
03-test_internal_namemap.t ......... ok
03-test_internal_poly1305.t ........ ok
03-test_internal_rsa_sp800_56b.t ... ok
03-test_internal_siphash.t ......... ok
03-test_internal_sm2.t ............. ok
03-test_internal_sm4.t ............. ok
03-test_internal_ssl_cert_table.t .. ok
03-test_internal_x509.t ............ ok
03-test_params_api.t ............... ok
03-test_property.t ................. ok
03-test_ui.t ....................... ok
04-test_asn1_decode.t .............. ok
04-test_asn1_encode.t .............. ok
04-test_asn1_string_table.t ........ ok
04-test_bio_callback.t ............. ok
04-test_bioprint.t ................. ok
04-test_conf.t ..................... ok
04-test_encoder_decoder.t .......... ok
04-test_encoder_decoder_legacy.t ... ok
04-test_err.t ...................... ok
04-test_hexstring.t ................ ok
04-test_param_build.t .............. ok
04-test_params.t ................... ok
04-test_params_conversion.t ........ ok
04-test_pem_read_depr.t ............ ok
04-test_pem_reading.t .............. ok
04-test_provider.t ................. ok
04-test_provider_fallback.t ........ ok
05-test_bf.t ....................... ok
05-test_cast.t ..................... ok
05-test_cmac.t ..................... ok
05-test_des.t ...................... ok
05-test_hmac.t ..................... ok
05-test_idea.t ..................... ok
05-test_rand.t ..................... ok
05-test_rc2.t ...................... ok
05-test_rc4.t ...................... ok
05-test_rc5.t ...................... skipped: rc5 is not supported by this OpenSSL build
06-test_algorithmid.t .............. ok
06-test_rdrand_sanity.t ............ ok
10-test_bn.t ....................... ok
10-test_exp.t ...................... ok
15-test_dh.t ....................... ok
15-test_dsa.t ...................... ok
15-test_dsaparam.t ................. ok
15-test_ec.t ....................... ok
15-test_ecdsa.t .................... ok
15-test_ecparam.t .................. ok
15-test_gendh.t .................... ok
15-test_gendsa.t ................... ok
15-test_genec.t .................... ok
15-test_genrsa.t ................... ok
15-test_mp_rsa.t ................... ok
15-test_out_option.t ............... ok
15-test_rsa.t ...................... ok
15-test_rsaoaep.t .................. ok
15-test_rsapss.t ................... ok
20-test_app.t ...................... ok
20-test_cli_fips.t ................. ok
20-test_dgst.t ..................... ok
20-test_dhparam.t .................. ok
20-test_dhparam_check.t ............ ok
20-test_enc.t ...................... ok
20-test_enc_more.t ................. ok
20-test_kdf.t ...................... ok
20-test_mac.t ...................... ok
20-test_passwd.t ................... ok
20-test_pkeyutl.t .................. ok
20-test_rand_config.t .............. ok
25-test_crl.t ...................... ok
25-test_d2i.t ...................... ok
25-test_eai_data.t ................. ok
25-test_pkcs7.t .................... ok
25-test_req.t ...................... ok
25-test_rusext.t ................... ok
25-test_sid.t ...................... ok
25-test_verify.t ................... ok
25-test_verify_store.t ............. ok
25-test_x509.t ..................... ok
make[1]: *** wait: No child processes.  Stop.
make[1]: *** Waiting for unfinished jobs....
make[1]: *** wait: No child processes.  Stop.
make: *** [Makefile:3294: tests] Terminated
</PRE>


<!--endarticle-->
    <HR>
    <P><UL>
        <!--threads-->
	<LI>Previous message: <A HREF="033817.html">Still FAILED build of OpenSSL branch master with options -d --strict-warnings no-asm
</A></li>
	<LI>Next message: <A HREF="033904.html">Still FAILED build of OpenSSL branch master with options -d --strict-warnings no-asm
</A></li>
         <LI> <B>Messages sorted by:</B> 
              <a href="date.html#33872">[ date ]</a>
              <a href="thread.html#33872">[ thread ]</a>
              <a href="subject.html#33872">[ subject ]</a>
              <a href="author.html#33872">[ author ]</a>
         </LI>
       </UL>

<hr>
<a href="../../../mailman/listinfo/openssl-commits.html">More information about the openssl-commits
mailing list</a><br>
</body></html>
