<!DOCTYPE HTML PUBLIC "-//W3C//DTD HTML 4.01 Transitional//EN">
<HTML>
 <HEAD>
   <TITLE> Still FAILED build of OpenSSL branch master with options -d --strict-warnings no-dtls1_2
   </TITLE>
   <LINK REL="Index" HREF="https://mta.openssl.org/pipermail/openssl-commits/2021-April/index.html" >
   <LINK REL="made" HREF="mailto:openssl-commits%40openssl.org?Subject=Re%3A%20Still%20FAILED%20build%20of%20OpenSSL%20branch%20master%20with%20options%20-d%0A%20--strict-warnings%20no-dtls1_2&In-Reply-To=%3C1618359007.169496.3969586.nullmailer%40run.openssl.org%3E">
   <META NAME="robots" CONTENT="index,nofollow">
   <style type="text/css">
       pre {
           white-space: pre-wrap;       /* css-2.1, curent FF, Opera, Safari */
           }
   </style>
   <META http-equiv="Content-Type" content="text/html; charset=us-ascii">
   <LINK REL="Previous"  HREF="033806.html">
   <LINK REL="Next"  HREF="033933.html">
 </HEAD>
 <BODY BGCOLOR="#ffffff">
   <H1>Still FAILED build of OpenSSL branch master with options -d --strict-warnings no-dtls1_2</H1>
    <B>OpenSSL run-checker</B> 
    <A HREF="mailto:openssl-commits%40openssl.org?Subject=Re%3A%20Still%20FAILED%20build%20of%20OpenSSL%20branch%20master%20with%20options%20-d%0A%20--strict-warnings%20no-dtls1_2&In-Reply-To=%3C1618359007.169496.3969586.nullmailer%40run.openssl.org%3E"
       TITLE="Still FAILED build of OpenSSL branch master with options -d --strict-warnings no-dtls1_2">openssl at openssl.org
       </A><BR>
    <I>Wed Apr 14 00:10:07 UTC 2021</I>
    <P><UL>
        <LI>Previous message: <A HREF="033806.html">Still FAILED build of OpenSSL branch master with options -d --strict-warnings no-dtls1_2
</A></li>
        <LI>Next message: <A HREF="033933.html">Still FAILED build of OpenSSL branch master with options -d --strict-warnings no-dtls1_2
</A></li>
         <LI> <B>Messages sorted by:</B> 
              <a href="date.html#33855">[ date ]</a>
              <a href="thread.html#33855">[ thread ]</a>
              <a href="subject.html#33855">[ subject ]</a>
              <a href="author.html#33855">[ author ]</a>
         </LI>
       </UL>
    <HR>  
<!--beginarticle-->
<PRE>Platform and configuration command:

$ uname -a
Linux run 5.4.0-65-generic #73-Ubuntu SMP Mon Jan 18 17:25:17 UTC 2021 x86_64 x86_64 x86_64 GNU/Linux
$ CC=clang ../openssl/config -d --strict-warnings no-dtls1_2

Commit log since last time:

b1c908f421 apps: fix warning about size_t / int conversion
d3a5898a7f crl2pkcs7 shouldn't include empty optional sets
4c979cbeeb Fix typos in x509.pod
bd6e7fb7a7 Small fixes and cleanups of provider API documentation
fdb5315b2d provider-decoder.pod: Documentation of provider side decoder API
3201abeb46 Fix typo in statem_clnt.c
dfccfde065 Inherit hostflags verify params even without hosts
6d9e045ef7 d2i_PrivateKey_decoder(): Fix premature exit on unsuccessful OSSL_DECODER_CTX_new_for_pkey()
4957d95208 PEM_X509_INFO_read_bio_ex(): Generalize to allow parsing any type of private key
c1fd710297 d2i_PrivateKey{,_ex}() and PEM_X509_INFO_read_bio_ex(): Fix handling of RSA/DSA/EC private key
321ac1f297 PEM_X509_INFO_read,{_bio}_ex(): Complete documentation in PEM_X509_INFO_read_bio_ex.pod
987a66a6fc apps: fix Camellia CBC performance loop
2f8fca79a1 Prepare for 3.0 alpha 15
f510d614a7 Prepare for release of 3.0 alpha 14
3c2bdd7df9 Update copyright year
71a05dcd33 Remove a TODO in EVP_set_default_properties
906bced110 Update the algorithm fetching documentation links
4adfbe4c92 Update provider.pod
7008df2ba5 Add additional glossary entries
0666d5318e Expand the libcrypto documentation
27947123c9 curve448: Integrate 64-bit reference implementation
a72da9eceb Configure: Check if 128-bit integers are supported by compiler
f684a2d783 curve448: Use constant time zero check function
ceaa6b319e Add a constant time zero check function for 64-bit integers
eb7bcff67c curve448: Remove the unrolled loop version
eacc18069b curve448: Use NLIMBS where appropriate to simplify the code
70fd511026 curve448: Modernise reference 64-bit code
136f96a5d7 curve448: Rename arch_ref64 to arch_64
927e704e8c Partially Revert &quot;Remove curve448 architecture specific files&quot;
0f4286c78a curve448: Use relative includes to avoid explicit dependencies
5de32f22e7 Use numbers definition of int128_t and uint128_t
bbed0d1cbd numbers: Define 128-bit integers if compiler supports
b7dedba8b1 test: add extra secure memory test case.
b6b55ad91a param_build: check for the usage of secure memory better.
bf477a40d7 Revert &quot;Fix AES-CBC perf test failure issue&quot;
4b1f34f11f property: lock the lib ctx when updating the property definition cache
a135dea4e0 test: fix problem with threads test using default library context.
860ecfd700 property: check return values from the property locking calls.
9695f6de15 apps: fix AES CBC performance loop
e6c2f96489 Fix more certificate related lib_ctx settings.
09fba0b440 fix coverity 1466710: resource leak
fd0a9ff7ef dh: fix coverity 1473238: argument cannot be negative
c12bf35026 evp: fix coverity 1473631: argument cannot be negative
3bbc7b562a evp: fix coverity 1451509: argument cannot be negative
48b05bb617 evp: fix coverity 1451510: argument cannot be negative
1002bb9ff0 evp: fix coverity 1472682: argument cannot be negative
89f7ea045b test: fix coverity 1473234 &amp; 1473239: argument cannot be negative

Build log ended with (last 100 lines):

        # ERROR: (bool) 'create_ssl_connection(serverssl, clientssl, SSL_ERROR_NONE) == true' failed @ ../openssl/test/sslapitest.c:6637
        # false
        # OPENSSL_TEST_RAND_ORDER=1618358346
        not ok 2 - iteration 2
# ------------------------------------------------------------------------------
    # OPENSSL_TEST_RAND_ORDER=1618358346
    not ok 56 - test_ssl_pending
# ------------------------------------------------------------------------------
../../util/wrap.pl ../../test/sslapitest ../../../openssl/test/certs ../../../openssl/test/recipes/90-test_sslapi_data/passwd.txt /tmp/9wxnwTsvA9 default ../../../openssl/test/default.cnf =&gt; 1
not ok 1 - running sslapitest
# ------------------------------------------------------------------------------
    # INFO:  @ ../openssl/test/helpers/ssltestlib.c:957
    # SSL_connect() failed -1, 1
    # 80312247517F0000:error:0A000129:SSL routines:tls_setup_handshake:no suitable digest algorithm:../openssl/ssl/statem/statem_lib.c:121:The max supported SSL/TLS version needs the MD5-SHA1 digest but it is not available in the loaded providers. Use (D)TLSv1.2 or above, or load different providers
    # INFO:  @ ../openssl/test/helpers/ssltestlib.c:975
    # SSL_accept() failed -1, 1
    # 80312247517F0000:error:0A000129:SSL routines:tls_setup_handshake:no suitable digest algorithm:../openssl/ssl/statem/statem_lib.c:121:The max supported SSL/TLS version needs the MD5-SHA1 digest but it is not available in the loaded providers. Use (D)TLSv1.2 or above, or load different providers
    # ERROR: (bool) 'create_ssl_connection(serverssl, clientssl, SSL_ERROR_NONE) == true' failed @ ../openssl/test/sslapitest.c:1004
    # false
    # OPENSSL_TEST_RAND_ORDER=1618358360
    not ok 3 - test_large_message_dtls
# ------------------------------------------------------------------------------
    # INFO:  @ ../openssl/test/helpers/ssltestlib.c:957
    # SSL_connect() failed -1, 1
    # 80312247517F0000:error:0A000129:SSL routines:tls_setup_handshake:no suitable digest algorithm:../openssl/ssl/statem/statem_lib.c:121:The max supported SSL/TLS version needs the MD5-SHA1 digest but it is not available in the loaded providers. Use (D)TLSv1.2 or above, or load different providers
    # INFO:  @ ../openssl/test/helpers/ssltestlib.c:975
    # SSL_accept() failed -1, 1
    # 80312247517F0000:error:0A000129:SSL routines:tls_setup_handshake:no suitable digest algorithm:../openssl/ssl/statem/statem_lib.c:121:The max supported SSL/TLS version needs the MD5-SHA1 digest but it is not available in the loaded providers. Use (D)TLSv1.2 or above, or load different providers
    # ERROR: (bool) 'create_ssl_connection(serverssl, clientssl, SSL_ERROR_NONE) == true' failed @ ../openssl/test/sslapitest.c:1485
    # false
    # ERROR: (bool) 'execute_cleanse_plaintext(DTLS_server_method(), DTLS_client_method(), DTLS1_VERSION, 0) == true' failed @ ../openssl/test/sslapitest.c:1563
    # false
    # OPENSSL_TEST_RAND_ORDER=1618358360
    not ok 4 - test_cleanse_plaintext
# ------------------------------------------------------------------------------
        # INFO:  @ ../openssl/test/helpers/ssltestlib.c:957
        # SSL_connect() failed -1, 1
        # 80312247517F0000:error:0A000129:SSL routines:tls_setup_handshake:no suitable digest algorithm:../openssl/ssl/statem/statem_lib.c:121:The max supported SSL/TLS version needs the MD5-SHA1 digest but it is not available in the loaded providers. Use (D)TLSv1.2 or above, or load different providers
        # INFO:  @ ../openssl/test/helpers/ssltestlib.c:975
        # SSL_accept() failed -1, 1
        # 80312247517F0000:error:0A000129:SSL routines:tls_setup_handshake:no suitable digest algorithm:../openssl/ssl/statem/statem_lib.c:121:The max supported SSL/TLS version needs the MD5-SHA1 digest but it is not available in the loaded providers. Use (D)TLSv1.2 or above, or load different providers
        # ERROR: (bool) 'create_ssl_connection(serverssl, clientssl, SSL_ERROR_NONE) == true' failed @ ../openssl/test/sslapitest.c:6637
        # false
        # OPENSSL_TEST_RAND_ORDER=1618358360
        not ok 2 - iteration 2
# ------------------------------------------------------------------------------
    # OPENSSL_TEST_RAND_ORDER=1618358360
    not ok 56 - test_ssl_pending
# ------------------------------------------------------------------------------
../../util/wrap.pl ../../test/sslapitest ../../../openssl/test/certs ../../../openssl/test/recipes/90-test_sslapi_data/passwd.txt /tmp/9wxnwTsvA9 fips ../../../openssl/test/fips-and-base.cnf =&gt; 1
not ok 2 - running sslapitest
# ------------------------------------------------------------------------------
#   Failed test 'running sslapitest'
#   at ../openssl/test/recipes/90-test_sslapi.t line 38.
# Looks like you failed 2 tests of 2.90-test_sslapi.t ................... 
Dubious, test returned 2 (wstat 512, 0x200)
Failed 2/2 subtests 
90-test_sslbuffers.t ............... ok
90-test_store.t .................... ok
90-test_sysdefault.t ............... ok
90-test_threads.t .................. ok
90-test_time_offset.t .............. ok
90-test_tls13ccs.t ................. ok
90-test_tls13encryption.t .......... ok
90-test_tls13secrets.t ............. ok
90-test_v3name.t ................... ok
91-test_pkey_check.t ............... ok
95-test_external_gost_engine.t ..... skipped: No external tests in this configuration
95-test_external_krb5.t ............ skipped: No external tests in this configuration
95-test_external_pyca.t ............ skipped: No external tests in this configuration
99-test_ecstress.t ................. ok
99-test_fuzz_asn1.t ................ ok
99-test_fuzz_asn1parse.t ........... ok
99-test_fuzz_bignum.t .............. ok
99-test_fuzz_bndiv.t ............... ok
99-test_fuzz_client.t .............. ok
99-test_fuzz_cmp.t ................. ok
99-test_fuzz_cms.t ................. ok
99-test_fuzz_conf.t ................ ok
99-test_fuzz_crl.t ................. ok
99-test_fuzz_ct.t .................. ok
99-test_fuzz_server.t .............. ok
99-test_fuzz_x509.t ................ ok

Test Summary Report
-------------------
80-test_dtls.t                   (Wstat: 256 Tests: 1 Failed: 1)
  Failed test:  1
  Non-zero exit status: 1
80-test_ssl_new.t                (Wstat: 768 Tests: 30 Failed: 3)
  Failed tests:  7, 16, 18
  Non-zero exit status: 3
90-test_sslapi.t                 (Wstat: 512 Tests: 2 Failed: 2)
  Failed tests:  1-2
  Non-zero exit status: 2
Files=233, Tests=3299, 926 wallclock secs (14.66 usr  1.25 sys + 837.81 cusr 86.41 csys = 940.13 CPU)
Result: FAIL
make[1]: *** [Makefile:3287: _tests] Error 1
make[1]: Leaving directory '/home/openssl/run-checker/no-dtls1_2'
make: *** [Makefile:3284: tests] Error 2
</PRE>



















































































































































<!--endarticle-->
    <HR>
    <P><UL>
        <!--threads-->
	<LI>Previous message: <A HREF="033806.html">Still FAILED build of OpenSSL branch master with options -d --strict-warnings no-dtls1_2
</A></li>
	<LI>Next message: <A HREF="033933.html">Still FAILED build of OpenSSL branch master with options -d --strict-warnings no-dtls1_2
</A></li>
         <LI> <B>Messages sorted by:</B> 
              <a href="date.html#33855">[ date ]</a>
              <a href="thread.html#33855">[ thread ]</a>
              <a href="subject.html#33855">[ subject ]</a>
              <a href="author.html#33855">[ author ]</a>
         </LI>
       </UL>

<hr>
<a href="../../../mailman/listinfo/openssl-commits.html">More information about the openssl-commits
mailing list</a><br>
</body></html>
