<!DOCTYPE HTML PUBLIC "-//W3C//DTD HTML 4.01 Transitional//EN">
<HTML>
 <HEAD>
   <TITLE> Still FAILED build of OpenSSL branch master with options -d --strict-warnings no-sock
   </TITLE>
   <LINK REL="Index" HREF="https://mta.openssl.org/pipermail/openssl-commits/2021-April/index.html" >
   <LINK REL="made" HREF="mailto:openssl-commits%40openssl.org?Subject=Re%3A%20Still%20FAILED%20build%20of%20OpenSSL%20branch%20master%20with%20options%20-d%0A%20--strict-warnings%20no-sock&In-Reply-To=%3C1617970892.533058.404728.nullmailer%40run.openssl.org%3E">
   <META NAME="robots" CONTENT="index,nofollow">
   <style type="text/css">
       pre {
           white-space: pre-wrap;       /* css-2.1, curent FF, Opera, Safari */
           }
   </style>
   <META http-equiv="Content-Type" content="text/html; charset=us-ascii">
   <LINK REL="Previous"  HREF="033754.html">
   <LINK REL="Next"  HREF="033850.html">
 </HEAD>
 <BODY BGCOLOR="#ffffff">
   <H1>Still FAILED build of OpenSSL branch master with options -d --strict-warnings no-sock</H1>
    <B>OpenSSL run-checker</B> 
    <A HREF="mailto:openssl-commits%40openssl.org?Subject=Re%3A%20Still%20FAILED%20build%20of%20OpenSSL%20branch%20master%20with%20options%20-d%0A%20--strict-warnings%20no-sock&In-Reply-To=%3C1617970892.533058.404728.nullmailer%40run.openssl.org%3E"
       TITLE="Still FAILED build of OpenSSL branch master with options -d --strict-warnings no-sock">openssl at openssl.org
       </A><BR>
    <I>Fri Apr  9 12:21:32 UTC 2021</I>
    <P><UL>
        <LI>Previous message: <A HREF="033754.html">Still FAILED build of OpenSSL branch master with options -d --strict-warnings no-sock
</A></li>
        <LI>Next message: <A HREF="033850.html">Still FAILED build of OpenSSL branch master with options -d --strict-warnings no-sock
</A></li>
         <LI> <B>Messages sorted by:</B> 
              <a href="date.html#33802">[ date ]</a>
              <a href="thread.html#33802">[ thread ]</a>
              <a href="subject.html#33802">[ subject ]</a>
              <a href="author.html#33802">[ author ]</a>
         </LI>
       </UL>
    <HR>  
<!--beginarticle-->
<PRE>Platform and configuration command:

$ uname -a
Linux run 5.4.0-65-generic #73-Ubuntu SMP Mon Jan 18 17:25:17 UTC 2021 x86_64 x86_64 x86_64 GNU/Linux
$ CC=clang ../openssl/config -d --strict-warnings no-sock

Commit log since last time:

41385f2708 test/recipes/02-test_errstr.t: Do not test negative system error codes
014498fff9 test: fix coverity 1475940: negative return
97ef45ea13 test: fix coverity 1475941: resource leak
ccf19c23c0 Disallow ASN.1 enumerated types to be treated as strings.
44e82b813f Remove locking in CRYPTO_secure_allocated()
0bc27f7203 Make the lock in CRYPTO_secure_allocated() a read lock
bec9289143 Fix AES-CBC perf test failure issue
30573117bb Fix typo in store_meth.c
1ac64327df Remove unnecessary setting SSL_MODE_AUTO_RETRY
86522324d2 Adds a new lock to read default_path and uses a strdup() on default_path before using it Fixes #14483 Signed-off-by: Sahana Prasad &lt;<A HREF="../../../mailman/listinfo/openssl-commits.html">sahana at redhat.com</A>&gt;
581c4b1d53 Ensure that the negative flag is correct set for ASN1 integer types.
0806698047 Check for integer overflow in i2a_ASN1_OBJECT and error out if found.
493e78986f Fix potential double free in sslapitest.c
0cfbc828e0 Deprecate the EVP_PKEY controls for CMS and PKCS#7

Build log ended with (last 100 lines):

70-test_sslmessages.t .............. skipped: test_sslmessages needs the sock feature enabled
70-test_sslrecords.t ............... skipped: test_sslrecords needs the sock feature enabled
70-test_sslsessiontick.t ........... skipped: test_sslsessiontick needs the sock feature enabled
70-test_sslsigalgs.t ............... skipped: test_sslsigalgs needs the sock feature enabled
70-test_sslsignature.t ............. skipped: test_sslsignature needs the sock feature enabled
70-test_sslskewith0p.t ............. skipped: test_sslskewith0p needs the sock feature enabled
70-test_sslversions.t .............. skipped: test_sslversions needs the sock feature enabled
70-test_sslvertol.t ................ skipped: test_sslvertol needs the sock feature enabled
70-test_tls13alerts.t .............. skipped: test_tls13alerts needs the sock feature enabled
70-test_tls13cookie.t .............. skipped: test_tls13cookie needs the sock feature enabled
70-test_tls13downgrade.t ........... skipped: test_tls13downgrade needs the sock feature enabled
70-test_tls13hrr.t ................. skipped: test_tls13hrr needs the sock feature enabled
70-test_tls13kexmodes.t ............ skipped: test_tls13kexmodes needs the sock feature enabled
70-test_tls13messages.t ............ skipped: test_tls13messages needs the sock feature enabled
70-test_tls13psk.t ................. skipped: test_tls13psk needs the sock feature enabled
70-test_tlsextms.t ................. skipped: test_tlsextms needs the sock feature enabled
70-test_verify_extra.t ............. ok
70-test_wpacket.t .................. ok
71-test_ssl_ctx.t .................. ok
80-test_ca.t ....................... ok
80-test_cipherbytes.t .............. ok
80-test_cipherlist.t ............... ok
80-test_ciphername.t ............... ok

Label not found for &quot;last SKIP&quot; at /usr/share/perl/5.30/Test/More.pm line 1372.
# Looks like your test exited with 1 just after 5.80-test_cmp_http.t ................. 
Dubious, test returned 1 (wstat 256, 0x100)
All 5 subtests passed 
	(less 5 skipped subtests: 0 okay)

# 80-test_cms.t ...................... ok
80-test_cmsapi.t ................... ok
80-test_ct.t ....................... ok
80-test_dane.t ..................... ok
80-test_dtls.t ..................... skipped: No DTLS protocols are supported by this OpenSSL build
80-test_dtls_mtu.t ................. skipped: test_dtls_mtu needs DTLS and PSK support enabled
80-test_dtlsv1listen.t ............. ok
80-test_http.t ..................... ok
80-test_ocsp.t ..................... ok
80-test_pkcs12.t ................... ok
80-test_ssl_new.t .................. ok
80-test_ssl_old.t .................. ok
80-test_ssl_test_ctx.t ............. ok
80-test_sslcorrupt.t ............... ok
80-test_tsa.t ...................... ok
80-test_x509aux.t .................. ok
81-test_cmp_cli.t .................. ok
90-test_asn1_time.t ................ ok
90-test_async.t .................... ok
90-test_bio_enc.t .................. ok
90-test_bio_memleak.t .............. ok
90-test_constant_time.t ............ ok
90-test_fatalerr.t ................. ok
90-test_fipsload.t ................. ok
90-test_gmdiff.t ................... ok
90-test_gost.t ..................... ok
90-test_ige.t ...................... ok
90-test_includes.t ................. ok
90-test_memleak.t .................. ok
90-test_overhead.t ................. ok
90-test_secmem.t ................... ok
90-test_shlibload.t ................ ok
90-test_srp.t ...................... ok
90-test_sslapi.t ................... ok
90-test_sslbuffers.t ............... ok
90-test_store.t .................... ok
90-test_sysdefault.t ............... ok
90-test_threads.t .................. ok
90-test_time_offset.t .............. ok
90-test_tls13ccs.t ................. ok
90-test_tls13encryption.t .......... ok
90-test_tls13secrets.t ............. ok
90-test_v3name.t ................... ok
91-test_pkey_check.t ............... ok
95-test_external_gost_engine.t ..... skipped: No external tests in this configuration
95-test_external_krb5.t ............ skipped: No external tests in this configuration
95-test_external_pyca.t ............ skipped: No external tests in this configuration
99-test_ecstress.t ................. ok
99-test_fuzz_asn1.t ................ ok
99-test_fuzz_asn1parse.t ........... ok
99-test_fuzz_bignum.t .............. ok
99-test_fuzz_bndiv.t ............... ok
99-test_fuzz_client.t .............. ok
99-test_fuzz_cmp.t ................. ok
99-test_fuzz_cms.t ................. ok
99-test_fuzz_conf.t ................ ok
99-test_fuzz_crl.t ................. ok
99-test_fuzz_ct.t .................. ok
99-test_fuzz_server.t .............. ok
99-test_fuzz_x509.t ................ ok

Test Summary Report
-------------------
80-test_cmp_http.t               (Wstat: 256 Tests: 5 Failed: 0)
  Non-zero exit status: 1
Files=233, Tests=3101, 804 wallclock secs (10.63 usr  1.21 sys + 738.19 cusr 74.46 csys = 824.49 CPU)
Result: FAIL
make[1]: *** [Makefile:3286: _tests] Error 1
make[1]: Leaving directory '/home/openssl/run-checker/no-sock'
make: *** [Makefile:3283: tests] Error 2
</PRE>



































































































































































<!--endarticle-->
    <HR>
    <P><UL>
        <!--threads-->
	<LI>Previous message: <A HREF="033754.html">Still FAILED build of OpenSSL branch master with options -d --strict-warnings no-sock
</A></li>
	<LI>Next message: <A HREF="033850.html">Still FAILED build of OpenSSL branch master with options -d --strict-warnings no-sock
</A></li>
         <LI> <B>Messages sorted by:</B> 
              <a href="date.html#33802">[ date ]</a>
              <a href="thread.html#33802">[ thread ]</a>
              <a href="subject.html#33802">[ subject ]</a>
              <a href="author.html#33802">[ author ]</a>
         </LI>
       </UL>

<hr>
<a href="../../../mailman/listinfo/openssl-commits.html">More information about the openssl-commits
mailing list</a><br>
</body></html>
