<!DOCTYPE HTML PUBLIC "-//W3C//DTD HTML 4.01 Transitional//EN">
<HTML>
 <HEAD>
   <TITLE> Still FAILED build of OpenSSL branch master with options -d --strict-warnings no-tls1_2-method
   </TITLE>
   <LINK REL="Index" HREF="https://mta.openssl.org/pipermail/openssl-commits/2021-April/index.html" >
   <LINK REL="made" HREF="mailto:openssl-commits%40openssl.org?Subject=Re%3A%20Still%20FAILED%20build%20of%20OpenSSL%20branch%20master%20with%20options%20-d%0A%20--strict-warnings%20no-tls1_2-method&In-Reply-To=%3C1619243621.357380.79323.nullmailer%40run.openssl.org%3E">
   <META NAME="robots" CONTENT="index,nofollow">
   <style type="text/css">
       pre {
           white-space: pre-wrap;       /* css-2.1, curent FF, Opera, Safari */
           }
   </style>
   <META http-equiv="Content-Type" content="text/html; charset=us-ascii">
   <LINK REL="Previous"  HREF="033935.html">
   <LINK REL="Next"  HREF="033738.html">
 </HEAD>
 <BODY BGCOLOR="#ffffff">
   <H1>Still FAILED build of OpenSSL branch master with options -d --strict-warnings no-tls1_2-method</H1>
    <B>OpenSSL run-checker</B> 
    <A HREF="mailto:openssl-commits%40openssl.org?Subject=Re%3A%20Still%20FAILED%20build%20of%20OpenSSL%20branch%20master%20with%20options%20-d%0A%20--strict-warnings%20no-tls1_2-method&In-Reply-To=%3C1619243621.357380.79323.nullmailer%40run.openssl.org%3E"
       TITLE="Still FAILED build of OpenSSL branch master with options -d --strict-warnings no-tls1_2-method">openssl at openssl.org
       </A><BR>
    <I>Sat Apr 24 05:53:41 UTC 2021</I>
    <P><UL>
        <LI>Previous message: <A HREF="033935.html">Still FAILED build of OpenSSL branch master with options -d --strict-warnings no-tls1_2-method
</A></li>
        <LI>Next message: <A HREF="033738.html">Still FAILED build of OpenSSL branch master with options -d --strict-warnings no-dtls1_2-method
</A></li>
         <LI> <B>Messages sorted by:</B> 
              <a href="date.html#33998">[ date ]</a>
              <a href="thread.html#33998">[ thread ]</a>
              <a href="subject.html#33998">[ subject ]</a>
              <a href="author.html#33998">[ author ]</a>
         </LI>
       </UL>
    <HR>  
<!--beginarticle-->
<PRE>Platform and configuration command:

$ uname -a
Linux run 5.4.0-70-generic #78-Ubuntu SMP Fri Mar 19 13:29:52 UTC 2021 x86_64 x86_64 x86_64 GNU/Linux
$ CC=clang ../openssl/config -d --strict-warnings no-tls1_2-method

Commit log since last time:

3e73111d13 ASN.1: Add some sanity checks for input len &lt;= 0; related coding improvements
db76a35e26 tasn_dec.c: Add checks for it == NULL arguments; improve coding style
c0e724fcbe DOC: Clarify EVP_MAC_init() params vs. EVP_MAC_CTX_set_params()
5c42f7aa64 Use build.info not file-wide ifndef
1fbf7079e7 STORE: Discard the error report filter in crypto/store/store_result.c
7aef200089 TEST: Adapt the EVP test
9cc97ddf3c Adapt our decoder implementations to the new way to indicate succes / failure
f99659535d ENCODER &amp; DECODER: Allow decoder implementations to specify &quot;carry on&quot;
a2502862f6 Fix memory leak in X509_REQ
4e030ed45d apps/cmp.c: Fix double free on OSSL_CMP_CTX_set1_p10CSR() failure
2ec6491669 asn1: fix indentation
c4685815bf dsa: remove unused macro
42e7d043f0 srp: remove references to EVP_sha1()
3f700d4b95 pem: remove references to EVP_sha1()
e27fea4640 ocsp: remove references to EVP_sha1()
27344bb82a cms: remove most references to EVP_sha1()
192d500878 x509: remove most references to EVP_sha1()
6bcbc36985 test: fix double free problems.
efe8d69daa engine: fix double free on error path.
db78c84eb2 ts: fix double free on error path.
b06450bcf7 srp: fix double free,
4ecb19d109 params_dup: fix off by one error that allows array overreach.
1c0eede982 Improve ossl_cmp_build_cert_chain(); publish it as X509_build_chain()
a78c7c0bfe Flip ordering back
99adfa455c Fetch before get-by-name
606a417fb2 Fetch and free cipher and md's
c39352e4e4 Fix compile errors on s390.
72f649e061 Remove extra trailing semicolon
cd0aca5320 Update krb5 module to latest release
16b8862d80 PKCS12 etc.: Add hints on using -legacy and -provider-path options
ee203a87ff Add a test for OSSL_LIB_CTX_set0_default
978e323a4d Add the function OSSL_LIB_CTX_get0_global_default()
92b20fb8f7 Change the semantics of OSSL_LIB_CTX_set0_default() NULL handling
145a4c871d Remove a TODO(3.0) from keymgmt_lib.c
21d1994faf Don't worry about magic in the Makefile for 3.0
57e7401fc5 Fix some TODO(3.0) occurrences in ssl/t1_lib.c
b247113c05 Detect low-level engine and app method based keys
5ae52001e1 Remove crypt32.lib from C++Builder configuration
daf98015aa Link with uplink module
491a1e3363 Link with .def files
16f2a44435 Generate dependency information
96d4ec6724 Avoid more MSVC-specific C runtime library functions
6afb36342d Build resource files
5fee3fe276 Support DLL builds + Fix C RTL variants
c4f4cb14e3 Ensure cw32mt.lib and import32.lib are linked to in no-sock mode
55aa235e85 Document C++Builder usage in NOTES-WINDOWS.md
d5a6b54b49 Replace &quot;ld_wildcard_args&quot; with &quot;bin_lflags&quot;
847f41d97c Add explanation + bugtracker link for quoted dependency workarounds
583a9f1f6b Use cmd.exe to export env vars before commands
f1ee757daa Resurrect and modernize C++Builder config
a8368d573e Avoid redirection to quoted filename
a75a87561b Generalize link rule in windows-makefile.tmpl
830cd025b1 Ensure at least one command if no dependencies
8557bdde48 Avoid quoting dependency filepaths in build tree
e15eff3aaa Generalize delimiter in archiver response file
118faf5ffe Avoid space between &quot;-I&quot; and include directory
23f3242ffe Move VS Tools configuration to VC-common target
1bb381227b Avoid &quot;&amp;&amp;&quot; in windows-makefile.tmpl
a4afa6c1d0 Add test for the IV handling of DES based ciphers
d6c6f6c51d Do IV reset also for DES and 3DES implementations
ae6f65ae08 Change the default MANSUFFIX
185e1aa226 Add DHX FIPS 186-4 domain parameter validation example

Build log ended with (last 100 lines):

	(less 4 skipped subtests: 2 okay)
70-test_sslmessages.t .............. skipped: test_sslmessages needs TLS enabled
70-test_sslrecords.t ............... skipped: test_sslrecords needs TLSv1.2 enabled
70-test_sslsessiontick.t ........... skipped: test_sslsessiontick needs SSLv3, TLSv1, TLSv1.1 or TLSv1.2 enabled
70-test_sslsigalgs.t ............... ok
70-test_sslsignature.t ............. ok
70-test_sslskewith0p.t ............. ok
70-test_sslversions.t .............. skipped: test_sslversions needs TLS1.3, TLS1.2 and TLS1.1 enabled
70-test_sslvertol.t ................ ok
70-test_tls13alerts.t .............. ok
70-test_tls13cookie.t .............. ok
70-test_tls13downgrade.t ........... skipped: test_tls13downgrade needs TLS1.3 and TLS1.2 enabled
70-test_tls13hrr.t ................. ok
70-test_tls13kexmodes.t ............ ok
70-test_tls13messages.t ............ ok
70-test_tls13psk.t ................. ok
70-test_tlsextms.t ................. skipped: test_tlsextms needs TLSv1.0, TLSv1.1 or TLSv1.2 enabled
70-test_verify_extra.t ............. ok
70-test_wpacket.t .................. ok
71-test_ssl_ctx.t .................. ok
80-test_ca.t ....................... ok
80-test_cipherbytes.t .............. ok
80-test_cipherlist.t ............... ok
80-test_ciphername.t ............... ok

# 
Killing mock server with pid=7037680-test_cmp_http.t ................. ok

# 80-test_cms.t ...................... ok
80-test_cmsapi.t ................... ok
80-test_ct.t ....................... ok
80-test_dane.t ..................... ok
80-test_dtls.t ..................... ok
80-test_dtls_mtu.t ................. ok
80-test_dtlsv1listen.t ............. ok
80-test_http.t ..................... ok
80-test_ocsp.t ..................... ok
80-test_pkcs12.t ................... ok
80-test_ssl_new.t .................. ok
80-test_ssl_old.t .................. ok
80-test_ssl_test_ctx.t ............. ok
80-test_sslcorrupt.t ............... ok
80-test_tsa.t ...................... ok
80-test_x509aux.t .................. ok
81-test_cmp_cli.t .................. ok
90-test_asn1_time.t ................ ok
90-test_async.t .................... ok
90-test_bio_enc.t .................. ok
90-test_bio_memleak.t .............. ok
90-test_constant_time.t ............ ok
90-test_fatalerr.t ................. ok
90-test_fipsload.t ................. ok
90-test_gmdiff.t ................... ok
90-test_gost.t ..................... skipped: TLSv1.3 or TLSv1.2 are disabled in this OpenSSL build
90-test_ige.t ...................... ok
90-test_includes.t ................. ok
90-test_memleak.t .................. ok
90-test_overhead.t ................. ok
90-test_secmem.t ................... ok
90-test_shlibload.t ................ ok
90-test_srp.t ...................... ok
90-test_sslapi.t ................... ok
90-test_sslbuffers.t ............... ok
90-test_store.t .................... ok
90-test_sysdefault.t ............... skipped: test_sysdefault is not supported in this build
90-test_threads.t .................. ok
90-test_time_offset.t .............. ok
90-test_tls13ccs.t ................. ok
90-test_tls13encryption.t .......... ok
90-test_tls13secrets.t ............. ok
90-test_v3name.t ................... ok
91-test_pkey_check.t ............... ok
95-test_external_gost_engine.t ..... skipped: No external tests in this configuration
95-test_external_krb5.t ............ skipped: No external tests in this configuration
95-test_external_pyca.t ............ skipped: No external tests in this configuration
99-test_ecstress.t ................. ok
99-test_fuzz_asn1.t ................ ok
99-test_fuzz_asn1parse.t ........... ok
99-test_fuzz_bignum.t .............. ok
99-test_fuzz_bndiv.t ............... ok
99-test_fuzz_client.t .............. ok
99-test_fuzz_cmp.t ................. ok
99-test_fuzz_cms.t ................. ok
99-test_fuzz_conf.t ................ ok
99-test_fuzz_crl.t ................. ok
99-test_fuzz_ct.t .................. ok
99-test_fuzz_server.t .............. ok
99-test_fuzz_x509.t ................ ok

Test Summary Report
-------------------
70-test_sslextension.t           (Wstat: 256 Tests: 7 Failed: 1)
  Failed test:  2
  Non-zero exit status: 1
  Parse errors: Bad plan.  You planned 8 tests but ran 7.
Files=233, Tests=3216, 994 wallclock secs (71.23 usr  1.55 sys + 862.41 cusr 83.11 csys = 1018.30 CPU)
Result: FAIL
make[1]: *** [Makefile:3287: _tests] Error 1
make[1]: Leaving directory '/home/openssl/run-checker/no-tls1_2-method'
make: *** [Makefile:3284: tests] Error 2
</PRE>












































<!--endarticle-->
    <HR>
    <P><UL>
        <!--threads-->
	<LI>Previous message: <A HREF="033935.html">Still FAILED build of OpenSSL branch master with options -d --strict-warnings no-tls1_2-method
</A></li>
	<LI>Next message: <A HREF="033738.html">Still FAILED build of OpenSSL branch master with options -d --strict-warnings no-dtls1_2-method
</A></li>
         <LI> <B>Messages sorted by:</B> 
              <a href="date.html#33998">[ date ]</a>
              <a href="thread.html#33998">[ thread ]</a>
              <a href="subject.html#33998">[ subject ]</a>
              <a href="author.html#33998">[ author ]</a>
         </LI>
       </UL>

<hr>
<a href="../../../mailman/listinfo/openssl-commits.html">More information about the openssl-commits
mailing list</a><br>
</body></html>
