<!DOCTYPE HTML PUBLIC "-//W3C//DTD HTML 4.01 Transitional//EN">
<HTML>
 <HEAD>
   <TITLE> [openssl-commits] Still FAILED build of OpenSSL branch master with	options -d --strict-warnings no-chacha
   </TITLE>
   <LINK REL="Index" HREF="https://mta.openssl.org/pipermail/openssl-commits/2017-December/index.html" >
   <LINK REL="made" HREF="mailto:openssl-commits%40openssl.org?Subject=Re%3A%20%5Bopenssl-commits%5D%20Still%20FAILED%20build%20of%20OpenSSL%20branch%20master%20with%0A%09options%20-d%20--strict-warnings%20no-chacha&In-Reply-To=%3C1512951686.351218.12576.nullmailer%40run.openssl.org%3E">
   <META NAME="robots" CONTENT="index,nofollow">
   <style type="text/css">
       pre {
           white-space: pre-wrap;       /* css-2.1, curent FF, Opera, Safari */
           }
   </style>
   <META http-equiv="Content-Type" content="text/html; charset=us-ascii">
   <LINK REL="Previous"  HREF="017102.html">
   <LINK REL="Next"  HREF="017104.html">
 </HEAD>
 <BODY BGCOLOR="#ffffff">
   <H1>[openssl-commits] Still FAILED build of OpenSSL branch master with	options -d --strict-warnings no-chacha</H1>
    <B>OpenSSL run-checker</B> 
    <A HREF="mailto:openssl-commits%40openssl.org?Subject=Re%3A%20%5Bopenssl-commits%5D%20Still%20FAILED%20build%20of%20OpenSSL%20branch%20master%20with%0A%09options%20-d%20--strict-warnings%20no-chacha&In-Reply-To=%3C1512951686.351218.12576.nullmailer%40run.openssl.org%3E"
       TITLE="[openssl-commits] Still FAILED build of OpenSSL branch master with	options -d --strict-warnings no-chacha">openssl at openssl.org
       </A><BR>
    <I>Mon Dec 11 00:21:26 UTC 2017</I>
    <P><UL>
        <LI>Previous message: <A HREF="017102.html">[openssl-commits] Still FAILED build of OpenSSL branch master with	options -d --strict-warnings no-chacha
</A></li>
        <LI>Next message: <A HREF="017104.html">[openssl-commits] Still FAILED build of OpenSSL branch master with	options -d --strict-warnings no-ec
</A></li>
         <LI> <B>Messages sorted by:</B> 
              <a href="date.html#17162">[ date ]</a>
              <a href="thread.html#17162">[ thread ]</a>
              <a href="subject.html#17162">[ subject ]</a>
              <a href="author.html#17162">[ author ]</a>
         </LI>
       </UL>
    <HR>  
<!--beginarticle-->
<PRE>Platform and configuration command:

$ uname -a
Linux run 4.4.0-96-generic #119-Ubuntu SMP Tue Sep 12 14:59:54 UTC 2017 x86_64 x86_64 x86_64 GNU/Linux
$ CC=clang ../openssl/config -d --strict-warnings no-chacha

Commit log since last time:

f5fea66 Fix ssl_test_new with no-tls1_2
df36429 Useless conf != NULL test
397e23f apps/speed.c: initialize buffers
6b1fe3d apps/speed.c: generate evp_cipher keys implicitly
5c5eb28 doc/man3/EVP_EncryptInit.pod: add EVP_CIPHER_CTX_rand_key
27ab919 Make BIO_METHOD struct definitions consistent
6aff543 Correct minor typo in ssl_locl.h comment
921d84a Convert the remaining functions in the record layer to use SSLfatal()
5591a61 Convert dlts1_write_bytes() to use SSLfatal()
c285338 More record layer conversions to use SSLfatal()
99dd374 Convert ssl3_read_bytes() to use SSLfatal()
196f2cb Update ssl3_get_record() to use SSLfatal()
a0fda2c Address some code-analysis issues.
cef115f Fix an incoherent test.
5f21b44 Fix test_tls13messages with no-ocsp
cb09129 Wrap more of ocspapitest.c in OPENSSL_NO_OCSP
88e09fe Fix coverity nit in handshake_helper.c
b6306d8 Fix coverity-reported errors in ocspapitest
0488c0b In apps_startup(), call OPENSSL_init_ssl() rather than OPENSSL_init_crypto()
0a90a68 In OPENSSL_init_ssl(), run the base ssl init before OPENSSL_init_crypto()
a147158 Add missing range checks on number of multi primes in rsa_ossl_mod_exp
8a8bc66 Fix no-ec
cded951 chacha/asm/chacha-x86_64.pl: add AVX512VL code path.
7933762 crypto/x86_64cpuid.pl: suppress AVX512F flag on Skylake-X.
05de3a5 Leave a message in doc to indicate 0 is not acceptable
b1c05a5 Fix some issues in apps/req
d68a0ea Remove unicode characters from source
f113884 putting the missing static
7e8a5e3 make get_cipher_handle static
a3d7fd2 fix  --strict-warnings
49ea0f0 extending afalg with aes-cbc-192/256, afalgtest.c also updated accordingly. comments from matt, Stephen considered
cbe2964 Consistent formatting for sizeof(foo)
e7a2066 Document how the configuration option 'reconf' works
99aeeec Configure: die if there are other arguments with 'reconf'
a064c61 Make sure ./config passes options to ./Configure correctly
17f1661 Have all relevant config targets use the env() function rather than $ENV
1786733 Document the possibility for command line argument env assignments
89bea08 Make it possible to add env var assignments as Configure options
7ecdf18 Save away the environment variables we rely on

Build log ended with (last 100 lines):

../../openssl/test/recipes/25-test_x509.t ..................... ok
../../openssl/test/recipes/30-test_afalg.t .................... ok
../../openssl/test/recipes/30-test_engine.t ................... ok
../../openssl/test/recipes/30-test_evp.t ...................... ok
../../openssl/test/recipes/30-test_evp_extra.t ................ ok
../../openssl/test/recipes/30-test_pbelu.t .................... ok
../../openssl/test/recipes/30-test_pkey_meth.t ................ ok
../../openssl/test/recipes/30-test_pkey_meth_kdf.t ............ ok
../../openssl/test/recipes/40-test_rehash.t ................... ok
../../openssl/test/recipes/60-test_x509_check_cert_pkey.t ..... ok
../../openssl/test/recipes/60-test_x509_dup_cert.t ............ ok
../../openssl/test/recipes/60-test_x509_store.t ............... ok
../../openssl/test/recipes/60-test_x509_time.t ................ ok
../../openssl/test/recipes/70-test_asyncio.t .................. ok
../../openssl/test/recipes/70-test_bad_dtls.t ................. ok
../../openssl/test/recipes/70-test_clienthello.t .............. ok
../../openssl/test/recipes/70-test_comp.t ..................... ok
../../openssl/test/recipes/70-test_key_share.t ................ skipped: test_key_share needs TLS1.3 enabled
../../openssl/test/recipes/70-test_packet.t ................... ok
../../openssl/test/recipes/70-test_recordlen.t ................ ok
../../openssl/test/recipes/70-test_renegotiation.t ............ ok
../../openssl/test/recipes/70-test_servername.t ............... ok
../../openssl/test/recipes/70-test_sslcbcpadding.t ............ ok
../../openssl/test/recipes/70-test_sslcertstatus.t ............ ok
../../openssl/test/recipes/70-test_sslextension.t ............. ok
../../openssl/test/recipes/70-test_sslmessages.t .............. ok
../../openssl/test/recipes/70-test_sslrecords.t ............... ok
../../openssl/test/recipes/70-test_sslsessiontick.t ........... ok
../../openssl/test/recipes/70-test_sslsigalgs.t ............... ok
../../openssl/test/recipes/70-test_sslsignature.t ............. ok
../../openssl/test/recipes/70-test_sslskewith0p.t ............. ok
../../openssl/test/recipes/70-test_sslversions.t .............. skipped: test_sslversions needs TLS1.3, TLS1.2 and TLS1.1 enabled
../../openssl/test/recipes/70-test_sslvertol.t ................ ok
../../openssl/test/recipes/70-test_tls13cookie.t .............. skipped: test_tls13cookie needs TLS1.3 enabled
../../openssl/test/recipes/70-test_tls13downgrade.t ........... skipped: test_tls13downgrade needs TLS1.3 and TLS1.2 enabled
../../openssl/test/recipes/70-test_tls13hrr.t ................. skipped: test_tls13hrr needs TLS1.3 enabled
../../openssl/test/recipes/70-test_tls13kexmodes.t ............ skipped: test_tls13kexmodes needs TLSv1.3 enabled
../../openssl/test/recipes/70-test_tls13messages.t ............ skipped: test_tls13messages needs TLSv1.3 enabled
../../openssl/test/recipes/70-test_tls13psk.t ................. skipped: test_tls13psk needs TLSv1.3 enabled
../../openssl/test/recipes/70-test_tlsextms.t ................. ok
../../openssl/test/recipes/70-test_verify_extra.t ............. ok
../../openssl/test/recipes/70-test_wpacket.t .................. ok
../../openssl/test/recipes/80-test_ca.t ....................... ok
../../openssl/test/recipes/80-test_cipherbytes.t .............. ok
../../openssl/test/recipes/80-test_cipherlist.t ............... ok
../../openssl/test/recipes/80-test_ciphername.t ............... ok
../../openssl/test/recipes/80-test_cms.t ...................... ok
../../openssl/test/recipes/80-test_ct.t ....................... ok
../../openssl/test/recipes/80-test_dane.t ..................... ok
../../openssl/test/recipes/80-test_dtls.t ..................... ok
../../openssl/test/recipes/80-test_dtls_mtu.t ................. ok
../../openssl/test/recipes/80-test_dtlsv1listen.t ............. ok
../../openssl/test/recipes/80-test_ocsp.t ..................... ok
../../openssl/test/recipes/80-test_pkcs12.t ................... ok
../../openssl/test/recipes/80-test_ssl_new.t .................. 
Dubious, test returned 1 (wstat 256, 0x100)
Failed 1/25 subtests 
../../openssl/test/recipes/80-test_ssl_old.t .................. ok
../../openssl/test/recipes/80-test_ssl_test_ctx.t ............. ok
../../openssl/test/recipes/80-test_sslcorrupt.t ............... ok
../../openssl/test/recipes/80-test_tsa.t ...................... ok
../../openssl/test/recipes/80-test_x509aux.t .................. ok
../../openssl/test/recipes/90-test_asn1_time.t ................ ok
../../openssl/test/recipes/90-test_async.t .................... ok
../../openssl/test/recipes/90-test_bio_enc.t .................. ok
../../openssl/test/recipes/90-test_constant_time.t ............ ok
../../openssl/test/recipes/90-test_fatalerr.t ................. ok
../../openssl/test/recipes/90-test_gmdiff.t ................... ok
../../openssl/test/recipes/90-test_ige.t ...................... ok
../../openssl/test/recipes/90-test_memleak.t .................. ok
../../openssl/test/recipes/90-test_overhead.t ................. skipped: Only supported in no-shared builds
../../openssl/test/recipes/90-test_secmem.t ................... ok
../../openssl/test/recipes/90-test_shlibload.t ................ ok
../../openssl/test/recipes/90-test_srp.t ...................... ok
../../openssl/test/recipes/90-test_sslapi.t ................... ok
../../openssl/test/recipes/90-test_sslbuffers.t ............... ok
../../openssl/test/recipes/90-test_store.t .................... ok
../../openssl/test/recipes/90-test_threads.t .................. ok
../../openssl/test/recipes/90-test_time_offset.t .............. ok
../../openssl/test/recipes/90-test_tls13encryption.t .......... skipped: tls13encryption is not supported in this build
../../openssl/test/recipes/90-test_tls13secrets.t ............. skipped: tls13secrets is not supported in this build
../../openssl/test/recipes/90-test_v3name.t ................... ok
../../openssl/test/recipes/95-test_external_boringssl.t ....... skipped: No external tests in this configuration
../../openssl/test/recipes/95-test_external_krb5.t ............ skipped: No external tests in this configuration
../../openssl/test/recipes/95-test_external_pyca.t ............ skipped: No external tests in this configuration
../../openssl/test/recipes/99-test_ecstress.t ................. ok
../../openssl/test/recipes/99-test_fuzz.t ..................... ok

Test Summary Report
-------------------
../../openssl/test/recipes/80-test_ssl_new.t                (Wstat: 256 Tests: 25 Failed: 1)
  Failed test:  25
  Non-zero exit status: 1
Files=139, Tests=1171, 417 wallclock secs ( 3.02 usr  0.45 sys + 191.89 cusr 31.97 csys = 227.33 CPU)
Result: FAIL
Makefile:167: recipe for target '_tests' failed
make[1]: *** [_tests] Error 1
make[1]: Leaving directory '/home/openssl/run-checker/no-chacha'
Makefile:165: recipe for target 'tests' failed
make: *** [tests] Error 2
</PRE>




































































































<!--endarticle-->
    <HR>
    <P><UL>
        <!--threads-->
	<LI>Previous message: <A HREF="017102.html">[openssl-commits] Still FAILED build of OpenSSL branch master with	options -d --strict-warnings no-chacha
</A></li>
	<LI>Next message: <A HREF="017104.html">[openssl-commits] Still FAILED build of OpenSSL branch master with	options -d --strict-warnings no-ec
</A></li>
         <LI> <B>Messages sorted by:</B> 
              <a href="date.html#17162">[ date ]</a>
              <a href="thread.html#17162">[ thread ]</a>
              <a href="subject.html#17162">[ subject ]</a>
              <a href="author.html#17162">[ author ]</a>
         </LI>
       </UL>

<hr>
<a href="../../../mailman/listinfo/openssl-commits.html">More information about the openssl-commits
mailing list</a><br>
</body></html>
