<!DOCTYPE HTML PUBLIC "-//W3C//DTD HTML 4.01 Transitional//EN">
<HTML>
 <HEAD>
   <TITLE> [openssl-commits] Still FAILED build of OpenSSL branch master with	options -d --strict-warnings no-poly1305
   </TITLE>
   <LINK REL="Index" HREF="https://mta.openssl.org/pipermail/openssl-commits/2017-December/index.html" >
   <LINK REL="made" HREF="mailto:openssl-commits%40openssl.org?Subject=Re%3A%20%5Bopenssl-commits%5D%20Still%20FAILED%20build%20of%20OpenSSL%20branch%20master%20with%0A%09options%20-d%20--strict-warnings%20no-poly1305&In-Reply-To=%3C1512725963.062684.30746.nullmailer%40run.openssl.org%3E">
   <META NAME="robots" CONTENT="index,nofollow">
   <style type="text/css">
       pre {
           white-space: pre-wrap;       /* css-2.1, curent FF, Opera, Safari */
           }
   </style>
   <META http-equiv="Content-Type" content="text/html; charset=us-ascii">
   <LINK REL="Previous"  HREF="017106.html">
   <LINK REL="Next"  HREF="017173.html">
 </HEAD>
 <BODY BGCOLOR="#ffffff">
   <H1>[openssl-commits] Still FAILED build of OpenSSL branch master with	options -d --strict-warnings no-poly1305</H1>
    <B>OpenSSL run-checker</B> 
    <A HREF="mailto:openssl-commits%40openssl.org?Subject=Re%3A%20%5Bopenssl-commits%5D%20Still%20FAILED%20build%20of%20OpenSSL%20branch%20master%20with%0A%09options%20-d%20--strict-warnings%20no-poly1305&In-Reply-To=%3C1512725963.062684.30746.nullmailer%40run.openssl.org%3E"
       TITLE="[openssl-commits] Still FAILED build of OpenSSL branch master with	options -d --strict-warnings no-poly1305">openssl at openssl.org
       </A><BR>
    <I>Fri Dec  8 09:39:23 UTC 2017</I>
    <P><UL>
        <LI>Previous message: <A HREF="017106.html">[openssl-commits] Still FAILED build of OpenSSL branch master with	options -d --strict-warnings no-ocsp
</A></li>
        <LI>Next message: <A HREF="017173.html">[openssl-commits] Still FAILED build of OpenSSL branch master with	options -d --strict-warnings no-poly1305
</A></li>
         <LI> <B>Messages sorted by:</B> 
              <a href="date.html#17108">[ date ]</a>
              <a href="thread.html#17108">[ thread ]</a>
              <a href="subject.html#17108">[ subject ]</a>
              <a href="author.html#17108">[ author ]</a>
         </LI>
       </UL>
    <HR>  
<!--beginarticle-->
<PRE>Platform and configuration command:

$ uname -a
Linux run 4.4.0-96-generic #119-Ubuntu SMP Tue Sep 12 14:59:54 UTC 2017 x86_64 x86_64 x86_64 GNU/Linux
$ CC=clang ../openssl/config -d --strict-warnings no-poly1305

Commit log since last time:

e84282c Fix the buffer sizing in the fatalerrtest
f47270e Update CHANGES and NEWS for new release
97652f0 Add a test for CVE-2017-3737
77d7599 test/bntest.c: add rsaz_1024_mul_avx2 regression test.
5630661 bn/asm/rsaz-avx2.pl: fix digit correction bug in rsaz_1024_mul_avx2.

Build log ended with (last 100 lines):

../../openssl/test/recipes/25-test_x509.t ..................... ok
../../openssl/test/recipes/30-test_afalg.t .................... ok
../../openssl/test/recipes/30-test_engine.t ................... ok
../../openssl/test/recipes/30-test_evp.t ...................... ok
../../openssl/test/recipes/30-test_evp_extra.t ................ ok
../../openssl/test/recipes/30-test_pbelu.t .................... ok
../../openssl/test/recipes/30-test_pkey_meth.t ................ ok
../../openssl/test/recipes/30-test_pkey_meth_kdf.t ............ ok
../../openssl/test/recipes/40-test_rehash.t ................... ok
../../openssl/test/recipes/60-test_x509_check_cert_pkey.t ..... ok
../../openssl/test/recipes/60-test_x509_dup_cert.t ............ ok
../../openssl/test/recipes/60-test_x509_store.t ............... ok
../../openssl/test/recipes/60-test_x509_time.t ................ ok
../../openssl/test/recipes/70-test_asyncio.t .................. ok
../../openssl/test/recipes/70-test_bad_dtls.t ................. ok
../../openssl/test/recipes/70-test_clienthello.t .............. ok
../../openssl/test/recipes/70-test_comp.t ..................... ok
../../openssl/test/recipes/70-test_key_share.t ................ skipped: test_key_share needs TLS1.3 enabled
../../openssl/test/recipes/70-test_packet.t ................... ok
../../openssl/test/recipes/70-test_recordlen.t ................ ok
../../openssl/test/recipes/70-test_renegotiation.t ............ ok
../../openssl/test/recipes/70-test_servername.t ............... ok
../../openssl/test/recipes/70-test_sslcbcpadding.t ............ ok
../../openssl/test/recipes/70-test_sslcertstatus.t ............ ok
../../openssl/test/recipes/70-test_sslextension.t ............. ok
../../openssl/test/recipes/70-test_sslmessages.t .............. ok
../../openssl/test/recipes/70-test_sslrecords.t ............... ok
../../openssl/test/recipes/70-test_sslsessiontick.t ........... ok
../../openssl/test/recipes/70-test_sslsigalgs.t ............... ok
../../openssl/test/recipes/70-test_sslsignature.t ............. ok
../../openssl/test/recipes/70-test_sslskewith0p.t ............. ok
../../openssl/test/recipes/70-test_sslversions.t .............. skipped: test_sslversions needs TLS1.3, TLS1.2 and TLS1.1 enabled
../../openssl/test/recipes/70-test_sslvertol.t ................ ok
../../openssl/test/recipes/70-test_tls13cookie.t .............. skipped: test_tls13cookie needs TLS1.3 enabled
../../openssl/test/recipes/70-test_tls13downgrade.t ........... skipped: test_tls13downgrade needs TLS1.3 and TLS1.2 enabled
../../openssl/test/recipes/70-test_tls13hrr.t ................. skipped: test_tls13hrr needs TLS1.3 enabled
../../openssl/test/recipes/70-test_tls13kexmodes.t ............ skipped: test_tls13kexmodes needs TLSv1.3 enabled
../../openssl/test/recipes/70-test_tls13messages.t ............ skipped: test_tls13messages needs TLSv1.3 enabled
../../openssl/test/recipes/70-test_tls13psk.t ................. skipped: test_tls13psk needs TLSv1.3 enabled
../../openssl/test/recipes/70-test_tlsextms.t ................. ok
../../openssl/test/recipes/70-test_verify_extra.t ............. ok
../../openssl/test/recipes/70-test_wpacket.t .................. ok
../../openssl/test/recipes/80-test_ca.t ....................... ok
../../openssl/test/recipes/80-test_cipherbytes.t .............. ok
../../openssl/test/recipes/80-test_cipherlist.t ............... ok
../../openssl/test/recipes/80-test_ciphername.t ............... ok
../../openssl/test/recipes/80-test_cms.t ...................... ok
../../openssl/test/recipes/80-test_ct.t ....................... ok
../../openssl/test/recipes/80-test_dane.t ..................... ok
../../openssl/test/recipes/80-test_dtls.t ..................... ok
../../openssl/test/recipes/80-test_dtls_mtu.t ................. ok
../../openssl/test/recipes/80-test_dtlsv1listen.t ............. ok
../../openssl/test/recipes/80-test_ocsp.t ..................... ok
../../openssl/test/recipes/80-test_pkcs12.t ................... ok
../../openssl/test/recipes/80-test_ssl_new.t .................. 
Dubious, test returned 1 (wstat 256, 0x100)
Failed 1/25 subtests 
../../openssl/test/recipes/80-test_ssl_old.t .................. ok
../../openssl/test/recipes/80-test_ssl_test_ctx.t ............. ok
../../openssl/test/recipes/80-test_sslcorrupt.t ............... ok
../../openssl/test/recipes/80-test_tsa.t ...................... ok
../../openssl/test/recipes/80-test_x509aux.t .................. ok
../../openssl/test/recipes/90-test_asn1_time.t ................ ok
../../openssl/test/recipes/90-test_async.t .................... ok
../../openssl/test/recipes/90-test_bio_enc.t .................. ok
../../openssl/test/recipes/90-test_constant_time.t ............ ok
../../openssl/test/recipes/90-test_fatalerr.t ................. ok
../../openssl/test/recipes/90-test_gmdiff.t ................... ok
../../openssl/test/recipes/90-test_ige.t ...................... ok
../../openssl/test/recipes/90-test_memleak.t .................. ok
../../openssl/test/recipes/90-test_overhead.t ................. skipped: Only supported in no-shared builds
../../openssl/test/recipes/90-test_secmem.t ................... ok
../../openssl/test/recipes/90-test_shlibload.t ................ ok
../../openssl/test/recipes/90-test_srp.t ...................... ok
../../openssl/test/recipes/90-test_sslapi.t ................... ok
../../openssl/test/recipes/90-test_sslbuffers.t ............... ok
../../openssl/test/recipes/90-test_store.t .................... ok
../../openssl/test/recipes/90-test_threads.t .................. ok
../../openssl/test/recipes/90-test_time_offset.t .............. ok
../../openssl/test/recipes/90-test_tls13encryption.t .......... skipped: tls13encryption is not supported in this build
../../openssl/test/recipes/90-test_tls13secrets.t ............. skipped: tls13secrets is not supported in this build
../../openssl/test/recipes/90-test_v3name.t ................... ok
../../openssl/test/recipes/95-test_external_boringssl.t ....... skipped: No external tests in this configuration
../../openssl/test/recipes/95-test_external_krb5.t ............ skipped: No external tests in this configuration
../../openssl/test/recipes/95-test_external_pyca.t ............ skipped: No external tests in this configuration
../../openssl/test/recipes/99-test_ecstress.t ................. ok
../../openssl/test/recipes/99-test_fuzz.t ..................... ok

Test Summary Report
-------------------
../../openssl/test/recipes/80-test_ssl_new.t                (Wstat: 256 Tests: 25 Failed: 1)
  Failed test:  25
  Non-zero exit status: 1
Files=139, Tests=1172, 470 wallclock secs ( 3.31 usr  0.62 sys + 205.51 cusr 40.48 csys = 249.92 CPU)
Result: FAIL
Makefile:167: recipe for target '_tests' failed
make[1]: *** [_tests] Error 1
make[1]: Leaving directory '/home/openssl/run-checker/no-poly1305'
Makefile:165: recipe for target 'tests' failed
make: *** [tests] Error 2
</PRE>

















































































































































<!--endarticle-->
    <HR>
    <P><UL>
        <!--threads-->
	<LI>Previous message: <A HREF="017106.html">[openssl-commits] Still FAILED build of OpenSSL branch master with	options -d --strict-warnings no-ocsp
</A></li>
	<LI>Next message: <A HREF="017173.html">[openssl-commits] Still FAILED build of OpenSSL branch master with	options -d --strict-warnings no-poly1305
</A></li>
         <LI> <B>Messages sorted by:</B> 
              <a href="date.html#17108">[ date ]</a>
              <a href="thread.html#17108">[ thread ]</a>
              <a href="subject.html#17108">[ subject ]</a>
              <a href="author.html#17108">[ author ]</a>
         </LI>
       </UL>

<hr>
<a href="../../../mailman/listinfo/openssl-commits.html">More information about the openssl-commits
mailing list</a><br>
</body></html>
