<!DOCTYPE HTML PUBLIC "-//W3C//DTD HTML 4.01 Transitional//EN">
<HTML>
 <HEAD>
   <TITLE> [openssl-commits] Build failed in Jenkins: master_noec #315
   </TITLE>
   <LINK REL="Index" HREF="https://mta.openssl.org/pipermail/openssl-commits/2017-December/index.html" >
   <LINK REL="made" HREF="mailto:openssl-commits%40openssl.org?Subject=Re%3A%20%5Bopenssl-commits%5D%20Build%20failed%20in%20Jenkins%3A%20master_noec%20%23315&In-Reply-To=%3C1039887124.268.1513589441821.JavaMail.jenkins%40ip-172-31-34-99%3E">
   <META NAME="robots" CONTENT="index,nofollow">
   <style type="text/css">
       pre {
           white-space: pre-wrap;       /* css-2.1, curent FF, Opera, Safari */
           }
   </style>
   <META http-equiv="Content-Type" content="text/html; charset=us-ascii">
   <LINK REL="Previous"  HREF="017286.html">
   <LINK REL="Next"  HREF="017298.html">
 </HEAD>
 <BODY BGCOLOR="#ffffff">
   <H1>[openssl-commits] Build failed in Jenkins: master_noec #315</H1>
    <B>osslsanity at gmail.com</B> 
    <A HREF="mailto:openssl-commits%40openssl.org?Subject=Re%3A%20%5Bopenssl-commits%5D%20Build%20failed%20in%20Jenkins%3A%20master_noec%20%23315&In-Reply-To=%3C1039887124.268.1513589441821.JavaMail.jenkins%40ip-172-31-34-99%3E"
       TITLE="[openssl-commits] Build failed in Jenkins: master_noec #315">osslsanity at gmail.com
       </A><BR>
    <I>Mon Dec 18 09:30:41 UTC 2017</I>
    <P><UL>
        <LI>Previous message: <A HREF="017286.html">[openssl-commits] FAILED build of OpenSSL branch master with	options -d --strict-warnings no-rc5
</A></li>
        <LI>Next message: <A HREF="017298.html">[openssl-commits] Build failed in Jenkins: master_noec #316
</A></li>
         <LI> <B>Messages sorted by:</B> 
              <a href="date.html#17290">[ date ]</a>
              <a href="thread.html#17290">[ thread ]</a>
              <a href="subject.html#17290">[ subject ]</a>
              <a href="author.html#17290">[ author ]</a>
         </LI>
       </UL>
    <HR>  
<!--beginarticle-->
<PRE>See &lt;<A HREF="http://ec2-52-37-178-53.us-west-2.compute.amazonaws.com:8080/job/master_noec/315/display/redirect?page=changes">http://ec2-52-37-178-53.us-west-2.compute.amazonaws.com:8080/job/master_noec/315/display/redirect?page=changes</A>&gt;

Changes:

[bernd.edlinger] Remove test-runs dir, adjust .gitignore

[bernd.edlinger] Fix invalid function type casts. Rename bio_info_cb to BIO_info_cb.

[paul.dale] Add comments to NULL func ptrs in bio_method_st

[kurt] Remove spaces at end of line in ssl/statem

[Matthias.St.Pierre] Add master DRBG for reseeding

[Matthias.St.Pierre] Implement automatic reseeding of DRBG after a specified time interval

[Matthias.St.Pierre] Allocate the three shared DRBGs on the secure heap

[Matthias.St.Pierre] Make DRBG uninstantiate() and instantiate() methods inverse to each

[paul.dale] Enable the ARIA ciphers by default.

[levitte] Restore the use of LDCMD when linking applications

[levitte] VMS build.info: uppercase args to perl modules must be quoted

------------------------------------------
[...truncated 708.18 KB...]
rm -f test/test_test
${LDCMD:-gcc} -DDSO_DLFCN -DHAVE_DLFCN_H -DNDEBUG -DOPENSSL_THREADS -DOPENSSL_NO_DYNAMIC_ENGINE -DOPENSSL_PIC -DOPENSSL_IA32_SSE2 -DOPENSSL_BN_ASM_MONT -DOPENSSL_BN_ASM_MONT5 -DOPENSSL_BN_ASM_GF2m -DSHA1_ASM -DSHA256_ASM -DSHA512_ASM -DRC4_ASM -DMD5_ASM -DAES_ASM -DVPAES_ASM -DBSAES_ASM -DGHASH_ASM -DECP_NISTZ256_ASM -DPADLOCK_ASM -DPOLY1305_ASM -DOPENSSLDIR=&quot;\&quot;/usr/local/ssl\&quot;&quot; -DENGINESDIR=&quot;\&quot;/usr/local/lib/engines-1.1\&quot;&quot; -Wall -O3 -pthread -m64 -DL_ENDIAN  -Wa,--noexecstack    -o test/test_test test/test_test.o \
		  test/libtestutil.a -L. -lcrypto -ldl 
gcc  -I. -Iinclude -DDSO_DLFCN -DHAVE_DLFCN_H -DNDEBUG -DOPENSSL_THREADS -DOPENSSL_NO_DYNAMIC_ENGINE -DOPENSSL_PIC -DOPENSSL_IA32_SSE2 -DOPENSSL_BN_ASM_MONT -DOPENSSL_BN_ASM_MONT5 -DOPENSSL_BN_ASM_GF2m -DSHA1_ASM -DSHA256_ASM -DSHA512_ASM -DRC4_ASM -DMD5_ASM -DAES_ASM -DVPAES_ASM -DBSAES_ASM -DGHASH_ASM -DECP_NISTZ256_ASM -DPADLOCK_ASM -DPOLY1305_ASM -DOPENSSLDIR=&quot;\&quot;/usr/local/ssl\&quot;&quot; -DENGINESDIR=&quot;\&quot;/usr/local/lib/engines-1.1\&quot;&quot; -Wall -O3 -pthread -m64 -DL_ENDIAN  -Wa,--noexecstack -c  -MMD -MF test/threadstest.d.tmp -MT test/threadstest.o -c -o test/threadstest.o test/threadstest.c
rm -f test/threadstest
${LDCMD:-gcc} -DDSO_DLFCN -DHAVE_DLFCN_H -DNDEBUG -DOPENSSL_THREADS -DOPENSSL_NO_DYNAMIC_ENGINE -DOPENSSL_PIC -DOPENSSL_IA32_SSE2 -DOPENSSL_BN_ASM_MONT -DOPENSSL_BN_ASM_MONT5 -DOPENSSL_BN_ASM_GF2m -DSHA1_ASM -DSHA256_ASM -DSHA512_ASM -DRC4_ASM -DMD5_ASM -DAES_ASM -DVPAES_ASM -DBSAES_ASM -DGHASH_ASM -DECP_NISTZ256_ASM -DPADLOCK_ASM -DPOLY1305_ASM -DOPENSSLDIR=&quot;\&quot;/usr/local/ssl\&quot;&quot; -DENGINESDIR=&quot;\&quot;/usr/local/lib/engines-1.1\&quot;&quot; -Wall -O3 -pthread -m64 -DL_ENDIAN  -Wa,--noexecstack    -o test/threadstest test/threadstest.o \
		  test/libtestutil.a -L. -lcrypto -ldl 
gcc  -I. -Iinclude -DDSO_DLFCN -DHAVE_DLFCN_H -DNDEBUG -DOPENSSL_THREADS -DOPENSSL_NO_DYNAMIC_ENGINE -DOPENSSL_PIC -DOPENSSL_IA32_SSE2 -DOPENSSL_BN_ASM_MONT -DOPENSSL_BN_ASM_MONT5 -DOPENSSL_BN_ASM_GF2m -DSHA1_ASM -DSHA256_ASM -DSHA512_ASM -DRC4_ASM -DMD5_ASM -DAES_ASM -DVPAES_ASM -DBSAES_ASM -DGHASH_ASM -DECP_NISTZ256_ASM -DPADLOCK_ASM -DPOLY1305_ASM -DOPENSSLDIR=&quot;\&quot;/usr/local/ssl\&quot;&quot; -DENGINESDIR=&quot;\&quot;/usr/local/lib/engines-1.1\&quot;&quot; -Wall -O3 -pthread -m64 -DL_ENDIAN  -Wa,--noexecstack -c  -MMD -MF test/time_offset_test.d.tmp -MT test/time_offset_test.o -c -o test/time_offset_test.o test/time_offset_test.c
rm -f test/time_offset_test
${LDCMD:-gcc} -DDSO_DLFCN -DHAVE_DLFCN_H -DNDEBUG -DOPENSSL_THREADS -DOPENSSL_NO_DYNAMIC_ENGINE -DOPENSSL_PIC -DOPENSSL_IA32_SSE2 -DOPENSSL_BN_ASM_MONT -DOPENSSL_BN_ASM_MONT5 -DOPENSSL_BN_ASM_GF2m -DSHA1_ASM -DSHA256_ASM -DSHA512_ASM -DRC4_ASM -DMD5_ASM -DAES_ASM -DVPAES_ASM -DBSAES_ASM -DGHASH_ASM -DECP_NISTZ256_ASM -DPADLOCK_ASM -DPOLY1305_ASM -DOPENSSLDIR=&quot;\&quot;/usr/local/ssl\&quot;&quot; -DENGINESDIR=&quot;\&quot;/usr/local/lib/engines-1.1\&quot;&quot; -Wall -O3 -pthread -m64 -DL_ENDIAN  -Wa,--noexecstack    -o test/time_offset_test test/time_offset_test.o \
		  test/libtestutil.a -L. -lcrypto -ldl 
gcc  -Iinclude -DDSO_DLFCN -DHAVE_DLFCN_H -DNDEBUG -DOPENSSL_THREADS -DOPENSSL_NO_DYNAMIC_ENGINE -DOPENSSL_PIC -DOPENSSL_IA32_SSE2 -DOPENSSL_BN_ASM_MONT -DOPENSSL_BN_ASM_MONT5 -DOPENSSL_BN_ASM_GF2m -DSHA1_ASM -DSHA256_ASM -DSHA512_ASM -DRC4_ASM -DMD5_ASM -DAES_ASM -DVPAES_ASM -DBSAES_ASM -DGHASH_ASM -DECP_NISTZ256_ASM -DPADLOCK_ASM -DPOLY1305_ASM -DOPENSSLDIR=&quot;\&quot;/usr/local/ssl\&quot;&quot; -DENGINESDIR=&quot;\&quot;/usr/local/lib/engines-1.1\&quot;&quot; -Wall -O3 -pthread -m64 -DL_ENDIAN  -Wa,--noexecstack -c  -MMD -MF test/tls13ccstest.d.tmp -MT test/tls13ccstest.o -c -o test/tls13ccstest.o test/tls13ccstest.c
rm -f test/tls13ccstest
${LDCMD:-gcc} -DDSO_DLFCN -DHAVE_DLFCN_H -DNDEBUG -DOPENSSL_THREADS -DOPENSSL_NO_DYNAMIC_ENGINE -DOPENSSL_PIC -DOPENSSL_IA32_SSE2 -DOPENSSL_BN_ASM_MONT -DOPENSSL_BN_ASM_MONT5 -DOPENSSL_BN_ASM_GF2m -DSHA1_ASM -DSHA256_ASM -DSHA512_ASM -DRC4_ASM -DMD5_ASM -DAES_ASM -DVPAES_ASM -DBSAES_ASM -DGHASH_ASM -DECP_NISTZ256_ASM -DPADLOCK_ASM -DPOLY1305_ASM -DOPENSSLDIR=&quot;\&quot;/usr/local/ssl\&quot;&quot; -DENGINESDIR=&quot;\&quot;/usr/local/lib/engines-1.1\&quot;&quot; -Wall -O3 -pthread -m64 -DL_ENDIAN  -Wa,--noexecstack    -o test/tls13ccstest test/ssltestlib.o test/tls13ccstest.o \
		  -L. -lssl test/libtestutil.a -L. -lcrypto -ldl 
gcc  -I. -Iinclude -DDSO_DLFCN -DHAVE_DLFCN_H -DNDEBUG -DOPENSSL_THREADS -DOPENSSL_NO_DYNAMIC_ENGINE -DOPENSSL_PIC -DOPENSSL_IA32_SSE2 -DOPENSSL_BN_ASM_MONT -DOPENSSL_BN_ASM_MONT5 -DOPENSSL_BN_ASM_GF2m -DSHA1_ASM -DSHA256_ASM -DSHA512_ASM -DRC4_ASM -DMD5_ASM -DAES_ASM -DVPAES_ASM -DBSAES_ASM -DGHASH_ASM -DECP_NISTZ256_ASM -DPADLOCK_ASM -DPOLY1305_ASM -DOPENSSLDIR=&quot;\&quot;/usr/local/ssl\&quot;&quot; -DENGINESDIR=&quot;\&quot;/usr/local/lib/engines-1.1\&quot;&quot; -Wall -O3 -pthread -m64 -DL_ENDIAN  -Wa,--noexecstack -c  -MMD -MF test/tls13encryptiontest.d.tmp -MT test/tls13encryptiontest.o -c -o test/tls13encryptiontest.o test/tls13encryptiontest.c
rm -f test/tls13encryptiontest
${LDCMD:-gcc} -DDSO_DLFCN -DHAVE_DLFCN_H -DNDEBUG -DOPENSSL_THREADS -DOPENSSL_NO_DYNAMIC_ENGINE -DOPENSSL_PIC -DOPENSSL_IA32_SSE2 -DOPENSSL_BN_ASM_MONT -DOPENSSL_BN_ASM_MONT5 -DOPENSSL_BN_ASM_GF2m -DSHA1_ASM -DSHA256_ASM -DSHA512_ASM -DRC4_ASM -DMD5_ASM -DAES_ASM -DVPAES_ASM -DBSAES_ASM -DGHASH_ASM -DECP_NISTZ256_ASM -DPADLOCK_ASM -DPOLY1305_ASM -DOPENSSLDIR=&quot;\&quot;/usr/local/ssl\&quot;&quot; -DENGINESDIR=&quot;\&quot;/usr/local/lib/engines-1.1\&quot;&quot; -Wall -O3 -pthread -m64 -DL_ENDIAN  -Wa,--noexecstack    -o test/tls13encryptiontest test/tls13encryptiontest.o \
		  libssl.a test/libtestutil.a -L. -lcrypto -ldl 
gcc  -I. -Iinclude -Iapps -Iapps -DDSO_DLFCN -DHAVE_DLFCN_H -DNDEBUG -DOPENSSL_THREADS -DOPENSSL_NO_DYNAMIC_ENGINE -DOPENSSL_PIC -DOPENSSL_IA32_SSE2 -DOPENSSL_BN_ASM_MONT -DOPENSSL_BN_ASM_MONT5 -DOPENSSL_BN_ASM_GF2m -DSHA1_ASM -DSHA256_ASM -DSHA512_ASM -DRC4_ASM -DMD5_ASM -DAES_ASM -DVPAES_ASM -DBSAES_ASM -DGHASH_ASM -DECP_NISTZ256_ASM -DPADLOCK_ASM -DPOLY1305_ASM -DOPENSSLDIR=&quot;\&quot;/usr/local/ssl\&quot;&quot; -DENGINESDIR=&quot;\&quot;/usr/local/lib/engines-1.1\&quot;&quot; -Wall -O3 -pthread -m64 -DL_ENDIAN  -Wa,--noexecstack -c  -MMD -MF test/uitest.d.tmp -MT test/uitest.o -c -o test/uitest.o test/uitest.c
rm -f test/uitest
${LDCMD:-gcc} -DDSO_DLFCN -DHAVE_DLFCN_H -DNDEBUG -DOPENSSL_THREADS -DOPENSSL_NO_DYNAMIC_ENGINE -DOPENSSL_PIC -DOPENSSL_IA32_SSE2 -DOPENSSL_BN_ASM_MONT -DOPENSSL_BN_ASM_MONT5 -DOPENSSL_BN_ASM_GF2m -DSHA1_ASM -DSHA256_ASM -DSHA512_ASM -DRC4_ASM -DMD5_ASM -DAES_ASM -DVPAES_ASM -DBSAES_ASM -DGHASH_ASM -DECP_NISTZ256_ASM -DPADLOCK_ASM -DPOLY1305_ASM -DOPENSSLDIR=&quot;\&quot;/usr/local/ssl\&quot;&quot; -DENGINESDIR=&quot;\&quot;/usr/local/lib/engines-1.1\&quot;&quot; -Wall -O3 -pthread -m64 -DL_ENDIAN  -Wa,--noexecstack    -o test/uitest apps/apps.o apps/opt.o test/uitest.o \
		  -L. -lssl test/libtestutil.a -L. -lcrypto -ldl 
gcc  -Iinclude -DDSO_DLFCN -DHAVE_DLFCN_H -DNDEBUG -DOPENSSL_THREADS -DOPENSSL_NO_DYNAMIC_ENGINE -DOPENSSL_PIC -DOPENSSL_IA32_SSE2 -DOPENSSL_BN_ASM_MONT -DOPENSSL_BN_ASM_MONT5 -DOPENSSL_BN_ASM_GF2m -DSHA1_ASM -DSHA256_ASM -DSHA512_ASM -DRC4_ASM -DMD5_ASM -DAES_ASM -DVPAES_ASM -DBSAES_ASM -DGHASH_ASM -DECP_NISTZ256_ASM -DPADLOCK_ASM -DPOLY1305_ASM -DOPENSSLDIR=&quot;\&quot;/usr/local/ssl\&quot;&quot; -DENGINESDIR=&quot;\&quot;/usr/local/lib/engines-1.1\&quot;&quot; -Wall -O3 -pthread -m64 -DL_ENDIAN  -Wa,--noexecstack -c  -MMD -MF test/v3ext.d.tmp -MT test/v3ext.o -c -o test/v3ext.o test/v3ext.c
rm -f test/v3ext
${LDCMD:-gcc} -DDSO_DLFCN -DHAVE_DLFCN_H -DNDEBUG -DOPENSSL_THREADS -DOPENSSL_NO_DYNAMIC_ENGINE -DOPENSSL_PIC -DOPENSSL_IA32_SSE2 -DOPENSSL_BN_ASM_MONT -DOPENSSL_BN_ASM_MONT5 -DOPENSSL_BN_ASM_GF2m -DSHA1_ASM -DSHA256_ASM -DSHA512_ASM -DRC4_ASM -DMD5_ASM -DAES_ASM -DVPAES_ASM -DBSAES_ASM -DGHASH_ASM -DECP_NISTZ256_ASM -DPADLOCK_ASM -DPOLY1305_ASM -DOPENSSLDIR=&quot;\&quot;/usr/local/ssl\&quot;&quot; -DENGINESDIR=&quot;\&quot;/usr/local/lib/engines-1.1\&quot;&quot; -Wall -O3 -pthread -m64 -DL_ENDIAN  -Wa,--noexecstack    -o test/v3ext test/v3ext.o \
		  test/libtestutil.a -L. -lcrypto -ldl 
gcc  -I. -Iinclude -DDSO_DLFCN -DHAVE_DLFCN_H -DNDEBUG -DOPENSSL_THREADS -DOPENSSL_NO_DYNAMIC_ENGINE -DOPENSSL_PIC -DOPENSSL_IA32_SSE2 -DOPENSSL_BN_ASM_MONT -DOPENSSL_BN_ASM_MONT5 -DOPENSSL_BN_ASM_GF2m -DSHA1_ASM -DSHA256_ASM -DSHA512_ASM -DRC4_ASM -DMD5_ASM -DAES_ASM -DVPAES_ASM -DBSAES_ASM -DGHASH_ASM -DECP_NISTZ256_ASM -DPADLOCK_ASM -DPOLY1305_ASM -DOPENSSLDIR=&quot;\&quot;/usr/local/ssl\&quot;&quot; -DENGINESDIR=&quot;\&quot;/usr/local/lib/engines-1.1\&quot;&quot; -Wall -O3 -pthread -m64 -DL_ENDIAN  -Wa,--noexecstack -c  -MMD -MF test/v3nametest.d.tmp -MT test/v3nametest.o -c -o test/v3nametest.o test/v3nametest.c
rm -f test/v3nametest
${LDCMD:-gcc} -DDSO_DLFCN -DHAVE_DLFCN_H -DNDEBUG -DOPENSSL_THREADS -DOPENSSL_NO_DYNAMIC_ENGINE -DOPENSSL_PIC -DOPENSSL_IA32_SSE2 -DOPENSSL_BN_ASM_MONT -DOPENSSL_BN_ASM_MONT5 -DOPENSSL_BN_ASM_GF2m -DSHA1_ASM -DSHA256_ASM -DSHA512_ASM -DRC4_ASM -DMD5_ASM -DAES_ASM -DVPAES_ASM -DBSAES_ASM -DGHASH_ASM -DECP_NISTZ256_ASM -DPADLOCK_ASM -DPOLY1305_ASM -DOPENSSLDIR=&quot;\&quot;/usr/local/ssl\&quot;&quot; -DENGINESDIR=&quot;\&quot;/usr/local/lib/engines-1.1\&quot;&quot; -Wall -O3 -pthread -m64 -DL_ENDIAN  -Wa,--noexecstack    -o test/v3nametest test/v3nametest.o \
		  test/libtestutil.a -L. -lcrypto -ldl 
gcc  -Iinclude -DDSO_DLFCN -DHAVE_DLFCN_H -DNDEBUG -DOPENSSL_THREADS -DOPENSSL_NO_DYNAMIC_ENGINE -DOPENSSL_PIC -DOPENSSL_IA32_SSE2 -DOPENSSL_BN_ASM_MONT -DOPENSSL_BN_ASM_MONT5 -DOPENSSL_BN_ASM_GF2m -DSHA1_ASM -DSHA256_ASM -DSHA512_ASM -DRC4_ASM -DMD5_ASM -DAES_ASM -DVPAES_ASM -DBSAES_ASM -DGHASH_ASM -DECP_NISTZ256_ASM -DPADLOCK_ASM -DPOLY1305_ASM -DOPENSSLDIR=&quot;\&quot;/usr/local/ssl\&quot;&quot; -DENGINESDIR=&quot;\&quot;/usr/local/lib/engines-1.1\&quot;&quot; -Wall -O3 -pthread -m64 -DL_ENDIAN  -Wa,--noexecstack -c  -MMD -MF test/verify_extra_test.d.tmp -MT test/verify_extra_test.o -c -o test/verify_extra_test.o test/verify_extra_test.c
rm -f test/verify_extra_test
${LDCMD:-gcc} -DDSO_DLFCN -DHAVE_DLFCN_H -DNDEBUG -DOPENSSL_THREADS -DOPENSSL_NO_DYNAMIC_ENGINE -DOPENSSL_PIC -DOPENSSL_IA32_SSE2 -DOPENSSL_BN_ASM_MONT -DOPENSSL_BN_ASM_MONT5 -DOPENSSL_BN_ASM_GF2m -DSHA1_ASM -DSHA256_ASM -DSHA512_ASM -DRC4_ASM -DMD5_ASM -DAES_ASM -DVPAES_ASM -DBSAES_ASM -DGHASH_ASM -DECP_NISTZ256_ASM -DPADLOCK_ASM -DPOLY1305_ASM -DOPENSSLDIR=&quot;\&quot;/usr/local/ssl\&quot;&quot; -DENGINESDIR=&quot;\&quot;/usr/local/lib/engines-1.1\&quot;&quot; -Wall -O3 -pthread -m64 -DL_ENDIAN  -Wa,--noexecstack    -o test/verify_extra_test test/verify_extra_test.o \
		  test/libtestutil.a -L. -lcrypto -ldl 
gcc  -Iinclude -DDSO_DLFCN -DHAVE_DLFCN_H -DNDEBUG -DOPENSSL_THREADS -DOPENSSL_NO_DYNAMIC_ENGINE -DOPENSSL_PIC -DOPENSSL_IA32_SSE2 -DOPENSSL_BN_ASM_MONT -DOPENSSL_BN_ASM_MONT5 -DOPENSSL_BN_ASM_GF2m -DSHA1_ASM -DSHA256_ASM -DSHA512_ASM -DRC4_ASM -DMD5_ASM -DAES_ASM -DVPAES_ASM -DBSAES_ASM -DGHASH_ASM -DECP_NISTZ256_ASM -DPADLOCK_ASM -DPOLY1305_ASM -DOPENSSLDIR=&quot;\&quot;/usr/local/ssl\&quot;&quot; -DENGINESDIR=&quot;\&quot;/usr/local/lib/engines-1.1\&quot;&quot; -Wall -O3 -pthread -m64 -DL_ENDIAN  -Wa,--noexecstack -c  -MMD -MF test/wpackettest.d.tmp -MT test/wpackettest.o -c -o test/wpackettest.o test/wpackettest.c
rm -f test/wpackettest
${LDCMD:-gcc} -DDSO_DLFCN -DHAVE_DLFCN_H -DNDEBUG -DOPENSSL_THREADS -DOPENSSL_NO_DYNAMIC_ENGINE -DOPENSSL_PIC -DOPENSSL_IA32_SSE2 -DOPENSSL_BN_ASM_MONT -DOPENSSL_BN_ASM_MONT5 -DOPENSSL_BN_ASM_GF2m -DSHA1_ASM -DSHA256_ASM -DSHA512_ASM -DRC4_ASM -DMD5_ASM -DAES_ASM -DVPAES_ASM -DBSAES_ASM -DGHASH_ASM -DECP_NISTZ256_ASM -DPADLOCK_ASM -DPOLY1305_ASM -DOPENSSLDIR=&quot;\&quot;/usr/local/ssl\&quot;&quot; -DENGINESDIR=&quot;\&quot;/usr/local/lib/engines-1.1\&quot;&quot; -Wall -O3 -pthread -m64 -DL_ENDIAN  -Wa,--noexecstack    -o test/wpackettest test/wpackettest.o \
		  libssl.a test/libtestutil.a -L. -lcrypto -ldl 
gcc  -Iinclude -DDSO_DLFCN -DHAVE_DLFCN_H -DNDEBUG -DOPENSSL_THREADS -DOPENSSL_NO_DYNAMIC_ENGINE -DOPENSSL_PIC -DOPENSSL_IA32_SSE2 -DOPENSSL_BN_ASM_MONT -DOPENSSL_BN_ASM_MONT5 -DOPENSSL_BN_ASM_GF2m -DSHA1_ASM -DSHA256_ASM -DSHA512_ASM -DRC4_ASM -DMD5_ASM -DAES_ASM -DVPAES_ASM -DBSAES_ASM -DGHASH_ASM -DECP_NISTZ256_ASM -DPADLOCK_ASM -DPOLY1305_ASM -DOPENSSLDIR=&quot;\&quot;/usr/local/ssl\&quot;&quot; -DENGINESDIR=&quot;\&quot;/usr/local/lib/engines-1.1\&quot;&quot; -Wall -O3 -pthread -m64 -DL_ENDIAN  -Wa,--noexecstack -c  -MMD -MF test/x509_check_cert_pkey_test.d.tmp -MT test/x509_check_cert_pkey_test.o -c -o test/x509_check_cert_pkey_test.o test/x509_check_cert_pkey_test.c
rm -f test/x509_check_cert_pkey_test
${LDCMD:-gcc} -DDSO_DLFCN -DHAVE_DLFCN_H -DNDEBUG -DOPENSSL_THREADS -DOPENSSL_NO_DYNAMIC_ENGINE -DOPENSSL_PIC -DOPENSSL_IA32_SSE2 -DOPENSSL_BN_ASM_MONT -DOPENSSL_BN_ASM_MONT5 -DOPENSSL_BN_ASM_GF2m -DSHA1_ASM -DSHA256_ASM -DSHA512_ASM -DRC4_ASM -DMD5_ASM -DAES_ASM -DVPAES_ASM -DBSAES_ASM -DGHASH_ASM -DECP_NISTZ256_ASM -DPADLOCK_ASM -DPOLY1305_ASM -DOPENSSLDIR=&quot;\&quot;/usr/local/ssl\&quot;&quot; -DENGINESDIR=&quot;\&quot;/usr/local/lib/engines-1.1\&quot;&quot; -Wall -O3 -pthread -m64 -DL_ENDIAN  -Wa,--noexecstack    -o test/x509_check_cert_pkey_test test/x509_check_cert_pkey_test.o \
		  test/libtestutil.a -L. -lcrypto -ldl 
gcc  -Iinclude -DDSO_DLFCN -DHAVE_DLFCN_H -DNDEBUG -DOPENSSL_THREADS -DOPENSSL_NO_DYNAMIC_ENGINE -DOPENSSL_PIC -DOPENSSL_IA32_SSE2 -DOPENSSL_BN_ASM_MONT -DOPENSSL_BN_ASM_MONT5 -DOPENSSL_BN_ASM_GF2m -DSHA1_ASM -DSHA256_ASM -DSHA512_ASM -DRC4_ASM -DMD5_ASM -DAES_ASM -DVPAES_ASM -DBSAES_ASM -DGHASH_ASM -DECP_NISTZ256_ASM -DPADLOCK_ASM -DPOLY1305_ASM -DOPENSSLDIR=&quot;\&quot;/usr/local/ssl\&quot;&quot; -DENGINESDIR=&quot;\&quot;/usr/local/lib/engines-1.1\&quot;&quot; -Wall -O3 -pthread -m64 -DL_ENDIAN  -Wa,--noexecstack -c  -MMD -MF test/x509_dup_cert_test.d.tmp -MT test/x509_dup_cert_test.o -c -o test/x509_dup_cert_test.o test/x509_dup_cert_test.c
rm -f test/x509_dup_cert_test
${LDCMD:-gcc} -DDSO_DLFCN -DHAVE_DLFCN_H -DNDEBUG -DOPENSSL_THREADS -DOPENSSL_NO_DYNAMIC_ENGINE -DOPENSSL_PIC -DOPENSSL_IA32_SSE2 -DOPENSSL_BN_ASM_MONT -DOPENSSL_BN_ASM_MONT5 -DOPENSSL_BN_ASM_GF2m -DSHA1_ASM -DSHA256_ASM -DSHA512_ASM -DRC4_ASM -DMD5_ASM -DAES_ASM -DVPAES_ASM -DBSAES_ASM -DGHASH_ASM -DECP_NISTZ256_ASM -DPADLOCK_ASM -DPOLY1305_ASM -DOPENSSLDIR=&quot;\&quot;/usr/local/ssl\&quot;&quot; -DENGINESDIR=&quot;\&quot;/usr/local/lib/engines-1.1\&quot;&quot; -Wall -O3 -pthread -m64 -DL_ENDIAN  -Wa,--noexecstack    -o test/x509_dup_cert_test test/x509_dup_cert_test.o \
		  test/libtestutil.a -L. -lcrypto -ldl 
gcc  -I. -Iinclude -DDSO_DLFCN -DHAVE_DLFCN_H -DNDEBUG -DOPENSSL_THREADS -DOPENSSL_NO_DYNAMIC_ENGINE -DOPENSSL_PIC -DOPENSSL_IA32_SSE2 -DOPENSSL_BN_ASM_MONT -DOPENSSL_BN_ASM_MONT5 -DOPENSSL_BN_ASM_GF2m -DSHA1_ASM -DSHA256_ASM -DSHA512_ASM -DRC4_ASM -DMD5_ASM -DAES_ASM -DVPAES_ASM -DBSAES_ASM -DGHASH_ASM -DECP_NISTZ256_ASM -DPADLOCK_ASM -DPOLY1305_ASM -DOPENSSLDIR=&quot;\&quot;/usr/local/ssl\&quot;&quot; -DENGINESDIR=&quot;\&quot;/usr/local/lib/engines-1.1\&quot;&quot; -Wall -O3 -pthread -m64 -DL_ENDIAN  -Wa,--noexecstack -c  -MMD -MF test/x509_internal_test.d.tmp -MT test/x509_internal_test.o -c -o test/x509_internal_test.o test/x509_internal_test.c
rm -f test/x509_internal_test
${LDCMD:-gcc} -DDSO_DLFCN -DHAVE_DLFCN_H -DNDEBUG -DOPENSSL_THREADS -DOPENSSL_NO_DYNAMIC_ENGINE -DOPENSSL_PIC -DOPENSSL_IA32_SSE2 -DOPENSSL_BN_ASM_MONT -DOPENSSL_BN_ASM_MONT5 -DOPENSSL_BN_ASM_GF2m -DSHA1_ASM -DSHA256_ASM -DSHA512_ASM -DRC4_ASM -DMD5_ASM -DAES_ASM -DVPAES_ASM -DBSAES_ASM -DGHASH_ASM -DECP_NISTZ256_ASM -DPADLOCK_ASM -DPOLY1305_ASM -DOPENSSLDIR=&quot;\&quot;/usr/local/ssl\&quot;&quot; -DENGINESDIR=&quot;\&quot;/usr/local/lib/engines-1.1\&quot;&quot; -Wall -O3 -pthread -m64 -DL_ENDIAN  -Wa,--noexecstack    -o test/x509_internal_test test/x509_internal_test.o \
		  test/libtestutil.a libcrypto.a -ldl 
gcc  -I. -Iinclude -DDSO_DLFCN -DHAVE_DLFCN_H -DNDEBUG -DOPENSSL_THREADS -DOPENSSL_NO_DYNAMIC_ENGINE -DOPENSSL_PIC -DOPENSSL_IA32_SSE2 -DOPENSSL_BN_ASM_MONT -DOPENSSL_BN_ASM_MONT5 -DOPENSSL_BN_ASM_GF2m -DSHA1_ASM -DSHA256_ASM -DSHA512_ASM -DRC4_ASM -DMD5_ASM -DAES_ASM -DVPAES_ASM -DBSAES_ASM -DGHASH_ASM -DECP_NISTZ256_ASM -DPADLOCK_ASM -DPOLY1305_ASM -DOPENSSLDIR=&quot;\&quot;/usr/local/ssl\&quot;&quot; -DENGINESDIR=&quot;\&quot;/usr/local/lib/engines-1.1\&quot;&quot; -Wall -O3 -pthread -m64 -DL_ENDIAN  -Wa,--noexecstack -c  -MMD -MF test/x509_time_test.d.tmp -MT test/x509_time_test.o -c -o test/x509_time_test.o test/x509_time_test.c
rm -f test/x509_time_test
${LDCMD:-gcc} -DDSO_DLFCN -DHAVE_DLFCN_H -DNDEBUG -DOPENSSL_THREADS -DOPENSSL_NO_DYNAMIC_ENGINE -DOPENSSL_PIC -DOPENSSL_IA32_SSE2 -DOPENSSL_BN_ASM_MONT -DOPENSSL_BN_ASM_MONT5 -DOPENSSL_BN_ASM_GF2m -DSHA1_ASM -DSHA256_ASM -DSHA512_ASM -DRC4_ASM -DMD5_ASM -DAES_ASM -DVPAES_ASM -DBSAES_ASM -DGHASH_ASM -DECP_NISTZ256_ASM -DPADLOCK_ASM -DPOLY1305_ASM -DOPENSSLDIR=&quot;\&quot;/usr/local/ssl\&quot;&quot; -DENGINESDIR=&quot;\&quot;/usr/local/lib/engines-1.1\&quot;&quot; -Wall -O3 -pthread -m64 -DL_ENDIAN  -Wa,--noexecstack    -o test/x509_time_test test/x509_time_test.o \
		  test/libtestutil.a -L. -lcrypto -ldl 
gcc  -I. -Iinclude -DDSO_DLFCN -DHAVE_DLFCN_H -DNDEBUG -DOPENSSL_THREADS -DOPENSSL_NO_DYNAMIC_ENGINE -DOPENSSL_PIC -DOPENSSL_IA32_SSE2 -DOPENSSL_BN_ASM_MONT -DOPENSSL_BN_ASM_MONT5 -DOPENSSL_BN_ASM_GF2m -DSHA1_ASM -DSHA256_ASM -DSHA512_ASM -DRC4_ASM -DMD5_ASM -DAES_ASM -DVPAES_ASM -DBSAES_ASM -DGHASH_ASM -DECP_NISTZ256_ASM -DPADLOCK_ASM -DPOLY1305_ASM -DOPENSSLDIR=&quot;\&quot;/usr/local/ssl\&quot;&quot; -DENGINESDIR=&quot;\&quot;/usr/local/lib/engines-1.1\&quot;&quot; -Wall -O3 -pthread -m64 -DL_ENDIAN  -Wa,--noexecstack -c  -MMD -MF test/x509aux.d.tmp -MT test/x509aux.o -c -o test/x509aux.o test/x509aux.c
rm -f test/x509aux
${LDCMD:-gcc} -DDSO_DLFCN -DHAVE_DLFCN_H -DNDEBUG -DOPENSSL_THREADS -DOPENSSL_NO_DYNAMIC_ENGINE -DOPENSSL_PIC -DOPENSSL_IA32_SSE2 -DOPENSSL_BN_ASM_MONT -DOPENSSL_BN_ASM_MONT5 -DOPENSSL_BN_ASM_GF2m -DSHA1_ASM -DSHA256_ASM -DSHA512_ASM -DRC4_ASM -DMD5_ASM -DAES_ASM -DVPAES_ASM -DBSAES_ASM -DGHASH_ASM -DECP_NISTZ256_ASM -DPADLOCK_ASM -DPOLY1305_ASM -DOPENSSLDIR=&quot;\&quot;/usr/local/ssl\&quot;&quot; -DENGINESDIR=&quot;\&quot;/usr/local/lib/engines-1.1\&quot;&quot; -Wall -O3 -pthread -m64 -DL_ENDIAN  -Wa,--noexecstack    -o test/x509aux test/x509aux.o \
		  test/libtestutil.a -L. -lcrypto -ldl 
/usr/bin/perl &quot;-I.&quot; -Mconfigdata &quot;util/dofile.pl&quot; \
	    &quot;-oMakefile&quot; apps/CA.pl.in &gt; &quot;apps/CA.pl&quot;
chmod a+x apps/CA.pl
/usr/bin/perl &quot;-I.&quot; -Mconfigdata &quot;util/dofile.pl&quot; \
	    &quot;-oMakefile&quot; apps/tsget.in &gt; &quot;apps/tsget&quot;
chmod a+x apps/tsget
/usr/bin/perl &quot;-I.&quot; -Mconfigdata &quot;util/dofile.pl&quot; \
	    &quot;-oMakefile&quot; tools/c_rehash.in &gt; &quot;tools/c_rehash&quot;
chmod a+x tools/c_rehash
/usr/bin/perl &quot;-I.&quot; -Mconfigdata &quot;util/dofile.pl&quot; \
	    &quot;-oMakefile&quot; util/shlib_wrap.sh.in &gt; &quot;util/shlib_wrap.sh&quot;
chmod a+x util/shlib_wrap.sh
make[1]: Leaving directory `&lt;<A HREF="http://ec2-52-37-178-53.us-west-2.compute.amazonaws.com:8080/job/master_noec/ws/">http://ec2-52-37-178-53.us-west-2.compute.amazonaws.com:8080/job/master_noec/ws/</A>'&gt;
+ apps/openssl version -a
OpenSSL 1.1.1-dev  xx XXX xxxx
built on: Mon Dec 18 09:23:32 2017 UTC
platform: linux-x86_64
compiler: gcc -DDSO_DLFCN -DHAVE_DLFCN_H -DNDEBUG -DOPENSSL_THREADS -DOPENSSL_NO_DYNAMIC_ENGINE -DOPENSSL_PIC -DOPENSSL_IA32_SSE2 -DOPENSSL_BN_ASM_MONT -DOPENSSL_BN_ASM_MONT5 -DOPENSSL_BN_ASM_GF2m -DSHA1_ASM -DSHA256_ASM -DSHA512_ASM -DRC4_ASM -DMD5_ASM -DAES_ASM -DVPAES_ASM -DBSAES_ASM -DGHASH_ASM -DECP_NISTZ256_ASM -DPADLOCK_ASM -DPOLY1305_ASM -DOPENSSLDIR=&quot;\&quot;/usr/local/ssl\&quot;&quot; -DENGINESDIR=&quot;\&quot;/usr/local/lib/engines-1.1\&quot;&quot;  -Wa,--noexecstack
OPENSSLDIR: &quot;/usr/local/ssl&quot;
ENGINESDIR: &quot;/usr/local/lib/engines-1.1&quot;
Seeding source: os-specific
+ make test
make depend &amp;&amp; make _tests
make[1]: Entering directory `&lt;<A HREF="http://ec2-52-37-178-53.us-west-2.compute.amazonaws.com:8080/job/master_noec/ws/">http://ec2-52-37-178-53.us-west-2.compute.amazonaws.com:8080/job/master_noec/ws/</A>'&gt;
make[1]: Leaving directory `&lt;<A HREF="http://ec2-52-37-178-53.us-west-2.compute.amazonaws.com:8080/job/master_noec/ws/">http://ec2-52-37-178-53.us-west-2.compute.amazonaws.com:8080/job/master_noec/ws/</A>'&gt;
make[1]: Entering directory `&lt;<A HREF="http://ec2-52-37-178-53.us-west-2.compute.amazonaws.com:8080/job/master_noec/ws/">http://ec2-52-37-178-53.us-west-2.compute.amazonaws.com:8080/job/master_noec/ws/</A>'&gt;
( cd test; \
	  mkdir -p test-runs; \
	  SRCTOP=../. \
	  BLDTOP=../. \
	  RESULT_D=test-runs \
	  PERL=&quot;/usr/bin/perl&quot; \
	  EXE_EXT= \
	  OPENSSL_ENGINES=`cd .././engines; pwd` \
	  OPENSSL_DEBUG_MEMORY=on \
	    /usr/bin/perl .././test/run_tests.pl  )
../test/recipes/01-test_abort.t .................... ok
../test/recipes/01-test_sanity.t ................... ok
../test/recipes/01-test_symbol_presence.t .......... skipped: Only useful when building shared libraries
../test/recipes/01-test_test.t ..................... ok
../test/recipes/02-test_internal_ctype.t ........... ok
../test/recipes/02-test_lhash.t .................... ok
../test/recipes/02-test_ordinals.t ................. ok
../test/recipes/02-test_stack.t .................... ok
../test/recipes/03-test_exdata.t ................... ok
../test/recipes/03-test_internal_asn1.t ............ ok
../test/recipes/03-test_internal_chacha.t .......... ok
../test/recipes/03-test_internal_mdc2.t ............ ok
../test/recipes/03-test_internal_modes.t ........... ok
../test/recipes/03-test_internal_poly1305.t ........ ok
../test/recipes/03-test_internal_siphash.t ......... ok
../test/recipes/03-test_internal_sm4.t ............. ok
../test/recipes/03-test_internal_ssl_cert_table.t .. ok
../test/recipes/03-test_internal_x509.t ............ ok
../test/recipes/03-test_ui.t ....................... ok
../test/recipes/04-test_asn1_encode.t .............. ok
../test/recipes/04-test_asn1_string_table.t ........ ok
../test/recipes/04-test_bioprint.t ................. ok
../test/recipes/04-test_pem.t ...................... ok
../test/recipes/05-test_bf.t ....................... ok
../test/recipes/05-test_cast.t ..................... ok
../test/recipes/05-test_des.t ...................... ok
../test/recipes/05-test_hmac.t ..................... ok
../test/recipes/05-test_idea.t ..................... ok
../test/recipes/05-test_md2.t ...................... skipped: md2 is not supported by this OpenSSL build
../test/recipes/05-test_mdc2.t ..................... ok
../test/recipes/05-test_rand.t ..................... ok
../test/recipes/05-test_rc2.t ...................... ok
../test/recipes/05-test_rc4.t ...................... ok
../test/recipes/05-test_rc5.t ...................... skipped: rc5 is not supported by this OpenSSL build
../test/recipes/10-test_bn.t ....................... ok
../test/recipes/10-test_exp.t ...................... ok
../test/recipes/15-test_dh.t ....................... ok
../test/recipes/15-test_dsa.t ...................... ok
../test/recipes/15-test_ec.t ....................... ok
../test/recipes/15-test_ecdsa.t .................... skipped: ec is not supported by this OpenSSL build
../test/recipes/15-test_ecparam.t .................. skipped: EC isn't supported in this build
../test/recipes/15-test_genrsa.t ................... ok
../test/recipes/15-test_mp_rsa.t ................... ok
../test/recipes/15-test_rsa.t ...................... ok
../test/recipes/15-test_rsapss.t ................... ok
../test/recipes/20-test_enc.t ...................... ok
../test/recipes/20-test_enc_more.t ................. ok
../test/recipes/20-test_passwd.t ................... ok
../test/recipes/25-test_crl.t ...................... ok
../test/recipes/25-test_d2i.t ...................... ok
../test/recipes/25-test_pkcs7.t .................... ok
../test/recipes/25-test_req.t ...................... ok
../test/recipes/25-test_sid.t ...................... skipped: test_sid needs EC to run
../test/recipes/25-test_verify.t ................... ok
../test/recipes/25-test_x509.t ..................... ok
../test/recipes/30-test_afalg.t .................... skipped: test_afalg not supported for this build
../test/recipes/30-test_engine.t ................... ok
../test/recipes/30-test_evp.t ...................... ok
../test/recipes/30-test_evp_extra.t ................ ok
../test/recipes/30-test_pbelu.t .................... ok
../test/recipes/30-test_pkey_meth.t ................ ok
../test/recipes/30-test_pkey_meth_kdf.t ............ ok
../test/recipes/40-test_rehash.t ................... ok
../test/recipes/60-test_x509_check_cert_pkey.t ..... ok
../test/recipes/60-test_x509_dup_cert.t ............ ok
../test/recipes/60-test_x509_store.t ............... ok
../test/recipes/60-test_x509_time.t ................ ok
../test/recipes/70-test_asyncio.t .................. ok
../test/recipes/70-test_bad_dtls.t ................. ok
../test/recipes/70-test_clienthello.t .............. ok
../test/recipes/70-test_comp.t ..................... skipped: test_comp needs the dynamic engine feature enabled
../test/recipes/70-test_key_share.t ................ skipped: test_key_share needs the dynamic engine feature enabled
../test/recipes/70-test_packet.t ................... ok
../test/recipes/70-test_recordlen.t ................ ok
../test/recipes/70-test_renegotiation.t ............ skipped: test_renegotiation needs the dynamic engine feature enabled
../test/recipes/70-test_servername.t ............... ok
../test/recipes/70-test_sslcbcpadding.t ............ skipped: test_sslcbcpadding needs the dynamic engine feature enabled
../test/recipes/70-test_sslcertstatus.t ............ skipped: test_sslcertstatus needs the dynamic engine feature enabled
../test/recipes/70-test_sslextension.t ............. skipped: test_sslextension needs the dynamic engine feature enabled
../test/recipes/70-test_sslmessages.t .............. skipped: test_sslmessages needs the dynamic engine feature enabled
../test/recipes/70-test_sslrecords.t ............... skipped: test_sslrecords needs the dynamic engine feature enabled
../test/recipes/70-test_sslsessiontick.t ........... skipped: test_sslsessiontick needs the dynamic engine feature enabled
../test/recipes/70-test_sslsigalgs.t ............... skipped: test_sslsigalgs needs the dynamic engine feature enabled
../test/recipes/70-test_sslsignature.t ............. skipped: test_sslsignature needs the dynamic engine feature enabled
../test/recipes/70-test_sslskewith0p.t ............. skipped: test_sslskewith0p needs the dynamic engine feature enabled
../test/recipes/70-test_sslversions.t .............. skipped: test_sslversions needs the dynamic engine feature enabled
../test/recipes/70-test_sslvertol.t ................ skipped: test_sslextension needs the dynamic engine feature enabled
../test/recipes/70-test_tls13cookie.t .............. skipped: test_tls13cookie needs the dynamic engine feature enabled
../test/recipes/70-test_tls13downgrade.t ........... skipped: test_tls13downgrade needs the dynamic engine feature enabled
../test/recipes/70-test_tls13hrr.t ................. skipped: test_tls13hrr needs the dynamic engine feature enabled
../test/recipes/70-test_tls13kexmodes.t ............ skipped: test_tls13kexmodes needs the dynamic engine feature enabled
../test/recipes/70-test_tls13messages.t ............ skipped: test_tls13messages needs the dynamic engine feature enabled
../test/recipes/70-test_tls13psk.t ................. skipped: test_tls13psk needs the dynamic engine feature enabled
../test/recipes/70-test_tlsextms.t ................. skipped: test_tlsextms needs the dynamic engine feature enabled
../test/recipes/70-test_verify_extra.t ............. ok
../test/recipes/70-test_wpacket.t .................. ok
../test/recipes/80-test_ca.t ....................... ok
../test/recipes/80-test_cipherbytes.t .............. ok
../test/recipes/80-test_cipherlist.t ............... ok
../test/recipes/80-test_ciphername.t ............... ok
../test/recipes/80-test_cms.t ...................... ok
../test/recipes/80-test_ct.t ....................... skipped: ct and ec are not supported by this OpenSSL build
../test/recipes/80-test_dane.t ..................... skipped: test_dane uses ec which is not supported by this OpenSSL build
../test/recipes/80-test_dtls.t ..................... ok
../test/recipes/80-test_dtls_mtu.t ................. ok
../test/recipes/80-test_dtlsv1listen.t ............. ok
../test/recipes/80-test_ocsp.t ..................... ok
../test/recipes/80-test_pkcs12.t ................... ok
../test/recipes/80-test_ssl_new.t .................. ok
../test/recipes/80-test_ssl_old.t .................. 
Dubious, test returned 1 (wstat 256, 0x100)
Failed 1/6 subtests 
../test/recipes/80-test_ssl_test_ctx.t ............. ok
../test/recipes/80-test_sslcorrupt.t ............... ok
../test/recipes/80-test_tsa.t ...................... ok
../test/recipes/80-test_x509aux.t .................. skipped: test_dane uses ec which is not supported by this OpenSSL build
../test/recipes/90-test_asn1_time.t ................ ok
../test/recipes/90-test_async.t .................... ok
../test/recipes/90-test_bio_enc.t .................. ok
../test/recipes/90-test_constant_time.t ............ ok
../test/recipes/90-test_fatalerr.t ................. ok
../test/recipes/90-test_gmdiff.t ................... ok
../test/recipes/90-test_ige.t ...................... ok
../test/recipes/90-test_memleak.t .................. ok
../test/recipes/90-test_overhead.t ................. ok
../test/recipes/90-test_secmem.t ................... ok
../test/recipes/90-test_shlibload.t ................ skipped: Test only supported in a shared build
../test/recipes/90-test_srp.t ...................... ok
../test/recipes/90-test_sslapi.t ................... ok
../test/recipes/90-test_sslbuffers.t ............... ok
../test/recipes/90-test_store.t .................... ok
../test/recipes/90-test_threads.t .................. ok
../test/recipes/90-test_time_offset.t .............. ok
../test/recipes/90-test_tls13ccs.t ................. skipped: test_tls13ccs is not supported in this build
../test/recipes/90-test_tls13encryption.t .......... skipped: tls13encryption is not supported in this build
../test/recipes/90-test_tls13secrets.t ............. skipped: tls13secrets is not supported in this build
../test/recipes/90-test_v3name.t ................... ok
../test/recipes/95-test_external_boringssl.t ....... skipped: No external tests in this configuration
../test/recipes/95-test_external_krb5.t ............ skipped: No external tests in this configuration
../test/recipes/95-test_external_pyca.t ............ skipped: No external tests in this configuration
../test/recipes/99-test_ecstress.t ................. ok
../test/recipes/99-test_fuzz.t ..................... ok

Test Summary Report
-------------------
../test/recipes/80-test_ssl_old.t                (Wstat: 256 Tests: 6 Failed: 1)
  Failed test:  3
  Non-zero exit status: 1
Files=140, Tests=990, 249 wallclock secs ( 1.47 usr  0.11 sys + 41.29 cusr 59.58 csys = 102.45 CPU)
Result: FAIL
make[1]: *** [_tests] Error 1
make[1]: Leaving directory `&lt;<A HREF="http://ec2-52-37-178-53.us-west-2.compute.amazonaws.com:8080/job/master_noec/ws/">http://ec2-52-37-178-53.us-west-2.compute.amazonaws.com:8080/job/master_noec/ws/</A>'&gt;
make: *** [tests] Error 2
Build step 'Execute shell' marked build as failure
</PRE>























































<!--endarticle-->
    <HR>
    <P><UL>
        <!--threads-->
	<LI>Previous message: <A HREF="017286.html">[openssl-commits] FAILED build of OpenSSL branch master with	options -d --strict-warnings no-rc5
</A></li>
	<LI>Next message: <A HREF="017298.html">[openssl-commits] Build failed in Jenkins: master_noec #316
</A></li>
         <LI> <B>Messages sorted by:</B> 
              <a href="date.html#17290">[ date ]</a>
              <a href="thread.html#17290">[ thread ]</a>
              <a href="subject.html#17290">[ subject ]</a>
              <a href="author.html#17290">[ author ]</a>
         </LI>
       </UL>

<hr>
<a href="../../../mailman/listinfo/openssl-commits.html">More information about the openssl-commits
mailing list</a><br>
</body></html>
