<!DOCTYPE HTML PUBLIC "-//W3C//DTD HTML 4.01 Transitional//EN">
<HTML>
 <HEAD>
   <TITLE> [openssl-commits] FAILED build of OpenSSL branch master with	options -d --strict-warnings enable-ssl-trace
   </TITLE>
   <LINK REL="Index" HREF="https://mta.openssl.org/pipermail/openssl-commits/2017-December/index.html" >
   <LINK REL="made" HREF="mailto:openssl-commits%40openssl.org?Subject=Re%3A%20%5Bopenssl-commits%5D%20FAILED%20build%20of%20OpenSSL%20branch%20master%20with%0A%09options%20-d%20--strict-warnings%20enable-ssl-trace&In-Reply-To=%3C1514459388.772582.5215.nullmailer%40run.openssl.org%3E">
   <META NAME="robots" CONTENT="index,nofollow">
   <style type="text/css">
       pre {
           white-space: pre-wrap;       /* css-2.1, curent FF, Opera, Safari */
           }
   </style>
   <META http-equiv="Content-Type" content="text/html; charset=us-ascii">
   <LINK REL="Previous"  HREF="017253.html">
   <LINK REL="Next"  HREF="017255.html">
 </HEAD>
 <BODY BGCOLOR="#ffffff">
   <H1>[openssl-commits] FAILED build of OpenSSL branch master with	options -d --strict-warnings enable-ssl-trace</H1>
    <B>OpenSSL run-checker</B> 
    <A HREF="mailto:openssl-commits%40openssl.org?Subject=Re%3A%20%5Bopenssl-commits%5D%20FAILED%20build%20of%20OpenSSL%20branch%20master%20with%0A%09options%20-d%20--strict-warnings%20enable-ssl-trace&In-Reply-To=%3C1514459388.772582.5215.nullmailer%40run.openssl.org%3E"
       TITLE="[openssl-commits] FAILED build of OpenSSL branch master with	options -d --strict-warnings enable-ssl-trace">openssl at openssl.org
       </A><BR>
    <I>Thu Dec 28 11:09:48 UTC 2017</I>
    <P><UL>
        <LI>Previous message: <A HREF="017253.html">[openssl-commits] FAILED build of OpenSSL branch master with	options -d --strict-warnings enable-ssl-trace
</A></li>
        <LI>Next message: <A HREF="017255.html">[openssl-commits] FAILED build of OpenSSL branch	OpenSSL_1_1_0-stable with options -d --strict-warnings no-deprecated
</A></li>
         <LI> <B>Messages sorted by:</B> 
              <a href="date.html#17359">[ date ]</a>
              <a href="thread.html#17359">[ thread ]</a>
              <a href="subject.html#17359">[ subject ]</a>
              <a href="author.html#17359">[ author ]</a>
         </LI>
       </UL>
    <HR>  
<!--beginarticle-->
<PRE>Platform and configuration command:

$ uname -a
Linux run 4.4.0-96-generic #119-Ubuntu SMP Tue Sep 12 14:59:54 UTC 2017 x86_64 x86_64 x86_64 GNU/Linux
$ CC=clang ../openssl/config -d --strict-warnings enable-ssl-trace

Commit log since last time:

8175af5 Alternate fix for ../test/recipes/80-test_ssl_old.t with no-ec
8af7e94 ec/ecp_nistp*.c: sanitize for undefined/implmentation-specific behaviour.
b78eb0b VMS fix: link shared libs from objects files instead of from static libs

Build log ended with (last 100 lines):

../../openssl/test/recipes/30-test_pkey_meth_kdf.t ............ ok
../../openssl/test/recipes/40-test_rehash.t ................... ok
../../openssl/test/recipes/60-test_x509_check_cert_pkey.t ..... ok
../../openssl/test/recipes/60-test_x509_dup_cert.t ............ ok
../../openssl/test/recipes/60-test_x509_store.t ............... ok
../../openssl/test/recipes/60-test_x509_time.t ................ ok
../../openssl/test/recipes/70-test_asyncio.t .................. ok
../../openssl/test/recipes/70-test_bad_dtls.t ................. ok
../../openssl/test/recipes/70-test_clienthello.t .............. ok
../../openssl/test/recipes/70-test_comp.t ..................... ok
../../openssl/test/recipes/70-test_key_share.t ................ skipped: test_key_share needs TLS1.3 enabled
../../openssl/test/recipes/70-test_packet.t ................... ok
../../openssl/test/recipes/70-test_recordlen.t ................ ok
../../openssl/test/recipes/70-test_renegotiation.t ............ ok
../../openssl/test/recipes/70-test_servername.t ............... ok
../../openssl/test/recipes/70-test_sslcbcpadding.t ............ ok
../../openssl/test/recipes/70-test_sslcertstatus.t ............ ok
../../openssl/test/recipes/70-test_sslextension.t ............. ok
../../openssl/test/recipes/70-test_sslmessages.t .............. 
Dubious, test returned 5 (wstat 1280, 0x500)
Failed 5/21 subtests 
../../openssl/test/recipes/70-test_sslrecords.t ............... ok
../../openssl/test/recipes/70-test_sslsessiontick.t ........... skipped: Unable to start up Proxy for tests
../../openssl/test/recipes/70-test_sslsigalgs.t ............... ok
../../openssl/test/recipes/70-test_sslsignature.t ............. 
Dubious, test returned 1 (wstat 256, 0x100)
Failed 1/4 subtests 
	(less 1 skipped subtest: 2 okay)
../../openssl/test/recipes/70-test_sslskewith0p.t ............. skipped: Unable to start up Proxy for tests
../../openssl/test/recipes/70-test_sslversions.t .............. skipped: test_sslversions needs TLS1.3, TLS1.2 and TLS1.1 enabled
../../openssl/test/recipes/70-test_sslvertol.t ................ ok
../../openssl/test/recipes/70-test_tls13cookie.t .............. skipped: test_tls13cookie needs TLS1.3 enabled
../../openssl/test/recipes/70-test_tls13downgrade.t ........... skipped: test_tls13downgrade needs TLS1.3 and TLS1.2 enabled
../../openssl/test/recipes/70-test_tls13hrr.t ................. skipped: test_tls13hrr needs TLS1.3 enabled
../../openssl/test/recipes/70-test_tls13kexmodes.t ............ skipped: test_tls13kexmodes needs TLSv1.3 enabled
../../openssl/test/recipes/70-test_tls13messages.t ............ skipped: test_tls13messages needs TLSv1.3 enabled
../../openssl/test/recipes/70-test_tls13psk.t ................. skipped: test_tls13psk needs TLSv1.3 enabled
../../openssl/test/recipes/70-test_tlsextms.t ................. skipped: Unable to start up Proxy for tests
../../openssl/test/recipes/70-test_verify_extra.t ............. ok
../../openssl/test/recipes/70-test_wpacket.t .................. ok
../../openssl/test/recipes/80-test_ca.t ....................... ok
../../openssl/test/recipes/80-test_cipherbytes.t .............. ok
../../openssl/test/recipes/80-test_cipherlist.t ............... ok
../../openssl/test/recipes/80-test_ciphername.t ............... ok
../../openssl/test/recipes/80-test_cms.t ...................... ok
../../openssl/test/recipes/80-test_ct.t ....................... ok
../../openssl/test/recipes/80-test_dane.t ..................... ok
../../openssl/test/recipes/80-test_dtls.t ..................... ok
../../openssl/test/recipes/80-test_dtls_mtu.t ................. ok
../../openssl/test/recipes/80-test_dtlsv1listen.t ............. ok
../../openssl/test/recipes/80-test_ocsp.t ..................... ok
../../openssl/test/recipes/80-test_pkcs12.t ................... ok
../../openssl/test/recipes/80-test_ssl_new.t .................. ok
../../openssl/test/recipes/80-test_ssl_old.t .................. ok
../../openssl/test/recipes/80-test_ssl_test_ctx.t ............. ok
../../openssl/test/recipes/80-test_sslcorrupt.t ............... ok
../../openssl/test/recipes/80-test_tsa.t ...................... ok
../../openssl/test/recipes/80-test_x509aux.t .................. ok
../../openssl/test/recipes/90-test_asn1_time.t ................ ok
../../openssl/test/recipes/90-test_async.t .................... ok
../../openssl/test/recipes/90-test_bio_enc.t .................. ok
../../openssl/test/recipes/90-test_constant_time.t ............ ok
../../openssl/test/recipes/90-test_fatalerr.t ................. ok
../../openssl/test/recipes/90-test_gmdiff.t ................... ok
../../openssl/test/recipes/90-test_ige.t ...................... ok
../../openssl/test/recipes/90-test_memleak.t .................. ok
../../openssl/test/recipes/90-test_overhead.t ................. skipped: Only supported in no-shared builds
../../openssl/test/recipes/90-test_secmem.t ................... ok
../../openssl/test/recipes/90-test_shlibload.t ................ ok
../../openssl/test/recipes/90-test_srp.t ...................... ok
../../openssl/test/recipes/90-test_sslapi.t ................... ok
../../openssl/test/recipes/90-test_sslbuffers.t ............... ok
../../openssl/test/recipes/90-test_store.t .................... ok
../../openssl/test/recipes/90-test_threads.t .................. ok
../../openssl/test/recipes/90-test_time_offset.t .............. ok
../../openssl/test/recipes/90-test_tls13ccs.t ................. skipped: test_tls13ccs is not supported in this build
../../openssl/test/recipes/90-test_tls13encryption.t .......... skipped: tls13encryption is not supported in this build
../../openssl/test/recipes/90-test_tls13secrets.t ............. skipped: tls13secrets is not supported in this build
../../openssl/test/recipes/90-test_v3name.t ................... ok
../../openssl/test/recipes/95-test_external_boringssl.t ....... skipped: No external tests in this configuration
../../openssl/test/recipes/95-test_external_krb5.t ............ skipped: No external tests in this configuration
../../openssl/test/recipes/95-test_external_pyca.t ............ skipped: No external tests in this configuration
../../openssl/test/recipes/99-test_ecstress.t ................. ok
../../openssl/test/recipes/99-test_fuzz.t ..................... ok

Test Summary Report
-------------------
../../openssl/test/recipes/70-test_sslmessages.t            (Wstat: 1280 Tests: 21 Failed: 5)
  Failed tests:  17-21
  Non-zero exit status: 5
../../openssl/test/recipes/70-test_sslsignature.t           (Wstat: 256 Tests: 4 Failed: 1)
  Failed test:  3
  Non-zero exit status: 1
Files=140, Tests=1219, 409 wallclock secs ( 2.48 usr  0.35 sys + 175.90 cusr 31.54 csys = 210.27 CPU)
Result: FAIL
Makefile:168: recipe for target '_tests' failed
make[1]: *** [_tests] Error 1
make[1]: Leaving directory '/home/openssl/run-checker/enable-ssl-trace'
Makefile:166: recipe for target 'tests' failed
make: *** [tests] Error 2
</PRE>










<!--endarticle-->
    <HR>
    <P><UL>
        <!--threads-->
	<LI>Previous message: <A HREF="017253.html">[openssl-commits] FAILED build of OpenSSL branch master with	options -d --strict-warnings enable-ssl-trace
</A></li>
	<LI>Next message: <A HREF="017255.html">[openssl-commits] FAILED build of OpenSSL branch	OpenSSL_1_1_0-stable with options -d --strict-warnings no-deprecated
</A></li>
         <LI> <B>Messages sorted by:</B> 
              <a href="date.html#17359">[ date ]</a>
              <a href="thread.html#17359">[ thread ]</a>
              <a href="subject.html#17359">[ subject ]</a>
              <a href="author.html#17359">[ author ]</a>
         </LI>
       </UL>

<hr>
<a href="../../../mailman/listinfo/openssl-commits.html">More information about the openssl-commits
mailing list</a><br>
</body></html>
