<!DOCTYPE HTML PUBLIC "-//W3C//DTD HTML 4.01 Transitional//EN">
<HTML>
 <HEAD>
   <TITLE> [openssl-commits] FAILED build of OpenSSL branch master with	options -d --strict-warnings enable-unit-test
   </TITLE>
   <LINK REL="Index" HREF="https://mta.openssl.org/pipermail/openssl-commits/2017-December/index.html" >
   <LINK REL="made" HREF="mailto:openssl-commits%40openssl.org?Subject=Re%3A%20%5Bopenssl-commits%5D%20FAILED%20build%20of%20OpenSSL%20branch%20master%20with%0A%09options%20-d%20--strict-warnings%20enable-unit-test&In-Reply-To=%3C1514466829.144098.23918.nullmailer%40run.openssl.org%3E">
   <META NAME="robots" CONTENT="index,nofollow">
   <style type="text/css">
       pre {
           white-space: pre-wrap;       /* css-2.1, curent FF, Opera, Safari */
           }
   </style>
   <META http-equiv="Content-Type" content="text/html; charset=us-ascii">
   <LINK REL="Previous"  HREF="017366.html">
   <LINK REL="Next"  HREF="017370.html">
 </HEAD>
 <BODY BGCOLOR="#ffffff">
   <H1>[openssl-commits] FAILED build of OpenSSL branch master with	options -d --strict-warnings enable-unit-test</H1>
    <B>OpenSSL run-checker</B> 
    <A HREF="mailto:openssl-commits%40openssl.org?Subject=Re%3A%20%5Bopenssl-commits%5D%20FAILED%20build%20of%20OpenSSL%20branch%20master%20with%0A%09options%20-d%20--strict-warnings%20enable-unit-test&In-Reply-To=%3C1514466829.144098.23918.nullmailer%40run.openssl.org%3E"
       TITLE="[openssl-commits] FAILED build of OpenSSL branch master with	options -d --strict-warnings enable-unit-test">openssl at openssl.org
       </A><BR>
    <I>Thu Dec 28 13:13:49 UTC 2017</I>
    <P><UL>
        <LI>Previous message: <A HREF="017366.html">[openssl-commits] SUCCESSFUL build of OpenSSL branch	OpenSSL_1_1_0-stable with options -d --strict-warnings	no-external-tests
</A></li>
        <LI>Next message: <A HREF="017370.html">[openssl-commits] Broken: openssl/openssl#15382 (master - c6a623a)
</A></li>
         <LI> <B>Messages sorted by:</B> 
              <a href="date.html#17367">[ date ]</a>
              <a href="thread.html#17367">[ thread ]</a>
              <a href="subject.html#17367">[ subject ]</a>
              <a href="author.html#17367">[ author ]</a>
         </LI>
       </UL>
    <HR>  
<!--beginarticle-->
<PRE>Platform and configuration command:

$ uname -a
Linux run 4.4.0-96-generic #119-Ubuntu SMP Tue Sep 12 14:59:54 UTC 2017 x86_64 x86_64 x86_64 GNU/Linux
$ CC=clang ../openssl/config -d --strict-warnings enable-unit-test

Commit log since last time:

8175af5 Alternate fix for ../test/recipes/80-test_ssl_old.t with no-ec
8af7e94 ec/ecp_nistp*.c: sanitize for undefined/implmentation-specific behaviour.
b78eb0b VMS fix: link shared libs from objects files instead of from static libs

Build log ended with (last 100 lines):

${LDCMD:-clang} -DDSO_DLFCN -DHAVE_DLFCN_H -DOPENSSL_THREADS -DOPENSSL_NO_STATIC_ENGINE -DOPENSSL_PIC -DOPENSSL_IA32_SSE2 -DOPENSSL_BN_ASM_MONT -DOPENSSL_BN_ASM_MONT5 -DOPENSSL_BN_ASM_GF2m -DSHA1_ASM -DSHA256_ASM -DSHA512_ASM -DRC4_ASM -DMD5_ASM -DAES_ASM -DVPAES_ASM -DBSAES_ASM -DGHASH_ASM -DECP_NISTZ256_ASM -DPADLOCK_ASM -DPOLY1305_ASM -DOPENSSLDIR=&quot;\&quot;/usr/local/ssl\&quot;&quot; -DENGINESDIR=&quot;\&quot;/usr/local/lib/engines-1.1\&quot;&quot; -Wall -O0 -g -pthread -m64 -DL_ENDIAN -Wextra  -Qunused-arguments -DDEBUG_UNUSED -DPEDANTIC -pedantic -Wno-long-long -Wall -Wextra -Wno-unused-parameter -Wno-missing-field-initializers -Wswitch -Wsign-compare -Wmissing-prototypes -Wshadow -Wformat -Wtype-limits -Wundef -Werror -Wswitch-default -Wno-parentheses-equality -Wno-language-extension-token -Wno-extended-offsetof -Wconditional-uninitialized -Wincompatible-pointer-types-discards-qualifiers -Wmissing-variable-declarations -Wno-unknown-warning-option    -o test/uitest apps/apps.o apps/opt.o test/uitest.o \
	  -L. -lssl test/libtestutil.a -L. -lcrypto -ldl 
make[1]: Leaving directory '/home/openssl/run-checker/enable-unit-test'
$ make test
make depend &amp;&amp; make _tests
make[1]: Entering directory '/home/openssl/run-checker/enable-unit-test'
make[1]: Leaving directory '/home/openssl/run-checker/enable-unit-test'
make[1]: Entering directory '/home/openssl/run-checker/enable-unit-test'
( cd test; \
  mkdir -p test-runs; \
  SRCTOP=../../openssl \
  BLDTOP=../. \
  RESULT_D=test-runs \
  PERL=&quot;/usr/bin/perl&quot; \
  EXE_EXT= \
  OPENSSL_ENGINES=`cd .././engines; pwd` \
  OPENSSL_DEBUG_MEMORY=on \
    /usr/bin/perl ../../openssl/test/run_tests.pl  )
../../openssl/test/recipes/01-test_abort.t .................... ok
../../openssl/test/recipes/01-test_sanity.t ................... ok
../../openssl/test/recipes/01-test_symbol_presence.t .......... ok
../../openssl/test/recipes/01-test_test.t ..................... ok
../../openssl/test/recipes/02-test_internal_ctype.t ........... ok
../../openssl/test/recipes/02-test_lhash.t .................... ok
../../openssl/test/recipes/02-test_ordinals.t ................. ok
../../openssl/test/recipes/02-test_stack.t .................... ok
../../openssl/test/recipes/03-test_exdata.t ................... ok
../../openssl/test/recipes/03-test_internal_asn1.t ............ ok
../../openssl/test/recipes/03-test_internal_chacha.t .......... ok
../../openssl/test/recipes/03-test_internal_mdc2.t ............ ok
../../openssl/test/recipes/03-test_internal_modes.t ........... ok
../../openssl/test/recipes/03-test_internal_poly1305.t ........ ok
../../openssl/test/recipes/03-test_internal_siphash.t ......... ok
../../openssl/test/recipes/03-test_internal_sm4.t ............. ok
../../openssl/test/recipes/03-test_internal_ssl_cert_table.t .. ok
../../openssl/test/recipes/03-test_internal_x509.t ............ ok
../../openssl/test/recipes/03-test_ui.t ....................... ok
../../openssl/test/recipes/04-test_asn1_encode.t .............. ok
../../openssl/test/recipes/04-test_asn1_string_table.t ........ ok
../../openssl/test/recipes/04-test_bioprint.t ................. ok
../../openssl/test/recipes/04-test_pem.t ...................... ok
../../openssl/test/recipes/05-test_bf.t ....................... ok
../../openssl/test/recipes/05-test_cast.t ..................... ok
../../openssl/test/recipes/05-test_des.t ...................... ok
../../openssl/test/recipes/05-test_hmac.t ..................... ok
../../openssl/test/recipes/05-test_idea.t ..................... ok
../../openssl/test/recipes/05-test_md2.t ...................... skipped: md2 is not supported by this OpenSSL build
../../openssl/test/recipes/05-test_mdc2.t ..................... ok
../../openssl/test/recipes/05-test_rand.t ..................... ok
../../openssl/test/recipes/05-test_rc2.t ...................... ok
../../openssl/test/recipes/05-test_rc4.t ...................... ok
../../openssl/test/recipes/05-test_rc5.t ...................... skipped: rc5 is not supported by this OpenSSL build
../../openssl/test/recipes/10-test_bn.t ....................... ok
../../openssl/test/recipes/10-test_exp.t ...................... ok
../../openssl/test/recipes/15-test_dh.t ....................... ok
../../openssl/test/recipes/15-test_dsa.t ...................... ok
../../openssl/test/recipes/15-test_ec.t ....................... ok
../../openssl/test/recipes/15-test_ecdsa.t .................... ok
../../openssl/test/recipes/15-test_ecparam.t .................. ok
../../openssl/test/recipes/15-test_genrsa.t ................... ok
../../openssl/test/recipes/15-test_mp_rsa.t ................... ok
../../openssl/test/recipes/15-test_rsa.t ...................... ok
../../openssl/test/recipes/15-test_rsapss.t ................... ok
../../openssl/test/recipes/20-test_enc.t ...................... ok
../../openssl/test/recipes/20-test_enc_more.t ................. ok
../../openssl/test/recipes/20-test_passwd.t ................... ok
../../openssl/test/recipes/25-test_crl.t ...................... ok
../../openssl/test/recipes/25-test_d2i.t ...................... ok
../../openssl/test/recipes/25-test_pkcs7.t .................... ok
../../openssl/test/recipes/25-test_req.t ...................... ok
../../openssl/test/recipes/25-test_sid.t ...................... ok
../../openssl/test/recipes/25-test_verify.t ................... ok
../../openssl/test/recipes/25-test_x509.t ..................... ok
../../openssl/test/recipes/30-test_afalg.t .................... ok
../../openssl/test/recipes/30-test_engine.t ................... ok
../../openssl/test/recipes/30-test_evp.t ...................... ok
../../openssl/test/recipes/30-test_evp_extra.t ................ ok
../../openssl/test/recipes/30-test_pbelu.t .................... ok
../../openssl/test/recipes/30-test_pkey_meth.t ................ ok
../../openssl/test/recipes/30-test_pkey_meth_kdf.t ............ ok
../../openssl/test/recipes/40-test_rehash.t ................... ok
../../openssl/test/recipes/60-test_x509_check_cert_pkey.t ..... ok
../../openssl/test/recipes/60-test_x509_dup_cert.t ............ ok
../../openssl/test/recipes/60-test_x509_store.t ............... ok
../../openssl/test/recipes/60-test_x509_time.t ................ ok
../../openssl/test/recipes/70-test_asyncio.t .................. ok
../../openssl/test/recipes/70-test_bad_dtls.t ................. ok
../../openssl/test/recipes/70-test_clienthello.t .............. ok
../../openssl/test/recipes/70-test_comp.t ..................... ok
../../openssl/test/recipes/70-test_key_share.t ................ skipped: test_key_share needs TLS1.3 enabled
../../openssl/test/recipes/70-test_packet.t ................... ok
../../openssl/test/recipes/70-test_recordlen.t ................ ok
../../openssl/test/recipes/70-test_renegotiation.t ............ skipped: Unable to start up Proxy for tests
../../openssl/test/recipes/70-test_servername.t ............... ok
../../openssl/test/recipes/70-test_sslcbcpadding.t ............ ok
../../openssl/test/recipes/70-test_sslcertstatus.t ............ skipped: Unable to start up Proxy for tests
../../openssl/test/recipes/70-test_sslextension.t ............. skipped: Unable to start up Proxy for tests
make[1]: *** wait: No child processes.  Stop.
make[1]: *** Waiting for unfinished jobs....
make[1]: *** wait: No child processes.  Stop.
</PRE>













<!--endarticle-->
    <HR>
    <P><UL>
        <!--threads-->
	<LI>Previous message: <A HREF="017366.html">[openssl-commits] SUCCESSFUL build of OpenSSL branch	OpenSSL_1_1_0-stable with options -d --strict-warnings	no-external-tests
</A></li>
	<LI>Next message: <A HREF="017370.html">[openssl-commits] Broken: openssl/openssl#15382 (master - c6a623a)
</A></li>
         <LI> <B>Messages sorted by:</B> 
              <a href="date.html#17367">[ date ]</a>
              <a href="thread.html#17367">[ thread ]</a>
              <a href="subject.html#17367">[ subject ]</a>
              <a href="author.html#17367">[ author ]</a>
         </LI>
       </UL>

<hr>
<a href="../../../mailman/listinfo/openssl-commits.html">More information about the openssl-commits
mailing list</a><br>
</body></html>
