<!DOCTYPE HTML PUBLIC "-//W3C//DTD HTML 4.01 Transitional//EN">
<HTML>
 <HEAD>
   <TITLE> Still FAILED build of OpenSSL branch master with options -d --strict-warnings no-des
   </TITLE>
   <LINK REL="Index" HREF="https://mta.openssl.org/pipermail/openssl-commits/2020-January/index.html" >
   <LINK REL="made" HREF="mailto:openssl-commits%40openssl.org?Subject=Re%3A%20Still%20FAILED%20build%20of%20OpenSSL%20branch%20master%20with%20options%20-d%0A%20--strict-warnings%20no-des&In-Reply-To=%3C1579489700.485315.5667.nullmailer%40run.openssl.org%3E">
   <META NAME="robots" CONTENT="index,nofollow">
   <style type="text/css">
       pre {
           white-space: pre-wrap;       /* css-2.1, curent FF, Opera, Safari */
           }
   </style>
   <META http-equiv="Content-Type" content="text/html; charset=us-ascii">
   <LINK REL="Previous"  HREF="027138.html">
   <LINK REL="Next"  HREF="027172.html">
 </HEAD>
 <BODY BGCOLOR="#ffffff">
   <H1>Still FAILED build of OpenSSL branch master with options -d --strict-warnings no-des</H1>
    <B>OpenSSL run-checker</B> 
    <A HREF="mailto:openssl-commits%40openssl.org?Subject=Re%3A%20Still%20FAILED%20build%20of%20OpenSSL%20branch%20master%20with%20options%20-d%0A%20--strict-warnings%20no-des&In-Reply-To=%3C1579489700.485315.5667.nullmailer%40run.openssl.org%3E"
       TITLE="Still FAILED build of OpenSSL branch master with options -d --strict-warnings no-des">openssl at openssl.org
       </A><BR>
    <I>Mon Jan 20 03:08:20 UTC 2020</I>
    <P><UL>
        <LI>Previous message: <A HREF="027138.html">Build failed: openssl master.30970
</A></li>
        <LI>Next message: <A HREF="027172.html">Still FAILED build of OpenSSL branch master with options -d --strict-warnings no-des
</A></li>
         <LI> <B>Messages sorted by:</B> 
              <a href="date.html#27139">[ date ]</a>
              <a href="thread.html#27139">[ thread ]</a>
              <a href="subject.html#27139">[ subject ]</a>
              <a href="author.html#27139">[ author ]</a>
         </LI>
       </UL>
    <HR>  
<!--beginarticle-->
<PRE>Platform and configuration command:

$ uname -a
Linux run 4.15.0-54-generic #58-Ubuntu SMP Mon Jun 24 10:55:24 UTC 2019 x86_64 x86_64 x86_64 GNU/Linux
$ CC=clang ../openssl/config -d --strict-warnings no-des

Commit log since last time:

bddbfae1cd libssl: Eliminate as much use of EVP_PKEY_size() as possible
9767a3dca7 libcrypto: Eliminate as much use of EVP_PKEY_size() as possible
0a054d2a0b APPS &amp; TEST: Eliminate as much use of EVP_PKEY_size() as possible
ed5cb1776b mdc2: use evp_test instead of a separate test application.
08bff785fc apps: Fix deprecation conditional in speed.c
da2d32f6db Deprecate the low level IDEA functions.
621f74b3e3 idea: fix preprocessor indention
ac23078b78 param_bld: add a padded BN call.
a978dc3bff TODO: undo md5.h and sha.h changes temporarily
781aa7ab63 Deprecate the low level MD5 functions.
85d843c8ec Deprecate the low level SHA functions.
8720b17794 sha: fix preprocessor indentation
b2b43d1b69 Add GNU properties note for Intel CET in x86_64-xlate.pl
f6aa577412 EVP: Add evp_pkey_make_provided() and refactor around it
c8a5573577 CORE: renumber OSSL_FUNC_KEYMGMT macros
806253f31f DSA: Move DSA_security_bits() and DSA_bits()
f17268d0d0 Add CHANGES entry regarding the documentation of EVP_PKEY_size() et al
03d65ca209 DOC: Make EVP_SignInit.pod conform with man-pages(7)
6942a0d6fe DOC: New file for EVP_PKEY_size(), EVP_PKEY_bits() and EVP_PKEY_security_bits()
81a624f2c2 TEST: Adapt test/evp_pkey_provided_test.c to check the key size
9e5aaf7886 PROV: Adapt the RSA, DSA and DH KEYMGMT implementations
6508e85883 EVP: make EVP_PKEY_{bits,security_bits,size} work with provider only keys
e4a1d02300 Modify EVP_CIPHER_is_a() and EVP_MD_is_a() to handle legacy methods too
9bb3e5fd87 For all assembler scripts where it matters, recognise clang &gt; 9.x
98706c5a8c Build file templates: Use explicit files instead of $&lt; or $? for pods
43becc3fe5 news: combined NEWS entry for deprecated low level cipher functions
a73ade6013 changes: combined CHANGES entry for deprecated low level cipher functions.
fe4309b0de Add duplication APIs to ASN1_TIME and related types
83c5100675 Digest function deprecation CHANGES.

Build log ended with (last 100 lines):

65-test_cmp_status.t ............... ok
70-test_asyncio.t .................. ok
70-test_bad_dtls.t ................. ok
70-test_clienthello.t .............. ok
70-test_comp.t ..................... ok
70-test_key_share.t ................ ok
70-test_packet.t ................... ok
70-test_recordlen.t ................ ok
70-test_renegotiation.t ............ ok
70-test_servername.t ............... ok
70-test_sslcbcpadding.t ............ ok
70-test_sslcertstatus.t ............ ok
70-test_sslextension.t ............. ok
70-test_sslmessages.t .............. ok
70-test_sslrecords.t ............... ok
70-test_sslsessiontick.t ........... ok
70-test_sslsigalgs.t ............... ok
70-test_sslsignature.t ............. ok
70-test_sslskewith0p.t ............. ok
70-test_sslversions.t .............. ok
70-test_sslvertol.t ................ ok
70-test_tls13alerts.t .............. ok
70-test_tls13cookie.t .............. ok
70-test_tls13downgrade.t ........... ok
70-test_tls13hrr.t ................. ok
70-test_tls13kexmodes.t ............ ok
70-test_tls13messages.t ............ ok
70-test_tls13psk.t ................. ok
70-test_tlsextms.t ................. ok
70-test_verify_extra.t ............. ok
70-test_wpacket.t .................. ok
71-test_ssl_ctx.t .................. ok
80-test_ca.t ....................... ok
80-test_cipherbytes.t .............. ok
80-test_cipherlist.t ............... ok
80-test_ciphername.t ............... ok
80-test_cms.t ...................... ok
80-test_cmsapi.t ................... ok
80-test_ct.t ....................... ok
80-test_dane.t ..................... ok
80-test_dtls.t ..................... ok
80-test_dtls_mtu.t ................. ok
80-test_dtlsv1listen.t ............. ok
80-test_ocsp.t ..................... ok
80-test_pkcs12.t ................... skipped: The PKCS12 command line utility is not supported by this OpenSSL build
80-test_ssl_new.t .................. ok
80-test_ssl_old.t .................. ok
80-test_ssl_test_ctx.t ............. ok
80-test_sslcorrupt.t ............... ok
80-test_tsa.t ...................... ok
80-test_x509aux.t .................. ok
90-test_asn1_time.t ................ ok
90-test_async.t .................... ok
90-test_bio_enc.t .................. ok
90-test_bio_memleak.t .............. ok
90-test_constant_time.t ............ ok
90-test_fatalerr.t ................. ok
90-test_gmdiff.t ................... ok
90-test_gost.t ..................... ok
90-test_ige.t ...................... ok
90-test_includes.t ................. ok
90-test_memleak.t .................. ok
90-test_overhead.t ................. ok
90-test_secmem.t ................... ok
90-test_shlibload.t ................ ok
90-test_srp.t ...................... ok
90-test_sslapi.t ................... ok
90-test_sslbuffers.t ............... ok
90-test_store.t .................... ok
90-test_sysdefault.t ............... ok
90-test_threads.t .................. ok
90-test_time_offset.t .............. ok
90-test_tls13ccs.t ................. ok
90-test_tls13encryption.t .......... ok
90-test_tls13secrets.t ............. ok
90-test_v3name.t ................... ok
95-test_external_boringssl.t ....... skipped: No external tests in this configuration
95-test_external_krb5.t ............ skipped: No external tests in this configuration
95-test_external_pyca.t ............ skipped: No external tests in this configuration
99-test_ecstress.t ................. ok
99-test_fuzz.t ..................... ok

Test Summary Report
-------------------
03-test_fipsinstall.t            (Wstat: 512 Tests: 9 Failed: 2)
  Failed tests:  3-4
  Non-zero exit status: 2
30-test_evp.t                    (Wstat: 256 Tests: 23 Failed: 1)
  Failed test:  1
  Non-zero exit status: 1
30-test_evp_fetch_prov.t         (Wstat: 5376 Tests: 34 Failed: 21)
  Failed tests:  2, 9-18, 25-34
  Non-zero exit status: 21
Files=188, Tests=1702, 342 wallclock secs ( 6.59 usr  1.15 sys + 321.62 cusr 26.48 csys = 355.84 CPU)
Result: FAIL
Makefile:2798: recipe for target '_tests' failed
make[1]: *** [_tests] Error 1
make[1]: Leaving directory '/home/openssl/run-checker/no-des'
Makefile:2796: recipe for target 'tests' failed
make: *** [tests] Error 2
</PRE>










































































<!--endarticle-->
    <HR>
    <P><UL>
        <!--threads-->
	<LI>Previous message: <A HREF="027138.html">Build failed: openssl master.30970
</A></li>
	<LI>Next message: <A HREF="027172.html">Still FAILED build of OpenSSL branch master with options -d --strict-warnings no-des
</A></li>
         <LI> <B>Messages sorted by:</B> 
              <a href="date.html#27139">[ date ]</a>
              <a href="thread.html#27139">[ thread ]</a>
              <a href="subject.html#27139">[ subject ]</a>
              <a href="author.html#27139">[ author ]</a>
         </LI>
       </UL>

<hr>
<a href="../../../mailman/listinfo/openssl-commits.html">More information about the openssl-commits
mailing list</a><br>
</body></html>
