<!DOCTYPE HTML PUBLIC "-//W3C//DTD HTML 4.01 Transitional//EN">
<HTML>
 <HEAD>
   <TITLE> Still FAILED build of OpenSSL branch master with options -d --strict-warnings no-dtls
   </TITLE>
   <LINK REL="Index" HREF="https://mta.openssl.org/pipermail/openssl-commits/2020-May/index.html" >
   <LINK REL="made" HREF="mailto:openssl-commits%40openssl.org?Subject=Re%3A%20Still%20FAILED%20build%20of%20OpenSSL%20branch%20master%20with%20options%20-d%0A%20--strict-warnings%20no-dtls&In-Reply-To=%3C1588417471.305656.21724.nullmailer%40run.openssl.org%3E">
   <META NAME="robots" CONTENT="index,nofollow">
   <style type="text/css">
       pre {
           white-space: pre-wrap;       /* css-2.1, curent FF, Opera, Safari */
           }
   </style>
   <META http-equiv="Content-Type" content="text/html; charset=us-ascii">
   <LINK REL="Previous"  HREF="028593.html">
   <LINK REL="Next"  HREF="028630.html">
 </HEAD>
 <BODY BGCOLOR="#ffffff">
   <H1>Still FAILED build of OpenSSL branch master with options -d --strict-warnings no-dtls</H1>
    <B>OpenSSL run-checker</B> 
    <A HREF="mailto:openssl-commits%40openssl.org?Subject=Re%3A%20Still%20FAILED%20build%20of%20OpenSSL%20branch%20master%20with%20options%20-d%0A%20--strict-warnings%20no-dtls&In-Reply-To=%3C1588417471.305656.21724.nullmailer%40run.openssl.org%3E"
       TITLE="Still FAILED build of OpenSSL branch master with options -d --strict-warnings no-dtls">openssl at openssl.org
       </A><BR>
    <I>Sat May  2 11:04:31 UTC 2020</I>
    <P><UL>
        <LI>Previous message: <A HREF="028593.html">Still Failing: openssl/openssl#34317 (master - c450922)
</A></li>
        <LI>Next message: <A HREF="028630.html">Still FAILED build of OpenSSL branch master with options -d --strict-warnings no-dtls
</A></li>
         <LI> <B>Messages sorted by:</B> 
              <a href="date.html#28594">[ date ]</a>
              <a href="thread.html#28594">[ thread ]</a>
              <a href="subject.html#28594">[ subject ]</a>
              <a href="author.html#28594">[ author ]</a>
         </LI>
       </UL>
    <HR>  
<!--beginarticle-->
<PRE>Platform and configuration command:

$ uname -a
Linux run 4.15.0-54-generic #58-Ubuntu SMP Mon Jun 24 10:55:24 UTC 2019 x86_64 x86_64 x86_64 GNU/Linux
$ CC=clang ../openssl/config -d --strict-warnings no-dtls

Commit log since last time:

64e54bf5c6 coverity 1462581 Dereference after null check
206da660a3 coverity 1462580 Improper use of negative value
209c3d3ef6 coverity 1462578 Resource leak
6f0bdf41a3 coverity 1462576 Resource leak
3e47e7b454 coverity 1462567: Null pointer dereferences
ba61a0e60f coverity 1462574 Resource leak
5e12a13af7 coverity 1462573 Dereference after null check
cb383f10d1 coverity 1462572 Dereference after null check
61cdc2a08d coverity 1462571 Dereference after null check
67d744b933 coverity 1462570 Resource leak
d4d67bafe7 coverity 1462566 Resource leak
0e2b6091e9 coverity 1462564 Improper use of negative value
437e36aed5 coverity 1462562 Dereference before null check
70e18f9dce coverity 1462561 Uninitialized scalar variable
2a4ad6a5d4 coverity 1462560 Resource leak
576bcdb5bd coverity 1462556 Resource leak
9dbfb11d5a coverity 1462554 Dereference after null check
4dcff55c75 coverity 1462549 Dereference before null check
ada7d4c345 coverity 1462548 Resource leak
089c292825 coverity 1462546 Dereference after null check
dc8908bfe2 coverity 1462545 Dereference after null check
e655ce14d0 coverity: 1462544 Dereference after null check
1f74259d42 coverity 1462543 Logically dead code
bd5f280091 coverity 1462541 Dereference after null check
9b0e74c41a coverity 1462550 Resource leak
721330705a coverity 1462565: Null pointer dereferences
4f5e206dd8 coverity 1462577: Incorrect expression
92f0684d11 param bld: avoid freeing the param builder structure on error paths.
bb4f39114c Fix snprintf missing for windows build
588d5d01fe Undeprecate DH, DSA and RSA _bits() functions.
036ee37063 EVP: Fix evp_keymgmt_util_copy() for to-&gt;keymgmt == NULL
a6ed19dc9a Amend references to &quot;OpenSSL license&quot;
5e427a435b Update EVP_PKEY_fromdata.pod
90a37ce389 include/openssl/ts.h: clean away a misplaced EVP_MD stack definition
01659135a1 include/openssl/x509v3.h: restore previous stack definition arrangement

Build log ended with (last 100 lines):

65-test_cmp_server.t ............... ok
65-test_cmp_status.t ............... ok
65-test_cmp_vfy.t .................. ok
70-test_asyncio.t .................. ok
70-test_bad_dtls.t ................. skipped: DTLSv1 is not supported by this OpenSSL build
70-test_clienthello.t .............. ok
70-test_comp.t ..................... ok
70-test_key_share.t ................ ok
70-test_packet.t ................... ok
70-test_recordlen.t ................ ok
70-test_renegotiation.t ............ ok
70-test_servername.t ............... ok
70-test_sslcbcpadding.t ............ ok
70-test_sslcertstatus.t ............ ok
70-test_sslextension.t ............. ok
70-test_sslmessages.t .............. ok
70-test_sslrecords.t ............... ok
70-test_sslsessiontick.t ........... ok
70-test_sslsigalgs.t ............... ok
70-test_sslsignature.t ............. ok
70-test_sslskewith0p.t ............. ok
70-test_sslversions.t .............. ok
70-test_sslvertol.t ................ ok
70-test_tls13alerts.t .............. ok
70-test_tls13cookie.t .............. ok
70-test_tls13downgrade.t ........... ok
70-test_tls13hrr.t ................. ok
70-test_tls13kexmodes.t ............ ok
70-test_tls13messages.t ............ ok
70-test_tls13psk.t ................. ok
70-test_tlsextms.t ................. ok
70-test_verify_extra.t ............. ok
70-test_wpacket.t .................. ok
71-test_ssl_ctx.t .................. ok
80-test_ca.t ....................... ok
80-test_cipherbytes.t .............. ok
80-test_cipherlist.t ............... ok
80-test_ciphername.t ............... ok
80-test_cms.t ...................... ok
80-test_cmsapi.t ................... ok
80-test_ct.t ....................... ok
80-test_dane.t ..................... ok
80-test_dtls.t ..................... skipped: No DTLS protocols are supported by this OpenSSL build
80-test_dtls_mtu.t ................. skipped: test_dtls_mtu needs DTLS and PSK support enabled
80-test_dtlsv1listen.t ............. ok
80-test_http.t ..................... ok
80-test_ocsp.t ..................... ok
80-test_pkcs12.t ................... ok
80-test_ssl_new.t .................. 
Dubious, test returned 1 (wstat 256, 0x100)
Failed 1/31 subtests 
80-test_ssl_old.t .................. ok
80-test_ssl_test_ctx.t ............. ok
80-test_sslcorrupt.t ............... ok
80-test_tsa.t ...................... ok
80-test_x509aux.t .................. ok
90-test_asn1_time.t ................ ok
90-test_async.t .................... ok
90-test_bio_enc.t .................. ok
90-test_bio_memleak.t .............. ok
90-test_constant_time.t ............ ok
90-test_fatalerr.t ................. ok
90-test_gmdiff.t ................... ok
90-test_gost.t ..................... ok
90-test_ige.t ...................... ok
90-test_includes.t ................. ok
90-test_memleak.t .................. ok
90-test_overhead.t ................. ok
90-test_secmem.t ................... ok
90-test_shlibload.t ................ ok
90-test_srp.t ...................... ok
90-test_sslapi.t ................... ok
90-test_sslbuffers.t ............... ok
90-test_sslprovider.t .............. ok
90-test_store.t .................... ok
90-test_sysdefault.t ............... ok
90-test_threads.t .................. ok
90-test_time_offset.t .............. ok
90-test_tls13ccs.t ................. ok
90-test_tls13encryption.t .......... ok
90-test_tls13secrets.t ............. ok
90-test_v3name.t ................... ok
95-test_external_boringssl.t ....... skipped: No external tests in this configuration
95-test_external_krb5.t ............ skipped: No external tests in this configuration
95-test_external_pyca.t ............ skipped: No external tests in this configuration
99-test_ecstress.t ................. ok
99-test_fuzz.t ..................... ok

Test Summary Report
-------------------
80-test_ssl_new.t                (Wstat: 256 Tests: 31 Failed: 1)
  Failed test:  5
  Non-zero exit status: 1
Files=197, Tests=1984, 640 wallclock secs ( 7.62 usr  1.62 sys + 605.25 cusr 43.04 csys = 657.53 CPU)
Result: FAIL
Makefile:3052: recipe for target '_tests' failed
make[1]: *** [_tests] Error 1
make[1]: Leaving directory '/home/openssl/run-checker/no-dtls'
Makefile:3050: recipe for target 'tests' failed
make: *** [tests] Error 2
</PRE>
















































































































































<!--endarticle-->
    <HR>
    <P><UL>
        <!--threads-->
	<LI>Previous message: <A HREF="028593.html">Still Failing: openssl/openssl#34317 (master - c450922)
</A></li>
	<LI>Next message: <A HREF="028630.html">Still FAILED build of OpenSSL branch master with options -d --strict-warnings no-dtls
</A></li>
         <LI> <B>Messages sorted by:</B> 
              <a href="date.html#28594">[ date ]</a>
              <a href="thread.html#28594">[ thread ]</a>
              <a href="subject.html#28594">[ subject ]</a>
              <a href="author.html#28594">[ author ]</a>
         </LI>
       </UL>

<hr>
<a href="../../../mailman/listinfo/openssl-commits.html">More information about the openssl-commits
mailing list</a><br>
</body></html>
