<!DOCTYPE HTML PUBLIC "-//W3C//DTD HTML 4.01 Transitional//EN">
<HTML>
 <HEAD>
   <TITLE> Still FAILED build of OpenSSL branch master with options -d --strict-warnings no-dgram
   </TITLE>
   <LINK REL="Index" HREF="https://mta.openssl.org/pipermail/openssl-commits/2020-May/index.html" >
   <LINK REL="made" HREF="mailto:openssl-commits%40openssl.org?Subject=Re%3A%20Still%20FAILED%20build%20of%20OpenSSL%20branch%20master%20with%20options%20-d%0A%20--strict-warnings%20no-dgram&In-Reply-To=%3C1589177487.102235.11277.nullmailer%40run.openssl.org%3E">
   <META NAME="robots" CONTENT="index,nofollow">
   <style type="text/css">
       pre {
           white-space: pre-wrap;       /* css-2.1, curent FF, Opera, Safari */
           }
   </style>
   <META http-equiv="Content-Type" content="text/html; charset=us-ascii">
   <LINK REL="Previous"  HREF="028675.html">
   <LINK REL="Next"  HREF="028741.html">
 </HEAD>
 <BODY BGCOLOR="#ffffff">
   <H1>Still FAILED build of OpenSSL branch master with options -d --strict-warnings no-dgram</H1>
    <B>OpenSSL run-checker</B> 
    <A HREF="mailto:openssl-commits%40openssl.org?Subject=Re%3A%20Still%20FAILED%20build%20of%20OpenSSL%20branch%20master%20with%20options%20-d%0A%20--strict-warnings%20no-dgram&In-Reply-To=%3C1589177487.102235.11277.nullmailer%40run.openssl.org%3E"
       TITLE="Still FAILED build of OpenSSL branch master with options -d --strict-warnings no-dgram">openssl at openssl.org
       </A><BR>
    <I>Mon May 11 06:11:27 UTC 2020</I>
    <P><UL>
        <LI>Previous message: <A HREF="028675.html">Still FAILED build of OpenSSL branch master with options -d --strict-warnings no-dgram
</A></li>
        <LI>Next message: <A HREF="028741.html">Still FAILED build of OpenSSL branch master with options -d --strict-warnings no-dgram
</A></li>
         <LI> <B>Messages sorted by:</B> 
              <a href="date.html#28719">[ date ]</a>
              <a href="thread.html#28719">[ thread ]</a>
              <a href="subject.html#28719">[ subject ]</a>
              <a href="author.html#28719">[ author ]</a>
         </LI>
       </UL>
    <HR>  
<!--beginarticle-->
<PRE>Platform and configuration command:

$ uname -a
Linux run 4.15.0-54-generic #58-Ubuntu SMP Mon Jun 24 10:55:24 UTC 2019 x86_64 x86_64 x86_64 GNU/Linux
$ CC=clang ../openssl/config -d --strict-warnings no-dgram

Commit log since last time:

3f2a8d971a doc: fix two invalid &lt;B&gt; tags
582311d7b4 Extract HTTP server code from apps/ocsp.c to apps/lib/http_server.c
d8c78e5f4a Fix bio_wait() in crypto/bio/bio_lib.c in case OPENSSL_NO_SOCK
9253f8346a Constify 'req' parameter of OSSL_HTTP_post_asn1()
045229cfe8 Fix bug in OSSL_CMP_SRV_process_request() on transaction renewal
8c30dfee3e doc: remove deprecation notes for apps that are staying.
0324ffc5d5 Fix PEM certificate loading that sometimes fails
257e9d03b0 Fix issues reported by markdownlint
4ef0ddc9d8 travis: enable markdownlint checks
c7fa92979c EVP: when setting the operation to EVP_PKEY_OP_UNDEFINED, clean up!

Build log ended with (last 100 lines):

65-test_cmp_server.t ............... ok
65-test_cmp_status.t ............... ok
65-test_cmp_vfy.t .................. ok
70-test_asyncio.t .................. ok
70-test_bad_dtls.t ................. skipped: DTLSv1 is not supported by this OpenSSL build
70-test_clienthello.t .............. ok
70-test_comp.t ..................... ok
70-test_key_share.t ................ ok
70-test_packet.t ................... ok
70-test_recordlen.t ................ ok
70-test_renegotiation.t ............ ok
70-test_servername.t ............... ok
70-test_sslcbcpadding.t ............ ok
70-test_sslcertstatus.t ............ ok
70-test_sslextension.t ............. ok
70-test_sslmessages.t .............. ok
70-test_sslrecords.t ............... ok
70-test_sslsessiontick.t ........... ok
70-test_sslsigalgs.t ............... ok
70-test_sslsignature.t ............. ok
70-test_sslskewith0p.t ............. ok
70-test_sslversions.t .............. ok
70-test_sslvertol.t ................ ok
70-test_tls13alerts.t .............. ok
70-test_tls13cookie.t .............. ok
70-test_tls13downgrade.t ........... ok
70-test_tls13hrr.t ................. ok
70-test_tls13kexmodes.t ............ ok
70-test_tls13messages.t ............ ok
70-test_tls13psk.t ................. ok
70-test_tlsextms.t ................. ok
70-test_verify_extra.t ............. ok
70-test_wpacket.t .................. ok
71-test_ssl_ctx.t .................. ok
80-test_ca.t ....................... ok
80-test_cipherbytes.t .............. ok
80-test_cipherlist.t ............... ok
80-test_ciphername.t ............... ok
80-test_cms.t ...................... ok
80-test_cmsapi.t ................... ok
80-test_ct.t ....................... ok
80-test_dane.t ..................... ok
80-test_dtls.t ..................... skipped: No DTLS protocols are supported by this OpenSSL build
80-test_dtls_mtu.t ................. skipped: test_dtls_mtu needs DTLS and PSK support enabled
80-test_dtlsv1listen.t ............. ok
80-test_http.t ..................... ok
80-test_ocsp.t ..................... ok
80-test_pkcs12.t ................... ok
80-test_ssl_new.t .................. 
Dubious, test returned 1 (wstat 256, 0x100)
Failed 1/31 subtests 
80-test_ssl_old.t .................. ok
80-test_ssl_test_ctx.t ............. ok
80-test_sslcorrupt.t ............... ok
80-test_tsa.t ...................... ok
80-test_x509aux.t .................. ok
90-test_asn1_time.t ................ ok
90-test_async.t .................... ok
90-test_bio_enc.t .................. ok
90-test_bio_memleak.t .............. ok
90-test_constant_time.t ............ ok
90-test_fatalerr.t ................. ok
90-test_gmdiff.t ................... ok
90-test_gost.t ..................... ok
90-test_ige.t ...................... ok
90-test_includes.t ................. ok
90-test_memleak.t .................. ok
90-test_overhead.t ................. ok
90-test_secmem.t ................... ok
90-test_shlibload.t ................ ok
90-test_srp.t ...................... ok
90-test_sslapi.t ................... ok
90-test_sslbuffers.t ............... ok
90-test_sslprovider.t .............. ok
90-test_store.t .................... ok
90-test_sysdefault.t ............... ok
90-test_threads.t .................. ok
90-test_time_offset.t .............. ok
90-test_tls13ccs.t ................. ok
90-test_tls13encryption.t .......... ok
90-test_tls13secrets.t ............. ok
90-test_v3name.t ................... ok
95-test_external_boringssl.t ....... skipped: No external tests in this configuration
95-test_external_krb5.t ............ skipped: No external tests in this configuration
95-test_external_pyca.t ............ skipped: No external tests in this configuration
99-test_ecstress.t ................. ok
99-test_fuzz.t ..................... ok

Test Summary Report
-------------------
80-test_ssl_new.t                (Wstat: 256 Tests: 31 Failed: 1)
  Failed test:  5
  Non-zero exit status: 1
Files=197, Tests=1987, 663 wallclock secs ( 8.73 usr  1.53 sys + 620.65 cusr 45.19 csys = 676.10 CPU)
Result: FAIL
Makefile:3041: recipe for target '_tests' failed
make[1]: *** [_tests] Error 1
make[1]: Leaving directory '/home/openssl/run-checker/no-dgram'
Makefile:3039: recipe for target 'tests' failed
make: *** [tests] Error 2
</PRE>


<!--endarticle-->
    <HR>
    <P><UL>
        <!--threads-->
	<LI>Previous message: <A HREF="028675.html">Still FAILED build of OpenSSL branch master with options -d --strict-warnings no-dgram
</A></li>
	<LI>Next message: <A HREF="028741.html">Still FAILED build of OpenSSL branch master with options -d --strict-warnings no-dgram
</A></li>
         <LI> <B>Messages sorted by:</B> 
              <a href="date.html#28719">[ date ]</a>
              <a href="thread.html#28719">[ thread ]</a>
              <a href="subject.html#28719">[ subject ]</a>
              <a href="author.html#28719">[ author ]</a>
         </LI>
       </UL>

<hr>
<a href="../../../mailman/listinfo/openssl-commits.html">More information about the openssl-commits
mailing list</a><br>
</body></html>
