<!DOCTYPE HTML PUBLIC "-//W3C//DTD HTML 4.01 Transitional//EN">
<HTML>
 <HEAD>
   <TITLE> Still FAILED build of OpenSSL branch master with options -d --strict-warnings no-dtls
   </TITLE>
   <LINK REL="Index" HREF="https://mta.openssl.org/pipermail/openssl-commits/2020-May/index.html" >
   <LINK REL="made" HREF="mailto:openssl-commits%40openssl.org?Subject=Re%3A%20Still%20FAILED%20build%20of%20OpenSSL%20branch%20master%20with%20options%20-d%0A%20--strict-warnings%20no-dtls&In-Reply-To=%3C1589022494.437352.27989.nullmailer%40run.openssl.org%3E">
   <META NAME="robots" CONTENT="index,nofollow">
   <style type="text/css">
       pre {
           white-space: pre-wrap;       /* css-2.1, curent FF, Opera, Safari */
           }
   </style>
   <META http-equiv="Content-Type" content="text/html; charset=us-ascii">
   <LINK REL="Previous"  HREF="028658.html">
   <LINK REL="Next"  HREF="028732.html">
 </HEAD>
 <BODY BGCOLOR="#ffffff">
   <H1>Still FAILED build of OpenSSL branch master with options -d --strict-warnings no-dtls</H1>
    <B>OpenSSL run-checker</B> 
    <A HREF="mailto:openssl-commits%40openssl.org?Subject=Re%3A%20Still%20FAILED%20build%20of%20OpenSSL%20branch%20master%20with%20options%20-d%0A%20--strict-warnings%20no-dtls&In-Reply-To=%3C1589022494.437352.27989.nullmailer%40run.openssl.org%3E"
       TITLE="Still FAILED build of OpenSSL branch master with options -d --strict-warnings no-dtls">openssl at openssl.org
       </A><BR>
    <I>Sat May  9 11:08:14 UTC 2020</I>
    <P><UL>
        <LI>Previous message: <A HREF="028658.html">Still FAILED build of OpenSSL branch master with options -d --strict-warnings no-dtls
</A></li>
        <LI>Next message: <A HREF="028732.html">Still FAILED build of OpenSSL branch master with options -d --strict-warnings no-dtls
</A></li>
         <LI> <B>Messages sorted by:</B> 
              <a href="date.html#28700">[ date ]</a>
              <a href="thread.html#28700">[ thread ]</a>
              <a href="subject.html#28700">[ subject ]</a>
              <a href="author.html#28700">[ author ]</a>
         </LI>
       </UL>
    <HR>  
<!--beginarticle-->
<PRE>Platform and configuration command:

$ uname -a
Linux run 4.15.0-54-generic #58-Ubuntu SMP Mon Jun 24 10:55:24 UTC 2019 x86_64 x86_64 x86_64 GNU/Linux
$ CC=clang ../openssl/config -d --strict-warnings no-dtls

Commit log since last time:

73d6b4efe6 Fix use-after-free in BIO_C_SET_SSL callback
90fc2c26df SSL_OP_DISABLE_TLSEXT_CA_NAMES option implementation
2b5e12f509 Add documentation for CMS_EnvelopedData_create()
31b069ecea Remove legacy FIPS_mode functions
45c236ad1f Add RSA SHA512 truncated digest support
3bf26eb335 Add OIDS for md4 and ripemd160 to der_rsa
5e77b79a8c Remove gen_get_params &amp; gen_gettable_params from keygen operation
9f2058611f Remove cipher table lookup from EVP_CipherInit_ex
4975e8b4d2 Configure: avoid perl regexp bugs
edbb56ee4f s_server normal shutdown
a96e6c347b Extend test_ssl_get_shared_ciphers
4264ecd4ce Don't offer or accept ciphersuites that we can't support
15dd075f70 Fix a memory leak in CONF .include handling
6ed34b3eff Centralise Environment Variables for the tests
500a761517 The synthesized OPENSSL_VERSION_NUMBER must be long
35774d5594 Fix up whitespace nits introduced by PR #11416

Build log ended with (last 100 lines):

65-test_cmp_server.t ............... ok
65-test_cmp_status.t ............... ok
65-test_cmp_vfy.t .................. ok
70-test_asyncio.t .................. ok
70-test_bad_dtls.t ................. skipped: DTLSv1 is not supported by this OpenSSL build
70-test_clienthello.t .............. ok
70-test_comp.t ..................... ok
70-test_key_share.t ................ ok
70-test_packet.t ................... ok
70-test_recordlen.t ................ ok
70-test_renegotiation.t ............ ok
70-test_servername.t ............... ok
70-test_sslcbcpadding.t ............ ok
70-test_sslcertstatus.t ............ ok
70-test_sslextension.t ............. ok
70-test_sslmessages.t .............. ok
70-test_sslrecords.t ............... ok
70-test_sslsessiontick.t ........... ok
70-test_sslsigalgs.t ............... ok
70-test_sslsignature.t ............. ok
70-test_sslskewith0p.t ............. ok
70-test_sslversions.t .............. ok
70-test_sslvertol.t ................ ok
70-test_tls13alerts.t .............. ok
70-test_tls13cookie.t .............. ok
70-test_tls13downgrade.t ........... ok
70-test_tls13hrr.t ................. ok
70-test_tls13kexmodes.t ............ ok
70-test_tls13messages.t ............ ok
70-test_tls13psk.t ................. ok
70-test_tlsextms.t ................. ok
70-test_verify_extra.t ............. ok
70-test_wpacket.t .................. ok
71-test_ssl_ctx.t .................. ok
80-test_ca.t ....................... ok
80-test_cipherbytes.t .............. ok
80-test_cipherlist.t ............... ok
80-test_ciphername.t ............... ok
80-test_cms.t ...................... ok
80-test_cmsapi.t ................... ok
80-test_ct.t ....................... ok
80-test_dane.t ..................... ok
80-test_dtls.t ..................... skipped: No DTLS protocols are supported by this OpenSSL build
80-test_dtls_mtu.t ................. skipped: test_dtls_mtu needs DTLS and PSK support enabled
80-test_dtlsv1listen.t ............. ok
80-test_http.t ..................... ok
80-test_ocsp.t ..................... ok
80-test_pkcs12.t ................... ok
80-test_ssl_new.t .................. 
Dubious, test returned 1 (wstat 256, 0x100)
Failed 1/31 subtests 
80-test_ssl_old.t .................. ok
80-test_ssl_test_ctx.t ............. ok
80-test_sslcorrupt.t ............... ok
80-test_tsa.t ...................... ok
80-test_x509aux.t .................. ok
90-test_asn1_time.t ................ ok
90-test_async.t .................... ok
90-test_bio_enc.t .................. ok
90-test_bio_memleak.t .............. ok
90-test_constant_time.t ............ ok
90-test_fatalerr.t ................. ok
90-test_gmdiff.t ................... ok
90-test_gost.t ..................... ok
90-test_ige.t ...................... ok
90-test_includes.t ................. ok
90-test_memleak.t .................. ok
90-test_overhead.t ................. ok
90-test_secmem.t ................... ok
90-test_shlibload.t ................ ok
90-test_srp.t ...................... ok
90-test_sslapi.t ................... ok
90-test_sslbuffers.t ............... ok
90-test_sslprovider.t .............. ok
90-test_store.t .................... ok
90-test_sysdefault.t ............... ok
90-test_threads.t .................. ok
90-test_time_offset.t .............. ok
90-test_tls13ccs.t ................. ok
90-test_tls13encryption.t .......... ok
90-test_tls13secrets.t ............. ok
90-test_v3name.t ................... ok
95-test_external_boringssl.t ....... skipped: No external tests in this configuration
95-test_external_krb5.t ............ skipped: No external tests in this configuration
95-test_external_pyca.t ............ skipped: No external tests in this configuration
99-test_ecstress.t ................. ok
99-test_fuzz.t ..................... ok

Test Summary Report
-------------------
80-test_ssl_new.t                (Wstat: 256 Tests: 31 Failed: 1)
  Failed test:  5
  Non-zero exit status: 1
Files=197, Tests=1984, 653 wallclock secs ( 8.22 usr  1.45 sys + 615.72 cusr 43.44 csys = 668.83 CPU)
Result: FAIL
Makefile:3030: recipe for target '_tests' failed
make[1]: *** [_tests] Error 1
make[1]: Leaving directory '/home/openssl/run-checker/no-dtls'
Makefile:3028: recipe for target 'tests' failed
make: *** [tests] Error 2
</PRE>












































































































<!--endarticle-->
    <HR>
    <P><UL>
        <!--threads-->
	<LI>Previous message: <A HREF="028658.html">Still FAILED build of OpenSSL branch master with options -d --strict-warnings no-dtls
</A></li>
	<LI>Next message: <A HREF="028732.html">Still FAILED build of OpenSSL branch master with options -d --strict-warnings no-dtls
</A></li>
         <LI> <B>Messages sorted by:</B> 
              <a href="date.html#28700">[ date ]</a>
              <a href="thread.html#28700">[ thread ]</a>
              <a href="subject.html#28700">[ subject ]</a>
              <a href="author.html#28700">[ author ]</a>
         </LI>
       </UL>

<hr>
<a href="../../../mailman/listinfo/openssl-commits.html">More information about the openssl-commits
mailing list</a><br>
</body></html>
