<!DOCTYPE HTML PUBLIC "-//W3C//DTD HTML 4.01 Transitional//EN">
<HTML>
 <HEAD>
   <TITLE> Still FAILED build of OpenSSL branch master with options -d --strict-warnings no-dtls1_2
   </TITLE>
   <LINK REL="Index" HREF="https://mta.openssl.org/pipermail/openssl-commits/2020-May/index.html" >
   <LINK REL="made" HREF="mailto:openssl-commits%40openssl.org?Subject=Re%3A%20Still%20FAILED%20build%20of%20OpenSSL%20branch%20master%20with%20options%20-d%0A%20--strict-warnings%20no-dtls1_2&In-Reply-To=%3C1589887036.544579.22733.nullmailer%40run.openssl.org%3E">
   <META NAME="robots" CONTENT="index,nofollow">
   <style type="text/css">
       pre {
           white-space: pre-wrap;       /* css-2.1, curent FF, Opera, Safari */
           }
   </style>
   <META http-equiv="Content-Type" content="text/html; charset=us-ascii">
   <LINK REL="Previous"  HREF="028790.html">
   <LINK REL="Next"  HREF="028855.html">
 </HEAD>
 <BODY BGCOLOR="#ffffff">
   <H1>Still FAILED build of OpenSSL branch master with options -d --strict-warnings no-dtls1_2</H1>
    <B>OpenSSL run-checker</B> 
    <A HREF="mailto:openssl-commits%40openssl.org?Subject=Re%3A%20Still%20FAILED%20build%20of%20OpenSSL%20branch%20master%20with%20options%20-d%0A%20--strict-warnings%20no-dtls1_2&In-Reply-To=%3C1589887036.544579.22733.nullmailer%40run.openssl.org%3E"
       TITLE="Still FAILED build of OpenSSL branch master with options -d --strict-warnings no-dtls1_2">openssl at openssl.org
       </A><BR>
    <I>Tue May 19 11:17:16 UTC 2020</I>
    <P><UL>
        <LI>Previous message: <A HREF="028790.html">Still FAILED build of OpenSSL branch master with options -d --strict-warnings no-dtls1_2
</A></li>
        <LI>Next message: <A HREF="028855.html">Still FAILED build of OpenSSL branch master with options -d --strict-warnings no-dtls1_2
</A></li>
         <LI> <B>Messages sorted by:</B> 
              <a href="date.html#28820">[ date ]</a>
              <a href="thread.html#28820">[ thread ]</a>
              <a href="subject.html#28820">[ subject ]</a>
              <a href="author.html#28820">[ author ]</a>
         </LI>
       </UL>
    <HR>  
<!--beginarticle-->
<PRE>Platform and configuration command:

$ uname -a
Linux run 4.15.0-54-generic #58-Ubuntu SMP Mon Jun 24 10:55:24 UTC 2019 x86_64 x86_64 x86_64 GNU/Linux
$ CC=clang ../openssl/config -d --strict-warnings no-dtls1_2

Commit log since last time:

4fcd15c18a deprecate EC_POINTs_mul function
06a2027bd5 Update documentation following changes of various types
d40b42ab4c Maintain strict type discipline between the core and providers
827f04d510 CORE: Fix a couple of bugs in algorithm_do_this()
0b2b0be948 Test TLSv1.3 out-of-band PSK with all 5 ciphersuites
2e1a4f6aeb Fix crash in early data send with out-of-band PSK using AES CCM
43a70f0202 Fix all MD036 (emphasis used instead of heading)
a51f225d0d Add &quot;md-nits&quot; make target
538404d218 Add 'methods' parameter to setup_engine() in apps.c for individual method defaults
8c10e1b660 Clean up macro definitions of openssl_fdset() in apps.h and sockets.h
6d382c74b3 Use OSSL_STORE for load_{,pub}key() and load_cert() in apps/lib/apps.c
60d5331350 Nit-fix: remove whitespace in doc/man3/EVP_PKEY_fromdata.pod causing warning
db71d31547 Guard use of struct tms with #ifdef __TMS like done earlier in apps/lib/apps.c
c6601bd2d7 Build: make apps/progs.c depend on configdata.pm
92dc275f95 SSL: refactor ssl_cert_lookup_by_pkey() to work with provider side keys
8062724063 Ignore some auto-generated DER files
5d979e0484 Prepare for 3.0 alpha 3
9e8604b891 Prepare for release of 3.0 alpha 2
454afd9866 Update copyright year
11d7d90344 If SOURCE_DATE_EPOCH is defined, use it for copyright year
d30ef63964 Correct alignment calculation in ssl3_setup_write
76899264cb Configure: Avoid SIXTY_FOUR_BIT for linux-mips64
64af3aecae dev/release.sh: Add --reviewer to set reviewers
6c3cbc9391 Pass &quot;-z defs&quot; to the linker via &quot;-Wl,-z,defs&quot; rather than with gcc's -z flag (which is not supported by older compilers).

Build log ended with (last 100 lines):

70-test_clienthello.t .............. ok
70-test_comp.t ..................... ok
70-test_key_share.t ................ ok
70-test_packet.t ................... ok
70-test_recordlen.t ................ ok
70-test_renegotiation.t ............ ok
70-test_servername.t ............... ok
70-test_sslcbcpadding.t ............ ok
70-test_sslcertstatus.t ............ ok
70-test_sslextension.t ............. ok
70-test_sslmessages.t .............. ok
70-test_sslrecords.t ............... ok
70-test_sslsessiontick.t ........... ok
70-test_sslsigalgs.t ............... ok
70-test_sslsignature.t ............. ok
70-test_sslskewith0p.t ............. ok
70-test_sslversions.t .............. ok
70-test_sslvertol.t ................ ok
70-test_tls13alerts.t .............. ok
70-test_tls13cookie.t .............. ok
70-test_tls13downgrade.t ........... ok
70-test_tls13hrr.t ................. ok
70-test_tls13kexmodes.t ............ ok
70-test_tls13messages.t ............ ok
70-test_tls13psk.t ................. ok
70-test_tlsextms.t ................. ok
70-test_verify_extra.t ............. ok
70-test_wpacket.t .................. ok
71-test_ssl_ctx.t .................. ok
80-test_ca.t ....................... ok
80-test_cipherbytes.t .............. ok
80-test_cipherlist.t ............... ok
80-test_ciphername.t ............... ok
80-test_cms.t ...................... ok
80-test_cmsapi.t ................... ok
80-test_ct.t ....................... ok
80-test_dane.t ..................... ok
80-test_dtls.t ..................... ok
80-test_dtls_mtu.t ................. skipped: test_dtls_mtu needs DTLS and PSK support enabled
80-test_dtlsv1listen.t ............. ok
80-test_http.t ..................... ok
80-test_ocsp.t ..................... ok
80-test_pkcs12.t ................... ok
80-test_ssl_new.t .................. 
Dubious, test returned 4 (wstat 1024, 0x400)
Failed 4/31 subtests 
80-test_ssl_old.t .................. ok
80-test_ssl_test_ctx.t ............. ok
80-test_sslcorrupt.t ............... ok
80-test_tsa.t ...................... ok
80-test_x509aux.t .................. ok
90-test_asn1_time.t ................ ok
90-test_async.t .................... ok
90-test_bio_enc.t .................. ok
90-test_bio_memleak.t .............. ok
90-test_constant_time.t ............ ok
90-test_fatalerr.t ................. ok
90-test_gmdiff.t ................... ok
90-test_gost.t ..................... ok
90-test_ige.t ...................... ok
90-test_includes.t ................. ok
90-test_memleak.t .................. ok
90-test_overhead.t ................. ok
90-test_secmem.t ................... ok
90-test_shlibload.t ................ ok
90-test_srp.t ...................... ok
90-test_sslapi.t ................... 
Dubious, test returned 1 (wstat 256, 0x100)
Failed 1/3 subtests 
90-test_sslbuffers.t ............... ok
90-test_sslprovider.t .............. ok
90-test_store.t .................... ok
90-test_sysdefault.t ............... ok
90-test_threads.t .................. ok
90-test_time_offset.t .............. ok
90-test_tls13ccs.t ................. ok
90-test_tls13encryption.t .......... ok
90-test_tls13secrets.t ............. ok
90-test_v3name.t ................... ok
95-test_external_boringssl.t ....... skipped: No external tests in this configuration
95-test_external_krb5.t ............ skipped: No external tests in this configuration
95-test_external_pyca.t ............ skipped: No external tests in this configuration
99-test_ecstress.t ................. ok
99-test_fuzz.t ..................... ok

Test Summary Report
-------------------
80-test_ssl_new.t                (Wstat: 1024 Tests: 31 Failed: 4)
  Failed tests:  5, 8, 17, 19
  Non-zero exit status: 4
90-test_sslapi.t                 (Wstat: 256 Tests: 3 Failed: 1)
  Failed test:  3
  Non-zero exit status: 1
Files=197, Tests=1991, 627 wallclock secs ( 7.86 usr  1.35 sys + 590.66 cusr 41.03 csys = 640.90 CPU)
Result: FAIL
Makefile:3062: recipe for target '_tests' failed
make[1]: *** [_tests] Error 1
make[1]: Leaving directory '/home/openssl/run-checker/no-dtls1_2'
Makefile:3060: recipe for target 'tests' failed
make: *** [tests] Error 2
</PRE>

































































<!--endarticle-->
    <HR>
    <P><UL>
        <!--threads-->
	<LI>Previous message: <A HREF="028790.html">Still FAILED build of OpenSSL branch master with options -d --strict-warnings no-dtls1_2
</A></li>
	<LI>Next message: <A HREF="028855.html">Still FAILED build of OpenSSL branch master with options -d --strict-warnings no-dtls1_2
</A></li>
         <LI> <B>Messages sorted by:</B> 
              <a href="date.html#28820">[ date ]</a>
              <a href="thread.html#28820">[ thread ]</a>
              <a href="subject.html#28820">[ subject ]</a>
              <a href="author.html#28820">[ author ]</a>
         </LI>
       </UL>

<hr>
<a href="../../../mailman/listinfo/openssl-commits.html">More information about the openssl-commits
mailing list</a><br>
</body></html>
