<!DOCTYPE HTML PUBLIC "-//W3C//DTD HTML 4.01 Transitional//EN">
<HTML>
 <HEAD>
   <TITLE> [openssl-commits] FAILED build of OpenSSL branch	OpenSSL_1_1_0-stable with options -d --strict-warnings no-afalgeng
   </TITLE>
   <LINK REL="Index" HREF="https://mta.openssl.org/pipermail/openssl-commits/2017-March/index.html" >
   <LINK REL="made" HREF="mailto:openssl-commits%40openssl.org?Subject=Re%3A%20%5Bopenssl-commits%5D%20FAILED%20build%20of%20OpenSSL%20branch%0A%09OpenSSL_1_1_0-stable%20with%20options%20-d%20--strict-warnings%20no-afalgeng&In-Reply-To=%3C1489310198.543272.20315.nullmailer%40test.openssl.org%3E">
   <META NAME="robots" CONTENT="index,nofollow">
   <style type="text/css">
       pre {
           white-space: pre-wrap;       /* css-2.1, curent FF, Opera, Safari */
           }
   </style>
   <META http-equiv="Content-Type" content="text/html; charset=us-ascii">
   <LINK REL="Previous"  HREF="013736.html">
   <LINK REL="Next"  HREF="013568.html">
 </HEAD>
 <BODY BGCOLOR="#ffffff">
   <H1>[openssl-commits] FAILED build of OpenSSL branch	OpenSSL_1_1_0-stable with options -d --strict-warnings no-afalgeng</H1>
    <B>OpenSSL run-checker</B> 
    <A HREF="mailto:openssl-commits%40openssl.org?Subject=Re%3A%20%5Bopenssl-commits%5D%20FAILED%20build%20of%20OpenSSL%20branch%0A%09OpenSSL_1_1_0-stable%20with%20options%20-d%20--strict-warnings%20no-afalgeng&In-Reply-To=%3C1489310198.543272.20315.nullmailer%40test.openssl.org%3E"
       TITLE="[openssl-commits] FAILED build of OpenSSL branch	OpenSSL_1_1_0-stable with options -d --strict-warnings no-afalgeng">openssl at openssl.org
       </A><BR>
    <I>Sun Mar 12 09:16:38 UTC 2017</I>
    <P><UL>
        <LI>Previous message: <A HREF="013736.html">[openssl-commits] Still FAILED build of OpenSSL branch master with	options -d --strict-warnings no-poly1305
</A></li>
        <LI>Next message: <A HREF="013568.html">[openssl-commits] Still Failing: openssl/openssl#9375 (master -	d4ea965)
</A></li>
         <LI> <B>Messages sorted by:</B> 
              <a href="date.html#13566">[ date ]</a>
              <a href="thread.html#13566">[ thread ]</a>
              <a href="subject.html#13566">[ subject ]</a>
              <a href="author.html#13566">[ author ]</a>
         </LI>
       </UL>
    <HR>  
<!--beginarticle-->
<PRE>Platform and configuration command:

$ uname -a
Linux test 4.4.0-64-generic #85-Ubuntu SMP Mon Feb 20 11:50:30 UTC 2017 x86_64 x86_64 x86_64 GNU/Linux
$ CC=clang ../openssl/config -d --strict-warnings no-afalgeng

Commit log since last time:

c2f9144 Fix out-of-memory condition in conf
a3b56f2 Handle find-doc-nits script rename
8d92311 Fix many doc L&lt;&gt; errors
1639a91 UI docs: Rephrase the UI method function return value description

Build log ended with (last 100 lines):

	LDFLAGS='' \
	link_app.linux-shared
make[2]: Entering directory '/home/openssl/run-checker-1.1.0/no-afalgeng'
LD_LIBRARY_PATH=.: clang -DDSO_DLFCN -DHAVE_DLFCN_H -DOPENSSL_THREADS -DOPENSSL_NO_STATIC_ENGINE -DOPENSSL_PIC -DOPENSSL_IA32_SSE2 -DOPENSSL_BN_ASM_MONT -DOPENSSL_BN_ASM_MONT5 -DOPENSSL_BN_ASM_GF2m -DSHA1_ASM -DSHA256_ASM -DSHA512_ASM -DRC4_ASM -DMD5_ASM -DAES_ASM -DVPAES_ASM -DBSAES_ASM -DGHASH_ASM -DECP_NISTZ256_ASM -DPADLOCK_ASM -DPOLY1305_ASM -DOPENSSLDIR=&quot;/usr/local/ssl&quot; -DENGINESDIR=&quot;/usr/local/lib/engines-1.1&quot; -Wall -O0 -g -pthread -m64 -DL_ENDIAN -Wextra -Qunused-arguments -DDEBUG_UNUSED -DPEDANTIC -pedantic -Wno-long-long -Wall -Wsign-compare -Wmissing-prototypes -Wshadow -Wformat -Wtype-limits -Wundef -Werror -Qunused-arguments -Wextra -Wno-unused-parameter -Wno-missing-field-initializers -Wno-language-extension-token -Wno-extended-offsetof -Wconditional-uninitialized -Wincompatible-pointer-types-discards-qualifiers -Wmissing-variable-declarations -o test/wp_test test/wp_test.o -L. -lcrypto -ldl
make[2]: Leaving directory '/home/openssl/run-checker-1.1.0/no-afalgeng'
clang  -Iinclude -I../openssl/include -DDSO_DLFCN -DHAVE_DLFCN_H -DOPENSSL_THREADS -DOPENSSL_NO_STATIC_ENGINE -DOPENSSL_PIC -DOPENSSL_IA32_SSE2 -DOPENSSL_BN_ASM_MONT -DOPENSSL_BN_ASM_MONT5 -DOPENSSL_BN_ASM_GF2m -DSHA1_ASM -DSHA256_ASM -DSHA512_ASM -DRC4_ASM -DMD5_ASM -DAES_ASM -DVPAES_ASM -DBSAES_ASM -DGHASH_ASM -DECP_NISTZ256_ASM -DPADLOCK_ASM -DPOLY1305_ASM -DOPENSSLDIR=&quot;\&quot;/usr/local/ssl\&quot;&quot; -DENGINESDIR=&quot;\&quot;/usr/local/lib/engines-1.1\&quot;&quot; -Wall -O0 -g -pthread -m64 -DL_ENDIAN -Wextra -Qunused-arguments  -DDEBUG_UNUSED -DPEDANTIC -pedantic -Wno-long-long -Wall -Wsign-compare -Wmissing-prototypes -Wshadow -Wformat -Wtype-limits -Wundef -Werror -Qunused-arguments -Wextra -Wno-unused-parameter -Wno-missing-field-initializers -Wno-language-extension-token -Wno-extended-offsetof -Wconditional-uninitialized -Wincompatible-pointer-types-discards-qualifiers -Wmissing-variable-declarations  -MMD -MF test/x509aux.d.tmp -MT test/x509aux.o -c -o test/x509aux.o ../openssl/test/x509aux.c
rm -f test/x509aux
make -f ../openssl/Makefile.shared -e \
	PERL=&quot;/usr/bin/perl&quot; SRCDIR=../openssl \
	APPNAME=test/x509aux OBJECTS=&quot;test/x509aux.o&quot; \
	LIBDEPS=' '&quot; -L. -lcrypto&quot;' -ldl ' \
	CC='clang' CFLAGS='-DDSO_DLFCN -DHAVE_DLFCN_H -DOPENSSL_THREADS -DOPENSSL_NO_STATIC_ENGINE -DOPENSSL_PIC -DOPENSSL_IA32_SSE2 -DOPENSSL_BN_ASM_MONT -DOPENSSL_BN_ASM_MONT5 -DOPENSSL_BN_ASM_GF2m -DSHA1_ASM -DSHA256_ASM -DSHA512_ASM -DRC4_ASM -DMD5_ASM -DAES_ASM -DVPAES_ASM -DBSAES_ASM -DGHASH_ASM -DECP_NISTZ256_ASM -DPADLOCK_ASM -DPOLY1305_ASM -DOPENSSLDIR=&quot;\&quot;/usr/local/ssl\&quot;&quot; -DENGINESDIR=&quot;\&quot;/usr/local/lib/engines-1.1\&quot;&quot; -Wall -O0 -g -pthread -m64 -DL_ENDIAN -Wextra -Qunused-arguments  -DDEBUG_UNUSED -DPEDANTIC -pedantic -Wno-long-long -Wall -Wsign-compare -Wmissing-prototypes -Wshadow -Wformat -Wtype-limits -Wundef -Werror -Qunused-arguments -Wextra -Wno-unused-parameter -Wno-missing-field-initializers -Wno-language-extension-token -Wno-extended-offsetof -Wconditional-uninitialized -Wincompatible-pointer-types-discards-qualifiers -Wmissing-variable-declarations ' \
	LDFLAGS='' \
	link_app.linux-shared
make[2]: Entering directory '/home/openssl/run-checker-1.1.0/no-afalgeng'
LD_LIBRARY_PATH=.: clang -DDSO_DLFCN -DHAVE_DLFCN_H -DOPENSSL_THREADS -DOPENSSL_NO_STATIC_ENGINE -DOPENSSL_PIC -DOPENSSL_IA32_SSE2 -DOPENSSL_BN_ASM_MONT -DOPENSSL_BN_ASM_MONT5 -DOPENSSL_BN_ASM_GF2m -DSHA1_ASM -DSHA256_ASM -DSHA512_ASM -DRC4_ASM -DMD5_ASM -DAES_ASM -DVPAES_ASM -DBSAES_ASM -DGHASH_ASM -DECP_NISTZ256_ASM -DPADLOCK_ASM -DPOLY1305_ASM -DOPENSSLDIR=&quot;/usr/local/ssl&quot; -DENGINESDIR=&quot;/usr/local/lib/engines-1.1&quot; -Wall -O0 -g -pthread -m64 -DL_ENDIAN -Wextra -Qunused-arguments -DDEBUG_UNUSED -DPEDANTIC -pedantic -Wno-long-long -Wall -Wsign-compare -Wmissing-prototypes -Wshadow -Wformat -Wtype-limits -Wundef -Werror -Qunused-arguments -Wextra -Wno-unused-parameter -Wno-missing-field-initializers -Wno-language-extension-token -Wno-extended-offsetof -Wconditional-uninitialized -Wincompatible-pointer-types-discards-qualifiers -Wmissing-variable-declarations -o test/x509aux test/x509aux.o -L. -lcrypto -ldl
make[2]: Leaving directory '/home/openssl/run-checker-1.1.0/no-afalgeng'
/usr/bin/perl &quot;-I.&quot; -Mconfigdata &quot;../openssl/util/dofile.pl&quot; \
    &quot;-oMakefile&quot; ../openssl/apps/CA.pl.in &gt; &quot;apps/CA.pl&quot;
chmod a+x apps/CA.pl
/usr/bin/perl &quot;-I.&quot; -Mconfigdata &quot;../openssl/util/dofile.pl&quot; \
    &quot;-oMakefile&quot; ../openssl/apps/tsget.in &gt; &quot;apps/tsget&quot;
chmod a+x apps/tsget
/usr/bin/perl &quot;-I.&quot; -Mconfigdata &quot;../openssl/util/dofile.pl&quot; \
    &quot;-oMakefile&quot; ../openssl/tools/c_rehash.in &gt; &quot;tools/c_rehash&quot;
chmod a+x tools/c_rehash
/usr/bin/perl &quot;-I.&quot; -Mconfigdata &quot;../openssl/util/dofile.pl&quot; \
    &quot;-oMakefile&quot; ../openssl/util/shlib_wrap.sh.in &gt; &quot;util/shlib_wrap.sh&quot;
chmod a+x util/shlib_wrap.sh
make[1]: Leaving directory '/home/openssl/run-checker-1.1.0/no-afalgeng'
$ make test
make depend &amp;&amp; make _tests
make[1]: Entering directory '/home/openssl/run-checker-1.1.0/no-afalgeng'
make[1]: Leaving directory '/home/openssl/run-checker-1.1.0/no-afalgeng'
make[1]: Entering directory '/home/openssl/run-checker-1.1.0/no-afalgeng'
( cd test; \
  SRCTOP=../../openssl \
  BLDTOP=../. \
  PERL=&quot;/usr/bin/perl&quot; \
  EXE_EXT= \
  OPENSSL_ENGINES=.././engines \
  OPENSSL_DEBUG_MEMORY=on \
    /usr/bin/perl ../../openssl/test/run_tests.pl  )
../../openssl/test/recipes/01-test_abort.t ............ ok
../../openssl/test/recipes/01-test_sanity.t ........... ok
../../openssl/test/recipes/01-test_symbol_presence.t .. ok
../../openssl/test/recipes/02-test_ordinals.t ......... ok
../../openssl/test/recipes/03-test_exdata.t ........... ok
../../openssl/test/recipes/03-test_ui.t ............... ok
../../openssl/test/recipes/04-test_pem.t .............. ok
../../openssl/test/recipes/05-test_bf.t ............... ok
../../openssl/test/recipes/05-test_cast.t ............. ok
../../openssl/test/recipes/05-test_des.t .............. ok
../../openssl/test/recipes/05-test_hmac.t ............. ok
../../openssl/test/recipes/05-test_idea.t ............. ok
../../openssl/test/recipes/05-test_md2.t .............. skipped: md2 is not supported by this OpenSSL build
../../openssl/test/recipes/05-test_md4.t .............. ok
../../openssl/test/recipes/05-test_md5.t .............. ok
../../openssl/test/recipes/05-test_mdc2.t ............. ok
../../openssl/test/recipes/05-test_rand.t ............. ok
../../openssl/test/recipes/05-test_rc2.t .............. ok
../../openssl/test/recipes/05-test_rc4.t .............. ok
../../openssl/test/recipes/05-test_rc5.t .............. skipped: rc5 is not supported by this OpenSSL build
../../openssl/test/recipes/05-test_rmd.t .............. ok
../../openssl/test/recipes/05-test_sha1.t ............. ok
../../openssl/test/recipes/05-test_sha256.t ........... ok
../../openssl/test/recipes/05-test_sha512.t ........... ok
../../openssl/test/recipes/05-test_wp.t ............... ok
../../openssl/test/recipes/10-test_bn.t ............... ok
../../openssl/test/recipes/10-test_exp.t .............. ok
../../openssl/test/recipes/15-test_dh.t ............... ok
../../openssl/test/recipes/15-test_dsa.t .............. ok
../../openssl/test/recipes/15-test_ec.t ............... ok
../../openssl/test/recipes/15-test_ecdh.t ............. ok
../../openssl/test/recipes/15-test_ecdsa.t ............ ok
../../openssl/test/recipes/15-test_genrsa.t ........... ok
../../openssl/test/recipes/15-test_rsa.t .............. ok
../../openssl/test/recipes/20-test_enc.t .............. ok
../../openssl/test/recipes/20-test_passwd.t ........... ok
../../openssl/test/recipes/25-test_crl.t .............. ok
../../openssl/test/recipes/25-test_d2i.t .............. ok
../../openssl/test/recipes/25-test_pkcs7.t ............ ok
../../openssl/test/recipes/25-test_req.t .............. ok
../../openssl/test/recipes/25-test_sid.t .............. ok
../../openssl/test/recipes/25-test_verify.t ........... ok
../../openssl/test/recipes/25-test_x509.t ............. ok
../../openssl/test/recipes/30-test_afalg.t ............ skipped: test_afalg not supported for this build
../../openssl/test/recipes/30-test_engine.t ........... ok
../../openssl/test/recipes/30-test_evp.t .............. ok
../../openssl/test/recipes/30-test_evp_extra.t ........ ok
../../openssl/test/recipes/30-test_pbelu.t ............ ok
../../openssl/test/recipes/40-test_rehash.t ........... ok
../../openssl/test/recipes/60-test_x509_store.t ....... ok
../../openssl/test/recipes/70-test_asyncio.t .......... ok
../../openssl/test/recipes/70-test_bad_dtls.t ......... ok
../../openssl/test/recipes/70-test_clienthello.t ...... ok
../../openssl/test/recipes/70-test_packet.t ........... ok
make[1]: *** wait: No child processes.  Stop.
make[1]: *** Waiting for unfinished jobs....
make[1]: *** wait: No child processes.  Stop.
</PRE>






























































































































































































































<!--endarticle-->
    <HR>
    <P><UL>
        <!--threads-->
	<LI>Previous message: <A HREF="013736.html">[openssl-commits] Still FAILED build of OpenSSL branch master with	options -d --strict-warnings no-poly1305
</A></li>
	<LI>Next message: <A HREF="013568.html">[openssl-commits] Still Failing: openssl/openssl#9375 (master -	d4ea965)
</A></li>
         <LI> <B>Messages sorted by:</B> 
              <a href="date.html#13566">[ date ]</a>
              <a href="thread.html#13566">[ thread ]</a>
              <a href="subject.html#13566">[ subject ]</a>
              <a href="author.html#13566">[ author ]</a>
         </LI>
       </UL>

<hr>
<a href="../../../mailman/listinfo/openssl-commits.html">More information about the openssl-commits
mailing list</a><br>
</body></html>
