<!DOCTYPE HTML PUBLIC "-//W3C//DTD HTML 4.01 Transitional//EN">
<HTML>
 <HEAD>
   <TITLE> [openssl-commits] Still FAILED build of OpenSSL branch master with	options -d --strict-warnings no-poly1305
   </TITLE>
   <LINK REL="Index" HREF="https://mta.openssl.org/pipermail/openssl-commits/2017-March/index.html" >
   <LINK REL="made" HREF="mailto:openssl-commits%40openssl.org?Subject=Re%3A%20%5Bopenssl-commits%5D%20Still%20FAILED%20build%20of%20OpenSSL%20branch%20master%20with%0A%09options%20-d%20--strict-warnings%20no-poly1305&In-Reply-To=%3C1489462925.686586.16176.nullmailer%40test.openssl.org%3E">
   <META NAME="robots" CONTENT="index,nofollow">
   <style type="text/css">
       pre {
           white-space: pre-wrap;       /* css-2.1, curent FF, Opera, Safari */
           }
   </style>
   <META http-equiv="Content-Type" content="text/html; charset=us-ascii">
   <LINK REL="Previous"  HREF="013574.html">
   <LINK REL="Next"  HREF="013646.html">
 </HEAD>
 <BODY BGCOLOR="#ffffff">
   <H1>[openssl-commits] Still FAILED build of OpenSSL branch master with	options -d --strict-warnings no-poly1305</H1>
    <B>OpenSSL run-checker</B> 
    <A HREF="mailto:openssl-commits%40openssl.org?Subject=Re%3A%20%5Bopenssl-commits%5D%20Still%20FAILED%20build%20of%20OpenSSL%20branch%20master%20with%0A%09options%20-d%20--strict-warnings%20no-poly1305&In-Reply-To=%3C1489462925.686586.16176.nullmailer%40test.openssl.org%3E"
       TITLE="[openssl-commits] Still FAILED build of OpenSSL branch master with	options -d --strict-warnings no-poly1305">openssl at openssl.org
       </A><BR>
    <I>Tue Mar 14 03:42:05 UTC 2017</I>
    <P><UL>
        <LI>Previous message: <A HREF="013574.html">[openssl-commits] Still FAILED build of OpenSSL branch master with	options -d --strict-warnings no-poly1305
</A></li>
        <LI>Next message: <A HREF="013646.html">[openssl-commits] Still FAILED build of OpenSSL branch master with	options -d --strict-warnings no-poly1305
</A></li>
         <LI> <B>Messages sorted by:</B> 
              <a href="date.html#13604">[ date ]</a>
              <a href="thread.html#13604">[ thread ]</a>
              <a href="subject.html#13604">[ subject ]</a>
              <a href="author.html#13604">[ author ]</a>
         </LI>
       </UL>
    <HR>  
<!--beginarticle-->
<PRE>Platform and configuration command:

$ uname -a
Linux test 4.4.0-64-generic #85-Ubuntu SMP Mon Feb 20 11:50:30 UTC 2017 x86_64 x86_64 x86_64 GNU/Linux
$ CC=clang ../openssl/config -d --strict-warnings no-poly1305

Commit log since last time:

5e047eb Added a test case for RSA_padding_add_PKCS1_PSS_mgf1.
108909d Fix a crash or unbounded allocation in RSA_padding_add_PKCS1_PSS_mgf1 and RSA_verify_PKCS1_PSS_mgf1 with 512-bit RSA vs. sha-512.
41bee3e Better way to recognise mingw64 in config script
c2b9359 poly1305/asm/poly1305-x86_64.pl: add poly1305_blocks_vpmadd52_4x.
a25cef8 poly1305/asm/poly1305-armv8.pl: ilp32-specific poly1305_init fix.
1aed5e1 crypto/x86*cpuid.pl: move extended feature detection.
b1fa403 Document in CHANGES that config now recognises 64-bit mingw
57cb338 Recognise mingw64 in config script

Build log ended with (last 100 lines):

../../openssl/test/recipes/15-test_dsa.t ................. ok
../../openssl/test/recipes/15-test_ec.t .................. ok
../../openssl/test/recipes/15-test_ecdh.t ................ ok
../../openssl/test/recipes/15-test_ecdsa.t ............... ok
../../openssl/test/recipes/15-test_genrsa.t .............. ok
../../openssl/test/recipes/15-test_rsa.t ................. ok
../../openssl/test/recipes/15-test_rsapss.t .............. ok
../../openssl/test/recipes/20-test_enc.t ................. ok
../../openssl/test/recipes/20-test_enc_more.t ............ ok
../../openssl/test/recipes/20-test_passwd.t .............. ok
../../openssl/test/recipes/25-test_crl.t ................. ok
../../openssl/test/recipes/25-test_d2i.t ................. ok
../../openssl/test/recipes/25-test_pkcs7.t ............... ok
../../openssl/test/recipes/25-test_req.t ................. ok
../../openssl/test/recipes/25-test_sid.t ................. ok
../../openssl/test/recipes/25-test_verify.t .............. ok
../../openssl/test/recipes/25-test_x509.t ................ ok
../../openssl/test/recipes/30-test_afalg.t ............... ok
../../openssl/test/recipes/30-test_engine.t .............. ok
../../openssl/test/recipes/30-test_evp.t ................. ok
../../openssl/test/recipes/30-test_evp_extra.t ........... ok
../../openssl/test/recipes/30-test_pbelu.t ............... ok
../../openssl/test/recipes/30-test_pkey_meth.t ........... ok
../../openssl/test/recipes/40-test_rehash.t .............. ok
../../openssl/test/recipes/60-test_x509_store.t .......... ok
../../openssl/test/recipes/60-test_x509_time.t ........... ok
../../openssl/test/recipes/70-test_asyncio.t ............. ok
../../openssl/test/recipes/70-test_bad_dtls.t ............ ok
../../openssl/test/recipes/70-test_clienthello.t ......... ok
../../openssl/test/recipes/70-test_key_share.t ........... skipped: test_key_share needs TLS1.3 enabled
../../openssl/test/recipes/70-test_packet.t .............. ok
../../openssl/test/recipes/70-test_recordlen.t ........... ok
../../openssl/test/recipes/70-test_renegotiation.t ....... ok
../../openssl/test/recipes/70-test_sslcbcpadding.t ....... ok
../../openssl/test/recipes/70-test_sslcertstatus.t ....... ok
../../openssl/test/recipes/70-test_sslextension.t ........ ok
../../openssl/test/recipes/70-test_sslmessages.t ......... ok
../../openssl/test/recipes/70-test_sslrecords.t .......... ok
../../openssl/test/recipes/70-test_sslsessiontick.t ...... ok
../../openssl/test/recipes/70-test_sslsigalgs.t .......... ok
../../openssl/test/recipes/70-test_sslsignature.t ........ ok
../../openssl/test/recipes/70-test_sslskewith0p.t ........ ok
../../openssl/test/recipes/70-test_sslversions.t ......... skipped: test_sslversions needs TLS1.3, TLS1.2 and TLS1.1 enabled
../../openssl/test/recipes/70-test_sslvertol.t ........... ok
../../openssl/test/recipes/70-test_tls13cookie.t ......... skipped: test_tls13cookie needs TLS1.3 enabled
../../openssl/test/recipes/70-test_tls13kexmodes.t ....... skipped: test_tls13kexmodes needs TLSv1.3 enabled
../../openssl/test/recipes/70-test_tls13messages.t ....... skipped: test_tls13messages needs TLSv1.3 enabled
../../openssl/test/recipes/70-test_tls13psk.t ............ skipped: test_tls13psk needs TLSv1.3 enabled
../../openssl/test/recipes/70-test_tlsextms.t ............ ok
../../openssl/test/recipes/70-test_verify_extra.t ........ ok
../../openssl/test/recipes/70-test_wpacket.t ............. ok
../../openssl/test/recipes/80-test_ca.t .................. ok
../../openssl/test/recipes/80-test_cipherbytes.t ......... ok
../../openssl/test/recipes/80-test_cipherlist.t .......... ok
../../openssl/test/recipes/80-test_cms.t ................. ok
../../openssl/test/recipes/80-test_ct.t .................. ok
../../openssl/test/recipes/80-test_dane.t ................ ok
../../openssl/test/recipes/80-test_dtls.t ................ ok
../../openssl/test/recipes/80-test_dtls_mtu.t ............ ok
../../openssl/test/recipes/80-test_dtlsv1listen.t ........ ok
../../openssl/test/recipes/80-test_ocsp.t ................ ok
../../openssl/test/recipes/80-test_pkcs12.t .............. ok
../../openssl/test/recipes/80-test_ssl_new.t ............. ok
../../openssl/test/recipes/80-test_ssl_old.t ............. ok
../../openssl/test/recipes/80-test_ssl_test_ctx.t ........ ok
../../openssl/test/recipes/80-test_sslcorrupt.t .......... ok
../../openssl/test/recipes/80-test_tsa.t ................. ok
../../openssl/test/recipes/80-test_x509aux.t ............. ok
../../openssl/test/recipes/90-test_async.t ............... ok
../../openssl/test/recipes/90-test_bio_enc.t ............. ok
../../openssl/test/recipes/90-test_bioprint.t ............ ok
../../openssl/test/recipes/90-test_constant_time.t ....... ok
../../openssl/test/recipes/90-test_gmdiff.t .............. ok
../../openssl/test/recipes/90-test_ige.t ................. ok
../../openssl/test/recipes/90-test_memleak.t ............. ok
../../openssl/test/recipes/90-test_overhead.t ............ skipped: Only supported in no-shared builds
../../openssl/test/recipes/90-test_secmem.t .............. ok
../../openssl/test/recipes/90-test_shlibload.t ........... ok
../../openssl/test/recipes/90-test_srp.t ................. ok
../../openssl/test/recipes/90-test_sslapi.t .............. ok
../../openssl/test/recipes/90-test_threads.t ............. ok
../../openssl/test/recipes/90-test_tls13encryption.t ..... skipped: tls13encryption is not supported in this build
../../openssl/test/recipes/90-test_tls13secrets.t ........ skipped: tls13secrets is not supported in this build
../../openssl/test/recipes/90-test_v3name.t .............. ok
../../openssl/test/recipes/95-test_external_boringssl.t .. skipped: No external tests in this configuration
../../openssl/test/recipes/99-test_fuzz.t ................ ok

Test Summary Report
-------------------
../../openssl/test/recipes/03-test_internal_poly1305.t (Wstat: 256 Tests: 1 Failed: 1)
  Failed test:  1
  Non-zero exit status: 1
Files=117, Tests=732, 169 wallclock secs ( 1.27 usr  0.17 sys + 64.96 cusr  6.95 csys = 73.35 CPU)
Result: FAIL
Failed 1/117 test programs. 1/732 subtests failed.
Makefile:157: recipe for target '_tests' failed
make[1]: *** [_tests] Error 255
make[1]: Leaving directory '/home/openssl/run-checker/no-poly1305'
Makefile:155: recipe for target 'tests' failed
make: *** [tests] Error 2
</PRE>





























































































































































































<!--endarticle-->
    <HR>
    <P><UL>
        <!--threads-->
	<LI>Previous message: <A HREF="013574.html">[openssl-commits] Still FAILED build of OpenSSL branch master with	options -d --strict-warnings no-poly1305
</A></li>
	<LI>Next message: <A HREF="013646.html">[openssl-commits] Still FAILED build of OpenSSL branch master with	options -d --strict-warnings no-poly1305
</A></li>
         <LI> <B>Messages sorted by:</B> 
              <a href="date.html#13604">[ date ]</a>
              <a href="thread.html#13604">[ thread ]</a>
              <a href="subject.html#13604">[ subject ]</a>
              <a href="author.html#13604">[ author ]</a>
         </LI>
       </UL>

<hr>
<a href="../../../mailman/listinfo/openssl-commits.html">More information about the openssl-commits
mailing list</a><br>
</body></html>
