<!DOCTYPE HTML PUBLIC "-//W3C//DTD HTML 4.01 Transitional//EN">
<HTML>
 <HEAD>
   <TITLE> [openssl-commits] Still FAILED build of OpenSSL branch master with	options -d --strict-warnings enable-ubsan -DPEDANTIC	-fno-sanitize=alignment
   </TITLE>
   <LINK REL="Index" HREF="https://mta.openssl.org/pipermail/openssl-commits/2017-March/index.html" >
   <LINK REL="made" HREF="mailto:openssl-commits%40openssl.org?Subject=Re%3A%20%5Bopenssl-commits%5D%20Still%20FAILED%20build%20of%20OpenSSL%20branch%20master%20with%0A%09options%20-d%20--strict-warnings%20enable-ubsan%20-DPEDANTIC%0A%09-fno-sanitize%3Dalignment&In-Reply-To=%3C1489730830.378740.8224.nullmailer%40test.openssl.org%3E">
   <META NAME="robots" CONTENT="index,nofollow">
   <style type="text/css">
       pre {
           white-space: pre-wrap;       /* css-2.1, curent FF, Opera, Safari */
           }
   </style>
   <META http-equiv="Content-Type" content="text/html; charset=us-ascii">
   <LINK REL="Previous"  HREF="013405.html">
   <LINK REL="Next"  HREF="013342.html">
 </HEAD>
 <BODY BGCOLOR="#ffffff">
   <H1>[openssl-commits] Still FAILED build of OpenSSL branch master with	options -d --strict-warnings enable-ubsan -DPEDANTIC	-fno-sanitize=alignment</H1>
    <B>OpenSSL run-checker</B> 
    <A HREF="mailto:openssl-commits%40openssl.org?Subject=Re%3A%20%5Bopenssl-commits%5D%20Still%20FAILED%20build%20of%20OpenSSL%20branch%20master%20with%0A%09options%20-d%20--strict-warnings%20enable-ubsan%20-DPEDANTIC%0A%09-fno-sanitize%3Dalignment&In-Reply-To=%3C1489730830.378740.8224.nullmailer%40test.openssl.org%3E"
       TITLE="[openssl-commits] Still FAILED build of OpenSSL branch master with	options -d --strict-warnings enable-ubsan -DPEDANTIC	-fno-sanitize=alignment">openssl at openssl.org
       </A><BR>
    <I>Fri Mar 17 06:07:10 UTC 2017</I>
    <P><UL>
        <LI>Previous message: <A HREF="013405.html">[openssl-commits] Still FAILED build of OpenSSL branch master with	options -d --strict-warnings enable-ubsan -DPEDANTIC	-fno-sanitize=alignment
</A></li>
        <LI>Next message: <A HREF="013342.html">[openssl-commits] Still FAILED build of OpenSSL branch	OpenSSL_1_1_0-stable with options -d --strict-warnings no-deprecated
</A></li>
         <LI> <B>Messages sorted by:</B> 
              <a href="date.html#13706">[ date ]</a>
              <a href="thread.html#13706">[ thread ]</a>
              <a href="subject.html#13706">[ subject ]</a>
              <a href="author.html#13706">[ author ]</a>
         </LI>
       </UL>
    <HR>  
<!--beginarticle-->
<PRE>Platform and configuration command:

$ uname -a
Linux test 4.4.0-64-generic #85-Ubuntu SMP Mon Feb 20 11:50:30 UTC 2017 x86_64 x86_64 x86_64 GNU/Linux
$ CC=clang ../openssl/config -d --strict-warnings enable-ubsan -DPEDANTIC -fno-sanitize=alignment

Commit log since last time:

2c1b0f1 Add Client CA names tests
2e21539 Add ExpectedClientCANames
f8f16d8 Remove obsolete version test when returning CA names.
07518cf Add TLSv1.3 draft-19 messages to trace
6828358 Handle TLSv1.3 being disabled in clienthello test
6bc6ca6 Add tests for the padding extension
d702ad1 Fix the Padding extension
635b7d3 Updates following review feedback
c35cb28 Add some HRR tests
807551a Add some more PSK tests
69b2d39 Fix ciphersuite handling during an HRR
cf3e221 Ensure after an HRR any PSKs have the right hash
11c67ee HelloRetryRequest updates for draft-19
9e0ac6a Check ClientHello boundary as per draft-19
6594189 Merge early_data_info extension into early_data
ef6c191 Update end of early data processing for draft-19
bc993d3 Update the TLSv1.3 secrets test vectors for draft-19
3e0458f Update secret generation for draft-19
e984b53 Update the TLSv1.3 version indicator for draft-19
7baabf4 Fix typo in ASYNC_WAIT_CTX_new.pod doc
f2ff143 Simplify code around next_proto.len by changing 'len' data type.
0ae407e Remove documentation of deleted function
b00d540 Remove unused typedefs from indent config
f775245 Remove some unused PEM structures
5a81a05 Rename the test_stack recipe file name to be consistent with the rest of the tests.
29d1fad Fixed a crash in print_notice.

Build log ended with (last 100 lines):

../../openssl/test/recipes/15-test_ecdh.t ................ ok
../../openssl/test/recipes/15-test_ecdsa.t ............... ok
../../openssl/test/recipes/15-test_genrsa.t .............. ok
../../openssl/test/recipes/15-test_rsa.t ................. ok
../../openssl/test/recipes/15-test_rsapss.t .............. ok
../../openssl/test/recipes/20-test_enc.t ................. ok
../../openssl/test/recipes/20-test_enc_more.t ............ ok
../../openssl/test/recipes/20-test_passwd.t .............. ok
../../openssl/test/recipes/25-test_crl.t ................. ok
../../openssl/test/recipes/25-test_d2i.t ................. ok
../../openssl/test/recipes/25-test_pkcs7.t ............... ok
../../openssl/test/recipes/25-test_req.t ................. ok
../../openssl/test/recipes/25-test_sid.t ................. ok
../../openssl/test/recipes/25-test_verify.t .............. ok
../../openssl/test/recipes/25-test_x509.t ................ ok
../../openssl/test/recipes/30-test_afalg.t ............... ok
../../openssl/test/recipes/30-test_engine.t .............. ok
../../openssl/test/recipes/30-test_evp.t ................. ok
../../openssl/test/recipes/30-test_evp_extra.t ........... ok
../../openssl/test/recipes/30-test_pbelu.t ............... ok
../../openssl/test/recipes/30-test_pkey_meth.t ........... ok
../../openssl/test/recipes/40-test_rehash.t .............. ok
../../openssl/test/recipes/60-test_x509_store.t .......... ok
../../openssl/test/recipes/60-test_x509_time.t ........... ok
../../openssl/test/recipes/70-test_asyncio.t ............. ok
../../openssl/test/recipes/70-test_bad_dtls.t ............ ok
../../openssl/test/recipes/70-test_clienthello.t ......... ok
../../openssl/test/recipes/70-test_key_share.t ........... skipped: test_key_share needs TLS1.3 enabled
../../openssl/test/recipes/70-test_packet.t .............. ok
../../openssl/test/recipes/70-test_recordlen.t ........... ok
../../openssl/test/recipes/70-test_renegotiation.t ....... ok
../../openssl/test/recipes/70-test_sslcbcpadding.t ....... ok
../../openssl/test/recipes/70-test_sslcertstatus.t ....... ok
../../openssl/test/recipes/70-test_sslextension.t ........ ok
../../openssl/test/recipes/70-test_sslmessages.t ......... ok
../../openssl/test/recipes/70-test_sslrecords.t .......... ok
../../openssl/test/recipes/70-test_sslsessiontick.t ...... ok
../../openssl/test/recipes/70-test_sslsigalgs.t .......... ok
../../openssl/test/recipes/70-test_sslsignature.t ........ ok
../../openssl/test/recipes/70-test_sslskewith0p.t ........ ok
../../openssl/test/recipes/70-test_sslversions.t ......... skipped: test_sslversions needs TLS1.3, TLS1.2 and TLS1.1 enabled
../../openssl/test/recipes/70-test_sslvertol.t ........... ok
../../openssl/test/recipes/70-test_tls13cookie.t ......... skipped: test_tls13cookie needs TLS1.3 enabled
../../openssl/test/recipes/70-test_tls13hrr.t ............ skipped: test_tls13hrr needs TLS1.3 enabled
../../openssl/test/recipes/70-test_tls13kexmodes.t ....... skipped: test_tls13kexmodes needs TLSv1.3 enabled
../../openssl/test/recipes/70-test_tls13messages.t ....... skipped: test_tls13messages needs TLSv1.3 enabled
../../openssl/test/recipes/70-test_tls13psk.t ............ skipped: test_tls13psk needs TLSv1.3 enabled
../../openssl/test/recipes/70-test_tlsextms.t ............ ok
../../openssl/test/recipes/70-test_verify_extra.t ........ ok
../../openssl/test/recipes/70-test_wpacket.t ............. ok
../../openssl/test/recipes/80-test_ca.t .................. ok
../../openssl/test/recipes/80-test_cipherbytes.t ......... ok
../../openssl/test/recipes/80-test_cipherlist.t .......... ok
../../openssl/test/recipes/80-test_cms.t ................. ok
../../openssl/test/recipes/80-test_ct.t .................. ok
../../openssl/test/recipes/80-test_dane.t ................ ok
../../openssl/test/recipes/80-test_dtls.t ................ ok
../../openssl/test/recipes/80-test_dtls_mtu.t ............ ok
../../openssl/test/recipes/80-test_dtlsv1listen.t ........ ok
../../openssl/test/recipes/80-test_ocsp.t ................ ok
../../openssl/test/recipes/80-test_pkcs12.t .............. ok
../../openssl/test/recipes/80-test_ssl_new.t ............. ok
../../openssl/test/recipes/80-test_ssl_old.t ............. ok
../../openssl/test/recipes/80-test_ssl_test_ctx.t ........ ok
../../openssl/test/recipes/80-test_sslcorrupt.t .......... ok
../../openssl/test/recipes/80-test_tsa.t ................. ok
../../openssl/test/recipes/80-test_x509aux.t ............. ok
../../openssl/test/recipes/90-test_async.t ............... ok
../../openssl/test/recipes/90-test_bio_enc.t ............. ok
../../openssl/test/recipes/90-test_bioprint.t ............ ok
../../openssl/test/recipes/90-test_constant_time.t ....... ok
../../openssl/test/recipes/90-test_gmdiff.t .............. ok
../../openssl/test/recipes/90-test_ige.t ................. ok
../../openssl/test/recipes/90-test_memleak.t ............. ok
../../openssl/test/recipes/90-test_overhead.t ............ skipped: Only supported in no-shared builds
../../openssl/test/recipes/90-test_secmem.t .............. ok
../../openssl/test/recipes/90-test_shlibload.t ........... ok
../../openssl/test/recipes/90-test_srp.t ................. ok
../../openssl/test/recipes/90-test_sslapi.t .............. ok
../../openssl/test/recipes/90-test_threads.t ............. ok
../../openssl/test/recipes/90-test_tls13encryption.t ..... skipped: tls13encryption is not supported in this build
../../openssl/test/recipes/90-test_tls13secrets.t ........ skipped: tls13secrets is not supported in this build
../../openssl/test/recipes/90-test_v3name.t .............. ok
../../openssl/test/recipes/95-test_external_boringssl.t .. skipped: No external tests in this configuration
../../openssl/test/recipes/95-test_external_pyca.t ....... skipped: No external tests in this configuration
../../openssl/test/recipes/99-test_fuzz.t ................ ok

Test Summary Report
-------------------
../../openssl/test/recipes/02-test_stack.t             (Wstat: 256 Tests: 1 Failed: 1)
  Failed test:  1
  Non-zero exit status: 1
Files=120, Tests=737, 337 wallclock secs ( 2.28 usr  0.29 sys + 193.45 cusr 32.65 csys = 228.67 CPU)
Result: FAIL
Failed 1/120 test programs. 1/737 subtests failed.
Makefile:157: recipe for target '_tests' failed
make[1]: *** [_tests] Error 255
make[1]: Leaving directory '/home/openssl/run-checker/enable-ubsan'
Makefile:155: recipe for target 'tests' failed
make: *** [tests] Error 2
</PRE>










































































































<!--endarticle-->
    <HR>
    <P><UL>
        <!--threads-->
	<LI>Previous message: <A HREF="013405.html">[openssl-commits] Still FAILED build of OpenSSL branch master with	options -d --strict-warnings enable-ubsan -DPEDANTIC	-fno-sanitize=alignment
</A></li>
	<LI>Next message: <A HREF="013342.html">[openssl-commits] Still FAILED build of OpenSSL branch	OpenSSL_1_1_0-stable with options -d --strict-warnings no-deprecated
</A></li>
         <LI> <B>Messages sorted by:</B> 
              <a href="date.html#13706">[ date ]</a>
              <a href="thread.html#13706">[ thread ]</a>
              <a href="subject.html#13706">[ subject ]</a>
              <a href="author.html#13706">[ author ]</a>
         </LI>
       </UL>

<hr>
<a href="../../../mailman/listinfo/openssl-commits.html">More information about the openssl-commits
mailing list</a><br>
</body></html>
