<!DOCTYPE HTML PUBLIC "-//W3C//DTD HTML 4.01 Transitional//EN">
<HTML>
 <HEAD>
   <TITLE> Still FAILED build of OpenSSL branch master with options -d --strict-warnings no-dtls
   </TITLE>
   <LINK REL="Index" HREF="https://mta.openssl.org/pipermail/openssl-commits/2020-October/index.html" >
   <LINK REL="made" HREF="mailto:openssl-commits%40openssl.org?Subject=Re%3A%20Still%20FAILED%20build%20of%20OpenSSL%20branch%20master%20with%20options%20-d%0A%20--strict-warnings%20no-dtls&In-Reply-To=%3C1601727021.158552.25295.nullmailer%40run.openssl.org%3E">
   <META NAME="robots" CONTENT="index,nofollow">
   <style type="text/css">
       pre {
           white-space: pre-wrap;       /* css-2.1, curent FF, Opera, Safari */
           }
   </style>
   <META http-equiv="Content-Type" content="text/html; charset=us-ascii">
   <LINK REL="Previous"  HREF="031054.html">
   <LINK REL="Next"  HREF="031150.html">
 </HEAD>
 <BODY BGCOLOR="#ffffff">
   <H1>Still FAILED build of OpenSSL branch master with options -d --strict-warnings no-dtls</H1>
    <B>OpenSSL run-checker</B> 
    <A HREF="mailto:openssl-commits%40openssl.org?Subject=Re%3A%20Still%20FAILED%20build%20of%20OpenSSL%20branch%20master%20with%20options%20-d%0A%20--strict-warnings%20no-dtls&In-Reply-To=%3C1601727021.158552.25295.nullmailer%40run.openssl.org%3E"
       TITLE="Still FAILED build of OpenSSL branch master with options -d --strict-warnings no-dtls">openssl at openssl.org
       </A><BR>
    <I>Sat Oct  3 12:10:21 UTC 2020</I>
    <P><UL>
        <LI>Previous message: <A HREF="031054.html">Still FAILED build of OpenSSL branch master with options -d --strict-warnings no-dtls
</A></li>
        <LI>Next message: <A HREF="031150.html">Still FAILED build of OpenSSL branch master with options -d --strict-warnings no-dtls
</A></li>
         <LI> <B>Messages sorted by:</B> 
              <a href="date.html#31099">[ date ]</a>
              <a href="thread.html#31099">[ thread ]</a>
              <a href="subject.html#31099">[ subject ]</a>
              <a href="author.html#31099">[ author ]</a>
         </LI>
       </UL>
    <HR>  
<!--beginarticle-->
<PRE>Platform and configuration command:

$ uname -a
Linux run 4.15.0-106-generic #107-Ubuntu SMP Thu Jun 4 11:27:52 UTC 2020 x86_64 x86_64 x86_64 GNU/Linux
$ CC=clang ../openssl/config -d --strict-warnings no-dtls

Commit log since last time:

f21c9c64f5 EVP: use evp_pkey_ctx_is_legacy() to find what implementation to use
7d80985e17 Fix memory leak in req_cb() of x_req.c - handle distinguishing_id also with NO_SM2
746f367489 Fix some things the rename script didn't quite get right
d8652be06e Run the withlibctx.pl script
aedac96c11 Perl util to do with_libctx renaming
0129030639 der: _ossl prefix der_oid_ and der_aid_ functions
a55b00bdbc der: _ossl prefix DER functions
c4232b9edb rsa_mp_coeff_names should only have one entry in it for fips mode.
592dcfd3df prov: prefix all exposed 'cipher' symbols with ossl_
5b60f9c3e0 prov: prefix aes-cbc-cts functions with ossl_
13a574d8bb check-format.pl: Allow nested indentation of labels (not only at line pos 1)
8e655da022 check-format.pl: Extend exceptions for no SPC after trailing ';' in 'for (...;)'
df4ec39203 check-format.pl: Document how to run positive and negative self-tests
4a24d6050b EC_GROUP_new_by_curve_name_with_libctx(): Add name of unknown group to error output
66066e1bba Prune low-level ASN.1 parse errors from error queue in der2key_decode() etc.
9032c2c11b 25-test_x509.t: Add test for suitable error report loading unsupported sm2 cert

Build log ended with (last 100 lines):


# 80-test_cms.t ...................... ok
80-test_cmsapi.t ................... ok
80-test_ct.t ....................... ok
80-test_dane.t ..................... ok
80-test_dtls.t ..................... skipped: No DTLS protocols are supported by this OpenSSL build
80-test_dtls_mtu.t ................. skipped: test_dtls_mtu needs DTLS and PSK support enabled
80-test_dtlsv1listen.t ............. ok
80-test_http.t ..................... ok
80-test_ocsp.t ..................... ok
80-test_pkcs12.t ................... ok

            # ERROR: (ptr) 'server_ctx != NULL' failed @ ../openssl/test/ssl_test.c:475
            # 0x0
            not ok 7 - iteration 7
# ------------------------------------------------------------------------------
            # ERROR: (ptr) 'server_ctx != NULL' failed @ ../openssl/test/ssl_test.c:475
            # 0x0
            not ok 8 - iteration 8
# ------------------------------------------------------------------------------
            # ERROR: (ptr) 'server_ctx != NULL' failed @ ../openssl/test/ssl_test.c:475
            # 0x0
            not ok 9 - iteration 9
# ------------------------------------------------------------------------------
            # ERROR: (ptr) 'server_ctx != NULL' failed @ ../openssl/test/ssl_test.c:475
            # 0x0
            not ok 10 - iteration 10
# ------------------------------------------------------------------------------
            # ERROR: (ptr) 'server_ctx != NULL' failed @ ../openssl/test/ssl_test.c:475
            # 0x0
            not ok 11 - iteration 11
# ------------------------------------------------------------------------------
            # ERROR: (ptr) 'server_ctx != NULL' failed @ ../openssl/test/ssl_test.c:475
            # 0x0
            not ok 12 - iteration 12
# ------------------------------------------------------------------------------
        not ok 1 - test_handshake
# ------------------------------------------------------------------------------
../../util/wrap.pl ../../test/ssl_test 04-client_auth.cnf.fips fips ../../../openssl/test/fips-and-base.cnf =&gt; 1
    not ok 9 - running ssl_test 04-client_auth.cnf
# ------------------------------------------------------------------------------
    #   Failed test 'running ssl_test 04-client_auth.cnf'
    #   at ../openssl/test/recipes/80-test_ssl_new.t line 173.
    # Looks like you failed 1 test of 9.
not ok 5 - Test configuration 04-client_auth.cnf
# ------------------------------------------------------------------------------
# Looks like you failed 1 test of 31.80-test_ssl_new.t .................. 
Dubious, test returned 1 (wstat 256, 0x100)
Failed 1/31 subtests 
80-test_ssl_old.t .................. ok
80-test_ssl_test_ctx.t ............. ok
80-test_sslcorrupt.t ............... ok
80-test_tsa.t ...................... ok
80-test_x509aux.t .................. ok

# 81-test_cmp_cli.t .................. ok
90-test_asn1_time.t ................ ok
90-test_async.t .................... ok
90-test_bio_enc.t .................. ok
90-test_bio_memleak.t .............. ok
90-test_constant_time.t ............ ok
90-test_fatalerr.t ................. ok
90-test_gmdiff.t ................... ok
90-test_gost.t ..................... ok
90-test_ige.t ...................... ok
90-test_includes.t ................. ok
90-test_memleak.t .................. ok
90-test_overhead.t ................. ok
90-test_secmem.t ................... ok
90-test_shlibload.t ................ ok
90-test_srp.t ...................... ok
90-test_sslapi.t ................... ok
90-test_sslbuffers.t ............... ok
90-test_store.t .................... ok
90-test_sysdefault.t ............... ok
90-test_threads.t .................. ok
90-test_time_offset.t .............. ok
90-test_tls13ccs.t ................. ok
90-test_tls13encryption.t .......... ok
90-test_tls13secrets.t ............. ok
90-test_v3name.t ................... ok
95-test_external_boringssl.t ....... skipped: No external tests in this configuration
95-test_external_gost_engine.t ..... skipped: No external tests in this configuration
95-test_external_krb5.t ............ skipped: No external tests in this configuration
95-test_external_pyca.t ............ skipped: No external tests in this configuration
99-test_ecstress.t ................. ok
99-test_fuzz.t ..................... ok

Test Summary Report
-------------------
80-test_ssl_new.t                (Wstat: 256 Tests: 31 Failed: 1)
  Failed test:  5
  Non-zero exit status: 1
Files=212, Tests=3589, 629 wallclock secs (12.12 usr  1.08 sys + 573.83 cusr 54.81 csys = 641.84 CPU)
Result: FAIL
Makefile:3188: recipe for target '_tests' failed
make[1]: *** [_tests] Error 1
make[1]: Leaving directory '/home/openssl/run-checker/no-dtls'
Makefile:3186: recipe for target 'tests' failed
make: *** [tests] Error 2
</PRE>






































































































































<!--endarticle-->
    <HR>
    <P><UL>
        <!--threads-->
	<LI>Previous message: <A HREF="031054.html">Still FAILED build of OpenSSL branch master with options -d --strict-warnings no-dtls
</A></li>
	<LI>Next message: <A HREF="031150.html">Still FAILED build of OpenSSL branch master with options -d --strict-warnings no-dtls
</A></li>
         <LI> <B>Messages sorted by:</B> 
              <a href="date.html#31099">[ date ]</a>
              <a href="thread.html#31099">[ thread ]</a>
              <a href="subject.html#31099">[ subject ]</a>
              <a href="author.html#31099">[ author ]</a>
         </LI>
       </UL>

<hr>
<a href="../../../mailman/listinfo/openssl-commits.html">More information about the openssl-commits
mailing list</a><br>
</body></html>
