<!DOCTYPE HTML PUBLIC "-//W3C//DTD HTML 4.01 Transitional//EN">
<HTML>
 <HEAD>
   <TITLE> Still FAILED build of OpenSSL branch master with options -d enable-fuzz-afl no-shared no-module
   </TITLE>
   <LINK REL="Index" HREF="https://mta.openssl.org/pipermail/openssl-commits/2020-October/index.html" >
   <LINK REL="made" HREF="mailto:openssl-commits%40openssl.org?Subject=Re%3A%20Still%20FAILED%20build%20of%20OpenSSL%20branch%20master%20with%20options%20-d%0A%20enable-fuzz-afl%20no-shared%20no-module&In-Reply-To=%3C1602101149.757495.3167.nullmailer%40run.openssl.org%3E">
   <META NAME="robots" CONTENT="index,nofollow">
   <style type="text/css">
       pre {
           white-space: pre-wrap;       /* css-2.1, curent FF, Opera, Safari */
           }
   </style>
   <META http-equiv="Content-Type" content="text/html; charset=us-ascii">
   <LINK REL="Previous"  HREF="031138.html">
   <LINK REL="Next"  HREF="031243.html">
 </HEAD>
 <BODY BGCOLOR="#ffffff">
   <H1>Still FAILED build of OpenSSL branch master with options -d enable-fuzz-afl no-shared no-module</H1>
    <B>OpenSSL run-checker</B> 
    <A HREF="mailto:openssl-commits%40openssl.org?Subject=Re%3A%20Still%20FAILED%20build%20of%20OpenSSL%20branch%20master%20with%20options%20-d%0A%20enable-fuzz-afl%20no-shared%20no-module&In-Reply-To=%3C1602101149.757495.3167.nullmailer%40run.openssl.org%3E"
       TITLE="Still FAILED build of OpenSSL branch master with options -d enable-fuzz-afl no-shared no-module">openssl at openssl.org
       </A><BR>
    <I>Wed Oct  7 20:05:49 UTC 2020</I>
    <P><UL>
        <LI>Previous message: <A HREF="031138.html">Still FAILED build of OpenSSL branch master with options -d enable-fuzz-afl no-shared no-module
</A></li>
        <LI>Next message: <A HREF="031243.html">Still FAILED build of OpenSSL branch master with options -d enable-fuzz-afl no-shared no-module
</A></li>
         <LI> <B>Messages sorted by:</B> 
              <a href="date.html#31186">[ date ]</a>
              <a href="thread.html#31186">[ thread ]</a>
              <a href="subject.html#31186">[ subject ]</a>
              <a href="author.html#31186">[ author ]</a>
         </LI>
       </UL>
    <HR>  
<!--beginarticle-->
<PRE>Platform and configuration command:

$ uname -a
Linux run 4.15.0-106-generic #107-Ubuntu SMP Thu Jun 4 11:27:52 UTC 2020 x86_64 x86_64 x86_64 GNU/Linux
$ CC=afl-clang-fast ../openssl/config -d enable-fuzz-afl no-shared no-module

Commit log since last time:

c5fc6754b7 Move CMP CLI test output files to BLDTOP/test-runs/test_cmp_cli/
bd60ac48a6 Test.pm: Add result_dir and export both result_dir and result_file
d8dc853825 Change CVE link style in CHANGES and NEWS
6ffc312776 Update CHANGES and NEWS for 1.1.1h release
5357c10624 ffc: add _ossl to exported but internal functions
69340cafb4 doc: remove duplicated code in example
856198aac7 Some OIDs used in Russian X.509 certificates.

Build log ended with (last 100 lines):

../../../../../enable-fuzz-afl/util/wrap.pl ../../../../../enable-fuzz-afl/apps/openssl cmp -config ../Mock/test.cnf -section 'Mock credentials' -certout ../../../../../enable-fuzz-afl/test-runs/test_cmp_cli/test.cert.pem -proxy '' -no_proxy 127.0.0.1 -cert &quot;&quot; -key &quot;&quot; -keypass &quot;&quot; -unprotected_requests =&gt; 0
    not ok 38 - unprotected request
# ------------------------------------------------------------------------------
    #   Failed test 'unprotected request'
    #   at ../openssl/test/recipes/81-test_cmp_cli.t line 183.
    # Looks like you failed 3 tests of 38.
not ok 5 - CMP app CLI Mock credentials
# ------------------------------------------------------------------------------
# cmp_main:../openssl/apps/cmp.c:2666:CMP info: using OpenSSL configuration file '../Mock/test.cnf'
# opt_str:../openssl/apps/cmp.c:2263:CMP warning: argument of -proxy option is empty string, resetting option
# warn_cert_msg:../openssl/apps/cmp.c:690:CMP warning: certificate from 'trusted.crt' with subject '/O=openssl_cmp' is not a CA cert
# setup_client_ctx:../openssl/apps/cmp.c:1980:CMP info: will contact <A HREF="http://127.0.0.1:1700/pkix/">http://127.0.0.1:1700/pkix/</A>
# send_receive_check:../openssl/crypto/cmp/cmp_client.c:166:CMP info: sending IR
# send_receive_check:../openssl/crypto/cmp/cmp_client.c:184:CMP info: received IP
# send_receive_check:../openssl/crypto/cmp/cmp_client.c:166:CMP info: sending CERTCONF
# send_receive_check:../openssl/crypto/cmp/cmp_client.c:184:CMP info: received PKICONF
# save_free_certs:../openssl/apps/cmp.c:2030:CMP info: received 1 enrolled certificate(s), saving to file '../../../../../enable-fuzz-afl/test-runs/test_cmp_cli/test.certout_popo1.pem'
../../../../../enable-fuzz-afl/util/wrap.pl ../../../../../enable-fuzz-afl/apps/openssl cmp -config ../Mock/test.cnf -section 'Mock enrollment' -certout ../../../../../enable-fuzz-afl/test-runs/test_cmp_cli/test.cert.pem -proxy '' -no_proxy 127.0.0.1 -cmd ir -newkey new.key -newkeypass 'pass:' -popo 0 -certout ../../../../../enable-fuzz-afl/test-runs/test_cmp_cli/test.certout_popo1.pem -out_trusted root.crt =&gt; 0
    not ok 43 - popo RAVERIFIED
# ------------------------------------------------------------------------------
# cmp_main:../openssl/apps/cmp.c:2666:CMP info: using OpenSSL configuration file '../Mock/test.cnf'
# opt_str:../openssl/apps/cmp.c:2263:CMP warning: argument of -proxy option is empty string, resetting option
# warn_cert_msg:../openssl/apps/cmp.c:690:CMP warning: certificate from 'trusted.crt' with subject '/O=openssl_cmp' is not a CA cert
# setup_client_ctx:../openssl/apps/cmp.c:1980:CMP info: will contact <A HREF="http://127.0.0.1:1700/pkix/">http://127.0.0.1:1700/pkix/</A>
# send_receive_check:../openssl/crypto/cmp/cmp_client.c:166:CMP info: sending IR
# send_receive_check:../openssl/crypto/cmp/cmp_client.c:184:CMP info: received IP
# send_receive_check:../openssl/crypto/cmp/cmp_client.c:166:CMP info: sending CERTCONF
# send_receive_check:../openssl/crypto/cmp/cmp_client.c:184:CMP info: received PKICONF
# save_free_certs:../openssl/apps/cmp.c:2030:CMP info: received 1 enrolled certificate(s), saving to file '../../../../../enable-fuzz-afl/test-runs/test_cmp_cli/test.certout_popo5.pem'
../../../../../enable-fuzz-afl/util/wrap.pl ../../../../../enable-fuzz-afl/apps/openssl cmp -config ../Mock/test.cnf -section 'Mock enrollment' -certout ../../../../../enable-fuzz-afl/test-runs/test_cmp_cli/test.cert.pem -proxy '' -no_proxy 127.0.0.1 -cmd ir -newkey new.key -newkeypass 'pass:' -popo -1 -certout ../../../../../enable-fuzz-afl/test-runs/test_cmp_cli/test.certout_popo5.pem -out_trusted root.crt =&gt; 0
    not ok 47 - popo NONE
# ------------------------------------------------------------------------------
    #   Failed test 'popo NONE'
    #   at ../openssl/test/recipes/81-test_cmp_cli.t line 183.
# cmp_main:../openssl/apps/cmp.c:2666:CMP info: using OpenSSL configuration file '../Mock/test.cnf'
# opt_str:../openssl/apps/cmp.c:2263:CMP warning: argument of -proxy option is empty string, resetting option
# warn_cert_msg:../openssl/apps/cmp.c:690:CMP warning: certificate from 'trusted.crt' with subject '/O=openssl_cmp' is not a CA cert
# setup_client_ctx:../openssl/apps/cmp.c:1980:CMP info: will contact <A HREF="http://127.0.0.1:1700/pkix/">http://127.0.0.1:1700/pkix/</A>
# send_receive_check:../openssl/crypto/cmp/cmp_client.c:166:CMP info: sending IR
# send_receive_check:../openssl/crypto/cmp/cmp_client.c:184:CMP info: received IP
# send_receive_check:../openssl/crypto/cmp/cmp_client.c:166:CMP info: sending CERTCONF
# send_receive_check:../openssl/crypto/cmp/cmp_client.c:184:CMP info: received PKICONF
# save_free_certs:../openssl/apps/cmp.c:2030:CMP info: received 1 enrolled certificate(s), saving to file '../../../../../enable-fuzz-afl/test-runs/test_cmp_cli/test.certout_popo6.pem'
../../../../../enable-fuzz-afl/util/wrap.pl ../../../../../enable-fuzz-afl/apps/openssl cmp -config ../Mock/test.cnf -section 'Mock enrollment' -certout ../../../../../enable-fuzz-afl/test-runs/test_cmp_cli/test.cert.pem -proxy '' -no_proxy 127.0.0.1 -cmd ir -newkey new.key -newkeypass 'pass:' -popo 2 -certout ../../../../../enable-fuzz-afl/test-runs/test_cmp_cli/test.certout_popo6.pem -out_trusted root.crt =&gt; 0
    not ok 48 - popo KEYENC not supported
# ------------------------------------------------------------------------------
    # Looks like you failed 3 tests of 92.
not ok 7 - CMP app CLI Mock enrollment
# ------------------------------------------------------------------------------
# 
#   Failed test 'CMP app CLI Mock enrollment
# '
#   at /home/openssl/run-checker/enable-fuzz-afl/../openssl/util/perl/OpenSSL/Test.pm line 1335.
# Looks like you failed 3 tests of 7.81-test_cmp_cli.t .................. 
Dubious, test returned 3 (wstat 768, 0x300)
Failed 3/7 subtests 
90-test_asn1_time.t ................ ok
90-test_async.t .................... ok
90-test_bio_enc.t .................. ok
90-test_bio_memleak.t .............. ok
90-test_constant_time.t ............ ok
90-test_fatalerr.t ................. ok
90-test_gmdiff.t ................... ok
90-test_gost.t ..................... skipped: GOST support is disabled in this OpenSSL build
90-test_ige.t ...................... ok
90-test_includes.t ................. ok
90-test_memleak.t .................. ok
90-test_overhead.t ................. ok
90-test_secmem.t ................... ok
90-test_shlibload.t ................ skipped: Test only supported in a shared build
90-test_srp.t ...................... ok
90-test_sslapi.t ................... ok
90-test_sslbuffers.t ............... ok
90-test_store.t .................... ok
90-test_sysdefault.t ............... ok
90-test_threads.t .................. ok
90-test_time_offset.t .............. ok
90-test_tls13ccs.t ................. ok
90-test_tls13encryption.t .......... ok
90-test_tls13secrets.t ............. skipped: tls13secrets is not supported in this build
90-test_v3name.t ................... ok
95-test_external_boringssl.t ....... skipped: No external tests in this configuration
95-test_external_gost_engine.t ..... skipped: No external tests in this configuration
95-test_external_krb5.t ............ skipped: No external tests in this configuration
95-test_external_pyca.t ............ skipped: No external tests in this configuration
99-test_ecstress.t ................. ok
99-test_fuzz.t ..................... ok

Test Summary Report
-------------------
81-test_cmp_cli.t                (Wstat: 768 Tests: 7 Failed: 3)
  Failed tests:  4-5, 7
  Non-zero exit status: 3
Files=212, Tests=3042, 457 wallclock secs ( 8.34 usr  0.91 sys + 411.16 cusr 41.30 csys = 461.71 CPU)
Result: FAIL
Makefile:2397: recipe for target '_tests' failed
make[1]: *** [_tests] Error 1
make[1]: Leaving directory '/home/openssl/run-checker/enable-fuzz-afl'
Makefile:2395: recipe for target 'tests' failed
make: *** [tests] Error 2
</PRE>






























































































































































































































<!--endarticle-->
    <HR>
    <P><UL>
        <!--threads-->
	<LI>Previous message: <A HREF="031138.html">Still FAILED build of OpenSSL branch master with options -d enable-fuzz-afl no-shared no-module
</A></li>
	<LI>Next message: <A HREF="031243.html">Still FAILED build of OpenSSL branch master with options -d enable-fuzz-afl no-shared no-module
</A></li>
         <LI> <B>Messages sorted by:</B> 
              <a href="date.html#31186">[ date ]</a>
              <a href="thread.html#31186">[ thread ]</a>
              <a href="subject.html#31186">[ subject ]</a>
              <a href="author.html#31186">[ author ]</a>
         </LI>
       </UL>

<hr>
<a href="../../../mailman/listinfo/openssl-commits.html">More information about the openssl-commits
mailing list</a><br>
</body></html>
