<!DOCTYPE HTML PUBLIC "-//W3C//DTD HTML 4.01 Transitional//EN">
<HTML>
 <HEAD>
   <TITLE> Still FAILED build of OpenSSL branch master with options -d --strict-warnings no-dgram
   </TITLE>
   <LINK REL="Index" HREF="https://mta.openssl.org/pipermail/openssl-commits/2020-October/index.html" >
   <LINK REL="made" HREF="mailto:openssl-commits%40openssl.org?Subject=Re%3A%20Still%20FAILED%20build%20of%20OpenSSL%20branch%20master%20with%20options%20-d%0A%20--strict-warnings%20no-dgram&In-Reply-To=%3C1602658280.207423.24182.nullmailer%40run.openssl.org%3E">
   <META NAME="robots" CONTENT="index,nofollow">
   <style type="text/css">
       pre {
           white-space: pre-wrap;       /* css-2.1, curent FF, Opera, Safari */
           }
   </style>
   <META http-equiv="Content-Type" content="text/html; charset=us-ascii">
   <LINK REL="Previous"  HREF="031285.html">
   <LINK REL="Next"  HREF="031419.html">
 </HEAD>
 <BODY BGCOLOR="#ffffff">
   <H1>Still FAILED build of OpenSSL branch master with options -d --strict-warnings no-dgram</H1>
    <B>OpenSSL run-checker</B> 
    <A HREF="mailto:openssl-commits%40openssl.org?Subject=Re%3A%20Still%20FAILED%20build%20of%20OpenSSL%20branch%20master%20with%20options%20-d%0A%20--strict-warnings%20no-dgram&In-Reply-To=%3C1602658280.207423.24182.nullmailer%40run.openssl.org%3E"
       TITLE="Still FAILED build of OpenSSL branch master with options -d --strict-warnings no-dgram">openssl at openssl.org
       </A><BR>
    <I>Wed Oct 14 06:51:20 UTC 2020</I>
    <P><UL>
        <LI>Previous message: <A HREF="031285.html">Still FAILED build of OpenSSL branch master with options -d --strict-warnings no-dgram
</A></li>
        <LI>Next message: <A HREF="031419.html">Still FAILED build of OpenSSL branch master with options -d --strict-warnings no-dgram
</A></li>
         <LI> <B>Messages sorted by:</B> 
              <a href="date.html#31327">[ date ]</a>
              <a href="thread.html#31327">[ thread ]</a>
              <a href="subject.html#31327">[ subject ]</a>
              <a href="author.html#31327">[ author ]</a>
         </LI>
       </UL>
    <HR>  
<!--beginarticle-->
<PRE>Platform and configuration command:

$ uname -a
Linux run 4.15.0-106-generic #107-Ubuntu SMP Thu Jun 4 11:27:52 UTC 2020 x86_64 x86_64 x86_64 GNU/Linux
$ CC=clang ../openssl/config -d --strict-warnings no-dgram

Commit log since last time:

a8154452e5 EVP: Take care of locks when downgrading an EVP_PKEY
9f7505ab6a Fixed typo in ssl_lib.c
c804f2965e Make TAP::Harness and TAP::Parser optional.
8ebd88950d Document how deprecation should be done
d406f0fe67 OpenSSL::ParseC: handle OSSL_CORE_MAKE_FUNC
3ad9c47864 Add PEM declaration macros that take attributes
895419b7d1 Add ASN1 declaration macros that take attributes
053730c5b7 Make OpenSSL::ParseC and OpenSSL::Ordinals treat deprecation consistently
77c30753cd Add convenience macros OSSL_DEPRECATEDIN_{major}_{minor}
f044964e7a Add definitions of OSSL_DEPRECATED[_FOR] for Microsoft VC
6fbb89fb12 Change OSSL_DEPRECATED to take a version argument
abd9d035a7 Add a macro OSSL_DEPRECATED for compiler dependent deprecation attributes
71abae18f5 coverity 1403324 negative array index: check for finding an unknown value and error if so (since it shouldn't happen).
fb33f99409 coverity 1414446 out-of-bounds access: allocate \0 terminator byte to be safe
19431e5e44 vms: move otherwise dead code into the VMS relevant path.

Build log ended with (last 100 lines):


# 80-test_cms.t ...................... ok
80-test_cmsapi.t ................... ok
80-test_ct.t ....................... ok
80-test_dane.t ..................... ok
80-test_dtls.t ..................... skipped: No DTLS protocols are supported by this OpenSSL build
80-test_dtls_mtu.t ................. skipped: test_dtls_mtu needs DTLS and PSK support enabled
80-test_dtlsv1listen.t ............. ok
80-test_http.t ..................... ok
80-test_ocsp.t ..................... ok
80-test_pkcs12.t ................... ok

            # ERROR: (ptr) 'server_ctx != NULL' failed @ ../openssl/test/ssl_test.c:475
            # 0x0
            not ok 7 - iteration 7
# ------------------------------------------------------------------------------
            # ERROR: (ptr) 'server_ctx != NULL' failed @ ../openssl/test/ssl_test.c:475
            # 0x0
            not ok 8 - iteration 8
# ------------------------------------------------------------------------------
            # ERROR: (ptr) 'server_ctx != NULL' failed @ ../openssl/test/ssl_test.c:475
            # 0x0
            not ok 9 - iteration 9
# ------------------------------------------------------------------------------
            # ERROR: (ptr) 'server_ctx != NULL' failed @ ../openssl/test/ssl_test.c:475
            # 0x0
            not ok 10 - iteration 10
# ------------------------------------------------------------------------------
            # ERROR: (ptr) 'server_ctx != NULL' failed @ ../openssl/test/ssl_test.c:475
            # 0x0
            not ok 11 - iteration 11
# ------------------------------------------------------------------------------
            # ERROR: (ptr) 'server_ctx != NULL' failed @ ../openssl/test/ssl_test.c:475
            # 0x0
            not ok 12 - iteration 12
# ------------------------------------------------------------------------------
        not ok 1 - test_handshake
# ------------------------------------------------------------------------------
../../util/wrap.pl ../../test/ssl_test 04-client_auth.cnf.fips fips ../../../openssl/test/fips-and-base.cnf =&gt; 1
    not ok 9 - running ssl_test 04-client_auth.cnf
# ------------------------------------------------------------------------------
    #   Failed test 'running ssl_test 04-client_auth.cnf'
    #   at ../openssl/test/recipes/80-test_ssl_new.t line 173.
    # Looks like you failed 1 test of 9.
not ok 5 - Test configuration 04-client_auth.cnf
# ------------------------------------------------------------------------------
# Looks like you failed 1 test of 31.80-test_ssl_new.t .................. 
Dubious, test returned 1 (wstat 256, 0x100)
Failed 1/31 subtests 
80-test_ssl_old.t .................. ok
80-test_ssl_test_ctx.t ............. ok
80-test_sslcorrupt.t ............... ok
80-test_tsa.t ...................... ok
80-test_x509aux.t .................. ok

# 81-test_cmp_cli.t .................. ok
90-test_asn1_time.t ................ ok
90-test_async.t .................... ok
90-test_bio_enc.t .................. ok
90-test_bio_memleak.t .............. ok
90-test_constant_time.t ............ ok
90-test_fatalerr.t ................. ok
90-test_gmdiff.t ................... ok
90-test_gost.t ..................... ok
90-test_ige.t ...................... ok
90-test_includes.t ................. ok
90-test_memleak.t .................. ok
90-test_overhead.t ................. ok
90-test_secmem.t ................... ok
90-test_shlibload.t ................ ok
90-test_srp.t ...................... ok
90-test_sslapi.t ................... ok
90-test_sslbuffers.t ............... ok
90-test_store.t .................... ok
90-test_sysdefault.t ............... ok
90-test_threads.t .................. ok
90-test_time_offset.t .............. ok
90-test_tls13ccs.t ................. ok
90-test_tls13encryption.t .......... ok
90-test_tls13secrets.t ............. ok
90-test_v3name.t ................... ok
95-test_external_boringssl.t ....... skipped: No external tests in this configuration
95-test_external_gost_engine.t ..... skipped: No external tests in this configuration
95-test_external_krb5.t ............ skipped: No external tests in this configuration
95-test_external_pyca.t ............ skipped: No external tests in this configuration
99-test_ecstress.t ................. ok
99-test_fuzz.t ..................... ok

Test Summary Report
-------------------
80-test_ssl_new.t                (Wstat: 256 Tests: 31 Failed: 1)
  Failed test:  5
  Non-zero exit status: 1
Files=212, Tests=3589, 714 wallclock secs (14.10 usr  1.36 sys + 643.52 cusr 60.89 csys = 719.87 CPU)
Result: FAIL
Makefile:3183: recipe for target '_tests' failed
make[1]: *** [_tests] Error 1
make[1]: Leaving directory '/home/openssl/run-checker/no-dgram'
Makefile:3181: recipe for target 'tests' failed
make: *** [tests] Error 2
</PRE>






























































































































<!--endarticle-->
    <HR>
    <P><UL>
        <!--threads-->
	<LI>Previous message: <A HREF="031285.html">Still FAILED build of OpenSSL branch master with options -d --strict-warnings no-dgram
</A></li>
	<LI>Next message: <A HREF="031419.html">Still FAILED build of OpenSSL branch master with options -d --strict-warnings no-dgram
</A></li>
         <LI> <B>Messages sorted by:</B> 
              <a href="date.html#31327">[ date ]</a>
              <a href="thread.html#31327">[ thread ]</a>
              <a href="subject.html#31327">[ subject ]</a>
              <a href="author.html#31327">[ author ]</a>
         </LI>
       </UL>

<hr>
<a href="../../../mailman/listinfo/openssl-commits.html">More information about the openssl-commits
mailing list</a><br>
</body></html>
