<!DOCTYPE HTML PUBLIC "-//W3C//DTD HTML 4.01 Transitional//EN">
<HTML>
 <HEAD>
   <TITLE> Still FAILED build of OpenSSL branch master with options -d --strict-warnings no-des
   </TITLE>
   <LINK REL="Index" HREF="https://mta.openssl.org/pipermail/openssl-commits/2020-October/index.html" >
   <LINK REL="made" HREF="mailto:openssl-commits%40openssl.org?Subject=Re%3A%20Still%20FAILED%20build%20of%20OpenSSL%20branch%20master%20with%20options%20-d%0A%20--strict-warnings%20no-des&In-Reply-To=%3C1603091087.915560.2649.nullmailer%40run.openssl.org%3E">
   <META NAME="robots" CONTENT="index,nofollow">
   <style type="text/css">
       pre {
           white-space: pre-wrap;       /* css-2.1, curent FF, Opera, Safari */
           }
   </style>
   <META http-equiv="Content-Type" content="text/html; charset=us-ascii">
   <LINK REL="Previous"  HREF="031326.html">
   <LINK REL="Next"  HREF="031491.html">
 </HEAD>
 <BODY BGCOLOR="#ffffff">
   <H1>Still FAILED build of OpenSSL branch master with options -d --strict-warnings no-des</H1>
    <B>OpenSSL run-checker</B> 
    <A HREF="mailto:openssl-commits%40openssl.org?Subject=Re%3A%20Still%20FAILED%20build%20of%20OpenSSL%20branch%20master%20with%20options%20-d%0A%20--strict-warnings%20no-des&In-Reply-To=%3C1603091087.915560.2649.nullmailer%40run.openssl.org%3E"
       TITLE="Still FAILED build of OpenSSL branch master with options -d --strict-warnings no-des">openssl at openssl.org
       </A><BR>
    <I>Mon Oct 19 07:04:47 UTC 2020</I>
    <P><UL>
        <LI>Previous message: <A HREF="031326.html">Still FAILED build of OpenSSL branch master with options -d --strict-warnings no-des
</A></li>
        <LI>Next message: <A HREF="031491.html">Still FAILED build of OpenSSL branch master with options -d --strict-warnings no-des
</A></li>
         <LI> <B>Messages sorted by:</B> 
              <a href="date.html#31418">[ date ]</a>
              <a href="thread.html#31418">[ thread ]</a>
              <a href="subject.html#31418">[ subject ]</a>
              <a href="author.html#31418">[ author ]</a>
         </LI>
       </UL>
    <HR>  
<!--beginarticle-->
<PRE>Platform and configuration command:

$ uname -a
Linux run 4.15.0-106-generic #107-Ubuntu SMP Thu Jun 4 11:27:52 UTC 2020 x86_64 x86_64 x86_64 GNU/Linux
$ CC=clang ../openssl/config -d --strict-warnings no-des

Commit log since last time:

6c8149df1f Change markdown link style in README, INSTALL, SUPPORT and CONTRIBUTING
84dd002f41 README: make the link to the OpenSSL 3.0 Wiki page more prominent
9096809b20 ENCODER &amp; DECODER: set params on all encoder/decoder instances, unconditionally
a1fc4642e1 dev/release.sh: improve instruction for pushing the tag
b40498c6e7 TEST: modify tconversion.pl for forensics
372e72b19e Add a CHANGES entry for the SSL_SECOP_TMP_DH change
47e81a1bfa Pass an EVP_PKEY for SSL_SECOP_TMP_DH in the security callback
301fcb2843 Concentrate deprecated libssl API usage in one file
192d4b9ca6 Fix missing include of string.h in apps/lib/engine.c for strcmp.
f4bd510503 list: add a -provider-info option.
994a924b3c null prov: fix gettable param array type.
e8dca211b4 Prepare for 3.0 alpha 8
f9a5682e5c Prepare for release of 3.0 alpha 7
eec0ad10b9 Update copyright year
796948cd73 Changing X509at_get0_data_by_OBJ to expect const stack of X509_ATTRIBUTE
a829b735b6 Rename some occurrences of 'library_context' and 'lib_ctx' to 'libctx'
b425001010 Rename OPENSSL_CTX prefix to OSSL_LIB_CTX
29000e43ea Make evp_pkey_ctx_get0_libctx/propq public API
0d30e15a57 Remove some more CMS key downgrades
7022d9b903 Remove CMS recipient info information out of the algorithm implementations
9ab7fe4836 Move CMS signing code out of the algorithms and into CMS
0b3a4ef27a Move CMS enveloping code out of the algorithms and into CMS
99b3b762c3 Remove a CMS key downgrade
5b70206cb3 [test][tls-provider] Implement KEM algorithm
8b17fbaf46 [ssl] Support ssl_encapsulate on server side
a011b5861b [ssl] Support ssl_decapsulate on client side
c1a74f59ac Define OSSL_CAPABILITY_TLS_GROUP_IS_KEM
ecff43e0ca [test][tls-provider] Add 2nd pluggable tls group for KEM
c8e3a4c613 [test][sslapitest] Add test for pluggable KEM group
32fea070dc [test][tls-provider] Group xor_group properties in a struct
47690cd4ce Use __BYTE_ORDER__ to test the endianness when available
8e596a93bc syscall_random(): don't fail if the getentropy() function is a dummy
58608c7c7a Reconciled c99 and loader arguments for float on NonStop TNS/E and TNS/X.

Build log ended with (last 100 lines):

    not ok 79 - ir + ignored revocation
# ------------------------------------------------------------------------------
Could not read private key for CMP client certificate from signer.p12
C0906D9FDC7F0000:error::digital envelope routines:EVP_PBE_CipherInit:unknown cipher:../openssl/crypto/evp/evp_pbe.c:116:DES-EDE3-CBC
Unable to load private key for CMP client certificate
cmp_main:../openssl/apps/cmp.c:2818:CMP error: cannot set up CMP context
# cmp_main:../openssl/apps/cmp.c:2665:CMP info: using OpenSSL configuration file '../Mock/test.cnf'
# opt_str:../openssl/apps/cmp.c:2263:CMP warning: argument of -proxy option is empty string, resetting option
# warn_cert_msg:../openssl/apps/cmp.c:690:CMP warning: certificate from 'trusted.crt' with subject '/O=openssl_cmp' is not a CA cert
../../../../../no-des/util/wrap.pl ../../../../../no-des/apps/openssl cmp -config ../Mock/test.cnf -section 'Mock enrollment' -certout ../../../../../no-des/test-runs/test_cmp_cli/test.cert.pem -proxy '' -no_proxy 127.0.0.1 -cmd cr -newkey new.key -newkeypass 'pass:' -certout ../../../../../no-des/test-runs/test_cmp_cli/test.certout_cr.pem -out_trusted root.crt =&gt; 1
    not ok 82 - cr
# ------------------------------------------------------------------------------
    #   Failed test 'cr'
    #   at ../openssl/test/recipes/81-test_cmp_cli.t line 183.
Could not open file or uri for loading CMP client certificate (optionally with chain) from ../../../../../no-des/test-runs/test_cmp_cli/test.certout_newkey.pem
C0000E69B17F0000:error::STORE routines:ossl_store_get0_loader_int:unregistered scheme:../openssl/crypto/store/store_register.c:240:scheme=file
C0000E69B17F0000:error::system library:file_open:No such file or directory:../openssl/providers/implementations/storemgmt/file_store.c:277:calling stat(../../../../../no-des/test-runs/test_cmp_cli/test.certout_newkey.pem)
cmp_main:../openssl/apps/cmp.c:2818:CMP error: cannot set up CMP context
# cmp_main:../openssl/apps/cmp.c:2665:CMP info: using OpenSSL configuration file '../Mock/test.cnf'
# opt_str:../openssl/apps/cmp.c:2263:CMP warning: argument of -proxy option is empty string, resetting option
# setup_client_ctx:../openssl/apps/cmp.c:1881:CMP warning: -subject '/C=AU/ST=Some-State/O=Internet Widgits Pty Ltd/CN=leaf' given, which overrides the subject of '../../../../../no-des/test-runs/test_cmp_cli/test.certout_newkey.pem' in KUR
# warn_cert_msg:../openssl/apps/cmp.c:690:CMP warning: certificate from 'trusted.crt' with subject '/O=openssl_cmp' is not a CA cert
../../../../../no-des/util/wrap.pl ../../../../../no-des/apps/openssl cmp -config ../Mock/test.cnf -section 'Mock enrollment' -certout ../../../../../no-des/test-runs/test_cmp_cli/test.cert.pem -proxy '' -no_proxy 127.0.0.1 -cmd kur -newkey new.key -newkeypass 'pass:' -certout ../../../../../no-des/test-runs/test_cmp_cli/test.certout_kur.pem -out_trusted root.crt -oldcert ../../../../../no-des/test-runs/test_cmp_cli/test.certout_newkey.pem -server '127.0.0.1:1700' -cert ../../../../../no-des/test-runs/test_cmp_cli/test.certout_newkey.pem -key new.key -extracerts issuing.crt =&gt; 1
    not ok 83 - kur explicit options
# ------------------------------------------------------------------------------
    #   Failed test 'kur explicit options'
    #   at ../openssl/test/recipes/81-test_cmp_cli.t line 183.
Could not open file or uri for loading CMP client certificate (optionally with chain) from ../../../../../no-des/test-runs/test_cmp_cli/test.certout_newkey.pem
C0F06CCD1A7F0000:error::STORE routines:ossl_store_get0_loader_int:unregistered scheme:../openssl/crypto/store/store_register.c:240:scheme=file
C0F06CCD1A7F0000:error::system library:file_open:No such file or directory:../openssl/providers/implementations/storemgmt/file_store.c:277:calling stat(../../../../../no-des/test-runs/test_cmp_cli/test.certout_newkey.pem)
cmp_main:../openssl/apps/cmp.c:2818:CMP error: cannot set up CMP context
# cmp_main:../openssl/apps/cmp.c:2665:CMP info: using OpenSSL configuration file '../Mock/test.cnf'
# opt_str:../openssl/apps/cmp.c:2263:CMP warning: argument of -proxy option is empty string, resetting option
# opt_str:../openssl/apps/cmp.c:2263:CMP warning: argument of -subject option is empty string, resetting option
# opt_str:../openssl/apps/cmp.c:2263:CMP warning: argument of -oldcert option is empty string, resetting option
# opt_str:../openssl/apps/cmp.c:2263:CMP warning: argument of -secret option is empty string, resetting option
# warn_cert_msg:../openssl/apps/cmp.c:690:CMP warning: certificate from 'trusted.crt' with subject '/O=openssl_cmp' is not a CA cert
../../../../../no-des/util/wrap.pl ../../../../../no-des/apps/openssl cmp -config ../Mock/test.cnf -section 'Mock enrollment' -certout ../../../../../no-des/test-runs/test_cmp_cli/test.cert.pem -proxy '' -no_proxy 127.0.0.1 -cmd kur -subject &quot;&quot; -certout ../../../../../no-des/test-runs/test_cmp_cli/test.certout_kur_minimal.pem -oldcert &quot;&quot; -server '127.0.0.1:1700' -cert ../../../../../no-des/test-runs/test_cmp_cli/test.certout_newkey.pem -key new.key -extracerts issuing.crt -secret &quot;&quot; =&gt; 1
    not ok 84 - kur minimal options
# ------------------------------------------------------------------------------
    # Looks like you failed 31 tests of 92.
not ok 7 - CMP app CLI Mock enrollment
# ------------------------------------------------------------------------------
# 
#   Failed test 'CMP app CLI Mock enrollment
# '
#   at /home/openssl/run-checker/no-des/../openssl/util/perl/OpenSSL/Test.pm line 1335.
# Looks like you failed 5 tests of 7.81-test_cmp_cli.t .................. 
Dubious, test returned 5 (wstat 1280, 0x500)
Failed 5/7 subtests 
90-test_asn1_time.t ................ ok
90-test_async.t .................... ok
90-test_bio_enc.t .................. ok
90-test_bio_memleak.t .............. ok
90-test_constant_time.t ............ ok
90-test_fatalerr.t ................. ok
90-test_gmdiff.t ................... ok
90-test_gost.t ..................... ok
90-test_ige.t ...................... ok
90-test_includes.t ................. ok
90-test_memleak.t .................. ok
90-test_overhead.t ................. ok
90-test_secmem.t ................... ok
90-test_shlibload.t ................ ok
90-test_srp.t ...................... ok
90-test_sslapi.t ................... ok
90-test_sslbuffers.t ............... ok
90-test_store.t .................... ok
90-test_sysdefault.t ............... ok
90-test_threads.t .................. ok
90-test_time_offset.t .............. ok
90-test_tls13ccs.t ................. ok
90-test_tls13encryption.t .......... ok
90-test_tls13secrets.t ............. ok
90-test_v3name.t ................... ok
95-test_external_boringssl.t ....... skipped: No external tests in this configuration
95-test_external_gost_engine.t ..... skipped: No external tests in this configuration
95-test_external_krb5.t ............ skipped: No external tests in this configuration
95-test_external_pyca.t ............ skipped: No external tests in this configuration
99-test_ecstress.t ................. ok
99-test_fuzz.t ..................... ok

Test Summary Report
-------------------
30-test_evp.t                    (Wstat: 768 Tests: 88 Failed: 3)
  Failed tests:  12, 36, 69
  Non-zero exit status: 3
30-test_evp_kdf.t                (Wstat: 256 Tests: 1 Failed: 1)
  Failed test:  1
  Non-zero exit status: 1
81-test_cmp_cli.t                (Wstat: 1280 Tests: 7 Failed: 5)
  Failed tests:  3-7
  Non-zero exit status: 5
Files=212, Tests=3443, 694 wallclock secs (14.00 usr  1.35 sys + 632.54 cusr 57.74 csys = 705.63 CPU)
Result: FAIL
Makefile:3120: recipe for target '_tests' failed
make[1]: *** [_tests] Error 1
make[1]: Leaving directory '/home/openssl/run-checker/no-des'
Makefile:3118: recipe for target 'tests' failed
make: *** [tests] Error 2
</PRE>




























































































<!--endarticle-->
    <HR>
    <P><UL>
        <!--threads-->
	<LI>Previous message: <A HREF="031326.html">Still FAILED build of OpenSSL branch master with options -d --strict-warnings no-des
</A></li>
	<LI>Next message: <A HREF="031491.html">Still FAILED build of OpenSSL branch master with options -d --strict-warnings no-des
</A></li>
         <LI> <B>Messages sorted by:</B> 
              <a href="date.html#31418">[ date ]</a>
              <a href="thread.html#31418">[ thread ]</a>
              <a href="subject.html#31418">[ subject ]</a>
              <a href="author.html#31418">[ author ]</a>
         </LI>
       </UL>

<hr>
<a href="../../../mailman/listinfo/openssl-commits.html">More information about the openssl-commits
mailing list</a><br>
</body></html>
