<!DOCTYPE HTML PUBLIC "-//W3C//DTD HTML 4.01 Transitional//EN">
<HTML>
 <HEAD>
   <TITLE> Still FAILED build of OpenSSL branch master with options -d --strict-warnings no-ui-console
   </TITLE>
   <LINK REL="Index" HREF="https://mta.openssl.org/pipermail/openssl-commits/2020-October/index.html" >
   <LINK REL="made" HREF="mailto:openssl-commits%40openssl.org?Subject=Re%3A%20Still%20FAILED%20build%20of%20OpenSSL%20branch%20master%20with%20options%20-d%0A%20--strict-warnings%20no-ui-console&In-Reply-To=%3C1603393765.924381.16354.nullmailer%40run.openssl.org%3E">
   <META NAME="robots" CONTENT="index,nofollow">
   <style type="text/css">
       pre {
           white-space: pre-wrap;       /* css-2.1, curent FF, Opera, Safari */
           }
   </style>
   <META http-equiv="Content-Type" content="text/html; charset=us-ascii">
   <LINK REL="Previous"  HREF="031431.html">
   <LINK REL="Next"  HREF="031562.html">
 </HEAD>
 <BODY BGCOLOR="#ffffff">
   <H1>Still FAILED build of OpenSSL branch master with options -d --strict-warnings no-ui-console</H1>
    <B>OpenSSL run-checker</B> 
    <A HREF="mailto:openssl-commits%40openssl.org?Subject=Re%3A%20Still%20FAILED%20build%20of%20OpenSSL%20branch%20master%20with%20options%20-d%0A%20--strict-warnings%20no-ui-console&In-Reply-To=%3C1603393765.924381.16354.nullmailer%40run.openssl.org%3E"
       TITLE="Still FAILED build of OpenSSL branch master with options -d --strict-warnings no-ui-console">openssl at openssl.org
       </A><BR>
    <I>Thu Oct 22 19:09:25 UTC 2020</I>
    <P><UL>
        <LI>Previous message: <A HREF="031431.html">Still FAILED build of OpenSSL branch master with options -d --strict-warnings no-ui-console
</A></li>
        <LI>Next message: <A HREF="031562.html">Still FAILED build of OpenSSL branch master with options -d --strict-warnings no-ui-console
</A></li>
         <LI> <B>Messages sorted by:</B> 
              <a href="date.html#31509">[ date ]</a>
              <a href="thread.html#31509">[ thread ]</a>
              <a href="subject.html#31509">[ subject ]</a>
              <a href="author.html#31509">[ author ]</a>
         </LI>
       </UL>
    <HR>  
<!--beginarticle-->
<PRE>Platform and configuration command:

$ uname -a
Linux run 4.15.0-106-generic #107-Ubuntu SMP Thu Jun 4 11:27:52 UTC 2020 x86_64 x86_64 x86_64 GNU/Linux
$ CC=clang ../openssl/config -d --strict-warnings no-ui-console

Commit log since last time:

0934cf4834 Unexport internal MSBLOB and PVK functions
8300a8742b Work around Windows ftell() bug as per Microsoft engineering's suggestion
0a737e16b2 Deprecate EVP_PKEY_set1_tls_encodedpoint()
3795b2a302 Document EVP_PKEY_set1_encoded_public_key()
5ac8fb584a Rename EVP_PKEY_set1_tls_encodedpoint to EVP_PKEY_set1_encoded_public_key
6a13c9c984 resolve defects: reverse_inull; row[DB_exp_date] referenced before checking
ec5059c3ef Fix Aes-xts potential failure on aarch64
6be235a092 Prefix crlNumber output with 0x.
1dc5128577 Fix no-dh
ea7277fd2e TEST: fix the DH tests to reproduce the priv_len settings
ee55a20727 DH: have DH_set_length() increment the dirty count.
0ba71d6a63 DH: make the private key length importable / exportable

Build log ended with (last 100 lines):

    #   Failed test 'p10cr csr non-existing file'
    #   at ../openssl/test/recipes/81-test_cmp_cli.t line 183.
../../../../../no-ui-console/util/wrap.pl ../../../../../no-ui-console/apps/openssl cmp -config ../Mock/test.cnf -section 'Mock enrollment' -certout ../../../../../no-ui-console/test-runs/test_cmp_cli/test.cert.pem -proxy '' -no_proxy 127.0.0.1 -cmd p10cr -newkey new.key -newkeypass 'pass:' -certout ../../../../../no-ui-console/test-runs/test_cmp_cli/test.certout_p10cr4.pem -out_trusted root.crt -csr empty.txt =&gt; 139
    not ok 78 - p10cr csr empty file
# ------------------------------------------------------------------------------
    #   Failed test 'p10cr csr empty file'
    #   at ../openssl/test/recipes/81-test_cmp_cli.t line 183.
../../../../../no-ui-console/util/wrap.pl ../../../../../no-ui-console/apps/openssl cmp -config ../Mock/test.cnf -section 'Mock enrollment' -certout ../../../../../no-ui-console/test-runs/test_cmp_cli/test.cert.pem -proxy '' -no_proxy 127.0.0.1 -cmd ir -newkey new.key -newkeypass 'pass:' -certout ../../../../../no-ui-console/test-runs/test_cmp_cli/test.certout_revreason.pem -out_trusted root.crt -revreason 5 =&gt; 139
    not ok 79 - ir + ignored revocation
# ------------------------------------------------------------------------------
../../../../../no-ui-console/util/wrap.pl ../../../../../no-ui-console/apps/openssl cmp -config ../Mock/test.cnf -section 'Mock enrollment' -certout ../../../../../no-ui-console/test-runs/test_cmp_cli/test.cert.pem -proxy '' -no_proxy 127.0.0.1 -cmd cr -newkey new.key -newkeypass 'pass:' -certout ../../../../../no-ui-console/test-runs/test_cmp_cli/test.certout_cr.pem -out_trusted root.crt =&gt; 139
    not ok 82 - cr
# ------------------------------------------------------------------------------
    #   Failed test 'cr'
    #   at ../openssl/test/recipes/81-test_cmp_cli.t line 183.
../../../../../no-ui-console/util/wrap.pl ../../../../../no-ui-console/apps/openssl cmp -config ../Mock/test.cnf -section 'Mock enrollment' -certout ../../../../../no-ui-console/test-runs/test_cmp_cli/test.cert.pem -proxy '' -no_proxy 127.0.0.1 -cmd kur -newkey new.key -newkeypass 'pass:' -certout ../../../../../no-ui-console/test-runs/test_cmp_cli/test.certout_kur.pem -out_trusted root.crt -oldcert ../../../../../no-ui-console/test-runs/test_cmp_cli/test.certout_newkey.pem -server '127.0.0.1:1700' -cert ../../../../../no-ui-console/test-runs/test_cmp_cli/test.certout_newkey.pem -key new.key -extracerts issuing.crt =&gt; 139
    not ok 83 - kur explicit options
# ------------------------------------------------------------------------------
    #   Failed test 'kur explicit options'
    #   at ../openssl/test/recipes/81-test_cmp_cli.t line 183.
../../../../../no-ui-console/util/wrap.pl ../../../../../no-ui-console/apps/openssl cmp -config ../Mock/test.cnf -section 'Mock enrollment' -certout ../../../../../no-ui-console/test-runs/test_cmp_cli/test.cert.pem -proxy '' -no_proxy 127.0.0.1 -cmd kur -subject &quot;&quot; -certout ../../../../../no-ui-console/test-runs/test_cmp_cli/test.certout_kur_minimal.pem -oldcert &quot;&quot; -server '127.0.0.1:1700' -cert ../../../../../no-ui-console/test-runs/test_cmp_cli/test.certout_newkey.pem -key new.key -extracerts issuing.crt -secret &quot;&quot; =&gt; 139
    not ok 84 - kur minimal options
# ------------------------------------------------------------------------------
../../../../../no-ui-console/util/wrap.pl ../../../../../no-ui-console/apps/openssl cmp -config ../Mock/test.cnf -section 'Mock enrollment' -certout ../../../../../no-ui-console/test-runs/test_cmp_cli/test.cert.pem -proxy '' -no_proxy 127.0.0.1 -cmd kur -newkey dir/ -newkeypass 'pass:' -certout ../../../../../no-ui-console/test-runs/test_cmp_cli/test.certout_kur2.pem -out_trusted root.crt -oldcert ../../../../../no-ui-console/test-runs/test_cmp_cli/test.certout_newkey.pem -server '127.0.0.1:1700' =&gt; 139
    not ok 86 - kur newkey is directory
# ------------------------------------------------------------------------------
../../../../../no-ui-console/util/wrap.pl ../../../../../no-ui-console/apps/openssl cmp -config ../Mock/test.cnf -section 'Mock enrollment' -certout ../../../../../no-ui-console/test-runs/test_cmp_cli/test.cert.pem -proxy '' -no_proxy 127.0.0.1 -cmd kur -newkey new.key -newkeypass 'pass:' -certout ../../../../../no-ui-console/test-runs/test_cmp_cli/test.certout_kur5.pem -out_trusted root.crt -oldcert dir/ -server '127.0.0.1:1700' =&gt; 139
    not ok 89 - kur oldcert is directory
# ------------------------------------------------------------------------------
    #   Failed test 'kur oldcert is directory'
    #   at ../openssl/test/recipes/81-test_cmp_cli.t line 183.
../../../../../no-ui-console/util/wrap.pl ../../../../../no-ui-console/apps/openssl cmp -config ../Mock/test.cnf -section 'Mock enrollment' -certout ../../../../../no-ui-console/test-runs/test_cmp_cli/test.cert.pem -proxy '' -no_proxy 127.0.0.1 -cmd kur -newkey new.key -newkeypass 'pass:' -certout ../../../../../no-ui-console/test-runs/test_cmp_cli/test.certout_kur6.pem -out_trusted root.crt -oldcert idontexist -server '127.0.0.1:1700' =&gt; 139
    not ok 90 - kur oldcert not existing
# ------------------------------------------------------------------------------
    #   Failed test 'kur oldcert not existing'
    #   at ../openssl/test/recipes/81-test_cmp_cli.t line 183.
../../../../../no-ui-console/util/wrap.pl ../../../../../no-ui-console/apps/openssl cmp -config ../Mock/test.cnf -section 'Mock enrollment' -certout ../../../../../no-ui-console/test-runs/test_cmp_cli/test.cert.pem -proxy '' -no_proxy 127.0.0.1 -cmd kur -newkey new.key -newkeypass 'pass:' -certout ../../../../../no-ui-console/test-runs/test_cmp_cli/test.certout_kur7.pem -out_trusted root.crt -oldcert empty.txt -server '127.0.0.1:1700' =&gt; 139
    not ok 91 - kur empty oldcert file
# ------------------------------------------------------------------------------
    #   Failed test 'kur empty oldcert file'
    #   at ../openssl/test/recipes/81-test_cmp_cli.t line 183.
../../../../../no-ui-console/util/wrap.pl ../../../../../no-ui-console/apps/openssl cmp -config ../Mock/test.cnf -section 'Mock enrollment' -certout ../../../../../no-ui-console/test-runs/test_cmp_cli/test.cert.pem -proxy '' -no_proxy 127.0.0.1 -cmd kur -newkey new.key -newkeypass 'pass:' -certout ../../../../../no-ui-console/test-runs/test_cmp_cli/test.certout_kur8.pem -out_trusted root.crt -cert &quot;&quot; -server '127.0.0.1:1700' =&gt; 139
    not ok 92 - kur without cert and oldcert
# ------------------------------------------------------------------------------
    #   Failed test 'kur without cert and oldcert'
    #   at ../openssl/test/recipes/81-test_cmp_cli.t line 183.
    # Looks like you failed 66 tests of 92.
not ok 7 - CMP app CLI Mock enrollment
# ------------------------------------------------------------------------------
# 
#   Failed test 'CMP app CLI Mock enrollment
# '
#   at /home/openssl/run-checker/no-ui-console/../openssl/util/perl/OpenSSL/Test.pm line 1335.
# Looks like you failed 5 tests of 7.81-test_cmp_cli.t .................. 
Dubious, test returned 5 (wstat 1280, 0x500)
Failed 5/7 subtests 
90-test_asn1_time.t ................ ok
90-test_async.t .................... ok
90-test_bio_enc.t .................. ok
90-test_bio_memleak.t .............. ok
90-test_constant_time.t ............ ok
90-test_fatalerr.t ................. ok
90-test_gmdiff.t ................... ok
90-test_gost.t ..................... ok
90-test_ige.t ...................... ok
90-test_includes.t ................. ok
90-test_memleak.t .................. ok
90-test_overhead.t ................. ok
90-test_secmem.t ................... ok
90-test_shlibload.t ................ ok
90-test_srp.t ...................... ok
90-test_sslapi.t ................... ok
90-test_sslbuffers.t ............... ok
90-test_store.t .................... ok
90-test_sysdefault.t ............... ok
90-test_threads.t .................. ok
90-test_time_offset.t .............. ok
90-test_tls13ccs.t ................. ok
90-test_tls13encryption.t .......... ok
90-test_tls13secrets.t ............. ok
90-test_v3name.t ................... ok
95-test_external_boringssl.t ....... skipped: No external tests in this configuration
95-test_external_gost_engine.t ..... skipped: No external tests in this configuration
95-test_external_krb5.t ............ skipped: No external tests in this configuration
95-test_external_pyca.t ............ skipped: No external tests in this configuration
99-test_ecstress.t ................. ok
99-test_fuzz.t ..................... ok

Test Summary Report
-------------------
81-test_cmp_cli.t                (Wstat: 1280 Tests: 7 Failed: 5)
  Failed tests:  3-7
  Non-zero exit status: 5
Files=212, Tests=3592, 753 wallclock secs (13.22 usr  1.43 sys + 643.62 cusr 61.97 csys = 720.24 CPU)
Result: FAIL
Makefile:3196: recipe for target '_tests' failed
make[1]: *** [_tests] Error 1
make[1]: Leaving directory '/home/openssl/run-checker/no-ui-console'
Makefile:3194: recipe for target 'tests' failed
make: *** [tests] Error 2
</PRE>











































































<!--endarticle-->
    <HR>
    <P><UL>
        <!--threads-->
	<LI>Previous message: <A HREF="031431.html">Still FAILED build of OpenSSL branch master with options -d --strict-warnings no-ui-console
</A></li>
	<LI>Next message: <A HREF="031562.html">Still FAILED build of OpenSSL branch master with options -d --strict-warnings no-ui-console
</A></li>
         <LI> <B>Messages sorted by:</B> 
              <a href="date.html#31509">[ date ]</a>
              <a href="thread.html#31509">[ thread ]</a>
              <a href="subject.html#31509">[ subject ]</a>
              <a href="author.html#31509">[ author ]</a>
         </LI>
       </UL>

<hr>
<a href="../../../mailman/listinfo/openssl-commits.html">More information about the openssl-commits
mailing list</a><br>
</body></html>
