<!DOCTYPE HTML PUBLIC "-//W3C//DTD HTML 4.01 Transitional//EN">
<HTML>
 <HEAD>
   <TITLE> Still FAILED build of OpenSSL branch master with options -d --strict-warnings no-ec
   </TITLE>
   <LINK REL="Index" HREF="https://mta.openssl.org/pipermail/openssl-commits/2020-April/index.html" >
   <LINK REL="made" HREF="mailto:openssl-commits%40openssl.org?Subject=Re%3A%20Still%20FAILED%20build%20of%20OpenSSL%20branch%20master%20with%20options%20-d%0A%20--strict-warnings%20no-ec&In-Reply-To=%3C1587541037.371949.14164.nullmailer%40run.openssl.org%3E">
   <META NAME="robots" CONTENT="index,nofollow">
   <style type="text/css">
       pre {
           white-space: pre-wrap;       /* css-2.1, curent FF, Opera, Safari */
           }
   </style>
   <META http-equiv="Content-Type" content="text/html; charset=us-ascii">
   <LINK REL="Previous"  HREF="028437.html">
   <LINK REL="Next"  HREF="028443.html">
 </HEAD>
 <BODY BGCOLOR="#ffffff">
   <H1>Still FAILED build of OpenSSL branch master with options -d --strict-warnings no-ec</H1>
    <B>OpenSSL run-checker</B> 
    <A HREF="mailto:openssl-commits%40openssl.org?Subject=Re%3A%20Still%20FAILED%20build%20of%20OpenSSL%20branch%20master%20with%20options%20-d%0A%20--strict-warnings%20no-ec&In-Reply-To=%3C1587541037.371949.14164.nullmailer%40run.openssl.org%3E"
       TITLE="Still FAILED build of OpenSSL branch master with options -d --strict-warnings no-ec">openssl at openssl.org
       </A><BR>
    <I>Wed Apr 22 07:37:17 UTC 2020</I>
    <P><UL>
        <LI>Previous message: <A HREF="028437.html">SUCCESSFUL build of OpenSSL branch master with options -d --strict-warnings no-des
</A></li>
        <LI>Next message: <A HREF="028443.html">Errored: openssl/openssl#34093 (master - fa555aa)
</A></li>
         <LI> <B>Messages sorted by:</B> 
              <a href="date.html#28441">[ date ]</a>
              <a href="thread.html#28441">[ thread ]</a>
              <a href="subject.html#28441">[ subject ]</a>
              <a href="author.html#28441">[ author ]</a>
         </LI>
       </UL>
    <HR>  
<!--beginarticle-->
<PRE>Platform and configuration command:

$ uname -a
Linux run 4.15.0-54-generic #58-Ubuntu SMP Mon Jun 24 10:55:24 UTC 2019 x86_64 x86_64 x86_64 GNU/Linux
$ CC=clang ../openssl/config -d --strict-warnings no-ec

Commit log since last time:

c72e59349f Add setter equivalents to X509_REQ_get0_signature
1269a9a1d1 Fix no-deprecated tests where the GOST engine is present
2d3e6d4116 Fix no-des
eb75980396 Fix an ssl_test_old test failure
62ba834554 Fix test_ssl_new test failure
1e78a50f5a Revert &quot;TEST: make and use a fipsinstall script&quot;
a87f3fe01a Fix NULL dereference in SSL_check_chain() for TLS 1.3
3656c08ab4 Add test for CVE-2020-1967
b0b0b6a41d Developer scripts: Release script
78b4aba9f8 Fix test_cmp_vfy failures with FUZZING_BUILD_MODE_UNSAFE_FOR_PRODUCTION
7a92e80469 gendsa: remove unnecessary OPENSSL_SUPPRESS_DEPRECATED definition
be9d82bb35 Teach ssl_test_old to use the FIPS provider for its tests
63215d0449 Teach ssl_test_old how to run tests in a non-default library context
73d391ad13 Use a fetched MD if appropriate in ssl3_cbc_digest_record
682bc861a9 Teach ssl_test_new how to test the FIPS module
ab5a02f707 Teach ssl_test_new to have different tests for different loaded providers
fea4e2bd36 Run ssl_test_new with a non-default library context
0aa87e8683 Update comment on crls_http_cb() as it does support non-blocking I/O since #10667
2b264aee6f Fix descriptions of credentials and verification options for various apps
b418980c3f Swap parameters of evp_method_id()
64f849f439 Fix an assertion (and a comment) of evp_method_id()
738ee1819e Fix DH_get_nid() so that it does not cache values.
9e537cd2ad DOC: Extend EVP_PKEY-DSA(7) / EVP_PKEY_DH(7) with FFC information
33df1cfdd5 DOC: Refactor provider-keymgmt(7) to give the keytypes their own pages

Build log ended with (last 100 lines):

65-test_cmp_msg.t .................. ok
65-test_cmp_protect.t .............. ok
65-test_cmp_server.t ............... skipped: This test is not supported in a no-ec build
65-test_cmp_status.t ............... ok
65-test_cmp_vfy.t .................. skipped: This test is not supported in a no-ec build
70-test_asyncio.t .................. ok
70-test_bad_dtls.t ................. ok
70-test_clienthello.t .............. skipped: No EC with TLSv1.3 is not supported by this test
70-test_comp.t ..................... ok
70-test_key_share.t ................ ok
70-test_packet.t ................... ok
70-test_recordlen.t ................ ok
70-test_renegotiation.t ............ ok
70-test_servername.t ............... ok
70-test_sslcbcpadding.t ............ ok
70-test_sslcertstatus.t ............ ok
70-test_sslextension.t ............. ok
70-test_sslmessages.t .............. ok
70-test_sslrecords.t ............... ok
70-test_sslsessiontick.t ........... ok
70-test_sslsigalgs.t ............... ok
70-test_sslsignature.t ............. ok
70-test_sslskewith0p.t ............. ok
70-test_sslversions.t .............. ok
70-test_sslvertol.t ................ ok
70-test_tls13alerts.t .............. ok
70-test_tls13cookie.t .............. ok
70-test_tls13downgrade.t ........... ok
70-test_tls13hrr.t ................. ok
70-test_tls13kexmodes.t ............ skipped: test_tls13kexmodes needs EC enabled
70-test_tls13messages.t ............ skipped: test_tls13messages needs EC enabled
70-test_tls13psk.t ................. ok
70-test_tlsextms.t ................. ok
70-test_verify_extra.t ............. ok
70-test_wpacket.t .................. ok
71-test_ssl_ctx.t .................. ok
80-test_ca.t ....................... ok
80-test_cipherbytes.t .............. ok
80-test_cipherlist.t ............... ok
80-test_ciphername.t ............... ok
80-test_cms.t ...................... ok
80-test_cmsapi.t ................... ok
80-test_ct.t ....................... skipped: ct and ec are not supported by this OpenSSL build
80-test_dane.t ..................... skipped: test_dane uses ec which is not supported by this OpenSSL build
80-test_dtls.t ..................... ok
80-test_dtls_mtu.t ................. ok
80-test_dtlsv1listen.t ............. ok
80-test_http.t ..................... ok
80-test_ocsp.t ..................... ok
80-test_pkcs12.t ................... ok
80-test_ssl_new.t .................. ok
80-test_ssl_old.t .................. ok
80-test_ssl_test_ctx.t ............. ok
80-test_sslcorrupt.t ............... ok
80-test_tsa.t ...................... ok
80-test_x509aux.t .................. skipped: test_dane uses ec which is not supported by this OpenSSL build
90-test_asn1_time.t ................ ok
90-test_async.t .................... ok
90-test_bio_enc.t .................. ok
90-test_bio_memleak.t .............. ok
90-test_constant_time.t ............ ok
90-test_fatalerr.t ................. ok
90-test_gmdiff.t ................... ok
90-test_gost.t ..................... skipped: EC is disabled in this OpenSSL build
90-test_ige.t ...................... ok
90-test_includes.t ................. ok
90-test_memleak.t .................. ok
90-test_overhead.t ................. ok
90-test_secmem.t ................... ok
90-test_shlibload.t ................ ok
90-test_srp.t ...................... ok
90-test_sslapi.t ................... ok
90-test_sslbuffers.t ............... ok
90-test_sslprovider.t .............. ok
90-test_store.t .................... ok
90-test_sysdefault.t ............... ok
90-test_threads.t .................. ok
90-test_time_offset.t .............. ok
90-test_tls13ccs.t ................. ok
90-test_tls13encryption.t .......... ok
90-test_tls13secrets.t ............. ok
90-test_v3name.t ................... ok
95-test_external_boringssl.t ....... skipped: No external tests in this configuration
95-test_external_krb5.t ............ skipped: No external tests in this configuration
95-test_external_pyca.t ............ skipped: No external tests in this configuration
99-test_ecstress.t ................. ok
99-test_fuzz.t ..................... ok

Test Summary Report
-------------------
65-test_cmp_client.t             (Wstat: 256 Tests: 1 Failed: 1)
  Failed test:  1
  Non-zero exit status: 1
Files=197, Tests=1543, 509 wallclock secs ( 6.23 usr  1.43 sys + 482.54 cusr 34.35 csys = 524.55 CPU)
Result: FAIL
Makefile:2926: recipe for target '_tests' failed
make[1]: *** [_tests] Error 1
make[1]: Leaving directory '/home/openssl/run-checker/no-ec'
Makefile:2924: recipe for target 'tests' failed
make: *** [tests] Error 2
</PRE>






































































<!--endarticle-->
    <HR>
    <P><UL>
        <!--threads-->
	<LI>Previous message: <A HREF="028437.html">SUCCESSFUL build of OpenSSL branch master with options -d --strict-warnings no-des
</A></li>
	<LI>Next message: <A HREF="028443.html">Errored: openssl/openssl#34093 (master - fa555aa)
</A></li>
         <LI> <B>Messages sorted by:</B> 
              <a href="date.html#28441">[ date ]</a>
              <a href="thread.html#28441">[ thread ]</a>
              <a href="subject.html#28441">[ subject ]</a>
              <a href="author.html#28441">[ author ]</a>
         </LI>
       </UL>

<hr>
<a href="../../../mailman/listinfo/openssl-commits.html">More information about the openssl-commits
mailing list</a><br>
</body></html>
