<!DOCTYPE HTML PUBLIC "-//W3C//DTD HTML 4.01 Transitional//EN">
<HTML>
 <HEAD>
   <TITLE> Still FAILED build of OpenSSL branch master with options -d --strict-warnings no-dtls1_2-method
   </TITLE>
   <LINK REL="Index" HREF="https://mta.openssl.org/pipermail/openssl-commits/2020-April/index.html" >
   <LINK REL="made" HREF="mailto:openssl-commits%40openssl.org?Subject=Re%3A%20Still%20FAILED%20build%20of%20OpenSSL%20branch%20master%20with%20options%20-d%0A%20--strict-warnings%20no-dtls1_2-method&In-Reply-To=%3C1588257377.939834.15873.nullmailer%40run.openssl.org%3E">
   <META NAME="robots" CONTENT="index,nofollow">
   <style type="text/css">
       pre {
           white-space: pre-wrap;       /* css-2.1, curent FF, Opera, Safari */
           }
   </style>
   <META http-equiv="Content-Type" content="text/html; charset=us-ascii">
   <LINK REL="Previous"  HREF="028557.html">
   <LINK REL="Next"  HREF="028470.html">
 </HEAD>
 <BODY BGCOLOR="#ffffff">
   <H1>Still FAILED build of OpenSSL branch master with options -d --strict-warnings no-dtls1_2-method</H1>
    <B>OpenSSL run-checker</B> 
    <A HREF="mailto:openssl-commits%40openssl.org?Subject=Re%3A%20Still%20FAILED%20build%20of%20OpenSSL%20branch%20master%20with%20options%20-d%0A%20--strict-warnings%20no-dtls1_2-method&In-Reply-To=%3C1588257377.939834.15873.nullmailer%40run.openssl.org%3E"
       TITLE="Still FAILED build of OpenSSL branch master with options -d --strict-warnings no-dtls1_2-method">openssl at openssl.org
       </A><BR>
    <I>Thu Apr 30 14:36:17 UTC 2020</I>
    <P><UL>
        <LI>Previous message: <A HREF="028557.html">Still FAILED build of OpenSSL branch master with options -d --strict-warnings no-dtls1_2-method
</A></li>
        <LI>Next message: <A HREF="028470.html">Errored: openssl/openssl#34140 (master - 33388b4)
</A></li>
         <LI> <B>Messages sorted by:</B> 
              <a href="date.html#28582">[ date ]</a>
              <a href="thread.html#28582">[ thread ]</a>
              <a href="subject.html#28582">[ subject ]</a>
              <a href="author.html#28582">[ author ]</a>
         </LI>
       </UL>
    <HR>  
<!--beginarticle-->
<PRE>Platform and configuration command:

$ uname -a
Linux run 4.15.0-54-generic #58-Ubuntu SMP Mon Jun 24 10:55:24 UTC 2019 x86_64 x86_64 x86_64 GNU/Linux
$ CC=clang ../openssl/config -d --strict-warnings no-dtls1_2-method

Commit log since last time:

9df3dd6b43 Update README.ssltests.md
f844f9eb44 Rename FIPS_MODE to FIPS_MODULE
cf86057a1a Configurations: Identify the shell variables around MANSUFFIX
c9c78d271e Fix GOST curve sec bits
f828ba0363 Configure: change all references to INSTALL to INSTALL.md
cf076a3fd6 Configurations/unix-Makefile.tmpl: fix typo
fb121631e7 sslapitest: only compile test when it will be used
af0d413654 doc: Random spellchecking
60ebc0ca5a fuzz/asn1.c: Add missing #include
80b94a5adb i2b_PVK_bio: don't set PEM_R_BIO_WRITE_FAILURE in case of success
7ffce85237 Fix type cast in SSL_CTX_set1_groups macro
d0bcad7325 crypto/x509/v3_alt.c: make 'othername' a bit bigger
ee6c7cde75 Fix links in CONTRIBUTING.md

Build log ended with (last 100 lines):

70-test_clienthello.t .............. ok
70-test_comp.t ..................... ok
70-test_key_share.t ................ ok
70-test_packet.t ................... ok
70-test_recordlen.t ................ ok
70-test_renegotiation.t ............ ok
70-test_servername.t ............... ok
70-test_sslcbcpadding.t ............ ok
70-test_sslcertstatus.t ............ ok
70-test_sslextension.t ............. ok
70-test_sslmessages.t .............. ok
70-test_sslrecords.t ............... ok
70-test_sslsessiontick.t ........... ok
70-test_sslsigalgs.t ............... ok
70-test_sslsignature.t ............. ok
70-test_sslskewith0p.t ............. ok
70-test_sslversions.t .............. ok
70-test_sslvertol.t ................ ok
70-test_tls13alerts.t .............. ok
70-test_tls13cookie.t .............. ok
70-test_tls13downgrade.t ........... ok
70-test_tls13hrr.t ................. ok
70-test_tls13kexmodes.t ............ ok
70-test_tls13messages.t ............ ok
70-test_tls13psk.t ................. ok
70-test_tlsextms.t ................. ok
70-test_verify_extra.t ............. ok
70-test_wpacket.t .................. ok
71-test_ssl_ctx.t .................. ok
80-test_ca.t ....................... ok
80-test_cipherbytes.t .............. ok
80-test_cipherlist.t ............... ok
80-test_ciphername.t ............... ok
80-test_cms.t ...................... ok
80-test_cmsapi.t ................... ok
80-test_ct.t ....................... ok
80-test_dane.t ..................... ok
80-test_dtls.t ..................... ok
80-test_dtls_mtu.t ................. skipped: test_dtls_mtu needs DTLS and PSK support enabled
80-test_dtlsv1listen.t ............. ok
80-test_http.t ..................... ok
80-test_ocsp.t ..................... ok
80-test_pkcs12.t ................... ok
80-test_ssl_new.t .................. 
Dubious, test returned 4 (wstat 1024, 0x400)
Failed 4/31 subtests 
80-test_ssl_old.t .................. ok
80-test_ssl_test_ctx.t ............. ok
80-test_sslcorrupt.t ............... ok
80-test_tsa.t ...................... ok
80-test_x509aux.t .................. ok
90-test_asn1_time.t ................ ok
90-test_async.t .................... ok
90-test_bio_enc.t .................. ok
90-test_bio_memleak.t .............. ok
90-test_constant_time.t ............ ok
90-test_fatalerr.t ................. ok
90-test_gmdiff.t ................... ok
90-test_gost.t ..................... ok
90-test_ige.t ...................... ok
90-test_includes.t ................. ok
90-test_memleak.t .................. ok
90-test_overhead.t ................. ok
90-test_secmem.t ................... ok
90-test_shlibload.t ................ ok
90-test_srp.t ...................... ok
90-test_sslapi.t ................... 
Dubious, test returned 1 (wstat 256, 0x100)
Failed 1/3 subtests 
90-test_sslbuffers.t ............... ok
90-test_sslprovider.t .............. ok
90-test_store.t .................... ok
90-test_sysdefault.t ............... ok
90-test_threads.t .................. ok
90-test_time_offset.t .............. ok
90-test_tls13ccs.t ................. ok
90-test_tls13encryption.t .......... ok
90-test_tls13secrets.t ............. ok
90-test_v3name.t ................... ok
95-test_external_boringssl.t ....... skipped: No external tests in this configuration
95-test_external_krb5.t ............ skipped: No external tests in this configuration
95-test_external_pyca.t ............ skipped: No external tests in this configuration
99-test_ecstress.t ................. ok
99-test_fuzz.t ..................... ok

Test Summary Report
-------------------
80-test_ssl_new.t                (Wstat: 1024 Tests: 31 Failed: 4)
  Failed tests:  5, 8, 17, 19
  Non-zero exit status: 4
90-test_sslapi.t                 (Wstat: 256 Tests: 3 Failed: 1)
  Failed test:  3
  Non-zero exit status: 1
Files=197, Tests=1986, 649 wallclock secs ( 7.78 usr  1.31 sys + 612.60 cusr 42.83 csys = 664.52 CPU)
Result: FAIL
Makefile:3048: recipe for target '_tests' failed
make[1]: *** [_tests] Error 1
make[1]: Leaving directory '/home/openssl/run-checker/no-dtls1_2-method'
Makefile:3046: recipe for target 'tests' failed
make: *** [tests] Error 2
</PRE>

<!--endarticle-->
    <HR>
    <P><UL>
        <!--threads-->
	<LI>Previous message: <A HREF="028557.html">Still FAILED build of OpenSSL branch master with options -d --strict-warnings no-dtls1_2-method
</A></li>
	<LI>Next message: <A HREF="028470.html">Errored: openssl/openssl#34140 (master - 33388b4)
</A></li>
         <LI> <B>Messages sorted by:</B> 
              <a href="date.html#28582">[ date ]</a>
              <a href="thread.html#28582">[ thread ]</a>
              <a href="subject.html#28582">[ subject ]</a>
              <a href="author.html#28582">[ author ]</a>
         </LI>
       </UL>

<hr>
<a href="../../../mailman/listinfo/openssl-commits.html">More information about the openssl-commits
mailing list</a><br>
</body></html>
