<!DOCTYPE HTML PUBLIC "-//W3C//DTD HTML 4.01 Transitional//EN">
<HTML>
 <HEAD>
   <TITLE> Still FAILED build of OpenSSL branch master with options -d --strict-warnings no-ec
   </TITLE>
   <LINK REL="Index" HREF="https://mta.openssl.org/pipermail/openssl-commits/2019-May/index.html" >
   <LINK REL="made" HREF="mailto:openssl-commits%40openssl.org?Subject=Re%3A%20Still%20FAILED%20build%20of%20OpenSSL%20branch%20master%20with%20options%20-d%0A%20--strict-warnings%20no-ec&In-Reply-To=%3C1559097208.626331.8578.nullmailer%40run.openssl.org%3E">
   <META NAME="robots" CONTENT="index,nofollow">
   <style type="text/css">
       pre {
           white-space: pre-wrap;       /* css-2.1, curent FF, Opera, Safari */
           }
   </style>
   <META http-equiv="Content-Type" content="text/html; charset=us-ascii">
   <LINK REL="Previous"  HREF="023292.html">
   <LINK REL="Next"  HREF="023296.html">
 </HEAD>
 <BODY BGCOLOR="#ffffff">
   <H1>Still FAILED build of OpenSSL branch master with options -d --strict-warnings no-ec</H1>
    <B>OpenSSL run-checker</B> 
    <A HREF="mailto:openssl-commits%40openssl.org?Subject=Re%3A%20Still%20FAILED%20build%20of%20OpenSSL%20branch%20master%20with%20options%20-d%0A%20--strict-warnings%20no-ec&In-Reply-To=%3C1559097208.626331.8578.nullmailer%40run.openssl.org%3E"
       TITLE="Still FAILED build of OpenSSL branch master with options -d --strict-warnings no-ec">openssl at openssl.org
       </A><BR>
    <I>Wed May 29 02:33:28 UTC 2019</I>
    <P><UL>
        <LI>Previous message: <A HREF="023292.html">Still Failing: openssl/openssl#25396 (master - cdc5ae9)
</A></li>
        <LI>Next message: <A HREF="023296.html">Still Failing: openssl/openssl#25404 (master - 878dc8d)
</A></li>
         <LI> <B>Messages sorted by:</B> 
              <a href="date.html#23293">[ date ]</a>
              <a href="thread.html#23293">[ thread ]</a>
              <a href="subject.html#23293">[ subject ]</a>
              <a href="author.html#23293">[ author ]</a>
         </LI>
       </UL>
    <HR>  
<!--beginarticle-->
<PRE>Platform and configuration command:

$ uname -a
Linux run 4.4.0-135-generic #161-Ubuntu SMP Mon Aug 27 10:45:01 UTC 2018 x86_64 x86_64 x86_64 GNU/Linux
$ CC=clang ../openssl/config -d --strict-warnings no-ec

Commit log since last time:

3b8033f3f5 Configurations/unix-Makefile.tmpl: not -v for rm
f3d6a36446 Configure: link AIX modules correctly
cd4c83b524 The SHA256 is not a mandatory digest for DSA.

Build log ended with (last 100 lines):

/usr/bin/perl ../openssl/test/generate_buildtest.pl dsa &gt; test/buildtest_dsa.c
/usr/bin/perl ../openssl/test/generate_buildtest.pl dtls1 &gt; test/buildtest_dtls1.c
/usr/bin/perl ../openssl/test/generate_buildtest.pl e_os2 &gt; test/buildtest_e_os2.c
/usr/bin/perl ../openssl/test/generate_buildtest.pl ebcdic &gt; test/buildtest_ebcdic.c
/usr/bin/perl ../openssl/test/generate_buildtest.pl engine &gt; test/buildtest_engine.c
/usr/bin/perl ../openssl/test/generate_buildtest.pl ess &gt; test/buildtest_ess.c
/usr/bin/perl ../openssl/test/generate_buildtest.pl evp &gt; test/buildtest_evp.c
/usr/bin/perl ../openssl/test/generate_buildtest.pl hmac &gt; test/buildtest_hmac.c
/usr/bin/perl ../openssl/test/generate_buildtest.pl idea &gt; test/buildtest_idea.c
/usr/bin/perl ../openssl/test/generate_buildtest.pl kdf &gt; test/buildtest_kdf.c
/usr/bin/perl ../openssl/test/generate_buildtest.pl lhash &gt; test/buildtest_lhash.c
/usr/bin/perl ../openssl/test/generate_buildtest.pl md4 &gt; test/buildtest_md4.c
/usr/bin/perl ../openssl/test/generate_buildtest.pl md5 &gt; test/buildtest_md5.c
/usr/bin/perl ../openssl/test/generate_buildtest.pl mdc2 &gt; test/buildtest_mdc2.c
/usr/bin/perl ../openssl/test/generate_buildtest.pl modes &gt; test/buildtest_modes.c
/usr/bin/perl ../openssl/test/generate_buildtest.pl obj_mac &gt; test/buildtest_obj_mac.c
/usr/bin/perl ../openssl/test/generate_buildtest.pl objects &gt; test/buildtest_objects.c
/usr/bin/perl ../openssl/test/generate_buildtest.pl ocsp &gt; test/buildtest_ocsp.c
/usr/bin/perl ../openssl/test/generate_buildtest.pl opensslv &gt; test/buildtest_opensslv.c
/usr/bin/perl ../openssl/test/generate_buildtest.pl ossl_typ &gt; test/buildtest_ossl_typ.c
/usr/bin/perl ../openssl/test/generate_buildtest.pl params &gt; test/buildtest_params.c
/usr/bin/perl ../openssl/test/generate_buildtest.pl pem &gt; test/buildtest_pem.c
/usr/bin/perl ../openssl/test/generate_buildtest.pl pem2 &gt; test/buildtest_pem2.c
/usr/bin/perl ../openssl/test/generate_buildtest.pl pkcs12 &gt; test/buildtest_pkcs12.c
/usr/bin/perl ../openssl/test/generate_buildtest.pl pkcs7 &gt; test/buildtest_pkcs7.c
/usr/bin/perl ../openssl/test/generate_buildtest.pl provider &gt; test/buildtest_provider.c
/usr/bin/perl ../openssl/test/generate_buildtest.pl rand &gt; test/buildtest_rand.c
/usr/bin/perl ../openssl/test/generate_buildtest.pl rand_drbg &gt; test/buildtest_rand_drbg.c
/usr/bin/perl ../openssl/test/generate_buildtest.pl rc2 &gt; test/buildtest_rc2.c
/usr/bin/perl ../openssl/test/generate_buildtest.pl rc4 &gt; test/buildtest_rc4.c
/usr/bin/perl ../openssl/test/generate_buildtest.pl ripemd &gt; test/buildtest_ripemd.c
/usr/bin/perl ../openssl/test/generate_buildtest.pl rsa &gt; test/buildtest_rsa.c
/usr/bin/perl ../openssl/test/generate_buildtest.pl safestack &gt; test/buildtest_safestack.c
/usr/bin/perl ../openssl/test/generate_buildtest.pl seed &gt; test/buildtest_seed.c
/usr/bin/perl ../openssl/test/generate_buildtest.pl sha &gt; test/buildtest_sha.c
/usr/bin/perl ../openssl/test/generate_buildtest.pl srp &gt; test/buildtest_srp.c
/usr/bin/perl ../openssl/test/generate_buildtest.pl srtp &gt; test/buildtest_srtp.c
/usr/bin/perl ../openssl/test/generate_buildtest.pl ssl &gt; test/buildtest_ssl.c
/usr/bin/perl ../openssl/test/generate_buildtest.pl ssl2 &gt; test/buildtest_ssl2.c
/usr/bin/perl ../openssl/test/generate_buildtest.pl stack &gt; test/buildtest_stack.c
/usr/bin/perl ../openssl/test/generate_buildtest.pl store &gt; test/buildtest_store.c
/usr/bin/perl ../openssl/test/generate_buildtest.pl symhacks &gt; test/buildtest_symhacks.c
/usr/bin/perl ../openssl/test/generate_buildtest.pl tls1 &gt; test/buildtest_tls1.c
/usr/bin/perl ../openssl/test/generate_buildtest.pl ts &gt; test/buildtest_ts.c
/usr/bin/perl ../openssl/test/generate_buildtest.pl txt_db &gt; test/buildtest_txt_db.c
/usr/bin/perl ../openssl/test/generate_buildtest.pl ui &gt; test/buildtest_ui.c
/usr/bin/perl ../openssl/test/generate_buildtest.pl whrlpool &gt; test/buildtest_whrlpool.c
/usr/bin/perl ../openssl/test/generate_buildtest.pl x509 &gt; test/buildtest_x509.c
/usr/bin/perl ../openssl/test/generate_buildtest.pl x509_vfy &gt; test/buildtest_x509_vfy.c
/usr/bin/perl ../openssl/test/generate_buildtest.pl x509v3 &gt; test/buildtest_x509v3.c
clang  -Iinclude -Iapps/include -I../openssl/include -I../openssl/apps/include  -pthread -m64 -Wa,--noexecstack -Qunused-arguments -Wall -O0 -g -DDEBUG_UNUSED -DPEDANTIC -pedantic -Wno-long-long -Wall -Wextra -Wno-unused-parameter -Wno-missing-field-initializers -Wswitch -Wsign-compare -Wshadow -Wformat -Wtype-limits -Wundef -Werror -Wmissing-prototypes -Wstrict-prototypes -Wswitch-default -Wno-parentheses-equality -Wno-language-extension-token -Wno-extended-offsetof -Wconditional-uninitialized -Wincompatible-pointer-types-discards-qualifiers -Wno-unknown-warning-option -Wmissing-variable-declarations   -MMD -MF test/casttest-bin-casttest.d.tmp -MT test/casttest-bin-casttest.o -c -o test/casttest-bin-casttest.o ../openssl/test/casttest.c
clang  -I. -Iinclude -Iapps/include -Icrypto/include -I../openssl -I../openssl/include -I../openssl/apps/include -I../openssl/crypto/include  -pthread -m64 -Wa,--noexecstack -Qunused-arguments -Wall -O0 -g -DDEBUG_UNUSED -DPEDANTIC -pedantic -Wno-long-long -Wall -Wextra -Wno-unused-parameter -Wno-missing-field-initializers -Wswitch -Wsign-compare -Wshadow -Wformat -Wtype-limits -Wundef -Werror -Wmissing-prototypes -Wstrict-prototypes -Wswitch-default -Wno-parentheses-equality -Wno-language-extension-token -Wno-extended-offsetof -Wconditional-uninitialized -Wincompatible-pointer-types-discards-qualifiers -Wno-unknown-warning-option -Wmissing-variable-declarations   -MMD -MF test/chacha_internal_test-bin-chacha_internal_test.d.tmp -MT test/chacha_internal_test-bin-chacha_internal_test.o -c -o test/chacha_internal_test-bin-chacha_internal_test.o ../openssl/test/chacha_internal_test.c
clang  -Iinclude -Iapps/include -I../openssl/include -I../openssl/apps/include  -pthread -m64 -Wa,--noexecstack -Qunused-arguments -Wall -O0 -g -DDEBUG_UNUSED -DPEDANTIC -pedantic -Wno-long-long -Wall -Wextra -Wno-unused-parameter -Wno-missing-field-initializers -Wswitch -Wsign-compare -Wshadow -Wformat -Wtype-limits -Wundef -Werror -Wmissing-prototypes -Wstrict-prototypes -Wswitch-default -Wno-parentheses-equality -Wno-language-extension-token -Wno-extended-offsetof -Wconditional-uninitialized -Wincompatible-pointer-types-discards-qualifiers -Wno-unknown-warning-option -Wmissing-variable-declarations   -MMD -MF test/cipherbytes_test-bin-cipherbytes_test.d.tmp -MT test/cipherbytes_test-bin-cipherbytes_test.o -c -o test/cipherbytes_test-bin-cipherbytes_test.o ../openssl/test/cipherbytes_test.c
clang  -Iinclude -Iapps/include -I../openssl/include -I../openssl/apps/include  -pthread -m64 -Wa,--noexecstack -Qunused-arguments -Wall -O0 -g -DDEBUG_UNUSED -DPEDANTIC -pedantic -Wno-long-long -Wall -Wextra -Wno-unused-parameter -Wno-missing-field-initializers -Wswitch -Wsign-compare -Wshadow -Wformat -Wtype-limits -Wundef -Werror -Wmissing-prototypes -Wstrict-prototypes -Wswitch-default -Wno-parentheses-equality -Wno-language-extension-token -Wno-extended-offsetof -Wconditional-uninitialized -Wincompatible-pointer-types-discards-qualifiers -Wno-unknown-warning-option -Wmissing-variable-declarations   -MMD -MF test/cipherlist_test-bin-cipherlist_test.d.tmp -MT test/cipherlist_test-bin-cipherlist_test.o -c -o test/cipherlist_test-bin-cipherlist_test.o ../openssl/test/cipherlist_test.c
clang  -Iinclude -Iapps/include -I../openssl/include -I../openssl/apps/include  -pthread -m64 -Wa,--noexecstack -Qunused-arguments -Wall -O0 -g -DDEBUG_UNUSED -DPEDANTIC -pedantic -Wno-long-long -Wall -Wextra -Wno-unused-parameter -Wno-missing-field-initializers -Wswitch -Wsign-compare -Wshadow -Wformat -Wtype-limits -Wundef -Werror -Wmissing-prototypes -Wstrict-prototypes -Wswitch-default -Wno-parentheses-equality -Wno-language-extension-token -Wno-extended-offsetof -Wconditional-uninitialized -Wincompatible-pointer-types-discards-qualifiers -Wno-unknown-warning-option -Wmissing-variable-declarations   -MMD -MF test/ciphername_test-bin-ciphername_test.d.tmp -MT test/ciphername_test-bin-ciphername_test.o -c -o test/ciphername_test-bin-ciphername_test.o ../openssl/test/ciphername_test.c
clang  -Iinclude -Iapps/include -I../openssl/include -I../openssl/apps/include  -pthread -m64 -Wa,--noexecstack -Qunused-arguments -Wall -O0 -g -DDEBUG_UNUSED -DPEDANTIC -pedantic -Wno-long-long -Wall -Wextra -Wno-unused-parameter -Wno-missing-field-initializers -Wswitch -Wsign-compare -Wshadow -Wformat -Wtype-limits -Wundef -Werror -Wmissing-prototypes -Wstrict-prototypes -Wswitch-default -Wno-parentheses-equality -Wno-language-extension-token -Wno-extended-offsetof -Wconditional-uninitialized -Wincompatible-pointer-types-discards-qualifiers -Wno-unknown-warning-option -Wmissing-variable-declarations   -MMD -MF test/clienthellotest-bin-clienthellotest.d.tmp -MT test/clienthellotest-bin-clienthellotest.o -c -o test/clienthellotest-bin-clienthellotest.o ../openssl/test/clienthellotest.c
clang  -Iinclude -Iapps/include -I../openssl/include -I../openssl/apps/include  -pthread -m64 -Wa,--noexecstack -Qunused-arguments -Wall -O0 -g -DDEBUG_UNUSED -DPEDANTIC -pedantic -Wno-long-long -Wall -Wextra -Wno-unused-parameter -Wno-missing-field-initializers -Wswitch -Wsign-compare -Wshadow -Wformat -Wtype-limits -Wundef -Werror -Wmissing-prototypes -Wstrict-prototypes -Wswitch-default -Wno-parentheses-equality -Wno-language-extension-token -Wno-extended-offsetof -Wconditional-uninitialized -Wincompatible-pointer-types-discards-qualifiers -Wno-unknown-warning-option -Wmissing-variable-declarations   -MMD -MF test/cmsapitest-bin-cmsapitest.d.tmp -MT test/cmsapitest-bin-cmsapitest.o -c -o test/cmsapitest-bin-cmsapitest.o ../openssl/test/cmsapitest.c
clang  -Iinclude -Iapps/include -I../openssl/include -I../openssl/apps/include  -pthread -m64 -Wa,--noexecstack -Qunused-arguments -Wall -O0 -g -DDEBUG_UNUSED -DPEDANTIC -pedantic -Wno-long-long -Wall -Wextra -Wno-unused-parameter -Wno-missing-field-initializers -Wswitch -Wsign-compare -Wshadow -Wformat -Wtype-limits -Wundef -Werror -Wmissing-prototypes -Wstrict-prototypes -Wswitch-default -Wno-parentheses-equality -Wno-language-extension-token -Wno-extended-offsetof -Wconditional-uninitialized -Wincompatible-pointer-types-discards-qualifiers -Wno-unknown-warning-option -Wmissing-variable-declarations   -MMD -MF test/conf_include_test-bin-conf_include_test.d.tmp -MT test/conf_include_test-bin-conf_include_test.o -c -o test/conf_include_test-bin-conf_include_test.o ../openssl/test/conf_include_test.c
clang  -Iinclude -Iapps/include -I../openssl/include -I../openssl/apps/include  -pthread -m64 -Wa,--noexecstack -Qunused-arguments -Wall -O0 -g -DDEBUG_UNUSED -DPEDANTIC -pedantic -Wno-long-long -Wall -Wextra -Wno-unused-parameter -Wno-missing-field-initializers -Wswitch -Wsign-compare -Wshadow -Wformat -Wtype-limits -Wundef -Werror -Wmissing-prototypes -Wstrict-prototypes -Wswitch-default -Wno-parentheses-equality -Wno-language-extension-token -Wno-extended-offsetof -Wconditional-uninitialized -Wincompatible-pointer-types-discards-qualifiers -Wno-unknown-warning-option -Wmissing-variable-declarations   -MMD -MF test/constant_time_test-bin-constant_time_test.d.tmp -MT test/constant_time_test-bin-constant_time_test.o -c -o test/constant_time_test-bin-constant_time_test.o ../openssl/test/constant_time_test.c
clang  -I. -Iinclude -Iapps/include -I../openssl -I../openssl/include -I../openssl/apps/include  -pthread -m64 -Wa,--noexecstack -Qunused-arguments -Wall -O0 -g -DDEBUG_UNUSED -DPEDANTIC -pedantic -Wno-long-long -Wall -Wextra -Wno-unused-parameter -Wno-missing-field-initializers -Wswitch -Wsign-compare -Wshadow -Wformat -Wtype-limits -Wundef -Werror -Wmissing-prototypes -Wstrict-prototypes -Wswitch-default -Wno-parentheses-equality -Wno-language-extension-token -Wno-extended-offsetof -Wconditional-uninitialized -Wincompatible-pointer-types-discards-qualifiers -Wno-unknown-warning-option -Wmissing-variable-declarations   -MMD -MF test/context_internal_test-bin-context_internal_test.d.tmp -MT test/context_internal_test-bin-context_internal_test.o -c -o test/context_internal_test-bin-context_internal_test.o ../openssl/test/context_internal_test.c
clang  -Iinclude -Iapps/include -I../openssl/include -I../openssl/apps/include  -pthread -m64 -Wa,--noexecstack -Qunused-arguments -Wall -O0 -g -DDEBUG_UNUSED -DPEDANTIC -pedantic -Wno-long-long -Wall -Wextra -Wno-unused-parameter -Wno-missing-field-initializers -Wswitch -Wsign-compare -Wshadow -Wformat -Wtype-limits -Wundef -Werror -Wmissing-prototypes -Wstrict-prototypes -Wswitch-default -Wno-parentheses-equality -Wno-language-extension-token -Wno-extended-offsetof -Wconditional-uninitialized -Wincompatible-pointer-types-discards-qualifiers -Wno-unknown-warning-option -Wmissing-variable-declarations   -MMD -MF test/crltest-bin-crltest.d.tmp -MT test/crltest-bin-crltest.o -c -o test/crltest-bin-crltest.o ../openssl/test/crltest.c
clang  -Iinclude -Iapps/include -I../openssl/include -I../openssl/apps/include  -pthread -m64 -Wa,--noexecstack -Qunused-arguments -Wall -O0 -g -DDEBUG_UNUSED -DPEDANTIC -pedantic -Wno-long-long -Wall -Wextra -Wno-unused-parameter -Wno-missing-field-initializers -Wswitch -Wsign-compare -Wshadow -Wformat -Wtype-limits -Wundef -Werror -Wmissing-prototypes -Wstrict-prototypes -Wswitch-default -Wno-parentheses-equality -Wno-language-extension-token -Wno-extended-offsetof -Wconditional-uninitialized -Wincompatible-pointer-types-discards-qualifiers -Wno-unknown-warning-option -Wmissing-variable-declarations   -MMD -MF test/ct_test-bin-ct_test.d.tmp -MT test/ct_test-bin-ct_test.o -c -o test/ct_test-bin-ct_test.o ../openssl/test/ct_test.c
clang  -I. -Icrypto/include -Iinclude -Iapps/include -I../openssl -I../openssl/crypto/include -I../openssl/include -I../openssl/apps/include  -pthread -m64 -Wa,--noexecstack -Qunused-arguments -Wall -O0 -g -DDEBUG_UNUSED -DPEDANTIC -pedantic -Wno-long-long -Wall -Wextra -Wno-unused-parameter -Wno-missing-field-initializers -Wswitch -Wsign-compare -Wshadow -Wformat -Wtype-limits -Wundef -Werror -Wmissing-prototypes -Wstrict-prototypes -Wswitch-default -Wno-parentheses-equality -Wno-language-extension-token -Wno-extended-offsetof -Wconditional-uninitialized -Wincompatible-pointer-types-discards-qualifiers -Wno-unknown-warning-option -Wmissing-variable-declarations   -MMD -MF test/ctype_internal_test-bin-ctype_internal_test.d.tmp -MT test/ctype_internal_test-bin-ctype_internal_test.o -c -o test/ctype_internal_test-bin-ctype_internal_test.o ../openssl/test/ctype_internal_test.c
clang  -Iinclude -Iapps/include -I../openssl/include -I../openssl/apps/include  -pthread -m64 -Wa,--noexecstack -Qunused-arguments -Wall -O0 -g -DDEBUG_UNUSED -DPEDANTIC -pedantic -Wno-long-long -Wall -Wextra -Wno-unused-parameter -Wno-missing-field-initializers -Wswitch -Wsign-compare -Wshadow -Wformat -Wtype-limits -Wundef -Werror -Wmissing-prototypes -Wstrict-prototypes -Wswitch-default -Wno-parentheses-equality -Wno-language-extension-token -Wno-extended-offsetof -Wconditional-uninitialized -Wincompatible-pointer-types-discards-qualifiers -Wno-unknown-warning-option -Wmissing-variable-declarations   -MMD -MF test/d2i_test-bin-d2i_test.d.tmp -MT test/d2i_test-bin-d2i_test.o -c -o test/d2i_test-bin-d2i_test.o ../openssl/test/d2i_test.c
clang  -Iinclude -Iapps/include -I../openssl/include -I../openssl/apps/include  -pthread -m64 -Wa,--noexecstack -Qunused-arguments -Wall -O0 -g -DDEBUG_UNUSED -DPEDANTIC -pedantic -Wno-long-long -Wall -Wextra -Wno-unused-parameter -Wno-missing-field-initializers -Wswitch -Wsign-compare -Wshadow -Wformat -Wtype-limits -Wundef -Werror -Wmissing-prototypes -Wstrict-prototypes -Wswitch-default -Wno-parentheses-equality -Wno-language-extension-token -Wno-extended-offsetof -Wconditional-uninitialized -Wincompatible-pointer-types-discards-qualifiers -Wno-unknown-warning-option -Wmissing-variable-declarations   -MMD -MF test/danetest-bin-danetest.d.tmp -MT test/danetest-bin-danetest.o -c -o test/danetest-bin-danetest.o ../openssl/test/danetest.c
clang  -Iinclude -Iapps/include -I../openssl/include -I../openssl/apps/include  -pthread -m64 -Wa,--noexecstack -Qunused-arguments -Wall -O0 -g -DDEBUG_UNUSED -DPEDANTIC -pedantic -Wno-long-long -Wall -Wextra -Wno-unused-parameter -Wno-missing-field-initializers -Wswitch -Wsign-compare -Wshadow -Wformat -Wtype-limits -Wundef -Werror -Wmissing-prototypes -Wstrict-prototypes -Wswitch-default -Wno-parentheses-equality -Wno-language-extension-token -Wno-extended-offsetof -Wconditional-uninitialized -Wincompatible-pointer-types-discards-qualifiers -Wno-unknown-warning-option -Wmissing-variable-declarations   -MMD -MF test/destest-bin-destest.d.tmp -MT test/destest-bin-destest.o -c -o test/destest-bin-destest.o ../openssl/test/destest.c
clang  -Iinclude -Iapps/include -I../openssl/include -I../openssl/apps/include  -pthread -m64 -Wa,--noexecstack -Qunused-arguments -Wall -O0 -g -DDEBUG_UNUSED -DPEDANTIC -pedantic -Wno-long-long -Wall -Wextra -Wno-unused-parameter -Wno-missing-field-initializers -Wswitch -Wsign-compare -Wshadow -Wformat -Wtype-limits -Wundef -Werror -Wmissing-prototypes -Wstrict-prototypes -Wswitch-default -Wno-parentheses-equality -Wno-language-extension-token -Wno-extended-offsetof -Wconditional-uninitialized -Wincompatible-pointer-types-discards-qualifiers -Wno-unknown-warning-option -Wmissing-variable-declarations   -MMD -MF test/dhtest-bin-dhtest.d.tmp -MT test/dhtest-bin-dhtest.o -c -o test/dhtest-bin-dhtest.o ../openssl/test/dhtest.c
clang  -Iinclude -Iapps/include -Itest -I. -I../openssl/include -I../openssl/apps/include -I../openssl/test -I../openssl  -pthread -m64 -Wa,--noexecstack -Qunused-arguments -Wall -O0 -g -DDEBUG_UNUSED -DPEDANTIC -pedantic -Wno-long-long -Wall -Wextra -Wno-unused-parameter -Wno-missing-field-initializers -Wswitch -Wsign-compare -Wshadow -Wformat -Wtype-limits -Wundef -Werror -Wmissing-prototypes -Wstrict-prototypes -Wswitch-default -Wno-parentheses-equality -Wno-language-extension-token -Wno-extended-offsetof -Wconditional-uninitialized -Wincompatible-pointer-types-discards-qualifiers -Wno-unknown-warning-option -Wmissing-variable-declarations   -MMD -MF test/drbg_cavs_test-bin-drbg_cavs_data_ctr.d.tmp -MT test/drbg_cavs_test-bin-drbg_cavs_data_ctr.o -c -o test/drbg_cavs_test-bin-drbg_cavs_data_ctr.o ../openssl/test/drbg_cavs_data_ctr.c
clang  -Iinclude -Iapps/include -Itest -I. -I../openssl/include -I../openssl/apps/include -I../openssl/test -I../openssl  -pthread -m64 -Wa,--noexecstack -Qunused-arguments -Wall -O0 -g -DDEBUG_UNUSED -DPEDANTIC -pedantic -Wno-long-long -Wall -Wextra -Wno-unused-parameter -Wno-missing-field-initializers -Wswitch -Wsign-compare -Wshadow -Wformat -Wtype-limits -Wundef -Werror -Wmissing-prototypes -Wstrict-prototypes -Wswitch-default -Wno-parentheses-equality -Wno-language-extension-token -Wno-extended-offsetof -Wconditional-uninitialized -Wincompatible-pointer-types-discards-qualifiers -Wno-unknown-warning-option -Wmissing-variable-declarations   -MMD -MF test/drbg_cavs_test-bin-drbg_cavs_data_hash.d.tmp -MT test/drbg_cavs_test-bin-drbg_cavs_data_hash.o -c -o test/drbg_cavs_test-bin-drbg_cavs_data_hash.o ../openssl/test/drbg_cavs_data_hash.c
clang  -Iinclude -Iapps/include -Itest -I. -I../openssl/include -I../openssl/apps/include -I../openssl/test -I../openssl  -pthread -m64 -Wa,--noexecstack -Qunused-arguments -Wall -O0 -g -DDEBUG_UNUSED -DPEDANTIC -pedantic -Wno-long-long -Wall -Wextra -Wno-unused-parameter -Wno-missing-field-initializers -Wswitch -Wsign-compare -Wshadow -Wformat -Wtype-limits -Wundef -Werror -Wmissing-prototypes -Wstrict-prototypes -Wswitch-default -Wno-parentheses-equality -Wno-language-extension-token -Wno-extended-offsetof -Wconditional-uninitialized -Wincompatible-pointer-types-discards-qualifiers -Wno-unknown-warning-option -Wmissing-variable-declarations   -MMD -MF test/drbg_cavs_test-bin-drbg_cavs_data_hmac.d.tmp -MT test/drbg_cavs_test-bin-drbg_cavs_data_hmac.o -c -o test/drbg_cavs_test-bin-drbg_cavs_data_hmac.o ../openssl/test/drbg_cavs_data_hmac.c
clang  -Iinclude -Iapps/include -Itest -I. -I../openssl/include -I../openssl/apps/include -I../openssl/test -I../openssl  -pthread -m64 -Wa,--noexecstack -Qunused-arguments -Wall -O0 -g -DDEBUG_UNUSED -DPEDANTIC -pedantic -Wno-long-long -Wall -Wextra -Wno-unused-parameter -Wno-missing-field-initializers -Wswitch -Wsign-compare -Wshadow -Wformat -Wtype-limits -Wundef -Werror -Wmissing-prototypes -Wstrict-prototypes -Wswitch-default -Wno-parentheses-equality -Wno-language-extension-token -Wno-extended-offsetof -Wconditional-uninitialized -Wincompatible-pointer-types-discards-qualifiers -Wno-unknown-warning-option -Wmissing-variable-declarations   -MMD -MF test/drbg_cavs_test-bin-drbg_cavs_test.d.tmp -MT test/drbg_cavs_test-bin-drbg_cavs_test.o -c -o test/drbg_cavs_test-bin-drbg_cavs_test.o ../openssl/test/drbg_cavs_test.c
clang  -Iinclude -Iapps/include -I../openssl/include -I../openssl/apps/include  -pthread -m64 -Wa,--noexecstack -Qunused-arguments -Wall -O0 -g -DDEBUG_UNUSED -DPEDANTIC -pedantic -Wno-long-long -Wall -Wextra -Wno-unused-parameter -Wno-missing-field-initializers -Wswitch -Wsign-compare -Wshadow -Wformat -Wtype-limits -Wundef -Werror -Wmissing-prototypes -Wstrict-prototypes -Wswitch-default -Wno-parentheses-equality -Wno-language-extension-token -Wno-extended-offsetof -Wconditional-uninitialized -Wincompatible-pointer-types-discards-qualifiers -Wno-unknown-warning-option -Wmissing-variable-declarations   -MMD -MF test/drbgtest-bin-drbgtest.d.tmp -MT test/drbgtest-bin-drbgtest.o -c -o test/drbgtest-bin-drbgtest.o ../openssl/test/drbgtest.c
clang  -Iinclude -Iapps/include -I../openssl/include -I../openssl/apps/include  -pthread -m64 -Wa,--noexecstack -Qunused-arguments -Wall -O0 -g -DDEBUG_UNUSED -DPEDANTIC -pedantic -Wno-long-long -Wall -Wextra -Wno-unused-parameter -Wno-missing-field-initializers -Wswitch -Wsign-compare -Wshadow -Wformat -Wtype-limits -Wundef -Werror -Wmissing-prototypes -Wstrict-prototypes -Wswitch-default -Wno-parentheses-equality -Wno-language-extension-token -Wno-extended-offsetof -Wconditional-uninitialized -Wincompatible-pointer-types-discards-qualifiers -Wno-unknown-warning-option -Wmissing-variable-declarations   -MMD -MF test/dsa_no_digest_size_test-bin-dsa_no_digest_size_test.d.tmp -MT test/dsa_no_digest_size_test-bin-dsa_no_digest_size_test.o -c -o test/dsa_no_digest_size_test-bin-dsa_no_digest_size_test.o ../openssl/test/dsa_no_digest_size_test.c
clang  -Iinclude -Iapps/include -I../openssl/include -I../openssl/apps/include  -pthread -m64 -Wa,--noexecstack -Qunused-arguments -Wall -O0 -g -DDEBUG_UNUSED -DPEDANTIC -pedantic -Wno-long-long -Wall -Wextra -Wno-unused-parameter -Wno-missing-field-initializers -Wswitch -Wsign-compare -Wshadow -Wformat -Wtype-limits -Wundef -Werror -Wmissing-prototypes -Wstrict-prototypes -Wswitch-default -Wno-parentheses-equality -Wno-language-extension-token -Wno-extended-offsetof -Wconditional-uninitialized -Wincompatible-pointer-types-discards-qualifiers -Wno-unknown-warning-option -Wmissing-variable-declarations   -MMD -MF test/dsatest-bin-dsatest.d.tmp -MT test/dsatest-bin-dsatest.o -c -o test/dsatest-bin-dsatest.o ../openssl/test/dsatest.c
clang  -I. -Iinclude -Iapps/include -I../openssl -I../openssl/include -I../openssl/apps/include  -pthread -m64 -Wa,--noexecstack -Qunused-arguments -Wall -O0 -g -DDEBUG_UNUSED -DPEDANTIC -pedantic -Wno-long-long -Wall -Wextra -Wno-unused-parameter -Wno-missing-field-initializers -Wswitch -Wsign-compare -Wshadow -Wformat -Wtype-limits -Wundef -Werror -Wmissing-prototypes -Wstrict-prototypes -Wswitch-default -Wno-parentheses-equality -Wno-language-extension-token -Wno-extended-offsetof -Wconditional-uninitialized -Wincompatible-pointer-types-discards-qualifiers -Wno-unknown-warning-option -Wmissing-variable-declarations   -MMD -MF test/dtls_mtu_test-bin-dtls_mtu_test.d.tmp -MT test/dtls_mtu_test-bin-dtls_mtu_test.o -c -o test/dtls_mtu_test-bin-dtls_mtu_test.o ../openssl/test/dtls_mtu_test.c
clang  -I. -Iinclude -I../openssl -I../openssl/include -I. -Iinclude -Iapps/include -I../openssl -I../openssl/include -I../openssl/apps/include  -pthread -m64 -Wa,--noexecstack -Qunused-arguments -Wall -O0 -g -DDEBUG_UNUSED -DPEDANTIC -pedantic -Wno-long-long -Wall -Wextra -Wno-unused-parameter -Wno-missing-field-initializers -Wswitch -Wsign-compare -Wshadow -Wformat -Wtype-limits -Wundef -Werror -Wmissing-prototypes -Wstrict-prototypes -Wswitch-default -Wno-parentheses-equality -Wno-language-extension-token -Wno-extended-offsetof -Wconditional-uninitialized -Wincompatible-pointer-types-discards-qualifiers -Wno-unknown-warning-option -Wmissing-variable-declarations   -MMD -MF test/dtls_mtu_test-bin-ssltestlib.d.tmp -MT test/dtls_mtu_test-bin-ssltestlib.o -c -o test/dtls_mtu_test-bin-ssltestlib.o ../openssl/test/ssltestlib.c
clang  -Iinclude -Iapps/include -I../openssl/include -I../openssl/apps/include  -pthread -m64 -Wa,--noexecstack -Qunused-arguments -Wall -O0 -g -DDEBUG_UNUSED -DPEDANTIC -pedantic -Wno-long-long -Wall -Wextra -Wno-unused-parameter -Wno-missing-field-initializers -Wswitch -Wsign-compare -Wshadow -Wformat -Wtype-limits -Wundef -Werror -Wmissing-prototypes -Wstrict-prototypes -Wswitch-default -Wno-parentheses-equality -Wno-language-extension-token -Wno-extended-offsetof -Wconditional-uninitialized -Wincompatible-pointer-types-discards-qualifiers -Wno-unknown-warning-option -Wmissing-variable-declarations   -MMD -MF test/dtlstest-bin-dtlstest.d.tmp -MT test/dtlstest-bin-dtlstest.o -c -o test/dtlstest-bin-dtlstest.o ../openssl/test/dtlstest.c
clang  -I. -Iinclude -I../openssl -I../openssl/include -Iinclude -Iapps/include -I../openssl/include -I../openssl/apps/include  -pthread -m64 -Wa,--noexecstack -Qunused-arguments -Wall -O0 -g -DDEBUG_UNUSED -DPEDANTIC -pedantic -Wno-long-long -Wall -Wextra -Wno-unused-parameter -Wno-missing-field-initializers -Wswitch -Wsign-compare -Wshadow -Wformat -Wtype-limits -Wundef -Werror -Wmissing-prototypes -Wstrict-prototypes -Wswitch-default -Wno-parentheses-equality -Wno-language-extension-token -Wno-extended-offsetof -Wconditional-uninitialized -Wincompatible-pointer-types-discards-qualifiers -Wno-unknown-warning-option -Wmissing-variable-declarations   -MMD -MF test/dtlstest-bin-ssltestlib.d.tmp -MT test/dtlstest-bin-ssltestlib.o -c -o test/dtlstest-bin-ssltestlib.o ../openssl/test/ssltestlib.c
clang  -Iinclude -Iapps/include -I../openssl/include -I../openssl/apps/include  -pthread -m64 -Wa,--noexecstack -Qunused-arguments -Wall -O0 -g -DDEBUG_UNUSED -DPEDANTIC -pedantic -Wno-long-long -Wall -Wextra -Wno-unused-parameter -Wno-missing-field-initializers -Wswitch -Wsign-compare -Wshadow -Wformat -Wtype-limits -Wundef -Werror -Wmissing-prototypes -Wstrict-prototypes -Wswitch-default -Wno-parentheses-equality -Wno-language-extension-token -Wno-extended-offsetof -Wconditional-uninitialized -Wincompatible-pointer-types-discards-qualifiers -Wno-unknown-warning-option -Wmissing-variable-declarations   -MMD -MF test/dtlsv1listentest-bin-dtlsv1listentest.d.tmp -MT test/dtlsv1listentest-bin-dtlsv1listentest.o -c -o test/dtlsv1listentest-bin-dtlsv1listentest.o ../openssl/test/dtlsv1listentest.c
clang  -Iinclude -Iapps/include -I../openssl/include -I../openssl/apps/include  -pthread -m64 -Wa,--noexecstack -Qunused-arguments -Wall -O0 -g -DDEBUG_UNUSED -DPEDANTIC -pedantic -Wno-long-long -Wall -Wextra -Wno-unused-parameter -Wno-missing-field-initializers -Wswitch -Wsign-compare -Wshadow -Wformat -Wtype-limits -Wundef -Werror -Wmissing-prototypes -Wstrict-prototypes -Wswitch-default -Wno-parentheses-equality -Wno-language-extension-token -Wno-extended-offsetof -Wconditional-uninitialized -Wincompatible-pointer-types-discards-qualifiers -Wno-unknown-warning-option -Wmissing-variable-declarations   -MMD -MF test/ecdsatest-bin-ecdsatest.d.tmp -MT test/ecdsatest-bin-ecdsatest.o -c -o test/ecdsatest-bin-ecdsatest.o ../openssl/test/ecdsatest.c
clang  -Iinclude -Iapps/include -I../openssl/include -I../openssl/apps/include  -pthread -m64 -Wa,--noexecstack -Qunused-arguments -Wall -O0 -g -DDEBUG_UNUSED -DPEDANTIC -pedantic -Wno-long-long -Wall -Wextra -Wno-unused-parameter -Wno-missing-field-initializers -Wswitch -Wsign-compare -Wshadow -Wformat -Wtype-limits -Wundef -Werror -Wmissing-prototypes -Wstrict-prototypes -Wswitch-default -Wno-parentheses-equality -Wno-language-extension-token -Wno-extended-offsetof -Wconditional-uninitialized -Wincompatible-pointer-types-discards-qualifiers -Wno-unknown-warning-option -Wmissing-variable-declarations   -MMD -MF test/ecstresstest-bin-ecstresstest.d.tmp -MT test/ecstresstest-bin-ecstresstest.o -c -o test/ecstresstest-bin-ecstresstest.o ../openssl/test/ecstresstest.c
clang  -Iinclude -Iapps/include -I../openssl/include -I../openssl/apps/include  -pthread -m64 -Wa,--noexecstack -Qunused-arguments -Wall -O0 -g -DDEBUG_UNUSED -DPEDANTIC -pedantic -Wno-long-long -Wall -Wextra -Wno-unused-parameter -Wno-missing-field-initializers -Wswitch -Wsign-compare -Wshadow -Wformat -Wtype-limits -Wundef -Werror -Wmissing-prototypes -Wstrict-prototypes -Wswitch-default -Wno-parentheses-equality -Wno-language-extension-token -Wno-extended-offsetof -Wconditional-uninitialized -Wincompatible-pointer-types-discards-qualifiers -Wno-unknown-warning-option -Wmissing-variable-declarations   -MMD -MF test/ectest-bin-ectest.d.tmp -MT test/ectest-bin-ectest.o -c -o test/ectest-bin-ectest.o ../openssl/test/ectest.c
clang  -Iinclude -Iapps/include -I../openssl/include -I../openssl/apps/include  -pthread -m64 -Wa,--noexecstack -Qunused-arguments -Wall -O0 -g -DDEBUG_UNUSED -DPEDANTIC -pedantic -Wno-long-long -Wall -Wextra -Wno-unused-parameter -Wno-missing-field-initializers -Wswitch -Wsign-compare -Wshadow -Wformat -Wtype-limits -Wundef -Werror -Wmissing-prototypes -Wstrict-prototypes -Wswitch-default -Wno-parentheses-equality -Wno-language-extension-token -Wno-extended-offsetof -Wconditional-uninitialized -Wincompatible-pointer-types-discards-qualifiers -Wno-unknown-warning-option -Wmissing-variable-declarations   -MMD -MF test/enginetest-bin-enginetest.d.tmp -MT test/enginetest-bin-enginetest.o -c -o test/enginetest-bin-enginetest.o ../openssl/test/enginetest.c
clang  -Iinclude -Iapps/include -I../openssl/include -I../openssl/apps/include  -pthread -m64 -Wa,--noexecstack -Qunused-arguments -Wall -O0 -g -DDEBUG_UNUSED -DPEDANTIC -pedantic -Wno-long-long -Wall -Wextra -Wno-unused-parameter -Wno-missing-field-initializers -Wswitch -Wsign-compare -Wshadow -Wformat -Wtype-limits -Wundef -Werror -Wmissing-prototypes -Wstrict-prototypes -Wswitch-default -Wno-parentheses-equality -Wno-language-extension-token -Wno-extended-offsetof -Wconditional-uninitialized -Wincompatible-pointer-types-discards-qualifiers -Wno-unknown-warning-option -Wmissing-variable-declarations   -MMD -MF test/errtest-bin-errtest.d.tmp -MT test/errtest-bin-errtest.o -c -o test/errtest-bin-errtest.o ../openssl/test/errtest.c
clang  -Iinclude -Iapps/include -Icrypto/include -I../openssl/include -I../openssl/apps/include -I../openssl/crypto/include  -pthread -m64 -Wa,--noexecstack -Qunused-arguments -Wall -O0 -g -DDEBUG_UNUSED -DPEDANTIC -pedantic -Wno-long-long -Wall -Wextra -Wno-unused-parameter -Wno-missing-field-initializers -Wswitch -Wsign-compare -Wshadow -Wformat -Wtype-limits -Wundef -Werror -Wmissing-prototypes -Wstrict-prototypes -Wswitch-default -Wno-parentheses-equality -Wno-language-extension-token -Wno-extended-offsetof -Wconditional-uninitialized -Wincompatible-pointer-types-discards-qualifiers -Wno-unknown-warning-option -Wmissing-variable-declarations   -MMD -MF test/evp_extra_test-bin-evp_extra_test.d.tmp -MT test/evp_extra_test-bin-evp_extra_test.o -c -o test/evp_extra_test-bin-evp_extra_test.o ../openssl/test/evp_extra_test.c
clang  -Iinclude -Iapps/include -I../openssl/include -I../openssl/apps/include  -pthread -m64 -Wa,--noexecstack -Qunused-arguments -Wall -O0 -g -DDEBUG_UNUSED -DPEDANTIC -pedantic -Wno-long-long -Wall -Wextra -Wno-unused-parameter -Wno-missing-field-initializers -Wswitch -Wsign-compare -Wshadow -Wformat -Wtype-limits -Wundef -Werror -Wmissing-prototypes -Wstrict-prototypes -Wswitch-default -Wno-parentheses-equality -Wno-language-extension-token -Wno-extended-offsetof -Wconditional-uninitialized -Wincompatible-pointer-types-discards-qualifiers -Wno-unknown-warning-option -Wmissing-variable-declarations   -MMD -MF test/evp_kdf_test-bin-evp_kdf_test.d.tmp -MT test/evp_kdf_test-bin-evp_kdf_test.o -c -o test/evp_kdf_test-bin-evp_kdf_test.o ../openssl/test/evp_kdf_test.c
clang  -Iinclude -Iapps/include -I../openssl/include -I../openssl/apps/include  -pthread -m64 -Wa,--noexecstack -Qunused-arguments -Wall -O0 -g -DDEBUG_UNUSED -DPEDANTIC -pedantic -Wno-long-long -Wall -Wextra -Wno-unused-parameter -Wno-missing-field-initializers -Wswitch -Wsign-compare -Wshadow -Wformat -Wtype-limits -Wundef -Werror -Wmissing-prototypes -Wstrict-prototypes -Wswitch-default -Wno-parentheses-equality -Wno-language-extension-token -Wno-extended-offsetof -Wconditional-uninitialized -Wincompatible-pointer-types-discards-qualifiers -Wno-unknown-warning-option -Wmissing-variable-declarations   -MMD -MF test/evp_pkey_dparams_test-bin-evp_pkey_dparams_test.d.tmp -MT test/evp_pkey_dparams_test-bin-evp_pkey_dparams_test.o -c -o test/evp_pkey_dparams_test-bin-evp_pkey_dparams_test.o ../openssl/test/evp_pkey_dparams_test.c
clang  -Iinclude -Iapps/include -I../openssl/include -I../openssl/apps/include  -pthread -m64 -Wa,--noexecstack -Qunused-arguments -Wall -O0 -g -DDEBUG_UNUSED -DPEDANTIC -pedantic -Wno-long-long -Wall -Wextra -Wno-unused-parameter -Wno-missing-field-initializers -Wswitch -Wsign-compare -Wshadow -Wformat -Wtype-limits -Wundef -Werror -Wmissing-prototypes -Wstrict-prototypes -Wswitch-default -Wno-parentheses-equality -Wno-language-extension-token -Wno-extended-offsetof -Wconditional-uninitialized -Wincompatible-pointer-types-discards-qualifiers -Wno-unknown-warning-option -Wmissing-variable-declarations   -MMD -MF test/evp_test-bin-evp_test.d.tmp -MT test/evp_test-bin-evp_test.o -c -o test/evp_test-bin-evp_test.o ../openssl/test/evp_test.c
clang  -Iinclude -Iapps/include -I../openssl/include -I../openssl/apps/include  -pthread -m64 -Wa,--noexecstack -Qunused-arguments -Wall -O0 -g -DDEBUG_UNUSED -DPEDANTIC -pedantic -Wno-long-long -Wall -Wextra -Wno-unused-parameter -Wno-missing-field-initializers -Wswitch -Wsign-compare -Wshadow -Wformat -Wtype-limits -Wundef -Werror -Wmissing-prototypes -Wstrict-prototypes -Wswitch-default -Wno-parentheses-equality -Wno-language-extension-token -Wno-extended-offsetof -Wconditional-uninitialized -Wincompatible-pointer-types-discards-qualifiers -Wno-unknown-warning-option -Wmissing-variable-declarations   -MMD -MF test/exdatatest-bin-exdatatest.d.tmp -MT test/exdatatest-bin-exdatatest.o -c -o test/exdatatest-bin-exdatatest.o ../openssl/test/exdatatest.c
../openssl/test/evp_pkey_dparams_test.c:51:15: error: implicit declaration of function 'EVP_PKEY_CTX_set_ec_paramgen_curve_nid' is invalid in C99 [-Werror,-Wimplicit-function-declaration]
           || EVP_PKEY_CTX_set_ec_paramgen_curve_nid(ctx, NID_secp256k1) &gt; 0)
              ^
../openssl/test/evp_pkey_dparams_test.c:51:15: error: this function declaration is not a prototype [-Werror,-Wstrict-prototypes]
2 errors generated.
Makefile:14965: recipe for target 'test/evp_pkey_dparams_test-bin-evp_pkey_dparams_test.o' failed
make[1]: *** [test/evp_pkey_dparams_test-bin-evp_pkey_dparams_test.o] Error 1
make[1]: *** Waiting for unfinished jobs....
make[1]: Leaving directory '/home/openssl/run-checker/no-ec'
Makefile:165: recipe for target 'all' failed
make: *** [all] Error 2
</PRE>




















<!--endarticle-->
    <HR>
    <P><UL>
        <!--threads-->
	<LI>Previous message: <A HREF="023292.html">Still Failing: openssl/openssl#25396 (master - cdc5ae9)
</A></li>
	<LI>Next message: <A HREF="023296.html">Still Failing: openssl/openssl#25404 (master - 878dc8d)
</A></li>
         <LI> <B>Messages sorted by:</B> 
              <a href="date.html#23293">[ date ]</a>
              <a href="thread.html#23293">[ thread ]</a>
              <a href="subject.html#23293">[ subject ]</a>
              <a href="author.html#23293">[ author ]</a>
         </LI>
       </UL>

<hr>
<a href="../../../mailman/listinfo/openssl-commits.html">More information about the openssl-commits
mailing list</a><br>
</body></html>
