<!DOCTYPE HTML PUBLIC "-//W3C//DTD HTML 4.01 Transitional//EN">
<HTML>
 <HEAD>
   <TITLE> FAILED build of OpenSSL branch master with options -d --strict-warnings no-ec
   </TITLE>
   <LINK REL="Index" HREF="https://mta.openssl.org/pipermail/openssl-commits/2019-March/index.html" >
   <LINK REL="made" HREF="mailto:openssl-commits%40openssl.org?Subject=Re%3A%20FAILED%20build%20of%20OpenSSL%20branch%20master%20with%20options%20-d%0A%20--strict-warnings%20no-ec&In-Reply-To=%3C1553048602.036534.27876.nullmailer%40run.openssl.org%3E">
   <META NAME="robots" CONTENT="index,nofollow">
   <style type="text/css">
       pre {
           white-space: pre-wrap;       /* css-2.1, curent FF, Opera, Safari */
           }
   </style>
   <META http-equiv="Content-Type" content="text/html; charset=us-ascii">
   <LINK REL="Previous"  HREF="022348.html">
   <LINK REL="Next"  HREF="022350.html">
 </HEAD>
 <BODY BGCOLOR="#ffffff">
   <H1>FAILED build of OpenSSL branch master with options -d --strict-warnings no-ec</H1>
    <B>OpenSSL run-checker</B> 
    <A HREF="mailto:openssl-commits%40openssl.org?Subject=Re%3A%20FAILED%20build%20of%20OpenSSL%20branch%20master%20with%20options%20-d%0A%20--strict-warnings%20no-ec&In-Reply-To=%3C1553048602.036534.27876.nullmailer%40run.openssl.org%3E"
       TITLE="FAILED build of OpenSSL branch master with options -d --strict-warnings no-ec">openssl at openssl.org
       </A><BR>
    <I>Wed Mar 20 02:23:22 UTC 2019</I>
    <P><UL>
        <LI>Previous message: <A HREF="022348.html">FAILED build of OpenSSL branch master with options -d --strict-warnings no-ec
</A></li>
        <LI>Next message: <A HREF="022350.html">Build failed: openssl master.23438
</A></li>
         <LI> <B>Messages sorted by:</B> 
              <a href="date.html#22458">[ date ]</a>
              <a href="thread.html#22458">[ thread ]</a>
              <a href="subject.html#22458">[ subject ]</a>
              <a href="author.html#22458">[ author ]</a>
         </LI>
       </UL>
    <HR>  
<!--beginarticle-->
<PRE>Platform and configuration command:

$ uname -a
Linux run 4.4.0-135-generic #161-Ubuntu SMP Mon Aug 27 10:45:01 UTC 2018 x86_64 x86_64 x86_64 GNU/Linux
$ CC=clang ../openssl/config -d --strict-warnings no-ec

Commit log since last time:

c41f3ae0d9 Replumbing: Add a mechanism to pre-populate the provider store
e55008a9f2 Replumbing: add fallback provider capability
6a6d9ecd1d Update pkeyutl documentation about the digest option
9537fe5757 Single step kdf implementation
6098b69e58 Move ASN1_BROKEN macros
770dfe8dfa EVP_PKEY_get0_engine documentation
229f7b38f0 Providing missing accessor to EVP_PKEY.engine
f5c9916742 apps/speed.c: properly address NO_EC2M on systems without SIGALRM
d61f489b5a apps/speed.c: skip binary curves when compiling with OPENSSL_NO_EC2M
d7b2124a42 Add documentation for the -sigopt option.
84f32c8451     Configure: untabify indentation
5d677186e9 Fix resource leak coverity 1443711. Free the allocated pointer on error.
1b9c5f2e2f Fix compiling error for mips32r6 and mips64r6
2864df8f9d Add missing '.text' in crypto/bn/asm/ppc.pl
93b1e74cbe Fix no-posix-io
ce1415ed2c Added NULL check to BN_clear() &amp; BN_CTX_end()
226f2bf191 Fix strict-warnings build on FreeBSD
16bfe6cee0 doc/man3/OSSL_PARAM_TYPE.pod: modify Example 2 to allow unspecified params
529586085e Add -new and -subj options to x509 app for direct cert generation

Build log ended with (last 100 lines):

../../openssl/test/recipes/30-test_pbelu.t .................... ok
../../openssl/test/recipes/30-test_pkey_meth.t ................ ok
../../openssl/test/recipes/30-test_pkey_meth_kdf.t ............ ok
../../openssl/test/recipes/40-test_rehash.t ................... ok
../../openssl/test/recipes/60-test_x509_check_cert_pkey.t ..... ok
../../openssl/test/recipes/60-test_x509_dup_cert.t ............ ok
../../openssl/test/recipes/60-test_x509_store.t ............... ok
../../openssl/test/recipes/60-test_x509_time.t ................ ok
../../openssl/test/recipes/70-test_asyncio.t .................. ok
../../openssl/test/recipes/70-test_bad_dtls.t ................. ok
../../openssl/test/recipes/70-test_clienthello.t .............. ok
../../openssl/test/recipes/70-test_comp.t ..................... ok
../../openssl/test/recipes/70-test_key_share.t ................ skipped: test_key_share needs TLS1.3 enabled
../../openssl/test/recipes/70-test_packet.t ................... ok
../../openssl/test/recipes/70-test_recordlen.t ................ ok
../../openssl/test/recipes/70-test_renegotiation.t ............ ok
../../openssl/test/recipes/70-test_servername.t ............... ok
../../openssl/test/recipes/70-test_sslcbcpadding.t ............ ok
../../openssl/test/recipes/70-test_sslcertstatus.t ............ ok
../../openssl/test/recipes/70-test_sslextension.t ............. ok
../../openssl/test/recipes/70-test_sslmessages.t .............. ok
../../openssl/test/recipes/70-test_sslrecords.t ............... ok
../../openssl/test/recipes/70-test_sslsessiontick.t ........... ok
../../openssl/test/recipes/70-test_sslsigalgs.t ............... ok
../../openssl/test/recipes/70-test_sslsignature.t ............. ok
../../openssl/test/recipes/70-test_sslskewith0p.t ............. ok
../../openssl/test/recipes/70-test_sslversions.t .............. skipped: test_sslversions needs TLS1.3, TLS1.2 and TLS1.1 enabled
../../openssl/test/recipes/70-test_sslvertol.t ................ ok
../../openssl/test/recipes/70-test_tls13alerts.t .............. skipped: test_tls13alerts needs TLS1.3 enabled
../../openssl/test/recipes/70-test_tls13cookie.t .............. skipped: test_tls13cookie needs TLS1.3 enabled
../../openssl/test/recipes/70-test_tls13downgrade.t ........... skipped: test_tls13downgrade needs TLS1.3 and TLS1.2 enabled
../../openssl/test/recipes/70-test_tls13hrr.t ................. skipped: test_tls13hrr needs TLS1.3 enabled
../../openssl/test/recipes/70-test_tls13kexmodes.t ............ skipped: test_tls13kexmodes needs TLSv1.3 enabled
../../openssl/test/recipes/70-test_tls13messages.t ............ skipped: test_tls13messages needs TLSv1.3 enabled
../../openssl/test/recipes/70-test_tls13psk.t ................. skipped: test_tls13psk needs TLSv1.3 enabled
../../openssl/test/recipes/70-test_tlsextms.t ................. ok
../../openssl/test/recipes/70-test_verify_extra.t ............. ok
../../openssl/test/recipes/70-test_wpacket.t .................. ok
../../openssl/test/recipes/80-test_ca.t ....................... ok
../../openssl/test/recipes/80-test_cipherbytes.t .............. ok
../../openssl/test/recipes/80-test_cipherlist.t ............... ok
../../openssl/test/recipes/80-test_ciphername.t ............... ok
../../openssl/test/recipes/80-test_cms.t ...................... ok
../../openssl/test/recipes/80-test_cmsapi.t ................... ok
../../openssl/test/recipes/80-test_ct.t ....................... skipped: ct and ec are not supported by this OpenSSL build
../../openssl/test/recipes/80-test_dane.t ..................... skipped: test_dane uses ec which is not supported by this OpenSSL build
../../openssl/test/recipes/80-test_dtls.t ..................... ok
../../openssl/test/recipes/80-test_dtls_mtu.t ................. ok
../../openssl/test/recipes/80-test_dtlsv1listen.t ............. ok
../../openssl/test/recipes/80-test_ocsp.t ..................... ok
../../openssl/test/recipes/80-test_pkcs12.t ................... ok
../../openssl/test/recipes/80-test_ssl_new.t .................. ok
../../openssl/test/recipes/80-test_ssl_old.t .................. ok
../../openssl/test/recipes/80-test_ssl_test_ctx.t ............. ok
../../openssl/test/recipes/80-test_sslcorrupt.t ............... ok
../../openssl/test/recipes/80-test_tsa.t ...................... ok
../../openssl/test/recipes/80-test_x509aux.t .................. skipped: test_dane uses ec which is not supported by this OpenSSL build
../../openssl/test/recipes/90-test_asn1_time.t ................ ok
../../openssl/test/recipes/90-test_async.t .................... ok
../../openssl/test/recipes/90-test_bio_enc.t .................. ok
../../openssl/test/recipes/90-test_bio_memleak.t .............. ok
../../openssl/test/recipes/90-test_constant_time.t ............ ok
../../openssl/test/recipes/90-test_fatalerr.t ................. ok
../../openssl/test/recipes/90-test_gmdiff.t ................... ok
../../openssl/test/recipes/90-test_gost.t ..................... skipped: TLSv1.3 or TLSv1.2 are disabled in this OpenSSL build
../../openssl/test/recipes/90-test_ige.t ...................... ok
../../openssl/test/recipes/90-test_includes.t ................. ok
../../openssl/test/recipes/90-test_memleak.t .................. ok
../../openssl/test/recipes/90-test_overhead.t ................. skipped: Only supported in no-shared builds
../../openssl/test/recipes/90-test_secmem.t ................... ok
../../openssl/test/recipes/90-test_shlibload.t ................ ok
../../openssl/test/recipes/90-test_srp.t ...................... ok
../../openssl/test/recipes/90-test_sslapi.t ................... ok
../../openssl/test/recipes/90-test_sslbuffers.t ............... ok
../../openssl/test/recipes/90-test_store.t .................... ok
../../openssl/test/recipes/90-test_sysdefault.t ............... ok
../../openssl/test/recipes/90-test_threads.t .................. ok
../../openssl/test/recipes/90-test_time_offset.t .............. ok
../../openssl/test/recipes/90-test_tls13ccs.t ................. skipped: test_tls13ccs is not supported in this build
../../openssl/test/recipes/90-test_tls13encryption.t .......... skipped: tls13encryption is not supported in this build
../../openssl/test/recipes/90-test_tls13secrets.t ............. skipped: tls13secrets is not supported in this build
../../openssl/test/recipes/90-test_v3name.t ................... ok
../../openssl/test/recipes/95-test_external_boringssl.t ....... skipped: No external tests in this configuration
../../openssl/test/recipes/95-test_external_krb5.t ............ skipped: No external tests in this configuration
../../openssl/test/recipes/95-test_external_pyca.t ............ skipped: No external tests in this configuration
../../openssl/test/recipes/99-test_ecstress.t ................. ok
../../openssl/test/recipes/99-test_fuzz.t ..................... ok

Test Summary Report
-------------------
../../openssl/test/recipes/25-test_x509.t                   (Wstat: 256 Tests: 10 Failed: 1)
  Failed test:  6
  Non-zero exit status: 1
Files=168, Tests=1271, 152 wallclock secs ( 1.67 usr  0.32 sys + 126.58 cusr 10.83 csys = 139.40 CPU)
Result: FAIL
Makefile:198: recipe for target '_tests' failed
make[1]: *** [_tests] Error 1
make[1]: Leaving directory '/home/openssl/run-checker/no-ec'
Makefile:196: recipe for target 'tests' failed
make: *** [tests] Error 2
</PRE>














































































<!--endarticle-->
    <HR>
    <P><UL>
        <!--threads-->
	<LI>Previous message: <A HREF="022348.html">FAILED build of OpenSSL branch master with options -d --strict-warnings no-ec
</A></li>
	<LI>Next message: <A HREF="022350.html">Build failed: openssl master.23438
</A></li>
         <LI> <B>Messages sorted by:</B> 
              <a href="date.html#22458">[ date ]</a>
              <a href="thread.html#22458">[ thread ]</a>
              <a href="subject.html#22458">[ subject ]</a>
              <a href="author.html#22458">[ author ]</a>
         </LI>
       </UL>

<hr>
<a href="../../../mailman/listinfo/openssl-commits.html">More information about the openssl-commits
mailing list</a><br>
</body></html>
