<!DOCTYPE HTML PUBLIC "-//W3C//DTD HTML 4.01 Transitional//EN">
<HTML>
 <HEAD>
   <TITLE> Still FAILED build of OpenSSL branch master with options -d enable-fuzz-afl no-shared no-module
   </TITLE>
   <LINK REL="Index" HREF="https://mta.openssl.org/pipermail/openssl-commits/2021-May/index.html" >
   <LINK REL="made" HREF="mailto:openssl-commits%40openssl.org?Subject=Re%3A%20Still%20FAILED%20build%20of%20OpenSSL%20branch%20master%20with%20options%20-d%0A%20enable-fuzz-afl%20no-shared%20no-module&In-Reply-To=%3C1620090766.781023.681260.nullmailer%40run.openssl.org%3E">
   <META NAME="robots" CONTENT="index,nofollow">
   <style type="text/css">
       pre {
           white-space: pre-wrap;       /* css-2.1, curent FF, Opera, Safari */
           }
   </style>
   <META http-equiv="Content-Type" content="text/html; charset=us-ascii">
   <LINK REL="Previous"  HREF="034076.html">
   <LINK REL="Next"  HREF="034145.html">
 </HEAD>
 <BODY BGCOLOR="#ffffff">
   <H1>Still FAILED build of OpenSSL branch master with options -d enable-fuzz-afl no-shared no-module</H1>
    <B>OpenSSL run-checker</B> 
    <A HREF="mailto:openssl-commits%40openssl.org?Subject=Re%3A%20Still%20FAILED%20build%20of%20OpenSSL%20branch%20master%20with%20options%20-d%0A%20enable-fuzz-afl%20no-shared%20no-module&In-Reply-To=%3C1620090766.781023.681260.nullmailer%40run.openssl.org%3E"
       TITLE="Still FAILED build of OpenSSL branch master with options -d enable-fuzz-afl no-shared no-module">openssl at openssl.org
       </A><BR>
    <I>Tue May  4 01:12:46 UTC 2021</I>
    <P><UL>
        <LI>Previous message: <A HREF="034076.html">Still FAILED build of OpenSSL branch master with options -d enable-fuzz-afl no-shared no-module
</A></li>
        <LI>Next message: <A HREF="034145.html">Still FAILED build of OpenSSL branch master with options -d enable-fuzz-afl no-shared no-module
</A></li>
         <LI> <B>Messages sorted by:</B> 
              <a href="date.html#34095">[ date ]</a>
              <a href="thread.html#34095">[ thread ]</a>
              <a href="subject.html#34095">[ subject ]</a>
              <a href="author.html#34095">[ author ]</a>
         </LI>
       </UL>
    <HR>  
<!--beginarticle-->
<PRE>Platform and configuration command:

$ uname -a
Linux run 5.4.0-72-generic #80-Ubuntu SMP Mon Apr 12 17:35:00 UTC 2021 x86_64 x86_64 x86_64 GNU/Linux
$ CC=afl-clang-fast ../openssl/config -d enable-fuzz-afl no-shared no-module

Commit log since last time:

d1a770414a acvp-test: disable the ACVP testing code by default
045a893091 ssl:  fix possible ref counting fields use before init.
dd28d1c4d3 man: s_server: fix text repetition in -alpn description
f4407385f5 APPS: Document the core of the opt_ API
c0f4400c40 Use OCSP-specific error code for clarity
39da327294 Simplify AppVeyor configuration
535130c39d Add -latomic to threads enabled 32bit linux builds
38e12964a6 Fix no-fips-securitychecks test failure
91034b68b3 apps/ca,req,x509: Switch to EVP_DigestSignInit_ex
4489655c23 Fix typo in OSSL_DECODER_CTX_set_input_structure
b7f7a15f6a STORE: Fix the repeated prompting of passphrase
b594a22717 SM2 signatures work correctly only with SM3 digests
2c181ac5a6 sm2: Cleanup handling of DIGEST and DIGEST_SIZE parameters
c230e938c7 CORE: Rework the pre-population of the namemap
e73fc81345 STORE: Use the 'expect' param to limit the amount of decoders used
38230e3011 acvp: fix the no-acvp_test build
455f254252 Update OSSL_STORE_attach() documentation to indicate it increases the ref_count of the passed in bio
857c223bf7 Fix memory leak in load_key_certs_crls() when using stdin.
e9d62da6c3 Fix CRL app so that stdin works.
9ac653d81a Document the API breaking constification changes
0b31c36797 Remove dated term and fixed typo anther
c7d848e220 remove end of line whitespace
b536880c45 Add library context and property query support into the PKCS12 API

Build log ended with (last 100 lines):

../../../../../enable-fuzz-afl/util/wrap.pl ../../../../../enable-fuzz-afl/apps/openssl cmp -config ../Mock/test.cnf -section 'Mock enrollment' -certout ../../../../../enable-fuzz-afl/test-runs/test_cmp_http/test.cert.pem -proxy '' -no_proxy 127.0.0.1 -cmd ir -newkey new.key -newkeypass 'pass:' -popo -1 -certout ../../../../../enable-fuzz-afl/test-runs/test_cmp_http/test.certout_popo5.pem -out_trusted root.crt =&gt; 0
    not ok 47 - popo NONE
# ------------------------------------------------------------------------------
    #   Failed test 'popo NONE'
    #   at ../openssl/test/recipes/80-test_cmp_http.t line 145.
Warning: certificate from 'trusted.crt' with subject '/O=openssl_cmp' is not a CA cert
# cmp_main:../openssl/apps/cmp.c:2582:CMP info: using section(s) 'Mock enrollment' of OpenSSL configuration file '../Mock/test.cnf'
# opt_str:../openssl/apps/cmp.c:2191:CMP warning: -proxy option argument is empty string, resetting option
# setup_client_ctx:../openssl/apps/cmp.c:1891:CMP info: will contact <A HREF="http://127.0.0.1:1700/pkix/">http://127.0.0.1:1700/pkix/</A>
# send_receive_check:../openssl/crypto/cmp/cmp_client.c:167:CMP info: sending IR
# send_receive_check:../openssl/crypto/cmp/cmp_client.c:187:CMP info: received IP
# send_receive_check:../openssl/crypto/cmp/cmp_client.c:167:CMP info: sending CERTCONF
# send_receive_check:../openssl/crypto/cmp/cmp_client.c:187:CMP info: received PKICONF
# save_free_certs:../openssl/apps/cmp.c:1941:CMP info: received 1 enrolled certificate(s), saving to file '../../../../../enable-fuzz-afl/test-runs/test_cmp_http/test.certout_popo6.pem'
../../../../../enable-fuzz-afl/util/wrap.pl ../../../../../enable-fuzz-afl/apps/openssl cmp -config ../Mock/test.cnf -section 'Mock enrollment' -certout ../../../../../enable-fuzz-afl/test-runs/test_cmp_http/test.cert.pem -proxy '' -no_proxy 127.0.0.1 -cmd ir -newkey new.key -newkeypass 'pass:' -popo 2 -certout ../../../../../enable-fuzz-afl/test-runs/test_cmp_http/test.certout_popo6.pem -out_trusted root.crt =&gt; 0
    not ok 48 - popo KEYENC not supported
# ------------------------------------------------------------------------------
    # Looks like you failed 3 tests of 92.
not ok 5 - CMP app CLI Mock enrollment
# ------------------------------------------------------------------------------
# 
#   Failed test 'CMP app CLI Mock enrollment
# '
#   at /home/openssl/run-checker/enable-fuzz-afl/../openssl/util/perl/OpenSSL/Test.pm line 1335.
Killing mock server with pid=671765
# Looks like you failed 3 tests of 5.80-test_cmp_http.t ................. 
Dubious, test returned 3 (wstat 768, 0x300)
Failed 3/5 subtests 

# 80-test_cms.t ...................... ok
80-test_cmsapi.t ................... ok
80-test_ct.t ....................... ok
80-test_dane.t ..................... ok
80-test_dtls.t ..................... ok
80-test_dtls_mtu.t ................. ok
80-test_dtlsv1listen.t ............. ok
80-test_http.t ..................... ok
80-test_ocsp.t ..................... ok
80-test_pkcs12.t ................... ok
80-test_ssl_new.t .................. ok
80-test_ssl_old.t .................. ok
80-test_ssl_test_ctx.t ............. ok
80-test_sslcorrupt.t ............... ok
80-test_tsa.t ...................... ok
80-test_x509aux.t .................. ok
81-test_cmp_cli.t .................. ok
90-test_asn1_time.t ................ ok
90-test_async.t .................... ok
90-test_bio_enc.t .................. ok
90-test_bio_memleak.t .............. ok
90-test_constant_time.t ............ ok
90-test_fatalerr.t ................. ok
90-test_fipsload.t ................. skipped: Test is disabled with disabled fips
90-test_gmdiff.t ................... ok
90-test_gost.t ..................... skipped: GOST support is disabled in this OpenSSL build
90-test_ige.t ...................... ok
90-test_includes.t ................. ok
90-test_memleak.t .................. ok
90-test_overhead.t ................. ok
90-test_secmem.t ................... ok
90-test_shlibload.t ................ skipped: Test only supported in a shared build
90-test_srp.t ...................... ok
90-test_sslapi.t ................... ok
90-test_sslbuffers.t ............... ok
90-test_store.t .................... ok
90-test_sysdefault.t ............... ok
90-test_threads.t .................. ok
90-test_time_offset.t .............. ok
90-test_tls13ccs.t ................. ok
90-test_tls13encryption.t .......... ok
90-test_tls13secrets.t ............. skipped: test_tls13secrets is not supported in this build
90-test_v3name.t ................... ok
91-test_pkey_check.t ............... ok
95-test_external_gost_engine.t ..... skipped: No external tests in this configuration
95-test_external_krb5.t ............ skipped: No external tests in this configuration
95-test_external_pyca.t ............ skipped: No external tests in this configuration
99-test_ecstress.t ................. ok
99-test_fuzz_asn1.t ................ ok
99-test_fuzz_asn1parse.t ........... ok
99-test_fuzz_bignum.t .............. ok
99-test_fuzz_bndiv.t ............... ok
99-test_fuzz_client.t .............. ok
99-test_fuzz_cmp.t ................. ok
99-test_fuzz_cms.t ................. ok
99-test_fuzz_conf.t ................ ok
99-test_fuzz_crl.t ................. ok
99-test_fuzz_ct.t .................. ok
99-test_fuzz_server.t .............. ok
99-test_fuzz_x509.t ................ ok

Test Summary Report
-------------------
80-test_cmp_http.t               (Wstat: 768 Tests: 5 Failed: 3)
  Failed tests:  2-3, 5
  Non-zero exit status: 3
Files=234, Tests=2775, 892 wallclock secs (68.50 usr  1.41 sys + 771.22 cusr 67.09 csys = 908.22 CPU)
Result: FAIL
make[1]: *** [Makefile:2515: _tests] Error 1
make[1]: Leaving directory '/home/openssl/run-checker/enable-fuzz-afl'
make: *** [Makefile:2512: tests] Error 2
</PRE>


<!--endarticle-->
    <HR>
    <P><UL>
        <!--threads-->
	<LI>Previous message: <A HREF="034076.html">Still FAILED build of OpenSSL branch master with options -d enable-fuzz-afl no-shared no-module
</A></li>
	<LI>Next message: <A HREF="034145.html">Still FAILED build of OpenSSL branch master with options -d enable-fuzz-afl no-shared no-module
</A></li>
         <LI> <B>Messages sorted by:</B> 
              <a href="date.html#34095">[ date ]</a>
              <a href="thread.html#34095">[ thread ]</a>
              <a href="subject.html#34095">[ subject ]</a>
              <a href="author.html#34095">[ author ]</a>
         </LI>
       </UL>

<hr>
<a href="../../../mailman/listinfo/openssl-commits.html">More information about the openssl-commits
mailing list</a><br>
</body></html>
