<!DOCTYPE HTML PUBLIC "-//W3C//DTD HTML 4.01 Transitional//EN">
<HTML>
 <HEAD>
   <TITLE> FAILED build of OpenSSL branch master with options -d --strict-warnings no-multiblock
   </TITLE>
   <LINK REL="Index" HREF="https://mta.openssl.org/pipermail/openssl-commits/2021-May/index.html" >
   <LINK REL="made" HREF="mailto:openssl-commits%40openssl.org?Subject=Re%3A%20FAILED%20build%20of%20OpenSSL%20branch%20master%20with%20options%20-d%0A%20--strict-warnings%20no-multiblock&In-Reply-To=%3C1620363419.253041.3276708.nullmailer%40run.openssl.org%3E">
   <META NAME="robots" CONTENT="index,nofollow">
   <style type="text/css">
       pre {
           white-space: pre-wrap;       /* css-2.1, curent FF, Opera, Safari */
           }
   </style>
   <META http-equiv="Content-Type" content="text/html; charset=us-ascii">
   <LINK REL="Previous"  HREF="034146.html">
   <LINK REL="Next"  HREF="034165.html">
 </HEAD>
 <BODY BGCOLOR="#ffffff">
   <H1>FAILED build of OpenSSL branch master with options -d --strict-warnings no-multiblock</H1>
    <B>OpenSSL run-checker</B> 
    <A HREF="mailto:openssl-commits%40openssl.org?Subject=Re%3A%20FAILED%20build%20of%20OpenSSL%20branch%20master%20with%20options%20-d%0A%20--strict-warnings%20no-multiblock&In-Reply-To=%3C1620363419.253041.3276708.nullmailer%40run.openssl.org%3E"
       TITLE="FAILED build of OpenSSL branch master with options -d --strict-warnings no-multiblock">openssl at openssl.org
       </A><BR>
    <I>Fri May  7 04:56:59 UTC 2021</I>
    <P><UL>
        <LI>Previous message: <A HREF="034146.html">Build completed: openssl master.41958
</A></li>
        <LI>Next message: <A HREF="034165.html">Build failed: openssl master.41979
</A></li>
         <LI> <B>Messages sorted by:</B> 
              <a href="date.html#34147">[ date ]</a>
              <a href="thread.html#34147">[ thread ]</a>
              <a href="subject.html#34147">[ subject ]</a>
              <a href="author.html#34147">[ author ]</a>
         </LI>
       </UL>
    <HR>  
<!--beginarticle-->
<PRE>Platform and configuration command:

$ uname -a
Linux run 5.4.0-72-generic #80-Ubuntu SMP Mon Apr 12 17:35:00 UTC 2021 x86_64 x86_64 x86_64 GNU/Linux
$ CC=clang ../openssl/config -d --strict-warnings no-multiblock

Commit log since last time:

a07b0bfb99 Deprecate X509{,_CRL}_http_nbio() and simplify their definition
b0f960189b APPS: Replace 'OPT_ERR = -1, OPT_EOF = 0, OPT_HELP' by OPT_COMMON macro
284076982d APPS: Slightly extend and improve documentation of the opt_ API
6c0ac9b99f adapt tests to SSL_OP_LEGACY_SERVER_CONNECT change
cbbbc8fce4 Correct ssl_conf logic for &quot;legacy_server_connect&quot;
72d2670bd2 Enforce secure renegotiation support by default
8369592d35 Fix missing symbols in no-cms and no-ts build
b039c87a4c mac: add EVP_MAC_finalXOF() function
6a38b09a7f mac: allow XOF MACs to be specified either via control or via the dedicated function
f14a2c9d7a mac: update life-cycle description and diagrams to include finalXOF
a59c69724d doc: document EVP_MAC_finalXOF()
f7050588bc Add .includedir pragma
3fb985fd04 Allow absolute paths to be set
1127754e48 Note that dhparam does support X9.42
97b59744f2 cleanup where purpose is not needed in 25-test_verify.t
eca4826a29 test/certs/setup.sh: Fix two glitches
c774f4e50f update test/certs/ee-pathlen.pem to contain SKID and AKID
4f449d90dd test/certs/setup.sh: structural cleanup
a485561b2e Fetch cipher-wrap after loading providers.
2b05439f84 Fix KMAC bounds checks.
029875dc5b Bump HMAC_MAX_MD_CBLOCK to 200 due to SHA-3
355e1f041c DOCS: Mention that libcrypto has helper functions for OSSL_PARAMs
79a2bccdb0 HTTP client: Correct the use of optional proxy URL and its documentation
9520fe5f49 testutil/load.c: Add checks for file(name) == NULL
8b25b0eb99 BIO_eof() and OSSL_STORE_eof(): Make sure to return 1 on error; improve related doc
d9efb24de8 OSSL_DECODER_from_bio() Prevent spurious decoding error at EOF
6c3d101a62 APPS load_key_certs_crls(): Correct the 'expect' arg calculation for OSSL_STORE_expect()
6e328484ab OSSL_STORE_expect(): Improve error handling and documentation
7031f5821c OCSP: Minor improvements of documentation and header file
bad0d6c789 fips-checksums: The define for fips module is FIPS_MODULE
f9548d21ba Document the new core BIO public API support
93954ab050 Add a test for the public core bio API
b0ee1de9ab Create libcrypto support for BIO_new_from_core_bio()
e3188bae04 Run coveralls daily and not exactly at midnight
9deb202e6a coveralls: Enable fips as it is disabled by default
a0baa98b5c apps: Switch to X509_REQ_verify_ex
67cd43084c test: fix failure with FIPS and no-des configured.
5432d827ec APPS: Add passphrase handling in the &quot;rsa&quot; and &quot;dsa&quot; commands
49ce003740 APPS: Set a default passphrase UI for the &quot;ec&quot; command
f97bc7c424 [TEMPORARY] make 'make update' verbose in ci.yml
49f699b54d GitHub CI: ensure that unifdef is installed
be22315235 FIPS module checksums: add scripts and Makefile rule
27ca03ea82 Unix build file: Add a target to create providers/fips.module.sources
841a438c7f Add OpenSSL::Config::Query and use it in configdata.pm
02669b677e Windows build file: add forgotten quotes on POD-&gt;html command line
0d6c144e8d OpenSSL::Test: When prefixing command with $^X on Windows, fix it up!

Build log ended with (last 100 lines):

70-test_sslsignature.t ............. ok
70-test_sslskewith0p.t ............. ok
70-test_sslversions.t .............. ok
70-test_sslvertol.t ................ ok
70-test_tls13alerts.t .............. ok
70-test_tls13cookie.t .............. ok
70-test_tls13downgrade.t ........... ok
70-test_tls13hrr.t ................. ok
70-test_tls13kexmodes.t ............ ok
70-test_tls13messages.t ............ ok
70-test_tls13psk.t ................. ok
70-test_tlsextms.t ................. ok
70-test_verify_extra.t ............. ok
70-test_wpacket.t .................. ok
71-test_ssl_ctx.t .................. ok
80-test_ca.t ....................... ok
80-test_cipherbytes.t .............. ok
80-test_cipherlist.t ............... ok
80-test_ciphername.t ............... ok

# 
Killing mock server with pid=326688180-test_cmp_http.t ................. ok

# 80-test_cms.t ...................... ok
80-test_cmsapi.t ................... ok
80-test_ct.t ....................... ok
80-test_dane.t ..................... ok
80-test_dtls.t ..................... ok
80-test_dtls_mtu.t ................. ok
80-test_dtlsv1listen.t ............. ok
80-test_http.t ..................... ok
80-test_ocsp.t ..................... ok
80-test_pkcs12.t ................... ok
80-test_ssl_new.t .................. ok
80-test_ssl_old.t .................. ok
80-test_ssl_test_ctx.t ............. ok
80-test_sslcorrupt.t ............... ok
80-test_tsa.t ...................... ok
80-test_x509aux.t .................. ok
81-test_cmp_cli.t .................. ok
90-test_asn1_time.t ................ ok
90-test_async.t .................... ok
90-test_bio_enc.t .................. ok
90-test_bio_memleak.t .............. ok
90-test_constant_time.t ............ ok
90-test_fatalerr.t ................. ok
90-test_fipsload.t ................. skipped: Test is disabled with disabled fips
90-test_gmdiff.t ................... ok
90-test_gost.t ..................... ok
90-test_ige.t ...................... ok
90-test_includes.t ................. ok
90-test_memleak.t .................. ok
90-test_overhead.t ................. ok
90-test_secmem.t ................... ok
90-test_shlibload.t ................ ok
90-test_srp.t ...................... ok
90-test_sslapi.t ................... ok
90-test_sslbuffers.t ............... ok
90-test_store.t .................... ok
90-test_sysdefault.t ............... ok
90-test_threads.t .................. ok
90-test_time_offset.t .............. ok
90-test_tls13ccs.t ................. ok
90-test_tls13encryption.t .......... ok
90-test_tls13secrets.t ............. ok
90-test_v3name.t ................... ok
91-test_pkey_check.t ............... ok
95-test_external_gost_engine.t ..... skipped: No external tests in this configuration
95-test_external_krb5.t ............ skipped: No external tests in this configuration
95-test_external_pyca.t ............ skipped: No external tests in this configuration
99-test_ecstress.t ................. ok
99-test_fuzz_asn1.t ................ ok
99-test_fuzz_asn1parse.t ........... ok
99-test_fuzz_bignum.t .............. ok
99-test_fuzz_bndiv.t ............... ok
99-test_fuzz_client.t .............. ok
99-test_fuzz_cmp.t ................. ok
99-test_fuzz_cms.t ................. ok
99-test_fuzz_conf.t ................ ok
99-test_fuzz_crl.t ................. ok
99-test_fuzz_ct.t .................. ok
99-test_fuzz_server.t .............. ok
99-test_fuzz_x509.t ................ ok

Test Summary Report
-------------------
15-test_gendhparam.t             (Wstat: 0 Tests: 17 Failed: 1)
  Failed test:  16
  Parse errors: Tests out of sequence.  Found (4) but expected (5)
                Tests out of sequence.  Found (5) but expected (6)
                Tests out of sequence.  Found (6) but expected (7)
                Tests out of sequence.  Found (7) but expected (8)
                Tests out of sequence.  Found (8) but expected (9)
Displayed the first 5 of 14 TAP syntax errors.
Re-run prove with the -p option to see them all.
Files=235, Tests=3202, 993 wallclock secs (71.32 usr  1.43 sys + 863.10 cusr 81.78 csys = 1017.63 CPU)
Result: FAIL
make[1]: *** [Makefile:3181: _tests] Error 1
make[1]: Leaving directory '/home/openssl/run-checker/no-multiblock'
make: *** [Makefile:3178: tests] Error 2
</PRE>















































































































































































































































<!--endarticle-->
    <HR>
    <P><UL>
        <!--threads-->
	<LI>Previous message: <A HREF="034146.html">Build completed: openssl master.41958
</A></li>
	<LI>Next message: <A HREF="034165.html">Build failed: openssl master.41979
</A></li>
         <LI> <B>Messages sorted by:</B> 
              <a href="date.html#34147">[ date ]</a>
              <a href="thread.html#34147">[ thread ]</a>
              <a href="subject.html#34147">[ subject ]</a>
              <a href="author.html#34147">[ author ]</a>
         </LI>
       </UL>

<hr>
<a href="../../../mailman/listinfo/openssl-commits.html">More information about the openssl-commits
mailing list</a><br>
</body></html>
