<!DOCTYPE HTML PUBLIC "-//W3C//DTD HTML 4.01 Transitional//EN">
<HTML>
 <HEAD>
   <TITLE> 1.1.1d build failure with no-shared
   </TITLE>
   <LINK REL="Index" HREF="https://mta.openssl.org/pipermail/openssl-users/2019-November/index.html" >
   <LINK REL="made" HREF="mailto:openssl-users%40openssl.org?Subject=Re%3A%201.1.1d%20build%20failure%20with%20no-shared&In-Reply-To=%3C20191122162053.GA7705%40kiel.esmtp.org%3E">
   <META NAME="robots" CONTENT="index,nofollow">
   <style type="text/css">
       pre {
           white-space: pre-wrap;       /* css-2.1, curent FF, Opera, Safari */
           }
   </style>
   <META http-equiv="Content-Type" content="text/html; charset=us-ascii">
   <LINK REL="Previous"  HREF="011595.html">
   <LINK REL="Next"  HREF="011596.html">
 </HEAD>
 <BODY BGCOLOR="#ffffff">
   <H1>1.1.1d build failure with no-shared</H1>
    <B>Claus Assmann</B> 
    <A HREF="mailto:openssl-users%40openssl.org?Subject=Re%3A%201.1.1d%20build%20failure%20with%20no-shared&In-Reply-To=%3C20191122162053.GA7705%40kiel.esmtp.org%3E"
       TITLE="1.1.1d build failure with no-shared">ca+ssl-users at esmtp.org
       </A><BR>
    <I>Fri Nov 22 16:20:53 UTC 2019</I>
    <P><UL>
        <LI>Previous message: <A HREF="011595.html">Engine with custom evp method callbacks
</A></li>
        <LI>Next message: <A HREF="011596.html">1.1.1d build failure with no-shared
</A></li>
         <LI> <B>Messages sorted by:</B> 
              <a href="date.html#11593">[ date ]</a>
              <a href="thread.html#11593">[ thread ]</a>
              <a href="subject.html#11593">[ subject ]</a>
              <a href="author.html#11593">[ author ]</a>
         </LI>
       </UL>
    <HR>  
<!--beginarticle-->
<PRE>Just FYI: trying to build openssl 1.1.1d with no-shared fails (on
OpenBSD 6.5) see below. I'm not sure why test/cipher_overhead_test
is needed for the build.

rm -f test/cipher_overhead_test
${LDCMD:-cc} -Wa,--noexecstack -Qunused-arguments -Wall -O3 -L.    -o test/cipher_overhead_test test/cipher_overhead_test.o  -lssl test/libtestutil.a -lcrypto  
ld: error: undefined symbol: ssl3_num_ciphers
&gt;&gt;&gt;<i> referenced by cipher_overhead_test.c
</I>&gt;&gt;&gt;<i>               test/cipher_overhead_test.o:(cipher_overhead)
</I>
ld: error: undefined symbol: ssl3_get_cipher
&gt;&gt;&gt;<i> referenced by cipher_overhead_test.c
</I>&gt;&gt;&gt;<i>               test/cipher_overhead_test.o:(cipher_overhead)
</I>
ld: error: undefined symbol: ssl_cipher_get_overhead
&gt;&gt;&gt;<i> referenced by cipher_overhead_test.c
</I>&gt;&gt;&gt;<i>               test/cipher_overhead_test.o:(cipher_overhead)
</I>cc: error: linker command failed with exit code 1 (use -v to see invocation)
*** Error 1 in . (Makefile:8181 'test/cipher_overhead_test')
*** Error 1 in [[path removed]]/openssl-1.1.1d (Makefile:174 'all')
</PRE>







<!--endarticle-->
    <HR>
    <P><UL>
        <!--threads-->
	<LI>Previous message: <A HREF="011595.html">Engine with custom evp method callbacks
</A></li>
	<LI>Next message: <A HREF="011596.html">1.1.1d build failure with no-shared
</A></li>
         <LI> <B>Messages sorted by:</B> 
              <a href="date.html#11593">[ date ]</a>
              <a href="thread.html#11593">[ thread ]</a>
              <a href="subject.html#11593">[ subject ]</a>
              <a href="author.html#11593">[ author ]</a>
         </LI>
       </UL>

<hr>
<a href="../../../mailman/listinfo/openssl-users.html">More information about the openssl-users
mailing list</a><br>
</body></html>
