<!DOCTYPE HTML PUBLIC "-//W3C//DTD HTML 4.01 Transitional//EN">
<HTML>
 <HEAD>
   <TITLE> [openssl-users] 1.1.1 pre1 tests failing on Solaris SPARC
   </TITLE>
   <LINK REL="Index" HREF="https://mta.openssl.org/pipermail/openssl-users/2018-February/index.html" >
   <LINK REL="made" HREF="mailto:openssl-users%40openssl.org?Subject=Re%3A%20%5Bopenssl-users%5D%201.1.1%20pre1%20tests%20failing%20on%20Solaris%20SPARC&In-Reply-To=%3C53e4ae68-2a0a-2fab-212f-3214f5e152c4%40gemtalksystems.com%3E">
   <META NAME="robots" CONTENT="index,nofollow">
   <style type="text/css">
       pre {
           white-space: pre-wrap;       /* css-2.1, curent FF, Opera, Safari */
           }
   </style>
   <META http-equiv="Content-Type" content="text/html; charset=us-ascii">
   <LINK REL="Previous"  HREF="007549.html">
   <LINK REL="Next"  HREF="007551.html">
 </HEAD>
 <BODY BGCOLOR="#ffffff">
   <H1>[openssl-users] 1.1.1 pre1 tests failing on Solaris SPARC</H1>
    <B>Norm Green</B> 
    <A HREF="mailto:openssl-users%40openssl.org?Subject=Re%3A%20%5Bopenssl-users%5D%201.1.1%20pre1%20tests%20failing%20on%20Solaris%20SPARC&In-Reply-To=%3C53e4ae68-2a0a-2fab-212f-3214f5e152c4%40gemtalksystems.com%3E"
       TITLE="[openssl-users] 1.1.1 pre1 tests failing on Solaris SPARC">norm.green at gemtalksystems.com
       </A><BR>
    <I>Mon Feb 19 21:20:33 UTC 2018</I>
    <P><UL>
        <LI>Previous message: <A HREF="007549.html">[openssl-users] 1.1.1 pre1 tests failing on Solaris SPARC
</A></li>
        <LI>Next message: <A HREF="007551.html">[openssl-users] 1.1.1 pre1 tests failing on Solaris SPARC
</A></li>
         <LI> <B>Messages sorted by:</B> 
              <a href="date.html#7550">[ date ]</a>
              <a href="thread.html#7550">[ thread ]</a>
              <a href="subject.html#7550">[ subject ]</a>
              <a href="author.html#7550">[ author ]</a>
         </LI>
       </UL>
    <HR>  
<!--beginarticle-->
<PRE>The output is not too long.



/export/localnew/sparc.Solaris/bin/gmake depend &amp;&amp; 
/export/localnew/sparc.Solaris/bin/gmake _tests
gmake[1]: Entering directory 
'/hamburg4/users/normg/gs64trunk/slow10/openssl_1.1'
gmake[1]: Leaving directory 
'/hamburg4/users/normg/gs64trunk/slow10/openssl_1.1'
gmake[1]: Entering directory 
'/hamburg4/users/normg/gs64trunk/slow10/openssl_1.1'
( cd test; \
 &#160; mkdir -p test-runs; \
 &#160; SRCTOP=../. \
 &#160; BLDTOP=../. \
 &#160; RESULT_D=test-runs \
 &#160; PERL=&quot;/opt/perl-5.24.0/bin/perl&quot; \
 &#160; EXE_EXT= \
 &#160; OPENSSL_ENGINES=`cd .././engines; pwd` \
 &#160; OPENSSL_DEBUG_MEMORY=on \
 &#160;&#160;&#160; /opt/perl-5.24.0/bin/perl .././test/run_tests.pl test_asn1_encode 
test_secmem )
../test/recipes/04-test_asn1_encode.t ..
1..1
 &#160;&#160;&#160; # Subtest: ../../test/asn1_encode_test
 &#160;&#160;&#160; 1..6
 &#160;&#160;&#160; ok 1 - test_long_32bit
 &#160;&#160;&#160; # ASN1_LONG_DATA:
 &#160;&#160;&#160; #&#160;&#160; success: TRUE
../../util/shlib_wrap.sh ../../test/asn1_encode_test =&gt; 138
not ok 1 - running asn1_encode_test

#&#160;&#160; Failed test 'running asn1_encode_test'
#&#160;&#160; at 
/hamburg4/users/normg/gs64trunk/slow10/openssl_1.1/test/../util/perl/OpenSSL/Test/Simple.pm 
line 77.
# Looks like you failed 1 test of 1.
Dubious, test returned 1 (wstat 256, 0x100)
Failed 1/1 subtests
../test/recipes/90-test_secmem.t .......
1..1
 &#160;&#160;&#160; # Subtest: ../../test/secmemtest
 &#160;&#160;&#160; 1..1
 &#160;&#160;&#160; # ERROR: (bool) 'CRYPTO_secure_malloc_init(4096, 32) == true' 
failed @ test/secmemtest.c:28
 &#160;&#160;&#160; # false
 &#160;&#160;&#160; not ok 1 - test_sec_mem
../../util/shlib_wrap.sh ../../test/secmemtest =&gt; 1
not ok 1 - running secmemtest

#&#160;&#160; Failed test 'running secmemtest'
#&#160;&#160; at 
/hamburg4/users/normg/gs64trunk/slow10/openssl_1.1/test/../util/perl/OpenSSL/Test/Simple.pm 
line 77.
# Looks like you failed 1 test of 1.
Dubious, test returned 1 (wstat 256, 0x100)
Failed 1/1 subtests

Test Summary Report
-------------------
../test/recipes/04-test_asn1_encode.t (Wstat: 256 Tests: 1 Failed: 1)
 &#160; Failed test:&#160; 1
 &#160; Non-zero exit status: 1
../test/recipes/90-test_secmem.t&#160;&#160;&#160;&#160; (Wstat: 256 Tests: 1 Failed: 1)
 &#160; Failed test:&#160; 1
 &#160; Non-zero exit status: 1
Files=2, Tests=2,&#160; 2 wallclock secs ( 0.04 usr&#160; 0.01 sys + 0.38 cusr&#160; 
0.16 csys =&#160; 0.59 CPU)
Result: FAIL
Makefile:169: recipe for target '_tests' failed
gmake[1]: *** [_tests] Error 1
gmake[1]: Leaving directory 
'/hamburg4/users/normg/gs64trunk/slow10/openssl_1.1'
Makefile:167: recipe for target 'tests' failed
gmake: *** [tests] Error 2
slow test failed



On 2/19/2018 12:50 PM, Benjamin Kaduk wrote:
&gt;<i> On 02/19/2018 02:06 PM, Norm Green wrote:
</I>&gt;&gt;<i> Not sure if this is expected on this platform?
</I>&gt;&gt;<i>
</I>&gt;&gt;<i> Test Summary Report
</I>&gt;&gt;<i> -------------------
</I>&gt;&gt;<i> ../test/recipes/04-test_asn1_encode.t&#160;&#160;&#160;&#160;&#160;&#160;&#160;&#160;&#160;&#160;&#160; (Wstat: 256 Tests: 1
</I>&gt;&gt;<i> Failed: 1)
</I>&gt;&gt;<i>  &#160; Failed test:&#160; 1
</I>&gt;&gt;<i>  &#160; Non-zero exit status: 1
</I>&gt;&gt;<i> ../test/recipes/90-test_secmem.t&#160;&#160;&#160;&#160;&#160;&#160;&#160;&#160;&#160;&#160;&#160;&#160;&#160;&#160;&#160;&#160; (Wstat: 256 Tests: 1
</I>&gt;&gt;<i> Failed: 1)
</I>&gt;&gt;<i>  &#160; Failed test:&#160; 1
</I>&gt;&gt;<i>  &#160; Non-zero exit status: 1
</I>&gt;&gt;<i> Files=141, Tests=1313, 370 wallclock secs ( 3.42 usr&#160; 0.94 sys +
</I>&gt;&gt;<i> 266.48 cusr 40.30 csys = 311.14 CPU)
</I>&gt;&gt;<i> Result: FAIL
</I>&gt;&gt;<i> Makefile:169: recipe for target '_tests' failed
</I>&gt;<i> I do not think it is expected.&#160; Could you capture the output of 'make
</I>&gt;<i> V=1 TESTS=&quot;test_asn1_encode test_secmem&quot;' and make it available?
</I>&gt;<i> (Probably via posting it on the web and linking; the output may be long.)
</I>&gt;<i>
</I>&gt;<i> -Ben
</I>
</PRE>










<!--endarticle-->
    <HR>
    <P><UL>
        <!--threads-->
	<LI>Previous message: <A HREF="007549.html">[openssl-users] 1.1.1 pre1 tests failing on Solaris SPARC
</A></li>
	<LI>Next message: <A HREF="007551.html">[openssl-users] 1.1.1 pre1 tests failing on Solaris SPARC
</A></li>
         <LI> <B>Messages sorted by:</B> 
              <a href="date.html#7550">[ date ]</a>
              <a href="thread.html#7550">[ thread ]</a>
              <a href="subject.html#7550">[ subject ]</a>
              <a href="author.html#7550">[ author ]</a>
         </LI>
       </UL>

<hr>
<a href="../../../mailman/listinfo/openssl-users.html">More information about the openssl-users
mailing list</a><br>
</body></html>
