<!DOCTYPE HTML PUBLIC "-//W3C//DTD HTML 4.01 Transitional//EN">
<HTML>
 <HEAD>
   <TITLE> [openssl-users] 1.1.1 pre1 tests failing on Solaris SPARC
   </TITLE>
   <LINK REL="Index" HREF="https://mta.openssl.org/pipermail/openssl-users/2018-February/index.html" >
   <LINK REL="made" HREF="mailto:openssl-users%40openssl.org?Subject=Re%3A%20%5Bopenssl-users%5D%201.1.1%20pre1%20tests%20failing%20on%20Solaris%20SPARC&In-Reply-To=%3C87778fae-27da-e5f5-fe3a-3a37ee0d2280%40gemtalksystems.com%3E">
   <META NAME="robots" CONTENT="index,nofollow">
   <style type="text/css">
       pre {
           white-space: pre-wrap;       /* css-2.1, curent FF, Opera, Safari */
           }
   </style>
   <META http-equiv="Content-Type" content="text/html; charset=us-ascii">
   <LINK REL="Previous"  HREF="007634.html">
   <LINK REL="Next"  HREF="007563.html">
 </HEAD>
 <BODY BGCOLOR="#ffffff">
   <H1>[openssl-users] 1.1.1 pre1 tests failing on Solaris SPARC</H1>
    <B>Norm Green</B> 
    <A HREF="mailto:openssl-users%40openssl.org?Subject=Re%3A%20%5Bopenssl-users%5D%201.1.1%20pre1%20tests%20failing%20on%20Solaris%20SPARC&In-Reply-To=%3C87778fae-27da-e5f5-fe3a-3a37ee0d2280%40gemtalksystems.com%3E"
       TITLE="[openssl-users] 1.1.1 pre1 tests failing on Solaris SPARC">norm.green at gemtalksystems.com
       </A><BR>
    <I>Mon Feb 19 22:02:28 UTC 2018</I>
    <P><UL>
        <LI>Previous message: <A HREF="007634.html">[openssl-users] 1.1.1 pre1 tests failing on Solaris SPARC
</A></li>
        <LI>Next message: <A HREF="007563.html">[openssl-users] 1.1.1 pre1 tests failing on Solaris SPARC
</A></li>
         <LI> <B>Messages sorted by:</B> 
              <a href="date.html#7553">[ date ]</a>
              <a href="thread.html#7553">[ thread ]</a>
              <a href="subject.html#7553">[ subject ]</a>
              <a href="author.html#7553">[ author ]</a>
         </LI>
       </UL>
    <HR>  
<!--beginarticle-->
<PRE>For the failure in secmemtst, it appears that secure memory is not 
enabled per this code in ./crypto/mem_sec.c

 &#160;23 /* e_os.h includes unistd.h, which defines _POSIX_VERSION */
 &#160;24 #if !defined(OPENSSL_NO_SECURE_MEMORY) &amp;&amp; defined(OPENSSL_SYS_UNIX) \
 &#160;25&#160;&#160;&#160;&#160; &amp;&amp; defined(_POSIX_VERSION) &amp;&amp; _POSIX_VERSION &gt;= 200112L
 &#160;26 # define IMPLEMENTED
 &#160;27 # include &lt;stdlib.h&gt;
 &#160;28 # include &lt;assert.h&gt;
 &#160;29 # include &lt;unistd.h&gt;
 &#160;30 # include &lt;sys/types.h&gt;
 &#160;31 # include &lt;sys/mman.h&gt;
 &#160;32 # if defined(OPENSSL_SYS_LINUX)
 &#160;33 #&#160; include &lt;sys/syscall.h&gt;
 &#160;34 #&#160; include &lt;linux/mman.h&gt;
 &#160;35 #&#160; include &lt;errno.h&gt;
 &#160;36 # endif
 &#160;37 # include &lt;sys/param.h&gt;
 &#160;38 # include &lt;sys/stat.h&gt;
 &#160;39 # include &lt;fcntl.h&gt;
 &#160;40 #endif



Solaris has this in sys/unistd.h

#ifndef _POSIX_VERSION
#ifdef&#160; _XPG6
#define _POSIX_VERSION&#160;&#160;&#160;&#160;&#160;&#160;&#160;&#160;&#160; 200112L /* Supports IEEE Std 1003.1-2001 */
#else
#define _POSIX_VERSION&#160;&#160;&#160;&#160;&#160;&#160;&#160;&#160;&#160; 199506L /* Supports POSIX-1c DIS */
#endif
#endif /* _POSIX_VERSION */

I'm building with the native Oracle Solaris compiler which apparently 
does not define these macros.

Nornm


On 2/19/2018 1:20 PM, Norm Green wrote:
&gt;<i> The output is not too long.
</I>&gt;<i>
</I>&gt;<i>
</I>&gt;<i>
</I>&gt;<i> /export/localnew/sparc.Solaris/bin/gmake depend &amp;&amp; 
</I>&gt;<i> /export/localnew/sparc.Solaris/bin/gmake _tests
</I>&gt;<i> gmake[1]: Entering directory 
</I>&gt;<i> '/hamburg4/users/normg/gs64trunk/slow10/openssl_1.1'
</I>&gt;<i> gmake[1]: Leaving directory 
</I>&gt;<i> '/hamburg4/users/normg/gs64trunk/slow10/openssl_1.1'
</I>&gt;<i> gmake[1]: Entering directory 
</I>&gt;<i> '/hamburg4/users/normg/gs64trunk/slow10/openssl_1.1'
</I>&gt;<i> ( cd test; \
</I>&gt;<i> &#160; mkdir -p test-runs; \
</I>&gt;<i> &#160; SRCTOP=../. \
</I>&gt;<i> &#160; BLDTOP=../. \
</I>&gt;<i> &#160; RESULT_D=test-runs \
</I>&gt;<i> &#160; PERL=&quot;/opt/perl-5.24.0/bin/perl&quot; \
</I>&gt;<i> &#160; EXE_EXT= \
</I>&gt;<i> &#160; OPENSSL_ENGINES=`cd .././engines; pwd` \
</I>&gt;<i> &#160; OPENSSL_DEBUG_MEMORY=on \
</I>&gt;<i> &#160;&#160;&#160; /opt/perl-5.24.0/bin/perl .././test/run_tests.pl test_asn1_encode 
</I>&gt;<i> test_secmem )
</I>&gt;<i> ../test/recipes/04-test_asn1_encode.t ..
</I>&gt;<i> 1..1
</I>&gt;<i> &#160;&#160;&#160; # Subtest: ../../test/asn1_encode_test
</I>&gt;<i> &#160;&#160;&#160; 1..6
</I>&gt;<i> &#160;&#160;&#160; ok 1 - test_long_32bit
</I>&gt;<i> &#160;&#160;&#160; # ASN1_LONG_DATA:
</I>&gt;<i> &#160;&#160;&#160; #&#160;&#160; success: TRUE
</I>&gt;<i> ../../util/shlib_wrap.sh ../../test/asn1_encode_test =&gt; 138
</I>&gt;<i> not ok 1 - running asn1_encode_test
</I>&gt;<i>
</I>&gt;<i> #&#160;&#160; Failed test 'running asn1_encode_test'
</I>&gt;<i> #&#160;&#160; at 
</I>&gt;<i> /hamburg4/users/normg/gs64trunk/slow10/openssl_1.1/test/../util/perl/OpenSSL/Test/Simple.pm 
</I>&gt;<i> line 77.
</I>&gt;<i> # Looks like you failed 1 test of 1.
</I>&gt;<i> Dubious, test returned 1 (wstat 256, 0x100)
</I>&gt;<i> Failed 1/1 subtests
</I>&gt;<i> ../test/recipes/90-test_secmem.t .......
</I>&gt;<i> 1..1
</I>&gt;<i> &#160;&#160;&#160; # Subtest: ../../test/secmemtest
</I>&gt;<i> &#160;&#160;&#160; 1..1
</I>&gt;<i> &#160;&#160;&#160; # ERROR: (bool) 'CRYPTO_secure_malloc_init(4096, 32) == true' 
</I>&gt;<i> failed @ test/secmemtest.c:28
</I>&gt;<i> &#160;&#160;&#160; # false
</I>&gt;<i> &#160;&#160;&#160; not ok 1 - test_sec_mem
</I>&gt;<i> ../../util/shlib_wrap.sh ../../test/secmemtest =&gt; 1
</I>&gt;<i> not ok 1 - running secmemtest
</I>&gt;<i>
</I>&gt;<i> #&#160;&#160; Failed test 'running secmemtest'
</I>&gt;<i> #&#160;&#160; at 
</I>&gt;<i> /hamburg4/users/normg/gs64trunk/slow10/openssl_1.1/test/../util/perl/OpenSSL/Test/Simple.pm 
</I>&gt;<i> line 77.
</I>&gt;<i> # Looks like you failed 1 test of 1.
</I>&gt;<i> Dubious, test returned 1 (wstat 256, 0x100)
</I>&gt;<i> Failed 1/1 subtests
</I>&gt;<i>
</I>&gt;<i> Test Summary Report
</I>&gt;<i> -------------------
</I>&gt;<i> ../test/recipes/04-test_asn1_encode.t (Wstat: 256 Tests: 1 Failed: 1)
</I>&gt;<i> &#160; Failed test:&#160; 1
</I>&gt;<i> &#160; Non-zero exit status: 1
</I>&gt;<i> ../test/recipes/90-test_secmem.t&#160;&#160;&#160;&#160; (Wstat: 256 Tests: 1 Failed: 1)
</I>&gt;<i> &#160; Failed test:&#160; 1
</I>&gt;<i> &#160; Non-zero exit status: 1
</I>&gt;<i> Files=2, Tests=2,&#160; 2 wallclock secs ( 0.04 usr&#160; 0.01 sys + 0.38 cusr&#160; 
</I>&gt;<i> 0.16 csys =&#160; 0.59 CPU)
</I>&gt;<i> Result: FAIL
</I>&gt;<i> Makefile:169: recipe for target '_tests' failed
</I>&gt;<i> gmake[1]: *** [_tests] Error 1
</I>&gt;<i> gmake[1]: Leaving directory 
</I>&gt;<i> '/hamburg4/users/normg/gs64trunk/slow10/openssl_1.1'
</I>&gt;<i> Makefile:167: recipe for target 'tests' failed
</I>&gt;<i> gmake: *** [tests] Error 2
</I>&gt;<i> slow test failed
</I>&gt;<i>
</I>&gt;<i>
</I>&gt;<i>
</I>&gt;<i> On 2/19/2018 12:50 PM, Benjamin Kaduk wrote:
</I>&gt;&gt;<i> On 02/19/2018 02:06 PM, Norm Green wrote:
</I>&gt;&gt;&gt;<i> Not sure if this is expected on this platform?
</I>&gt;&gt;&gt;<i>
</I>&gt;&gt;&gt;<i> Test Summary Report
</I>&gt;&gt;&gt;<i> -------------------
</I>&gt;&gt;&gt;<i> ../test/recipes/04-test_asn1_encode.t&#160;&#160;&#160;&#160;&#160;&#160;&#160;&#160;&#160;&#160;&#160; (Wstat: 256 Tests: 1
</I>&gt;&gt;&gt;<i> Failed: 1)
</I>&gt;&gt;&gt;<i> &#160;&#160; Failed test:&#160; 1
</I>&gt;&gt;&gt;<i> &#160;&#160; Non-zero exit status: 1
</I>&gt;&gt;&gt;<i> ../test/recipes/90-test_secmem.t&#160;&#160;&#160;&#160;&#160;&#160;&#160;&#160;&#160;&#160;&#160;&#160;&#160;&#160;&#160;&#160; (Wstat: 256 Tests: 1
</I>&gt;&gt;&gt;<i> Failed: 1)
</I>&gt;&gt;&gt;<i> &#160;&#160; Failed test:&#160; 1
</I>&gt;&gt;&gt;<i> &#160;&#160; Non-zero exit status: 1
</I>&gt;&gt;&gt;<i> Files=141, Tests=1313, 370 wallclock secs ( 3.42 usr&#160; 0.94 sys +
</I>&gt;&gt;&gt;<i> 266.48 cusr 40.30 csys = 311.14 CPU)
</I>&gt;&gt;&gt;<i> Result: FAIL
</I>&gt;&gt;&gt;<i> Makefile:169: recipe for target '_tests' failed
</I>&gt;&gt;<i> I do not think it is expected.&#160; Could you capture the output of 'make
</I>&gt;&gt;<i> V=1 TESTS=&quot;test_asn1_encode test_secmem&quot;' and make it available?
</I>&gt;&gt;<i> (Probably via posting it on the web and linking; the output may be 
</I>&gt;&gt;<i> long.)
</I>&gt;&gt;<i>
</I>&gt;&gt;<i> -Ben
</I>&gt;<i>
</I>
</PRE>
















































<!--endarticle-->
    <HR>
    <P><UL>
        <!--threads-->
	<LI>Previous message: <A HREF="007634.html">[openssl-users] 1.1.1 pre1 tests failing on Solaris SPARC
</A></li>
	<LI>Next message: <A HREF="007563.html">[openssl-users] 1.1.1 pre1 tests failing on Solaris SPARC
</A></li>
         <LI> <B>Messages sorted by:</B> 
              <a href="date.html#7553">[ date ]</a>
              <a href="thread.html#7553">[ thread ]</a>
              <a href="subject.html#7553">[ subject ]</a>
              <a href="author.html#7553">[ author ]</a>
         </LI>
       </UL>

<hr>
<a href="../../../mailman/listinfo/openssl-users.html">More information about the openssl-users
mailing list</a><br>
</body></html>
