<!DOCTYPE HTML PUBLIC "-//W3C//DTD HTML 4.01 Transitional//EN">
<HTML>
 <HEAD>
   <TITLE> [openssl-commits] FAILED build of OpenSSL branch master with	options -d --strict-warnings
   </TITLE>
   <LINK REL="Index" HREF="https://mta.openssl.org/pipermail/openssl-commits/2018-March/index.html" >
   <LINK REL="made" HREF="mailto:openssl-commits%40openssl.org?Subject=Re%3A%20%5Bopenssl-commits%5D%20FAILED%20build%20of%20OpenSSL%20branch%20master%20with%0A%09options%20-d%20--strict-warnings&In-Reply-To=%3C1521497506.025568.14027.nullmailer%40run.openssl.org%3E">
   <META NAME="robots" CONTENT="index,nofollow">
   <style type="text/css">
       pre {
           white-space: pre-wrap;       /* css-2.1, curent FF, Opera, Safari */
           }
   </style>
   <META http-equiv="Content-Type" content="text/html; charset=us-ascii">
   <LINK REL="Previous"  HREF="018423.html">
   <LINK REL="Next"  HREF="018426.html">
 </HEAD>
 <BODY BGCOLOR="#ffffff">
   <H1>[openssl-commits] FAILED build of OpenSSL branch master with	options -d --strict-warnings</H1>
    <B>OpenSSL run-checker</B> 
    <A HREF="mailto:openssl-commits%40openssl.org?Subject=Re%3A%20%5Bopenssl-commits%5D%20FAILED%20build%20of%20OpenSSL%20branch%20master%20with%0A%09options%20-d%20--strict-warnings&In-Reply-To=%3C1521497506.025568.14027.nullmailer%40run.openssl.org%3E"
       TITLE="[openssl-commits] FAILED build of OpenSSL branch master with	options -d --strict-warnings">openssl at openssl.org
       </A><BR>
    <I>Mon Mar 19 22:11:46 UTC 2018</I>
    <P><UL>
        <LI>Previous message: <A HREF="018423.html">[openssl-commits] FAILED build of OpenSSL branch master with	options -d --strict-warnings
</A></li>
        <LI>Next message: <A HREF="018426.html">[openssl-commits] Still Failing: openssl/openssl#16918 (master -	9300f07)
</A></li>
         <LI> <B>Messages sorted by:</B> 
              <a href="date.html#18658">[ date ]</a>
              <a href="thread.html#18658">[ thread ]</a>
              <a href="subject.html#18658">[ subject ]</a>
              <a href="author.html#18658">[ author ]</a>
         </LI>
       </UL>
    <HR>  
<!--beginarticle-->
<PRE>Platform and configuration command:

$ uname -a
Linux run 4.4.0-116-generic #140-Ubuntu SMP Mon Feb 12 21:23:04 UTC 2018 x86_64 x86_64 x86_64 GNU/Linux
$ CC=clang ../openssl/config -d --strict-warnings

Commit log since last time:

27df459 Fix no-sm3/no-sm2 (with strict-warnings)
9802002 Fix no-sm3 (and no-sm2)
3830c19 Don't generate buildtest_*err.c
7d7f683 Enhance ssltestlib's create_ssl_ctx_pair to take min and max proto version
2e2faa8 In TLSProxy::Proxy, specify TLSv1.3 as maximum allowable protocol
43110de Support &quot;-min_protocol&quot; and &quot;-max_protocol&quot; in s_server and s_client
dad8c26 Fix no-ec
1bf2cc2 Fix no-sm2
1a54618 Fix no-posix-io compile failure
4bfb96f Place ticket keys into secure memory
c2b290c Fix no-psk
69e2b8d Revise and cleanup; use strict,warnings
8a5ed9d Apply system_default configuration on SSL_CTX_new().
440bce8 Add a multithread rand test
16cfc2c Don't use a ssl specific DRBG anymore
7caf122 Make the public and private DRBG thread local
4e66475 Handle evp_tests assumption of EVP_PKEY_FLAG_AUTOARGLEN
dceb99a Support SM2 ECIES scheme via EVP
3d328a4 Add SM2 signature and ECIES schemes
df3a155 Configurations/15-android.conf: detect clang by PATH, not by CC.
f39276f Add NOTES.ANDROID.
87ba25e Configurations/15-android.conf: default to RC4_CHAR whenever possible.
9d3cab4 MIPS assembly pack: default heuristic detection to little-endian.
f41c867 Configurations/15-android.conf: refine clang support.
6d5e74f Configure: pass -no-integrated-as.
c911e5d Fix bio callback backward compatibility
d4ef4fb Fix a crash in SSLfatal due to invalid enc_write_ctx
df6d51e Fix no-cmac
66a925e Fix no-ec
3ec9e4e Add a CHANGES entry to mention the replay protection capabilities
d2d67a4 Document the replay protection capabilities
78fb537 Add a test for 0RTT replay protection
66d7de1 Add an anti-replay mechanism
f023ba2 Don't update the session cache when processing a client certificate in TLSv1.3
32305f8 Always call the new_session_cb when issuing a NewSessionTicket in TLSv1.3
51cf8ba engines/asm/e_padlock*: add support for Zhaoxin's x86 platform
ec4c389 Clarify a couple of details around &quot;make variables&quot;
00c8f1b Stop test/shlibloadtest.c from failing in a regression test
b4d46ad Add a simple method to run regression tests

Build log ended with (last 100 lines):

../../openssl/test/recipes/40-test_rehash.t ................... ok
../../openssl/test/recipes/60-test_x509_check_cert_pkey.t ..... ok
../../openssl/test/recipes/60-test_x509_dup_cert.t ............ ok
../../openssl/test/recipes/60-test_x509_store.t ............... ok
../../openssl/test/recipes/60-test_x509_time.t ................ ok
../../openssl/test/recipes/70-test_asyncio.t .................. ok
../../openssl/test/recipes/70-test_bad_dtls.t ................. ok
../../openssl/test/recipes/70-test_clienthello.t .............. ok
../../openssl/test/recipes/70-test_comp.t ..................... ok
../../openssl/test/recipes/70-test_key_share.t ................ ok
../../openssl/test/recipes/70-test_packet.t ................... ok
../../openssl/test/recipes/70-test_recordlen.t ................ ok
../../openssl/test/recipes/70-test_renegotiation.t ............ ok
../../openssl/test/recipes/70-test_servername.t ............... ok
../../openssl/test/recipes/70-test_sslcbcpadding.t ............ 
Dubious, test returned 4 (wstat 1024, 0x400)
Failed 4/5 subtests 
../../openssl/test/recipes/70-test_sslcertstatus.t ............ ok
../../openssl/test/recipes/70-test_sslextension.t ............. ok
../../openssl/test/recipes/70-test_sslmessages.t .............. ok
../../openssl/test/recipes/70-test_sslrecords.t ............... 
Dubious, test returned 1 (wstat 256, 0x100)
Failed 1/18 subtests 
../../openssl/test/recipes/70-test_sslsessiontick.t ........... ok
../../openssl/test/recipes/70-test_sslsigalgs.t ............... ok
../../openssl/test/recipes/70-test_sslsignature.t ............. ok
../../openssl/test/recipes/70-test_sslskewith0p.t ............. ok
../../openssl/test/recipes/70-test_sslversions.t .............. ok
../../openssl/test/recipes/70-test_sslvertol.t ................ ok
../../openssl/test/recipes/70-test_tls13cookie.t .............. ok
../../openssl/test/recipes/70-test_tls13downgrade.t ........... skipped: test_tls13downgrade not run in pre TLSv1.3 RFC implementation
../../openssl/test/recipes/70-test_tls13hrr.t ................. ok
../../openssl/test/recipes/70-test_tls13kexmodes.t ............ ok
../../openssl/test/recipes/70-test_tls13messages.t ............ ok
../../openssl/test/recipes/70-test_tls13psk.t ................. ok
../../openssl/test/recipes/70-test_tlsextms.t ................. ok
../../openssl/test/recipes/70-test_verify_extra.t ............. ok
../../openssl/test/recipes/70-test_wpacket.t .................. ok
../../openssl/test/recipes/80-test_ca.t ....................... ok
../../openssl/test/recipes/80-test_cipherbytes.t .............. ok
../../openssl/test/recipes/80-test_cipherlist.t ............... ok
../../openssl/test/recipes/80-test_ciphername.t ............... ok
../../openssl/test/recipes/80-test_cms.t ...................... ok
../../openssl/test/recipes/80-test_ct.t ....................... ok
../../openssl/test/recipes/80-test_dane.t ..................... ok
../../openssl/test/recipes/80-test_dtls.t ..................... ok
../../openssl/test/recipes/80-test_dtls_mtu.t ................. ok
../../openssl/test/recipes/80-test_dtlsv1listen.t ............. ok
../../openssl/test/recipes/80-test_ocsp.t ..................... ok
../../openssl/test/recipes/80-test_pkcs12.t ................... ok
../../openssl/test/recipes/80-test_ssl_new.t .................. ok
../../openssl/test/recipes/80-test_ssl_old.t .................. ok
../../openssl/test/recipes/80-test_ssl_test_ctx.t ............. ok
../../openssl/test/recipes/80-test_sslcorrupt.t ............... ok
../../openssl/test/recipes/80-test_tsa.t ...................... ok
../../openssl/test/recipes/80-test_x509aux.t .................. ok
../../openssl/test/recipes/90-test_asn1_time.t ................ ok
../../openssl/test/recipes/90-test_async.t .................... ok
../../openssl/test/recipes/90-test_bio_enc.t .................. ok
../../openssl/test/recipes/90-test_constant_time.t ............ ok
../../openssl/test/recipes/90-test_fatalerr.t ................. ok
../../openssl/test/recipes/90-test_gmdiff.t ................... ok
../../openssl/test/recipes/90-test_ige.t ...................... ok
../../openssl/test/recipes/90-test_includes.t ................. ok
../../openssl/test/recipes/90-test_memleak.t .................. ok
../../openssl/test/recipes/90-test_overhead.t ................. skipped: Only supported in no-shared builds
../../openssl/test/recipes/90-test_secmem.t ................... ok
../../openssl/test/recipes/90-test_shlibload.t ................ ok
../../openssl/test/recipes/90-test_srp.t ...................... ok
../../openssl/test/recipes/90-test_sslapi.t ................... ok
../../openssl/test/recipes/90-test_sslbuffers.t ............... ok
../../openssl/test/recipes/90-test_store.t .................... ok
../../openssl/test/recipes/90-test_sysdefault.t ............... ok
../../openssl/test/recipes/90-test_threads.t .................. ok
../../openssl/test/recipes/90-test_time_offset.t .............. ok
../../openssl/test/recipes/90-test_tls13ccs.t ................. ok
../../openssl/test/recipes/90-test_tls13encryption.t .......... ok
../../openssl/test/recipes/90-test_tls13secrets.t ............. ok
../../openssl/test/recipes/90-test_v3name.t ................... ok
../../openssl/test/recipes/95-test_external_boringssl.t ....... skipped: No external tests in this configuration
../../openssl/test/recipes/95-test_external_krb5.t ............ skipped: No external tests in this configuration
../../openssl/test/recipes/95-test_external_pyca.t ............ skipped: No external tests in this configuration
../../openssl/test/recipes/99-test_ecstress.t ................. ok
../../openssl/test/recipes/99-test_fuzz.t ..................... ok

Test Summary Report
-------------------
../../openssl/test/recipes/70-test_sslcbcpadding.t          (Wstat: 1024 Tests: 5 Failed: 4)
  Failed tests:  2-5
  Non-zero exit status: 4
../../openssl/test/recipes/70-test_sslrecords.t             (Wstat: 256 Tests: 18 Failed: 1)
  Failed test:  2
  Non-zero exit status: 1
Files=146, Tests=1341, 462 wallclock secs ( 4.65 usr  0.66 sys + 228.41 cusr 38.74 csys = 272.46 CPU)
Result: FAIL
Makefile:198: recipe for target '_tests' failed
make[1]: *** [_tests] Error 1
make[1]: Leaving directory '/home/openssl/run-checker/default'
Makefile:196: recipe for target 'tests' failed
make: *** [tests] Error 2
</PRE>



















































































































<!--endarticle-->
    <HR>
    <P><UL>
        <!--threads-->
	<LI>Previous message: <A HREF="018423.html">[openssl-commits] FAILED build of OpenSSL branch master with	options -d --strict-warnings
</A></li>
	<LI>Next message: <A HREF="018426.html">[openssl-commits] Still Failing: openssl/openssl#16918 (master -	9300f07)
</A></li>
         <LI> <B>Messages sorted by:</B> 
              <a href="date.html#18658">[ date ]</a>
              <a href="thread.html#18658">[ thread ]</a>
              <a href="subject.html#18658">[ subject ]</a>
              <a href="author.html#18658">[ author ]</a>
         </LI>
       </UL>

<hr>
<a href="../../../mailman/listinfo/openssl-commits.html">More information about the openssl-commits
mailing list</a><br>
</body></html>
