<!DOCTYPE HTML PUBLIC "-//W3C//DTD HTML 4.01 Transitional//EN">
<HTML>
 <HEAD>
   <TITLE> [openssl-commits] FAILED build of OpenSSL branch master with	options -d --strict-warnings no-comp
   </TITLE>
   <LINK REL="Index" HREF="https://mta.openssl.org/pipermail/openssl-commits/2018-August/index.html" >
   <LINK REL="made" HREF="mailto:openssl-commits%40openssl.org?Subject=Re%3A%20%5Bopenssl-commits%5D%20FAILED%20build%20of%20OpenSSL%20branch%20master%20with%0A%09options%20-d%20--strict-warnings%20no-comp&In-Reply-To=%3C1533686069.583348.13974.nullmailer%40run.openssl.org%3E">
   <META NAME="robots" CONTENT="index,nofollow">
   <style type="text/css">
       pre {
           white-space: pre-wrap;       /* css-2.1, curent FF, Opera, Safari */
           }
   </style>
   <META http-equiv="Content-Type" content="text/html; charset=us-ascii">
   <LINK REL="Previous"  HREF="019948.html">
   <LINK REL="Next"  HREF="019957.html">
 </HEAD>
 <BODY BGCOLOR="#ffffff">
   <H1>[openssl-commits] FAILED build of OpenSSL branch master with	options -d --strict-warnings no-comp</H1>
    <B>OpenSSL run-checker</B> 
    <A HREF="mailto:openssl-commits%40openssl.org?Subject=Re%3A%20%5Bopenssl-commits%5D%20FAILED%20build%20of%20OpenSSL%20branch%20master%20with%0A%09options%20-d%20--strict-warnings%20no-comp&In-Reply-To=%3C1533686069.583348.13974.nullmailer%40run.openssl.org%3E"
       TITLE="[openssl-commits] FAILED build of OpenSSL branch master with	options -d --strict-warnings no-comp">openssl at openssl.org
       </A><BR>
    <I>Tue Aug  7 23:54:29 UTC 2018</I>
    <P><UL>
        <LI>Previous message: <A HREF="019948.html">[openssl-commits] Build completed: openssl master.19279
</A></li>
        <LI>Next message: <A HREF="019957.html">[openssl-commits] Build failed: openssl master.19292
</A></li>
         <LI> <B>Messages sorted by:</B> 
              <a href="date.html#19956">[ date ]</a>
              <a href="thread.html#19956">[ thread ]</a>
              <a href="subject.html#19956">[ subject ]</a>
              <a href="author.html#19956">[ author ]</a>
         </LI>
       </UL>
    <HR>  
<!--beginarticle-->
<PRE>Platform and configuration command:

$ uname -a
Linux run 4.4.0-119-generic #143-Ubuntu SMP Mon Apr 2 16:08:24 UTC 2018 x86_64 x86_64 x86_64 GNU/Linux
$ CC=clang ../openssl/config -d --strict-warnings no-comp

Commit log since last time:

0807691 test/asn1_internal_test.c: silence the new check for the ASN1 method table
b5ee517 Increase CT_NUMBER values
10281e8 Fix setting of ssl_strings_inited.
4e36044 Check early that the config target exists and isn't a template
2b98842 CHANGES: mention s390x assembly pack extensions
8f15498 crypto/mem.c: switch to tsan_assist.h in CRYPTO_MDEBUG.
e519d6b engine/eng_lib.c: remove redundant #ifdef.
d1f8b74 man3/OPENSSL_LH_COMPFUNC.pod: clarifications and updates.
f21b5b6 x509v3/v3_purp.c: re-implement lock-free check for extensions cache validity.
0da7358 x509v3/v3_purp.c: resolve Thread Sanitizer nit.
9ef9088 ssl/*: switch to switch to Thread-Sanitizer-friendly primitives.
cab76c0 lhash/lhash.c: switch to Thread-Sanitizer-friendly primitives.
ede3e66 Add internal/tsan_assist.h.
8839324 stack/stack.c: omit redundant NULL checks.
5b37fef Harmonize use of sk_TYPE_find's return value.
28ad731 x509/x509name.c: fix potential crash in X509_NAME_get_text_by_OBJ.
f44d7e8 INSTALL,NOTES.ANDROID: minor updates.
38eca7f Make EVP_PKEY_asn1_new() stricter with its input
3ef97bd Relocate memcmp test.

Build log ended with (last 100 lines):

../../openssl/test/recipes/30-test_pbelu.t .................... ok
../../openssl/test/recipes/30-test_pkey_meth.t ................ ok
../../openssl/test/recipes/30-test_pkey_meth_kdf.t ............ ok
../../openssl/test/recipes/40-test_rehash.t ................... ok
../../openssl/test/recipes/60-test_x509_check_cert_pkey.t ..... ok
../../openssl/test/recipes/60-test_x509_dup_cert.t ............ ok
../../openssl/test/recipes/60-test_x509_store.t ............... ok
../../openssl/test/recipes/60-test_x509_time.t ................ ok
../../openssl/test/recipes/70-test_asyncio.t .................. ok
../../openssl/test/recipes/70-test_bad_dtls.t ................. ok
../../openssl/test/recipes/70-test_clienthello.t .............. ok
../../openssl/test/recipes/70-test_comp.t ..................... ok
../../openssl/test/recipes/70-test_key_share.t ................ ok
../../openssl/test/recipes/70-test_packet.t ................... ok
../../openssl/test/recipes/70-test_recordlen.t ................ ok
../../openssl/test/recipes/70-test_renegotiation.t ............ ok
../../openssl/test/recipes/70-test_servername.t ............... ok
../../openssl/test/recipes/70-test_sslcbcpadding.t ............ ok
../../openssl/test/recipes/70-test_sslcertstatus.t ............ ok
../../openssl/test/recipes/70-test_sslextension.t ............. ok
../../openssl/test/recipes/70-test_sslmessages.t .............. ok
../../openssl/test/recipes/70-test_sslrecords.t ............... ok
../../openssl/test/recipes/70-test_sslsessiontick.t ........... ok
../../openssl/test/recipes/70-test_sslsigalgs.t ............... ok
../../openssl/test/recipes/70-test_sslsignature.t ............. ok
../../openssl/test/recipes/70-test_sslskewith0p.t ............. ok
../../openssl/test/recipes/70-test_sslversions.t .............. ok
../../openssl/test/recipes/70-test_sslvertol.t ................ ok
../../openssl/test/recipes/70-test_tls13cookie.t .............. ok
../../openssl/test/recipes/70-test_tls13downgrade.t ........... skipped: test_tls13downgrade not run in pre TLSv1.3 RFC implementation
../../openssl/test/recipes/70-test_tls13hrr.t ................. ok
../../openssl/test/recipes/70-test_tls13kexmodes.t ............ ok
../../openssl/test/recipes/70-test_tls13messages.t ............ ok
../../openssl/test/recipes/70-test_tls13psk.t ................. ok
../../openssl/test/recipes/70-test_tlsextms.t ................. ok
../../openssl/test/recipes/70-test_verify_extra.t ............. ok
../../openssl/test/recipes/70-test_wpacket.t .................. ok
../../openssl/test/recipes/80-test_ca.t ....................... ok
../../openssl/test/recipes/80-test_cipherbytes.t .............. ok
../../openssl/test/recipes/80-test_cipherlist.t ............... ok
../../openssl/test/recipes/80-test_ciphername.t ............... ok
../../openssl/test/recipes/80-test_cms.t ...................... ok
../../openssl/test/recipes/80-test_cmsapi.t ................... ok
../../openssl/test/recipes/80-test_ct.t ....................... ok
../../openssl/test/recipes/80-test_dane.t ..................... ok
../../openssl/test/recipes/80-test_dtls.t ..................... ok
../../openssl/test/recipes/80-test_dtls_mtu.t ................. ok
../../openssl/test/recipes/80-test_dtlsv1listen.t ............. ok
../../openssl/test/recipes/80-test_ocsp.t ..................... ok
../../openssl/test/recipes/80-test_pkcs12.t ................... ok
../../openssl/test/recipes/80-test_ssl_new.t .................. ok
../../openssl/test/recipes/80-test_ssl_old.t .................. ok
../../openssl/test/recipes/80-test_ssl_test_ctx.t ............. ok
../../openssl/test/recipes/80-test_sslcorrupt.t ............... ok
../../openssl/test/recipes/80-test_tsa.t ...................... ok
../../openssl/test/recipes/80-test_x509aux.t .................. ok
../../openssl/test/recipes/90-test_asn1_time.t ................ ok
../../openssl/test/recipes/90-test_async.t .................... ok
../../openssl/test/recipes/90-test_bio_enc.t .................. ok
../../openssl/test/recipes/90-test_constant_time.t ............ ok
../../openssl/test/recipes/90-test_fatalerr.t ................. ok
../../openssl/test/recipes/90-test_gmdiff.t ................... ok
../../openssl/test/recipes/90-test_gost.t ..................... ok
../../openssl/test/recipes/90-test_ige.t ...................... ok
../../openssl/test/recipes/90-test_includes.t ................. ok
../../openssl/test/recipes/90-test_memleak.t .................. ok
../../openssl/test/recipes/90-test_overhead.t ................. skipped: Only supported in no-shared builds
../../openssl/test/recipes/90-test_secmem.t ................... ok
../../openssl/test/recipes/90-test_shlibload.t ................ ok
../../openssl/test/recipes/90-test_srp.t ...................... ok
../../openssl/test/recipes/90-test_sslapi.t ................... ok
../../openssl/test/recipes/90-test_sslbuffers.t ............... ok
../../openssl/test/recipes/90-test_store.t .................... ok
../../openssl/test/recipes/90-test_sysdefault.t ............... ok
../../openssl/test/recipes/90-test_threads.t .................. ok
../../openssl/test/recipes/90-test_time_offset.t .............. ok
../../openssl/test/recipes/90-test_tls13ccs.t ................. ok
../../openssl/test/recipes/90-test_tls13encryption.t .......... ok
../../openssl/test/recipes/90-test_tls13secrets.t ............. ok
../../openssl/test/recipes/90-test_v3name.t ................... ok
../../openssl/test/recipes/95-test_external_boringssl.t ....... skipped: No external tests in this configuration
../../openssl/test/recipes/95-test_external_krb5.t ............ skipped: No external tests in this configuration
../../openssl/test/recipes/95-test_external_pyca.t ............ skipped: No external tests in this configuration
../../openssl/test/recipes/99-test_ecstress.t ................. ok
../../openssl/test/recipes/99-test_fuzz.t ..................... 
Dubious, test returned 2 (wstat 512, 0x200)
Failed 2/11 subtests 

Test Summary Report
-------------------
../../openssl/test/recipes/99-test_fuzz.t                   (Wstat: 512 Tests: 11 Failed: 2)
  Failed tests:  5, 8
  Non-zero exit status: 2
Files=150, Tests=1352, 201 wallclock secs ( 3.02 usr  0.38 sys + 165.73 cusr 11.27 csys = 180.40 CPU)
Result: FAIL
Makefile:204: recipe for target '_tests' failed
make[1]: *** [_tests] Error 1
make[1]: Leaving directory '/home/openssl/run-checker/no-comp'
Makefile:202: recipe for target 'tests' failed
make: *** [tests] Error 2
</PRE>















































































<!--endarticle-->
    <HR>
    <P><UL>
        <!--threads-->
	<LI>Previous message: <A HREF="019948.html">[openssl-commits] Build completed: openssl master.19279
</A></li>
	<LI>Next message: <A HREF="019957.html">[openssl-commits] Build failed: openssl master.19292
</A></li>
         <LI> <B>Messages sorted by:</B> 
              <a href="date.html#19956">[ date ]</a>
              <a href="thread.html#19956">[ thread ]</a>
              <a href="subject.html#19956">[ subject ]</a>
              <a href="author.html#19956">[ author ]</a>
         </LI>
       </UL>

<hr>
<a href="../../../mailman/listinfo/openssl-commits.html">More information about the openssl-commits
mailing list</a><br>
</body></html>
