<!DOCTYPE HTML PUBLIC "-//W3C//DTD HTML 4.01 Transitional//EN">
<HTML>
 <HEAD>
   <TITLE> [openssl-commits] Still FAILED build of OpenSSL branch master with	options -d --strict-warnings enable-asan no-shared	-DOPENSSL_SMALL_FOOTPRINT
   </TITLE>
   <LINK REL="Index" HREF="https://mta.openssl.org/pipermail/openssl-commits/2018-December/index.html" >
   <LINK REL="made" HREF="mailto:openssl-commits%40openssl.org?Subject=Re%3A%20%5Bopenssl-commits%5D%20Still%20FAILED%20build%20of%20OpenSSL%20branch%20master%20with%0A%09options%20-d%20--strict-warnings%20enable-asan%20no-shared%0A%09-DOPENSSL_SMALL_FOOTPRINT&In-Reply-To=%3C1543876282.912660.7126.nullmailer%40run.openssl.org%3E">
   <META NAME="robots" CONTENT="index,nofollow">
   <style type="text/css">
       pre {
           white-space: pre-wrap;       /* css-2.1, curent FF, Opera, Safari */
           }
   </style>
   <META http-equiv="Content-Type" content="text/html; charset=us-ascii">
   <LINK REL="Previous"  HREF="020917.html">
   <LINK REL="Next"  HREF="020926.html">
 </HEAD>
 <BODY BGCOLOR="#ffffff">
   <H1>[openssl-commits] Still FAILED build of OpenSSL branch master with	options -d --strict-warnings enable-asan no-shared	-DOPENSSL_SMALL_FOOTPRINT</H1>
    <B>OpenSSL run-checker</B> 
    <A HREF="mailto:openssl-commits%40openssl.org?Subject=Re%3A%20%5Bopenssl-commits%5D%20Still%20FAILED%20build%20of%20OpenSSL%20branch%20master%20with%0A%09options%20-d%20--strict-warnings%20enable-asan%20no-shared%0A%09-DOPENSSL_SMALL_FOOTPRINT&In-Reply-To=%3C1543876282.912660.7126.nullmailer%40run.openssl.org%3E"
       TITLE="[openssl-commits] Still FAILED build of OpenSSL branch master with	options -d --strict-warnings enable-asan no-shared	-DOPENSSL_SMALL_FOOTPRINT">openssl at openssl.org
       </A><BR>
    <I>Mon Dec  3 22:31:22 UTC 2018</I>
    <P><UL>
        <LI>Previous message: <A HREF="020917.html">[openssl-commits] Build failed: openssl master.21284
</A></li>
        <LI>Next message: <A HREF="020926.html">[openssl-commits] Still FAILED build of OpenSSL branch master with	options -d --strict-warnings enable-asan no-shared	-DOPENSSL_SMALL_FOOTPRINT
</A></li>
         <LI> <B>Messages sorted by:</B> 
              <a href="date.html#20918">[ date ]</a>
              <a href="thread.html#20918">[ thread ]</a>
              <a href="subject.html#20918">[ subject ]</a>
              <a href="author.html#20918">[ author ]</a>
         </LI>
       </UL>
    <HR>  
<!--beginarticle-->
<PRE>Platform and configuration command:

$ uname -a
Linux run 4.4.0-135-generic #161-Ubuntu SMP Mon Aug 27 10:45:01 UTC 2018 x86_64 x86_64 x86_64 GNU/Linux
$ CC=clang ../openssl/config -d --strict-warnings enable-asan no-shared -DOPENSSL_SMALL_FOOTPRINT

Commit log since last time:

e65a79d2aa Add an Ed25519 signature maleability test
0ac8f35c04 Disallow Ed25519 signature maleability
be80b21d2a Docs: better deprecation text
7b4a3515a4 Docs fixup: some man3 pages had unindented code in SYNOPSIS
b608fabfcc util/process_docs.pl: handle multiple source directories for .pod files
547a3320fc Doc: add doc/man7/openssl_user_macros.pod.in

Build log ended with (last 100 lines):

	-o test/sanitytest test/sanitytest-bin-sanitytest.o \
	 test/libtestutil.a -lcrypto -ldl -pthread 
rm -f test/secmemtest
${LDCMD:-clang} -pthread -m64 -fsanitize=address -fno-omit-frame-pointer -g -Wa,--noexecstack -Qunused-arguments -DDEBUG_UNUSED -DPEDANTIC -pedantic -Wno-long-long -Wall -Wextra -Wno-unused-parameter -Wno-missing-field-initializers -Wswitch -Wsign-compare -Wmissing-prototypes -Wstrict-prototypes -Wshadow -Wformat -Wtype-limits -Wundef -Werror  -Wswitch-default -Wno-parentheses-equality -Wno-language-extension-token -Wno-extended-offsetof -Wconditional-uninitialized -Wincompatible-pointer-types-discards-qualifiers -Wmissing-variable-declarations -Wno-unknown-warning-option -Wall -O0 -g -L.   \
	-o test/secmemtest test/secmemtest-bin-secmemtest.o \
	 test/libtestutil.a -lcrypto -ldl -pthread 
rm -f test/servername_test
${LDCMD:-clang} -pthread -m64 -fsanitize=address -fno-omit-frame-pointer -g -Wa,--noexecstack -Qunused-arguments -DDEBUG_UNUSED -DPEDANTIC -pedantic -Wno-long-long -Wall -Wextra -Wno-unused-parameter -Wno-missing-field-initializers -Wswitch -Wsign-compare -Wmissing-prototypes -Wstrict-prototypes -Wshadow -Wformat -Wtype-limits -Wundef -Werror  -Wswitch-default -Wno-parentheses-equality -Wno-language-extension-token -Wno-extended-offsetof -Wconditional-uninitialized -Wincompatible-pointer-types-discards-qualifiers -Wmissing-variable-declarations -Wno-unknown-warning-option -Wall -O0 -g -L.   \
	-o test/servername_test test/servername_test-bin-servername_test.o test/servername_test-bin-ssltestlib.o \
	 -lssl test/libtestutil.a -lcrypto -ldl -pthread 
rm -f test/siphash_internal_test
${LDCMD:-clang} -pthread -m64 -fsanitize=address -fno-omit-frame-pointer -g -Wa,--noexecstack -Qunused-arguments -DDEBUG_UNUSED -DPEDANTIC -pedantic -Wno-long-long -Wall -Wextra -Wno-unused-parameter -Wno-missing-field-initializers -Wswitch -Wsign-compare -Wmissing-prototypes -Wstrict-prototypes -Wshadow -Wformat -Wtype-limits -Wundef -Werror  -Wswitch-default -Wno-parentheses-equality -Wno-language-extension-token -Wno-extended-offsetof -Wconditional-uninitialized -Wincompatible-pointer-types-discards-qualifiers -Wmissing-variable-declarations -Wno-unknown-warning-option -Wall -O0 -g -L.   \
	-o test/siphash_internal_test test/siphash_internal_test-bin-siphash_internal_test.o \
	 test/libtestutil.a libcrypto.a -ldl -pthread 
rm -f test/sm2_internal_test
${LDCMD:-clang} -pthread -m64 -fsanitize=address -fno-omit-frame-pointer -g -Wa,--noexecstack -Qunused-arguments -DDEBUG_UNUSED -DPEDANTIC -pedantic -Wno-long-long -Wall -Wextra -Wno-unused-parameter -Wno-missing-field-initializers -Wswitch -Wsign-compare -Wmissing-prototypes -Wstrict-prototypes -Wshadow -Wformat -Wtype-limits -Wundef -Werror  -Wswitch-default -Wno-parentheses-equality -Wno-language-extension-token -Wno-extended-offsetof -Wconditional-uninitialized -Wincompatible-pointer-types-discards-qualifiers -Wmissing-variable-declarations -Wno-unknown-warning-option -Wall -O0 -g -L.   \
	-o test/sm2_internal_test test/sm2_internal_test-bin-sm2_internal_test.o \
	 test/libtestutil.a libcrypto.a -ldl -pthread 
rm -f test/sm4_internal_test
${LDCMD:-clang} -pthread -m64 -fsanitize=address -fno-omit-frame-pointer -g -Wa,--noexecstack -Qunused-arguments -DDEBUG_UNUSED -DPEDANTIC -pedantic -Wno-long-long -Wall -Wextra -Wno-unused-parameter -Wno-missing-field-initializers -Wswitch -Wsign-compare -Wmissing-prototypes -Wstrict-prototypes -Wshadow -Wformat -Wtype-limits -Wundef -Werror  -Wswitch-default -Wno-parentheses-equality -Wno-language-extension-token -Wno-extended-offsetof -Wconditional-uninitialized -Wincompatible-pointer-types-discards-qualifiers -Wmissing-variable-declarations -Wno-unknown-warning-option -Wall -O0 -g -L.   \
	-o test/sm4_internal_test test/sm4_internal_test-bin-sm4_internal_test.o \
	 test/libtestutil.a libcrypto.a -ldl -pthread 
rm -f test/srptest
${LDCMD:-clang} -pthread -m64 -fsanitize=address -fno-omit-frame-pointer -g -Wa,--noexecstack -Qunused-arguments -DDEBUG_UNUSED -DPEDANTIC -pedantic -Wno-long-long -Wall -Wextra -Wno-unused-parameter -Wno-missing-field-initializers -Wswitch -Wsign-compare -Wmissing-prototypes -Wstrict-prototypes -Wshadow -Wformat -Wtype-limits -Wundef -Werror  -Wswitch-default -Wno-parentheses-equality -Wno-language-extension-token -Wno-extended-offsetof -Wconditional-uninitialized -Wincompatible-pointer-types-discards-qualifiers -Wmissing-variable-declarations -Wno-unknown-warning-option -Wall -O0 -g -L.   \
	-o test/srptest test/srptest-bin-srptest.o \
	 test/libtestutil.a -lcrypto -ldl -pthread 
rm -f test/ssl_cert_table_internal_test
${LDCMD:-clang} -pthread -m64 -fsanitize=address -fno-omit-frame-pointer -g -Wa,--noexecstack -Qunused-arguments -DDEBUG_UNUSED -DPEDANTIC -pedantic -Wno-long-long -Wall -Wextra -Wno-unused-parameter -Wno-missing-field-initializers -Wswitch -Wsign-compare -Wmissing-prototypes -Wstrict-prototypes -Wshadow -Wformat -Wtype-limits -Wundef -Werror  -Wswitch-default -Wno-parentheses-equality -Wno-language-extension-token -Wno-extended-offsetof -Wconditional-uninitialized -Wincompatible-pointer-types-discards-qualifiers -Wmissing-variable-declarations -Wno-unknown-warning-option -Wall -O0 -g -L.   \
	-o test/ssl_cert_table_internal_test test/ssl_cert_table_internal_test-bin-ssl_cert_table_internal_test.o \
	 test/libtestutil.a -lcrypto -ldl -pthread 
rm -f test/ssl_test
${LDCMD:-clang} -pthread -m64 -fsanitize=address -fno-omit-frame-pointer -g -Wa,--noexecstack -Qunused-arguments -DDEBUG_UNUSED -DPEDANTIC -pedantic -Wno-long-long -Wall -Wextra -Wno-unused-parameter -Wno-missing-field-initializers -Wswitch -Wsign-compare -Wmissing-prototypes -Wstrict-prototypes -Wshadow -Wformat -Wtype-limits -Wundef -Werror  -Wswitch-default -Wno-parentheses-equality -Wno-language-extension-token -Wno-extended-offsetof -Wconditional-uninitialized -Wincompatible-pointer-types-discards-qualifiers -Wmissing-variable-declarations -Wno-unknown-warning-option -Wall -O0 -g -L.   \
	-o test/ssl_test test/ssl_test-bin-handshake_helper.o test/ssl_test-bin-ssl_test.o test/ssl_test-bin-ssl_test_ctx.o \
	 -lssl test/libtestutil.a -lcrypto -ldl -pthread 
rm -f test/ssl_test_ctx_test
${LDCMD:-clang} -pthread -m64 -fsanitize=address -fno-omit-frame-pointer -g -Wa,--noexecstack -Qunused-arguments -DDEBUG_UNUSED -DPEDANTIC -pedantic -Wno-long-long -Wall -Wextra -Wno-unused-parameter -Wno-missing-field-initializers -Wswitch -Wsign-compare -Wmissing-prototypes -Wstrict-prototypes -Wshadow -Wformat -Wtype-limits -Wundef -Werror  -Wswitch-default -Wno-parentheses-equality -Wno-language-extension-token -Wno-extended-offsetof -Wconditional-uninitialized -Wincompatible-pointer-types-discards-qualifiers -Wmissing-variable-declarations -Wno-unknown-warning-option -Wall -O0 -g -L.   \
	-o test/ssl_test_ctx_test test/ssl_test_ctx_test-bin-ssl_test_ctx.o test/ssl_test_ctx_test-bin-ssl_test_ctx_test.o \
	 -lssl test/libtestutil.a -lcrypto -ldl -pthread 
rm -f test/sslapitest
${LDCMD:-clang} -pthread -m64 -fsanitize=address -fno-omit-frame-pointer -g -Wa,--noexecstack -Qunused-arguments -DDEBUG_UNUSED -DPEDANTIC -pedantic -Wno-long-long -Wall -Wextra -Wno-unused-parameter -Wno-missing-field-initializers -Wswitch -Wsign-compare -Wmissing-prototypes -Wstrict-prototypes -Wshadow -Wformat -Wtype-limits -Wundef -Werror  -Wswitch-default -Wno-parentheses-equality -Wno-language-extension-token -Wno-extended-offsetof -Wconditional-uninitialized -Wincompatible-pointer-types-discards-qualifiers -Wmissing-variable-declarations -Wno-unknown-warning-option -Wall -O0 -g -L.   \
	-o test/sslapitest test/sslapitest-bin-sslapitest.o test/sslapitest-bin-ssltestlib.o \
	 -lssl test/libtestutil.a -lcrypto -ldl -pthread 
rm -f test/sslbuffertest
${LDCMD:-clang} -pthread -m64 -fsanitize=address -fno-omit-frame-pointer -g -Wa,--noexecstack -Qunused-arguments -DDEBUG_UNUSED -DPEDANTIC -pedantic -Wno-long-long -Wall -Wextra -Wno-unused-parameter -Wno-missing-field-initializers -Wswitch -Wsign-compare -Wmissing-prototypes -Wstrict-prototypes -Wshadow -Wformat -Wtype-limits -Wundef -Werror  -Wswitch-default -Wno-parentheses-equality -Wno-language-extension-token -Wno-extended-offsetof -Wconditional-uninitialized -Wincompatible-pointer-types-discards-qualifiers -Wmissing-variable-declarations -Wno-unknown-warning-option -Wall -O0 -g -L.   \
	-o test/sslbuffertest test/sslbuffertest-bin-sslbuffertest.o test/sslbuffertest-bin-ssltestlib.o \
	 -lssl test/libtestutil.a -lcrypto -ldl -pthread 
rm -f test/sslcorrupttest
${LDCMD:-clang} -pthread -m64 -fsanitize=address -fno-omit-frame-pointer -g -Wa,--noexecstack -Qunused-arguments -DDEBUG_UNUSED -DPEDANTIC -pedantic -Wno-long-long -Wall -Wextra -Wno-unused-parameter -Wno-missing-field-initializers -Wswitch -Wsign-compare -Wmissing-prototypes -Wstrict-prototypes -Wshadow -Wformat -Wtype-limits -Wundef -Werror  -Wswitch-default -Wno-parentheses-equality -Wno-language-extension-token -Wno-extended-offsetof -Wconditional-uninitialized -Wincompatible-pointer-types-discards-qualifiers -Wmissing-variable-declarations -Wno-unknown-warning-option -Wall -O0 -g -L.   \
	-o test/sslcorrupttest test/sslcorrupttest-bin-sslcorrupttest.o test/sslcorrupttest-bin-ssltestlib.o \
	 -lssl test/libtestutil.a -lcrypto -ldl -pthread 
rm -f test/ssltest_old
${LDCMD:-clang} -pthread -m64 -fsanitize=address -fno-omit-frame-pointer -g -Wa,--noexecstack -Qunused-arguments -DDEBUG_UNUSED -DPEDANTIC -pedantic -Wno-long-long -Wall -Wextra -Wno-unused-parameter -Wno-missing-field-initializers -Wswitch -Wsign-compare -Wmissing-prototypes -Wstrict-prototypes -Wshadow -Wformat -Wtype-limits -Wundef -Werror  -Wswitch-default -Wno-parentheses-equality -Wno-language-extension-token -Wno-extended-offsetof -Wconditional-uninitialized -Wincompatible-pointer-types-discards-qualifiers -Wmissing-variable-declarations -Wno-unknown-warning-option -Wall -O0 -g -L.   \
	-o test/ssltest_old test/ssltest_old-bin-ssltest_old.o \
	 -lssl -lcrypto -ldl -pthread 
rm -f test/stack_test
${LDCMD:-clang} -pthread -m64 -fsanitize=address -fno-omit-frame-pointer -g -Wa,--noexecstack -Qunused-arguments -DDEBUG_UNUSED -DPEDANTIC -pedantic -Wno-long-long -Wall -Wextra -Wno-unused-parameter -Wno-missing-field-initializers -Wswitch -Wsign-compare -Wmissing-prototypes -Wstrict-prototypes -Wshadow -Wformat -Wtype-limits -Wundef -Werror  -Wswitch-default -Wno-parentheses-equality -Wno-language-extension-token -Wno-extended-offsetof -Wconditional-uninitialized -Wincompatible-pointer-types-discards-qualifiers -Wmissing-variable-declarations -Wno-unknown-warning-option -Wall -O0 -g -L.   \
	-o test/stack_test test/stack_test-bin-stack_test.o \
	 test/libtestutil.a -lcrypto -ldl -pthread 
rm -f test/sysdefaulttest
${LDCMD:-clang} -pthread -m64 -fsanitize=address -fno-omit-frame-pointer -g -Wa,--noexecstack -Qunused-arguments -DDEBUG_UNUSED -DPEDANTIC -pedantic -Wno-long-long -Wall -Wextra -Wno-unused-parameter -Wno-missing-field-initializers -Wswitch -Wsign-compare -Wmissing-prototypes -Wstrict-prototypes -Wshadow -Wformat -Wtype-limits -Wundef -Werror  -Wswitch-default -Wno-parentheses-equality -Wno-language-extension-token -Wno-extended-offsetof -Wconditional-uninitialized -Wincompatible-pointer-types-discards-qualifiers -Wmissing-variable-declarations -Wno-unknown-warning-option -Wall -O0 -g -L.   \
	-o test/sysdefaulttest test/sysdefaulttest-bin-sysdefaulttest.o \
	 -lssl test/libtestutil.a -lcrypto -ldl -pthread 
rm -f test/test_test
${LDCMD:-clang} -pthread -m64 -fsanitize=address -fno-omit-frame-pointer -g -Wa,--noexecstack -Qunused-arguments -DDEBUG_UNUSED -DPEDANTIC -pedantic -Wno-long-long -Wall -Wextra -Wno-unused-parameter -Wno-missing-field-initializers -Wswitch -Wsign-compare -Wmissing-prototypes -Wstrict-prototypes -Wshadow -Wformat -Wtype-limits -Wundef -Werror  -Wswitch-default -Wno-parentheses-equality -Wno-language-extension-token -Wno-extended-offsetof -Wconditional-uninitialized -Wincompatible-pointer-types-discards-qualifiers -Wmissing-variable-declarations -Wno-unknown-warning-option -Wall -O0 -g -L.   \
	-o test/test_test test/test_test-bin-test_test.o \
	 test/libtestutil.a -lcrypto -ldl -pthread 
rm -f test/threadstest
${LDCMD:-clang} -pthread -m64 -fsanitize=address -fno-omit-frame-pointer -g -Wa,--noexecstack -Qunused-arguments -DDEBUG_UNUSED -DPEDANTIC -pedantic -Wno-long-long -Wall -Wextra -Wno-unused-parameter -Wno-missing-field-initializers -Wswitch -Wsign-compare -Wmissing-prototypes -Wstrict-prototypes -Wshadow -Wformat -Wtype-limits -Wundef -Werror  -Wswitch-default -Wno-parentheses-equality -Wno-language-extension-token -Wno-extended-offsetof -Wconditional-uninitialized -Wincompatible-pointer-types-discards-qualifiers -Wmissing-variable-declarations -Wno-unknown-warning-option -Wall -O0 -g -L.   \
	-o test/threadstest test/threadstest-bin-threadstest.o \
	 test/libtestutil.a -lcrypto -ldl -pthread 
rm -f test/time_offset_test
${LDCMD:-clang} -pthread -m64 -fsanitize=address -fno-omit-frame-pointer -g -Wa,--noexecstack -Qunused-arguments -DDEBUG_UNUSED -DPEDANTIC -pedantic -Wno-long-long -Wall -Wextra -Wno-unused-parameter -Wno-missing-field-initializers -Wswitch -Wsign-compare -Wmissing-prototypes -Wstrict-prototypes -Wshadow -Wformat -Wtype-limits -Wundef -Werror  -Wswitch-default -Wno-parentheses-equality -Wno-language-extension-token -Wno-extended-offsetof -Wconditional-uninitialized -Wincompatible-pointer-types-discards-qualifiers -Wmissing-variable-declarations -Wno-unknown-warning-option -Wall -O0 -g -L.   \
	-o test/time_offset_test test/time_offset_test-bin-time_offset_test.o \
	 test/libtestutil.a -lcrypto -ldl -pthread 
rm -f test/tls13ccstest
${LDCMD:-clang} -pthread -m64 -fsanitize=address -fno-omit-frame-pointer -g -Wa,--noexecstack -Qunused-arguments -DDEBUG_UNUSED -DPEDANTIC -pedantic -Wno-long-long -Wall -Wextra -Wno-unused-parameter -Wno-missing-field-initializers -Wswitch -Wsign-compare -Wmissing-prototypes -Wstrict-prototypes -Wshadow -Wformat -Wtype-limits -Wundef -Werror  -Wswitch-default -Wno-parentheses-equality -Wno-language-extension-token -Wno-extended-offsetof -Wconditional-uninitialized -Wincompatible-pointer-types-discards-qualifiers -Wmissing-variable-declarations -Wno-unknown-warning-option -Wall -O0 -g -L.   \
	-o test/tls13ccstest test/tls13ccstest-bin-ssltestlib.o test/tls13ccstest-bin-tls13ccstest.o \
	 -lssl test/libtestutil.a -lcrypto -ldl -pthread 
rm -f test/tls13encryptiontest
${LDCMD:-clang} -pthread -m64 -fsanitize=address -fno-omit-frame-pointer -g -Wa,--noexecstack -Qunused-arguments -DDEBUG_UNUSED -DPEDANTIC -pedantic -Wno-long-long -Wall -Wextra -Wno-unused-parameter -Wno-missing-field-initializers -Wswitch -Wsign-compare -Wmissing-prototypes -Wstrict-prototypes -Wshadow -Wformat -Wtype-limits -Wundef -Werror  -Wswitch-default -Wno-parentheses-equality -Wno-language-extension-token -Wno-extended-offsetof -Wconditional-uninitialized -Wincompatible-pointer-types-discards-qualifiers -Wmissing-variable-declarations -Wno-unknown-warning-option -Wall -O0 -g -L.   \
	-o test/tls13encryptiontest test/tls13encryptiontest-bin-tls13encryptiontest.o \
	 libssl.a test/libtestutil.a -lcrypto -ldl -pthread 
rm -f test/uitest
${LDCMD:-clang} -pthread -m64 -fsanitize=address -fno-omit-frame-pointer -g -Wa,--noexecstack -Qunused-arguments -DDEBUG_UNUSED -DPEDANTIC -pedantic -Wno-long-long -Wall -Wextra -Wno-unused-parameter -Wno-missing-field-initializers -Wswitch -Wsign-compare -Wmissing-prototypes -Wstrict-prototypes -Wshadow -Wformat -Wtype-limits -Wundef -Werror  -Wswitch-default -Wno-parentheses-equality -Wno-language-extension-token -Wno-extended-offsetof -Wconditional-uninitialized -Wincompatible-pointer-types-discards-qualifiers -Wmissing-variable-declarations -Wno-unknown-warning-option -Wall -O0 -g -L.   \
	-o test/uitest test/uitest-bin-uitest.o \
	 apps/libapps.a -lssl test/libtestutil.a -lcrypto -ldl -pthread 
rm -f test/v3ext
${LDCMD:-clang} -pthread -m64 -fsanitize=address -fno-omit-frame-pointer -g -Wa,--noexecstack -Qunused-arguments -DDEBUG_UNUSED -DPEDANTIC -pedantic -Wno-long-long -Wall -Wextra -Wno-unused-parameter -Wno-missing-field-initializers -Wswitch -Wsign-compare -Wmissing-prototypes -Wstrict-prototypes -Wshadow -Wformat -Wtype-limits -Wundef -Werror  -Wswitch-default -Wno-parentheses-equality -Wno-language-extension-token -Wno-extended-offsetof -Wconditional-uninitialized -Wincompatible-pointer-types-discards-qualifiers -Wmissing-variable-declarations -Wno-unknown-warning-option -Wall -O0 -g -L.   \
	-o test/v3ext test/v3ext-bin-v3ext.o \
	 test/libtestutil.a -lcrypto -ldl -pthread 
/usr/bin/ld: final link failed: No space lclang: error: linker command failed with exit code 1 (use -v to see invocation)
clang: error: linker command failed with exit code 1 (use -v to see invocation)
Makefile:9576: recipe for target 'test/uitest' failed
make[1]: *** [test/uitest] Error 1
make[1]: *** Waiting for unfinished jobs....
Makefile:9542: recipe for target 'test/tls13ccstest' failed
make[1]: *** [test/tls13ccstest] Error 1
make[1]: Leaving directory '/home/openssl/run-checker/enable-asan'
Makefile:172: recipe for target 'all' failed
make: *** [all] Error 2
</PRE>





































































































































































<!--endarticle-->
    <HR>
    <P><UL>
        <!--threads-->
	<LI>Previous message: <A HREF="020917.html">[openssl-commits] Build failed: openssl master.21284
</A></li>
	<LI>Next message: <A HREF="020926.html">[openssl-commits] Still FAILED build of OpenSSL branch master with	options -d --strict-warnings enable-asan no-shared	-DOPENSSL_SMALL_FOOTPRINT
</A></li>
         <LI> <B>Messages sorted by:</B> 
              <a href="date.html#20918">[ date ]</a>
              <a href="thread.html#20918">[ thread ]</a>
              <a href="subject.html#20918">[ subject ]</a>
              <a href="author.html#20918">[ author ]</a>
         </LI>
       </UL>

<hr>
<a href="../../../mailman/listinfo/openssl-commits.html">More information about the openssl-commits
mailing list</a><br>
</body></html>
