<!DOCTYPE HTML PUBLIC "-//W3C//DTD HTML 4.01 Transitional//EN">
<HTML>
 <HEAD>
   <TITLE> [openssl-commits] FAILED build of OpenSSL branch master with	options -d --strict-warnings no-nextprotoneg
   </TITLE>
   <LINK REL="Index" HREF="https://mta.openssl.org/pipermail/openssl-commits/2018-February/index.html" >
   <LINK REL="made" HREF="mailto:openssl-commits%40openssl.org?Subject=Re%3A%20%5Bopenssl-commits%5D%20FAILED%20build%20of%20OpenSSL%20branch%20master%20with%0A%09options%20-d%20--strict-warnings%20no-nextprotoneg&In-Reply-To=%3C1518082094.819977.16530.nullmailer%40run.openssl.org%3E">
   <META NAME="robots" CONTENT="index,nofollow">
   <style type="text/css">
       pre {
           white-space: pre-wrap;       /* css-2.1, curent FF, Opera, Safari */
           }
   </style>
   <META http-equiv="Content-Type" content="text/html; charset=us-ascii">
   <LINK REL="Previous"  HREF="017968.html">
   <LINK REL="Next"  HREF="017972.html">
 </HEAD>
 <BODY BGCOLOR="#ffffff">
   <H1>[openssl-commits] FAILED build of OpenSSL branch master with	options -d --strict-warnings no-nextprotoneg</H1>
    <B>OpenSSL run-checker</B> 
    <A HREF="mailto:openssl-commits%40openssl.org?Subject=Re%3A%20%5Bopenssl-commits%5D%20FAILED%20build%20of%20OpenSSL%20branch%20master%20with%0A%09options%20-d%20--strict-warnings%20no-nextprotoneg&In-Reply-To=%3C1518082094.819977.16530.nullmailer%40run.openssl.org%3E"
       TITLE="[openssl-commits] FAILED build of OpenSSL branch master with	options -d --strict-warnings no-nextprotoneg">openssl at openssl.org
       </A><BR>
    <I>Thu Feb  8 09:28:14 UTC 2018</I>
    <P><UL>
        <LI>Previous message: <A HREF="017968.html">[openssl-commits] Still FAILED build of OpenSSL branch master with	options -d --strict-warnings no-deprecated
</A></li>
        <LI>Next message: <A HREF="017972.html">[openssl-commits] FAILED build of OpenSSL branch master with	options -d --strict-warnings no-poly1305
</A></li>
         <LI> <B>Messages sorted by:</B> 
              <a href="date.html#17971">[ date ]</a>
              <a href="thread.html#17971">[ thread ]</a>
              <a href="subject.html#17971">[ subject ]</a>
              <a href="author.html#17971">[ author ]</a>
         </LI>
       </UL>
    <HR>  
<!--beginarticle-->
<PRE>Platform and configuration command:

$ uname -a
Linux run 4.4.0-96-generic #119-Ubuntu SMP Tue Sep 12 14:59:54 UTC 2017 x86_64 x86_64 x86_64 GNU/Linux
$ CC=clang ../openssl/config -d --strict-warnings no-nextprotoneg

Commit log since last time:

4af2697 Don't run tls13encryptiontest on a shared Windows build
04e3bb0 Fix some undefined behaviour in ossltest engine
0f41dc0 Fix clienthellotest with TLSv1.3
f518cef Enable TLSv1.3 by default
c517ac4 Revert &quot;Modify test/afalgtest to fail if the afalg engine couldn't be loaded&quot;
048ebcc make update ERROR_REBUILD=-rebuild
cb7b727 mkerr.pl: When writing internal FOOerr.h, pay attention to disablable modules
3a7141d Make all private functions in e_afalg.c static
7d3901f test/recipes/30-test_afalg.t: set OPENSSL_ENGINES correctly
227a1e3 Modify test/afalgtest to fail if the afalg engine couldn't be loaded
bed4afa Fix glibc specific conditional for Mac OS/X
2b66fd5 Unify timer code
360fc9f Make OPENSSL_rdtsc universally available.
2ad2281 Make the OPENSSL_CPUID_OBJ define internal. Patch by @levitte.

Build log ended with (last 100 lines):

../../openssl/test/recipes/03-test_internal_asn1.t ............ ok
../../openssl/test/recipes/03-test_internal_chacha.t .......... ok
../../openssl/test/recipes/03-test_internal_mdc2.t ............ ok
../../openssl/test/recipes/03-test_internal_modes.t ........... ok
../../openssl/test/recipes/03-test_internal_poly1305.t ........ ok
../../openssl/test/recipes/03-test_internal_siphash.t ......... ok
../../openssl/test/recipes/03-test_internal_sm4.t ............. ok
../../openssl/test/recipes/03-test_internal_ssl_cert_table.t .. ok
../../openssl/test/recipes/03-test_internal_x509.t ............ ok
../../openssl/test/recipes/03-test_ui.t ....................... ok
../../openssl/test/recipes/04-test_asn1_encode.t .............. ok
../../openssl/test/recipes/04-test_asn1_string_table.t ........ ok
../../openssl/test/recipes/04-test_bioprint.t ................. ok
../../openssl/test/recipes/04-test_pem.t ...................... ok
../../openssl/test/recipes/05-test_bf.t ....................... ok
../../openssl/test/recipes/05-test_cast.t ..................... ok
../../openssl/test/recipes/05-test_des.t ...................... ok
../../openssl/test/recipes/05-test_hmac.t ..................... ok
../../openssl/test/recipes/05-test_idea.t ..................... ok
../../openssl/test/recipes/05-test_md2.t ...................... skipped: md2 is not supported by this OpenSSL build
../../openssl/test/recipes/05-test_mdc2.t ..................... ok
../../openssl/test/recipes/05-test_rand.t ..................... ok
../../openssl/test/recipes/05-test_rc2.t ...................... ok
../../openssl/test/recipes/05-test_rc4.t ...................... ok
../../openssl/test/recipes/05-test_rc5.t ...................... skipped: rc5 is not supported by this OpenSSL build
../../openssl/test/recipes/10-test_bn.t ....................... ok
../../openssl/test/recipes/10-test_exp.t ...................... ok
../../openssl/test/recipes/15-test_dh.t ....................... ok
../../openssl/test/recipes/15-test_dsa.t ...................... ok
../../openssl/test/recipes/15-test_ec.t ....................... ok
../../openssl/test/recipes/15-test_ecdsa.t .................... ok
../../openssl/test/recipes/15-test_ecparam.t .................. ok
../../openssl/test/recipes/15-test_genrsa.t ................... ok
../../openssl/test/recipes/15-test_mp_rsa.t ................... ok
../../openssl/test/recipes/15-test_rsa.t ...................... ok
../../openssl/test/recipes/15-test_rsapss.t ................... ok
../../openssl/test/recipes/20-test_enc.t ...................... ok
../../openssl/test/recipes/20-test_enc_more.t ................. ok
../../openssl/test/recipes/20-test_passwd.t ................... ok
../../openssl/test/recipes/25-test_crl.t ...................... ok
../../openssl/test/recipes/25-test_d2i.t ...................... ok
../../openssl/test/recipes/25-test_pkcs7.t .................... ok
../../openssl/test/recipes/25-test_req.t ...................... ok
../../openssl/test/recipes/25-test_sid.t ...................... ok
../../openssl/test/recipes/25-test_verify.t ................... ok
../../openssl/test/recipes/25-test_x509.t ..................... ok
../../openssl/test/recipes/30-test_afalg.t .................... ok
../../openssl/test/recipes/30-test_engine.t ................... ok
../../openssl/test/recipes/30-test_evp.t ...................... ok
../../openssl/test/recipes/30-test_evp_extra.t ................ ok
../../openssl/test/recipes/30-test_pbelu.t .................... ok
../../openssl/test/recipes/30-test_pkey_meth.t ................ ok
../../openssl/test/recipes/30-test_pkey_meth_kdf.t ............ ok
../../openssl/test/recipes/40-test_rehash.t ................... ok
../../openssl/test/recipes/60-test_x509_check_cert_pkey.t ..... ok
../../openssl/test/recipes/60-test_x509_dup_cert.t ............ ok
../../openssl/test/recipes/60-test_x509_store.t ............... ok
../../openssl/test/recipes/60-test_x509_time.t ................ ok
../../openssl/test/recipes/70-test_asyncio.t .................. 
Dubious, test returned 1 (wstat 256, 0x100)
Failed 1/1 subtests 
../../openssl/test/recipes/70-test_bad_dtls.t ................. ok
../../openssl/test/recipes/70-test_clienthello.t .............. ok
../../openssl/test/recipes/70-test_comp.t ..................... ok
../../openssl/test/recipes/70-test_key_share.t ................ 
Dubious, test returned 6 (wstat 1536, 0x600)
Failed 6/22 subtests 
../../openssl/test/recipes/70-test_packet.t ................... ok
../../openssl/test/recipes/70-test_recordlen.t ................ 
Dubious, test returned 1 (wstat 256, 0x100)
Failed 1/1 subtests 
../../openssl/test/recipes/70-test_renegotiation.t ............ ok
../../openssl/test/recipes/70-test_servername.t ............... ok
../../openssl/test/recipes/70-test_sslcbcpadding.t ............ ok
../../openssl/test/recipes/70-test_sslcertstatus.t ............ ok
../../openssl/test/recipes/70-test_sslextension.t ............. ok
../../openssl/test/recipes/70-test_sslmessages.t .............. ok
../../openssl/test/recipes/70-test_sslrecords.t ............... 
Dubious, test returned 1 (wstat 256, 0x100)
Failed 1/18 subtests 
../../openssl/test/recipes/70-test_sslsessiontick.t ........... ok
../../openssl/test/recipes/70-test_sslsigalgs.t ............... 
Dubious, test returned 4 (wstat 1024, 0x400)
Failed 4/21 subtests 
../../openssl/test/recipes/70-test_sslsignature.t ............. 
Dubious, test returned 1 (wstat 256, 0x100)
Failed 1/4 subtests 
../../openssl/test/recipes/70-test_sslskewith0p.t ............. ok
../../openssl/test/recipes/70-test_sslversions.t .............. 
Dubious, test returned 2 (wstat 512, 0x200)
Failed 2/7 subtests 
../../openssl/test/recipes/70-test_sslvertol.t ................ ok
../../openssl/test/recipes/70-test_tls13cookie.t .............. 
Dubious, test returned 2 (wstat 512, 0x200)
Failed 2/2 subtests 
../../openssl/test/recipes/70-test_tls13downgrade.t ........... skipped: test_tls13downgrade not run in pre TLSv1.3 RFC implementation
../../openssl/test/recipes/70-test_tls13hrr.t ................. ok
make[1]: *** wait: No child processes.  Stop.
make[1]: *** Waiting for unfinished jobs....
make[1]: *** wait: No child processes.  Stop.
</PRE>




























































































































































<!--endarticle-->
    <HR>
    <P><UL>
        <!--threads-->
	<LI>Previous message: <A HREF="017968.html">[openssl-commits] Still FAILED build of OpenSSL branch master with	options -d --strict-warnings no-deprecated
</A></li>
	<LI>Next message: <A HREF="017972.html">[openssl-commits] FAILED build of OpenSSL branch master with	options -d --strict-warnings no-poly1305
</A></li>
         <LI> <B>Messages sorted by:</B> 
              <a href="date.html#17971">[ date ]</a>
              <a href="thread.html#17971">[ thread ]</a>
              <a href="subject.html#17971">[ subject ]</a>
              <a href="author.html#17971">[ author ]</a>
         </LI>
       </UL>

<hr>
<a href="../../../mailman/listinfo/openssl-commits.html">More information about the openssl-commits
mailing list</a><br>
</body></html>
