<!DOCTYPE HTML PUBLIC "-//W3C//DTD HTML 4.01 Transitional//EN">
<HTML>
 <HEAD>
   <TITLE> Still FAILED build of OpenSSL branch master with options enable-fuzz-afl no-shared no-module
   </TITLE>
   <LINK REL="Index" HREF="https://mta.openssl.org/pipermail/openssl-commits/2021-August/index.html" >
   <LINK REL="made" HREF="mailto:openssl-commits%40openssl.org?Subject=Re%3A%20Still%20FAILED%20build%20of%20OpenSSL%20branch%20master%20with%20options%0A%20enable-fuzz-afl%20no-shared%20no-module&In-Reply-To=%3C1629932344.296306.134737.nullmailer%40run.openssl.org%3E">
   <META NAME="robots" CONTENT="index,nofollow">
   <style type="text/css">
       pre {
           white-space: pre-wrap;       /* css-2.1, curent FF, Opera, Safari */
           }
   </style>
   <META http-equiv="Content-Type" content="text/html; charset=us-ascii">
   <LINK REL="Previous"  HREF="035131.html">
   <LINK REL="Next"  HREF="035161.html">
 </HEAD>
 <BODY BGCOLOR="#ffffff">
   <H1>Still FAILED build of OpenSSL branch master with options enable-fuzz-afl no-shared no-module</H1>
    <B>OpenSSL run-checker</B> 
    <A HREF="mailto:openssl-commits%40openssl.org?Subject=Re%3A%20Still%20FAILED%20build%20of%20OpenSSL%20branch%20master%20with%20options%0A%20enable-fuzz-afl%20no-shared%20no-module&In-Reply-To=%3C1629932344.296306.134737.nullmailer%40run.openssl.org%3E"
       TITLE="Still FAILED build of OpenSSL branch master with options enable-fuzz-afl no-shared no-module">openssl at openssl.org
       </A><BR>
    <I>Wed Aug 25 22:59:04 UTC 2021</I>
    <P><UL>
        <LI>Previous message: <A HREF="035131.html">[openssl]  OpenSSL_1_0_2v delete
</A></li>
        <LI>Next message: <A HREF="035161.html">Still FAILED build of OpenSSL branch master with options enable-fuzz-afl no-shared no-module
</A></li>
         <LI> <B>Messages sorted by:</B> 
              <a href="date.html#35149">[ date ]</a>
              <a href="thread.html#35149">[ thread ]</a>
              <a href="subject.html#35149">[ subject ]</a>
              <a href="author.html#35149">[ author ]</a>
         </LI>
       </UL>
    <HR>  
<!--beginarticle-->
<PRE>Platform and configuration command:

$ uname -a
Linux run 5.4.0-74-generic #83-Ubuntu SMP Sat May 8 02:35:39 UTC 2021 x86_64 x86_64 x86_64 GNU/Linux
$ CC=afl-clang-fast ../openssl/config enable-fuzz-afl no-shared no-module

Commit log since last time:

69b920bb13 CMS app: Fix new -wrap option
e5f8935c5b changes: add note about 3DES key wrap matching the standard
3d491c054e test: add unit tests for TDES key wrap
06447b58b2 Avoid using undefined value in generate_stateless_cookie_callback
0760d132da Avoid invoking memcpy if size is zero or the supplied buffer is NULL
562d4cd3c3 Fix the array size of dtlsseq in tls1_enc
1501de3380 Add multilib to the NonStop configuration definitions.
33a62d448c VMS: Correct faulty source directory specification
8b4e9c5265 apps/ciphers: Fix wrong return value when using -convert parameter
32f7be2ab7 APPS: Fix result type of dump_cert_text() and behavior of print_name() on out==NULL
fdd436436d news/changes: fix formatting nits
e1c2913833 cpp: fix included files to avoid failure in no-deprecated builds
2576b70d43 sm2: fix error raise to not fail make update

Build log ended with (last 100 lines):

        # SSL_accept() failed -1, 1
        # 40E777A5A27F0000:error:068C0100:asn1 encoding routines:ASN1_STRING_set:malloc failure:../openssl/crypto/asn1/asn1_lib.c:311:
        # 40E777A5A27F0000:error:068C0100:asn1 encoding routines:asn1_ex_c2i:malloc failure:../openssl/crypto/asn1/tasn_dec.c:944:
        # 40E777A5A27F0000:error:0688010A:asn1 encoding routines:asn1_template_noexp_d2i:nested asn1 error:../openssl/crypto/asn1/tasn_dec.c:685:Field=session_id, Type=SSL_SESSION_ASN1
        # 40E777A5A27F0000:error:0A0C0103:SSL routines:construct_stateless_ticket:internal error:../openssl/ssl/statem/statem_srvr.c:3706:
        # INFO:  @ ../openssl/test/helpers/ssltestlib.c:957
        # SSL_connect() failed -1, 1
        # 40E777A5A27F0000:error:0A000438:SSL routines:ssl3_read_bytes:tlsv1 alert internal error:../openssl/ssl/record/rec_layer_s3.c:1584:SSL alert number 80
        # ERROR: (bool) 'create_ssl_connection(serverssl, clientssl, SSL_ERROR_NONE) == true' failed @ ../openssl/test/sslapitest.c:9260
        # false
        # OPENSSL_TEST_RAND_ORDER=1629930058
        not ok 372 - iteration 7
# ------------------------------------------------------------------------------
    # OPENSSL_TEST_RAND_ORDER=1629930058
    not ok 74 - test_dh_auto
# ------------------------------------------------------------------------------
    # INFO:  @ ../openssl/test/helpers/ssltestlib.c:975
    # SSL_accept() failed -1, 1
    # 40E777A5A27F0000:error:068C0100:asn1 encoding routines:ASN1_STRING_set:malloc failure:../openssl/crypto/asn1/asn1_lib.c:311:
    # 40E777A5A27F0000:error:068C0100:asn1 encoding routines:asn1_ex_c2i:malloc failure:../openssl/crypto/asn1/tasn_dec.c:944:
    # 40E777A5A27F0000:error:0688010A:asn1 encoding routines:asn1_template_noexp_d2i:nested asn1 error:../openssl/crypto/asn1/tasn_dec.c:685:
    # 40E777A5A27F0000:error:0688010A:asn1 encoding routines:asn1_template_ex_d2i:nested asn1 error:../openssl/crypto/asn1/tasn_dec.c:537:Field=session_id_context, Type=SSL_SESSION_ASN1
    # 40E777A5A27F0000:error:0A0C0103:SSL routines:construct_stateless_ticket:internal error:../openssl/ssl/statem/statem_srvr.c:3706:
    # INFO:  @ ../openssl/test/helpers/ssltestlib.c:1004
    # No progress made
    # ERROR: (bool) 'create_ssl_connection(serverssl, clientssl, SSL_ERROR_NONE) == true' failed @ ../openssl/test/sslapitest.c:9315
    # false
    # OPENSSL_TEST_RAND_ORDER=1629930058
    not ok 75 - test_sni_tls13
# ------------------------------------------------------------------------------
../../util/wrap.pl ../../test/sslapitest ../../../openssl/test/certs ../../../openssl/test/recipes/90-test_sslapi_data/passwd.txt /tmp/cpVNSglCXd default ../../../openssl/test/default.cnf =&gt; 1
not ok 1 - running sslapitest
# ------------------------------------------------------------------------------
#   Failed test 'running sslapitest'
#   at ../openssl/test/recipes/90-test_sslapi.t line 32.
# Looks like you failed 1 test of 1.90-test_sslapi.t ................... 
Dubious, test returned 1 (wstat 256, 0x100)
Failed 1/1 subtests 

Test Summary Report
-------------------
80-test_ssl_new.t                (Wstat: 7168 Tests: 30 Failed: 28)
  Failed tests:  1-21, 23-28, 30
  Non-zero exit status: 28
20-test_spkac.t                  (Wstat: 512 Tests: 4 Failed: 2)
  Failed tests:  2, 4
  Non-zero exit status: 2
25-test_crl.t                    (Wstat: 256 Tests: 10 Failed: 1)
  Failed test:  3
  Non-zero exit status: 1
25-test_sid.t                    (Wstat: 256 Tests: 2 Failed: 1)
  Failed test:  2
  Non-zero exit status: 1
65-test_cmp_ctx.t                (Wstat: 256 Tests: 1 Failed: 1)
  Failed test:  1
  Non-zero exit status: 1
70-test_asyncio.t                (Wstat: 256 Tests: 1 Failed: 1)
  Failed test:  1
  Non-zero exit status: 1
70-test_clienthello.t            (Wstat: 256 Tests: 1 Failed: 1)
  Failed test:  1
  Non-zero exit status: 1
70-test_recordlen.t              (Wstat: 256 Tests: 1 Failed: 1)
  Failed test:  1
  Non-zero exit status: 1
70-test_servername.t             (Wstat: 256 Tests: 1 Failed: 1)
  Failed test:  1
  Non-zero exit status: 1
80-test_ca.t                     (Wstat: 256 Tests: 15 Failed: 1)
  Failed test:  5
  Non-zero exit status: 1
80-test_dtls_mtu.t               (Wstat: 256 Tests: 1 Failed: 1)
  Failed test:  1
  Non-zero exit status: 1
80-test_dtls.t                   (Wstat: 256 Tests: 1 Failed: 1)
  Failed test:  1
  Non-zero exit status: 1
80-test_pkcs12.t                 (Wstat: 768 Tests: 13 Failed: 3)
  Failed tests:  1-3
  Non-zero exit status: 3
80-test_sslcorrupt.t             (Wstat: 256 Tests: 1 Failed: 1)
  Failed test:  1
  Non-zero exit status: 1
90-test_sslbuffers.t             (Wstat: 256 Tests: 1 Failed: 1)
  Failed test:  1
  Non-zero exit status: 1
90-test_v3name.t                 (Wstat: 256 Tests: 1 Failed: 1)
  Failed test:  1
  Non-zero exit status: 1
80-test_ssl_old.t                (Wstat: 1024 Tests: 6 Failed: 4)
  Failed tests:  3-6
  Non-zero exit status: 4
90-test_sslapi.t                 (Wstat: 256 Tests: 1 Failed: 1)
  Failed test:  1
  Non-zero exit status: 1
Files=240, Tests=2835, 262 wallclock secs (14.21 usr  1.71 sys + 905.87 cusr 67.99 csys = 989.78 CPU)
Result: FAIL
make[1]: *** [Makefile:2572: run_tests] Error 1
make[1]: Leaving directory '/home/openssl/run-checker/enable-fuzz-afl'
make: *** [Makefile:2568: tests] Error 2
</PRE>


















































<!--endarticle-->
    <HR>
    <P><UL>
        <!--threads-->
	<LI>Previous message: <A HREF="035131.html">[openssl]  OpenSSL_1_0_2v delete
</A></li>
	<LI>Next message: <A HREF="035161.html">Still FAILED build of OpenSSL branch master with options enable-fuzz-afl no-shared no-module
</A></li>
         <LI> <B>Messages sorted by:</B> 
              <a href="date.html#35149">[ date ]</a>
              <a href="thread.html#35149">[ thread ]</a>
              <a href="subject.html#35149">[ subject ]</a>
              <a href="author.html#35149">[ author ]</a>
         </LI>
       </UL>

<hr>
<a href="../../../mailman/listinfo/openssl-commits.html">More information about the openssl-commits
mailing list</a><br>
</body></html>
