<!DOCTYPE HTML PUBLIC "-//W3C//DTD HTML 4.01 Transitional//EN">
<HTML>
 <HEAD>
   <TITLE> Still FAILED build of OpenSSL branch master with options enable-fuzz-afl no-shared no-module
   </TITLE>
   <LINK REL="Index" HREF="https://mta.openssl.org/pipermail/openssl-commits/2021-August/index.html" >
   <LINK REL="made" HREF="mailto:openssl-commits%40openssl.org?Subject=Re%3A%20Still%20FAILED%20build%20of%20OpenSSL%20branch%20master%20with%20options%0A%20enable-fuzz-afl%20no-shared%20no-module&In-Reply-To=%3C1630277968.735023.737322.nullmailer%40run.openssl.org%3E">
   <META NAME="robots" CONTENT="index,nofollow">
   <style type="text/css">
       pre {
           white-space: pre-wrap;       /* css-2.1, curent FF, Opera, Safari */
           }
   </style>
   <META http-equiv="Content-Type" content="text/html; charset=us-ascii">
   <LINK REL="Previous"  HREF="035161.html">
   <LINK REL="Next"  HREF="035189.html">
 </HEAD>
 <BODY BGCOLOR="#ffffff">
   <H1>Still FAILED build of OpenSSL branch master with options enable-fuzz-afl no-shared no-module</H1>
    <B>OpenSSL run-checker</B> 
    <A HREF="mailto:openssl-commits%40openssl.org?Subject=Re%3A%20Still%20FAILED%20build%20of%20OpenSSL%20branch%20master%20with%20options%0A%20enable-fuzz-afl%20no-shared%20no-module&In-Reply-To=%3C1630277968.735023.737322.nullmailer%40run.openssl.org%3E"
       TITLE="Still FAILED build of OpenSSL branch master with options enable-fuzz-afl no-shared no-module">openssl at openssl.org
       </A><BR>
    <I>Sun Aug 29 22:59:28 UTC 2021</I>
    <P><UL>
        <LI>Previous message: <A HREF="035161.html">Still FAILED build of OpenSSL branch master with options enable-fuzz-afl no-shared no-module
</A></li>
        <LI>Next message: <A HREF="035189.html">Still FAILED build of OpenSSL branch master with options enable-fuzz-afl no-shared no-module
</A></li>
         <LI> <B>Messages sorted by:</B> 
              <a href="date.html#35184">[ date ]</a>
              <a href="thread.html#35184">[ thread ]</a>
              <a href="subject.html#35184">[ subject ]</a>
              <a href="author.html#35184">[ author ]</a>
         </LI>
       </UL>
    <HR>  
<!--beginarticle-->
<PRE>Platform and configuration command:

$ uname -a
Linux run 5.4.0-74-generic #83-Ubuntu SMP Sat May 8 02:35:39 UTC 2021 x86_64 x86_64 x86_64 GNU/Linux
$ CC=afl-clang-fast ../openssl/config enable-fuzz-afl no-shared no-module

Commit log since last time:

e8e1f6d1a9 Ensure that _GNU_SOURCE is defined for bss_dgram.c
d15506874b Adjust the list of default provider's algorithms
cce935b23c Fix the &quot;Out of memory&quot; EVP KDF scrypt test
20b39175b5 Yet another doc-nits fix
5327da81f0 cms: fix memleaks in cms_env.c
597d24e2ab Fix libdir path on darwin
c023d98dcf Darwin platform allows to build on releases before Yosemite/ios 8.
6f242d224c doc: Add note about operation parameters validation
194fcc9ae0 Add a test for running the config twice
f38af12585 Add locking for the provider_conf.c
6f25d3c479 When activating providers via config check we've not already activated them

Build log ended with (last 100 lines):

        # SSL_accept() failed -1, 1
        # 40C72C5BD57F0000:error:068C0100:asn1 encoding routines:ASN1_STRING_set:malloc failure:../openssl/crypto/asn1/asn1_lib.c:311:
        # 40C72C5BD57F0000:error:068C0100:asn1 encoding routines:asn1_ex_c2i:malloc failure:../openssl/crypto/asn1/tasn_dec.c:944:
        # 40C72C5BD57F0000:error:0688010A:asn1 encoding routines:asn1_template_noexp_d2i:nested asn1 error:../openssl/crypto/asn1/tasn_dec.c:685:Field=session_id, Type=SSL_SESSION_ASN1
        # 40C72C5BD57F0000:error:0A0C0103:SSL routines:construct_stateless_ticket:internal error:../openssl/ssl/statem/statem_srvr.c:3706:
        # INFO:  @ ../openssl/test/helpers/ssltestlib.c:957
        # SSL_connect() failed -1, 1
        # 40C72C5BD57F0000:error:0A000438:SSL routines:ssl3_read_bytes:tlsv1 alert internal error:../openssl/ssl/record/rec_layer_s3.c:1584:SSL alert number 80
        # ERROR: (bool) 'create_ssl_connection(serverssl, clientssl, SSL_ERROR_NONE) == true' failed @ ../openssl/test/sslapitest.c:9260
        # false
        # OPENSSL_TEST_RAND_ORDER=1630275661
        not ok 372 - iteration 7
# ------------------------------------------------------------------------------
    # OPENSSL_TEST_RAND_ORDER=1630275661
    not ok 74 - test_dh_auto
# ------------------------------------------------------------------------------
    # INFO:  @ ../openssl/test/helpers/ssltestlib.c:975
    # SSL_accept() failed -1, 1
    # 40C72C5BD57F0000:error:068C0100:asn1 encoding routines:ASN1_STRING_set:malloc failure:../openssl/crypto/asn1/asn1_lib.c:311:
    # 40C72C5BD57F0000:error:068C0100:asn1 encoding routines:asn1_ex_c2i:malloc failure:../openssl/crypto/asn1/tasn_dec.c:944:
    # 40C72C5BD57F0000:error:0688010A:asn1 encoding routines:asn1_template_noexp_d2i:nested asn1 error:../openssl/crypto/asn1/tasn_dec.c:685:
    # 40C72C5BD57F0000:error:0688010A:asn1 encoding routines:asn1_template_ex_d2i:nested asn1 error:../openssl/crypto/asn1/tasn_dec.c:537:Field=session_id_context, Type=SSL_SESSION_ASN1
    # 40C72C5BD57F0000:error:0A0C0103:SSL routines:construct_stateless_ticket:internal error:../openssl/ssl/statem/statem_srvr.c:3706:
    # INFO:  @ ../openssl/test/helpers/ssltestlib.c:1004
    # No progress made
    # ERROR: (bool) 'create_ssl_connection(serverssl, clientssl, SSL_ERROR_NONE) == true' failed @ ../openssl/test/sslapitest.c:9315
    # false
    # OPENSSL_TEST_RAND_ORDER=1630275661
    not ok 75 - test_sni_tls13
# ------------------------------------------------------------------------------
../../util/wrap.pl ../../test/sslapitest ../../../openssl/test/certs ../../../openssl/test/recipes/90-test_sslapi_data/passwd.txt /tmp/tUlXl_w_Bz default ../../../openssl/test/default.cnf =&gt; 1
not ok 1 - running sslapitest
# ------------------------------------------------------------------------------
#   Failed test 'running sslapitest'
#   at ../openssl/test/recipes/90-test_sslapi.t line 32.
# Looks like you failed 1 test of 1.90-test_sslapi.t ................... 
Dubious, test returned 1 (wstat 256, 0x100)
Failed 1/1 subtests 

Test Summary Report
-------------------
80-test_ssl_new.t                (Wstat: 7168 Tests: 30 Failed: 28)
  Failed tests:  1-21, 23-28, 30
  Non-zero exit status: 28
20-test_spkac.t                  (Wstat: 512 Tests: 4 Failed: 2)
  Failed tests:  2, 4
  Non-zero exit status: 2
25-test_crl.t                    (Wstat: 256 Tests: 10 Failed: 1)
  Failed test:  3
  Non-zero exit status: 1
25-test_sid.t                    (Wstat: 256 Tests: 2 Failed: 1)
  Failed test:  2
  Non-zero exit status: 1
65-test_cmp_ctx.t                (Wstat: 256 Tests: 1 Failed: 1)
  Failed test:  1
  Non-zero exit status: 1
70-test_asyncio.t                (Wstat: 256 Tests: 1 Failed: 1)
  Failed test:  1
  Non-zero exit status: 1
70-test_clienthello.t            (Wstat: 256 Tests: 1 Failed: 1)
  Failed test:  1
  Non-zero exit status: 1
70-test_recordlen.t              (Wstat: 256 Tests: 1 Failed: 1)
  Failed test:  1
  Non-zero exit status: 1
70-test_servername.t             (Wstat: 256 Tests: 1 Failed: 1)
  Failed test:  1
  Non-zero exit status: 1
80-test_ca.t                     (Wstat: 256 Tests: 15 Failed: 1)
  Failed test:  5
  Non-zero exit status: 1
80-test_dtls_mtu.t               (Wstat: 256 Tests: 1 Failed: 1)
  Failed test:  1
  Non-zero exit status: 1
80-test_dtls.t                   (Wstat: 256 Tests: 1 Failed: 1)
  Failed test:  1
  Non-zero exit status: 1
80-test_pkcs12.t                 (Wstat: 768 Tests: 13 Failed: 3)
  Failed tests:  1-3
  Non-zero exit status: 3
80-test_sslcorrupt.t             (Wstat: 256 Tests: 1 Failed: 1)
  Failed test:  1
  Non-zero exit status: 1
90-test_sslbuffers.t             (Wstat: 256 Tests: 1 Failed: 1)
  Failed test:  1
  Non-zero exit status: 1
90-test_v3name.t                 (Wstat: 256 Tests: 1 Failed: 1)
  Failed test:  1
  Non-zero exit status: 1
80-test_ssl_old.t                (Wstat: 1024 Tests: 6 Failed: 4)
  Failed tests:  3-6
  Non-zero exit status: 4
90-test_sslapi.t                 (Wstat: 256 Tests: 1 Failed: 1)
  Failed test:  1
  Non-zero exit status: 1
Files=241, Tests=2837, 277 wallclock secs (14.91 usr  1.68 sys + 947.48 cusr 73.84 csys = 1037.91 CPU)
Result: FAIL
make[1]: *** [Makefile:2581: run_tests] Error 1
make[1]: Leaving directory '/home/openssl/run-checker/enable-fuzz-afl'
make: *** [Makefile:2577: tests] Error 2
</PRE>

















<!--endarticle-->
    <HR>
    <P><UL>
        <!--threads-->
	<LI>Previous message: <A HREF="035161.html">Still FAILED build of OpenSSL branch master with options enable-fuzz-afl no-shared no-module
</A></li>
	<LI>Next message: <A HREF="035189.html">Still FAILED build of OpenSSL branch master with options enable-fuzz-afl no-shared no-module
</A></li>
         <LI> <B>Messages sorted by:</B> 
              <a href="date.html#35184">[ date ]</a>
              <a href="thread.html#35184">[ thread ]</a>
              <a href="subject.html#35184">[ subject ]</a>
              <a href="author.html#35184">[ author ]</a>
         </LI>
       </UL>

<hr>
<a href="../../../mailman/listinfo/openssl-commits.html">More information about the openssl-commits
mailing list</a><br>
</body></html>
