<!DOCTYPE HTML PUBLIC "-//W3C//DTD HTML 4.01 Transitional//EN">
<HTML>
 <HEAD>
   <TITLE> Still FAILED build of OpenSSL branch master with options enable-fuzz-afl no-shared no-module
   </TITLE>
   <LINK REL="Index" HREF="https://mta.openssl.org/pipermail/openssl-commits/2021-August/index.html" >
   <LINK REL="made" HREF="mailto:openssl-commits%40openssl.org?Subject=Re%3A%20Still%20FAILED%20build%20of%20OpenSSL%20branch%20master%20with%20options%0A%20enable-fuzz-afl%20no-shared%20no-module&In-Reply-To=%3C1630018734.088228.344118.nullmailer%40run.openssl.org%3E">
   <META NAME="robots" CONTENT="index,nofollow">
   <style type="text/css">
       pre {
           white-space: pre-wrap;       /* css-2.1, curent FF, Opera, Safari */
           }
   </style>
   <META http-equiv="Content-Type" content="text/html; charset=us-ascii">
   <LINK REL="Previous"  HREF="035149.html">
   <LINK REL="Next"  HREF="035184.html">
 </HEAD>
 <BODY BGCOLOR="#ffffff">
   <H1>Still FAILED build of OpenSSL branch master with options enable-fuzz-afl no-shared no-module</H1>
    <B>OpenSSL run-checker</B> 
    <A HREF="mailto:openssl-commits%40openssl.org?Subject=Re%3A%20Still%20FAILED%20build%20of%20OpenSSL%20branch%20master%20with%20options%0A%20enable-fuzz-afl%20no-shared%20no-module&In-Reply-To=%3C1630018734.088228.344118.nullmailer%40run.openssl.org%3E"
       TITLE="Still FAILED build of OpenSSL branch master with options enable-fuzz-afl no-shared no-module">openssl at openssl.org
       </A><BR>
    <I>Thu Aug 26 22:58:54 UTC 2021</I>
    <P><UL>
        <LI>Previous message: <A HREF="035149.html">Still FAILED build of OpenSSL branch master with options enable-fuzz-afl no-shared no-module
</A></li>
        <LI>Next message: <A HREF="035184.html">Still FAILED build of OpenSSL branch master with options enable-fuzz-afl no-shared no-module
</A></li>
         <LI> <B>Messages sorted by:</B> 
              <a href="date.html#35161">[ date ]</a>
              <a href="thread.html#35161">[ thread ]</a>
              <a href="subject.html#35161">[ subject ]</a>
              <a href="author.html#35161">[ author ]</a>
         </LI>
       </UL>
    <HR>  
<!--beginarticle-->
<PRE>Platform and configuration command:

$ uname -a
Linux run 5.4.0-74-generic #83-Ubuntu SMP Sat May 8 02:35:39 UTC 2021 x86_64 x86_64 x86_64 GNU/Linux
$ CC=afl-clang-fast ../openssl/config enable-fuzz-afl no-shared no-module

Commit log since last time:

4fdb0d2535 APPS/req: Fix AKID generation in case -CA option is used
f2b6edcfdd APPS/req: Fix misconceptions on -CA, -CAkey, and -key options. -CA now implies -x509
b4fec69b2a APPS/x509: fix -extfile option, which was ignored with -x509toreq
78539b250b EVP_DigestSign/VerifyFinal: Duplicate the pctx to allow multiple calls
62bae84d45 ts: fix memleaks caused by TS_VERIFY_CTX_set_imprint
a291cfdfde doc: document the rsa_oaep_md: pkeyopt
9698a56e82 aes-wrap: improve error handling
31656f2785 Add invalid input length error

Build log ended with (last 100 lines):

        # SSL_accept() failed -1, 1
        # 40E72202447F0000:error:068C0100:asn1 encoding routines:ASN1_STRING_set:malloc failure:../openssl/crypto/asn1/asn1_lib.c:311:
        # 40E72202447F0000:error:068C0100:asn1 encoding routines:asn1_ex_c2i:malloc failure:../openssl/crypto/asn1/tasn_dec.c:944:
        # 40E72202447F0000:error:0688010A:asn1 encoding routines:asn1_template_noexp_d2i:nested asn1 error:../openssl/crypto/asn1/tasn_dec.c:685:Field=session_id, Type=SSL_SESSION_ASN1
        # 40E72202447F0000:error:0A0C0103:SSL routines:construct_stateless_ticket:internal error:../openssl/ssl/statem/statem_srvr.c:3706:
        # INFO:  @ ../openssl/test/helpers/ssltestlib.c:957
        # SSL_connect() failed -1, 1
        # 40E72202447F0000:error:0A000438:SSL routines:ssl3_read_bytes:tlsv1 alert internal error:../openssl/ssl/record/rec_layer_s3.c:1584:SSL alert number 80
        # ERROR: (bool) 'create_ssl_connection(serverssl, clientssl, SSL_ERROR_NONE) == true' failed @ ../openssl/test/sslapitest.c:9260
        # false
        # OPENSSL_TEST_RAND_ORDER=1630016453
        not ok 372 - iteration 7
# ------------------------------------------------------------------------------
    # OPENSSL_TEST_RAND_ORDER=1630016453
    not ok 74 - test_dh_auto
# ------------------------------------------------------------------------------
    # INFO:  @ ../openssl/test/helpers/ssltestlib.c:975
    # SSL_accept() failed -1, 1
    # 40E72202447F0000:error:068C0100:asn1 encoding routines:ASN1_STRING_set:malloc failure:../openssl/crypto/asn1/asn1_lib.c:311:
    # 40E72202447F0000:error:068C0100:asn1 encoding routines:asn1_ex_c2i:malloc failure:../openssl/crypto/asn1/tasn_dec.c:944:
    # 40E72202447F0000:error:0688010A:asn1 encoding routines:asn1_template_noexp_d2i:nested asn1 error:../openssl/crypto/asn1/tasn_dec.c:685:
    # 40E72202447F0000:error:0688010A:asn1 encoding routines:asn1_template_ex_d2i:nested asn1 error:../openssl/crypto/asn1/tasn_dec.c:537:Field=session_id_context, Type=SSL_SESSION_ASN1
    # 40E72202447F0000:error:0A0C0103:SSL routines:construct_stateless_ticket:internal error:../openssl/ssl/statem/statem_srvr.c:3706:
    # INFO:  @ ../openssl/test/helpers/ssltestlib.c:1004
    # No progress made
    # ERROR: (bool) 'create_ssl_connection(serverssl, clientssl, SSL_ERROR_NONE) == true' failed @ ../openssl/test/sslapitest.c:9315
    # false
    # OPENSSL_TEST_RAND_ORDER=1630016453
    not ok 75 - test_sni_tls13
# ------------------------------------------------------------------------------
../../util/wrap.pl ../../test/sslapitest ../../../openssl/test/certs ../../../openssl/test/recipes/90-test_sslapi_data/passwd.txt /tmp/8E9rTQ5kmR default ../../../openssl/test/default.cnf =&gt; 1
not ok 1 - running sslapitest
# ------------------------------------------------------------------------------
#   Failed test 'running sslapitest'
#   at ../openssl/test/recipes/90-test_sslapi.t line 32.
# Looks like you failed 1 test of 1.90-test_sslapi.t ................... 
Dubious, test returned 1 (wstat 256, 0x100)
Failed 1/1 subtests 

Test Summary Report
-------------------
80-test_ssl_new.t                (Wstat: 7168 Tests: 30 Failed: 28)
  Failed tests:  1-21, 23-28, 30
  Non-zero exit status: 28
20-test_spkac.t                  (Wstat: 512 Tests: 4 Failed: 2)
  Failed tests:  2, 4
  Non-zero exit status: 2
25-test_crl.t                    (Wstat: 256 Tests: 10 Failed: 1)
  Failed test:  3
  Non-zero exit status: 1
25-test_sid.t                    (Wstat: 256 Tests: 2 Failed: 1)
  Failed test:  2
  Non-zero exit status: 1
65-test_cmp_ctx.t                (Wstat: 256 Tests: 1 Failed: 1)
  Failed test:  1
  Non-zero exit status: 1
70-test_asyncio.t                (Wstat: 256 Tests: 1 Failed: 1)
  Failed test:  1
  Non-zero exit status: 1
70-test_clienthello.t            (Wstat: 256 Tests: 1 Failed: 1)
  Failed test:  1
  Non-zero exit status: 1
70-test_recordlen.t              (Wstat: 256 Tests: 1 Failed: 1)
  Failed test:  1
  Non-zero exit status: 1
70-test_servername.t             (Wstat: 256 Tests: 1 Failed: 1)
  Failed test:  1
  Non-zero exit status: 1
80-test_ca.t                     (Wstat: 256 Tests: 15 Failed: 1)
  Failed test:  5
  Non-zero exit status: 1
80-test_dtls_mtu.t               (Wstat: 256 Tests: 1 Failed: 1)
  Failed test:  1
  Non-zero exit status: 1
80-test_dtls.t                   (Wstat: 256 Tests: 1 Failed: 1)
  Failed test:  1
  Non-zero exit status: 1
80-test_pkcs12.t                 (Wstat: 768 Tests: 13 Failed: 3)
  Failed tests:  1-3
  Non-zero exit status: 3
80-test_sslcorrupt.t             (Wstat: 256 Tests: 1 Failed: 1)
  Failed test:  1
  Non-zero exit status: 1
90-test_sslbuffers.t             (Wstat: 256 Tests: 1 Failed: 1)
  Failed test:  1
  Non-zero exit status: 1
90-test_v3name.t                 (Wstat: 256 Tests: 1 Failed: 1)
  Failed test:  1
  Non-zero exit status: 1
80-test_ssl_old.t                (Wstat: 1024 Tests: 6 Failed: 4)
  Failed tests:  3-6
  Non-zero exit status: 4
90-test_sslapi.t                 (Wstat: 256 Tests: 1 Failed: 1)
  Failed test:  1
  Non-zero exit status: 1
Files=240, Tests=2835, 259 wallclock secs (14.47 usr  1.76 sys + 897.39 cusr 67.76 csys = 981.38 CPU)
Result: FAIL
make[1]: *** [Makefile:2579: run_tests] Error 1
make[1]: Leaving directory '/home/openssl/run-checker/enable-fuzz-afl'
make: *** [Makefile:2575: tests] Error 2
</PRE>







































<!--endarticle-->
    <HR>
    <P><UL>
        <!--threads-->
	<LI>Previous message: <A HREF="035149.html">Still FAILED build of OpenSSL branch master with options enable-fuzz-afl no-shared no-module
</A></li>
	<LI>Next message: <A HREF="035184.html">Still FAILED build of OpenSSL branch master with options enable-fuzz-afl no-shared no-module
</A></li>
         <LI> <B>Messages sorted by:</B> 
              <a href="date.html#35161">[ date ]</a>
              <a href="thread.html#35161">[ thread ]</a>
              <a href="subject.html#35161">[ subject ]</a>
              <a href="author.html#35161">[ author ]</a>
         </LI>
       </UL>

<hr>
<a href="../../../mailman/listinfo/openssl-commits.html">More information about the openssl-commits
mailing list</a><br>
</body></html>
