<!DOCTYPE HTML PUBLIC "-//W3C//DTD HTML 4.01 Transitional//EN">
<HTML>
 <HEAD>
   <TITLE> [openssl-commits] FAILED build of OpenSSL branch master with	options no-srtp
   </TITLE>
   <LINK REL="Index" HREF="https://mta.openssl.org/pipermail/openssl-commits/2016-December/index.html" >
   <LINK REL="made" HREF="mailto:openssl-commits%40openssl.org?Subject=Re%3A%20%5Bopenssl-commits%5D%20FAILED%20build%20of%20OpenSSL%20branch%20master%20with%0A%09options%20no-srtp&In-Reply-To=%3C1482198788.898179.29822.nullmailer%40test.openssl.org%3E">
   <META NAME="robots" CONTENT="index,nofollow">
   <style type="text/css">
       pre {
           white-space: pre-wrap;       /* css-2.1, curent FF, Opera, Safari */
           }
   </style>
   <META http-equiv="Content-Type" content="text/html; charset=us-ascii">
   <LINK REL="Previous"  HREF="011972.html">
   <LINK REL="Next"  HREF="011974.html">
 </HEAD>
 <BODY BGCOLOR="#ffffff">
   <H1>[openssl-commits] FAILED build of OpenSSL branch master with	options no-srtp</H1>
    <B>OpenSSL run-checker</B> 
    <A HREF="mailto:openssl-commits%40openssl.org?Subject=Re%3A%20%5Bopenssl-commits%5D%20FAILED%20build%20of%20OpenSSL%20branch%20master%20with%0A%09options%20no-srtp&In-Reply-To=%3C1482198788.898179.29822.nullmailer%40test.openssl.org%3E"
       TITLE="[openssl-commits] FAILED build of OpenSSL branch master with	options no-srtp">openssl at openssl.org
       </A><BR>
    <I>Tue Dec 20 01:53:08 UTC 2016</I>
    <P><UL>
        <LI>Previous message: <A HREF="011972.html">[openssl-commits] FAILED build of OpenSSL branch master with	options no-srp
</A></li>
        <LI>Next message: <A HREF="011974.html">[openssl-commits] FAILED build of OpenSSL branch master with	options no-sse2
</A></li>
         <LI> <B>Messages sorted by:</B> 
              <a href="date.html#11973">[ date ]</a>
              <a href="thread.html#11973">[ thread ]</a>
              <a href="subject.html#11973">[ subject ]</a>
              <a href="author.html#11973">[ author ]</a>
         </LI>
       </UL>
    <HR>  
<!--beginarticle-->
<PRE>Platform and configuration command:

$ uname -a
Linux test 4.4.0-53-generic #74-Ubuntu SMP Fri Dec 2 15:59:10 UTC 2016 x86_64 x86_64 x86_64 GNU/Linux
$ CC=clang ../openssl/config -d --strict-warnings no-srtp

Commit log since last time:

992155d Add bwrite_conv and bread_conv values to methods_dgramp_sctp
c0aa6b8 Fix erroneous goto lable
a30b052 x86 assembly pack: update performance results.
f15eed3 Update fuzz corpora
a1d6a0b Fix memory leak in tls_parse_stoc_key_share
0b742f9 Fix typo.
ceb6d74 test/ssl_test: give up if both client and server wait on read
a05bed1 Fix no-ct, skip tests recipes that try to test CT
97043e4 e_afalg: Don't warn about kernel version when pedantic
cd3fe0e evp_test: when function and reason strings aren't available, just skip
7d9533b HP-UX doesn't have hstrerror(), so make our own for that platform
4e99547 Make client and server fuzzer support all ciphers
e104d01 Document the recommended parameters for fuzzing
2fd54eb Enable TLS1.3 and PEDANTIC in the coverage target
eeab356 Don't call memcpy with NULL as source
1ea0142 poly1305/asm/poly1305-x86_64.pl: allow nasm to assemble AVX512 code. chacha/asm/chacha-x86_64.pl: refine nasm version detection logic.
526ab89 perlasm/x86_64-xlate.pl: add support for AVX512 OPMASK-ing.
569204b man3/OPENSSL_ia32cap.pod: clarify AVX512 support in clang context.
2b40699 CRL critical extension bugfix
99f2f1d Add function and reason checking to evp_test
...

Build log ended with (last 100 lines):

#   at ../../openssl/test/recipes/80-test_ssl_old.t line 565.
    
    #   Failed test 'test tls1 with SRP'
    #   at ../../openssl/test/recipes/80-test_ssl_old.t line 575.
    
    #   Failed test 'test tls1 with SRP via BIO pair'
    #   at ../../openssl/test/recipes/80-test_ssl_old.t line 578.
    
    #   Failed test 'test tls1 with SRP auth'
    #   at ../../openssl/test/recipes/80-test_ssl_old.t line 581.
    
    #   Failed test 'test tls1 with SRP auth via BIO pair'
    #   at ../../openssl/test/recipes/80-test_ssl_old.t line 584.
    # Looks like you failed 4 tests of 4.

#   Failed test 'SRP tests'
#   at ../../openssl/test/recipes/80-test_ssl_old.t line 587.
# Looks like you failed 6 tests of 7.
../../openssl/test/recipes/80-test_ssl_old.t .......... 
Dubious, test returned 6 (wstat 1536, 0x600)
Failed 6/7 subtests 
../../openssl/test/recipes/80-test_ssl_test_ctx.t ..... ok

#   Failed test 'running sslcorrupttest'
#   at ../../openssl/test/recipes/80-test_sslcorrupt.t line 19.
# Looks like you failed 1 test of 1.
../../openssl/test/recipes/80-test_sslcorrupt.t ....... 
Dubious, test returned 1 (wstat 256, 0x100)
Failed 1/1 subtests 
../../openssl/test/recipes/80-test_tsa.t .............. ok
../../openssl/test/recipes/80-test_x509aux.t .......... ok
../../openssl/test/recipes/90-test_async.t ............ ok
../../openssl/test/recipes/90-test_bio_enc.t .......... ok
../../openssl/test/recipes/90-test_bioprint.t ......... ok
../../openssl/test/recipes/90-test_constant_time.t .... ok
../../openssl/test/recipes/90-test_external.t ......... skipped: No external tests in this configuration
    
    #   Failed test at ../../openssl/test/recipes/90-test_fuzz.t line 37.
    # Looks like you failed 1 test of 1555.

#   Failed test 'Fuzzing client'
#   at ../../openssl/test/recipes/90-test_fuzz.t line 40.
# Looks like you failed 1 test of 11.
../../openssl/test/recipes/90-test_fuzz.t ............. 
Dubious, test returned 1 (wstat 256, 0x100)
Failed 1/11 subtests 
../../openssl/test/recipes/90-test_gmdiff.t ........... ok
../../openssl/test/recipes/90-test_ige.t .............. ok
../../openssl/test/recipes/90-test_memleak.t .......... ok
../../openssl/test/recipes/90-test_overhead.t ......... skipped: Only supported in no-shared builds
../../openssl/test/recipes/90-test_p5_crpt2.t ......... ok
../../openssl/test/recipes/90-test_secmem.t ........... ok
../../openssl/test/recipes/90-test_shlibload.t ........ ok
../../openssl/test/recipes/90-test_srp.t .............. ok

#   Failed test 'running sslapitest'
#   at ../../openssl/test/recipes/90-test_sslapi.t line 20.
# Looks like you failed 1 test of 1.
../../openssl/test/recipes/90-test_sslapi.t ........... 
Dubious, test returned 1 (wstat 256, 0x100)
Failed 1/1 subtests 
../../openssl/test/recipes/90-test_threads.t .......... ok
../../openssl/test/recipes/90-test_tls13encryption.t .. skipped: tls13encryption is not supported in this build
../../openssl/test/recipes/90-test_tls13secrets.t ..... skipped: tls13secrets is not supported in this build
../../openssl/test/recipes/90-test_v3name.t ........... ok

Test Summary Report
-------------------
../../openssl/test/recipes/70-test_asyncio.t        (Wstat: 256 Tests: 1 Failed: 1)
  Failed test:  1
  Non-zero exit status: 1
../../openssl/test/recipes/80-test_dtls.t           (Wstat: 256 Tests: 1 Failed: 1)
  Failed test:  1
  Non-zero exit status: 1
../../openssl/test/recipes/80-test_dtls_mtu.t       (Wstat: 256 Tests: 1 Failed: 1)
  Failed test:  1
  Non-zero exit status: 1
../../openssl/test/recipes/80-test_ssl_new.t        (Wstat: 4864 Tests: 19 Failed: 19)
  Failed tests:  1-19
  Non-zero exit status: 19
../../openssl/test/recipes/80-test_ssl_old.t        (Wstat: 1536 Tests: 7 Failed: 6)
  Failed tests:  2-7
  Non-zero exit status: 6
../../openssl/test/recipes/80-test_sslcorrupt.t     (Wstat: 256 Tests: 1 Failed: 1)
  Failed test:  1
  Non-zero exit status: 1
../../openssl/test/recipes/90-test_fuzz.t           (Wstat: 256 Tests: 11 Failed: 1)
  Failed test:  5
  Non-zero exit status: 1
../../openssl/test/recipes/90-test_sslapi.t         (Wstat: 256 Tests: 1 Failed: 1)
  Failed test:  1
  Non-zero exit status: 1
Files=102, Tests=463, 129 wallclock secs ( 0.86 usr  0.11 sys + 55.32 cusr  3.91 csys = 60.20 CPU)
Result: FAIL
Failed 8/102 test programs. 31/463 subtests failed.
Makefile:157: recipe for target '_tests' failed
make[1]: *** [_tests] Error 255
make[1]: Leaving directory '/home/openssl/run-checker/no-srtp'
Makefile:155: recipe for target 'tests' failed
make: *** [tests] Error 2
</PRE>


























<!--endarticle-->
    <HR>
    <P><UL>
        <!--threads-->
	<LI>Previous message: <A HREF="011972.html">[openssl-commits] FAILED build of OpenSSL branch master with	options no-srp
</A></li>
	<LI>Next message: <A HREF="011974.html">[openssl-commits] FAILED build of OpenSSL branch master with	options no-sse2
</A></li>
         <LI> <B>Messages sorted by:</B> 
              <a href="date.html#11973">[ date ]</a>
              <a href="thread.html#11973">[ thread ]</a>
              <a href="subject.html#11973">[ subject ]</a>
              <a href="author.html#11973">[ author ]</a>
         </LI>
       </UL>

<hr>
<a href="../../../mailman/listinfo/openssl-commits.html">More information about the openssl-commits
mailing list</a><br>
</body></html>
