<!DOCTYPE HTML PUBLIC "-//W3C//DTD HTML 4.01 Transitional//EN">
<HTML>
 <HEAD>
   <TITLE> [openssl-commits] Still FAILED build of OpenSSL branch master with	options no-tls1_2
   </TITLE>
   <LINK REL="Index" HREF="https://mta.openssl.org/pipermail/openssl-commits/2016-December/index.html" >
   <LINK REL="made" HREF="mailto:openssl-commits%40openssl.org?Subject=Re%3A%20%5Bopenssl-commits%5D%20Still%20FAILED%20build%20of%20OpenSSL%20branch%20master%20with%0A%09options%20no-tls1_2&In-Reply-To=%3C1482738941.129428.12092.nullmailer%40test.openssl.org%3E">
   <META NAME="robots" CONTENT="index,nofollow">
   <style type="text/css">
       pre {
           white-space: pre-wrap;       /* css-2.1, curent FF, Opera, Safari */
           }
   </style>
   <META http-equiv="Content-Type" content="text/html; charset=us-ascii">
   <LINK REL="Previous"  HREF="012124.html">
   <LINK REL="Next"  HREF="012098.html">
 </HEAD>
 <BODY BGCOLOR="#ffffff">
   <H1>[openssl-commits] Still FAILED build of OpenSSL branch master with	options no-tls1_2</H1>
    <B>OpenSSL run-checker</B> 
    <A HREF="mailto:openssl-commits%40openssl.org?Subject=Re%3A%20%5Bopenssl-commits%5D%20Still%20FAILED%20build%20of%20OpenSSL%20branch%20master%20with%0A%09options%20no-tls1_2&In-Reply-To=%3C1482738941.129428.12092.nullmailer%40test.openssl.org%3E"
       TITLE="[openssl-commits] Still FAILED build of OpenSSL branch master with	options no-tls1_2">openssl at openssl.org
       </A><BR>
    <I>Mon Dec 26 07:55:41 UTC 2016</I>
    <P><UL>
        <LI>Previous message: <A HREF="012124.html">[openssl-commits] Still FAILED build of OpenSSL branch master with	options no-tls1_2
</A></li>
        <LI>Next message: <A HREF="012098.html">[openssl-commits] SUCCESSFUL build of OpenSSL branch master with	options no-dtls1
</A></li>
         <LI> <B>Messages sorted by:</B> 
              <a href="date.html#12136">[ date ]</a>
              <a href="thread.html#12136">[ thread ]</a>
              <a href="subject.html#12136">[ subject ]</a>
              <a href="author.html#12136">[ author ]</a>
         </LI>
       </UL>
    <HR>  
<!--beginarticle-->
<PRE>Platform and configuration command:

$ uname -a
Linux test 4.4.0-53-generic #74-Ubuntu SMP Fri Dec 2 15:59:10 UTC 2016 x86_64 x86_64 x86_64 GNU/Linux
$ CC=clang ../openssl/config -d --strict-warnings no-tls1_2

Commit log since last time:

3c274a6 chacha/asm/chacha-x86_64.pl: add AVX512 path optimized for shorter inputs.

Build log ended with (last 100 lines):


#   Failed test 'NPN handshake test'
#   at ../../openssl/test/testlib/checkhandshake.pm line 126.
    
    #   Failed test 'Extension presence check (Message: 1 Extension: 3, 4)'
    #   at ../../openssl/test/testlib/checkhandshake.pm line 115.
    
    #   Failed test 'Extensions count mismatch (7, 6)'
    #   at ../../openssl/test/testlib/checkhandshake.pm line 121.
    # Looks like you failed 2 tests of 32.

#   Failed test 'SRP extension test'
#   at ../../openssl/test/testlib/checkhandshake.pm line 126.
# Looks like you failed 20 tests of 20.
../../openssl/test/recipes/70-test_sslmessages.t ...... 
Dubious, test returned 20 (wstat 5120, 0x1400)
Failed 20/20 subtests 
../../openssl/test/recipes/70-test_sslrecords.t ....... skipped: test_sslrecords needs TLSv1.2 enabled
../../openssl/test/recipes/70-test_sslsessiontick.t ... ok
../../openssl/test/recipes/70-test_sslskewith0p.t ..... ok
../../openssl/test/recipes/70-test_sslversions.t ...... skipped: test_sslversions needs TLS1.3, TLS1.2 and TLS1.1 enabled

#   Failed test 'Version tolerance test, TLS 1.4'
#   at ../../openssl/test/recipes/70-test_sslvertol.t line 45.

#   Failed test 'Version tolerance test, TLS 1.3'
#   at ../../openssl/test/recipes/70-test_sslvertol.t line 54.
# Looks like you failed 2 tests of 3.
../../openssl/test/recipes/70-test_sslvertol.t ........ 
Dubious, test returned 2 (wstat 512, 0x200)
Failed 2/3 subtests 
../../openssl/test/recipes/70-test_tls13messages.t .... skipped: test_tls13messages needs TLSv1.3 enabled
../../openssl/test/recipes/70-test_tlsextms.t ......... ok
../../openssl/test/recipes/70-test_verify_extra.t ..... ok
../../openssl/test/recipes/70-test_wpacket.t .......... skipped: Only supported in no-shared builds
../../openssl/test/recipes/80-test_ca.t ............... ok
../../openssl/test/recipes/80-test_cipherlist.t ....... ok
../../openssl/test/recipes/80-test_cms.t .............. ok
../../openssl/test/recipes/80-test_ct.t ............... ok
../../openssl/test/recipes/80-test_dane.t ............. ok
../../openssl/test/recipes/80-test_dtls.t ............. ok
../../openssl/test/recipes/80-test_dtls_mtu.t ......... ok
../../openssl/test/recipes/80-test_dtlsv1listen.t ..... ok
../../openssl/test/recipes/80-test_ocsp.t ............. ok
../../openssl/test/recipes/80-test_pkcs12.t ........... ok
    
    #   Failed test 'running ssl_test 19-mac-then-encrypt.conf'
    #   at ../../openssl/test/recipes/80-test_ssl_new.t line 124.
    # Looks like you failed 1 test of 3.

#   Failed test 'Test configuration 19-mac-then-encrypt.conf'
#   at ../../openssl/test/recipes/80-test_ssl_new.t line 90.
# Looks like you failed 1 test of 19.
../../openssl/test/recipes/80-test_ssl_new.t .......... 
Dubious, test returned 1 (wstat 256, 0x100)
Failed 1/19 subtests 
../../openssl/test/recipes/80-test_ssl_old.t .......... ok
../../openssl/test/recipes/80-test_ssl_test_ctx.t ..... ok
../../openssl/test/recipes/80-test_sslcorrupt.t ....... ok
../../openssl/test/recipes/80-test_tsa.t .............. ok
../../openssl/test/recipes/80-test_x509aux.t .......... ok
../../openssl/test/recipes/90-test_async.t ............ ok
../../openssl/test/recipes/90-test_bio_enc.t .......... ok
../../openssl/test/recipes/90-test_bioprint.t ......... ok
../../openssl/test/recipes/90-test_constant_time.t .... ok
../../openssl/test/recipes/90-test_external.t ......... skipped: No external tests in this configuration
../../openssl/test/recipes/90-test_fuzz.t ............. ok
../../openssl/test/recipes/90-test_gmdiff.t ........... ok
../../openssl/test/recipes/90-test_ige.t .............. ok
../../openssl/test/recipes/90-test_memleak.t .......... ok
../../openssl/test/recipes/90-test_overhead.t ......... skipped: Only supported in no-shared builds
../../openssl/test/recipes/90-test_p5_crpt2.t ......... ok
../../openssl/test/recipes/90-test_secmem.t ........... ok
../../openssl/test/recipes/90-test_shlibload.t ........ ok
../../openssl/test/recipes/90-test_srp.t .............. ok
../../openssl/test/recipes/90-test_sslapi.t ........... ok
../../openssl/test/recipes/90-test_threads.t .......... ok
../../openssl/test/recipes/90-test_tls13encryption.t .. skipped: tls13encryption is not supported in this build
../../openssl/test/recipes/90-test_tls13secrets.t ..... skipped: tls13secrets is not supported in this build
../../openssl/test/recipes/90-test_v3name.t ........... ok

Test Summary Report
-------------------
../../openssl/test/recipes/70-test_sslmessages.t    (Wstat: 5120 Tests: 20 Failed: 20)
  Failed tests:  1-20
  Non-zero exit status: 20
../../openssl/test/recipes/70-test_sslvertol.t      (Wstat: 512 Tests: 3 Failed: 2)
  Failed tests:  1-2
  Non-zero exit status: 2
../../openssl/test/recipes/80-test_ssl_new.t        (Wstat: 256 Tests: 19 Failed: 1)
  Failed test:  19
  Non-zero exit status: 1
Files=102, Tests=512, 125 wallclock secs ( 0.85 usr  0.18 sys + 45.70 cusr  3.61 csys = 50.34 CPU)
Result: FAIL
Failed 3/102 test programs. 23/512 subtests failed.
Makefile:157: recipe for target '_tests' failed
make[1]: *** [_tests] Error 255
make[1]: Leaving directory '/home/openssl/run-checker/no-tls1_2'
Makefile:155: recipe for target 'tests' failed
make: *** [tests] Error 2
</PRE>















<!--endarticle-->
    <HR>
    <P><UL>
        <!--threads-->
	<LI>Previous message: <A HREF="012124.html">[openssl-commits] Still FAILED build of OpenSSL branch master with	options no-tls1_2
</A></li>
	<LI>Next message: <A HREF="012098.html">[openssl-commits] SUCCESSFUL build of OpenSSL branch master with	options no-dtls1
</A></li>
         <LI> <B>Messages sorted by:</B> 
              <a href="date.html#12136">[ date ]</a>
              <a href="thread.html#12136">[ thread ]</a>
              <a href="subject.html#12136">[ subject ]</a>
              <a href="author.html#12136">[ author ]</a>
         </LI>
       </UL>

<hr>
<a href="../../../mailman/listinfo/openssl-commits.html">More information about the openssl-commits
mailing list</a><br>
</body></html>
