<!DOCTYPE HTML PUBLIC "-//W3C//DTD HTML 4.01 Transitional//EN">
<HTML>
 <HEAD>
   <TITLE> CONF_MODULE undefined?
   </TITLE>
   <LINK REL="Index" HREF="https://mta.openssl.org/pipermail/openssl-users/2020-April/index.html" >
   <LINK REL="made" HREF="mailto:openssl-users%40openssl.org?Subject=Re%3A%20CONF_MODULE%20undefined%3F&In-Reply-To=%3C87sggoqa86.wl-levitte%40openssl.org%3E">
   <META NAME="robots" CONTENT="index,nofollow">
   <style type="text/css">
       pre {
           white-space: pre-wrap;       /* css-2.1, curent FF, Opera, Safari */
           }
   </style>
   <META http-equiv="Content-Type" content="text/html; charset=us-ascii">
   <LINK REL="Previous"  HREF="012350.html">
   <LINK REL="Next"  HREF="012361.html">
 </HEAD>
 <BODY BGCOLOR="#ffffff">
   <H1>CONF_MODULE undefined?</H1>
    <B>Richard Levitte</B> 
    <A HREF="mailto:openssl-users%40openssl.org?Subject=Re%3A%20CONF_MODULE%20undefined%3F&In-Reply-To=%3C87sggoqa86.wl-levitte%40openssl.org%3E"
       TITLE="CONF_MODULE undefined?">levitte at openssl.org
       </A><BR>
    <I>Tue Apr 28 08:35:05 UTC 2020</I>
    <P><UL>
        <LI>Previous message: <A HREF="012350.html">CONF_MODULE undefined?
</A></li>
        <LI>Next message: <A HREF="012361.html">CONF_MODULE undefined?
</A></li>
         <LI> <B>Messages sorted by:</B> 
              <a href="date.html#12357">[ date ]</a>
              <a href="thread.html#12357">[ thread ]</a>
              <a href="subject.html#12357">[ subject ]</a>
              <a href="author.html#12357">[ author ]</a>
         </LI>
       </UL>
    <HR>  
<!--beginarticle-->
<PRE>Would you mind testing if <A HREF="https://github.com/openssl/openssl/pull/11655">https://github.com/openssl/openssl/pull/11655</A>
fixes this?

Cheers,
Richard

On Mon, 27 Apr 2020 18:29:12 +0200,
Blumenthal, Uri - 0553 - MITLL wrote:
&gt;<i> 
</I>&gt;<i> I hit this problem recompiling libp11 with the current OpenSSL-3.0 master. It's on MacOS Catalina 10.15.4 with the latest Xcode-11.4.1, but I think that's irrelevant. I checked through all the .h files in the OpenSSL sources, and found no definition o CONF_MODULE. OpenSSL-3.0 is installed into /Users/ur20980/openssl-3 (as is obvious from the following).
</I>&gt;<i> 
</I>&gt;<i> Here are the errors:
</I>&gt;<i> 
</I>&gt;<i> /Applications/Xcode.app/Contents/Developer/Platforms/MacOSX.platform/Developer/SDKs/MacOSX.sdk -g -I/Users/ur20980/openssl-3/include -Os -Ofast -std=gnu17 -march=native -msha -mavx512f -isysroot /Applications/Xcode.app/Contents/Developer/Platforms/MacOSX.platform/Developer/SDKs/MacOSX.sdk -MT evp-sign.o -MD -MP -MF $depbase.Tpo -c -o evp-sign.o evp-sign.c &amp;&amp;\
</I>&gt;<i> 	mv -f $depbase.Tpo $depbase.Po
</I>&gt;<i> In file included from evp-sign.c:40:
</I>&gt;<i> /Users/ur20980/openssl-3/include/openssl/conf.h:37:28: error: unknown type name 'CONF_MODULE'
</I>&gt;<i> DEFINE_OR_DECLARE_STACK_OF(CONF_MODULE)
</I>&gt;<i>                            ^
</I>&gt;<i> /Users/ur20980/openssl-3/include/openssl/conf.h:37:28: error: unknown type name 'CONF_MODULE'
</I>&gt;<i> /Users/ur20980/openssl-3/include/openssl/conf.h:37:28: error: unknown type name 'CONF_MODULE'
</I>&gt;<i> /Users/ur20980/openssl-3/include/openssl/conf.h:37:28: error: unknown type name 'CONF_MODULE'
</I>&gt;<i> /Users/ur20980/openssl-3/include/openssl/conf.h:37:28: error: unknown type name 'CONF_MODULE'
</I>&gt;<i> /Users/ur20980/openssl-3/include/openssl/conf.h:37:28: error: unknown type name 'CONF_MODULE'
</I>&gt;<i> /Users/ur20980/openssl-3/include/openssl/conf.h:37:1: error: expected expression
</I>&gt;<i> DEFINE_OR_DECLARE_STACK_OF(CONF_MODULE)
</I>&gt;<i> ^
</I>&gt;<i> /Users/ur20980/openssl-3/include/openssl/safestack.h:175:40: note: expanded from macro 'DEFINE_OR_DECLARE_STACK_OF'
</I>&gt;<i> # define DEFINE_OR_DECLARE_STACK_OF(s) DEFINE_STACK_OF(s)
</I>&gt;<i>                                        ^
</I>&gt;<i> /Users/ur20980/openssl-3/include/openssl/safestack.h:135:29: note: expanded from macro 'DEFINE_STACK_OF'
</I>&gt;<i> # define DEFINE_STACK_OF(t) SKM_DEFINE_STACK_OF(t, t, t)
</I>&gt;<i>                             ^
</I>&gt;<i> /Users/ur20980/openssl-3/include/openssl/safestack.h:39:21: note: expanded from macro 'SKM_DEFINE_STACK_OF'
</I>&gt;<i>         return (t2 *)OPENSSL_sk_value((const OPENSSL_STACK *)sk, idx); \
</I>&gt;<i>                     ^
</I>&gt;<i> In file included from evp-sign.c:40:
</I>&gt;<i> /Users/ur20980/openssl-3/include/openssl/conf.h:37:28: error: use of undeclared identifier 'CONF_MODULE'
</I>&gt;<i> DEFINE_OR_DECLARE_STACK_OF(CONF_MODULE)
</I>&gt;<i>                            ^
</I>&gt;<i> /Users/ur20980/openssl-3/include/openssl/conf.h:37:28: error: unknown type name 'CONF_MODULE'
</I>&gt;<i> /Users/ur20980/openssl-3/include/openssl/conf.h:37:1: error: expected expression
</I>&gt;<i> DEFINE_OR_DECLARE_STACK_OF(CONF_MODULE)
</I>&gt;<i> ^
</I>&gt;<i> /Users/ur20980/openssl-3/include/openssl/safestack.h:175:40: note: expanded from macro 'DEFINE_OR_DECLARE_STACK_OF'
</I>&gt;<i> # define DEFINE_OR_DECLARE_STACK_OF(s) DEFINE_STACK_OF(s)
</I>&gt;<i>                                        ^
</I>&gt;<i> /Users/ur20980/openssl-3/include/openssl/safestack.h:135:29: note: expanded from macro 'DEFINE_STACK_OF'
</I>&gt;<i> # define DEFINE_STACK_OF(t) SKM_DEFINE_STACK_OF(t, t, t)
</I>&gt;<i>                             ^
</I>&gt;<i> /Users/ur20980/openssl-3/include/openssl/safestack.h:67:21: note: expanded from macro 'SKM_DEFINE_STACK_OF'
</I>&gt;<i>         return (t2 *)OPENSSL_sk_delete((OPENSSL_STACK *)sk, i); \
</I>&gt;<i>                     ^
</I>&gt;<i> In file included from evp-sign.c:40:
</I>&gt;<i> /Users/ur20980/openssl-3/include/openssl/conf.h:37:28: error: use of undeclared identifier 'CONF_MODULE'
</I>&gt;<i> DEFINE_OR_DECLARE_STACK_OF(CONF_MODULE)
</I>&gt;<i>                            ^
</I>&gt;<i> /Users/ur20980/openssl-3/include/openssl/conf.h:37:28: error: unknown type name 'CONF_MODULE'
</I>&gt;<i> /Users/ur20980/openssl-3/include/openssl/conf.h:37:28: error: unknown type name 'CONF_MODULE'
</I>&gt;<i> /Users/ur20980/openssl-3/include/openssl/conf.h:37:1: error: expected expression
</I>&gt;<i> DEFINE_OR_DECLARE_STACK_OF(CONF_MODULE)
</I>&gt;<i> ^
</I>&gt;<i> /Users/ur20980/openssl-3/include/openssl/safestack.h:175:40: note: expanded from macro 'DEFINE_OR_DECLARE_STACK_OF'
</I>&gt;<i> # define DEFINE_OR_DECLARE_STACK_OF(s) DEFINE_STACK_OF(s)
</I>&gt;<i>                                        ^
</I>&gt;<i> /Users/ur20980/openssl-3/include/openssl/safestack.h:135:29: note: expanded from macro 'DEFINE_STACK_OF'
</I>&gt;<i> # define DEFINE_STACK_OF(t) SKM_DEFINE_STACK_OF(t, t, t)
</I>&gt;<i>                             ^
</I>&gt;<i> /Users/ur20980/openssl-3/include/openssl/safestack.h:71:21: note: expanded from macro 'SKM_DEFINE_STACK_OF'
</I>&gt;<i>         return (t2 *)OPENSSL_sk_delete_ptr((OPENSSL_STACK *)sk, \
</I>&gt;<i>                     ^
</I>&gt;<i> In file included from evp-sign.c:40:
</I>&gt;<i> /Users/ur20980/openssl-3/include/openssl/conf.h:37:28: error: use of undeclared identifier 'CONF_MODULE'
</I>&gt;<i> DEFINE_OR_DECLARE_STACK_OF(CONF_MODULE)
</I>&gt;<i>                            ^
</I>&gt;<i> /Users/ur20980/openssl-3/include/openssl/conf.h:37:28: error: unknown type name 'CONF_MODULE'
</I>&gt;<i> /Users/ur20980/openssl-3/include/openssl/conf.h:37:28: error: unknown type name 'CONF_MODULE'
</I>&gt;<i> /Users/ur20980/openssl-3/include/openssl/conf.h:37:28: error: unknown type name 'CONF_MODULE'
</I>&gt;<i> /Users/ur20980/openssl-3/include/openssl/conf.h:37:1: error: expected expression
</I>&gt;<i> DEFINE_OR_DECLARE_STACK_OF(CONF_MODULE)
</I>&gt;<i> ^
</I>&gt;<i> /Users/ur20980/openssl-3/include/openssl/safestack.h:175:40: note: expanded from macro 'DEFINE_OR_DECLARE_STACK_OF'
</I>&gt;<i> # define DEFINE_OR_DECLARE_STACK_OF(s) DEFINE_STACK_OF(s)
</I>&gt;<i>                                        ^
</I>&gt;<i> /Users/ur20980/openssl-3/include/openssl/safestack.h:135:29: note: expanded from macro 'DEFINE_STACK_OF'
</I>&gt;<i> # define DEFINE_STACK_OF(t) SKM_DEFINE_STACK_OF(t, t, t)
</I>&gt;<i>                             ^
</I>&gt;<i> /Users/ur20980/openssl-3/include/openssl/safestack.h:84:21: note: expanded from macro 'SKM_DEFINE_STACK_OF'
</I>&gt;<i>         return (t2 *)OPENSSL_sk_pop((OPENSSL_STACK *)sk); \
</I>&gt;<i>                     ^
</I>&gt;<i> fatal error: too many errors emitted, stopping now [-ferror-limit=]
</I>&gt;<i> 
</I>&gt;<i> --
</I>&gt;<i> Regards,
</I>&gt;<i> Uri 
</I>&gt;<i>  
</I>&gt;<i> 
</I>-- 
Richard Levitte         <A HREF="../../../mailman/listinfo/openssl-users.html">levitte at openssl.org</A>
OpenSSL Project         <A HREF="http://www.openssl.org/~levitte/">http://www.openssl.org/~levitte/</A>
</PRE>






<!--endarticle-->
    <HR>
    <P><UL>
        <!--threads-->
	<LI>Previous message: <A HREF="012350.html">CONF_MODULE undefined?
</A></li>
	<LI>Next message: <A HREF="012361.html">CONF_MODULE undefined?
</A></li>
         <LI> <B>Messages sorted by:</B> 
              <a href="date.html#12357">[ date ]</a>
              <a href="thread.html#12357">[ thread ]</a>
              <a href="subject.html#12357">[ subject ]</a>
              <a href="author.html#12357">[ author ]</a>
         </LI>
       </UL>

<hr>
<a href="../../../mailman/listinfo/openssl-users.html">More information about the openssl-users
mailing list</a><br>
</body></html>
