<!DOCTYPE HTML PUBLIC "-//W3C//DTD HTML 4.01 Transitional//EN">
<HTML>
 <HEAD>
   <TITLE> [openssl-project] FW: [openssl-commits] FAILED build of OpenSSL branch master with options -d --strict-warnings no-tls1_2-method
   </TITLE>
   <LINK REL="Index" HREF="https://mta.openssl.org/pipermail/openssl-project/2018-May/index.html" >
   <LINK REL="made" HREF="mailto:openssl-project%40openssl.org?Subject=Re%3A%20%5Bopenssl-project%5D%20FW%3A%20%5Bopenssl-commits%5D%20FAILED%20build%20of%20OpenSSL%0A%20branch%20master%20with%20options%20-d%20--strict-warnings%20no-tls1_2-method&In-Reply-To=%3CD6D6228E-B250-4ED7-A040-A66A9A2A0A0B%40akamai.com%3E">
   <META NAME="robots" CONTENT="index,nofollow">
   <style type="text/css">
       pre {
           white-space: pre-wrap;       /* css-2.1, curent FF, Opera, Safari */
           }
   </style>
   <META http-equiv="Content-Type" content="text/html; charset=us-ascii">
   <LINK REL="Previous"  HREF="000722.html">
   <LINK REL="Next"  HREF="000724.html">
 </HEAD>
 <BODY BGCOLOR="#ffffff">
   <H1>[openssl-project] FW: [openssl-commits] FAILED build of OpenSSL branch master with options -d --strict-warnings no-tls1_2-method</H1>
    <B>Salz, Rich</B> 
    <A HREF="mailto:openssl-project%40openssl.org?Subject=Re%3A%20%5Bopenssl-project%5D%20FW%3A%20%5Bopenssl-commits%5D%20FAILED%20build%20of%20OpenSSL%0A%20branch%20master%20with%20options%20-d%20--strict-warnings%20no-tls1_2-method&In-Reply-To=%3CD6D6228E-B250-4ED7-A040-A66A9A2A0A0B%40akamai.com%3E"
       TITLE="[openssl-project] FW: [openssl-commits] FAILED build of OpenSSL branch master with options -d --strict-warnings no-tls1_2-method">rsalz at akamai.com
       </A><BR>
    <I>Fri May  4 13:46:47 UTC 2018</I>
    <P><UL>
        <LI>Previous message: <A HREF="000722.html">[openssl-project] Tags for draft-21 and draft-23?
</A></li>
        <LI>Next message: <A HREF="000724.html">[openssl-project] Current votes FYI
</A></li>
         <LI> <B>Messages sorted by:</B> 
              <a href="date.html#723">[ date ]</a>
              <a href="thread.html#723">[ thread ]</a>
              <a href="subject.html#723">[ subject ]</a>
              <a href="author.html#723">[ author ]</a>
         </LI>
       </UL>
    <HR>  
<!--beginarticle-->
<PRE>Been failing for two days now ...

&#65279;On 5/4/18, 6:09 AM, &quot;OpenSSL run-checker&quot; &lt;<A HREF="../../../mailman/listinfo/openssl-project.html">openssl at openssl.org</A>&gt; wrote:

    Platform and configuration command:
    
    $ uname -a
    Linux run 4.4.0-119-generic #143-Ubuntu SMP Mon Apr 2 16:08:24 UTC 2018 x86_64 x86_64 x86_64 GNU/Linux
    $ CC=clang ../openssl/config -d --strict-warnings no-tls1_2-method
    
    Commit log since last time:
    
    bc624bd v3_purp.c: add locking to x509v3_cache_extensions()
    463e6ef VMS: modernise rand_pool_acquire_entropy, step 2
    ce147f7 VMS: modernise rand_pool_acquire_entropy, step 1
    b1860d6 Return an error from BN_mod_inverse if n is 1 (or -1)
    4db296d Make X509_VERIFY_PARAM_get_hostflags() take a const arg
    e401389 Add a test for SSL_get_shared_ciphers()
    6021d8e Fix a bug in create_ssl_ctx_pair()
    3bfa475 Add some documentation for SSL_get_shared_ciphers()
    f054160 Fix comment in ssl_locl.h
    a216df5 Fix SSL_get_shared_ciphers()
    
    Build log ended with (last 100 lines):
    
    ../../openssl/test/recipes/30-test_evp.t ...................... ok
    ../../openssl/test/recipes/30-test_evp_extra.t ................ ok
    ../../openssl/test/recipes/30-test_pbelu.t .................... ok
    ../../openssl/test/recipes/30-test_pkey_meth.t ................ ok
    ../../openssl/test/recipes/30-test_pkey_meth_kdf.t ............ ok
    ../../openssl/test/recipes/40-test_rehash.t ................... ok
    ../../openssl/test/recipes/60-test_x509_check_cert_pkey.t ..... ok
    ../../openssl/test/recipes/60-test_x509_dup_cert.t ............ ok
    ../../openssl/test/recipes/60-test_x509_store.t ............... ok
    ../../openssl/test/recipes/60-test_x509_time.t ................ ok
    ../../openssl/test/recipes/70-test_asyncio.t .................. ok
    ../../openssl/test/recipes/70-test_bad_dtls.t ................. ok
    ../../openssl/test/recipes/70-test_clienthello.t .............. ok
    ../../openssl/test/recipes/70-test_comp.t ..................... ok
    ../../openssl/test/recipes/70-test_key_share.t ................ ok
    ../../openssl/test/recipes/70-test_packet.t ................... ok
    ../../openssl/test/recipes/70-test_recordlen.t ................ ok
    ../../openssl/test/recipes/70-test_renegotiation.t ............ skipped: test_renegotiation needs TLS &lt;= 1.2 enabled
    ../../openssl/test/recipes/70-test_servername.t ............... ok
    ../../openssl/test/recipes/70-test_sslcbcpadding.t ............ skipped: test_sslcbcpadding needs TLSv1.2 enabled
    ../../openssl/test/recipes/70-test_sslcertstatus.t ............ skipped: test_sslcertstatus needs TLS enabled
    ../../openssl/test/recipes/70-test_sslextension.t ............. ok
    ../../openssl/test/recipes/70-test_sslmessages.t .............. skipped: test_sslmessages needs TLS enabled
    ../../openssl/test/recipes/70-test_sslrecords.t ............... skipped: test_sslrecords needs TLSv1.2 enabled
    ../../openssl/test/recipes/70-test_sslsessiontick.t ........... skipped: test_sslsessiontick needs SSLv3, TLSv1, TLSv1.1 or TLSv1.2 enabled
    ../../openssl/test/recipes/70-test_sslsigalgs.t ............... ok
    ../../openssl/test/recipes/70-test_sslsignature.t ............. ok
    ../../openssl/test/recipes/70-test_sslskewith0p.t ............. ok
    ../../openssl/test/recipes/70-test_sslversions.t .............. skipped: test_sslversions needs TLS1.3, TLS1.2 and TLS1.1 enabled
    ../../openssl/test/recipes/70-test_sslvertol.t ................ ok
    ../../openssl/test/recipes/70-test_tls13cookie.t .............. ok
    ../../openssl/test/recipes/70-test_tls13downgrade.t ........... skipped: test_tls13downgrade needs TLS1.3 and TLS1.2 enabled
    ../../openssl/test/recipes/70-test_tls13hrr.t ................. ok
    ../../openssl/test/recipes/70-test_tls13kexmodes.t ............ ok
    ../../openssl/test/recipes/70-test_tls13messages.t ............ ok
    ../../openssl/test/recipes/70-test_tls13psk.t ................. ok
    ../../openssl/test/recipes/70-test_tlsextms.t ................. skipped: test_tlsextms needs TLSv1.0, TLSv1.1 or TLSv1.2 enabled
    ../../openssl/test/recipes/70-test_verify_extra.t ............. ok
    ../../openssl/test/recipes/70-test_wpacket.t .................. ok
    ../../openssl/test/recipes/80-test_ca.t ....................... ok
    ../../openssl/test/recipes/80-test_cipherbytes.t .............. ok
    ../../openssl/test/recipes/80-test_cipherlist.t ............... ok
    ../../openssl/test/recipes/80-test_ciphername.t ............... ok
    ../../openssl/test/recipes/80-test_cms.t ...................... ok
    ../../openssl/test/recipes/80-test_ct.t ....................... ok
    ../../openssl/test/recipes/80-test_dane.t ..................... ok
    ../../openssl/test/recipes/80-test_dtls.t ..................... ok
    ../../openssl/test/recipes/80-test_dtls_mtu.t ................. ok
    ../../openssl/test/recipes/80-test_dtlsv1listen.t ............. ok
    ../../openssl/test/recipes/80-test_ocsp.t ..................... ok
    ../../openssl/test/recipes/80-test_pkcs12.t ................... ok
    ../../openssl/test/recipes/80-test_ssl_new.t .................. ok
    ../../openssl/test/recipes/80-test_ssl_old.t .................. ok
    ../../openssl/test/recipes/80-test_ssl_test_ctx.t ............. ok
    ../../openssl/test/recipes/80-test_sslcorrupt.t ............... ok
    ../../openssl/test/recipes/80-test_tsa.t ...................... ok
    ../../openssl/test/recipes/80-test_x509aux.t .................. ok
    ../../openssl/test/recipes/90-test_asn1_time.t ................ ok
    ../../openssl/test/recipes/90-test_async.t .................... ok
    ../../openssl/test/recipes/90-test_bio_enc.t .................. ok
    ../../openssl/test/recipes/90-test_constant_time.t ............ ok
    ../../openssl/test/recipes/90-test_fatalerr.t ................. ok
    ../../openssl/test/recipes/90-test_gmdiff.t ................... ok
    ../../openssl/test/recipes/90-test_ige.t ...................... ok
    ../../openssl/test/recipes/90-test_includes.t ................. ok
    ../../openssl/test/recipes/90-test_memleak.t .................. ok
    ../../openssl/test/recipes/90-test_overhead.t ................. skipped: Only supported in no-shared builds
    ../../openssl/test/recipes/90-test_secmem.t ................... ok
    ../../openssl/test/recipes/90-test_shlibload.t ................ ok
    ../../openssl/test/recipes/90-test_srp.t ...................... ok
    ../../openssl/test/recipes/90-test_sslapi.t ................... 
    Dubious, test returned 1 (wstat 256, 0x100)
    Failed 1/1 subtests 
    ../../openssl/test/recipes/90-test_sslbuffers.t ............... ok
    ../../openssl/test/recipes/90-test_store.t .................... ok
    ../../openssl/test/recipes/90-test_sysdefault.t ............... skipped: test_sysdefault is not supported in this build
    ../../openssl/test/recipes/90-test_threads.t .................. ok
    ../../openssl/test/recipes/90-test_time_offset.t .............. ok
    ../../openssl/test/recipes/90-test_tls13ccs.t ................. ok
    ../../openssl/test/recipes/90-test_tls13encryption.t .......... ok
    ../../openssl/test/recipes/90-test_tls13secrets.t ............. ok
    ../../openssl/test/recipes/90-test_v3name.t ................... ok
    ../../openssl/test/recipes/95-test_external_boringssl.t ....... skipped: No external tests in this configuration
    ../../openssl/test/recipes/95-test_external_krb5.t ............ skipped: No external tests in this configuration
    ../../openssl/test/recipes/95-test_external_pyca.t ............ skipped: No external tests in this configuration
    ../../openssl/test/recipes/99-test_ecstress.t ................. ok
    ../../openssl/test/recipes/99-test_fuzz.t ..................... ok
    
    Test Summary Report
    -------------------
    ../../openssl/test/recipes/90-test_sslapi.t                 (Wstat: 256 Tests: 1 Failed: 1)
      Failed test:  1
      Non-zero exit status: 1
    Files=146, Tests=1261, 179 wallclock secs ( 1.75 usr  0.32 sys + 153.54 cusr  9.28 csys = 164.89 CPU)
    Result: FAIL
    Makefile:204: recipe for target '_tests' failed
    make[1]: *** [_tests] Error 1
    make[1]: Leaving directory '/home/openssl/run-checker/no-tls1_2-method'
    Makefile:202: recipe for target 'tests' failed
    make: *** [tests] Error 2
    _____
    openssl-commits mailing list
    To unsubscribe: <A HREF="../../../mailman/listinfo/openssl-commits.html">https://mta.openssl.org/mailman/listinfo/openssl-commits</A>
    

</PRE>






<!--endarticle-->
    <HR>
    <P><UL>
        <!--threads-->
	<LI>Previous message: <A HREF="000722.html">[openssl-project] Tags for draft-21 and draft-23?
</A></li>
	<LI>Next message: <A HREF="000724.html">[openssl-project] Current votes FYI
</A></li>
         <LI> <B>Messages sorted by:</B> 
              <a href="date.html#723">[ date ]</a>
              <a href="thread.html#723">[ thread ]</a>
              <a href="subject.html#723">[ subject ]</a>
              <a href="author.html#723">[ author ]</a>
         </LI>
       </UL>

<hr>
<a href="../../../mailman/listinfo/openssl-project.html">More information about the openssl-project
mailing list</a><br>
</body></html>
