<!DOCTYPE HTML PUBLIC "-//W3C//DTD HTML 4.01 Transitional//EN">
<HTML>
 <HEAD>
   <TITLE> [openssl-project] FW: [openssl-commits] Still FAILED build of OpenSSL branch master with options -d --strict-warnings no-tls1_2
   </TITLE>
   <LINK REL="Index" HREF="https://mta.openssl.org/pipermail/openssl-project/2018-May/index.html" >
   <LINK REL="made" HREF="mailto:openssl-project%40openssl.org?Subject=Re%3A%20%5Bopenssl-project%5D%20FW%3A%20%5Bopenssl-commits%5D%20Still%20FAILED%20build%20of%0A%20OpenSSL%20branch%20master%20with%20options%20-d%20--strict-warnings%20no-tls1_2&In-Reply-To=%3C7ff17149-3390-86d9-5d8f-3cfc9e77dc26%40openssl.org%3E">
   <META NAME="robots" CONTENT="index,nofollow">
   <style type="text/css">
       pre {
           white-space: pre-wrap;       /* css-2.1, curent FF, Opera, Safari */
           }
   </style>
   <META http-equiv="Content-Type" content="text/html; charset=us-ascii">
   <LINK REL="Previous"  HREF="000733.html">
   <LINK REL="Next"  HREF="000735.html">
 </HEAD>
 <BODY BGCOLOR="#ffffff">
   <H1>[openssl-project] FW: [openssl-commits] Still FAILED build of OpenSSL branch master with options -d --strict-warnings no-tls1_2</H1>
    <B>Matt Caswell</B> 
    <A HREF="mailto:openssl-project%40openssl.org?Subject=Re%3A%20%5Bopenssl-project%5D%20FW%3A%20%5Bopenssl-commits%5D%20Still%20FAILED%20build%20of%0A%20OpenSSL%20branch%20master%20with%20options%20-d%20--strict-warnings%20no-tls1_2&In-Reply-To=%3C7ff17149-3390-86d9-5d8f-3cfc9e77dc26%40openssl.org%3E"
       TITLE="[openssl-project] FW: [openssl-commits] Still FAILED build of OpenSSL branch master with options -d --strict-warnings no-tls1_2">matt at openssl.org
       </A><BR>
    <I>Thu May 10 12:59:35 UTC 2018</I>
    <P><UL>
        <LI>Previous message: <A HREF="000733.html">[openssl-project] FW: [openssl-commits] Still FAILED build of OpenSSL branch master with options -d --strict-warnings no-tls1_2
</A></li>
        <LI>Next message: <A HREF="000735.html">[openssl-project] FW: [openssl-commits] Still FAILED build of OpenSSL branch master with options -d --strict-warnings no-tls1_2
</A></li>
         <LI> <B>Messages sorted by:</B> 
              <a href="date.html#734">[ date ]</a>
              <a href="thread.html#734">[ thread ]</a>
              <a href="subject.html#734">[ subject ]</a>
              <a href="author.html#734">[ author ]</a>
         </LI>
       </UL>
    <HR>  
<!--beginarticle-->
<PRE>It should be fixed already - but the fixes didn't go in in time for the
latest run-checker run. By tomorrow it should be ok (hopefully).

Matt


On 10/05/18 13:57, Salz, Rich wrote:
&gt;<i> sigh
</I>&gt;<i> 
</I>&gt;<i> &#65279;On 5/10/18, 6:57 AM, &quot;OpenSSL run-checker&quot; &lt;<A HREF="../../../mailman/listinfo/openssl-project.html">openssl at openssl.org</A>&gt; wrote:
</I>&gt;<i> 
</I>&gt;<i>     Platform and configuration command:
</I>&gt;<i>     
</I>&gt;<i>     $ uname -a
</I>&gt;<i>     Linux run 4.4.0-119-generic #143-Ubuntu SMP Mon Apr 2 16:08:24 UTC 2018 x86_64 x86_64 x86_64 GNU/Linux
</I>&gt;<i>     $ CC=clang ../openssl/config -d --strict-warnings no-tls1_2
</I>&gt;<i>     
</I>&gt;<i>     Commit log since last time:
</I>&gt;<i>     
</I>&gt;<i>     7f35627 Fix typos in x509 documentation
</I>&gt;<i>     60845a0 Add CHANGES entry for PR#6009
</I>&gt;<i>     0dae8ba Add blinding in BN_GF2m_mod_inv for binary field inversions
</I>&gt;<i>     a7b0b69 ECC: unify generic ec2 and ecp scalar multiplication, deprecate ec2_mult.c
</I>&gt;<i>     fe2d397 ECDSA: remove nonce padding (delegated to EC_POINT_mul)
</I>&gt;<i>     
</I>&gt;<i>     Build log ended with (last 100 lines):
</I>&gt;<i>     
</I>&gt;<i>     ../../openssl/test/recipes/30-test_evp_extra.t ................ ok
</I>&gt;<i>     ../../openssl/test/recipes/30-test_pbelu.t .................... ok
</I>&gt;<i>     ../../openssl/test/recipes/30-test_pkey_meth.t ................ ok
</I>&gt;<i>     ../../openssl/test/recipes/30-test_pkey_meth_kdf.t ............ ok
</I>&gt;<i>     ../../openssl/test/recipes/40-test_rehash.t ................... ok
</I>&gt;<i>     ../../openssl/test/recipes/60-test_x509_check_cert_pkey.t ..... ok
</I>&gt;<i>     ../../openssl/test/recipes/60-test_x509_dup_cert.t ............ ok
</I>&gt;<i>     ../../openssl/test/recipes/60-test_x509_store.t ............... ok
</I>&gt;<i>     ../../openssl/test/recipes/60-test_x509_time.t ................ ok
</I>&gt;<i>     ../../openssl/test/recipes/70-test_asyncio.t .................. ok
</I>&gt;<i>     ../../openssl/test/recipes/70-test_bad_dtls.t ................. ok
</I>&gt;<i>     ../../openssl/test/recipes/70-test_clienthello.t .............. ok
</I>&gt;<i>     ../../openssl/test/recipes/70-test_comp.t ..................... ok
</I>&gt;<i>     ../../openssl/test/recipes/70-test_key_share.t ................ ok
</I>&gt;<i>     ../../openssl/test/recipes/70-test_packet.t ................... ok
</I>&gt;<i>     ../../openssl/test/recipes/70-test_recordlen.t ................ ok
</I>&gt;<i>     ../../openssl/test/recipes/70-test_renegotiation.t ............ skipped: test_renegotiation needs TLS &lt;= 1.2 enabled
</I>&gt;<i>     ../../openssl/test/recipes/70-test_servername.t ............... ok
</I>&gt;<i>     ../../openssl/test/recipes/70-test_sslcbcpadding.t ............ skipped: test_sslcbcpadding needs TLSv1.2 enabled
</I>&gt;<i>     ../../openssl/test/recipes/70-test_sslcertstatus.t ............ skipped: test_sslcertstatus needs TLS enabled
</I>&gt;<i>     ../../openssl/test/recipes/70-test_sslextension.t ............. ok
</I>&gt;<i>     ../../openssl/test/recipes/70-test_sslmessages.t .............. skipped: test_sslmessages needs TLS enabled
</I>&gt;<i>     ../../openssl/test/recipes/70-test_sslrecords.t ............... skipped: test_sslrecords needs TLSv1.2 enabled
</I>&gt;<i>     ../../openssl/test/recipes/70-test_sslsessiontick.t ........... skipped: test_sslsessiontick needs SSLv3, TLSv1, TLSv1.1 or TLSv1.2 enabled
</I>&gt;<i>     ../../openssl/test/recipes/70-test_sslsigalgs.t ............... ok
</I>&gt;<i>     ../../openssl/test/recipes/70-test_sslsignature.t ............. ok
</I>&gt;<i>     ../../openssl/test/recipes/70-test_sslskewith0p.t ............. ok
</I>&gt;<i>     ../../openssl/test/recipes/70-test_sslversions.t .............. skipped: test_sslversions needs TLS1.3, TLS1.2 and TLS1.1 enabled
</I>&gt;<i>     ../../openssl/test/recipes/70-test_sslvertol.t ................ ok
</I>&gt;<i>     ../../openssl/test/recipes/70-test_tls13cookie.t .............. ok
</I>&gt;<i>     ../../openssl/test/recipes/70-test_tls13downgrade.t ........... skipped: test_tls13downgrade needs TLS1.3 and TLS1.2 enabled
</I>&gt;<i>     ../../openssl/test/recipes/70-test_tls13hrr.t ................. ok
</I>&gt;<i>     ../../openssl/test/recipes/70-test_tls13kexmodes.t ............ ok
</I>&gt;<i>     ../../openssl/test/recipes/70-test_tls13messages.t ............ ok
</I>&gt;<i>     ../../openssl/test/recipes/70-test_tls13psk.t ................. ok
</I>&gt;<i>     ../../openssl/test/recipes/70-test_tlsextms.t ................. skipped: test_tlsextms needs TLSv1.0, TLSv1.1 or TLSv1.2 enabled
</I>&gt;<i>     ../../openssl/test/recipes/70-test_verify_extra.t ............. ok
</I>&gt;<i>     ../../openssl/test/recipes/70-test_wpacket.t .................. ok
</I>&gt;<i>     ../../openssl/test/recipes/80-test_ca.t ....................... ok
</I>&gt;<i>     ../../openssl/test/recipes/80-test_cipherbytes.t .............. ok
</I>&gt;<i>     ../../openssl/test/recipes/80-test_cipherlist.t ............... ok
</I>&gt;<i>     ../../openssl/test/recipes/80-test_ciphername.t ............... ok
</I>&gt;<i>     ../../openssl/test/recipes/80-test_cms.t ...................... ok
</I>&gt;<i>     ../../openssl/test/recipes/80-test_cmsapi.t ................... ok
</I>&gt;<i>     ../../openssl/test/recipes/80-test_ct.t ....................... ok
</I>&gt;<i>     ../../openssl/test/recipes/80-test_dane.t ..................... ok
</I>&gt;<i>     ../../openssl/test/recipes/80-test_dtls.t ..................... ok
</I>&gt;<i>     ../../openssl/test/recipes/80-test_dtls_mtu.t ................. ok
</I>&gt;<i>     ../../openssl/test/recipes/80-test_dtlsv1listen.t ............. ok
</I>&gt;<i>     ../../openssl/test/recipes/80-test_ocsp.t ..................... ok
</I>&gt;<i>     ../../openssl/test/recipes/80-test_pkcs12.t ................... ok
</I>&gt;<i>     ../../openssl/test/recipes/80-test_ssl_new.t .................. ok
</I>&gt;<i>     ../../openssl/test/recipes/80-test_ssl_old.t .................. ok
</I>&gt;<i>     ../../openssl/test/recipes/80-test_ssl_test_ctx.t ............. ok
</I>&gt;<i>     ../../openssl/test/recipes/80-test_sslcorrupt.t ............... ok
</I>&gt;<i>     ../../openssl/test/recipes/80-test_tsa.t ...................... ok
</I>&gt;<i>     ../../openssl/test/recipes/80-test_x509aux.t .................. ok
</I>&gt;<i>     ../../openssl/test/recipes/90-test_asn1_time.t ................ ok
</I>&gt;<i>     ../../openssl/test/recipes/90-test_async.t .................... ok
</I>&gt;<i>     ../../openssl/test/recipes/90-test_bio_enc.t .................. ok
</I>&gt;<i>     ../../openssl/test/recipes/90-test_constant_time.t ............ ok
</I>&gt;<i>     ../../openssl/test/recipes/90-test_fatalerr.t ................. ok
</I>&gt;<i>     ../../openssl/test/recipes/90-test_gmdiff.t ................... ok
</I>&gt;<i>     ../../openssl/test/recipes/90-test_ige.t ...................... ok
</I>&gt;<i>     ../../openssl/test/recipes/90-test_includes.t ................. ok
</I>&gt;<i>     ../../openssl/test/recipes/90-test_memleak.t .................. ok
</I>&gt;<i>     ../../openssl/test/recipes/90-test_overhead.t ................. skipped: Only supported in no-shared builds
</I>&gt;<i>     ../../openssl/test/recipes/90-test_secmem.t ................... ok
</I>&gt;<i>     ../../openssl/test/recipes/90-test_shlibload.t ................ ok
</I>&gt;<i>     ../../openssl/test/recipes/90-test_srp.t ...................... ok
</I>&gt;<i>     ../../openssl/test/recipes/90-test_sslapi.t ................... 
</I>&gt;<i>     Dubious, test returned 1 (wstat 256, 0x100)
</I>&gt;<i>     Failed 1/1 subtests 
</I>&gt;<i>     ../../openssl/test/recipes/90-test_sslbuffers.t ............... ok
</I>&gt;<i>     ../../openssl/test/recipes/90-test_store.t .................... ok
</I>&gt;<i>     ../../openssl/test/recipes/90-test_sysdefault.t ............... skipped: test_sysdefault is not supported in this build
</I>&gt;<i>     ../../openssl/test/recipes/90-test_threads.t .................. ok
</I>&gt;<i>     ../../openssl/test/recipes/90-test_time_offset.t .............. ok
</I>&gt;<i>     ../../openssl/test/recipes/90-test_tls13ccs.t ................. ok
</I>&gt;<i>     ../../openssl/test/recipes/90-test_tls13encryption.t .......... ok
</I>&gt;<i>     ../../openssl/test/recipes/90-test_tls13secrets.t ............. ok
</I>&gt;<i>     ../../openssl/test/recipes/90-test_v3name.t ................... ok
</I>&gt;<i>     ../../openssl/test/recipes/95-test_external_boringssl.t ....... skipped: No external tests in this configuration
</I>&gt;<i>     ../../openssl/test/recipes/95-test_external_krb5.t ............ skipped: No external tests in this configuration
</I>&gt;<i>     ../../openssl/test/recipes/95-test_external_pyca.t ............ skipped: No external tests in this configuration
</I>&gt;<i>     ../../openssl/test/recipes/99-test_ecstress.t ................. ok
</I>&gt;<i>     ../../openssl/test/recipes/99-test_fuzz.t ..................... ok
</I>&gt;<i>     
</I>&gt;<i>     Test Summary Report
</I>&gt;<i>     -------------------
</I>&gt;<i>     ../../openssl/test/recipes/90-test_sslapi.t                 (Wstat: 256 Tests: 1 Failed: 1)
</I>&gt;<i>       Failed test:  1
</I>&gt;<i>       Non-zero exit status: 1
</I>&gt;<i>     Files=147, Tests=1262, 221 wallclock secs ( 1.65 usr  0.33 sys + 195.60 cusr  9.50 csys = 207.08 CPU)
</I>&gt;<i>     Result: FAIL
</I>&gt;<i>     Makefile:204: recipe for target '_tests' failed
</I>&gt;<i>     make[1]: *** [_tests] Error 1
</I>&gt;<i>     make[1]: Leaving directory '/home/openssl/run-checker/no-tls1_2'
</I>&gt;<i>     Makefile:202: recipe for target 'tests' failed
</I>&gt;<i>     make: *** [tests] Error 2
</I>&gt;<i>     _____
</I>&gt;<i>     openssl-commits mailing list
</I>&gt;<i>     To unsubscribe: <A HREF="../../../mailman/listinfo/openssl-commits.html">https://mta.openssl.org/mailman/listinfo/openssl-commits</A>
</I>&gt;<i>     
</I>&gt;<i> 
</I>&gt;<i> _______________________________________________
</I>&gt;<i> openssl-project mailing list
</I>&gt;<i> <A HREF="../../../mailman/listinfo/openssl-project.html">openssl-project at openssl.org</A>
</I>&gt;<i> <A HREF="../../../mailman/listinfo/openssl-project.html">https://mta.openssl.org/mailman/listinfo/openssl-project</A>
</I>&gt;<i> 
</I></PRE>








<!--endarticle-->
    <HR>
    <P><UL>
        <!--threads-->
	<LI>Previous message: <A HREF="000733.html">[openssl-project] FW: [openssl-commits] Still FAILED build of OpenSSL branch master with options -d --strict-warnings no-tls1_2
</A></li>
	<LI>Next message: <A HREF="000735.html">[openssl-project] FW: [openssl-commits] Still FAILED build of OpenSSL branch master with options -d --strict-warnings no-tls1_2
</A></li>
         <LI> <B>Messages sorted by:</B> 
              <a href="date.html#734">[ date ]</a>
              <a href="thread.html#734">[ thread ]</a>
              <a href="subject.html#734">[ subject ]</a>
              <a href="author.html#734">[ author ]</a>
         </LI>
       </UL>

<hr>
<a href="../../../mailman/listinfo/openssl-project.html">More information about the openssl-project
mailing list</a><br>
</body></html>
