<!DOCTYPE HTML PUBLIC "-//W3C//DTD HTML 4.01 Transitional//EN">
<HTML>
 <HEAD>
   <TITLE> Still FAILED build of OpenSSL branch master with options -d --strict-warnings no-deprecated
   </TITLE>
   <LINK REL="Index" HREF="https://mta.openssl.org/pipermail/openssl-commits/2020-March/index.html" >
   <LINK REL="made" HREF="mailto:openssl-commits%40openssl.org?Subject=Re%3A%20Still%20FAILED%20build%20of%20OpenSSL%20branch%20master%20with%20options%20-d%0A%20--strict-warnings%20no-deprecated&In-Reply-To=%3C1583467104.520827.11199.nullmailer%40run.openssl.org%3E">
   <META NAME="robots" CONTENT="index,nofollow">
   <style type="text/css">
       pre {
           white-space: pre-wrap;       /* css-2.1, curent FF, Opera, Safari */
           }
   </style>
   <META http-equiv="Content-Type" content="text/html; charset=us-ascii">
   <LINK REL="Previous"  HREF="027786.html">
   <LINK REL="Next"  HREF="027756.html">
 </HEAD>
 <BODY BGCOLOR="#ffffff">
   <H1>Still FAILED build of OpenSSL branch master with options -d --strict-warnings no-deprecated</H1>
    <B>OpenSSL run-checker</B> 
    <A HREF="mailto:openssl-commits%40openssl.org?Subject=Re%3A%20Still%20FAILED%20build%20of%20OpenSSL%20branch%20master%20with%20options%20-d%0A%20--strict-warnings%20no-deprecated&In-Reply-To=%3C1583467104.520827.11199.nullmailer%40run.openssl.org%3E"
       TITLE="Still FAILED build of OpenSSL branch master with options -d --strict-warnings no-deprecated">openssl at openssl.org
       </A><BR>
    <I>Fri Mar  6 03:58:24 UTC 2020</I>
    <P><UL>
        <LI>Previous message: <A HREF="027786.html">Still FAILED build of OpenSSL branch master with options -d --strict-warnings no-deprecated
</A></li>
        <LI>Next message: <A HREF="027756.html">Still FAILED build of OpenSSL branch master with options -d --strict-warnings no-des
</A></li>
         <LI> <B>Messages sorted by:</B> 
              <a href="date.html#27814">[ date ]</a>
              <a href="thread.html#27814">[ thread ]</a>
              <a href="subject.html#27814">[ subject ]</a>
              <a href="author.html#27814">[ author ]</a>
         </LI>
       </UL>
    <HR>  
<!--beginarticle-->
<PRE>Platform and configuration command:

$ uname -a
Linux run 4.15.0-54-generic #58-Ubuntu SMP Mon Jun 24 10:55:24 UTC 2019 x86_64 x86_64 x86_64 GNU/Linux
$ CC=clang ../openssl/config -d --strict-warnings no-deprecated

Commit log since last time:

f07f6e400d fix a minor bug of s_client
2ae925f6fe Add CIFuzz action
af7f656cd9 crypto/ec/curve448/eddsa.c: fix EBCDIC platforms
7b2ce4a6e8 aes-s390x.pl: fix stg offset caused by typo in perlasm
922241de76 .github/PULL_REQUEST_TEMPLATE.md: Fix link to contributors guide
22b858a888 Add DSA Key validation to default provider
a54ff473df Add DH key validation to default provider
b16654a281 config, Configure: move the check of removed crypto/ sub-systems
6caf63ec48 .travis.yml: where it matters, have build and source nesting levels differ
a8055c70fa Add some missing env var documentation
888e2a9bf5 .gitignore: Add /apps/progs.{c,h}

Build log ended with (last 100 lines):

65-test_cmp_protect.t .............. ok
65-test_cmp_status.t ............... ok
65-test_cmp_vfy.t .................. ok
70-test_asyncio.t .................. ok
70-test_bad_dtls.t ................. ok
70-test_clienthello.t .............. ok
70-test_comp.t ..................... ok
70-test_key_share.t ................ ok
70-test_packet.t ................... ok
70-test_recordlen.t ................ ok
70-test_renegotiation.t ............ ok
70-test_servername.t ............... ok
70-test_sslcbcpadding.t ............ ok
70-test_sslcertstatus.t ............ ok
70-test_sslextension.t ............. ok
70-test_sslmessages.t .............. ok
70-test_sslrecords.t ............... ok
70-test_sslsessiontick.t ........... ok
70-test_sslsigalgs.t ............... ok
70-test_sslsignature.t ............. ok
70-test_sslskewith0p.t ............. ok
70-test_sslversions.t .............. ok
70-test_sslvertol.t ................ ok
70-test_tls13alerts.t .............. ok
70-test_tls13cookie.t .............. ok
70-test_tls13downgrade.t ........... ok
70-test_tls13hrr.t ................. ok
70-test_tls13kexmodes.t ............ ok
70-test_tls13messages.t ............ ok
70-test_tls13psk.t ................. ok
70-test_tlsextms.t ................. ok
70-test_verify_extra.t ............. ok
70-test_wpacket.t .................. ok
71-test_ssl_ctx.t .................. ok
80-test_ca.t ....................... ok
80-test_cipherbytes.t .............. ok
80-test_cipherlist.t ............... ok
80-test_ciphername.t ............... ok
80-test_cms.t ...................... ok
80-test_cmsapi.t ................... ok
80-test_ct.t ....................... ok
80-test_dane.t ..................... ok
80-test_dtls.t ..................... ok
80-test_dtls_mtu.t ................. ok
80-test_dtlsv1listen.t ............. ok
80-test_http.t ..................... ok
80-test_ocsp.t ..................... ok
80-test_pkcs12.t ................... ok
80-test_ssl_new.t .................. ok
80-test_ssl_old.t .................. ok
80-test_ssl_test_ctx.t ............. ok
80-test_sslcorrupt.t ............... ok
80-test_tsa.t ...................... ok
80-test_x509aux.t .................. ok
90-test_asn1_time.t ................ ok
90-test_async.t .................... ok
90-test_bio_enc.t .................. ok
90-test_bio_memleak.t .............. ok
90-test_constant_time.t ............ ok
90-test_fatalerr.t ................. ok
90-test_gmdiff.t ................... ok
90-test_gost.t ..................... 
Dubious, test returned 1 (wstat 256, 0x100)
Failed 1/1 subtests 
90-test_ige.t ...................... skipped: AES_ige support is disabled in this build
90-test_includes.t ................. ok
90-test_memleak.t .................. ok
90-test_overhead.t ................. ok
90-test_secmem.t ................... ok
90-test_shlibload.t ................ ok
90-test_srp.t ...................... ok
90-test_sslapi.t ................... ok
90-test_sslbuffers.t ............... ok
90-test_sslprovider.t .............. ok
90-test_store.t .................... ok
90-test_sysdefault.t ............... ok
90-test_threads.t .................. ok
90-test_time_offset.t .............. ok
90-test_tls13ccs.t ................. ok
90-test_tls13encryption.t .......... ok
90-test_tls13secrets.t ............. ok
90-test_v3name.t ................... ok
95-test_external_boringssl.t ....... skipped: No external tests in this configuration
95-test_external_krb5.t ............ skipped: No external tests in this configuration
95-test_external_pyca.t ............ skipped: No external tests in this configuration
99-test_ecstress.t ................. ok
99-test_fuzz.t ..................... ok

Test Summary Report
-------------------
90-test_gost.t                   (Wstat: 256 Tests: 1 Failed: 1)
  Failed test:  1
  Non-zero exit status: 1
Files=192, Tests=1916, 468 wallclock secs ( 7.16 usr  1.07 sys + 433.41 cusr 36.29 csys = 477.93 CPU)
Result: FAIL
Makefile:2925: recipe for target '_tests' failed
make[1]: *** [_tests] Error 1
make[1]: Leaving directory '/home/openssl/run-checker/no-deprecated'
Makefile:2923: recipe for target 'tests' failed
make: *** [tests] Error 2
</PRE>














































































<!--endarticle-->
    <HR>
    <P><UL>
        <!--threads-->
	<LI>Previous message: <A HREF="027786.html">Still FAILED build of OpenSSL branch master with options -d --strict-warnings no-deprecated
</A></li>
	<LI>Next message: <A HREF="027756.html">Still FAILED build of OpenSSL branch master with options -d --strict-warnings no-des
</A></li>
         <LI> <B>Messages sorted by:</B> 
              <a href="date.html#27814">[ date ]</a>
              <a href="thread.html#27814">[ thread ]</a>
              <a href="subject.html#27814">[ subject ]</a>
              <a href="author.html#27814">[ author ]</a>
         </LI>
       </UL>

<hr>
<a href="../../../mailman/listinfo/openssl-commits.html">More information about the openssl-commits
mailing list</a><br>
</body></html>
