<!DOCTYPE HTML PUBLIC "-//W3C//DTD HTML 4.01 Transitional//EN">
<HTML>
 <HEAD>
   <TITLE> [openssl-commits] FAILED build of OpenSSL branch master with	options -d --strict-warnings no-cms
   </TITLE>
   <LINK REL="Index" HREF="https://mta.openssl.org/pipermail/openssl-commits/2018-July/index.html" >
   <LINK REL="made" HREF="mailto:openssl-commits%40openssl.org?Subject=Re%3A%20%5Bopenssl-commits%5D%20FAILED%20build%20of%20OpenSSL%20branch%20master%20with%0A%09options%20-d%20--strict-warnings%20no-cms&In-Reply-To=%3C1531784975.128924.4252.nullmailer%40run.openssl.org%3E">
   <META NAME="robots" CONTENT="index,nofollow">
   <style type="text/css">
       pre {
           white-space: pre-wrap;       /* css-2.1, curent FF, Opera, Safari */
           }
   </style>
   <META http-equiv="Content-Type" content="text/html; charset=us-ascii">
   <LINK REL="Previous"  HREF="019794.html">
   <LINK REL="Next"  HREF="019796.html">
 </HEAD>
 <BODY BGCOLOR="#ffffff">
   <H1>[openssl-commits] FAILED build of OpenSSL branch master with	options -d --strict-warnings no-cms</H1>
    <B>OpenSSL run-checker</B> 
    <A HREF="mailto:openssl-commits%40openssl.org?Subject=Re%3A%20%5Bopenssl-commits%5D%20FAILED%20build%20of%20OpenSSL%20branch%20master%20with%0A%09options%20-d%20--strict-warnings%20no-cms&In-Reply-To=%3C1531784975.128924.4252.nullmailer%40run.openssl.org%3E"
       TITLE="[openssl-commits] FAILED build of OpenSSL branch master with	options -d --strict-warnings no-cms">openssl at openssl.org
       </A><BR>
    <I>Mon Jul 16 23:49:35 UTC 2018</I>
    <P><UL>
        <LI>Previous message: <A HREF="019794.html">[openssl-commits] FAILED build of OpenSSL branch master with	options -d --strict-warnings enable-asan no-shared	-DOPENSSL_SMALL_FOOTPRINT
</A></li>
        <LI>Next message: <A HREF="019796.html">[openssl-commits] FAILED build of OpenSSL branch master with	options -d --strict-warnings enable-crypto-mdebug
</A></li>
         <LI> <B>Messages sorted by:</B> 
              <a href="date.html#19795">[ date ]</a>
              <a href="thread.html#19795">[ thread ]</a>
              <a href="subject.html#19795">[ subject ]</a>
              <a href="author.html#19795">[ author ]</a>
         </LI>
       </UL>
    <HR>  
<!--beginarticle-->
<PRE>Platform and configuration command:

$ uname -a
Linux run 4.4.0-119-generic #143-Ubuntu SMP Mon Apr 2 16:08:24 UTC 2018 x86_64 x86_64 x86_64 GNU/Linux
$ CC=clang ../openssl/config -d --strict-warnings no-cms

Commit log since last time:

57fd517 Improve documentation about reading and writing
07fc8d5 Enable all protocols and ciphers in the fuzzer
01ad66f EC2M Lopez-Dahab ladder: use it also for ECDSA verify
f45846f EC2M Lopez-Dahab ladder implementation
66b0bca [test] test some important ladder corner cases and catch corner cases better and earlier
3712436 EC point multiplication: add `ladder` scaffold for specialized Montgomery ladder implementations
51f3021 Remove stale SM2 error codes

Build log ended with (last 100 lines):

../../openssl/test/recipes/30-test_pbelu.t .................... ok
../../openssl/test/recipes/30-test_pkey_meth.t ................ ok
../../openssl/test/recipes/30-test_pkey_meth_kdf.t ............ ok
../../openssl/test/recipes/40-test_rehash.t ................... ok
../../openssl/test/recipes/60-test_x509_check_cert_pkey.t ..... ok
../../openssl/test/recipes/60-test_x509_dup_cert.t ............ ok
../../openssl/test/recipes/60-test_x509_store.t ............... ok
../../openssl/test/recipes/60-test_x509_time.t ................ ok
../../openssl/test/recipes/70-test_asyncio.t .................. ok
../../openssl/test/recipes/70-test_bad_dtls.t ................. ok
../../openssl/test/recipes/70-test_clienthello.t .............. ok
../../openssl/test/recipes/70-test_comp.t ..................... ok
../../openssl/test/recipes/70-test_key_share.t ................ ok
../../openssl/test/recipes/70-test_packet.t ................... ok
../../openssl/test/recipes/70-test_recordlen.t ................ ok
../../openssl/test/recipes/70-test_renegotiation.t ............ ok
../../openssl/test/recipes/70-test_servername.t ............... ok
../../openssl/test/recipes/70-test_sslcbcpadding.t ............ ok
../../openssl/test/recipes/70-test_sslcertstatus.t ............ ok
../../openssl/test/recipes/70-test_sslextension.t ............. ok
../../openssl/test/recipes/70-test_sslmessages.t .............. ok
../../openssl/test/recipes/70-test_sslrecords.t ............... ok
../../openssl/test/recipes/70-test_sslsessiontick.t ........... ok
../../openssl/test/recipes/70-test_sslsigalgs.t ............... ok
../../openssl/test/recipes/70-test_sslsignature.t ............. ok
../../openssl/test/recipes/70-test_sslskewith0p.t ............. ok
../../openssl/test/recipes/70-test_sslversions.t .............. ok
../../openssl/test/recipes/70-test_sslvertol.t ................ ok
../../openssl/test/recipes/70-test_tls13cookie.t .............. ok
../../openssl/test/recipes/70-test_tls13downgrade.t ........... skipped: test_tls13downgrade not run in pre TLSv1.3 RFC implementation
../../openssl/test/recipes/70-test_tls13hrr.t ................. ok
../../openssl/test/recipes/70-test_tls13kexmodes.t ............ ok
../../openssl/test/recipes/70-test_tls13messages.t ............ ok
../../openssl/test/recipes/70-test_tls13psk.t ................. ok
../../openssl/test/recipes/70-test_tlsextms.t ................. ok
../../openssl/test/recipes/70-test_verify_extra.t ............. ok
../../openssl/test/recipes/70-test_wpacket.t .................. ok
../../openssl/test/recipes/80-test_ca.t ....................... ok
../../openssl/test/recipes/80-test_cipherbytes.t .............. ok
../../openssl/test/recipes/80-test_cipherlist.t ............... ok
../../openssl/test/recipes/80-test_ciphername.t ............... ok
../../openssl/test/recipes/80-test_cms.t ...................... skipped: CMS is not supported by this OpenSSL build
../../openssl/test/recipes/80-test_cmsapi.t ................... skipped: CMS is disabled in this build
../../openssl/test/recipes/80-test_ct.t ....................... ok
../../openssl/test/recipes/80-test_dane.t ..................... ok
../../openssl/test/recipes/80-test_dtls.t ..................... ok
../../openssl/test/recipes/80-test_dtls_mtu.t ................. ok
../../openssl/test/recipes/80-test_dtlsv1listen.t ............. ok
../../openssl/test/recipes/80-test_ocsp.t ..................... ok
../../openssl/test/recipes/80-test_pkcs12.t ................... ok
../../openssl/test/recipes/80-test_ssl_new.t .................. ok
../../openssl/test/recipes/80-test_ssl_old.t .................. ok
../../openssl/test/recipes/80-test_ssl_test_ctx.t ............. ok
../../openssl/test/recipes/80-test_sslcorrupt.t ............... ok
../../openssl/test/recipes/80-test_tsa.t ...................... ok
../../openssl/test/recipes/80-test_x509aux.t .................. ok
../../openssl/test/recipes/90-test_asn1_time.t ................ ok
../../openssl/test/recipes/90-test_async.t .................... ok
../../openssl/test/recipes/90-test_bio_enc.t .................. ok
../../openssl/test/recipes/90-test_constant_time.t ............ ok
../../openssl/test/recipes/90-test_fatalerr.t ................. ok
../../openssl/test/recipes/90-test_gmdiff.t ................... ok
../../openssl/test/recipes/90-test_gost.t ..................... 
Dubious, test returned 1 (wstat 256, 0x100)
Failed 1/1 subtests 
../../openssl/test/recipes/90-test_ige.t ...................... ok
../../openssl/test/recipes/90-test_includes.t ................. ok
../../openssl/test/recipes/90-test_memleak.t .................. ok
../../openssl/test/recipes/90-test_overhead.t ................. skipped: Only supported in no-shared builds
../../openssl/test/recipes/90-test_secmem.t ................... ok
../../openssl/test/recipes/90-test_shlibload.t ................ ok
../../openssl/test/recipes/90-test_srp.t ...................... ok
../../openssl/test/recipes/90-test_sslapi.t ................... ok
../../openssl/test/recipes/90-test_sslbuffers.t ............... ok
../../openssl/test/recipes/90-test_store.t .................... ok
../../openssl/test/recipes/90-test_sysdefault.t ............... ok
../../openssl/test/recipes/90-test_threads.t .................. ok
../../openssl/test/recipes/90-test_time_offset.t .............. ok
../../openssl/test/recipes/90-test_tls13ccs.t ................. ok
../../openssl/test/recipes/90-test_tls13encryption.t .......... ok
../../openssl/test/recipes/90-test_tls13secrets.t ............. ok
../../openssl/test/recipes/90-test_v3name.t ................... ok
../../openssl/test/recipes/95-test_external_boringssl.t ....... skipped: No external tests in this configuration
../../openssl/test/recipes/95-test_external_krb5.t ............ skipped: No external tests in this configuration
../../openssl/test/recipes/95-test_external_pyca.t ............ skipped: No external tests in this configuration
../../openssl/test/recipes/99-test_ecstress.t ................. ok
../../openssl/test/recipes/99-test_fuzz.t ..................... ok

Test Summary Report
-------------------
../../openssl/test/recipes/90-test_gost.t                   (Wstat: 256 Tests: 1 Failed: 1)
  Failed test:  1
  Non-zero exit status: 1
Files=150, Tests=1343, 208 wallclock secs ( 3.02 usr  0.39 sys + 176.93 cusr 10.74 csys = 191.08 CPU)
Result: FAIL
Makefile:204: recipe for target '_tests' failed
make[1]: *** [_tests] Error 1
make[1]: Leaving directory '/home/openssl/run-checker/no-cms'
Makefile:202: recipe for target 'tests' failed
make: *** [tests] Error 2
</PRE>















































































<!--endarticle-->
    <HR>
    <P><UL>
        <!--threads-->
	<LI>Previous message: <A HREF="019794.html">[openssl-commits] FAILED build of OpenSSL branch master with	options -d --strict-warnings enable-asan no-shared	-DOPENSSL_SMALL_FOOTPRINT
</A></li>
	<LI>Next message: <A HREF="019796.html">[openssl-commits] FAILED build of OpenSSL branch master with	options -d --strict-warnings enable-crypto-mdebug
</A></li>
         <LI> <B>Messages sorted by:</B> 
              <a href="date.html#19795">[ date ]</a>
              <a href="thread.html#19795">[ thread ]</a>
              <a href="subject.html#19795">[ subject ]</a>
              <a href="author.html#19795">[ author ]</a>
         </LI>
       </UL>

<hr>
<a href="../../../mailman/listinfo/openssl-commits.html">More information about the openssl-commits
mailing list</a><br>
</body></html>
