<!DOCTYPE HTML PUBLIC "-//W3C//DTD HTML 4.01 Transitional//EN">
<HTML>
 <HEAD>
   <TITLE> Still FAILED build of OpenSSL branch master with options --strict-warnings
   </TITLE>
   <LINK REL="Index" HREF="https://mta.openssl.org/pipermail/openssl-commits/2021-June/index.html" >
   <LINK REL="made" HREF="mailto:openssl-commits%40openssl.org?Subject=Re%3A%20Still%20FAILED%20build%20of%20OpenSSL%20branch%20master%20with%20options%0A%20--strict-warnings&In-Reply-To=%3C1623276689.774812.147486.nullmailer%40run.openssl.org%3E">
   <META NAME="robots" CONTENT="index,nofollow">
   <style type="text/css">
       pre {
           white-space: pre-wrap;       /* css-2.1, curent FF, Opera, Safari */
           }
   </style>
   <META http-equiv="Content-Type" content="text/html; charset=us-ascii">
   <LINK REL="Previous"  HREF="034644.html">
   <LINK REL="Next"  HREF="034680.html">
 </HEAD>
 <BODY BGCOLOR="#ffffff">
   <H1>Still FAILED build of OpenSSL branch master with options --strict-warnings</H1>
    <B>OpenSSL run-checker</B> 
    <A HREF="mailto:openssl-commits%40openssl.org?Subject=Re%3A%20Still%20FAILED%20build%20of%20OpenSSL%20branch%20master%20with%20options%0A%20--strict-warnings&In-Reply-To=%3C1623276689.774812.147486.nullmailer%40run.openssl.org%3E"
       TITLE="Still FAILED build of OpenSSL branch master with options --strict-warnings">openssl at openssl.org
       </A><BR>
    <I>Wed Jun  9 22:11:29 UTC 2021</I>
    <P><UL>
        <LI>Previous message: <A HREF="034644.html">Still FAILED build of OpenSSL branch master with options --strict-warnings
</A></li>
        <LI>Next message: <A HREF="034680.html">Still FAILED build of OpenSSL branch master with options --strict-warnings
</A></li>
         <LI> <B>Messages sorted by:</B> 
              <a href="date.html#34657">[ date ]</a>
              <a href="thread.html#34657">[ thread ]</a>
              <a href="subject.html#34657">[ subject ]</a>
              <a href="author.html#34657">[ author ]</a>
         </LI>
       </UL>
    <HR>  
<!--beginarticle-->
<PRE>Platform and configuration command:

$ uname -a
Linux run 5.4.0-72-generic #80-Ubuntu SMP Mon Apr 12 17:35:00 UTC 2021 x86_64 x86_64 x86_64 GNU/Linux
$ CC=clang ../openssl/config --strict-warnings

Commit log since last time:

ef2194c4ad DECODER &amp; ENCODER: Add better tracing
8ea5a6b523 DECODER: Adapt addition of extra decoder implementations
6a2b8ff392 Decoding PKCS#8: separate decoding of encrypted and unencrypted PKCS#8
320fc032b9 25-test_verify.t: Add test case: accept trusted self-signed EE cert with key usage keyCertSign also when strict
80070e478a test/certs/mkcert.sh: Correct description of geneealt parameters
65a97b2c38 25-test_verify.t: Prevent expiration of test case 'Name constraints bad othername name constraint'
d63053bbdf 80-test_cmp_http.t: Improve the way the test server is launched and killed
ee1d1db824 80-test_cmp_http.t: Simplify and prevent hangs on server not launching/behaving correctly
f8ab78f6c2 Remove I_CAN_LIVE_WITH_LNK4049
1af9b646e8 keymgmt: better detect when a key manager can be reused

Build log ended with (last 100 lines):

        # ERROR: (bool) 'create_ssl_ctx_pair(NULL, TLS_server_method(), TLS_client_method(), TLS1_VERSION, 0, &amp;sctx, &amp;cctx, ciphers[idx].certnum == 0 ? cert1 : cert2, ciphers[idx].certnum == 0 ? privkey1 : privkey2) == true' failed @ ../openssl/test/gosttest.c:57
        # false
        # 8041FD9A2C7F0000:error:03000072:digital envelope routines:X509_PUBKEY_get0:decode error:../openssl/crypto/x509/x_pubkey.c:424:
        # 8041FD9A2C7F0000:error:0A00018F:SSL routines:SSL_CTX_use_certificate:ee key too small:../openssl/ssl/ssl_rsa.c:221:
        # OPENSSL_TEST_RAND_ORDER=1623276479
        not ok 3 - iteration 3
# ------------------------------------------------------------------------------
        # ERROR: (int) 'SSL_CTX_use_certificate_file(serverctx, certfile, SSL_FILETYPE_PEM) == 1' failed @ ../openssl/test/helpers/ssltestlib.c:741
        # [0] compared to [1]
        # ERROR: (bool) 'create_ssl_ctx_pair(NULL, TLS_server_method(), TLS_client_method(), TLS1_VERSION, 0, &amp;sctx, &amp;cctx, ciphers[idx].certnum == 0 ? cert1 : cert2, ciphers[idx].certnum == 0 ? privkey1 : privkey2) == true' failed @ ../openssl/test/gosttest.c:57
        # false
        # 8041FD9A2C7F0000:error:03000072:digital envelope routines:X509_PUBKEY_get0:decode error:../openssl/crypto/x509/x_pubkey.c:424:
        # 8041FD9A2C7F0000:error:0A00018F:SSL routines:SSL_CTX_use_certificate:ee key too small:../openssl/ssl/ssl_rsa.c:221:
        # OPENSSL_TEST_RAND_ORDER=1623276479
        not ok 4 - iteration 4
# ------------------------------------------------------------------------------
        # ERROR: (int) 'SSL_CTX_use_certificate_file(serverctx, certfile, SSL_FILETYPE_PEM) == 1' failed @ ../openssl/test/helpers/ssltestlib.c:741
        # [0] compared to [1]
        # ERROR: (bool) 'create_ssl_ctx_pair(NULL, TLS_server_method(), TLS_client_method(), TLS1_VERSION, 0, &amp;sctx, &amp;cctx, ciphers[idx].certnum == 0 ? cert1 : cert2, ciphers[idx].certnum == 0 ? privkey1 : privkey2) == true' failed @ ../openssl/test/gosttest.c:57
        # false
        # 8041FD9A2C7F0000:error:03000072:digital envelope routines:X509_PUBKEY_get0:decode error:../openssl/crypto/x509/x_pubkey.c:424:
        # 8041FD9A2C7F0000:error:0A00018F:SSL routines:SSL_CTX_use_certificate:ee key too small:../openssl/ssl/ssl_rsa.c:221:
        # OPENSSL_TEST_RAND_ORDER=1623276479
        not ok 5 - iteration 5
# ------------------------------------------------------------------------------
        # ERROR: (int) 'SSL_CTX_use_certificate_file(serverctx, certfile, SSL_FILETYPE_PEM) == 1' failed @ ../openssl/test/helpers/ssltestlib.c:741
        # [0] compared to [1]
        # ERROR: (bool) 'create_ssl_ctx_pair(NULL, TLS_server_method(), TLS_client_method(), TLS1_VERSION, 0, &amp;sctx, &amp;cctx, ciphers[idx].certnum == 0 ? cert1 : cert2, ciphers[idx].certnum == 0 ? privkey1 : privkey2) == true' failed @ ../openssl/test/gosttest.c:57
        # false
        # 8041FD9A2C7F0000:error:03000072:digital envelope routines:X509_PUBKEY_get0:decode error:../openssl/crypto/x509/x_pubkey.c:424:
        # 8041FD9A2C7F0000:error:0A00018F:SSL routines:SSL_CTX_use_certificate:ee key too small:../openssl/ssl/ssl_rsa.c:221:
        # OPENSSL_TEST_RAND_ORDER=1623276479
        not ok 6 - iteration 6
# ------------------------------------------------------------------------------
        # ERROR: (int) 'SSL_CTX_use_certificate_file(serverctx, certfile, SSL_FILETYPE_PEM) == 1' failed @ ../openssl/test/helpers/ssltestlib.c:741
        # [0] compared to [1]
        # ERROR: (bool) 'create_ssl_ctx_pair(NULL, TLS_server_method(), TLS_client_method(), TLS1_VERSION, 0, &amp;sctx, &amp;cctx, ciphers[idx].certnum == 0 ? cert1 : cert2, ciphers[idx].certnum == 0 ? privkey1 : privkey2) == true' failed @ ../openssl/test/gosttest.c:57
        # false
        # 8041FD9A2C7F0000:error:03000072:digital envelope routines:X509_PUBKEY_get0:decode error:../openssl/crypto/x509/x_pubkey.c:424:
        # 8041FD9A2C7F0000:error:0A00018F:SSL routines:SSL_CTX_use_certificate:ee key too small:../openssl/ssl/ssl_rsa.c:221:
        # OPENSSL_TEST_RAND_ORDER=1623276479
        not ok 7 - iteration 7
# ------------------------------------------------------------------------------
        # ERROR: (int) 'SSL_CTX_use_certificate_file(serverctx, certfile, SSL_FILETYPE_PEM) == 1' failed @ ../openssl/test/helpers/ssltestlib.c:741
        # [0] compared to [1]
        # ERROR: (bool) 'create_ssl_ctx_pair(NULL, TLS_server_method(), TLS_client_method(), TLS1_VERSION, 0, &amp;sctx, &amp;cctx, ciphers[idx].certnum == 0 ? cert1 : cert2, ciphers[idx].certnum == 0 ? privkey1 : privkey2) == true' failed @ ../openssl/test/gosttest.c:57
        # false
        # 8041FD9A2C7F0000:error:03000072:digital envelope routines:X509_PUBKEY_get0:decode error:../openssl/crypto/x509/x_pubkey.c:424:
        # 8041FD9A2C7F0000:error:0A00018F:SSL routines:SSL_CTX_use_certificate:ee key too small:../openssl/ssl/ssl_rsa.c:221:
        # OPENSSL_TEST_RAND_ORDER=1623276479
        not ok 8 - iteration 8
# ------------------------------------------------------------------------------
    # OPENSSL_TEST_RAND_ORDER=1623276479
    not ok 1 - test_tls13
# ------------------------------------------------------------------------------
../../util/wrap.pl ../../test/gosttest ../../../openssl/test/recipes/90-test_gost_data/server-cert2001.pem ../../../openssl/test/recipes/90-test_gost_data/server-key2001.pem ../../../openssl/test/recipes/90-test_gost_data/server-cert2012.pem ../../../openssl/test/recipes/90-test_gost_data/server-key2012.pem =&gt; 1
not ok 1 - running gosttest
# ------------------------------------------------------------------------------
#   Failed test 'running gosttest'
#   at ../openssl/test/recipes/90-test_gost.t line 39.
# Looks like you failed 1 test of 1.90-test_gost.t ..................... 
Dubious, test returned 1 (wstat 256, 0x100)
Failed 1/1 subtests 
90-test_ige.t ...................... ok
90-test_memleak.t .................. ok
90-test_overhead.t ................. ok
90-test_includes.t ................. ok
90-test_secmem.t ................... ok
90-test_shlibload.t ................ ok
90-test_srp.t ...................... ok
90-test_sslbuffers.t ............... ok

# 
Killing mock server with pid=13852380-test_cmp_http.t ................. ok
90-test_sysdefault.t ............... ok
90-test_threads.t .................. ok
90-test_time_offset.t .............. ok
90-test_tls13ccs.t ................. ok
90-test_tls13encryption.t .......... ok
90-test_tls13secrets.t ............. ok
90-test_v3name.t ................... ok
91-test_pkey_check.t ............... ok
95-test_external_gost_engine.t ..... skipped: No external tests in this configuration
95-test_external_krb5.t ............ skipped: No external tests in this configuration
95-test_external_pyca.t ............ skipped: No external tests in this configuration
99-test_ecstress.t ................. ok
80-test_ssl_old.t .................. ok
90-test_store.t .................... ok
90-test_sslapi.t ................... ok

Test Summary Report
-------------------
90-test_gost.t                   (Wstat: 256 Tests: 1 Failed: 1)
  Failed test:  1
  Non-zero exit status: 1
Files=236, Tests=3237, 197 wallclock secs (13.47 usr  1.36 sys + 637.33 cusr 61.84 csys = 714.00 CPU)
Result: FAIL
make[1]: *** [Makefile:3239: run_tests] Error 1
make[1]: Leaving directory '/home/openssl/run-checker/default'
make: *** [Makefile:3235: tests] Error 2
</PRE>





























































































































































<!--endarticle-->
    <HR>
    <P><UL>
        <!--threads-->
	<LI>Previous message: <A HREF="034644.html">Still FAILED build of OpenSSL branch master with options --strict-warnings
</A></li>
	<LI>Next message: <A HREF="034680.html">Still FAILED build of OpenSSL branch master with options --strict-warnings
</A></li>
         <LI> <B>Messages sorted by:</B> 
              <a href="date.html#34657">[ date ]</a>
              <a href="thread.html#34657">[ thread ]</a>
              <a href="subject.html#34657">[ subject ]</a>
              <a href="author.html#34657">[ author ]</a>
         </LI>
       </UL>

<hr>
<a href="../../../mailman/listinfo/openssl-commits.html">More information about the openssl-commits
mailing list</a><br>
</body></html>
