<!DOCTYPE HTML PUBLIC "-//W3C//DTD HTML 4.01 Transitional//EN">
<HTML>
 <HEAD>
   <TITLE> FAILED build of OpenSSL branch master with options -d --strict-warnings no-ec
   </TITLE>
   <LINK REL="Index" HREF="https://mta.openssl.org/pipermail/openssl-commits/2019-April/index.html" >
   <LINK REL="made" HREF="mailto:openssl-commits%40openssl.org?Subject=Re%3A%20FAILED%20build%20of%20OpenSSL%20branch%20master%20with%20options%20-d%0A%20--strict-warnings%20no-ec&In-Reply-To=%3C1554082725.956196.4846.nullmailer%40run.openssl.org%3E">
   <META NAME="robots" CONTENT="index,nofollow">
   <style type="text/css">
       pre {
           white-space: pre-wrap;       /* css-2.1, curent FF, Opera, Safari */
           }
   </style>
   <META http-equiv="Content-Type" content="text/html; charset=us-ascii">
   
   <LINK REL="Next"  HREF="022593.html">
 </HEAD>
 <BODY BGCOLOR="#ffffff">
   <H1>FAILED build of OpenSSL branch master with options -d --strict-warnings no-ec</H1>
    <B>OpenSSL run-checker</B> 
    <A HREF="mailto:openssl-commits%40openssl.org?Subject=Re%3A%20FAILED%20build%20of%20OpenSSL%20branch%20master%20with%20options%20-d%0A%20--strict-warnings%20no-ec&In-Reply-To=%3C1554082725.956196.4846.nullmailer%40run.openssl.org%3E"
       TITLE="FAILED build of OpenSSL branch master with options -d --strict-warnings no-ec">openssl at openssl.org
       </A><BR>
    <I>Mon Apr  1 01:38:45 UTC 2019</I>
    <P><UL>
        
        <LI>Next message: <A HREF="022593.html">FAILED build of OpenSSL branch master with options -d --strict-warnings no-heartbeats
</A></li>
         <LI> <B>Messages sorted by:</B> 
              <a href="date.html#22592">[ date ]</a>
              <a href="thread.html#22592">[ thread ]</a>
              <a href="subject.html#22592">[ subject ]</a>
              <a href="author.html#22592">[ author ]</a>
         </LI>
       </UL>
    <HR>  
<!--beginarticle-->
<PRE>Platform and configuration command:

$ uname -a
Linux run 4.4.0-135-generic #161-Ubuntu SMP Mon Aug 27 10:45:01 UTC 2018 x86_64 x86_64 x86_64 GNU/Linux
$ CC=clang ../openssl/config -d --strict-warnings no-ec

Commit log since last time:

cad8347be2 fixed public range check in ec_GF2m_simple_oct2point
863360fbc5 Implement the param types that aren't explicitly lengthened (e.g. int) in terms of those that are (e.g. int32_t).
f3448f5481 issue-8493: Fix for filenames with newlines using openssl dgst
875c9a9a34 Fix a memleak in apps/verify
7eba43e837 Add documents for SM2 cert verification
317ba78fe1 Add test cases for SM2 cert verification
3a8269b319 trace: rename the default trace category from 'ANY' to 'ALL'
02bd2d7f5c trace: apps/openssl: print the correct category name
6a411436a5 trace: fix out-of-bound memory access
0fda9f7c29 trace: don't pretend success if it's not enabled
2e6b615f79 s390x assembly pack: import poly from cryptogams repo
558ea84743 Remove heartbeats completely
d88736df4d Windows, VMS: build fixes
72962d025f Correctly initialise PACKET to zero in the tests to avoid possible problems with padding bytes.
6fc1e6246f Propery initialise struct sslapitest_log_counts to zero using memset.
79bc34185f Correctly zero the DISPLAY_COLUMNS structure.
80de174281 Make the array zeroing explicit using memset.
2661d716d9 It isn't necessary to initialise a struct stat before a stat(2) system call. The initialisation was also flawed, failing to account for padding and alignment bytes.
64a45882c7 Ensure that the struct msghdr is properly zeroed.
c75f80a468 openssl dgst: show MD name at all times - CHANGES entry
7ed4b97b61 openssl dgst: show MD name at all times
678d2681b2 Clear seed source structures.
9c98aa354d For the lack of GetModuleHandleEx(), we use DSO route for WinCE. Revert win32_pathbyaddr() which is used in DSO_dsobyaddr().
3d098890b2 Circumvent a problem of lacking GetEnvironmentVariable() in WindowsCE.
09305a7d0a Avoid linking error for InitializeCriticalSectionAndSpinCount(). Replace it with InitializeCriticalSection()
88ffc8dea4 Avoid linking error on WCE700 for _InterlockedExchangeAdd(). This implementation is referenced to <A HREF="https://www.boost.org/doc/libs/1_69_0/boost/detail/interlocked.hpp">https://www.boost.org/doc/libs/1_69_0/boost/detail/interlocked.hpp</A>
d69226a3fc Add the FIPS related continuous random number generator (CRNG) testing. Refer to FIPS 140-2 section 4.9.2 Conditional Tests for details.
cd353c7768 Configurations/00-base-templates.conf: engage {chacha|poly1305}-ia64.
291bc802e4 IA64 assembly pack: add {chacha|poly1305}-ia64 modules.
952abb1521 Fixed unmatched BN_CTX_start/end if an invalid exponent is used.
711a161f03 Fix broken change from b3d113e.

Build log ended with (last 100 lines):

../../openssl/test/recipes/30-test_pbelu.t .................... ok
../../openssl/test/recipes/30-test_pkey_meth.t ................ ok
../../openssl/test/recipes/30-test_pkey_meth_kdf.t ............ ok
../../openssl/test/recipes/40-test_rehash.t ................... ok
../../openssl/test/recipes/60-test_x509_check_cert_pkey.t ..... ok
../../openssl/test/recipes/60-test_x509_dup_cert.t ............ ok
../../openssl/test/recipes/60-test_x509_store.t ............... ok
../../openssl/test/recipes/60-test_x509_time.t ................ ok
../../openssl/test/recipes/70-test_asyncio.t .................. ok
../../openssl/test/recipes/70-test_bad_dtls.t ................. ok
../../openssl/test/recipes/70-test_clienthello.t .............. ok
../../openssl/test/recipes/70-test_comp.t ..................... ok
../../openssl/test/recipes/70-test_key_share.t ................ skipped: test_key_share needs TLS1.3 enabled
../../openssl/test/recipes/70-test_packet.t ................... ok
../../openssl/test/recipes/70-test_recordlen.t ................ ok
../../openssl/test/recipes/70-test_renegotiation.t ............ ok
../../openssl/test/recipes/70-test_servername.t ............... ok
../../openssl/test/recipes/70-test_sslcbcpadding.t ............ ok
../../openssl/test/recipes/70-test_sslcertstatus.t ............ ok
../../openssl/test/recipes/70-test_sslextension.t ............. ok
../../openssl/test/recipes/70-test_sslmessages.t .............. ok
../../openssl/test/recipes/70-test_sslrecords.t ............... ok
../../openssl/test/recipes/70-test_sslsessiontick.t ........... ok
../../openssl/test/recipes/70-test_sslsigalgs.t ............... ok
../../openssl/test/recipes/70-test_sslsignature.t ............. ok
../../openssl/test/recipes/70-test_sslskewith0p.t ............. ok
../../openssl/test/recipes/70-test_sslversions.t .............. skipped: test_sslversions needs TLS1.3, TLS1.2 and TLS1.1 enabled
../../openssl/test/recipes/70-test_sslvertol.t ................ ok
../../openssl/test/recipes/70-test_tls13alerts.t .............. skipped: test_tls13alerts needs TLS1.3 enabled
../../openssl/test/recipes/70-test_tls13cookie.t .............. skipped: test_tls13cookie needs TLS1.3 enabled
../../openssl/test/recipes/70-test_tls13downgrade.t ........... skipped: test_tls13downgrade needs TLS1.3 and TLS1.2 enabled
../../openssl/test/recipes/70-test_tls13hrr.t ................. skipped: test_tls13hrr needs TLS1.3 enabled
../../openssl/test/recipes/70-test_tls13kexmodes.t ............ skipped: test_tls13kexmodes needs TLSv1.3 enabled
../../openssl/test/recipes/70-test_tls13messages.t ............ skipped: test_tls13messages needs TLSv1.3 enabled
../../openssl/test/recipes/70-test_tls13psk.t ................. skipped: test_tls13psk needs TLSv1.3 enabled
../../openssl/test/recipes/70-test_tlsextms.t ................. ok
../../openssl/test/recipes/70-test_verify_extra.t ............. ok
../../openssl/test/recipes/70-test_wpacket.t .................. ok
../../openssl/test/recipes/80-test_ca.t ....................... ok
../../openssl/test/recipes/80-test_cipherbytes.t .............. ok
../../openssl/test/recipes/80-test_cipherlist.t ............... ok
../../openssl/test/recipes/80-test_ciphername.t ............... ok
../../openssl/test/recipes/80-test_cms.t ...................... ok
../../openssl/test/recipes/80-test_cmsapi.t ................... ok
../../openssl/test/recipes/80-test_ct.t ....................... skipped: ct and ec are not supported by this OpenSSL build
../../openssl/test/recipes/80-test_dane.t ..................... skipped: test_dane uses ec which is not supported by this OpenSSL build
../../openssl/test/recipes/80-test_dtls.t ..................... ok
../../openssl/test/recipes/80-test_dtls_mtu.t ................. ok
../../openssl/test/recipes/80-test_dtlsv1listen.t ............. ok
../../openssl/test/recipes/80-test_ocsp.t ..................... ok
../../openssl/test/recipes/80-test_pkcs12.t ................... ok
../../openssl/test/recipes/80-test_ssl_new.t .................. ok
../../openssl/test/recipes/80-test_ssl_old.t .................. ok
../../openssl/test/recipes/80-test_ssl_test_ctx.t ............. ok
../../openssl/test/recipes/80-test_sslcorrupt.t ............... ok
../../openssl/test/recipes/80-test_tsa.t ...................... ok
../../openssl/test/recipes/80-test_x509aux.t .................. skipped: test_dane uses ec which is not supported by this OpenSSL build
../../openssl/test/recipes/90-test_asn1_time.t ................ ok
../../openssl/test/recipes/90-test_async.t .................... ok
../../openssl/test/recipes/90-test_bio_enc.t .................. ok
../../openssl/test/recipes/90-test_bio_memleak.t .............. ok
../../openssl/test/recipes/90-test_constant_time.t ............ ok
../../openssl/test/recipes/90-test_fatalerr.t ................. ok
../../openssl/test/recipes/90-test_gmdiff.t ................... ok
../../openssl/test/recipes/90-test_gost.t ..................... skipped: TLSv1.3 or TLSv1.2 are disabled in this OpenSSL build
../../openssl/test/recipes/90-test_ige.t ...................... ok
../../openssl/test/recipes/90-test_includes.t ................. ok
../../openssl/test/recipes/90-test_memleak.t .................. ok
../../openssl/test/recipes/90-test_overhead.t ................. skipped: Only supported in no-shared builds
../../openssl/test/recipes/90-test_secmem.t ................... ok
../../openssl/test/recipes/90-test_shlibload.t ................ ok
../../openssl/test/recipes/90-test_srp.t ...................... ok
../../openssl/test/recipes/90-test_sslapi.t ................... ok
../../openssl/test/recipes/90-test_sslbuffers.t ............... ok
../../openssl/test/recipes/90-test_store.t .................... ok
../../openssl/test/recipes/90-test_sysdefault.t ............... ok
../../openssl/test/recipes/90-test_threads.t .................. ok
../../openssl/test/recipes/90-test_time_offset.t .............. ok
../../openssl/test/recipes/90-test_tls13ccs.t ................. skipped: test_tls13ccs is not supported in this build
../../openssl/test/recipes/90-test_tls13encryption.t .......... skipped: tls13encryption is not supported in this build
../../openssl/test/recipes/90-test_tls13secrets.t ............. skipped: tls13secrets is not supported in this build
../../openssl/test/recipes/90-test_v3name.t ................... ok
../../openssl/test/recipes/95-test_external_boringssl.t ....... skipped: No external tests in this configuration
../../openssl/test/recipes/95-test_external_krb5.t ............ skipped: No external tests in this configuration
../../openssl/test/recipes/95-test_external_pyca.t ............ skipped: No external tests in this configuration
../../openssl/test/recipes/99-test_ecstress.t ................. ok
../../openssl/test/recipes/99-test_fuzz.t ..................... ok

Test Summary Report
-------------------
../../openssl/test/recipes/25-test_verify.t                 (Wstat: 65280 Tests: 136 Failed: 0)
  Non-zero exit status: 255
  Parse errors: Bad plan.  You planned 137 tests but ran 136.
Files=168, Tests=1272, 145 wallclock secs ( 1.79 usr  0.37 sys + 127.66 cusr 10.35 csys = 140.17 CPU)
Result: FAIL
Makefile:198: recipe for target '_tests' failed
make[1]: *** [_tests] Error 1
make[1]: Leaving directory '/home/openssl/run-checker/no-ec'
Makefile:196: recipe for target 'tests' failed
make: *** [tests] Error 2
</PRE>


<!--endarticle-->
    <HR>
    <P><UL>
        <!--threads-->
	
	<LI>Next message: <A HREF="022593.html">FAILED build of OpenSSL branch master with options -d --strict-warnings no-heartbeats
</A></li>
         <LI> <B>Messages sorted by:</B> 
              <a href="date.html#22592">[ date ]</a>
              <a href="thread.html#22592">[ thread ]</a>
              <a href="subject.html#22592">[ subject ]</a>
              <a href="author.html#22592">[ author ]</a>
         </LI>
       </UL>

<hr>
<a href="../../../mailman/listinfo/openssl-commits.html">More information about the openssl-commits
mailing list</a><br>
</body></html>
