<!DOCTYPE HTML PUBLIC "-//W3C//DTD HTML 4.01 Transitional//EN">
<HTML>
 <HEAD>
   <TITLE> FAILED build of OpenSSL branch master with options -d --strict-warnings enable-ubsan -DPEDANTIC -DOPENSSL_SMALL_FOOTPRINT -fno-sanitize=alignment
   </TITLE>
   <LINK REL="Index" HREF="https://mta.openssl.org/pipermail/openssl-commits/2019-April/index.html" >
   <LINK REL="made" HREF="mailto:openssl-commits%40openssl.org?Subject=Re%3A%20FAILED%20build%20of%20OpenSSL%20branch%20master%20with%20options%20-d%0A%20--strict-warnings%20enable-ubsan%20-DPEDANTIC%20-DOPENSSL_SMALL_FOOTPRINT%0A%20-fno-sanitize%3Dalignment&In-Reply-To=%3C1554717352.630999.13550.nullmailer%40run.openssl.org%3E">
   <META NAME="robots" CONTENT="index,nofollow">
   <style type="text/css">
       pre {
           white-space: pre-wrap;       /* css-2.1, curent FF, Opera, Safari */
           }
   </style>
   <META http-equiv="Content-Type" content="text/html; charset=us-ascii">
   <LINK REL="Previous"  HREF="022721.html">
   <LINK REL="Next"  HREF="022723.html">
 </HEAD>
 <BODY BGCOLOR="#ffffff">
   <H1>FAILED build of OpenSSL branch master with options -d --strict-warnings enable-ubsan -DPEDANTIC -DOPENSSL_SMALL_FOOTPRINT -fno-sanitize=alignment</H1>
    <B>OpenSSL run-checker</B> 
    <A HREF="mailto:openssl-commits%40openssl.org?Subject=Re%3A%20FAILED%20build%20of%20OpenSSL%20branch%20master%20with%20options%20-d%0A%20--strict-warnings%20enable-ubsan%20-DPEDANTIC%20-DOPENSSL_SMALL_FOOTPRINT%0A%20-fno-sanitize%3Dalignment&In-Reply-To=%3C1554717352.630999.13550.nullmailer%40run.openssl.org%3E"
       TITLE="FAILED build of OpenSSL branch master with options -d --strict-warnings enable-ubsan -DPEDANTIC -DOPENSSL_SMALL_FOOTPRINT -fno-sanitize=alignment">openssl at openssl.org
       </A><BR>
    <I>Mon Apr  8 09:55:52 UTC 2019</I>
    <P><UL>
        <LI>Previous message: <A HREF="022721.html">Still Failing: openssl/openssl#24613 (master - e9cfa19)
</A></li>
        <LI>Next message: <A HREF="022723.html">Build failed: openssl master.24022
</A></li>
         <LI> <B>Messages sorted by:</B> 
              <a href="date.html#22722">[ date ]</a>
              <a href="thread.html#22722">[ thread ]</a>
              <a href="subject.html#22722">[ subject ]</a>
              <a href="author.html#22722">[ author ]</a>
         </LI>
       </UL>
    <HR>  
<!--beginarticle-->
<PRE>Platform and configuration command:

$ uname -a
Linux run 4.4.0-135-generic #161-Ubuntu SMP Mon Aug 27 10:45:01 UTC 2018 x86_64 x86_64 x86_64 GNU/Linux
$ CC=clang ../openssl/config -d --strict-warnings enable-ubsan -DPEDANTIC -DOPENSSL_SMALL_FOOTPRINT -fno-sanitize=alignment

Commit log since last time:

23dc8feba8 Coverity: fix two minor NPD issues. Found by Coverity.
6ce84e6410 Fix big endian param API tests.
8cf85d4899 Fix the allocation size in EVP_OpenInit and PEM_SignFinal
de3955f662 EVP configuration section: add 'default_properties' command
cb92964563 EVP_set_default_properties(): New function to set global properties
bc362b9b72 Convert the ENGINE_CONF trace calls to use CONF instead
0196ad63d3 Add a bit of tracing in the core conf module runner
71849dff56 Rename the PROVIDER_CONF trace to CONF
e3af453bac OPENSSL_init_crypto(): check config return code correctly
0f5163bd1c Fix number clash: EVP_F_AESNI_XTS_INIT_KEY vs EVP_F_EVP_MD_BLOCK_SIZE
3538b0f7ad Move the AES-XTS mode duplicated key check into the init_key function rather than the update call.  The means an earlier error return at the cost of some duplicated code.
0be2cc5eb3 Complain if there are missing symbols when creating a provider .so file
1576dfe090 Test that we can use the FIPS provider
e75455173b Add a no-fips Configure option
9efa0ae0b6 Create a FIPS provider and put SHA256 in it

Build log ended with (last 100 lines):

/home/openssl/run-checker/enable-ubsan/../openssl/crypto/sha/sha256.c:210: undefined reference to `__ubsan_handle_shift_out_of_bounds_abort'
/home/openssl/run-checker/enable-ubsan/../openssl/crypto/sha/sha256.c:210: undefined reference to `__ubsan_handle_shift_out_of_bounds_abort'
/home/openssl/run-checker/enable-ubsan/../openssl/crypto/sha/sha256.c:210: undefined reference to `__ubsan_handle_shift_out_of_bounds_abort'
/home/openssl/run-checker/enable-ubsan/../openssl/crypto/sha/sha256.c:210: undefined reference to `__ubsan_handle_shift_out_of_bounds_abort'
/home/openssl/run-checker/enable-ubsan/../openssl/crypto/sha/sha256.c:210: undefined reference to `__ubsan_handle_shift_out_of_bounds_abort'
crypto/sha/fips-dso-sha256.o:/home/openssl/run-checker/enable-ubsan/../openssl/crypto/sha/sha256.c:210: more undefined references to `__ubsan_handle_shift_out_of_bounds_abort' follow
crypto/sha/fips-dso-sha256.o: In function `sha256_block_data_order':
/home/openssl/run-checker/enable-ubsan/../openssl/crypto/sha/sha256.c:202: undefined reference to `__ubsan_handle_add_overflow_abort'
/home/openssl/run-checker/enable-ubsan/../openssl/crypto/sha/sha256.c:221: undefined reference to `__ubsan_handle_type_mismatch_v1_abort'
/home/openssl/run-checker/enable-ubsan/../openssl/crypto/sha/sha256.c:221: undefined reference to `__ubsan_handle_out_of_bounds_abort'
/home/openssl/run-checker/enable-ubsan/../openssl/crypto/sha/sha256.c:221: undefined reference to `__ubsan_handle_type_mismatch_v1_abort'
/home/openssl/run-checker/enable-ubsan/../openssl/crypto/sha/sha256.c:222: undefined reference to `__ubsan_handle_type_mismatch_v1_abort'
/home/openssl/run-checker/enable-ubsan/../openssl/crypto/sha/sha256.c:222: undefined reference to `__ubsan_handle_out_of_bounds_abort'
/home/openssl/run-checker/enable-ubsan/../openssl/crypto/sha/sha256.c:222: undefined reference to `__ubsan_handle_pointer_overflow_abort'
/home/openssl/run-checker/enable-ubsan/../openssl/crypto/sha/sha256.c:222: undefined reference to `__ubsan_handle_type_mismatch_v1_abort'
/home/openssl/run-checker/enable-ubsan/../openssl/crypto/sha/sha256.c:223: undefined reference to `__ubsan_handle_type_mismatch_v1_abort'
/home/openssl/run-checker/enable-ubsan/../openssl/crypto/sha/sha256.c:223: undefined reference to `__ubsan_handle_out_of_bounds_abort'
/home/openssl/run-checker/enable-ubsan/../openssl/crypto/sha/sha256.c:223: undefined reference to `__ubsan_handle_pointer_overflow_abort'
/home/openssl/run-checker/enable-ubsan/../openssl/crypto/sha/sha256.c:223: undefined reference to `__ubsan_handle_type_mismatch_v1_abort'
/home/openssl/run-checker/enable-ubsan/../openssl/crypto/sha/sha256.c:224: undefined reference to `__ubsan_handle_type_mismatch_v1_abort'
/home/openssl/run-checker/enable-ubsan/../openssl/crypto/sha/sha256.c:224: undefined reference to `__ubsan_handle_out_of_bounds_abort'
/home/openssl/run-checker/enable-ubsan/../openssl/crypto/sha/sha256.c:224: undefined reference to `__ubsan_handle_pointer_overflow_abort'
/home/openssl/run-checker/enable-ubsan/../openssl/crypto/sha/sha256.c:224: undefined reference to `__ubsan_handle_type_mismatch_v1_abort'
/home/openssl/run-checker/enable-ubsan/../openssl/crypto/sha/sha256.c:225: undefined reference to `__ubsan_handle_type_mismatch_v1_abort'
/home/openssl/run-checker/enable-ubsan/../openssl/crypto/sha/sha256.c:225: undefined reference to `__ubsan_handle_out_of_bounds_abort'
/home/openssl/run-checker/enable-ubsan/../openssl/crypto/sha/sha256.c:225: undefined reference to `__ubsan_handle_pointer_overflow_abort'
/home/openssl/run-checker/enable-ubsan/../openssl/crypto/sha/sha256.c:225: undefined reference to `__ubsan_handle_type_mismatch_v1_abort'
/home/openssl/run-checker/enable-ubsan/../openssl/crypto/sha/sha256.c:226: undefined reference to `__ubsan_handle_type_mismatch_v1_abort'
/home/openssl/run-checker/enable-ubsan/../openssl/crypto/sha/sha256.c:226: undefined reference to `__ubsan_handle_out_of_bounds_abort'
/home/openssl/run-checker/enable-ubsan/../openssl/crypto/sha/sha256.c:226: undefined reference to `__ubsan_handle_pointer_overflow_abort'
/home/openssl/run-checker/enable-ubsan/../openssl/crypto/sha/sha256.c:226: undefined reference to `__ubsan_handle_type_mismatch_v1_abort'
/home/openssl/run-checker/enable-ubsan/../openssl/crypto/sha/sha256.c:227: undefined reference to `__ubsan_handle_type_mismatch_v1_abort'
/home/openssl/run-checker/enable-ubsan/../openssl/crypto/sha/sha256.c:227: undefined reference to `__ubsan_handle_out_of_bounds_abort'
/home/openssl/run-checker/enable-ubsan/../openssl/crypto/sha/sha256.c:227: undefined reference to `__ubsan_handle_pointer_overflow_abort'
/home/openssl/run-checker/enable-ubsan/../openssl/crypto/sha/sha256.c:227: undefined reference to `__ubsan_handle_type_mismatch_v1_abort'
/home/openssl/run-checker/enable-ubsan/../openssl/crypto/sha/sha256.c:228: undefined reference to `__ubsan_handle_type_mismatch_v1_abort'
/home/openssl/run-checker/enable-ubsan/../openssl/crypto/sha/sha256.c:228: undefined reference to `__ubsan_handle_out_of_bounds_abort'
/home/openssl/run-checker/enable-ubsan/../openssl/crypto/sha/sha256.c:228: undefined reference to `__ubsan_handle_pointer_overflow_abort'
/home/openssl/run-checker/enable-ubsan/../openssl/crypto/sha/sha256.c:228: undefined reference to `__ubsan_handle_type_mismatch_v1_abort'
providers/common/digests/fips-dso-sha2.o: In function `sha256_final':
/home/openssl/run-checker/enable-ubsan/../openssl/providers/common/digests/sha2.c:17: undefined reference to `__ubsan_handle_type_mismatch_v1_abort'
providers/fips/fips-dso-fipsprov.o: In function `OSSL_provider_init':
/home/openssl/run-checker/enable-ubsan/../openssl/providers/fips/fipsprov.c:83: undefined reference to `__ubsan_handle_type_mismatch_v1_abort'
/home/openssl/run-checker/enable-ubsan/../openssl/providers/fips/fipsprov.c:83: undefined reference to `__ubsan_handle_type_mismatch_v1_abort'
/home/openssl/run-checker/enable-ubsan/../openssl/providers/fips/fipsprov.c:84: undefined reference to `__ubsan_handle_type_mismatch_v1_abort'
providers/fips/fips-dso-fipsprov.o:/home/openssl/run-checker/enable-ubsan/../openssl/providers/fips/fipsprov.c:84: more undefined references to `__ubsan_handle_type_mismatch_v1_abort' follow
providers/fips/fips-dso-fipsprov.o: In function `OSSL_provider_init':
/home/openssl/run-checker/enable-ubsan/../openssl/providers/fips/fipsprov.c:83: undefined reference to `__ubsan_handle_pointer_overflow_abort'
/home/openssl/run-checker/enable-ubsan/../openssl/providers/fips/fipsprov.c:97: undefined reference to `__ubsan_handle_type_mismatch_v1_abort'
providers/fips/fips-dso-fipsprov.o: In function `OSSL_get_core_get_param_types':
/home/openssl/run-checker/enable-ubsan/../openssl/include/openssl/core_numbers.h:55: undefined reference to `__ubsan_handle_type_mismatch_v1_abort'
/home/openssl/run-checker/enable-ubsan/../openssl/include/openssl/core_numbers.h:55: undefined reference to `__ubsan_handle_type_mismatch_v1_abort'
providers/fips/fips-dso-fipsprov.o: In function `OSSL_get_core_get_params':
/home/openssl/run-checker/enable-ubsan/../openssl/include/openssl/core_numbers.h:58: undefined reference to `__ubsan_handle_type_mismatch_v1_abort'
/home/openssl/run-checker/enable-ubsan/../openssl/include/openssl/core_numbers.h:58: undefined reference to `__ubsan_handle_type_mismatch_v1_abort'
providers/fips/fips-dso-fipsprov.o:/home/openssl/run-checker/enable-ubsan/../openssl/providers/fips/fipsprov.c:63: more undefined references to `__ubsan_handle_type_mismatch_v1_abort' follow
clang: error: linker command failed with exit code 1 (use -v to see invocation)
Makefile:12768: recipe for target 'providers/fips.so' failed
make[1]: *** [providers/fips.so] Error 1
make[1]: *** Waiting for unfinished jobs....
test/p_test-dso-p_test.o: In function `OSSL_provider_init':
/home/openssl/run-checker/enable-ubsan/../openssl/test/p_test.c:106: undefined reference to `__ubsan_handle_type_mismatch_v1_abort'
/home/openssl/run-checker/enable-ubsan/../openssl/test/p_test.c:106: undefined reference to `__ubsan_handle_type_mismatch_v1_abort'
/home/openssl/run-checker/enable-ubsan/../openssl/test/p_test.c:107: undefined reference to `__ubsan_handle_type_mismatch_v1_abort'
/home/openssl/run-checker/enable-ubsan/../openssl/test/p_test.c:107: undefined reference to `__ubsan_handle_type_mismatch_v1_abort'
/home/openssl/run-checker/enable-ubsan/../openssl/test/p_test.c:106: undefined reference to `__ubsan_handle_pointer_overflow_abort'
/home/openssl/run-checker/enable-ubsan/../openssl/test/p_test.c:120: undefined reference to `__ubsan_handle_type_mismatch_v1_abort'
test/p_test-dso-p_test.o: In function `OSSL_get_core_get_param_types':
/home/openssl/run-checker/enable-ubsan/../openssl/include/openssl/core_numbers.h:55: undefined reference to `__ubsan_handle_type_mismatch_v1_abort'
/home/openssl/run-checker/enable-ubsan/../openssl/include/openssl/core_numbers.h:55: undefined reference to `__ubsan_handle_type_mismatch_v1_abort'
test/p_test-dso-p_test.o: In function `OSSL_get_core_get_params':
/home/openssl/run-checker/enable-ubsan/../openssl/include/openssl/core_numbers.h:58: undefined reference to `__ubsan_handle_type_mismatch_v1_abort'
/home/openssl/run-checker/enable-ubsan/../openssl/include/openssl/core_numbers.h:58: undefined reference to `__ubsan_handle_type_mismatch_v1_abort'
test/p_test-dso-p_test.o:/home/openssl/run-checker/enable-ubsan/../openssl/test/p_test.c:51: more undefined references to `__ubsan_handle_type_mismatch_v1_abort' follow
test/p_test-dso-p_test.o: In function `p_get_params':
/home/openssl/run-checker/enable-ubsan/../openssl/test/p_test.c:52: undefined reference to `__ubsan_handle_nonnull_arg_abort'
/home/openssl/run-checker/enable-ubsan/../openssl/test/p_test.c:52: undefined reference to `__ubsan_handle_nonnull_arg_abort'
/home/openssl/run-checker/enable-ubsan/../openssl/test/p_test.c:74: undefined reference to `__ubsan_handle_nonnull_arg_abort'
/home/openssl/run-checker/enable-ubsan/../openssl/test/p_test.c:74: undefined reference to `__ubsan_handle_nonnull_arg_abort'
/home/openssl/run-checker/enable-ubsan/../openssl/test/p_test.c:76: undefined reference to `__ubsan_handle_out_of_bounds_abort'
/home/openssl/run-checker/enable-ubsan/../openssl/test/p_test.c:76: undefined reference to `__ubsan_handle_type_mismatch_v1_abort'
/home/openssl/run-checker/enable-ubsan/../openssl/test/p_test.c:77: undefined reference to `__ubsan_handle_out_of_bounds_abort'
/home/openssl/run-checker/enable-ubsan/../openssl/test/p_test.c:77: undefined reference to `__ubsan_handle_type_mismatch_v1_abort'
/home/openssl/run-checker/enable-ubsan/../openssl/test/p_test.c:86: undefined reference to `__ubsan_handle_nonnull_arg_abort'
/home/openssl/run-checker/enable-ubsan/../openssl/test/p_test.c:86: undefined reference to `__ubsan_handle_type_mismatch_v1_abort'
/home/openssl/run-checker/enable-ubsan/../openssl/test/p_test.c:86: undefined reference to `__ubsan_handle_type_mismatch_v1_abort'
/home/openssl/run-checker/enable-ubsan/../openssl/test/p_test.c:86: undefined reference to `__ubsan_handle_type_mismatch_v1_abort'
/home/openssl/run-checker/enable-ubsan/../openssl/test/p_test.c:87: undefined reference to `__ubsan_handle_type_mismatch_v1_abort'
/home/openssl/run-checker/enable-ubsan/../openssl/test/p_test.c:87: undefined reference to `__ubsan_handle_type_mismatch_v1_abort'
test/p_test-dso-p_test.o:/home/openssl/run-checker/enable-ubsan/../openssl/test/p_test.c:88: more undefined references to `__ubsan_handle_type_mismatch_v1_abort' follow
test/p_test-dso-p_test.o: In function `p_get_params':
/home/openssl/run-checker/enable-ubsan/../openssl/test/p_test.c:88: undefined reference to `__ubsan_handle_nonnull_arg_abort'
/home/openssl/run-checker/enable-ubsan/../openssl/test/p_test.c:88: undefined reference to `__ubsan_handle_nonnull_arg_abort'
/home/openssl/run-checker/enable-ubsan/../openssl/test/p_test.c:51: undefined reference to `__ubsan_handle_pointer_overflow_abort'
clang: error: linker command failed with exit code 1 (use -v to see invocation)
Makefile:12830: recipe for target 'test/p_test.so' failed
make[1]: *** [test/p_test.so] Error 1
make[1]: Leaving directory '/home/openssl/run-checker/enable-ubsan'
Makefile:165: recipe for target 'all' failed
make: *** [all] Error 2
</PRE>



























































































<!--endarticle-->
    <HR>
    <P><UL>
        <!--threads-->
	<LI>Previous message: <A HREF="022721.html">Still Failing: openssl/openssl#24613 (master - e9cfa19)
</A></li>
	<LI>Next message: <A HREF="022723.html">Build failed: openssl master.24022
</A></li>
         <LI> <B>Messages sorted by:</B> 
              <a href="date.html#22722">[ date ]</a>
              <a href="thread.html#22722">[ thread ]</a>
              <a href="subject.html#22722">[ subject ]</a>
              <a href="author.html#22722">[ author ]</a>
         </LI>
       </UL>

<hr>
<a href="../../../mailman/listinfo/openssl-commits.html">More information about the openssl-commits
mailing list</a><br>
</body></html>
