<!DOCTYPE HTML PUBLIC "-//W3C//DTD HTML 4.01 Transitional//EN">
<HTML>
 <HEAD>
   <TITLE> Still FAILED build of OpenSSL branch master with options -d --strict-warnings no-asm
   </TITLE>
   <LINK REL="Index" HREF="https://mta.openssl.org/pipermail/openssl-commits/2021-March/index.html" >
   <LINK REL="made" HREF="mailto:openssl-commits%40openssl.org?Subject=Re%3A%20Still%20FAILED%20build%20of%20OpenSSL%20branch%20master%20with%20options%20-d%0A%20--strict-warnings%20no-asm&In-Reply-To=%3C1615165831.734363.366391.nullmailer%40run.openssl.org%3E">
   <META NAME="robots" CONTENT="index,nofollow">
   <style type="text/css">
       pre {
           white-space: pre-wrap;       /* css-2.1, curent FF, Opera, Safari */
           }
   </style>
   <META http-equiv="Content-Type" content="text/html; charset=us-ascii">
   <LINK REL="Previous"  HREF="033323.html">
   <LINK REL="Next"  HREF="033388.html">
 </HEAD>
 <BODY BGCOLOR="#ffffff">
   <H1>Still FAILED build of OpenSSL branch master with options -d --strict-warnings no-asm</H1>
    <B>OpenSSL run-checker</B> 
    <A HREF="mailto:openssl-commits%40openssl.org?Subject=Re%3A%20Still%20FAILED%20build%20of%20OpenSSL%20branch%20master%20with%20options%20-d%0A%20--strict-warnings%20no-asm&In-Reply-To=%3C1615165831.734363.366391.nullmailer%40run.openssl.org%3E"
       TITLE="Still FAILED build of OpenSSL branch master with options -d --strict-warnings no-asm">openssl at openssl.org
       </A><BR>
    <I>Mon Mar  8 01:10:31 UTC 2021</I>
    <P><UL>
        <LI>Previous message: <A HREF="033323.html">Still FAILED build of OpenSSL branch master with options -d --strict-warnings no-asm
</A></li>
        <LI>Next message: <A HREF="033388.html">Still FAILED build of OpenSSL branch master with options -d --strict-warnings no-asm
</A></li>
         <LI> <B>Messages sorted by:</B> 
              <a href="date.html#33354">[ date ]</a>
              <a href="thread.html#33354">[ thread ]</a>
              <a href="subject.html#33354">[ subject ]</a>
              <a href="author.html#33354">[ author ]</a>
         </LI>
       </UL>
    <HR>  
<!--beginarticle-->
<PRE>Platform and configuration command:

$ uname -a
Linux run 5.4.0-65-generic #73-Ubuntu SMP Mon Jan 18 17:25:17 UTC 2021 x86_64 x86_64 x86_64 GNU/Linux
$ CC=clang ../openssl/config -d --strict-warnings no-asm

Commit log since last time:

a2c911c2d0 Restore GOST macros compatibility with 1.1.1
9293046fb4 apps/x509.c: Rename -signkey to -key for consistency with the req app
2de5d3b87a HTTP: Fix BIO_mem_d2i() on NULL mem input
676d879cb2 http_local.h: Remove unused declaration of HTTP_sendreq_bio()
73e6e3e03e Simplify OCSP_sendreq_bio()
0dca5ede0d Make more use of X509_add_certs(); minor related code &amp; comments cleanup
9b9d24f033 OCSP_resp_find_status.pod: Complete the RETURN VALUES section
f477cdfadd crypto/ocsp/ocsp_cl.c: coding style improvements
29ce1066bc Update the demos/README file because it is really old. New demos should provide best practice for API use. Add demonstration for computing a SHA3-512 digest - digest/EVP_MD_demo
a7a041c230 CI external tests: separate each external test into its own phase
1ddea35bd4 CI external test: for now run only the krb5 and gost_engine tests
ec69d5c9a8 gost_engine test: further cleanups and fixes
b414c8118d gost_engine test: Run also perl and tcl tests
996d2693e2 CI: add job with external tests
c3a85d3d17 DOCS: Document OSSL_STORE_INFO_PUBKEY in doc/man3/OSSL_STORE_INFO.pod
c2ec2bb7c1 Make provider provider_init thread safe, and flag checking/setting too
d60a8e0a23 Make ossl_provider_disable_fallback_loading() thread safe
2f17e978a0 test/threadstest.c: Add a test to load providers concurrently
8c631cfaa1 ecx_set_priv_key: Try to obtain libctx from the pkey's keymgmt
2ad5bbe320 bn_ctx.c: Remove TODO 3.0 related to tracing in FIPS module
20cca4db9c ecx_set_priv_key: Remove TODO 3.0 related to setting libctx
22cd04143b do_sigver_init: Remove fallback for missing provider implementations.
0be6cf0c7e Remove some of the TODO 3.0 in crypto/evp related to legacy support.
bffe3ae7b8 crypto/param_build_set.c: Remove irrelevant TODO 3.0
f40fa7b9ad crypto/ppccap.c: Remove useless TODO 3.0
946bdd12a0 include/crypto: Remove TODOs that are irrelevant for 3.0
9522f0a6a9 include/internal: Remove TODOs that are irrelevant for 3.0
2c8a740a9f test/x509: Test for issuer being overwritten when printing.
39a61e69b8 OSSL_STORE: restore diagnostics on decrypt error; provide password hints
e3a2ba7547 crypto: rename error flags in internal structures

Build log ended with (last 100 lines):

INSTALL PASSED
make depend &amp;&amp; make _tests
make[1]: Entering directory '/home/openssl/run-checker/no-asm'
make[1]: Leaving directory '/home/openssl/run-checker/no-asm'
make[1]: Entering directory '/home/openssl/run-checker/no-asm'
( SRCTOP=../openssl \
  BLDTOP=. \
  PERL=&quot;/usr/bin/perl&quot; \
  FIPSKEY=&quot;f4556650ac31d35461610bac4ed81b1a181b2d8a43ea2854cbae22ca74560813&quot; \
  EXE_EXT= \
  /usr/bin/perl ../openssl/test/run_tests.pl  )
01-test_abort.t .................... ok
01-test_fipsmodule_cnf.t ........... ok
01-test_sanity.t ................... ok
01-test_symbol_presence.t .......... ok
01-test_test.t ..................... ok
02-test_errstr.t ................... ok
02-test_internal_context.t ......... ok
02-test_internal_ctype.t ........... ok
02-test_internal_keymgmt.t ......... ok
02-test_internal_provider.t ........ ok
02-test_lhash.t .................... ok
02-test_ordinals.t ................. ok
02-test_sparse_array.t ............. ok
02-test_stack.t .................... ok
03-test_exdata.t ................... ok
03-test_fipsinstall.t .............. ok
03-test_internal_asn1.t ............ ok
03-test_internal_asn1_dsa.t ........ ok
03-test_internal_bn.t .............. ok
03-test_internal_chacha.t .......... ok
03-test_internal_curve448.t ........ ok
03-test_internal_ec.t .............. ok
03-test_internal_ffc.t ............. ok
03-test_internal_mdc2.t ............ ok
03-test_internal_modes.t ........... ok
03-test_internal_namemap.t ......... ok
03-test_internal_poly1305.t ........ ok
03-test_internal_rsa_sp800_56b.t ... ok
03-test_internal_siphash.t ......... ok
03-test_internal_sm2.t ............. ok
03-test_internal_sm4.t ............. ok
03-test_internal_ssl_cert_table.t .. ok
03-test_internal_x509.t ............ ok
03-test_params_api.t ............... ok
03-test_property.t ................. ok
03-test_ui.t ....................... ok
04-test_asn1_decode.t .............. ok
04-test_asn1_encode.t .............. ok
04-test_asn1_string_table.t ........ ok
04-test_bio_callback.t ............. ok
04-test_bioprint.t ................. ok
04-test_conf.t ..................... ok
04-test_encoder_decoder.t .......... ok
04-test_encoder_decoder_legacy.t ... ok
04-test_err.t ...................... ok
04-test_hexstring.t ................ ok
04-test_param_build.t .............. ok
04-test_params.t ................... ok
04-test_params_conversion.t ........ ok
04-test_pem.t ...................... ok
04-test_pem_read_depr.t ............ ok
04-test_provider.t ................. ok
04-test_provider_fallback.t ........ ok
05-test_bf.t ....................... ok
05-test_cast.t ..................... ok
05-test_cmac.t ..................... ok
05-test_des.t ...................... ok
05-test_hmac.t ..................... ok
05-test_idea.t ..................... ok
05-test_rand.t ..................... ok
05-test_rc2.t ...................... ok
05-test_rc4.t ...................... ok
05-test_rc5.t ...................... skipped: rc5 is not supported by this OpenSSL build
06-test-rdrand.t ................... ok
06-test_algorithmid.t .............. ok
10-test_bn.t ....................... ok
10-test_exp.t ...................... ok
15-test_dh.t ....................... ok
15-test_dsa.t ...................... ok
15-test_dsaparam.t ................. ok
15-test_ec.t ....................... ok
15-test_ecdsa.t .................... ok
15-test_ecparam.t .................. ok
15-test_gendh.t .................... ok
15-test_gendsa.t ................... ok
15-test_genec.t .................... ok
15-test_genrsa.t ................... ok
15-test_mp_rsa.t ................... ok
15-test_out_option.t ............... ok
15-test_rsa.t ...................... ok
15-test_rsaoaep.t .................. ok
15-test_rsapss.t ................... ok
20-test_app.t ...................... ok
20-test_cli_fips.t ................. ok
20-test_dgst.t ..................... ok
20-test_dhparam.t .................. ok
20-test_dhparam_check.t ............ ok
make[1]: *** [Makefile:3280: _tests] Terminated
make: *** [Makefile:3277: tests] Terminated
</PRE>


<!--endarticle-->
    <HR>
    <P><UL>
        <!--threads-->
	<LI>Previous message: <A HREF="033323.html">Still FAILED build of OpenSSL branch master with options -d --strict-warnings no-asm
</A></li>
	<LI>Next message: <A HREF="033388.html">Still FAILED build of OpenSSL branch master with options -d --strict-warnings no-asm
</A></li>
         <LI> <B>Messages sorted by:</B> 
              <a href="date.html#33354">[ date ]</a>
              <a href="thread.html#33354">[ thread ]</a>
              <a href="subject.html#33354">[ subject ]</a>
              <a href="author.html#33354">[ author ]</a>
         </LI>
       </UL>

<hr>
<a href="../../../mailman/listinfo/openssl-commits.html">More information about the openssl-commits
mailing list</a><br>
</body></html>
