<!DOCTYPE HTML PUBLIC "-//W3C//DTD HTML 4.01 Transitional//EN">
<HTML>
 <HEAD>
   <TITLE> Still FAILED build of OpenSSL branch master with options -d --strict-warnings no-tls1_2-method
   </TITLE>
   <LINK REL="Index" HREF="https://mta.openssl.org/pipermail/openssl-commits/2021-March/index.html" >
   <LINK REL="made" HREF="mailto:openssl-commits%40openssl.org?Subject=Re%3A%20Still%20FAILED%20build%20of%20OpenSSL%20branch%20master%20with%20options%20-d%0A%20--strict-warnings%20no-tls1_2-method&In-Reply-To=%3C1614743437.950526.1095261.nullmailer%40run.openssl.org%3E">
   <META NAME="robots" CONTENT="index,nofollow">
   <style type="text/css">
       pre {
           white-space: pre-wrap;       /* css-2.1, curent FF, Opera, Safari */
           }
   </style>
   <META http-equiv="Content-Type" content="text/html; charset=us-ascii">
   <LINK REL="Previous"  HREF="033695.html">
   <LINK REL="Next"  HREF="033379.html">
 </HEAD>
 <BODY BGCOLOR="#ffffff">
   <H1>Still FAILED build of OpenSSL branch master with options -d --strict-warnings no-tls1_2-method</H1>
    <B>OpenSSL run-checker</B> 
    <A HREF="mailto:openssl-commits%40openssl.org?Subject=Re%3A%20Still%20FAILED%20build%20of%20OpenSSL%20branch%20master%20with%20options%20-d%0A%20--strict-warnings%20no-tls1_2-method&In-Reply-To=%3C1614743437.950526.1095261.nullmailer%40run.openssl.org%3E"
       TITLE="Still FAILED build of OpenSSL branch master with options -d --strict-warnings no-tls1_2-method">openssl at openssl.org
       </A><BR>
    <I>Wed Mar  3 03:50:37 UTC 2021</I>
    <P><UL>
        <LI>Previous message: <A HREF="033695.html">Still FAILED build of OpenSSL branch master with options -d --strict-warnings no-dtls1_2
</A></li>
        <LI>Next message: <A HREF="033379.html">Still FAILED build of OpenSSL branch master with options -d --strict-warnings no-tls1_2-method
</A></li>
         <LI> <B>Messages sorted by:</B> 
              <a href="date.html#33310">[ date ]</a>
              <a href="thread.html#33310">[ thread ]</a>
              <a href="subject.html#33310">[ subject ]</a>
              <a href="author.html#33310">[ author ]</a>
         </LI>
       </UL>
    <HR>  
<!--beginarticle-->
<PRE>Platform and configuration command:

$ uname -a
Linux run 5.4.0-52-generic #57-Ubuntu SMP Thu Oct 15 10:57:00 UTC 2020 x86_64 x86_64 x86_64 GNU/Linux
$ CC=clang ../openssl/config -d --strict-warnings no-tls1_2-method

Commit log since last time:

e60e974414 apps/x509.c: Fix mem leaks in processing of -next_serial in print loop
46a11faf3b apps/x509.c: Improve print_name() and coding style of large print loop in x509_main()
859e5f1621 apps/x509.c: Improve indentation of the large print loop in x509_main()
ed0a5ac920 apps/x509.c: Fix too eager call to X509_set_issuer_name() introduced recently
d5a936c5b1 rand: use params argument on instantiate call
dbf299f73d core: add params argument to DRBG instantiate call
f8a5822cff doc: update documenation with params argument on DRBG instantiate calls
7198bd1a8f test: update tests to allow for params argument for the instantiate call on EVP_RAND_CTXs
b98d550d80 prov: update rand implementations to have a params argument for the instantiate call
8d5b197b28 fips: update DRBG KATs for the extra instantiate argument
671ff5c74e evp: add params argument to EVP_RAND_instantiate()
6980e36a2a doc: document additional argument to KDF derive calls
f5081be376 prov: add additional argument to KDF derive call in key exchange
6bcd32a43f fips: add additional argument to KDF derive call in self test
36fae6e85a crypto: add additional argument to KDF derive calls
bb0ab821f3 apps: add addition argument to KDF derive call
3469b38816 prov: add extra params argument to KDF implementations
5cceedb583 tls: adjust for extra argument to KDF derive call
05cdec396b test: adjust tests to include extra argument to KDF derive call
7c75f2daf8 evp: add param argument to KDF derive call
a9603292fb core: add param argument to KDF derive call
dc567dc746 doc: update provider-mac documentation to account for the additional init() arguments
9258f7efa7 doc: update KMAC doc to not say that the `KEY\' parameter needs to be set before the init call
7f7640c455 apps: update speed to use the additional arguments to MAC_init
afa44486c5 doc: note the additional parameters to EVP_MAC_init()
1dfe97530f update poly1305 to have additional init arguments
80ba2526fa update BLAKE2 to have additional init arguments
ac238428ce prov: update kmac to have additional init arguments
c23f96f3f6 prov: update hmac to have additional init arguments
0a56b3c2e5 prov: update gmac to have additional init arguments
005b190297 prov: update cmac to have additional init arguments
cf5784aa03 prov: use new MAC_init arguments in HMAC-DRBG
91593b3784 prov: use new MAC_init arguments in signature legacy code
19ea8a8a21 prov: update provider util to be less agressive about changing things unnecessarily
fbff75caaa fips: update to use the extra MAC init arguments
b58e1f7490 core: update to use the extra MAC init arguments
77e4ae58ea test: updates for the new additional MAC_init arguments
41df96efc1 evp_test: updates for the new additional MAC_init arguments
0edb819441 tls: updates for the new additional MAC_init arguments
cc2314a9f6 evp: updates for the new additional MAC_init arguments
1dc28e742d crmf: updates for the new additional MAC_init arguments
4a5d8c0cb7 apps: updates for the new additional MAC_init arguments
2211bf6bb7 apps: update mac to work with additional MAC_init arguments.  This doesn't include the creation of new 'key' arguments.
ebf8274c55 apps: update fipsinstall to work with additional MAC_init arguments
2524ec1ac2 prov kdf: update to use the extra MAC init arguments
8f5d64b102 prov: update SipHash to new init function
ae7d90a159 siphash: Add the C and D round parameters for SipHash.
1d73e2adae crypto/asn1/i2d_evp.c: Fix i2d_provided() to return a proper length
c8182743a7 PROV: Implement an EC key -&gt; blob encoder, to get the public key
8ab9c4ddc4 Modify i2d_PublicKey() so it can get an EC public key as a blob
3d36472660 test_ecpub: test that we can decode the DER we encoded
ad7cb0bf5c test_ecpub: verify returned length after encoding
c0ff1932e4 Add test for EC pubkey export/import
4ef70dbcf4 Code cleanup mostly in crypto/x509/v3_purp.c
90b4247cc5 Check ASN1_item_ndef_i2d() return value.
d2ccfb9caa evp_pkey_provided_test: Improve diagnostic output
4519ea90eb tests: Always print errors before test verdict
db7fbd54cf fuzzer: add ctx gettable/settable to the fuzzer RNG
2e36321aec test: add ctx gettable/settable to the generic fake random number generator
e79fb279df core: support modified gettable/settable ctx calls for ciphers
fe20a66ed4 changes to match the updated context gettable/settable calls for ciphers
292b4184d6 evp: upport modified gettable/settable ctx calls for ciphers
644c5dd366 prov: upport modified gettable/settable ctx calls for ciphers
35c76a528b evp: support modified gettable/settable ctx calls for MACs
8dd233bb07 doc: changes to match the updated context gettable/settable calls for MACs
5a7134ee10 core: core: support modified gettable/settable ctx calls for MACs
eee323c339 prov: support modified gettable/settable ctx calls for MACs
1e8e5c6092 prov: support modified gettable/settable ctx calls for KDFs
de43d82b6d core: support modified gettable/settable ctx calls for KDFs
a5120afda3 evp: support modified gettable/settable ctx calls for KDFs
530cacb56f doc: changes to match the updated context gettable/settable calls
caa60428cd evp: support modified gettable/settable ctx calls for RNGs
1c9eaf4251 core: update RNG gettable/settable ctx param calls
a3f091fddd prov: update RNGs to support modified gettable/settable CTX params
90fec26dc6 doc: note changes to rand gettable/settable provider call
d618ac6fd7 doc: note changes to digest gettable/settable provider calls
6de3a06dd4 modify EVP to support digest gettable/settable calls
aa95e08b29 core: update digest gettable/settable ctx params calls
e772f25ca8 prov: update digests to support modified ctx params
5a6a6d59a6 Makefile: Only update doc/build.info when there's an actual change
32ab57cbb4 Fix external symbols related to ec &amp; sm2 keys
5af02212a5 Fix external symbols related to dsa keys
19dbb742cd Fix external symbols related to dh keys
94553e85b6 Fix external symbols for bn
2d96895122 Fix filename escaping in c_rehash
1cba86234a evp_extra_test: Do not manipulate providers in default context
8cdc3425af fake_random: Do not overwrite the callback on instatiation
0c84139c98 Ensure that the fake rand is initialized
75de543635 Fix an integer overflow in o_time.c
5eb73cfb37 Add a test for a names_do_all function
d84f5515fa Don't hold a lock when calling a callback in ossl_namemap_doall_names

Build log ended with (last 100 lines):

	(less 4 skipped subtests: 2 okay)
70-test_sslmessages.t .............. skipped: test_sslmessages needs TLS enabled
70-test_sslrecords.t ............... skipped: test_sslrecords needs TLSv1.2 enabled
70-test_sslsessiontick.t ........... skipped: test_sslsessiontick needs SSLv3, TLSv1, TLSv1.1 or TLSv1.2 enabled
70-test_sslsigalgs.t ............... ok
70-test_sslsignature.t ............. ok
70-test_sslskewith0p.t ............. ok
70-test_sslversions.t .............. skipped: test_sslversions needs TLS1.3, TLS1.2 and TLS1.1 enabled
70-test_sslvertol.t ................ ok
70-test_tls13alerts.t .............. ok
70-test_tls13cookie.t .............. ok
70-test_tls13downgrade.t ........... skipped: test_tls13downgrade needs TLS1.3 and TLS1.2 enabled
70-test_tls13hrr.t ................. ok
70-test_tls13kexmodes.t ............ ok
70-test_tls13messages.t ............ ok
70-test_tls13psk.t ................. ok
70-test_tlsextms.t ................. skipped: test_tlsextms needs TLSv1.0, TLSv1.1 or TLSv1.2 enabled
70-test_verify_extra.t ............. ok
70-test_wpacket.t .................. ok
71-test_ssl_ctx.t .................. ok
80-test_ca.t ....................... ok
80-test_cipherbytes.t .............. ok
80-test_cipherlist.t ............... ok
80-test_ciphername.t ............... ok

# 80-test_cmp_http.t ................. ok

# 80-test_cms.t ...................... ok
80-test_cmsapi.t ................... ok
80-test_ct.t ....................... ok
80-test_dane.t ..................... ok
80-test_dtls.t ..................... ok
80-test_dtls_mtu.t ................. ok
80-test_dtlsv1listen.t ............. ok
80-test_http.t ..................... ok
80-test_ocsp.t ..................... ok
80-test_pkcs12.t ................... ok
80-test_ssl_new.t .................. ok
80-test_ssl_old.t .................. ok
80-test_ssl_test_ctx.t ............. ok
80-test_sslcorrupt.t ............... ok
80-test_tsa.t ...................... ok
80-test_x509aux.t .................. ok
81-test_cmp_cli.t .................. ok
90-test_asn1_time.t ................ ok
90-test_async.t .................... ok
90-test_bio_enc.t .................. ok
90-test_bio_memleak.t .............. ok
90-test_constant_time.t ............ ok
90-test_fatalerr.t ................. ok
90-test_fipsload.t ................. ok
90-test_gmdiff.t ................... ok
90-test_gost.t ..................... skipped: TLSv1.3 or TLSv1.2 are disabled in this OpenSSL build
90-test_ige.t ...................... ok
90-test_includes.t ................. ok
90-test_memleak.t .................. ok
90-test_overhead.t ................. ok
90-test_secmem.t ................... ok
90-test_shlibload.t ................ ok
90-test_srp.t ...................... ok
90-test_sslapi.t ................... ok
90-test_sslbuffers.t ............... ok
90-test_store.t .................... ok
90-test_sysdefault.t ............... skipped: test_sysdefault is not supported in this build
90-test_threads.t .................. ok
90-test_time_offset.t .............. ok
90-test_tls13ccs.t ................. ok
90-test_tls13encryption.t .......... ok
90-test_tls13secrets.t ............. ok
90-test_v3name.t ................... ok
91-test_pkey_check.t ............... ok
95-test_external_boringssl.t ....... skipped: No external tests in this configuration
95-test_external_gost_engine.t ..... skipped: No external tests in this configuration
95-test_external_krb5.t ............ skipped: No external tests in this configuration
95-test_external_pyca.t ............ skipped: No external tests in this configuration
99-test_ecstress.t ................. ok
99-test_fuzz_asn1.t ................ ok
99-test_fuzz_asn1parse.t ........... ok
99-test_fuzz_bignum.t .............. ok
99-test_fuzz_bndiv.t ............... ok
99-test_fuzz_client.t .............. ok
99-test_fuzz_cmp.t ................. ok
99-test_fuzz_cms.t ................. ok
99-test_fuzz_conf.t ................ ok
99-test_fuzz_crl.t ................. ok
99-test_fuzz_ct.t .................. ok
99-test_fuzz_server.t .............. ok
99-test_fuzz_x509.t ................ ok

Test Summary Report
-------------------
70-test_sslextension.t           (Wstat: 256 Tests: 7 Failed: 1)
  Failed test:  2
  Non-zero exit status: 1
  Parse errors: Bad plan.  You planned 8 tests but ran 7.
Files=232, Tests=3215, 914 wallclock secs (12.73 usr  1.42 sys + 828.31 cusr 83.64 csys = 926.10 CPU)
Result: FAIL
make[1]: *** [Makefile:3270: _tests] Error 1
make[1]: Leaving directory '/home/openssl/run-checker/no-tls1_2-method'
make: *** [Makefile:3267: tests] Error 2
</PRE>



















































































































































































































<!--endarticle-->
    <HR>
    <P><UL>
        <!--threads-->
	<LI>Previous message: <A HREF="033695.html">Still FAILED build of OpenSSL branch master with options -d --strict-warnings no-dtls1_2
</A></li>
	<LI>Next message: <A HREF="033379.html">Still FAILED build of OpenSSL branch master with options -d --strict-warnings no-tls1_2-method
</A></li>
         <LI> <B>Messages sorted by:</B> 
              <a href="date.html#33310">[ date ]</a>
              <a href="thread.html#33310">[ thread ]</a>
              <a href="subject.html#33310">[ subject ]</a>
              <a href="author.html#33310">[ author ]</a>
         </LI>
       </UL>

<hr>
<a href="../../../mailman/listinfo/openssl-commits.html">More information about the openssl-commits
mailing list</a><br>
</body></html>
