<!DOCTYPE HTML PUBLIC "-//W3C//DTD HTML 4.01 Transitional//EN">
<HTML>
 <HEAD>
   <TITLE> Still FAILED build of OpenSSL branch master with options -d enable-fuzz-afl no-shared no-module
   </TITLE>
   <LINK REL="Index" HREF="https://mta.openssl.org/pipermail/openssl-commits/2021-March/index.html" >
   <LINK REL="made" HREF="mailto:openssl-commits%40openssl.org?Subject=Re%3A%20Still%20FAILED%20build%20of%20OpenSSL%20branch%20master%20with%20options%20-d%0A%20enable-fuzz-afl%20no-shared%20no-module&In-Reply-To=%3C1615512469.873326.1319753.nullmailer%40run.openssl.org%3E">
   <META NAME="robots" CONTENT="index,nofollow">
   <style type="text/css">
       pre {
           white-space: pre-wrap;       /* css-2.1, curent FF, Opera, Safari */
           }
   </style>
   <META http-equiv="Content-Type" content="text/html; charset=us-ascii">
   <LINK REL="Previous"  HREF="033366.html">
   <LINK REL="Next"  HREF="033456.html">
 </HEAD>
 <BODY BGCOLOR="#ffffff">
   <H1>Still FAILED build of OpenSSL branch master with options -d enable-fuzz-afl no-shared no-module</H1>
    <B>OpenSSL run-checker</B> 
    <A HREF="mailto:openssl-commits%40openssl.org?Subject=Re%3A%20Still%20FAILED%20build%20of%20OpenSSL%20branch%20master%20with%20options%20-d%0A%20enable-fuzz-afl%20no-shared%20no-module&In-Reply-To=%3C1615512469.873326.1319753.nullmailer%40run.openssl.org%3E"
       TITLE="Still FAILED build of OpenSSL branch master with options -d enable-fuzz-afl no-shared no-module">openssl at openssl.org
       </A><BR>
    <I>Fri Mar 12 01:27:49 UTC 2021</I>
    <P><UL>
        <LI>Previous message: <A HREF="033366.html">Still FAILED build of OpenSSL branch master with options -d enable-fuzz-afl no-shared no-module
</A></li>
        <LI>Next message: <A HREF="033456.html">Still FAILED build of OpenSSL branch master with options -d enable-fuzz-afl no-shared no-module
</A></li>
         <LI> <B>Messages sorted by:</B> 
              <a href="date.html#33411">[ date ]</a>
              <a href="thread.html#33411">[ thread ]</a>
              <a href="subject.html#33411">[ subject ]</a>
              <a href="author.html#33411">[ author ]</a>
         </LI>
       </UL>
    <HR>  
<!--beginarticle-->
<PRE>Platform and configuration command:

$ uname -a
Linux run 5.4.0-65-generic #73-Ubuntu SMP Mon Jan 18 17:25:17 UTC 2021 x86_64 x86_64 x86_64 GNU/Linux
$ CC=afl-clang-fast ../openssl/config -d enable-fuzz-afl no-shared no-module

Commit log since last time:

c8511e8980 Fix formatting error of HISTORY section in some manual pages.
762970bd68 Change default algorithms in PKCS12_create() and PKCS12_set_mac()
18fdebf174 Mention the change of licence in NEWS.md
0966aee5ed Expand the CHANGES entry for SHA1 and libssl
f74f416b91 Add a CHANGES for OSSL_STORE_INFO_get_type()
c7d4d032a1 Add a missing CHANGES.md entry for the legacy provider
896dcda18b Non-const accessor to legacy keys
c99248ea81 EVP_KDF-KB man page: Fix typo in the example code
e5499a3cac Fixup support for io_pgetevents_time64 syscall
4c52ee1dbf cmp_hdr.c: Fix minor Coverity issue CID 1473605
b6a06b13a4 http_test.c: Fix minor Coverity issue CID 1473608
3e6a0d5738 Reword repeated words.
889ad4ef81 apps/pkcs12: Allow continuing on absent mac
5e9a8678c5 apps/pkcs12: Detect missing PKCS12KDF support on import
913f9d5e52 apps/pkcs12: Properly detect MAC setup failure
31e2e6e0b1 fake_rand_finish should be called if &quot;OPENSSL_NO_SM2&quot; is NOT defined
9afc6c5431 Fix the check for suitable groups and TLSv1.3
7bc0fdd3fd Make the EVP_PKEY_get0* functions have a const return type
cc57dc9625 Document the change in behaviour of the the low level key getters/setters
8e53d94d99 Ensure the various legacy key EVP_PKEY getters/setters are deprecated
b574c6a9ac Cache legacy keys instead of downgrading them
ec961f866a Avoid a null pointer deref on a malloc failure
e8afd78af6 Add a multi thread test for downgrading keys

Build log ended with (last 100 lines):

    #   Failed test 'popo NONE'
    #   at ../openssl/test/recipes/80-test_cmp_http.t line 145.
# cmp_main:../openssl/apps/cmp.c:2728:CMP info: using section(s) 'Mock enrollment' of OpenSSL configuration file '../Mock/test.cnf'
# opt_str:../openssl/apps/cmp.c:2327:CMP warning: argument of -proxy option is empty string, resetting option
# warn_cert_msg:../openssl/apps/cmp.c:694:CMP warning: certificate from 'trusted.crt' with subject '/O=openssl_cmp' is not a CA cert
# setup_client_ctx:../openssl/apps/cmp.c:2044:CMP info: will contact <A HREF="http://127.0.0.1:1700/pkix/">http://127.0.0.1:1700/pkix/</A>
# send_receive_check:../openssl/crypto/cmp/cmp_client.c:167:CMP info: sending IR
# send_receive_check:../openssl/crypto/cmp/cmp_client.c:187:CMP info: received IP
# send_receive_check:../openssl/crypto/cmp/cmp_client.c:167:CMP info: sending CERTCONF
# send_receive_check:../openssl/crypto/cmp/cmp_client.c:187:CMP info: received PKICONF
# save_free_certs:../openssl/apps/cmp.c:2094:CMP info: received 1 enrolled certificate(s), saving to file '../../../../../enable-fuzz-afl/test-runs/test_cmp_http/test.certout_popo6.pem'
../../../../../enable-fuzz-afl/util/wrap.pl ../../../../../enable-fuzz-afl/apps/openssl cmp -config ../Mock/test.cnf -section 'Mock enrollment' -certout ../../../../../enable-fuzz-afl/test-runs/test_cmp_http/test.cert.pem -proxy '' -no_proxy 127.0.0.1 -cmd ir -newkey new.key -newkeypass 'pass:' -popo 2 -certout ../../../../../enable-fuzz-afl/test-runs/test_cmp_http/test.certout_popo6.pem -out_trusted root.crt =&gt; 0
    not ok 48 - popo KEYENC not supported
# ------------------------------------------------------------------------------
    # Looks like you failed 3 tests of 92.
not ok 5 - CMP app CLI Mock enrollment
# ------------------------------------------------------------------------------
# 
#   Failed test 'CMP app CLI Mock enrollment
# '
#   at /home/openssl/run-checker/enable-fuzz-afl/../openssl/util/perl/OpenSSL/Test.pm line 1335.
# Looks like you failed 3 tests of 5.80-test_cmp_http.t ................. 
Dubious, test returned 3 (wstat 768, 0x300)
Failed 3/5 subtests 

# 80-test_cms.t ...................... ok
80-test_cmsapi.t ................... ok
80-test_ct.t ....................... ok
80-test_dane.t ..................... ok
80-test_dtls.t ..................... ok
80-test_dtls_mtu.t ................. ok
80-test_dtlsv1listen.t ............. ok
80-test_http.t ..................... ok
80-test_ocsp.t ..................... ok
80-test_pkcs12.t ................... ok
80-test_ssl_new.t .................. ok
80-test_ssl_old.t .................. ok
80-test_ssl_test_ctx.t ............. ok
80-test_sslcorrupt.t ............... ok
80-test_tsa.t ...................... ok
80-test_x509aux.t .................. ok
81-test_cmp_cli.t .................. ok
90-test_asn1_time.t ................ ok
90-test_async.t .................... ok
90-test_bio_enc.t .................. ok
90-test_bio_memleak.t .............. ok
90-test_constant_time.t ............ ok
90-test_fatalerr.t ................. ok
90-test_fipsload.t ................. skipped: Test only supported in a shared build
90-test_gmdiff.t ................... ok
90-test_gost.t ..................... skipped: GOST support is disabled in this OpenSSL build
90-test_ige.t ...................... ok
90-test_includes.t ................. ok
90-test_memleak.t .................. ok
90-test_overhead.t ................. ok
90-test_secmem.t ................... ok
90-test_shlibload.t ................ skipped: Test only supported in a shared build
90-test_srp.t ...................... ok
90-test_sslapi.t ................... ok
90-test_sslbuffers.t ............... ok
90-test_store.t .................... ok
90-test_sysdefault.t ............... ok
90-test_threads.t .................. ok
90-test_time_offset.t .............. ok
90-test_tls13ccs.t ................. ok
90-test_tls13encryption.t .......... ok
90-test_tls13secrets.t ............. skipped: tls13secrets is not supported in this build
90-test_v3name.t ................... ok
91-test_pkey_check.t ............... ok
95-test_external_boringssl.t ....... skipped: No external tests in this configuration
95-test_external_gost_engine.t ..... skipped: No external tests in this configuration
95-test_external_krb5.t ............ skipped: No external tests in this configuration
95-test_external_pyca.t ............ skipped: No external tests in this configuration
99-test_ecstress.t ................. ok
99-test_fuzz_asn1.t ................ ok
99-test_fuzz_asn1parse.t ........... ok
99-test_fuzz_bignum.t .............. ok
99-test_fuzz_bndiv.t ............... ok
99-test_fuzz_client.t .............. ok
99-test_fuzz_cmp.t ................. ok
99-test_fuzz_cms.t ................. ok
99-test_fuzz_conf.t ................ ok
99-test_fuzz_crl.t ................. ok
99-test_fuzz_ct.t .................. ok
99-test_fuzz_server.t .............. ok
99-test_fuzz_x509.t ................ ok

Test Summary Report
-------------------
15-test_rsaoaep.t                (Wstat: 1536 Tests: 10 Failed: 6)
  Failed tests:  2, 4, 7-10
  Non-zero exit status: 6
80-test_cmp_http.t               (Wstat: 768 Tests: 5 Failed: 3)
  Failed tests:  2-3, 5
  Non-zero exit status: 3
Files=233, Tests=2738, 856 wallclock secs (10.22 usr  1.25 sys + 783.05 cusr 68.02 csys = 862.54 CPU)
Result: FAIL
make[1]: *** [Makefile:2484: _tests] Error 1
make[1]: Leaving directory '/home/openssl/run-checker/enable-fuzz-afl'
make: *** [Makefile:2481: tests] Error 2
</PRE>































































































































<!--endarticle-->
    <HR>
    <P><UL>
        <!--threads-->
	<LI>Previous message: <A HREF="033366.html">Still FAILED build of OpenSSL branch master with options -d enable-fuzz-afl no-shared no-module
</A></li>
	<LI>Next message: <A HREF="033456.html">Still FAILED build of OpenSSL branch master with options -d enable-fuzz-afl no-shared no-module
</A></li>
         <LI> <B>Messages sorted by:</B> 
              <a href="date.html#33411">[ date ]</a>
              <a href="thread.html#33411">[ thread ]</a>
              <a href="subject.html#33411">[ subject ]</a>
              <a href="author.html#33411">[ author ]</a>
         </LI>
       </UL>

<hr>
<a href="../../../mailman/listinfo/openssl-commits.html">More information about the openssl-commits
mailing list</a><br>
</body></html>
