<!DOCTYPE HTML PUBLIC "-//W3C//DTD HTML 4.01 Transitional//EN">
<HTML>
 <HEAD>
   <TITLE> Still FAILED build of OpenSSL branch master with options -d --strict-warnings no-asm
   </TITLE>
   <LINK REL="Index" HREF="https://mta.openssl.org/pipermail/openssl-commits/2021-March/index.html" >
   <LINK REL="made" HREF="mailto:openssl-commits%40openssl.org?Subject=Re%3A%20Still%20FAILED%20build%20of%20OpenSSL%20branch%20master%20with%20options%20-d%0A%20--strict-warnings%20no-asm&In-Reply-To=%3C1616634905.818158.3481829.nullmailer%40run.openssl.org%3E">
   <META NAME="robots" CONTENT="index,nofollow">
   <style type="text/css">
       pre {
           white-space: pre-wrap;       /* css-2.1, curent FF, Opera, Safari */
           }
   </style>
   <META http-equiv="Content-Type" content="text/html; charset=us-ascii">
   <LINK REL="Previous"  HREF="033558.html">
   <LINK REL="Next"  HREF="033662.html">
 </HEAD>
 <BODY BGCOLOR="#ffffff">
   <H1>Still FAILED build of OpenSSL branch master with options -d --strict-warnings no-asm</H1>
    <B>OpenSSL run-checker</B> 
    <A HREF="mailto:openssl-commits%40openssl.org?Subject=Re%3A%20Still%20FAILED%20build%20of%20OpenSSL%20branch%20master%20with%20options%20-d%0A%20--strict-warnings%20no-asm&In-Reply-To=%3C1616634905.818158.3481829.nullmailer%40run.openssl.org%3E"
       TITLE="Still FAILED build of OpenSSL branch master with options -d --strict-warnings no-asm">openssl at openssl.org
       </A><BR>
    <I>Thu Mar 25 01:15:05 UTC 2021</I>
    <P><UL>
        <LI>Previous message: <A HREF="033558.html">Still FAILED build of OpenSSL branch master with options -d --strict-warnings no-asm
</A></li>
        <LI>Next message: <A HREF="033662.html">Still FAILED build of OpenSSL branch master with options -d --strict-warnings no-asm
</A></li>
         <LI> <B>Messages sorted by:</B> 
              <a href="date.html#33619">[ date ]</a>
              <a href="thread.html#33619">[ thread ]</a>
              <a href="subject.html#33619">[ subject ]</a>
              <a href="author.html#33619">[ author ]</a>
         </LI>
       </UL>
    <HR>  
<!--beginarticle-->
<PRE>Platform and configuration command:

$ uname -a
Linux run 5.4.0-65-generic #73-Ubuntu SMP Mon Jan 18 17:25:17 UTC 2021 x86_64 x86_64 x86_64 GNU/Linux
$ CC=clang ../openssl/config -d --strict-warnings no-asm

Commit log since last time:

eb78f95523 Make fipsinstall -out flag optional
b238e78fe8 Rearranged .pdata entries in rsaz-avx512.pl to make them properly ordered.
1f085af02c Add coveralls to CI
c08138e500 Fix compilation under -Werror
0dd19e750f Fix a windows build break
218e1263c4 ec_keymgmt: fix coverity 1474427: resource leak
9d8c53ed16 dh: fix coverty 1474423: resource leak
9ca269af63 apps: fix coverity 1451544: improper use of negative value
66325793cc test: fix coverity 1451534: improper use of negative value
69fb52e028 test: fix coverity 1469427: impropery use of negative value
51d1991ecd test: fix coverity 1454812: improper use of negative value
9ba18520ff test: fix coverity 1451574: improper use of negative value
1634b2df9f enc: fix coverity 1451499, 1451501, 1451506, 1451507, 1351511, 1451514, 1451517, 1451523, 1451526m 1451528, 1451539, 1451441, 1451549, 1451568 &amp; 1451572: improper use of negative value
fe10fa7521 test: fix coverity 1371689 &amp; 1371690: improper use of negative values
5a14bd153a apps: fix coverity 271258: improper use of negative value
a60b533125 err: fix coverity 1452768: dereference after null check
711d7ca594 pem: fix coverity 1474426: uninitialised scalar variable.
a669418c8e Be more selective about copying libcrypto symbols into legacy.so
ccdfcf07d9 Disable fips-securitychecks if no-fips is configured.
6511f686c2 endecode_test: Add file and line arguments to test callbacks
e72dbd8e13 Fix usages of const EVP_MD.
c781eb1c63 Dual 1024-bit exponentiation optimization for Intel IceLake CPU with AVX512_IFMA + AVX512_VL instructions, primarily for RSA CRT private key operations. It uses 256-bit registers to avoid CPU frequency scaling issues. The performance speedup for RSA2k signature on ICL is ~2x.
db89d8f04b APPS: fix load_certs_multifile() interpreting backslashes
251c48183b Fix DER reading from stdin for BIO_f_readbuffer

Build log ended with (last 100 lines):

02-test_internal_keymgmt.t ......... ok
02-test_internal_provider.t ........ ok
02-test_lhash.t .................... ok
02-test_ordinals.t ................. ok
02-test_sparse_array.t ............. ok
02-test_stack.t .................... ok
03-test_exdata.t ................... ok
03-test_fipsinstall.t .............. ok
03-test_internal_asn1.t ............ ok
03-test_internal_asn1_dsa.t ........ ok
03-test_internal_bn.t .............. ok
03-test_internal_chacha.t .......... ok
03-test_internal_curve448.t ........ ok
03-test_internal_ec.t .............. ok
03-test_internal_ffc.t ............. ok
03-test_internal_mdc2.t ............ ok
03-test_internal_modes.t ........... ok
03-test_internal_namemap.t ......... ok
03-test_internal_poly1305.t ........ ok
03-test_internal_rsa_sp800_56b.t ... ok
03-test_internal_siphash.t ......... ok
03-test_internal_sm2.t ............. ok
03-test_internal_sm4.t ............. ok
03-test_internal_ssl_cert_table.t .. ok
03-test_internal_x509.t ............ ok
03-test_params_api.t ............... ok
03-test_property.t ................. ok
03-test_ui.t ....................... ok
04-test_asn1_decode.t .............. ok
04-test_asn1_encode.t .............. ok
04-test_asn1_string_table.t ........ ok
04-test_bio_callback.t ............. ok
04-test_bioprint.t ................. ok
04-test_conf.t ..................... ok
04-test_encoder_decoder.t .......... ok
04-test_encoder_decoder_legacy.t ... ok
04-test_err.t ...................... ok
04-test_hexstring.t ................ ok
04-test_param_build.t .............. ok
04-test_params.t ................... ok
04-test_params_conversion.t ........ ok
04-test_pem.t ...................... ok
04-test_pem_read_depr.t ............ ok
04-test_provider.t ................. ok
04-test_provider_fallback.t ........ ok
05-test_bf.t ....................... ok
05-test_cast.t ..................... ok
05-test_cmac.t ..................... ok
05-test_des.t ...................... ok
05-test_hmac.t ..................... ok
05-test_idea.t ..................... ok
05-test_rand.t ..................... ok
05-test_rc2.t ...................... ok
05-test_rc4.t ...................... ok
05-test_rc5.t ...................... skipped: rc5 is not supported by this OpenSSL build
06-test-rdrand.t ................... ok
06-test_algorithmid.t .............. ok
10-test_bn.t ....................... ok
10-test_exp.t ...................... ok
15-test_dh.t ....................... ok
15-test_dsa.t ...................... ok
15-test_dsaparam.t ................. ok
15-test_ec.t ....................... ok
15-test_ecdsa.t .................... ok
15-test_ecparam.t .................. ok
15-test_gendh.t .................... ok
15-test_gendsa.t ................... ok
15-test_genec.t .................... ok
15-test_genrsa.t ................... ok
15-test_mp_rsa.t ................... ok
15-test_out_option.t ............... ok
15-test_rsa.t ...................... ok
15-test_rsaoaep.t .................. ok
15-test_rsapss.t ................... ok
20-test_app.t ...................... ok
20-test_cli_fips.t ................. ok
20-test_dgst.t ..................... ok
20-test_dhparam.t .................. ok
20-test_dhparam_check.t ............ ok
20-test_enc.t ...................... ok
20-test_enc_more.t ................. ok
20-test_kdf.t ...................... ok
20-test_mac.t ...................... ok
20-test_passwd.t ................... ok
20-test_pkeyutl.t .................. ok
20-test_rand_config.t .............. ok
25-test_crl.t ...................... ok
25-test_d2i.t ...................... ok
25-test_eai_data.t ................. ok
25-test_pkcs7.t .................... ok
25-test_req.t ...................... ok
25-test_rusext.t ................... ok
25-test_sid.t ...................... ok
25-test_verify.t ................... ok
25-test_verify_store.t ............. ok
25-test_x509.t ..................... ok
make[1]: *** [Makefile:3266: _tests] Terminated
make[1]: *** wait: No child processes.  Stop.
make[1]: *** Waiting for unfinished jobs....
make[1]: *** wait: No child processes.  Stop.
</PRE>


<!--endarticle-->
    <HR>
    <P><UL>
        <!--threads-->
	<LI>Previous message: <A HREF="033558.html">Still FAILED build of OpenSSL branch master with options -d --strict-warnings no-asm
</A></li>
	<LI>Next message: <A HREF="033662.html">Still FAILED build of OpenSSL branch master with options -d --strict-warnings no-asm
</A></li>
         <LI> <B>Messages sorted by:</B> 
              <a href="date.html#33619">[ date ]</a>
              <a href="thread.html#33619">[ thread ]</a>
              <a href="subject.html#33619">[ subject ]</a>
              <a href="author.html#33619">[ author ]</a>
         </LI>
       </UL>

<hr>
<a href="../../../mailman/listinfo/openssl-commits.html">More information about the openssl-commits
mailing list</a><br>
</body></html>
