<!DOCTYPE HTML PUBLIC "-//W3C//DTD HTML 4.01 Transitional//EN">
<HTML>
 <HEAD>
   <TITLE> Still FAILED build of OpenSSL branch master with options -d --strict-warnings no-tls1_3
   </TITLE>
   <LINK REL="Index" HREF="https://mta.openssl.org/pipermail/openssl-commits/2021-March/index.html" >
   <LINK REL="made" HREF="mailto:openssl-commits%40openssl.org?Subject=Re%3A%20Still%20FAILED%20build%20of%20OpenSSL%20branch%20master%20with%20options%20-d%0A%20--strict-warnings%20no-tls1_3&In-Reply-To=%3C1616818182.583910.1109178.nullmailer%40run.openssl.org%3E">
   <META NAME="robots" CONTENT="index,nofollow">
   <style type="text/css">
       pre {
           white-space: pre-wrap;       /* css-2.1, curent FF, Opera, Safari */
           }
   </style>
   <META http-equiv="Content-Type" content="text/html; charset=us-ascii">
   <LINK REL="Previous"  HREF="033611.html">
   <LINK REL="Next"  HREF="033699.html">
 </HEAD>
 <BODY BGCOLOR="#ffffff">
   <H1>Still FAILED build of OpenSSL branch master with options -d --strict-warnings no-tls1_3</H1>
    <B>OpenSSL run-checker</B> 
    <A HREF="mailto:openssl-commits%40openssl.org?Subject=Re%3A%20Still%20FAILED%20build%20of%20OpenSSL%20branch%20master%20with%20options%20-d%0A%20--strict-warnings%20no-tls1_3&In-Reply-To=%3C1616818182.583910.1109178.nullmailer%40run.openssl.org%3E"
       TITLE="Still FAILED build of OpenSSL branch master with options -d --strict-warnings no-tls1_3">openssl at openssl.org
       </A><BR>
    <I>Sat Mar 27 04:09:42 UTC 2021</I>
    <P><UL>
        <LI>Previous message: <A HREF="033611.html">Still FAILED build of OpenSSL branch master with options -d --strict-warnings no-tls1_3
</A></li>
        <LI>Next message: <A HREF="033699.html">Still FAILED build of OpenSSL branch master with options -d --strict-warnings no-tls1_3
</A></li>
         <LI> <B>Messages sorted by:</B> 
              <a href="date.html#33650">[ date ]</a>
              <a href="thread.html#33650">[ thread ]</a>
              <a href="subject.html#33650">[ subject ]</a>
              <a href="author.html#33650">[ author ]</a>
         </LI>
       </UL>
    <HR>  
<!--beginarticle-->
<PRE>Platform and configuration command:

$ uname -a
Linux run 5.4.0-65-generic #73-Ubuntu SMP Mon Jan 18 17:25:17 UTC 2021 x86_64 x86_64 x86_64 GNU/Linux
$ CC=clang ../openssl/config -d --strict-warnings no-tls1_3

Commit log since last time:

eb78f95523 Make fipsinstall -out flag optional
b238e78fe8 Rearranged .pdata entries in rsaz-avx512.pl to make them properly ordered.
1f085af02c Add coveralls to CI
c08138e500 Fix compilation under -Werror
0dd19e750f Fix a windows build break
218e1263c4 ec_keymgmt: fix coverity 1474427: resource leak
9d8c53ed16 dh: fix coverty 1474423: resource leak
9ca269af63 apps: fix coverity 1451544: improper use of negative value
66325793cc test: fix coverity 1451534: improper use of negative value
69fb52e028 test: fix coverity 1469427: impropery use of negative value
51d1991ecd test: fix coverity 1454812: improper use of negative value
9ba18520ff test: fix coverity 1451574: improper use of negative value
1634b2df9f enc: fix coverity 1451499, 1451501, 1451506, 1451507, 1351511, 1451514, 1451517, 1451523, 1451526m 1451528, 1451539, 1451441, 1451549, 1451568 &amp; 1451572: improper use of negative value
fe10fa7521 test: fix coverity 1371689 &amp; 1371690: improper use of negative values
5a14bd153a apps: fix coverity 271258: improper use of negative value
a60b533125 err: fix coverity 1452768: dereference after null check
711d7ca594 pem: fix coverity 1474426: uninitialised scalar variable.
a669418c8e Be more selective about copying libcrypto symbols into legacy.so
ccdfcf07d9 Disable fips-securitychecks if no-fips is configured.
6511f686c2 endecode_test: Add file and line arguments to test callbacks
e72dbd8e13 Fix usages of const EVP_MD.
c781eb1c63 Dual 1024-bit exponentiation optimization for Intel IceLake CPU with AVX512_IFMA + AVX512_VL instructions, primarily for RSA CRT private key operations. It uses 256-bit registers to avoid CPU frequency scaling issues. The performance speedup for RSA2k signature on ICL is ~2x.
db89d8f04b APPS: fix load_certs_multifile() interpreting backslashes
251c48183b Fix DER reading from stdin for BIO_f_readbuffer

Build log ended with (last 100 lines):

# ------------------------------------------------------------------------------
            # ERROR: (int) 'result-&gt;client_protocol == test_ctx-&gt;expected_protocol' failed @ ../openssl/test/ssl_test.c:114
            # [771] compared to [772]
            # INFO:  @ ../openssl/test/ssl_test.c:117
            # Protocol mismatch: expected TLSv1.3, got TLSv1.2.
            # 
            # OPENSSL_TEST_RAND_ORDER=1616817465
            not ok 3 - iteration 3
# ------------------------------------------------------------------------------
            # ERROR: (int) 'result-&gt;client_protocol == test_ctx-&gt;expected_protocol' failed @ ../openssl/test/ssl_test.c:114
            # [771] compared to [772]
            # INFO:  @ ../openssl/test/ssl_test.c:117
            # Protocol mismatch: expected TLSv1.3, got TLSv1.2.
            # 
            # OPENSSL_TEST_RAND_ORDER=1616817465
            not ok 4 - iteration 4
# ------------------------------------------------------------------------------
            # ERROR: (int) 'result-&gt;client_protocol == test_ctx-&gt;expected_protocol' failed @ ../openssl/test/ssl_test.c:114
            # [771] compared to [772]
            # INFO:  @ ../openssl/test/ssl_test.c:117
            # Protocol mismatch: expected TLSv1.3, got TLSv1.2.
            # 
            # OPENSSL_TEST_RAND_ORDER=1616817465
            not ok 5 - iteration 5
# ------------------------------------------------------------------------------
        # OPENSSL_TEST_RAND_ORDER=1616817465
        not ok 1 - test_handshake
# ------------------------------------------------------------------------------
../../util/wrap.pl ../../test/ssl_test 14-curves.cnf.fips fips ../../../openssl/test/fips-and-base.cnf =&gt; 1
    not ok 9 - running ssl_test 14-curves.cnf
# ------------------------------------------------------------------------------
    #   Failed test 'running ssl_test 14-curves.cnf'
    #   at ../openssl/test/recipes/80-test_ssl_new.t line 166.
    # Looks like you failed 3 tests of 9.
not ok 14 - Test configuration 14-curves.cnf
# ------------------------------------------------------------------------------
# Looks like you failed 1 test of 30.80-test_ssl_new.t .................. 
Dubious, test returned 1 (wstat 256, 0x100)
Failed 1/30 subtests 
80-test_ssl_old.t .................. ok
80-test_ssl_test_ctx.t ............. ok
80-test_sslcorrupt.t ............... ok
80-test_tsa.t ...................... ok
80-test_x509aux.t .................. ok
81-test_cmp_cli.t .................. ok
90-test_asn1_time.t ................ ok
90-test_async.t .................... ok
90-test_bio_enc.t .................. ok
90-test_bio_memleak.t .............. ok
90-test_constant_time.t ............ ok
90-test_fatalerr.t ................. ok
90-test_fipsload.t ................. ok
90-test_gmdiff.t ................... ok
90-test_gost.t ..................... skipped: TLSv1.3 or TLSv1.2 are disabled in this OpenSSL build
90-test_ige.t ...................... ok
90-test_includes.t ................. ok
90-test_memleak.t .................. ok
90-test_overhead.t ................. ok
90-test_secmem.t ................... ok
90-test_shlibload.t ................ ok
90-test_srp.t ...................... ok
90-test_sslapi.t ................... ok
90-test_sslbuffers.t ............... ok
90-test_store.t .................... ok
90-test_sysdefault.t ............... ok
90-test_threads.t .................. ok
90-test_time_offset.t .............. ok
90-test_tls13ccs.t ................. skipped: test_tls13ccs is not supported in this build
90-test_tls13encryption.t .......... skipped: tls13encryption is not supported in this build
90-test_tls13secrets.t ............. skipped: tls13secrets is not supported in this build
90-test_v3name.t ................... ok
91-test_pkey_check.t ............... ok
95-test_external_boringssl.t ....... skipped: No external tests in this configuration
95-test_external_gost_engine.t ..... skipped: No external tests in this configuration
95-test_external_krb5.t ............ skipped: No external tests in this configuration
95-test_external_pyca.t ............ skipped: No external tests in this configuration
99-test_ecstress.t ................. ok
99-test_fuzz_asn1.t ................ ok
99-test_fuzz_asn1parse.t ........... ok
99-test_fuzz_bignum.t .............. ok
99-test_fuzz_bndiv.t ............... ok
99-test_fuzz_client.t .............. ok
99-test_fuzz_cmp.t ................. ok
99-test_fuzz_cms.t ................. ok
99-test_fuzz_conf.t ................ ok
99-test_fuzz_crl.t ................. ok
99-test_fuzz_ct.t .................. ok
99-test_fuzz_server.t .............. ok
99-test_fuzz_x509.t ................ ok

Test Summary Report
-------------------
80-test_ssl_new.t                (Wstat: 256 Tests: 30 Failed: 1)
  Failed test:  14
  Non-zero exit status: 1
Files=234, Tests=3216, 1062 wallclock secs (12.93 usr  1.51 sys + 980.05 cusr 81.91 csys = 1076.40 CPU)
Result: FAIL
make[1]: *** [Makefile:3285: _tests] Error 1
make[1]: Leaving directory '/home/openssl/run-checker/no-tls1_3'
make: *** [Makefile:3282: tests] Error 2
</PRE>









































<!--endarticle-->
    <HR>
    <P><UL>
        <!--threads-->
	<LI>Previous message: <A HREF="033611.html">Still FAILED build of OpenSSL branch master with options -d --strict-warnings no-tls1_3
</A></li>
	<LI>Next message: <A HREF="033699.html">Still FAILED build of OpenSSL branch master with options -d --strict-warnings no-tls1_3
</A></li>
         <LI> <B>Messages sorted by:</B> 
              <a href="date.html#33650">[ date ]</a>
              <a href="thread.html#33650">[ thread ]</a>
              <a href="subject.html#33650">[ subject ]</a>
              <a href="author.html#33650">[ author ]</a>
         </LI>
       </UL>

<hr>
<a href="../../../mailman/listinfo/openssl-commits.html">More information about the openssl-commits
mailing list</a><br>
</body></html>
