<!DOCTYPE HTML PUBLIC "-//W3C//DTD HTML 4.01 Transitional//EN">
<HTML>
 <HEAD>
   <TITLE> Still FAILED build of OpenSSL branch master with options -d --strict-warnings no-tls1_3
   </TITLE>
   <LINK REL="Index" HREF="https://mta.openssl.org/pipermail/openssl-commits/2021-March/index.html" >
   <LINK REL="made" HREF="mailto:openssl-commits%40openssl.org?Subject=Re%3A%20Still%20FAILED%20build%20of%20OpenSSL%20branch%20master%20with%20options%20-d%0A%20--strict-warnings%20no-tls1_3&In-Reply-To=%3C1617158458.888050.3471692.nullmailer%40run.openssl.org%3E">
   <META NAME="robots" CONTENT="index,nofollow">
   <style type="text/css">
       pre {
           white-space: pre-wrap;       /* css-2.1, curent FF, Opera, Safari */
           }
   </style>
   <META http-equiv="Content-Type" content="text/html; charset=us-ascii">
   <LINK REL="Previous"  HREF="033650.html">
   <LINK REL="Next"  HREF="033320.html">
 </HEAD>
 <BODY BGCOLOR="#ffffff">
   <H1>Still FAILED build of OpenSSL branch master with options -d --strict-warnings no-tls1_3</H1>
    <B>OpenSSL run-checker</B> 
    <A HREF="mailto:openssl-commits%40openssl.org?Subject=Re%3A%20Still%20FAILED%20build%20of%20OpenSSL%20branch%20master%20with%20options%20-d%0A%20--strict-warnings%20no-tls1_3&In-Reply-To=%3C1617158458.888050.3471692.nullmailer%40run.openssl.org%3E"
       TITLE="Still FAILED build of OpenSSL branch master with options -d --strict-warnings no-tls1_3">openssl at openssl.org
       </A><BR>
    <I>Wed Mar 31 02:40:58 UTC 2021</I>
    <P><UL>
        <LI>Previous message: <A HREF="033650.html">Still FAILED build of OpenSSL branch master with options -d --strict-warnings no-tls1_3
</A></li>
        <LI>Next message: <A HREF="033320.html">Build failed: openssl master.40362
</A></li>
         <LI> <B>Messages sorted by:</B> 
              <a href="date.html#33699">[ date ]</a>
              <a href="thread.html#33699">[ thread ]</a>
              <a href="subject.html#33699">[ subject ]</a>
              <a href="author.html#33699">[ author ]</a>
         </LI>
       </UL>
    <HR>  
<!--beginarticle-->
<PRE>Platform and configuration command:

$ uname -a
Linux run 5.4.0-65-generic #73-Ubuntu SMP Mon Jan 18 17:25:17 UTC 2021 x86_64 x86_64 x86_64 GNU/Linux
$ CC=clang ../openssl/config -d --strict-warnings no-tls1_3

Commit log since last time:

2145ba5e83 Implement EVP_PKEY_dup() function
c464583483 Remove RSA bignum_data that is not used anywhere
7f2fa88519 doc: fix style problems with this man page
e7aa284e68 Fix X509_PUBKEY_dup() to not leak memory
808c63c5d0 test: add test case for X508_PUBKEY_dup() function
239ff7f769 doc: add documentation for the X509_PUBKEY_dup() function
f0800c7c22 Allocates and initializes pubkey in X509_PUBKEY_dup()
a638fb9413 Fix Build issue on Oracle Linux x64
ed2e5b612d Disable cmp_http test on AIX
53eecb5de5 TEST: Cleanup test recipes
bf5b37cedf Make the SM2 group the default group for the SM2 algorithm
cede07dc51 Remove the external BoringSSL test
6b2e51dd36 ssl/ssl_ciph.c: update format string, again
6466cc97e8 HTTP: Fix mem leak of OSSL_HTTP_REQ_CTX_transfer(), rename to ossl_http_req_ctx_transfer()
1c8505fb7d HTTP: Rename OSSL_HTTP_REQ_CTX_i2d() to OSSL_HTTP_REQ_CTX_set1_req()
814581bb7a RSA-PSS: When printing parameters, always print the trailerfield ASN.1 value
4551763efc doc: life-cycle descritpion for MACs
10b63e9756 doc: note that MAC lifecycle transitions will be enforced at some point
b0b63654e9 doc: life-cycle descritpion for RANDs
632bc4dff3 doc: note that RAND lifecycle transitions will be enforced at some point
77d12ae049 doc: life-cycle description for KDFs/PRFs
2e1a40d037 doc: note that KDF/PRF transitions will be enforced at some future point
4aac71f705 doc: add life-cycle source files
8c63532002 test: fix coverity 1473609 &amp; 1473610: unchecked return values
8eca93f8fb evp: fix coverity 1473378: unchecked return value
27f37279df params: fix coverity 1473069: unchecked return values
40d6e05cf8 evp: fix coverity 1467500 &amp; 1467502: unchecked return values
8cdcb63fc0 apps: fix coverity 1455340: unchecked return value
3352a4f6fa test: fix coverity 1451550: unchecked return value
f47865156a test: fix coverity 1429210: unchecked return value
b8cb90cdb6 test: fix coverity 1416888: unchecked return value
0d2b8bd261 test: fix coverity 1414451: unchecked return value
a02d70dd51 apps: fix coverity 1358776, 1451513, 1451519, 1451531 &amp; 1473387: unchecked return values
6a6844a219 test: fix coverity 1338157: unchecked return value
3c4c8dd84a encoder: fix coverity 1473235: null dereference
26d5244253 apps: fix coverity 1470781: explicit null dereference
fbe286a36e sm2: fix coverity 1467503: explicit null dereference
993237a8b6 rsa: fix coverity 1463571: explicit null dereference
8f4cddbc90 rand: fix coverity 1473636: data race condition
9aa4be691f x509: fix coverity 1474424: data race condition
96a68f21c3 x509: fix coverity 1461225: data race condition
4f0831b837 EVP_PKCS82PKEY: Create provided keys if possible
468d9d5564 Update CHANGES.md and NEWS.md for new release
39a140597d Ensure buffer/length pairs are always in sync
02b1636fe3 ssl sigalg extension: fix NULL pointer dereference
112580c27b Add a test for CVE-2021-3449
ae937a096c Teach TLSProxy how to encrypt &lt;= TLSv1.2 ETM records

Build log ended with (last 100 lines):

            not ok 2 - iteration 2
# ------------------------------------------------------------------------------
            # ERROR: (int) 'result-&gt;client_protocol == test_ctx-&gt;expected_protocol' failed @ ../openssl/test/ssl_test.c:114
            # [771] compared to [772]
            # INFO:  @ ../openssl/test/ssl_test.c:117
            # Protocol mismatch: expected TLSv1.3, got TLSv1.2.
            # 
            # OPENSSL_TEST_RAND_ORDER=1617157754
            not ok 3 - iteration 3
# ------------------------------------------------------------------------------
            # ERROR: (int) 'result-&gt;client_protocol == test_ctx-&gt;expected_protocol' failed @ ../openssl/test/ssl_test.c:114
            # [771] compared to [772]
            # INFO:  @ ../openssl/test/ssl_test.c:117
            # Protocol mismatch: expected TLSv1.3, got TLSv1.2.
            # 
            # OPENSSL_TEST_RAND_ORDER=1617157754
            not ok 4 - iteration 4
# ------------------------------------------------------------------------------
            # ERROR: (int) 'result-&gt;client_protocol == test_ctx-&gt;expected_protocol' failed @ ../openssl/test/ssl_test.c:114
            # [771] compared to [772]
            # INFO:  @ ../openssl/test/ssl_test.c:117
            # Protocol mismatch: expected TLSv1.3, got TLSv1.2.
            # 
            # OPENSSL_TEST_RAND_ORDER=1617157754
            not ok 5 - iteration 5
# ------------------------------------------------------------------------------
        # OPENSSL_TEST_RAND_ORDER=1617157754
        not ok 1 - test_handshake
# ------------------------------------------------------------------------------
../../util/wrap.pl ../../test/ssl_test 14-curves.cnf.fips fips ../../../openssl/test/fips-and-base.cnf =&gt; 1
    not ok 9 - running ssl_test 14-curves.cnf
# ------------------------------------------------------------------------------
    #   Failed test 'running ssl_test 14-curves.cnf'
    #   at ../openssl/test/recipes/80-test_ssl_new.t line 166.
    # Looks like you failed 3 tests of 9.
not ok 14 - Test configuration 14-curves.cnf
# ------------------------------------------------------------------------------
# Looks like you failed 1 test of 30.80-test_ssl_new.t .................. 
Dubious, test returned 1 (wstat 256, 0x100)
Failed 1/30 subtests 
80-test_ssl_old.t .................. ok
80-test_ssl_test_ctx.t ............. ok
80-test_sslcorrupt.t ............... ok
80-test_tsa.t ...................... ok
80-test_x509aux.t .................. ok
81-test_cmp_cli.t .................. ok
90-test_asn1_time.t ................ ok
90-test_async.t .................... ok
90-test_bio_enc.t .................. ok
90-test_bio_memleak.t .............. ok
90-test_constant_time.t ............ ok
90-test_fatalerr.t ................. ok
90-test_fipsload.t ................. ok
90-test_gmdiff.t ................... ok
90-test_gost.t ..................... skipped: TLSv1.3 or TLSv1.2 are disabled in this OpenSSL build
90-test_ige.t ...................... ok
90-test_includes.t ................. ok
90-test_memleak.t .................. ok
90-test_overhead.t ................. ok
90-test_secmem.t ................... ok
90-test_shlibload.t ................ ok
90-test_srp.t ...................... ok
90-test_sslapi.t ................... ok
90-test_sslbuffers.t ............... ok
90-test_store.t .................... ok
90-test_sysdefault.t ............... ok
90-test_threads.t .................. ok
90-test_time_offset.t .............. ok
90-test_tls13ccs.t ................. skipped: test_tls13ccs is not supported in this build
90-test_tls13encryption.t .......... skipped: test_tls13encryption is not supported in this build
90-test_tls13secrets.t ............. skipped: test_tls13secrets is not supported in this build
90-test_v3name.t ................... ok
91-test_pkey_check.t ............... ok
95-test_external_gost_engine.t ..... skipped: No external tests in this configuration
95-test_external_krb5.t ............ skipped: No external tests in this configuration
95-test_external_pyca.t ............ skipped: No external tests in this configuration
99-test_ecstress.t ................. ok
99-test_fuzz_asn1.t ................ ok
99-test_fuzz_asn1parse.t ........... ok
99-test_fuzz_bignum.t .............. ok
99-test_fuzz_bndiv.t ............... ok
99-test_fuzz_client.t .............. ok
99-test_fuzz_cmp.t ................. ok
99-test_fuzz_cms.t ................. ok
99-test_fuzz_conf.t ................ ok
99-test_fuzz_crl.t ................. ok
99-test_fuzz_ct.t .................. ok
99-test_fuzz_server.t .............. ok
99-test_fuzz_x509.t ................ ok

Test Summary Report
-------------------
80-test_ssl_new.t                (Wstat: 256 Tests: 30 Failed: 1)
  Failed test:  14
  Non-zero exit status: 1
Files=233, Tests=3217, 739 wallclock secs (10.87 usr  1.08 sys + 670.10 cusr 64.68 csys = 746.73 CPU)
Result: FAIL
make[1]: *** [Makefile:3283: _tests] Error 1
make[1]: Leaving directory '/home/openssl/run-checker/no-tls1_3'
make: *** [Makefile:3280: tests] Error 2
</PRE>








<!--endarticle-->
    <HR>
    <P><UL>
        <!--threads-->
	<LI>Previous message: <A HREF="033650.html">Still FAILED build of OpenSSL branch master with options -d --strict-warnings no-tls1_3
</A></li>
	<LI>Next message: <A HREF="033320.html">Build failed: openssl master.40362
</A></li>
         <LI> <B>Messages sorted by:</B> 
              <a href="date.html#33699">[ date ]</a>
              <a href="thread.html#33699">[ thread ]</a>
              <a href="subject.html#33699">[ subject ]</a>
              <a href="author.html#33699">[ author ]</a>
         </LI>
       </UL>

<hr>
<a href="../../../mailman/listinfo/openssl-commits.html">More information about the openssl-commits
mailing list</a><br>
</body></html>
