<!DOCTYPE HTML PUBLIC "-//W3C//DTD HTML 4.01 Transitional//EN">
<HTML>
 <HEAD>
   <TITLE> Still FAILED build of OpenSSL branch master with options -d --strict-warnings no-asm
   </TITLE>
   <LINK REL="Index" HREF="https://mta.openssl.org/pipermail/openssl-commits/2021-March/index.html" >
   <LINK REL="made" HREF="mailto:openssl-commits%40openssl.org?Subject=Re%3A%20Still%20FAILED%20build%20of%20OpenSSL%20branch%20master%20with%20options%20-d%0A%20--strict-warnings%20no-asm&In-Reply-To=%3C1616979760.680571.1651482.nullmailer%40run.openssl.org%3E">
   <META NAME="robots" CONTENT="index,nofollow">
   <style type="text/css">
       pre {
           white-space: pre-wrap;       /* css-2.1, curent FF, Opera, Safari */
           }
   </style>
   <META http-equiv="Content-Type" content="text/html; charset=us-ascii">
   <LINK REL="Previous"  HREF="033619.html">
   <LINK REL="Next"  HREF="033291.html">
 </HEAD>
 <BODY BGCOLOR="#ffffff">
   <H1>Still FAILED build of OpenSSL branch master with options -d --strict-warnings no-asm</H1>
    <B>OpenSSL run-checker</B> 
    <A HREF="mailto:openssl-commits%40openssl.org?Subject=Re%3A%20Still%20FAILED%20build%20of%20OpenSSL%20branch%20master%20with%20options%20-d%0A%20--strict-warnings%20no-asm&In-Reply-To=%3C1616979760.680571.1651482.nullmailer%40run.openssl.org%3E"
       TITLE="Still FAILED build of OpenSSL branch master with options -d --strict-warnings no-asm">openssl at openssl.org
       </A><BR>
    <I>Mon Mar 29 01:02:40 UTC 2021</I>
    <P><UL>
        <LI>Previous message: <A HREF="033619.html">Still FAILED build of OpenSSL branch master with options -d --strict-warnings no-asm
</A></li>
        <LI>Next message: <A HREF="033291.html">Still FAILED build of OpenSSL branch master with options -d --strict-warnings no-autoerrinit
</A></li>
         <LI> <B>Messages sorted by:</B> 
              <a href="date.html#33662">[ date ]</a>
              <a href="thread.html#33662">[ thread ]</a>
              <a href="subject.html#33662">[ subject ]</a>
              <a href="author.html#33662">[ author ]</a>
         </LI>
       </UL>
    <HR>  
<!--beginarticle-->
<PRE>Platform and configuration command:

$ uname -a
Linux run 5.4.0-65-generic #73-Ubuntu SMP Mon Jan 18 17:25:17 UTC 2021 x86_64 x86_64 x86_64 GNU/Linux
$ CC=clang ../openssl/config -d --strict-warnings no-asm

Commit log since last time:

2145ba5e83 Implement EVP_PKEY_dup() function
c464583483 Remove RSA bignum_data that is not used anywhere
7f2fa88519 doc: fix style problems with this man page
e7aa284e68 Fix X509_PUBKEY_dup() to not leak memory
808c63c5d0 test: add test case for X508_PUBKEY_dup() function
239ff7f769 doc: add documentation for the X509_PUBKEY_dup() function
f0800c7c22 Allocates and initializes pubkey in X509_PUBKEY_dup()
a638fb9413 Fix Build issue on Oracle Linux x64
ed2e5b612d Disable cmp_http test on AIX
53eecb5de5 TEST: Cleanup test recipes
bf5b37cedf Make the SM2 group the default group for the SM2 algorithm
cede07dc51 Remove the external BoringSSL test
6b2e51dd36 ssl/ssl_ciph.c: update format string, again
6466cc97e8 HTTP: Fix mem leak of OSSL_HTTP_REQ_CTX_transfer(), rename to ossl_http_req_ctx_transfer()
1c8505fb7d HTTP: Rename OSSL_HTTP_REQ_CTX_i2d() to OSSL_HTTP_REQ_CTX_set1_req()
814581bb7a RSA-PSS: When printing parameters, always print the trailerfield ASN.1 value
4551763efc doc: life-cycle descritpion for MACs
10b63e9756 doc: note that MAC lifecycle transitions will be enforced at some point
b0b63654e9 doc: life-cycle descritpion for RANDs
632bc4dff3 doc: note that RAND lifecycle transitions will be enforced at some point
77d12ae049 doc: life-cycle description for KDFs/PRFs
2e1a40d037 doc: note that KDF/PRF transitions will be enforced at some future point
4aac71f705 doc: add life-cycle source files
8c63532002 test: fix coverity 1473609 &amp; 1473610: unchecked return values
8eca93f8fb evp: fix coverity 1473378: unchecked return value
27f37279df params: fix coverity 1473069: unchecked return values
40d6e05cf8 evp: fix coverity 1467500 &amp; 1467502: unchecked return values
8cdcb63fc0 apps: fix coverity 1455340: unchecked return value
3352a4f6fa test: fix coverity 1451550: unchecked return value
f47865156a test: fix coverity 1429210: unchecked return value
b8cb90cdb6 test: fix coverity 1416888: unchecked return value
0d2b8bd261 test: fix coverity 1414451: unchecked return value
a02d70dd51 apps: fix coverity 1358776, 1451513, 1451519, 1451531 &amp; 1473387: unchecked return values
6a6844a219 test: fix coverity 1338157: unchecked return value
3c4c8dd84a encoder: fix coverity 1473235: null dereference
26d5244253 apps: fix coverity 1470781: explicit null dereference
fbe286a36e sm2: fix coverity 1467503: explicit null dereference
993237a8b6 rsa: fix coverity 1463571: explicit null dereference
8f4cddbc90 rand: fix coverity 1473636: data race condition
9aa4be691f x509: fix coverity 1474424: data race condition
96a68f21c3 x509: fix coverity 1461225: data race condition
4f0831b837 EVP_PKCS82PKEY: Create provided keys if possible
468d9d5564 Update CHANGES.md and NEWS.md for new release
39a140597d Ensure buffer/length pairs are always in sync
02b1636fe3 ssl sigalg extension: fix NULL pointer dereference
112580c27b Add a test for CVE-2021-3449
ae937a096c Teach TLSProxy how to encrypt &lt;= TLSv1.2 ETM records

Build log ended with (last 100 lines):

02-test_internal_context.t ......... ok
02-test_internal_ctype.t ........... ok
02-test_internal_keymgmt.t ......... ok
02-test_internal_provider.t ........ ok
02-test_lhash.t .................... ok
02-test_ordinals.t ................. ok
02-test_sparse_array.t ............. ok
02-test_stack.t .................... ok
03-test_exdata.t ................... ok
03-test_fipsinstall.t .............. ok
03-test_internal_asn1.t ............ ok
03-test_internal_asn1_dsa.t ........ ok
03-test_internal_bn.t .............. ok
03-test_internal_chacha.t .......... ok
03-test_internal_curve448.t ........ ok
03-test_internal_ec.t .............. ok
03-test_internal_ffc.t ............. ok
03-test_internal_mdc2.t ............ ok
03-test_internal_modes.t ........... ok
03-test_internal_namemap.t ......... ok
03-test_internal_poly1305.t ........ ok
03-test_internal_rsa_sp800_56b.t ... ok
03-test_internal_siphash.t ......... ok
03-test_internal_sm2.t ............. ok
03-test_internal_sm4.t ............. ok
03-test_internal_ssl_cert_table.t .. ok
03-test_internal_x509.t ............ ok
03-test_params_api.t ............... ok
03-test_property.t ................. ok
03-test_ui.t ....................... ok
04-test_asn1_decode.t .............. ok
04-test_asn1_encode.t .............. ok
04-test_asn1_string_table.t ........ ok
04-test_bio_callback.t ............. ok
04-test_bioprint.t ................. ok
04-test_conf.t ..................... ok
04-test_encoder_decoder.t .......... ok
04-test_encoder_decoder_legacy.t ... ok
04-test_err.t ...................... ok
04-test_hexstring.t ................ ok
04-test_param_build.t .............. ok
04-test_params.t ................... ok
04-test_params_conversion.t ........ ok
04-test_pem_read_depr.t ............ ok
04-test_pem_reading.t .............. ok
04-test_provider.t ................. ok
04-test_provider_fallback.t ........ ok
05-test_bf.t ....................... ok
05-test_cast.t ..................... ok
05-test_cmac.t ..................... ok
05-test_des.t ...................... ok
05-test_hmac.t ..................... ok
05-test_idea.t ..................... ok
05-test_rand.t ..................... ok
05-test_rc2.t ...................... ok
05-test_rc4.t ...................... ok
05-test_rc5.t ...................... skipped: rc5 is not supported by this OpenSSL build
06-test_algorithmid.t .............. ok
06-test_rdrand_sanity.t ............ ok
10-test_bn.t ....................... ok
10-test_exp.t ...................... ok
15-test_dh.t ....................... ok
15-test_dsa.t ...................... ok
15-test_dsaparam.t ................. ok
15-test_ec.t ....................... ok
15-test_ecdsa.t .................... ok
15-test_ecparam.t .................. ok
15-test_gendh.t .................... ok
15-test_gendsa.t ................... ok
15-test_genec.t .................... ok
15-test_genrsa.t ................... ok
15-test_mp_rsa.t ................... ok
15-test_out_option.t ............... ok
15-test_rsa.t ...................... ok
15-test_rsaoaep.t .................. ok
15-test_rsapss.t ................... ok
20-test_app.t ...................... ok
20-test_cli_fips.t ................. ok
20-test_dgst.t ..................... ok
20-test_dhparam.t .................. ok
20-test_dhparam_check.t ............ ok
20-test_enc.t ...................... ok
20-test_enc_more.t ................. ok
20-test_kdf.t ...................... ok
20-test_mac.t ...................... ok
20-test_passwd.t ................... ok
20-test_pkeyutl.t .................. ok
20-test_rand_config.t .............. ok
25-test_crl.t ...................... ok
25-test_d2i.t ...................... ok
25-test_eai_data.t ................. ok
25-test_pkcs7.t .................... ok
25-test_req.t ...................... ok
25-test_rusext.t ................... ok
25-test_sid.t ...................... ok
25-test_verify.t ................... ok
25-test_verify_store.t ............. ok
25-test_x509.t ..................... ok
make: *** [Makefile:3276: tests] Terminated
make[1]: *** [Makefile:3279: _tests] Terminated
</PRE>

<!--endarticle-->
    <HR>
    <P><UL>
        <!--threads-->
	<LI>Previous message: <A HREF="033619.html">Still FAILED build of OpenSSL branch master with options -d --strict-warnings no-asm
</A></li>
	<LI>Next message: <A HREF="033291.html">Still FAILED build of OpenSSL branch master with options -d --strict-warnings no-autoerrinit
</A></li>
         <LI> <B>Messages sorted by:</B> 
              <a href="date.html#33662">[ date ]</a>
              <a href="thread.html#33662">[ thread ]</a>
              <a href="subject.html#33662">[ subject ]</a>
              <a href="author.html#33662">[ author ]</a>
         </LI>
       </UL>

<hr>
<a href="../../../mailman/listinfo/openssl-commits.html">More information about the openssl-commits
mailing list</a><br>
</body></html>
