<!DOCTYPE HTML PUBLIC "-//W3C//DTD HTML 4.01 Transitional//EN">
<HTML>
 <HEAD>
   <TITLE> [openssl-commits] FAILED build of OpenSSL branch master with	options no-dh
   </TITLE>
   <LINK REL="Index" HREF="https://mta.openssl.org/pipermail/openssl-commits/2017-January/index.html" >
   <LINK REL="made" HREF="mailto:openssl-commits%40openssl.org?Subject=Re%3A%20%5Bopenssl-commits%5D%20FAILED%20build%20of%20OpenSSL%20branch%20master%20with%0A%09options%20no-dh&In-Reply-To=%3C1484183397.888431.12587.nullmailer%40test.openssl.org%3E">
   <META NAME="robots" CONTENT="index,nofollow">
   <style type="text/css">
       pre {
           white-space: pre-wrap;       /* css-2.1, curent FF, Opera, Safari */
           }
   </style>
   <META http-equiv="Content-Type" content="text/html; charset=us-ascii">
   <LINK REL="Previous"  HREF="012240.html">
   <LINK REL="Next"  HREF="012241.html">
 </HEAD>
 <BODY BGCOLOR="#ffffff">
   <H1>[openssl-commits] FAILED build of OpenSSL branch master with	options no-dh</H1>
    <B>OpenSSL run-checker</B> 
    <A HREF="mailto:openssl-commits%40openssl.org?Subject=Re%3A%20%5Bopenssl-commits%5D%20FAILED%20build%20of%20OpenSSL%20branch%20master%20with%0A%09options%20no-dh&In-Reply-To=%3C1484183397.888431.12587.nullmailer%40test.openssl.org%3E"
       TITLE="[openssl-commits] FAILED build of OpenSSL branch master with	options no-dh">openssl at openssl.org
       </A><BR>
    <I>Thu Jan 12 01:09:57 UTC 2017</I>
    <P><UL>
        <LI>Previous message: <A HREF="012240.html">[openssl-commits] FAILED build of OpenSSL branch master with	options no-dh
</A></li>
        <LI>Next message: <A HREF="012241.html">[openssl-commits] FAILED build of OpenSSL branch master with	options no-dsa
</A></li>
         <LI> <B>Messages sorted by:</B> 
              <a href="date.html#12283">[ date ]</a>
              <a href="thread.html#12283">[ thread ]</a>
              <a href="subject.html#12283">[ subject ]</a>
              <a href="author.html#12283">[ author ]</a>
         </LI>
       </UL>
    <HR>  
<!--beginarticle-->
<PRE>Platform and configuration command:

$ uname -a
Linux test 4.4.0-53-generic #74-Ubuntu SMP Fri Dec 2 15:59:10 UTC 2016 x86_64 x86_64 x86_64 GNU/Linux
$ CC=clang ../openssl/config -d --strict-warnings no-dh

Commit log since last time:

e3bc130 Fix compilation with no-nextprotoneg
66ed24b Add a test &quot;uitest&quot;
78b19e9 Add a few documentation lines about UI_OpenSSL()
cc10f22 Document the UI utility functions
3ab3c8c make update
0fe1fc8 Add a UI utility function with which to wrap pem_callback_cb in a UI_METHOD
18cfc66 Add an application data field in the UI_METHOD
a223ffe Constify the input parameter to UI_method_get_*
264b2d9 Enable apps to get a UI_METHOD for the default prompter
5eeb6c6 Fix no-ec following sigalgs refactor
7a531ee Fix tls1_set_sigalgs() length calculation
42ab223 Add some missing sigalgs
0cc092f Fix an uninit read picked up by Travis
1b520cb Fix a Travis failure
a2de794 Add some signature tests
357d096 Teach TLSProxy how to re-encrypt a TLSv1.3 message after changes
79d8c16 Extend ServerKeyExchange parsing to work with a signature
adb403d Teach TLSProxy about the CertificateVerify message
7842505 Teach SSL_trace about the new sigalgs
cd61b55 Add a sigalg test to check we only allow sigalgs we sent
fe3066e Extend PSS signature support to TLSv1.2
16abbd1 Fix test_sslversions to know that TLSv1.3 sets record version to TLSv1.0
d24c6a3 Always use TLSv1.0 for record layer version in TLSv1.3
710eb47 Add a TLS1.3 TODO for setting of sig algs
6f68a52 Add some sig algs tests
523fb32 Ignore PKCS1 based sig algs in TLSv1.3
0490431 Verify that the sig algs extension has been sent for TLSv1.3
ace081c Fix client application traffic secret
4954fd1 Temporarily ignore NewSessionTickets for TLS1.3
6612d87 Use the correct size for TLSv1.3 finished keys
ac77aa9 Ensure the record sequence number gets incremented
63c1df0 Remove some unneeded functions
536199e Use NIDs instead of the old TLSv1.2 sigalgs hash and sig ids
2ec6cb3 Remove a redundant function
703bcee Convert Sigalgs processing to use ints
5f9b64a Sign CertificateVerify messages using PSS padding
2c5dfdc Make CertificateVerify TLS1.3 aware
d8bc139 Move Certificate Verify construction and processing into statem_lib.c
3f305a8 Add a TODO(TLS1.3) around certificate selection
684b169 Fix typo in Blake2 function names
676befb Print the X509 version signed, and convert to unsigned for the hex version.
d957430 Only enable CRYPTO_3DES_ECB if that name is an existing macro
374d543 Small fixes of cryptodev engine
290a041 Mark a HelloRequest record as read if we ignore it
f61c5ca use EVP_CIPHER_CTX_ functions instead of accessing EVP_CIPHER_CTX internals
349b653 fix for BSD cryptodev
2c5998d Remove commented-out HMAC code
098eb1a Style the code
807d210 Remove unused ret variable
60cd119 Remove non-functional CRYPTO_AES_CTR ifdef disabling AES-CTR in cryptodev
f53e067 Add AES-ECB and 3DES-ECB to cryptodev
f8e7fbd cryptodev: allow copying EVP contexts
efcad82 cryptodev: Fix issue with signature generation
1ed327f Review comments
8cbfcc7 Use typedefs for PSK, NPN, ALPN callback functions
aff8c12 Move extension data into sub-structs

Build log ended with (last 100 lines):

make -f ../openssl/Makefile.shared -e \
	PERL=&quot;/usr/bin/perl&quot; SRCDIR=../openssl \
	APPNAME=test/x509aux OBJECTS=&quot;test/x509aux.o&quot; \
	LIBDEPS=' '&quot; -L. -lcrypto&quot;' -ldl ' \
	CC='clang' CFLAGS='-DDSO_DLFCN -DHAVE_DLFCN_H -DOPENSSL_THREADS -DOPENSSL_NO_STATIC_ENGINE -DOPENSSL_PIC -DOPENSSL_IA32_SSE2 -DOPENSSL_BN_ASM_MONT -DOPENSSL_BN_ASM_MONT5 -DOPENSSL_BN_ASM_GF2m -DSHA1_ASM -DSHA256_ASM -DSHA512_ASM -DRC4_ASM -DMD5_ASM -DAES_ASM -DVPAES_ASM -DBSAES_ASM -DGHASH_ASM -DECP_NISTZ256_ASM -DPADLOCK_ASM -DPOLY1305_ASM -DOPENSSLDIR=&quot;\&quot;/usr/local/ssl\&quot;&quot; -DENGINESDIR=&quot;\&quot;/usr/local/lib/engines-1.1\&quot;&quot; -Wall -O0 -g -pthread -m64 -DL_ENDIAN -Wextra -Qunused-arguments  -DDEBUG_UNUSED -Wswitch -DPEDANTIC -pedantic -Wno-long-long -Wall -Wsign-compare -Wmissing-prototypes -Wshadow -Wformat -Wtype-limits -Werror -Qunused-arguments -Wextra -Wswitch-default -Wno-unused-parameter -Wno-missing-field-initializers -Wno-language-extension-token -Wno-extended-offsetof -Wconditional-uninitialized -Wincompatible-pointer-types-discards-qualifiers -Wmissing-variable-declarations ' \
	LDFLAGS='' \
	link_app.linux-shared
make[2]: Entering directory '/home/openssl/run-checker/no-dh'
LD_LIBRARY_PATH=.: clang -DDSO_DLFCN -DHAVE_DLFCN_H -DOPENSSL_THREADS -DOPENSSL_NO_STATIC_ENGINE -DOPENSSL_PIC -DOPENSSL_IA32_SSE2 -DOPENSSL_BN_ASM_MONT -DOPENSSL_BN_ASM_MONT5 -DOPENSSL_BN_ASM_GF2m -DSHA1_ASM -DSHA256_ASM -DSHA512_ASM -DRC4_ASM -DMD5_ASM -DAES_ASM -DVPAES_ASM -DBSAES_ASM -DGHASH_ASM -DECP_NISTZ256_ASM -DPADLOCK_ASM -DPOLY1305_ASM -DOPENSSLDIR=&quot;/usr/local/ssl&quot; -DENGINESDIR=&quot;/usr/local/lib/engines-1.1&quot; -Wall -O0 -g -pthread -m64 -DL_ENDIAN -Wextra -Qunused-arguments -DDEBUG_UNUSED -Wswitch -DPEDANTIC -pedantic -Wno-long-long -Wall -Wsign-compare -Wmissing-prototypes -Wshadow -Wformat -Wtype-limits -Werror -Qunused-arguments -Wextra -Wswitch-default -Wno-unused-parameter -Wno-missing-field-initializers -Wno-language-extension-token -Wno-extended-offsetof -Wconditional-uninitialized -Wincompatible-pointer-types-discards-qualifiers -Wmissing-variable-declarations -o test/x509aux test/x509aux.o -L. -lcrypto -ldl
make[2]: Leaving directory '/home/openssl/run-checker/no-dh'
/usr/bin/perl &quot;-I.&quot; -Mconfigdata &quot;../openssl/util/dofile.pl&quot; \
    &quot;-oMakefile&quot; ../openssl/apps/CA.pl.in &gt; &quot;apps/CA.pl&quot;
chmod a+x apps/CA.pl
/usr/bin/perl &quot;-I.&quot; -Mconfigdata &quot;../openssl/util/dofile.pl&quot; \
    &quot;-oMakefile&quot; ../openssl/apps/tsget.in &gt; &quot;apps/tsget&quot;
chmod a+x apps/tsget
/usr/bin/perl &quot;-I.&quot; -Mconfigdata &quot;../openssl/util/dofile.pl&quot; \
    &quot;-oMakefile&quot; ../openssl/tools/c_rehash.in &gt; &quot;tools/c_rehash&quot;
chmod a+x tools/c_rehash
/usr/bin/perl &quot;-I.&quot; -Mconfigdata &quot;../openssl/util/dofile.pl&quot; \
    &quot;-oMakefile&quot; ../openssl/util/shlib_wrap.sh.in &gt; &quot;util/shlib_wrap.sh&quot;
chmod a+x util/shlib_wrap.sh
make[1]: Leaving directory '/home/openssl/run-checker/no-dh'
$ make test
make depend &amp;&amp; make _tests
make[1]: Entering directory '/home/openssl/run-checker/no-dh'
make[1]: Leaving directory '/home/openssl/run-checker/no-dh'
make[1]: Entering directory '/home/openssl/run-checker/no-dh'
( cd test; \
  SRCTOP=../../openssl \
  BLDTOP=../. \
  PERL=&quot;/usr/bin/perl&quot; \
  EXE_EXT= \
  OPENSSL_ENGINES=.././engines \
  OPENSSL_DEBUG_MEMORY=on \
    /usr/bin/perl ../../openssl/test/run_tests.pl  )
../../openssl/test/recipes/01-test_abort.t ............ ok
../../openssl/test/recipes/01-test_sanity.t ........... ok
../../openssl/test/recipes/01-test_symbol_presence.t .. ok
../../openssl/test/recipes/02-test_ordinals.t ......... ok
../../openssl/test/recipes/03-test_internal.t ......... ok
../../openssl/test/recipes/03-test_ui.t ............... ok
../../openssl/test/recipes/05-test_bf.t ............... ok
../../openssl/test/recipes/05-test_cast.t ............. ok
../../openssl/test/recipes/05-test_des.t .............. ok
../../openssl/test/recipes/05-test_hmac.t ............. ok
../../openssl/test/recipes/05-test_idea.t ............. ok
../../openssl/test/recipes/05-test_md2.t .............. skipped: md2 is not supported by this OpenSSL build
../../openssl/test/recipes/05-test_md4.t .............. ok
../../openssl/test/recipes/05-test_md5.t .............. ok
../../openssl/test/recipes/05-test_mdc2.t ............. ok
../../openssl/test/recipes/05-test_rand.t ............. ok
../../openssl/test/recipes/05-test_rc2.t .............. ok
../../openssl/test/recipes/05-test_rc4.t .............. ok
../../openssl/test/recipes/05-test_rc5.t .............. skipped: rc5 is not supported by this OpenSSL build
../../openssl/test/recipes/05-test_rmd.t .............. ok
../../openssl/test/recipes/05-test_sha1.t ............. ok
../../openssl/test/recipes/05-test_sha256.t ........... ok
../../openssl/test/recipes/05-test_sha512.t ........... ok
../../openssl/test/recipes/05-test_wp.t ............... ok
../../openssl/test/recipes/10-test_bn.t ............... ok
../../openssl/test/recipes/10-test_exp.t .............. ok
../../openssl/test/recipes/15-test_dh.t ............... skipped: dh is not supported by this OpenSSL build
../../openssl/test/recipes/15-test_dsa.t .............. ok
../../openssl/test/recipes/15-test_ec.t ............... ok
../../openssl/test/recipes/15-test_ecdh.t ............. ok
../../openssl/test/recipes/15-test_ecdsa.t ............ ok
../../openssl/test/recipes/15-test_rsa.t .............. ok
../../openssl/test/recipes/20-test_enc.t .............. ok
../../openssl/test/recipes/20-test_passwd.t ........... ok
../../openssl/test/recipes/25-test_crl.t .............. ok
../../openssl/test/recipes/25-test_d2i.t .............. ok
../../openssl/test/recipes/25-test_pkcs7.t ............ ok
../../openssl/test/recipes/25-test_req.t .............. ok
../../openssl/test/recipes/25-test_sid.t .............. ok
../../openssl/test/recipes/25-test_verify.t ........... ok
../../openssl/test/recipes/25-test_x509.t ............. ok
../../openssl/test/recipes/30-test_afalg.t ............ ok
../../openssl/test/recipes/30-test_engine.t ........... ok
../../openssl/test/recipes/30-test_evp.t .............. ok
../../openssl/test/recipes/30-test_evp_extra.t ........ ok
../../openssl/test/recipes/30-test_pbelu.t ............ ok
../../openssl/test/recipes/30-test_pkey_meth.t ........ ok
../../openssl/test/recipes/40-test_rehash.t ........... ok
../../openssl/test/recipes/70-test_asyncio.t .......... ok
../../openssl/test/recipes/70-test_bad_dtls.t ......... ok
../../openssl/test/recipes/70-test_clienthello.t ...... ok
../../openssl/test/recipes/70-test_key_share.t ........ skipped: test_key_share needs TLS1.3 enabled
../../openssl/test/recipes/70-test_packet.t ........... ok
../../openssl/test/recipes/70-test_renegotiation.t .... ok
../../openssl/test/recipes/70-test_sslcbcpadding.t .... ok
../../openssl/test/recipes/70-test_sslcertstatus.t .... ok
../../openssl/test/recipes/70-test_sslextension.t ..... ok
../../openssl/test/recipes/70-test_sslmessages.t ...... ok
../../openssl/test/recipes/70-test_sslrecords.t ....... ok
../../openssl/test/recipes/70-test_sslsessiontick.t ... ok
../../openssl/test/recipes/70-test_sslsigalgs.t ....... ok
make[1]: *** wait: No child processes.  Stop.
make[1]: *** Waiting for unfinished jobs....
make[1]: *** wait: No child processes.  Stop.
</PRE>










































































































<!--endarticle-->
    <HR>
    <P><UL>
        <!--threads-->
	<LI>Previous message: <A HREF="012240.html">[openssl-commits] FAILED build of OpenSSL branch master with	options no-dh
</A></li>
	<LI>Next message: <A HREF="012241.html">[openssl-commits] FAILED build of OpenSSL branch master with	options no-dsa
</A></li>
         <LI> <B>Messages sorted by:</B> 
              <a href="date.html#12283">[ date ]</a>
              <a href="thread.html#12283">[ thread ]</a>
              <a href="subject.html#12283">[ subject ]</a>
              <a href="author.html#12283">[ author ]</a>
         </LI>
       </UL>

<hr>
<a href="../../../mailman/listinfo/openssl-commits.html">More information about the openssl-commits
mailing list</a><br>
</body></html>
