<!DOCTYPE HTML PUBLIC "-//W3C//DTD HTML 4.01 Transitional//EN">
<HTML>
 <HEAD>
   <TITLE> [openssl-commits] Still FAILED build of OpenSSL branch master with	options no-tls
   </TITLE>
   <LINK REL="Index" HREF="https://mta.openssl.org/pipermail/openssl-commits/2017-January/index.html" >
   <LINK REL="made" HREF="mailto:openssl-commits%40openssl.org?Subject=Re%3A%20%5Bopenssl-commits%5D%20Still%20FAILED%20build%20of%20OpenSSL%20branch%20master%20with%0A%09options%20no-tls&In-Reply-To=%3C1484804874.358523.10753.nullmailer%40test.openssl.org%3E">
   <META NAME="robots" CONTENT="index,nofollow">
   <style type="text/css">
       pre {
           white-space: pre-wrap;       /* css-2.1, curent FF, Opera, Safari */
           }
   </style>
   <META http-equiv="Content-Type" content="text/html; charset=us-ascii">
   <LINK REL="Previous"  HREF="012330.html">
   <LINK REL="Next"  HREF="012358.html">
 </HEAD>
 <BODY BGCOLOR="#ffffff">
   <H1>[openssl-commits] Still FAILED build of OpenSSL branch master with	options no-tls</H1>
    <B>OpenSSL run-checker</B> 
    <A HREF="mailto:openssl-commits%40openssl.org?Subject=Re%3A%20%5Bopenssl-commits%5D%20Still%20FAILED%20build%20of%20OpenSSL%20branch%20master%20with%0A%09options%20no-tls&In-Reply-To=%3C1484804874.358523.10753.nullmailer%40test.openssl.org%3E"
       TITLE="[openssl-commits] Still FAILED build of OpenSSL branch master with	options no-tls">openssl at openssl.org
       </A><BR>
    <I>Thu Jan 19 05:47:54 UTC 2017</I>
    <P><UL>
        <LI>Previous message: <A HREF="012330.html">[openssl-commits] Still FAILED build of OpenSSL branch master with	options no-tls
</A></li>
        <LI>Next message: <A HREF="012358.html">[openssl-commits] Still FAILED build of OpenSSL branch master with	options no-tls
</A></li>
         <LI> <B>Messages sorted by:</B> 
              <a href="date.html#12346">[ date ]</a>
              <a href="thread.html#12346">[ thread ]</a>
              <a href="subject.html#12346">[ subject ]</a>
              <a href="author.html#12346">[ author ]</a>
         </LI>
       </UL>
    <HR>  
<!--beginarticle-->
<PRE>Platform and configuration command:

$ uname -a
Linux test 4.4.0-53-generic #74-Ubuntu SMP Fri Dec 2 15:59:10 UTC 2016 x86_64 x86_64 x86_64 GNU/Linux
$ CC=clang ../openssl/config -d --strict-warnings no-tls

Commit log since last time:

4f326dd Skip ECDH tests for SSLv3
3e37351 If client doesn't send curves list, don't assume all.
137096a Defines and strings for special salt length values, add tests
3c441c2 additional PSS tests for -1 and invalid salt length
79ebfc4 Add support for -1, -2 salt lengths for PSS only keys.
31a5115 Clean dead macros and defines
2191dc8 Clean one unused variable, plus an useless one.
1f164c6 Correct reference to SSL_get_peer_cert_chain().

Build log ended with (last 100 lines):

../../openssl/test/recipes/15-test_ec.t ............... ok
../../openssl/test/recipes/15-test_ecdh.t ............. ok
../../openssl/test/recipes/15-test_ecdsa.t ............ ok
../../openssl/test/recipes/15-test_rsa.t .............. ok
../../openssl/test/recipes/20-test_enc.t .............. ok
../../openssl/test/recipes/20-test_passwd.t ........... ok
../../openssl/test/recipes/25-test_crl.t .............. ok
../../openssl/test/recipes/25-test_d2i.t .............. ok
../../openssl/test/recipes/25-test_pkcs7.t ............ ok
../../openssl/test/recipes/25-test_req.t .............. ok
../../openssl/test/recipes/25-test_sid.t .............. ok
../../openssl/test/recipes/25-test_verify.t ........... ok
../../openssl/test/recipes/25-test_x509.t ............. ok
../../openssl/test/recipes/30-test_afalg.t ............ ok
../../openssl/test/recipes/30-test_engine.t ........... ok
../../openssl/test/recipes/30-test_evp.t .............. ok
../../openssl/test/recipes/30-test_evp_extra.t ........ ok
../../openssl/test/recipes/30-test_pbelu.t ............ ok
../../openssl/test/recipes/30-test_pkey_meth.t ........ ok
../../openssl/test/recipes/40-test_rehash.t ........... ok
../../openssl/test/recipes/70-test_asyncio.t .......... skipped: No TLS/SSL protocols are supported by this OpenSSL build
../../openssl/test/recipes/70-test_bad_dtls.t ......... ok
../../openssl/test/recipes/70-test_clienthello.t ...... skipped: No TLS/SSL protocols are supported by this OpenSSL build
../../openssl/test/recipes/70-test_key_share.t ........ skipped: test_key_share needs TLS1.3 enabled
../../openssl/test/recipes/70-test_packet.t ........... ok
../../openssl/test/recipes/70-test_renegotiation.t .... skipped: test_renegotiation needs TLS &lt;= 1.2 enabled
../../openssl/test/recipes/70-test_sslcbcpadding.t .... skipped: test_sslcbcpadding needs TLSv1.2 enabled
../../openssl/test/recipes/70-test_sslcertstatus.t .... skipped: test_sslcertstatus needs TLS enabled
../../openssl/test/recipes/70-test_sslextension.t ..... skipped: test_sslextension needs TLS enabled
../../openssl/test/recipes/70-test_sslmessages.t ...... skipped: test_sslmessages needs TLS enabled
../../openssl/test/recipes/70-test_sslrecords.t ....... skipped: test_sslrecords needs TLSv1.2 enabled
../../openssl/test/recipes/70-test_sslsessiontick.t ... skipped: test_sslsessiontick needs SSLv3, TLSv1, TLSv1.1 or TLSv1.2 enabled
../../openssl/test/recipes/70-test_sslsigalgs.t ....... skipped: test_sslsigalgs needs TLS1.2 or TLS1.3 enabled
../../openssl/test/recipes/70-test_sslsignature.t ..... skipped: test_sslsignature needs TLS enabled
../../openssl/test/recipes/70-test_sslskewith0p.t ..... skipped: test_sslskewith0p needs TLS enabled
../../openssl/test/recipes/70-test_sslversions.t ...... skipped: test_sslversions needs TLS1.3, TLS1.2 and TLS1.1 enabled
../../openssl/test/recipes/70-test_sslvertol.t ........ skipped: test_sslextension needs TLS enabled
../../openssl/test/recipes/70-test_tls13messages.t .... skipped: test_tls13messages needs TLSv1.3 enabled
../../openssl/test/recipes/70-test_tlsextms.t ......... skipped: test_tlsextms needs TLSv1.0, TLSv1.1 or TLSv1.2 enabled
../../openssl/test/recipes/70-test_verify_extra.t ..... ok
../../openssl/test/recipes/70-test_wpacket.t .......... skipped: Only supported in no-shared builds
../../openssl/test/recipes/80-test_ca.t ............... ok
../../openssl/test/recipes/80-test_cipherlist.t ....... skipped: No SSL/TLS protocol is supported by this OpenSSL build.
../../openssl/test/recipes/80-test_cms.t .............. ok
../../openssl/test/recipes/80-test_ct.t ............... ok
../../openssl/test/recipes/80-test_dane.t ............. ok
../../openssl/test/recipes/80-test_dtls.t ............. ok
../../openssl/test/recipes/80-test_dtls_mtu.t ......... ok
../../openssl/test/recipes/80-test_dtlsv1listen.t ..... ok
../../openssl/test/recipes/80-test_ocsp.t ............. ok
../../openssl/test/recipes/80-test_pkcs12.t ........... ok
    
    #   Failed test 'running ssl_test 20-cert-select.conf'
    #   at ../../openssl/test/recipes/80-test_ssl_new.t line 126.
    # Looks like you failed 1 test of 3.

#   Failed test 'Test configuration 20-cert-select.conf'
#   at ../../openssl/test/recipes/80-test_ssl_new.t line 92.
# Looks like you failed 1 test of 20.
../../openssl/test/recipes/80-test_ssl_new.t .......... 
Dubious, test returned 1 (wstat 256, 0x100)
Failed 1/20 subtests 
../../openssl/test/recipes/80-test_ssl_old.t .......... ok
../../openssl/test/recipes/80-test_ssl_test_ctx.t ..... ok
../../openssl/test/recipes/80-test_sslcorrupt.t ....... skipped: No TLS protocols are supported by this OpenSSL build
../../openssl/test/recipes/80-test_tsa.t .............. ok
../../openssl/test/recipes/80-test_x509aux.t .......... ok
../../openssl/test/recipes/90-test_async.t ............ ok
../../openssl/test/recipes/90-test_bio_enc.t .......... ok
../../openssl/test/recipes/90-test_bioprint.t ......... ok
../../openssl/test/recipes/90-test_constant_time.t .... ok
../../openssl/test/recipes/90-test_external.t ......... skipped: No external tests in this configuration
../../openssl/test/recipes/90-test_fuzz.t ............. ok
../../openssl/test/recipes/90-test_gmdiff.t ........... ok
../../openssl/test/recipes/90-test_ige.t .............. ok
../../openssl/test/recipes/90-test_memleak.t .......... ok
../../openssl/test/recipes/90-test_overhead.t ......... skipped: Only supported in no-shared builds
../../openssl/test/recipes/90-test_p5_crpt2.t ......... ok
../../openssl/test/recipes/90-test_secmem.t ........... ok
../../openssl/test/recipes/90-test_shlibload.t ........ ok
../../openssl/test/recipes/90-test_srp.t .............. ok
../../openssl/test/recipes/90-test_sslapi.t ........... skipped: No TLS/SSL protocols are supported by this OpenSSL build
../../openssl/test/recipes/90-test_threads.t .......... ok
../../openssl/test/recipes/90-test_tls13encryption.t .. skipped: tls13encryption is not supported in this build
../../openssl/test/recipes/90-test_tls13secrets.t ..... skipped: tls13secrets is not supported in this build
../../openssl/test/recipes/90-test_v3name.t ........... ok

Test Summary Report
-------------------
../../openssl/test/recipes/80-test_ssl_new.t        (Wstat: 256 Tests: 20 Failed: 1)
  Failed test:  20
  Non-zero exit status: 1
Files=104, Tests=459, 118 wallclock secs ( 0.87 usr  0.14 sys + 39.40 cusr  4.04 csys = 44.45 CPU)
Result: FAIL
Failed 1/104 test programs. 1/459 subtests failed.
Makefile:157: recipe for target '_tests' failed
make[1]: *** [_tests] Error 255
make[1]: Leaving directory '/home/openssl/run-checker/no-tls'
Makefile:155: recipe for target 'tests' failed
make: *** [tests] Error 2
</PRE>























































































<!--endarticle-->
    <HR>
    <P><UL>
        <!--threads-->
	<LI>Previous message: <A HREF="012330.html">[openssl-commits] Still FAILED build of OpenSSL branch master with	options no-tls
</A></li>
	<LI>Next message: <A HREF="012358.html">[openssl-commits] Still FAILED build of OpenSSL branch master with	options no-tls
</A></li>
         <LI> <B>Messages sorted by:</B> 
              <a href="date.html#12346">[ date ]</a>
              <a href="thread.html#12346">[ thread ]</a>
              <a href="subject.html#12346">[ subject ]</a>
              <a href="author.html#12346">[ author ]</a>
         </LI>
       </UL>

<hr>
<a href="../../../mailman/listinfo/openssl-commits.html">More information about the openssl-commits
mailing list</a><br>
</body></html>
