<!DOCTYPE HTML PUBLIC "-//W3C//DTD HTML 4.01 Transitional//EN">
<HTML>
 <HEAD>
   <TITLE> [openssl-commits] Still FAILED build of OpenSSL branch master with	options no-des
   </TITLE>
   <LINK REL="Index" HREF="https://mta.openssl.org/pipermail/openssl-commits/2017-January/index.html" >
   <LINK REL="made" HREF="mailto:openssl-commits%40openssl.org?Subject=Re%3A%20%5Bopenssl-commits%5D%20Still%20FAILED%20build%20of%20OpenSSL%20branch%20master%20with%0A%09options%20no-des&In-Reply-To=%3C1485388745.122760.13310.nullmailer%40test.openssl.org%3E">
   <META NAME="robots" CONTENT="index,nofollow">
   <style type="text/css">
       pre {
           white-space: pre-wrap;       /* css-2.1, curent FF, Opera, Safari */
           }
   </style>
   <META http-equiv="Content-Type" content="text/html; charset=us-ascii">
   <LINK REL="Previous"  HREF="012471.html">
   <LINK REL="Next"  HREF="012497.html">
 </HEAD>
 <BODY BGCOLOR="#ffffff">
   <H1>[openssl-commits] Still FAILED build of OpenSSL branch master with	options no-des</H1>
    <B>OpenSSL run-checker</B> 
    <A HREF="mailto:openssl-commits%40openssl.org?Subject=Re%3A%20%5Bopenssl-commits%5D%20Still%20FAILED%20build%20of%20OpenSSL%20branch%20master%20with%0A%09options%20no-des&In-Reply-To=%3C1485388745.122760.13310.nullmailer%40test.openssl.org%3E"
       TITLE="[openssl-commits] Still FAILED build of OpenSSL branch master with	options no-des">openssl at openssl.org
       </A><BR>
    <I>Wed Jan 25 23:59:05 UTC 2017</I>
    <P><UL>
        <LI>Previous message: <A HREF="012471.html">[openssl-commits] Build completed: openssl master.7448
</A></li>
        <LI>Next message: <A HREF="012497.html">[openssl-commits] Still FAILED build of OpenSSL branch master with	options no-des
</A></li>
         <LI> <B>Messages sorted by:</B> 
              <a href="date.html#12472">[ date ]</a>
              <a href="thread.html#12472">[ thread ]</a>
              <a href="subject.html#12472">[ subject ]</a>
              <a href="author.html#12472">[ author ]</a>
         </LI>
       </UL>
    <HR>  
<!--beginarticle-->
<PRE>Platform and configuration command:

$ uname -a
Linux test 4.4.0-53-generic #74-Ubuntu SMP Fri Dec 2 15:59:10 UTC 2016 x86_64 x86_64 x86_64 GNU/Linux
$ CC=clang ../openssl/config -d --strict-warnings no-des

Commit log since last time:

f0deb4d Limit the length of the encrypted premaster key.
4bb0b43 Fix small typo
b1531d8 Fix a merge error
b153f09 Remove assert from is_partially_overlapping()
ef055ec Adjust in and in_len instead of donelen
7141ba3 Fix the overlapping check for fragmented &quot;Update&quot; operations
0b96d77 Update evp_test to make sure passing partial block to &quot;Update&quot; is ok
7c12c7b Properly handle a partial block in OCB mode
0ba5a9e Don't use magic numbers in aes_ocb_cipher()
5ee289e Fix memory leaks in the Certificate extensions code
0fe2a0a Fix a few double ;
3e6c1da Typo, fix a comment
e705fcf Style
48722ff Fix a few misspellings.
07a38fd Fix some style and indent issue simplify some code.
d2a5699 Few nit's
28b86f3 Fix some extra or missing whitespaces...
ec2a0e6 s_client: Better response success check for CONNECT

Build log ended with (last 100 lines):

../../openssl/test/recipes/10-test_bn.t ............... ok
../../openssl/test/recipes/10-test_exp.t .............. ok
../../openssl/test/recipes/15-test_dh.t ............... ok
../../openssl/test/recipes/15-test_dsa.t .............. ok
../../openssl/test/recipes/15-test_ec.t ............... ok
../../openssl/test/recipes/15-test_ecdh.t ............. ok
../../openssl/test/recipes/15-test_ecdsa.t ............ ok
../../openssl/test/recipes/15-test_rsa.t .............. ok
../../openssl/test/recipes/20-test_enc.t .............. ok
../../openssl/test/recipes/20-test_passwd.t ........... ok
../../openssl/test/recipes/25-test_crl.t .............. ok
../../openssl/test/recipes/25-test_d2i.t .............. ok
../../openssl/test/recipes/25-test_pkcs7.t ............ ok
../../openssl/test/recipes/25-test_req.t .............. ok
../../openssl/test/recipes/25-test_sid.t .............. ok
../../openssl/test/recipes/25-test_verify.t ........... ok
../../openssl/test/recipes/25-test_x509.t ............. ok
../../openssl/test/recipes/30-test_afalg.t ............ ok
../../openssl/test/recipes/30-test_engine.t ........... ok

#   Failed test 'running evp_test evptests.txt'
#   at ../../openssl/test/recipes/30-test_evp.t line 18.
# Looks like you failed 1 test of 1.
../../openssl/test/recipes/30-test_evp.t .............. 
Dubious, test returned 1 (wstat 256, 0x100)
Failed 1/1 subtests 
../../openssl/test/recipes/30-test_evp_extra.t ........ ok
../../openssl/test/recipes/30-test_pbelu.t ............ ok
../../openssl/test/recipes/30-test_pkey_meth.t ........ ok
../../openssl/test/recipes/40-test_rehash.t ........... ok
../../openssl/test/recipes/70-test_asyncio.t .......... ok
../../openssl/test/recipes/70-test_bad_dtls.t ......... ok
../../openssl/test/recipes/70-test_clienthello.t ...... ok
../../openssl/test/recipes/70-test_key_share.t ........ skipped: test_key_share needs TLS1.3 enabled
../../openssl/test/recipes/70-test_packet.t ........... ok
../../openssl/test/recipes/70-test_renegotiation.t .... ok
../../openssl/test/recipes/70-test_sslcbcpadding.t .... ok
../../openssl/test/recipes/70-test_sslcertstatus.t .... ok
../../openssl/test/recipes/70-test_sslextension.t ..... ok
../../openssl/test/recipes/70-test_sslmessages.t ...... ok
../../openssl/test/recipes/70-test_sslrecords.t ....... ok
../../openssl/test/recipes/70-test_sslsessiontick.t ... ok
../../openssl/test/recipes/70-test_sslsigalgs.t ....... ok
../../openssl/test/recipes/70-test_sslsignature.t ..... ok
../../openssl/test/recipes/70-test_sslskewith0p.t ..... ok
../../openssl/test/recipes/70-test_sslversions.t ...... skipped: test_sslversions needs TLS1.3, TLS1.2 and TLS1.1 enabled
../../openssl/test/recipes/70-test_sslvertol.t ........ ok
../../openssl/test/recipes/70-test_tls13messages.t .... skipped: test_tls13messages needs TLSv1.3 enabled
../../openssl/test/recipes/70-test_tlsextms.t ......... ok
../../openssl/test/recipes/70-test_verify_extra.t ..... ok
../../openssl/test/recipes/70-test_wpacket.t .......... skipped: Only supported in no-shared builds
../../openssl/test/recipes/80-test_ca.t ............... ok
../../openssl/test/recipes/80-test_cipherlist.t ....... ok
../../openssl/test/recipes/80-test_cms.t .............. ok
../../openssl/test/recipes/80-test_ct.t ............... ok
../../openssl/test/recipes/80-test_dane.t ............. ok
../../openssl/test/recipes/80-test_dtls.t ............. ok
../../openssl/test/recipes/80-test_dtls_mtu.t ......... ok
../../openssl/test/recipes/80-test_dtlsv1listen.t ..... ok
../../openssl/test/recipes/80-test_ocsp.t ............. ok
../../openssl/test/recipes/80-test_pkcs12.t ........... skipped: The PKCS12 command line utility is not supported by this OpenSSL build
../../openssl/test/recipes/80-test_ssl_new.t .......... ok
../../openssl/test/recipes/80-test_ssl_old.t .......... ok
../../openssl/test/recipes/80-test_ssl_test_ctx.t ..... ok
../../openssl/test/recipes/80-test_sslcorrupt.t ....... ok
../../openssl/test/recipes/80-test_tsa.t .............. ok
../../openssl/test/recipes/80-test_x509aux.t .......... ok
../../openssl/test/recipes/90-test_async.t ............ ok
../../openssl/test/recipes/90-test_bio_enc.t .......... ok
../../openssl/test/recipes/90-test_bioprint.t ......... ok
../../openssl/test/recipes/90-test_constant_time.t .... ok
../../openssl/test/recipes/90-test_external.t ......... skipped: No external tests in this configuration
../../openssl/test/recipes/90-test_fuzz.t ............. ok
../../openssl/test/recipes/90-test_gmdiff.t ........... ok
../../openssl/test/recipes/90-test_ige.t .............. ok
../../openssl/test/recipes/90-test_memleak.t .......... ok
../../openssl/test/recipes/90-test_overhead.t ......... skipped: Only supported in no-shared builds
../../openssl/test/recipes/90-test_p5_crpt2.t ......... ok
../../openssl/test/recipes/90-test_secmem.t ........... ok
../../openssl/test/recipes/90-test_shlibload.t ........ ok
../../openssl/test/recipes/90-test_srp.t .............. ok
../../openssl/test/recipes/90-test_sslapi.t ........... ok
../../openssl/test/recipes/90-test_threads.t .......... ok
../../openssl/test/recipes/90-test_tls13encryption.t .. skipped: tls13encryption is not supported in this build
../../openssl/test/recipes/90-test_tls13secrets.t ..... skipped: tls13secrets is not supported in this build
../../openssl/test/recipes/90-test_v3name.t ........... ok

Test Summary Report
-------------------
../../openssl/test/recipes/30-test_evp.t            (Wstat: 256 Tests: 1 Failed: 1)
  Failed test:  1
  Non-zero exit status: 1
Files=104, Tests=516, 135 wallclock secs ( 0.95 usr  0.16 sys + 52.72 cusr  4.74 csys = 58.57 CPU)
Result: FAIL
Failed 1/104 test programs. 1/516 subtests failed.
Makefile:157: recipe for target '_tests' failed
make[1]: *** [_tests] Error 255
make[1]: Leaving directory '/home/openssl/run-checker/no-des'
Makefile:155: recipe for target 'tests' failed
make: *** [tests] Error 2
</PRE>










































<!--endarticle-->
    <HR>
    <P><UL>
        <!--threads-->
	<LI>Previous message: <A HREF="012471.html">[openssl-commits] Build completed: openssl master.7448
</A></li>
	<LI>Next message: <A HREF="012497.html">[openssl-commits] Still FAILED build of OpenSSL branch master with	options no-des
</A></li>
         <LI> <B>Messages sorted by:</B> 
              <a href="date.html#12472">[ date ]</a>
              <a href="thread.html#12472">[ thread ]</a>
              <a href="subject.html#12472">[ subject ]</a>
              <a href="author.html#12472">[ author ]</a>
         </LI>
       </UL>

<hr>
<a href="../../../mailman/listinfo/openssl-commits.html">More information about the openssl-commits
mailing list</a><br>
</body></html>
