<!DOCTYPE HTML PUBLIC "-//W3C//DTD HTML 4.01 Transitional//EN">
<HTML>
 <HEAD>
   <TITLE> [openssl-commits] Build failed in Jenkins: master_noec #1119
   </TITLE>
   <LINK REL="Index" HREF="https://mta.openssl.org/pipermail/openssl-commits/2017-January/index.html" >
   <LINK REL="made" HREF="mailto:openssl-commits%40openssl.org?Subject=Re%3A%20%5Bopenssl-commits%5D%20Build%20failed%20in%20Jenkins%3A%20master_noec%20%231119&In-Reply-To=%3C1486527730.51.1485508944808.JavaMail.jenkins%40ossl-sanity.cisco.com%3E">
   <META NAME="robots" CONTENT="index,nofollow">
   <style type="text/css">
       pre {
           white-space: pre-wrap;       /* css-2.1, curent FF, Opera, Safari */
           }
   </style>
   <META http-equiv="Content-Type" content="text/html; charset=us-ascii">
   <LINK REL="Previous"  HREF="012517.html">
   <LINK REL="Next"  HREF="012539.html">
 </HEAD>
 <BODY BGCOLOR="#ffffff">
   <H1>[openssl-commits] Build failed in Jenkins: master_noec #1119</H1>
    <B>openssl.sanity at gmail.com</B> 
    <A HREF="mailto:openssl-commits%40openssl.org?Subject=Re%3A%20%5Bopenssl-commits%5D%20Build%20failed%20in%20Jenkins%3A%20master_noec%20%231119&In-Reply-To=%3C1486527730.51.1485508944808.JavaMail.jenkins%40ossl-sanity.cisco.com%3E"
       TITLE="[openssl-commits] Build failed in Jenkins: master_noec #1119">openssl.sanity at gmail.com
       </A><BR>
    <I>Fri Jan 27 09:22:24 UTC 2017</I>
    <P><UL>
        <LI>Previous message: <A HREF="012517.html">[openssl-commits] Jenkins build is back to normal : 1_0_2_abi #353
</A></li>
        <LI>Next message: <A HREF="012539.html">[openssl-commits] Build failed in Jenkins: master_noec #1120
</A></li>
         <LI> <B>Messages sorted by:</B> 
              <a href="date.html#12502">[ date ]</a>
              <a href="thread.html#12502">[ thread ]</a>
              <a href="subject.html#12502">[ subject ]</a>
              <a href="author.html#12502">[ author ]</a>
         </LI>
       </UL>
    <HR>  
<!--beginarticle-->
<PRE>See &lt;<A HREF="https://openssl-sanity.cisco.com:8443/job/master_noec/1119/changes">https://openssl-sanity.cisco.com:8443/job/master_noec/1119/changes</A>&gt;

Changes:

[steve] Use correct signature algorithm list when sending or checking.

[steve] Add server signature algorithm bug test.

[rsalz] Avoid over-long strings.  Fix a mem leak.

------------------------------------------
[...truncated 2779 lines...]
make -f ./Makefile.shared -e \
	PERL=&quot;/usr/bin/perl&quot; SRCDIR=. \
	APPNAME=test/v3ext OBJECTS=&quot;test/v3ext.o&quot; \
	LIBDEPS=' '&quot; -L. -lcrypto&quot;' -ldl ' \
	CC='gcc' CFLAGS='-DDSO_DLFCN -DHAVE_DLFCN_H -DNDEBUG -DOPENSSL_THREADS -DOPENSSL_NO_DYNAMIC_ENGINE -DOPENSSL_PIC -DOPENSSL_IA32_SSE2 -DOPENSSL_BN_ASM_MONT -DOPENSSL_BN_ASM_MONT5 -DOPENSSL_BN_ASM_GF2m -DSHA1_ASM -DSHA256_ASM -DSHA512_ASM -DRC4_ASM -DMD5_ASM -DAES_ASM -DVPAES_ASM -DBSAES_ASM -DGHASH_ASM -DECP_NISTZ256_ASM -DPADLOCK_ASM -DPOLY1305_ASM -DOPENSSLDIR=&quot;\&quot;/usr/local/ssl\&quot;&quot; -DENGINESDIR=&quot;\&quot;/usr/local/lib64/engines-1.1\&quot;&quot; -Wall -O3 -pthread -m64 -DL_ENDIAN  -Wa,--noexecstack ' \
	LDFLAGS='' \
	link_app.
make[2]: Entering directory `&lt;<A HREF="https://openssl-sanity.cisco.com:8443/job/master_noec/ws/">https://openssl-sanity.cisco.com:8443/job/master_noec/ws/</A>'&gt;
( :; LIBDEPS=&quot;${LIBDEPS:--L. -lcrypto -ldl }&quot;; LDCMD=&quot;${LDCMD:-gcc}&quot;; LDFLAGS=&quot;${LDFLAGS:--DDSO_DLFCN -DHAVE_DLFCN_H -DNDEBUG -DOPENSSL_THREADS -DOPENSSL_NO_DYNAMIC_ENGINE -DOPENSSL_PIC -DOPENSSL_IA32_SSE2 -DOPENSSL_BN_ASM_MONT -DOPENSSL_BN_ASM_MONT5 -DOPENSSL_BN_ASM_GF2m -DSHA1_ASM -DSHA256_ASM -DSHA512_ASM -DRC4_ASM -DMD5_ASM -DAES_ASM -DVPAES_ASM -DBSAES_ASM -DGHASH_ASM -DECP_NISTZ256_ASM -DPADLOCK_ASM -DPOLY1305_ASM -DOPENSSLDIR=&quot;\&quot;/usr/local/ssl\&quot;&quot; -DENGINESDIR=&quot;\&quot;/usr/local/lib64/engines-1.1\&quot;&quot; -Wall -O3 -pthread -m64 -DL_ENDIAN  -Wa,--noexecstack  }&quot;; LIBPATH=`for x in $LIBDEPS; do echo $x; done | sed -e 's/^ *-L//;t' -e d | uniq`; LIBPATH=`echo $LIBPATH | sed -e 's/ /:/g'`; echo LD_LIBRARY_PATH=$LIBPATH:$LD_LIBRARY_PATH ${LDCMD} ${LDFLAGS} -o ${APPNAME:=test/v3ext} test/v3ext.o ${LIBDEPS}; LD_LIBRARY_PATH=$LIBPATH:$LD_LIBRARY_PATH ${LDCMD} ${LDFLAGS} -o ${APPNAME:=test/v3ext} test/v3ext.o ${LIBDEPS} )
LD_LIBRARY_PATH=.: gcc -DDSO_DLFCN -DHAVE_DLFCN_H -DNDEBUG -DOPENSSL_THREADS -DOPENSSL_NO_DYNAMIC_ENGINE -DOPENSSL_PIC -DOPENSSL_IA32_SSE2 -DOPENSSL_BN_ASM_MONT -DOPENSSL_BN_ASM_MONT5 -DOPENSSL_BN_ASM_GF2m -DSHA1_ASM -DSHA256_ASM -DSHA512_ASM -DRC4_ASM -DMD5_ASM -DAES_ASM -DVPAES_ASM -DBSAES_ASM -DGHASH_ASM -DECP_NISTZ256_ASM -DPADLOCK_ASM -DPOLY1305_ASM -DOPENSSLDIR=&quot;/usr/local/ssl&quot; -DENGINESDIR=&quot;/usr/local/lib64/engines-1.1&quot; -Wall -O3 -pthread -m64 -DL_ENDIAN -Wa,--noexecstack -o test/v3ext test/v3ext.o -L. -lcrypto -ldl
make[2]: Leaving directory `&lt;<A HREF="https://openssl-sanity.cisco.com:8443/job/master_noec/ws/">https://openssl-sanity.cisco.com:8443/job/master_noec/ws/</A>'&gt;
gcc  -Iinclude -DDSO_DLFCN -DHAVE_DLFCN_H -DNDEBUG -DOPENSSL_THREADS -DOPENSSL_NO_DYNAMIC_ENGINE -DOPENSSL_PIC -DOPENSSL_IA32_SSE2 -DOPENSSL_BN_ASM_MONT -DOPENSSL_BN_ASM_MONT5 -DOPENSSL_BN_ASM_GF2m -DSHA1_ASM -DSHA256_ASM -DSHA512_ASM -DRC4_ASM -DMD5_ASM -DAES_ASM -DVPAES_ASM -DBSAES_ASM -DGHASH_ASM -DECP_NISTZ256_ASM -DPADLOCK_ASM -DPOLY1305_ASM -DOPENSSLDIR=&quot;\&quot;/usr/local/ssl\&quot;&quot; -DENGINESDIR=&quot;\&quot;/usr/local/lib64/engines-1.1\&quot;&quot; -Wall -O3 -pthread -m64 -DL_ENDIAN  -Wa,--noexecstack  -MMD -MF test/v3nametest.d.tmp -MT test/v3nametest.o -c -o test/v3nametest.o test/v3nametest.c
rm -f test/v3nametest
make -f ./Makefile.shared -e \
	PERL=&quot;/usr/bin/perl&quot; SRCDIR=. \
	APPNAME=test/v3nametest OBJECTS=&quot;test/v3nametest.o&quot; \
	LIBDEPS=' '&quot; -L. -lcrypto&quot;' -ldl ' \
	CC='gcc' CFLAGS='-DDSO_DLFCN -DHAVE_DLFCN_H -DNDEBUG -DOPENSSL_THREADS -DOPENSSL_NO_DYNAMIC_ENGINE -DOPENSSL_PIC -DOPENSSL_IA32_SSE2 -DOPENSSL_BN_ASM_MONT -DOPENSSL_BN_ASM_MONT5 -DOPENSSL_BN_ASM_GF2m -DSHA1_ASM -DSHA256_ASM -DSHA512_ASM -DRC4_ASM -DMD5_ASM -DAES_ASM -DVPAES_ASM -DBSAES_ASM -DGHASH_ASM -DECP_NISTZ256_ASM -DPADLOCK_ASM -DPOLY1305_ASM -DOPENSSLDIR=&quot;\&quot;/usr/local/ssl\&quot;&quot; -DENGINESDIR=&quot;\&quot;/usr/local/lib64/engines-1.1\&quot;&quot; -Wall -O3 -pthread -m64 -DL_ENDIAN  -Wa,--noexecstack ' \
	LDFLAGS='' \
	link_app.
make[2]: Entering directory `&lt;<A HREF="https://openssl-sanity.cisco.com:8443/job/master_noec/ws/">https://openssl-sanity.cisco.com:8443/job/master_noec/ws/</A>'&gt;
( :; LIBDEPS=&quot;${LIBDEPS:--L. -lcrypto -ldl }&quot;; LDCMD=&quot;${LDCMD:-gcc}&quot;; LDFLAGS=&quot;${LDFLAGS:--DDSO_DLFCN -DHAVE_DLFCN_H -DNDEBUG -DOPENSSL_THREADS -DOPENSSL_NO_DYNAMIC_ENGINE -DOPENSSL_PIC -DOPENSSL_IA32_SSE2 -DOPENSSL_BN_ASM_MONT -DOPENSSL_BN_ASM_MONT5 -DOPENSSL_BN_ASM_GF2m -DSHA1_ASM -DSHA256_ASM -DSHA512_ASM -DRC4_ASM -DMD5_ASM -DAES_ASM -DVPAES_ASM -DBSAES_ASM -DGHASH_ASM -DECP_NISTZ256_ASM -DPADLOCK_ASM -DPOLY1305_ASM -DOPENSSLDIR=&quot;\&quot;/usr/local/ssl\&quot;&quot; -DENGINESDIR=&quot;\&quot;/usr/local/lib64/engines-1.1\&quot;&quot; -Wall -O3 -pthread -m64 -DL_ENDIAN  -Wa,--noexecstack  }&quot;; LIBPATH=`for x in $LIBDEPS; do echo $x; done | sed -e 's/^ *-L//;t' -e d | uniq`; LIBPATH=`echo $LIBPATH | sed -e 's/ /:/g'`; echo LD_LIBRARY_PATH=$LIBPATH:$LD_LIBRARY_PATH ${LDCMD} ${LDFLAGS} -o ${APPNAME:=test/v3nametest} test/v3nametest.o ${LIBDEPS}; LD_LIBRARY_PATH=$LIBPATH:$LD_LIBRARY_PATH ${LDCMD} ${LDFLAGS} -o ${APPNAME:=test/v3nametest} test/v3nametest.o ${LIBDEPS} )
LD_LIBRARY_PATH=.: gcc -DDSO_DLFCN -DHAVE_DLFCN_H -DNDEBUG -DOPENSSL_THREADS -DOPENSSL_NO_DYNAMIC_ENGINE -DOPENSSL_PIC -DOPENSSL_IA32_SSE2 -DOPENSSL_BN_ASM_MONT -DOPENSSL_BN_ASM_MONT5 -DOPENSSL_BN_ASM_GF2m -DSHA1_ASM -DSHA256_ASM -DSHA512_ASM -DRC4_ASM -DMD5_ASM -DAES_ASM -DVPAES_ASM -DBSAES_ASM -DGHASH_ASM -DECP_NISTZ256_ASM -DPADLOCK_ASM -DPOLY1305_ASM -DOPENSSLDIR=&quot;/usr/local/ssl&quot; -DENGINESDIR=&quot;/usr/local/lib64/engines-1.1&quot; -Wall -O3 -pthread -m64 -DL_ENDIAN -Wa,--noexecstack -o test/v3nametest test/v3nametest.o -L. -lcrypto -ldl
make[2]: Leaving directory `&lt;<A HREF="https://openssl-sanity.cisco.com:8443/job/master_noec/ws/">https://openssl-sanity.cisco.com:8443/job/master_noec/ws/</A>'&gt;
gcc  -Iinclude -DDSO_DLFCN -DHAVE_DLFCN_H -DNDEBUG -DOPENSSL_THREADS -DOPENSSL_NO_DYNAMIC_ENGINE -DOPENSSL_PIC -DOPENSSL_IA32_SSE2 -DOPENSSL_BN_ASM_MONT -DOPENSSL_BN_ASM_MONT5 -DOPENSSL_BN_ASM_GF2m -DSHA1_ASM -DSHA256_ASM -DSHA512_ASM -DRC4_ASM -DMD5_ASM -DAES_ASM -DVPAES_ASM -DBSAES_ASM -DGHASH_ASM -DECP_NISTZ256_ASM -DPADLOCK_ASM -DPOLY1305_ASM -DOPENSSLDIR=&quot;\&quot;/usr/local/ssl\&quot;&quot; -DENGINESDIR=&quot;\&quot;/usr/local/lib64/engines-1.1\&quot;&quot; -Wall -O3 -pthread -m64 -DL_ENDIAN  -Wa,--noexecstack  -MMD -MF test/verify_extra_test.d.tmp -MT test/verify_extra_test.o -c -o test/verify_extra_test.o test/verify_extra_test.c
rm -f test/verify_extra_test
make -f ./Makefile.shared -e \
	PERL=&quot;/usr/bin/perl&quot; SRCDIR=. \
	APPNAME=test/verify_extra_test OBJECTS=&quot;test/verify_extra_test.o&quot; \
	LIBDEPS=' '&quot; -L. -lcrypto&quot;' -ldl ' \
	CC='gcc' CFLAGS='-DDSO_DLFCN -DHAVE_DLFCN_H -DNDEBUG -DOPENSSL_THREADS -DOPENSSL_NO_DYNAMIC_ENGINE -DOPENSSL_PIC -DOPENSSL_IA32_SSE2 -DOPENSSL_BN_ASM_MONT -DOPENSSL_BN_ASM_MONT5 -DOPENSSL_BN_ASM_GF2m -DSHA1_ASM -DSHA256_ASM -DSHA512_ASM -DRC4_ASM -DMD5_ASM -DAES_ASM -DVPAES_ASM -DBSAES_ASM -DGHASH_ASM -DECP_NISTZ256_ASM -DPADLOCK_ASM -DPOLY1305_ASM -DOPENSSLDIR=&quot;\&quot;/usr/local/ssl\&quot;&quot; -DENGINESDIR=&quot;\&quot;/usr/local/lib64/engines-1.1\&quot;&quot; -Wall -O3 -pthread -m64 -DL_ENDIAN  -Wa,--noexecstack ' \
	LDFLAGS='' \
	link_app.
make[2]: Entering directory `&lt;<A HREF="https://openssl-sanity.cisco.com:8443/job/master_noec/ws/">https://openssl-sanity.cisco.com:8443/job/master_noec/ws/</A>'&gt;
( :; LIBDEPS=&quot;${LIBDEPS:--L. -lcrypto -ldl }&quot;; LDCMD=&quot;${LDCMD:-gcc}&quot;; LDFLAGS=&quot;${LDFLAGS:--DDSO_DLFCN -DHAVE_DLFCN_H -DNDEBUG -DOPENSSL_THREADS -DOPENSSL_NO_DYNAMIC_ENGINE -DOPENSSL_PIC -DOPENSSL_IA32_SSE2 -DOPENSSL_BN_ASM_MONT -DOPENSSL_BN_ASM_MONT5 -DOPENSSL_BN_ASM_GF2m -DSHA1_ASM -DSHA256_ASM -DSHA512_ASM -DRC4_ASM -DMD5_ASM -DAES_ASM -DVPAES_ASM -DBSAES_ASM -DGHASH_ASM -DECP_NISTZ256_ASM -DPADLOCK_ASM -DPOLY1305_ASM -DOPENSSLDIR=&quot;\&quot;/usr/local/ssl\&quot;&quot; -DENGINESDIR=&quot;\&quot;/usr/local/lib64/engines-1.1\&quot;&quot; -Wall -O3 -pthread -m64 -DL_ENDIAN  -Wa,--noexecstack  }&quot;; LIBPATH=`for x in $LIBDEPS; do echo $x; done | sed -e 's/^ *-L//;t' -e d | uniq`; LIBPATH=`echo $LIBPATH | sed -e 's/ /:/g'`; echo LD_LIBRARY_PATH=$LIBPATH:$LD_LIBRARY_PATH ${LDCMD} ${LDFLAGS} -o ${APPNAME:=test/verify_extra_test} test/verify_extra_test.o ${LIBDEPS}; LD_LIBRARY_PATH=$LIBPATH:$LD_LIBRARY_PATH ${LDCMD} ${LDFLAGS} -o ${APPNAME:=test/verify_extra_test} test/verify_extra_test.o ${LIBDEPS} )
LD_LIBRARY_PATH=.: gcc -DDSO_DLFCN -DHAVE_DLFCN_H -DNDEBUG -DOPENSSL_THREADS -DOPENSSL_NO_DYNAMIC_ENGINE -DOPENSSL_PIC -DOPENSSL_IA32_SSE2 -DOPENSSL_BN_ASM_MONT -DOPENSSL_BN_ASM_MONT5 -DOPENSSL_BN_ASM_GF2m -DSHA1_ASM -DSHA256_ASM -DSHA512_ASM -DRC4_ASM -DMD5_ASM -DAES_ASM -DVPAES_ASM -DBSAES_ASM -DGHASH_ASM -DECP_NISTZ256_ASM -DPADLOCK_ASM -DPOLY1305_ASM -DOPENSSLDIR=&quot;/usr/local/ssl&quot; -DENGINESDIR=&quot;/usr/local/lib64/engines-1.1&quot; -Wall -O3 -pthread -m64 -DL_ENDIAN -Wa,--noexecstack -o test/verify_extra_test test/verify_extra_test.o -L. -lcrypto -ldl
make[2]: Leaving directory `&lt;<A HREF="https://openssl-sanity.cisco.com:8443/job/master_noec/ws/">https://openssl-sanity.cisco.com:8443/job/master_noec/ws/</A>'&gt;
gcc  -Iinclude -DDSO_DLFCN -DHAVE_DLFCN_H -DNDEBUG -DOPENSSL_THREADS -DOPENSSL_NO_DYNAMIC_ENGINE -DOPENSSL_PIC -DOPENSSL_IA32_SSE2 -DOPENSSL_BN_ASM_MONT -DOPENSSL_BN_ASM_MONT5 -DOPENSSL_BN_ASM_GF2m -DSHA1_ASM -DSHA256_ASM -DSHA512_ASM -DRC4_ASM -DMD5_ASM -DAES_ASM -DVPAES_ASM -DBSAES_ASM -DGHASH_ASM -DECP_NISTZ256_ASM -DPADLOCK_ASM -DPOLY1305_ASM -DOPENSSLDIR=&quot;\&quot;/usr/local/ssl\&quot;&quot; -DENGINESDIR=&quot;\&quot;/usr/local/lib64/engines-1.1\&quot;&quot; -Wall -O3 -pthread -m64 -DL_ENDIAN  -Wa,--noexecstack  -MMD -MF test/wp_test.d.tmp -MT test/wp_test.o -c -o test/wp_test.o test/wp_test.c
rm -f test/wp_test
make -f ./Makefile.shared -e \
	PERL=&quot;/usr/bin/perl&quot; SRCDIR=. \
	APPNAME=test/wp_test OBJECTS=&quot;test/wp_test.o&quot; \
	LIBDEPS=' '&quot; -L. -lcrypto&quot;' -ldl ' \
	CC='gcc' CFLAGS='-DDSO_DLFCN -DHAVE_DLFCN_H -DNDEBUG -DOPENSSL_THREADS -DOPENSSL_NO_DYNAMIC_ENGINE -DOPENSSL_PIC -DOPENSSL_IA32_SSE2 -DOPENSSL_BN_ASM_MONT -DOPENSSL_BN_ASM_MONT5 -DOPENSSL_BN_ASM_GF2m -DSHA1_ASM -DSHA256_ASM -DSHA512_ASM -DRC4_ASM -DMD5_ASM -DAES_ASM -DVPAES_ASM -DBSAES_ASM -DGHASH_ASM -DECP_NISTZ256_ASM -DPADLOCK_ASM -DPOLY1305_ASM -DOPENSSLDIR=&quot;\&quot;/usr/local/ssl\&quot;&quot; -DENGINESDIR=&quot;\&quot;/usr/local/lib64/engines-1.1\&quot;&quot; -Wall -O3 -pthread -m64 -DL_ENDIAN  -Wa,--noexecstack ' \
	LDFLAGS='' \
	link_app.
make[2]: Entering directory `&lt;<A HREF="https://openssl-sanity.cisco.com:8443/job/master_noec/ws/">https://openssl-sanity.cisco.com:8443/job/master_noec/ws/</A>'&gt;
( :; LIBDEPS=&quot;${LIBDEPS:--L. -lcrypto -ldl }&quot;; LDCMD=&quot;${LDCMD:-gcc}&quot;; LDFLAGS=&quot;${LDFLAGS:--DDSO_DLFCN -DHAVE_DLFCN_H -DNDEBUG -DOPENSSL_THREADS -DOPENSSL_NO_DYNAMIC_ENGINE -DOPENSSL_PIC -DOPENSSL_IA32_SSE2 -DOPENSSL_BN_ASM_MONT -DOPENSSL_BN_ASM_MONT5 -DOPENSSL_BN_ASM_GF2m -DSHA1_ASM -DSHA256_ASM -DSHA512_ASM -DRC4_ASM -DMD5_ASM -DAES_ASM -DVPAES_ASM -DBSAES_ASM -DGHASH_ASM -DECP_NISTZ256_ASM -DPADLOCK_ASM -DPOLY1305_ASM -DOPENSSLDIR=&quot;\&quot;/usr/local/ssl\&quot;&quot; -DENGINESDIR=&quot;\&quot;/usr/local/lib64/engines-1.1\&quot;&quot; -Wall -O3 -pthread -m64 -DL_ENDIAN  -Wa,--noexecstack  }&quot;; LIBPATH=`for x in $LIBDEPS; do echo $x; done | sed -e 's/^ *-L//;t' -e d | uniq`; LIBPATH=`echo $LIBPATH | sed -e 's/ /:/g'`; echo LD_LIBRARY_PATH=$LIBPATH:$LD_LIBRARY_PATH ${LDCMD} ${LDFLAGS} -o ${APPNAME:=test/wp_test} test/wp_test.o ${LIBDEPS}; LD_LIBRARY_PATH=$LIBPATH:$LD_LIBRARY_PATH ${LDCMD} ${LDFLAGS} -o ${APPNAME:=test/wp_test} test/wp_test.o ${LIBDEPS} )
LD_LIBRARY_PATH=.: gcc -DDSO_DLFCN -DHAVE_DLFCN_H -DNDEBUG -DOPENSSL_THREADS -DOPENSSL_NO_DYNAMIC_ENGINE -DOPENSSL_PIC -DOPENSSL_IA32_SSE2 -DOPENSSL_BN_ASM_MONT -DOPENSSL_BN_ASM_MONT5 -DOPENSSL_BN_ASM_GF2m -DSHA1_ASM -DSHA256_ASM -DSHA512_ASM -DRC4_ASM -DMD5_ASM -DAES_ASM -DVPAES_ASM -DBSAES_ASM -DGHASH_ASM -DECP_NISTZ256_ASM -DPADLOCK_ASM -DPOLY1305_ASM -DOPENSSLDIR=&quot;/usr/local/ssl&quot; -DENGINESDIR=&quot;/usr/local/lib64/engines-1.1&quot; -Wall -O3 -pthread -m64 -DL_ENDIAN -Wa,--noexecstack -o test/wp_test test/wp_test.o -L. -lcrypto -ldl
make[2]: Leaving directory `&lt;<A HREF="https://openssl-sanity.cisco.com:8443/job/master_noec/ws/">https://openssl-sanity.cisco.com:8443/job/master_noec/ws/</A>'&gt;
gcc  -Iinclude -DDSO_DLFCN -DHAVE_DLFCN_H -DNDEBUG -DOPENSSL_THREADS -DOPENSSL_NO_DYNAMIC_ENGINE -DOPENSSL_PIC -DOPENSSL_IA32_SSE2 -DOPENSSL_BN_ASM_MONT -DOPENSSL_BN_ASM_MONT5 -DOPENSSL_BN_ASM_GF2m -DSHA1_ASM -DSHA256_ASM -DSHA512_ASM -DRC4_ASM -DMD5_ASM -DAES_ASM -DVPAES_ASM -DBSAES_ASM -DGHASH_ASM -DECP_NISTZ256_ASM -DPADLOCK_ASM -DPOLY1305_ASM -DOPENSSLDIR=&quot;\&quot;/usr/local/ssl\&quot;&quot; -DENGINESDIR=&quot;\&quot;/usr/local/lib64/engines-1.1\&quot;&quot; -Wall -O3 -pthread -m64 -DL_ENDIAN  -Wa,--noexecstack  -MMD -MF test/wpackettest.d.tmp -MT test/wpackettest.o -c -o test/wpackettest.o test/wpackettest.c
rm -f test/wpackettest
make -f ./Makefile.shared -e \
	PERL=&quot;/usr/bin/perl&quot; SRCDIR=. \
	APPNAME=test/wpackettest OBJECTS=&quot;test/test_main_custom.o test/testutil.o test/wpackettest.o&quot; \
	LIBDEPS=' '&quot; -L. -lssl -L. -lcrypto&quot;' -ldl ' \
	CC='gcc' CFLAGS='-DDSO_DLFCN -DHAVE_DLFCN_H -DNDEBUG -DOPENSSL_THREADS -DOPENSSL_NO_DYNAMIC_ENGINE -DOPENSSL_PIC -DOPENSSL_IA32_SSE2 -DOPENSSL_BN_ASM_MONT -DOPENSSL_BN_ASM_MONT5 -DOPENSSL_BN_ASM_GF2m -DSHA1_ASM -DSHA256_ASM -DSHA512_ASM -DRC4_ASM -DMD5_ASM -DAES_ASM -DVPAES_ASM -DBSAES_ASM -DGHASH_ASM -DECP_NISTZ256_ASM -DPADLOCK_ASM -DPOLY1305_ASM -DOPENSSLDIR=&quot;\&quot;/usr/local/ssl\&quot;&quot; -DENGINESDIR=&quot;\&quot;/usr/local/lib64/engines-1.1\&quot;&quot; -Wall -O3 -pthread -m64 -DL_ENDIAN  -Wa,--noexecstack ' \
	LDFLAGS='' \
	link_app.
make[2]: Entering directory `&lt;<A HREF="https://openssl-sanity.cisco.com:8443/job/master_noec/ws/">https://openssl-sanity.cisco.com:8443/job/master_noec/ws/</A>'&gt;
( :; LIBDEPS=&quot;${LIBDEPS:--L. -lssl -L. -lcrypto -ldl }&quot;; LDCMD=&quot;${LDCMD:-gcc}&quot;; LDFLAGS=&quot;${LDFLAGS:--DDSO_DLFCN -DHAVE_DLFCN_H -DNDEBUG -DOPENSSL_THREADS -DOPENSSL_NO_DYNAMIC_ENGINE -DOPENSSL_PIC -DOPENSSL_IA32_SSE2 -DOPENSSL_BN_ASM_MONT -DOPENSSL_BN_ASM_MONT5 -DOPENSSL_BN_ASM_GF2m -DSHA1_ASM -DSHA256_ASM -DSHA512_ASM -DRC4_ASM -DMD5_ASM -DAES_ASM -DVPAES_ASM -DBSAES_ASM -DGHASH_ASM -DECP_NISTZ256_ASM -DPADLOCK_ASM -DPOLY1305_ASM -DOPENSSLDIR=&quot;\&quot;/usr/local/ssl\&quot;&quot; -DENGINESDIR=&quot;\&quot;/usr/local/lib64/engines-1.1\&quot;&quot; -Wall -O3 -pthread -m64 -DL_ENDIAN  -Wa,--noexecstack  }&quot;; LIBPATH=`for x in $LIBDEPS; do echo $x; done | sed -e 's/^ *-L//;t' -e d | uniq`; LIBPATH=`echo $LIBPATH | sed -e 's/ /:/g'`; echo LD_LIBRARY_PATH=$LIBPATH:$LD_LIBRARY_PATH ${LDCMD} ${LDFLAGS} -o ${APPNAME:=test/wpackettest} test/test_main_custom.o test/testutil.o test/wpackettest.o ${LIBDEPS}; LD_LIBRARY_PATH=$LIBPATH:$LD_LIBRARY_PATH ${LDCMD} ${LDFLAGS} -o ${APPNAME:=test/wpackettest} test/test_main_custom.o test/testutil.o test/wpackettest.o ${LIBDEPS} )
LD_LIBRARY_PATH=.: gcc -DDSO_DLFCN -DHAVE_DLFCN_H -DNDEBUG -DOPENSSL_THREADS -DOPENSSL_NO_DYNAMIC_ENGINE -DOPENSSL_PIC -DOPENSSL_IA32_SSE2 -DOPENSSL_BN_ASM_MONT -DOPENSSL_BN_ASM_MONT5 -DOPENSSL_BN_ASM_GF2m -DSHA1_ASM -DSHA256_ASM -DSHA512_ASM -DRC4_ASM -DMD5_ASM -DAES_ASM -DVPAES_ASM -DBSAES_ASM -DGHASH_ASM -DECP_NISTZ256_ASM -DPADLOCK_ASM -DPOLY1305_ASM -DOPENSSLDIR=&quot;/usr/local/ssl&quot; -DENGINESDIR=&quot;/usr/local/lib64/engines-1.1&quot; -Wall -O3 -pthread -m64 -DL_ENDIAN -Wa,--noexecstack -o test/wpackettest test/test_main_custom.o test/testutil.o test/wpackettest.o -L. -lssl -L. -lcrypto -ldl
make[2]: Leaving directory `&lt;<A HREF="https://openssl-sanity.cisco.com:8443/job/master_noec/ws/">https://openssl-sanity.cisco.com:8443/job/master_noec/ws/</A>'&gt;
gcc  -I. -Iinclude -DDSO_DLFCN -DHAVE_DLFCN_H -DNDEBUG -DOPENSSL_THREADS -DOPENSSL_NO_DYNAMIC_ENGINE -DOPENSSL_PIC -DOPENSSL_IA32_SSE2 -DOPENSSL_BN_ASM_MONT -DOPENSSL_BN_ASM_MONT5 -DOPENSSL_BN_ASM_GF2m -DSHA1_ASM -DSHA256_ASM -DSHA512_ASM -DRC4_ASM -DMD5_ASM -DAES_ASM -DVPAES_ASM -DBSAES_ASM -DGHASH_ASM -DECP_NISTZ256_ASM -DPADLOCK_ASM -DPOLY1305_ASM -DOPENSSLDIR=&quot;\&quot;/usr/local/ssl\&quot;&quot; -DENGINESDIR=&quot;\&quot;/usr/local/lib64/engines-1.1\&quot;&quot; -Wall -O3 -pthread -m64 -DL_ENDIAN  -Wa,--noexecstack  -MMD -MF test/x509_internal_test.d.tmp -MT test/x509_internal_test.o -c -o test/x509_internal_test.o test/x509_internal_test.c
rm -f test/x509_internal_test
make -f ./Makefile.shared -e \
	PERL=&quot;/usr/bin/perl&quot; SRCDIR=. \
	APPNAME=test/x509_internal_test OBJECTS=&quot;test/test_main.o test/testutil.o test/x509_internal_test.o&quot; \
	LIBDEPS=' '&quot; libcrypto.a&quot;' -ldl ' \
	CC='gcc' CFLAGS='-DDSO_DLFCN -DHAVE_DLFCN_H -DNDEBUG -DOPENSSL_THREADS -DOPENSSL_NO_DYNAMIC_ENGINE -DOPENSSL_PIC -DOPENSSL_IA32_SSE2 -DOPENSSL_BN_ASM_MONT -DOPENSSL_BN_ASM_MONT5 -DOPENSSL_BN_ASM_GF2m -DSHA1_ASM -DSHA256_ASM -DSHA512_ASM -DRC4_ASM -DMD5_ASM -DAES_ASM -DVPAES_ASM -DBSAES_ASM -DGHASH_ASM -DECP_NISTZ256_ASM -DPADLOCK_ASM -DPOLY1305_ASM -DOPENSSLDIR=&quot;\&quot;/usr/local/ssl\&quot;&quot; -DENGINESDIR=&quot;\&quot;/usr/local/lib64/engines-1.1\&quot;&quot; -Wall -O3 -pthread -m64 -DL_ENDIAN  -Wa,--noexecstack ' \
	LDFLAGS='' \
	link_app.
make[2]: Entering directory `&lt;<A HREF="https://openssl-sanity.cisco.com:8443/job/master_noec/ws/">https://openssl-sanity.cisco.com:8443/job/master_noec/ws/</A>'&gt;
( :; LIBDEPS=&quot;${LIBDEPS:-libcrypto.a -ldl }&quot;; LDCMD=&quot;${LDCMD:-gcc}&quot;; LDFLAGS=&quot;${LDFLAGS:--DDSO_DLFCN -DHAVE_DLFCN_H -DNDEBUG -DOPENSSL_THREADS -DOPENSSL_NO_DYNAMIC_ENGINE -DOPENSSL_PIC -DOPENSSL_IA32_SSE2 -DOPENSSL_BN_ASM_MONT -DOPENSSL_BN_ASM_MONT5 -DOPENSSL_BN_ASM_GF2m -DSHA1_ASM -DSHA256_ASM -DSHA512_ASM -DRC4_ASM -DMD5_ASM -DAES_ASM -DVPAES_ASM -DBSAES_ASM -DGHASH_ASM -DECP_NISTZ256_ASM -DPADLOCK_ASM -DPOLY1305_ASM -DOPENSSLDIR=&quot;\&quot;/usr/local/ssl\&quot;&quot; -DENGINESDIR=&quot;\&quot;/usr/local/lib64/engines-1.1\&quot;&quot; -Wall -O3 -pthread -m64 -DL_ENDIAN  -Wa,--noexecstack  }&quot;; LIBPATH=`for x in $LIBDEPS; do echo $x; done | sed -e 's/^ *-L//;t' -e d | uniq`; LIBPATH=`echo $LIBPATH | sed -e 's/ /:/g'`; echo LD_LIBRARY_PATH=$LIBPATH:$LD_LIBRARY_PATH ${LDCMD} ${LDFLAGS} -o ${APPNAME:=test/x509_internal_test} test/test_main.o test/testutil.o test/x509_internal_test.o ${LIBDEPS}; LD_LIBRARY_PATH=$LIBPATH:$LD_LIBRARY_PATH ${LDCMD} ${LDFLAGS} -o ${APPNAME:=test/x509_internal_test} test/test_main.o test/testutil.o test/x509_internal_test.o ${LIBDEPS} )
LD_LIBRARY_PATH=: gcc -DDSO_DLFCN -DHAVE_DLFCN_H -DNDEBUG -DOPENSSL_THREADS -DOPENSSL_NO_DYNAMIC_ENGINE -DOPENSSL_PIC -DOPENSSL_IA32_SSE2 -DOPENSSL_BN_ASM_MONT -DOPENSSL_BN_ASM_MONT5 -DOPENSSL_BN_ASM_GF2m -DSHA1_ASM -DSHA256_ASM -DSHA512_ASM -DRC4_ASM -DMD5_ASM -DAES_ASM -DVPAES_ASM -DBSAES_ASM -DGHASH_ASM -DECP_NISTZ256_ASM -DPADLOCK_ASM -DPOLY1305_ASM -DOPENSSLDIR=&quot;/usr/local/ssl&quot; -DENGINESDIR=&quot;/usr/local/lib64/engines-1.1&quot; -Wall -O3 -pthread -m64 -DL_ENDIAN -Wa,--noexecstack -o test/x509_internal_test test/test_main.o test/testutil.o test/x509_internal_test.o libcrypto.a -ldl
make[2]: Leaving directory `&lt;<A HREF="https://openssl-sanity.cisco.com:8443/job/master_noec/ws/">https://openssl-sanity.cisco.com:8443/job/master_noec/ws/</A>'&gt;
gcc  -Iinclude -DDSO_DLFCN -DHAVE_DLFCN_H -DNDEBUG -DOPENSSL_THREADS -DOPENSSL_NO_DYNAMIC_ENGINE -DOPENSSL_PIC -DOPENSSL_IA32_SSE2 -DOPENSSL_BN_ASM_MONT -DOPENSSL_BN_ASM_MONT5 -DOPENSSL_BN_ASM_GF2m -DSHA1_ASM -DSHA256_ASM -DSHA512_ASM -DRC4_ASM -DMD5_ASM -DAES_ASM -DVPAES_ASM -DBSAES_ASM -DGHASH_ASM -DECP_NISTZ256_ASM -DPADLOCK_ASM -DPOLY1305_ASM -DOPENSSLDIR=&quot;\&quot;/usr/local/ssl\&quot;&quot; -DENGINESDIR=&quot;\&quot;/usr/local/lib64/engines-1.1\&quot;&quot; -Wall -O3 -pthread -m64 -DL_ENDIAN  -Wa,--noexecstack  -MMD -MF test/x509aux.d.tmp -MT test/x509aux.o -c -o test/x509aux.o test/x509aux.c
rm -f test/x509aux
make -f ./Makefile.shared -e \
	PERL=&quot;/usr/bin/perl&quot; SRCDIR=. \
	APPNAME=test/x509aux OBJECTS=&quot;test/x509aux.o&quot; \
	LIBDEPS=' '&quot; -L. -lcrypto&quot;' -ldl ' \
	CC='gcc' CFLAGS='-DDSO_DLFCN -DHAVE_DLFCN_H -DNDEBUG -DOPENSSL_THREADS -DOPENSSL_NO_DYNAMIC_ENGINE -DOPENSSL_PIC -DOPENSSL_IA32_SSE2 -DOPENSSL_BN_ASM_MONT -DOPENSSL_BN_ASM_MONT5 -DOPENSSL_BN_ASM_GF2m -DSHA1_ASM -DSHA256_ASM -DSHA512_ASM -DRC4_ASM -DMD5_ASM -DAES_ASM -DVPAES_ASM -DBSAES_ASM -DGHASH_ASM -DECP_NISTZ256_ASM -DPADLOCK_ASM -DPOLY1305_ASM -DOPENSSLDIR=&quot;\&quot;/usr/local/ssl\&quot;&quot; -DENGINESDIR=&quot;\&quot;/usr/local/lib64/engines-1.1\&quot;&quot; -Wall -O3 -pthread -m64 -DL_ENDIAN  -Wa,--noexecstack ' \
	LDFLAGS='' \
	link_app.
make[2]: Entering directory `&lt;<A HREF="https://openssl-sanity.cisco.com:8443/job/master_noec/ws/">https://openssl-sanity.cisco.com:8443/job/master_noec/ws/</A>'&gt;
( :; LIBDEPS=&quot;${LIBDEPS:--L. -lcrypto -ldl }&quot;; LDCMD=&quot;${LDCMD:-gcc}&quot;; LDFLAGS=&quot;${LDFLAGS:--DDSO_DLFCN -DHAVE_DLFCN_H -DNDEBUG -DOPENSSL_THREADS -DOPENSSL_NO_DYNAMIC_ENGINE -DOPENSSL_PIC -DOPENSSL_IA32_SSE2 -DOPENSSL_BN_ASM_MONT -DOPENSSL_BN_ASM_MONT5 -DOPENSSL_BN_ASM_GF2m -DSHA1_ASM -DSHA256_ASM -DSHA512_ASM -DRC4_ASM -DMD5_ASM -DAES_ASM -DVPAES_ASM -DBSAES_ASM -DGHASH_ASM -DECP_NISTZ256_ASM -DPADLOCK_ASM -DPOLY1305_ASM -DOPENSSLDIR=&quot;\&quot;/usr/local/ssl\&quot;&quot; -DENGINESDIR=&quot;\&quot;/usr/local/lib64/engines-1.1\&quot;&quot; -Wall -O3 -pthread -m64 -DL_ENDIAN  -Wa,--noexecstack  }&quot;; LIBPATH=`for x in $LIBDEPS; do echo $x; done | sed -e 's/^ *-L//;t' -e d | uniq`; LIBPATH=`echo $LIBPATH | sed -e 's/ /:/g'`; echo LD_LIBRARY_PATH=$LIBPATH:$LD_LIBRARY_PATH ${LDCMD} ${LDFLAGS} -o ${APPNAME:=test/x509aux} test/x509aux.o ${LIBDEPS}; LD_LIBRARY_PATH=$LIBPATH:$LD_LIBRARY_PATH ${LDCMD} ${LDFLAGS} -o ${APPNAME:=test/x509aux} test/x509aux.o ${LIBDEPS} )
LD_LIBRARY_PATH=.: gcc -DDSO_DLFCN -DHAVE_DLFCN_H -DNDEBUG -DOPENSSL_THREADS -DOPENSSL_NO_DYNAMIC_ENGINE -DOPENSSL_PIC -DOPENSSL_IA32_SSE2 -DOPENSSL_BN_ASM_MONT -DOPENSSL_BN_ASM_MONT5 -DOPENSSL_BN_ASM_GF2m -DSHA1_ASM -DSHA256_ASM -DSHA512_ASM -DRC4_ASM -DMD5_ASM -DAES_ASM -DVPAES_ASM -DBSAES_ASM -DGHASH_ASM -DECP_NISTZ256_ASM -DPADLOCK_ASM -DPOLY1305_ASM -DOPENSSLDIR=&quot;/usr/local/ssl&quot; -DENGINESDIR=&quot;/usr/local/lib64/engines-1.1&quot; -Wall -O3 -pthread -m64 -DL_ENDIAN -Wa,--noexecstack -o test/x509aux test/x509aux.o -L. -lcrypto -ldl
make[2]: Leaving directory `&lt;<A HREF="https://openssl-sanity.cisco.com:8443/job/master_noec/ws/">https://openssl-sanity.cisco.com:8443/job/master_noec/ws/</A>'&gt;
/usr/bin/perl &quot;-I.&quot; -Mconfigdata &quot;util/dofile.pl&quot; \
    &quot;-oMakefile&quot; apps/CA.pl.in &gt; &quot;apps/CA.pl&quot;
chmod a+x apps/CA.pl
/usr/bin/perl &quot;-I.&quot; -Mconfigdata &quot;util/dofile.pl&quot; \
    &quot;-oMakefile&quot; apps/tsget.in &gt; &quot;apps/tsget&quot;
chmod a+x apps/tsget
/usr/bin/perl &quot;-I.&quot; -Mconfigdata &quot;util/dofile.pl&quot; \
    &quot;-oMakefile&quot; tools/c_rehash.in &gt; &quot;tools/c_rehash&quot;
chmod a+x tools/c_rehash
/usr/bin/perl &quot;-I.&quot; -Mconfigdata &quot;util/dofile.pl&quot; \
    &quot;-oMakefile&quot; util/shlib_wrap.sh.in &gt; &quot;util/shlib_wrap.sh&quot;
chmod a+x util/shlib_wrap.sh
make[1]: Leaving directory `&lt;<A HREF="https://openssl-sanity.cisco.com:8443/job/master_noec/ws/">https://openssl-sanity.cisco.com:8443/job/master_noec/ws/</A>'&gt;
+ apps/openssl version -a
OpenSSL 1.1.1-dev  xx XXX xxxx
built on: reproducible build, date unspecified
platform: linux-x86_64
compiler: gcc -DDSO_DLFCN -DHAVE_DLFCN_H -DNDEBUG -DOPENSSL_THREADS -DOPENSSL_NO_DYNAMIC_ENGINE -DOPENSSL_PIC -DOPENSSL_IA32_SSE2 -DOPENSSL_BN_ASM_MONT -DOPENSSL_BN_ASM_MONT5 -DOPENSSL_BN_ASM_GF2m -DSHA1_ASM -DSHA256_ASM -DSHA512_ASM -DRC4_ASM -DMD5_ASM -DAES_ASM -DVPAES_ASM -DBSAES_ASM -DGHASH_ASM -DECP_NISTZ256_ASM -DPADLOCK_ASM -DPOLY1305_ASM -DOPENSSLDIR=&quot;\&quot;/usr/local/ssl\&quot;&quot; -DENGINESDIR=&quot;\&quot;/usr/local/lib64/engines-1.1\&quot;&quot;  -Wa,--noexecstack
OPENSSLDIR: &quot;/usr/local/ssl&quot;
ENGINESDIR: &quot;/usr/local/lib64/engines-1.1&quot;
+ make test
make depend &amp;&amp; make _tests
make[1]: Entering directory `&lt;<A HREF="https://openssl-sanity.cisco.com:8443/job/master_noec/ws/">https://openssl-sanity.cisco.com:8443/job/master_noec/ws/</A>'&gt;
make[1]: Leaving directory `&lt;<A HREF="https://openssl-sanity.cisco.com:8443/job/master_noec/ws/">https://openssl-sanity.cisco.com:8443/job/master_noec/ws/</A>'&gt;
make[1]: Entering directory `&lt;<A HREF="https://openssl-sanity.cisco.com:8443/job/master_noec/ws/">https://openssl-sanity.cisco.com:8443/job/master_noec/ws/</A>'&gt;
( cd test; \
  SRCTOP=../. \
  BLDTOP=../. \
  PERL=&quot;/usr/bin/perl&quot; \
  EXE_EXT= \
  OPENSSL_ENGINES=.././engines \
  OPENSSL_DEBUG_MEMORY=on \
    /usr/bin/perl .././test/run_tests.pl  )
../test/recipes/01-test_abort.t ............ ok
../test/recipes/01-test_sanity.t ........... ok
../test/recipes/01-test_symbol_presence.t .. skipped: Only useful when building shared libraries
../test/recipes/02-test_ordinals.t ......... ok
../test/recipes/03-test_internal.t ......... ok
../test/recipes/03-test_ui.t ............... ok
../test/recipes/05-test_bf.t ............... ok
../test/recipes/05-test_cast.t ............. ok
../test/recipes/05-test_des.t .............. ok
../test/recipes/05-test_hmac.t ............. ok
../test/recipes/05-test_idea.t ............. ok
../test/recipes/05-test_md2.t .............. skipped: md2 is not supported by this OpenSSL build
../test/recipes/05-test_md4.t .............. ok
../test/recipes/05-test_md5.t .............. ok
../test/recipes/05-test_mdc2.t ............. ok
../test/recipes/05-test_rand.t ............. ok
../test/recipes/05-test_rc2.t .............. ok
../test/recipes/05-test_rc4.t .............. ok
../test/recipes/05-test_rc5.t .............. skipped: rc5 is not supported by this OpenSSL build
../test/recipes/05-test_rmd.t .............. ok
../test/recipes/05-test_sha1.t ............. ok
../test/recipes/05-test_sha256.t ........... ok
../test/recipes/05-test_sha512.t ........... ok
../test/recipes/05-test_wp.t ............... ok
../test/recipes/10-test_bn.t ............... ok
../test/recipes/10-test_exp.t .............. ok
../test/recipes/15-test_dh.t ............... ok
../test/recipes/15-test_dsa.t .............. ok
../test/recipes/15-test_ec.t ............... ok
../test/recipes/15-test_ecdh.t ............. skipped: ec is not supported by this OpenSSL build
../test/recipes/15-test_ecdsa.t ............ skipped: ec is not supported by this OpenSSL build
../test/recipes/15-test_rsa.t .............. ok
../test/recipes/20-test_enc.t .............. ok
../test/recipes/20-test_passwd.t ........... ok
../test/recipes/25-test_crl.t .............. ok
../test/recipes/25-test_d2i.t .............. ok
../test/recipes/25-test_pkcs7.t ............ ok
../test/recipes/25-test_req.t .............. ok
../test/recipes/25-test_sid.t .............. ok
../test/recipes/25-test_verify.t ........... ok
../test/recipes/25-test_x509.t ............. ok
../test/recipes/30-test_afalg.t ............ skipped: test_afalg not supported for this build
../test/recipes/30-test_engine.t ........... ok
../test/recipes/30-test_evp.t .............. ok
../test/recipes/30-test_evp_extra.t ........ ok
../test/recipes/30-test_pbelu.t ............ ok
../test/recipes/30-test_pkey_meth.t ........ ok
../test/recipes/40-test_rehash.t ........... ok
../test/recipes/70-test_asyncio.t .......... ok
../test/recipes/70-test_bad_dtls.t ......... ok
../test/recipes/70-test_clienthello.t ...... ok
../test/recipes/70-test_key_share.t ........ skipped: test_key_share needs the dynamic engine feature enabled
../test/recipes/70-test_packet.t ........... ok
../test/recipes/70-test_renegotiation.t .... skipped: test_renegotiation needs the dynamic engine feature enabled
../test/recipes/70-test_sslcbcpadding.t .... skipped: test_sslcbcpadding needs the dynamic engine feature enabled
../test/recipes/70-test_sslcertstatus.t .... skipped: test_sslcertstatus needs the dynamic engine feature enabled
../test/recipes/70-test_sslextension.t ..... skipped: test_sslextension needs the dynamic engine feature enabled
../test/recipes/70-test_sslmessages.t ...... skipped: test_sslmessages needs the dynamic engine feature enabled
../test/recipes/70-test_sslrecords.t ....... skipped: test_sslrecords needs the dynamic engine feature enabled
../test/recipes/70-test_sslsessiontick.t ... skipped: test_sslsessiontick needs the dynamic engine feature enabled
../test/recipes/70-test_sslsigalgs.t ....... skipped: test_sslsigalgs needs the dynamic engine feature enabled
../test/recipes/70-test_sslsignature.t ..... skipped: test_sslsignature needs the dynamic engine feature enabled
../test/recipes/70-test_sslskewith0p.t ..... skipped: test_sslskewith0p needs the dynamic engine feature enabled
../test/recipes/70-test_sslversions.t ...... skipped: test_sslversions needs the dynamic engine feature enabled
../test/recipes/70-test_sslvertol.t ........ skipped: test_sslextension needs the dynamic engine feature enabled
../test/recipes/70-test_tls13messages.t .... skipped: test_tls13messages needs the dynamic engine feature enabled
../test/recipes/70-test_tlsextms.t ......... skipped: test_tlsextms needs the dynamic engine feature enabled
../test/recipes/70-test_verify_extra.t ..... ok
../test/recipes/70-test_wpacket.t .......... ok
../test/recipes/80-test_ca.t ............... ok
../test/recipes/80-test_cipherlist.t ....... ok
../test/recipes/80-test_cms.t .............. ok
../test/recipes/80-test_ct.t ............... skipped: ct and ec are not supported by this OpenSSL build
../test/recipes/80-test_dane.t ............. skipped: test_dane uses ec which is not supported by this OpenSSL build
../test/recipes/80-test_dtls.t ............. ok
../test/recipes/80-test_dtls_mtu.t ......... ok
../test/recipes/80-test_dtlsv1listen.t ..... ok
../test/recipes/80-test_ocsp.t ............. ok
../test/recipes/80-test_pkcs12.t ........... ok
    
    #   Failed test 'running ssl_test 01-simple.conf'
    #   at ../test/recipes/80-test_ssl_new.t line 126.
    # Looks like you failed 1 test of 3.

#   Failed test 'Test configuration 01-simple.conf'
#   at ../test/recipes/80-test_ssl_new.t line 92.
# Looks like you failed 1 test of 20.
../test/recipes/80-test_ssl_new.t .......... 
Dubious, test returned 1 (wstat 256, 0x100)
Failed 1/20 subtests 
../test/recipes/80-test_ssl_old.t .......... ok
../test/recipes/80-test_ssl_test_ctx.t ..... ok
../test/recipes/80-test_sslcorrupt.t ....... ok
../test/recipes/80-test_tsa.t .............. ok
../test/recipes/80-test_x509aux.t .......... skipped: test_dane uses ec which is not supported by this OpenSSL build
../test/recipes/90-test_async.t ............ ok
../test/recipes/90-test_bio_enc.t .......... ok
../test/recipes/90-test_bioprint.t ......... ok
../test/recipes/90-test_constant_time.t .... ok
../test/recipes/90-test_external.t ......... skipped: No external tests in this configuration
../test/recipes/90-test_fuzz.t ............. ok
../test/recipes/90-test_gmdiff.t ........... ok
../test/recipes/90-test_ige.t .............. ok
../test/recipes/90-test_memleak.t .......... ok
../test/recipes/90-test_overhead.t ......... ok
../test/recipes/90-test_p5_crpt2.t ......... ok
../test/recipes/90-test_secmem.t ........... ok
../test/recipes/90-test_shlibload.t ........ skipped: Test only supported in a shared build
../test/recipes/90-test_srp.t .............. ok
../test/recipes/90-test_sslapi.t ........... ok
../test/recipes/90-test_threads.t .......... ok
../test/recipes/90-test_tls13encryption.t .. skipped: tls13encryption is not supported in this build
../test/recipes/90-test_tls13secrets.t ..... skipped: tls13secrets is not supported in this build
../test/recipes/90-test_v3name.t ........... ok

Test Summary Report
-------------------
../test/recipes/80-test_ssl_new.t        (Wstat: 256 Tests: 20 Failed: 1)
  Failed test:  1
  Non-zero exit status: 1
Files=104, Tests=454, 108 wallclock secs ( 1.01 usr  0.14 sys + 43.86 cusr 38.99 csys = 84.00 CPU)
Result: FAIL
Failed 1/104 test programs. 1/454 subtests failed.
make[1]: *** [_tests] Error 255
make[1]: Leaving directory `&lt;<A HREF="https://openssl-sanity.cisco.com:8443/job/master_noec/ws/">https://openssl-sanity.cisco.com:8443/job/master_noec/ws/</A>'&gt;
make: *** [tests] Error 2
Build step 'Execute shell' marked build as failure
</PRE>






























<!--endarticle-->
    <HR>
    <P><UL>
        <!--threads-->
	<LI>Previous message: <A HREF="012517.html">[openssl-commits] Jenkins build is back to normal : 1_0_2_abi #353
</A></li>
	<LI>Next message: <A HREF="012539.html">[openssl-commits] Build failed in Jenkins: master_noec #1120
</A></li>
         <LI> <B>Messages sorted by:</B> 
              <a href="date.html#12502">[ date ]</a>
              <a href="thread.html#12502">[ thread ]</a>
              <a href="subject.html#12502">[ subject ]</a>
              <a href="author.html#12502">[ author ]</a>
         </LI>
       </UL>

<hr>
<a href="../../../mailman/listinfo/openssl-commits.html">More information about the openssl-commits
mailing list</a><br>
</body></html>
