<!DOCTYPE HTML PUBLIC "-//W3C//DTD HTML 4.01 Transitional//EN">
<HTML>
 <HEAD>
   <TITLE> [openssl-commits] Still FAILED build of OpenSSL branch master with	options -d --strict-warnings no-cms
   </TITLE>
   <LINK REL="Index" HREF="https://mta.openssl.org/pipermail/openssl-commits/2018-May/index.html" >
   <LINK REL="made" HREF="mailto:openssl-commits%40openssl.org?Subject=Re%3A%20%5Bopenssl-commits%5D%20Still%20FAILED%20build%20of%20OpenSSL%20branch%20master%20with%0A%09options%20-d%20--strict-warnings%20no-cms&In-Reply-To=%3C1525909975.598412.7783.nullmailer%40run.openssl.org%3E">
   <META NAME="robots" CONTENT="index,nofollow">
   <style type="text/css">
       pre {
           white-space: pre-wrap;       /* css-2.1, curent FF, Opera, Safari */
           }
   </style>
   <META http-equiv="Content-Type" content="text/html; charset=us-ascii">
   <LINK REL="Previous"  HREF="019287.html">
   <LINK REL="Next"  HREF="019296.html">
 </HEAD>
 <BODY BGCOLOR="#ffffff">
   <H1>[openssl-commits] Still FAILED build of OpenSSL branch master with	options -d --strict-warnings no-cms</H1>
    <B>OpenSSL run-checker</B> 
    <A HREF="mailto:openssl-commits%40openssl.org?Subject=Re%3A%20%5Bopenssl-commits%5D%20Still%20FAILED%20build%20of%20OpenSSL%20branch%20master%20with%0A%09options%20-d%20--strict-warnings%20no-cms&In-Reply-To=%3C1525909975.598412.7783.nullmailer%40run.openssl.org%3E"
       TITLE="[openssl-commits] Still FAILED build of OpenSSL branch master with	options -d --strict-warnings no-cms">openssl at openssl.org
       </A><BR>
    <I>Wed May  9 23:52:55 UTC 2018</I>
    <P><UL>
        <LI>Previous message: <A HREF="019287.html">[openssl-commits] FAILED build of OpenSSL branch master with	options -d --strict-warnings enable-ubsan -DPEDANTIC	-DOPENSSL_SMALL_FOOTPRINT -fno-sanitize=alignment
</A></li>
        <LI>Next message: <A HREF="019296.html">[openssl-commits] Still FAILED build of OpenSSL branch master with	options -d --strict-warnings enable-ubsan -DPEDANTIC	-DOPENSSL_SMALL_FOOTPRINT -fno-sanitize=alignment
</A></li>
         <LI> <B>Messages sorted by:</B> 
              <a href="date.html#19294">[ date ]</a>
              <a href="thread.html#19294">[ thread ]</a>
              <a href="subject.html#19294">[ subject ]</a>
              <a href="author.html#19294">[ author ]</a>
         </LI>
       </UL>
    <HR>  
<!--beginarticle-->
<PRE>Platform and configuration command:

$ uname -a
Linux run 4.4.0-119-generic #143-Ubuntu SMP Mon Apr 2 16:08:24 UTC 2018 x86_64 x86_64 x86_64 GNU/Linux
$ CC=clang ../openssl/config -d --strict-warnings no-cms

Commit log since last time:

7f35627 Fix typos in x509 documentation
60845a0 Add CHANGES entry for PR#6009
0dae8ba Add blinding in BN_GF2m_mod_inv for binary field inversions
a7b0b69 ECC: unify generic ec2 and ecp scalar multiplication, deprecate ec2_mult.c
fe2d397 ECDSA: remove nonce padding (delegated to EC_POINT_mul)

Build log ended with (last 100 lines):

/usr/bin/perl ../openssl/test/generate_buildtest.pl ecdh &gt; test/buildtest_ecdh.c
/usr/bin/perl ../openssl/test/generate_buildtest.pl ecdsa &gt; test/buildtest_ecdsa.c
/usr/bin/perl ../openssl/test/generate_buildtest.pl engine &gt; test/buildtest_engine.c
/usr/bin/perl ../openssl/test/generate_buildtest.pl evp &gt; test/buildtest_evp.c
/usr/bin/perl ../openssl/test/generate_buildtest.pl hmac &gt; test/buildtest_hmac.c
/usr/bin/perl ../openssl/test/generate_buildtest.pl idea &gt; test/buildtest_idea.c
/usr/bin/perl ../openssl/test/generate_buildtest.pl kdf &gt; test/buildtest_kdf.c
/usr/bin/perl ../openssl/test/generate_buildtest.pl lhash &gt; test/buildtest_lhash.c
/usr/bin/perl ../openssl/test/generate_buildtest.pl md4 &gt; test/buildtest_md4.c
/usr/bin/perl ../openssl/test/generate_buildtest.pl md5 &gt; test/buildtest_md5.c
/usr/bin/perl ../openssl/test/generate_buildtest.pl mdc2 &gt; test/buildtest_mdc2.c
/usr/bin/perl ../openssl/test/generate_buildtest.pl modes &gt; test/buildtest_modes.c
/usr/bin/perl ../openssl/test/generate_buildtest.pl obj_mac &gt; test/buildtest_obj_mac.c
/usr/bin/perl ../openssl/test/generate_buildtest.pl objects &gt; test/buildtest_objects.c
/usr/bin/perl ../openssl/test/generate_buildtest.pl ocsp &gt; test/buildtest_ocsp.c
/usr/bin/perl ../openssl/test/generate_buildtest.pl opensslv &gt; test/buildtest_opensslv.c
/usr/bin/perl ../openssl/test/generate_buildtest.pl ossl_typ &gt; test/buildtest_ossl_typ.c
/usr/bin/perl ../openssl/test/generate_buildtest.pl pem &gt; test/buildtest_pem.c
/usr/bin/perl ../openssl/test/generate_buildtest.pl pem2 &gt; test/buildtest_pem2.c
/usr/bin/perl ../openssl/test/generate_buildtest.pl pkcs12 &gt; test/buildtest_pkcs12.c
/usr/bin/perl ../openssl/test/generate_buildtest.pl pkcs7 &gt; test/buildtest_pkcs7.c
/usr/bin/perl ../openssl/test/generate_buildtest.pl rand &gt; test/buildtest_rand.c
/usr/bin/perl ../openssl/test/generate_buildtest.pl rand_drbg &gt; test/buildtest_rand_drbg.c
/usr/bin/perl ../openssl/test/generate_buildtest.pl rc2 &gt; test/buildtest_rc2.c
/usr/bin/perl ../openssl/test/generate_buildtest.pl rc4 &gt; test/buildtest_rc4.c
/usr/bin/perl ../openssl/test/generate_buildtest.pl ripemd &gt; test/buildtest_ripemd.c
/usr/bin/perl ../openssl/test/generate_buildtest.pl rsa &gt; test/buildtest_rsa.c
/usr/bin/perl ../openssl/test/generate_buildtest.pl safestack &gt; test/buildtest_safestack.c
/usr/bin/perl ../openssl/test/generate_buildtest.pl seed &gt; test/buildtest_seed.c
/usr/bin/perl ../openssl/test/generate_buildtest.pl sha &gt; test/buildtest_sha.c
/usr/bin/perl ../openssl/test/generate_buildtest.pl sm2 &gt; test/buildtest_sm2.c
/usr/bin/perl ../openssl/test/generate_buildtest.pl srp &gt; test/buildtest_srp.c
/usr/bin/perl ../openssl/test/generate_buildtest.pl srtp &gt; test/buildtest_srtp.c
/usr/bin/perl ../openssl/test/generate_buildtest.pl ssl &gt; test/buildtest_ssl.c
/usr/bin/perl ../openssl/test/generate_buildtest.pl ssl2 &gt; test/buildtest_ssl2.c
/usr/bin/perl ../openssl/test/generate_buildtest.pl stack &gt; test/buildtest_stack.c
/usr/bin/perl ../openssl/test/generate_buildtest.pl store &gt; test/buildtest_store.c
/usr/bin/perl ../openssl/test/generate_buildtest.pl symhacks &gt; test/buildtest_symhacks.c
/usr/bin/perl ../openssl/test/generate_buildtest.pl tls1 &gt; test/buildtest_tls1.c
/usr/bin/perl ../openssl/test/generate_buildtest.pl ts &gt; test/buildtest_ts.c
/usr/bin/perl ../openssl/test/generate_buildtest.pl txt_db &gt; test/buildtest_txt_db.c
/usr/bin/perl ../openssl/test/generate_buildtest.pl ui &gt; test/buildtest_ui.c
/usr/bin/perl ../openssl/test/generate_buildtest.pl whrlpool &gt; test/buildtest_whrlpool.c
/usr/bin/perl ../openssl/test/generate_buildtest.pl x509 &gt; test/buildtest_x509.c
/usr/bin/perl ../openssl/test/generate_buildtest.pl x509_vfy &gt; test/buildtest_x509_vfy.c
/usr/bin/perl ../openssl/test/generate_buildtest.pl x509v3 &gt; test/buildtest_x509v3.c
clang  -Iinclude -I../openssl/include -pthread -m64 -Wa,--noexecstack -Qunused-arguments -DDEBUG_UNUSED -DPEDANTIC -pedantic -Wno-long-long -Wall -Wextra -Wno-unused-parameter -Wno-missing-field-initializers -Wswitch -Wsign-compare -Wmissing-prototypes -Wshadow -Wformat -Wtype-limits -Wundef -Werror  -Wswitch-default -Wno-parentheses-equality -Wno-language-extension-token -Wno-extended-offsetof -Wconditional-uninitialized -Wincompatible-pointer-types-discards-qualifiers -Wmissing-variable-declarations -Wno-unknown-warning-option -Wall -O0 -g   -MMD -MF test/casttest.d.tmp -MT test/casttest.o -c -o test/casttest.o ../openssl/test/casttest.c
clang  -I. -Iinclude -Icrypto/include -I../openssl -I../openssl/include -I../openssl/crypto/include -pthread -m64 -Wa,--noexecstack -Qunused-arguments -DDEBUG_UNUSED -DPEDANTIC -pedantic -Wno-long-long -Wall -Wextra -Wno-unused-parameter -Wno-missing-field-initializers -Wswitch -Wsign-compare -Wmissing-prototypes -Wshadow -Wformat -Wtype-limits -Wundef -Werror  -Wswitch-default -Wno-parentheses-equality -Wno-language-extension-token -Wno-extended-offsetof -Wconditional-uninitialized -Wincompatible-pointer-types-discards-qualifiers -Wmissing-variable-declarations -Wno-unknown-warning-option -Wall -O0 -g   -MMD -MF test/chacha_internal_test.d.tmp -MT test/chacha_internal_test.o -c -o test/chacha_internal_test.o ../openssl/test/chacha_internal_test.c
clang  -Iinclude -I../openssl/include -pthread -m64 -Wa,--noexecstack -Qunused-arguments -DDEBUG_UNUSED -DPEDANTIC -pedantic -Wno-long-long -Wall -Wextra -Wno-unused-parameter -Wno-missing-field-initializers -Wswitch -Wsign-compare -Wmissing-prototypes -Wshadow -Wformat -Wtype-limits -Wundef -Werror  -Wswitch-default -Wno-parentheses-equality -Wno-language-extension-token -Wno-extended-offsetof -Wconditional-uninitialized -Wincompatible-pointer-types-discards-qualifiers -Wmissing-variable-declarations -Wno-unknown-warning-option -Wall -O0 -g   -MMD -MF test/cipherbytes_test.d.tmp -MT test/cipherbytes_test.o -c -o test/cipherbytes_test.o ../openssl/test/cipherbytes_test.c
clang  -Iinclude -I../openssl/include -pthread -m64 -Wa,--noexecstack -Qunused-arguments -DDEBUG_UNUSED -DPEDANTIC -pedantic -Wno-long-long -Wall -Wextra -Wno-unused-parameter -Wno-missing-field-initializers -Wswitch -Wsign-compare -Wmissing-prototypes -Wshadow -Wformat -Wtype-limits -Wundef -Werror  -Wswitch-default -Wno-parentheses-equality -Wno-language-extension-token -Wno-extended-offsetof -Wconditional-uninitialized -Wincompatible-pointer-types-discards-qualifiers -Wmissing-variable-declarations -Wno-unknown-warning-option -Wall -O0 -g   -MMD -MF test/cipherlist_test.d.tmp -MT test/cipherlist_test.o -c -o test/cipherlist_test.o ../openssl/test/cipherlist_test.c
clang  -Iinclude -I../openssl/include -pthread -m64 -Wa,--noexecstack -Qunused-arguments -DDEBUG_UNUSED -DPEDANTIC -pedantic -Wno-long-long -Wall -Wextra -Wno-unused-parameter -Wno-missing-field-initializers -Wswitch -Wsign-compare -Wmissing-prototypes -Wshadow -Wformat -Wtype-limits -Wundef -Werror  -Wswitch-default -Wno-parentheses-equality -Wno-language-extension-token -Wno-extended-offsetof -Wconditional-uninitialized -Wincompatible-pointer-types-discards-qualifiers -Wmissing-variable-declarations -Wno-unknown-warning-option -Wall -O0 -g   -MMD -MF test/ciphername_test.d.tmp -MT test/ciphername_test.o -c -o test/ciphername_test.o ../openssl/test/ciphername_test.c
clang  -Iinclude -I../openssl/include -pthread -m64 -Wa,--noexecstack -Qunused-arguments -DDEBUG_UNUSED -DPEDANTIC -pedantic -Wno-long-long -Wall -Wextra -Wno-unused-parameter -Wno-missing-field-initializers -Wswitch -Wsign-compare -Wmissing-prototypes -Wshadow -Wformat -Wtype-limits -Wundef -Werror  -Wswitch-default -Wno-parentheses-equality -Wno-language-extension-token -Wno-extended-offsetof -Wconditional-uninitialized -Wincompatible-pointer-types-discards-qualifiers -Wmissing-variable-declarations -Wno-unknown-warning-option -Wall -O0 -g   -MMD -MF test/clienthellotest.d.tmp -MT test/clienthellotest.o -c -o test/clienthellotest.o ../openssl/test/clienthellotest.c
clang  -Iinclude -I../openssl/include -pthread -m64 -Wa,--noexecstack -Qunused-arguments -DDEBUG_UNUSED -DPEDANTIC -pedantic -Wno-long-long -Wall -Wextra -Wno-unused-parameter -Wno-missing-field-initializers -Wswitch -Wsign-compare -Wmissing-prototypes -Wshadow -Wformat -Wtype-limits -Wundef -Werror  -Wswitch-default -Wno-parentheses-equality -Wno-language-extension-token -Wno-extended-offsetof -Wconditional-uninitialized -Wincompatible-pointer-types-discards-qualifiers -Wmissing-variable-declarations -Wno-unknown-warning-option -Wall -O0 -g   -MMD -MF test/cmsapitest.d.tmp -MT test/cmsapitest.o -c -o test/cmsapitest.o ../openssl/test/cmsapitest.c
clang  -Iinclude -I../openssl/include -pthread -m64 -Wa,--noexecstack -Qunused-arguments -DDEBUG_UNUSED -DPEDANTIC -pedantic -Wno-long-long -Wall -Wextra -Wno-unused-parameter -Wno-missing-field-initializers -Wswitch -Wsign-compare -Wmissing-prototypes -Wshadow -Wformat -Wtype-limits -Wundef -Werror  -Wswitch-default -Wno-parentheses-equality -Wno-language-extension-token -Wno-extended-offsetof -Wconditional-uninitialized -Wincompatible-pointer-types-discards-qualifiers -Wmissing-variable-declarations -Wno-unknown-warning-option -Wall -O0 -g   -MMD -MF test/conf_include_test.d.tmp -MT test/conf_include_test.o -c -o test/conf_include_test.o ../openssl/test/conf_include_test.c
clang  -Iinclude -I../openssl/include -pthread -m64 -Wa,--noexecstack -Qunused-arguments -DDEBUG_UNUSED -DPEDANTIC -pedantic -Wno-long-long -Wall -Wextra -Wno-unused-parameter -Wno-missing-field-initializers -Wswitch -Wsign-compare -Wmissing-prototypes -Wshadow -Wformat -Wtype-limits -Wundef -Werror  -Wswitch-default -Wno-parentheses-equality -Wno-language-extension-token -Wno-extended-offsetof -Wconditional-uninitialized -Wincompatible-pointer-types-discards-qualifiers -Wmissing-variable-declarations -Wno-unknown-warning-option -Wall -O0 -g   -MMD -MF test/constant_time_test.d.tmp -MT test/constant_time_test.o -c -o test/constant_time_test.o ../openssl/test/constant_time_test.c
clang  -Iinclude -I../openssl/include -pthread -m64 -Wa,--noexecstack -Qunused-arguments -DDEBUG_UNUSED -DPEDANTIC -pedantic -Wno-long-long -Wall -Wextra -Wno-unused-parameter -Wno-missing-field-initializers -Wswitch -Wsign-compare -Wmissing-prototypes -Wshadow -Wformat -Wtype-limits -Wundef -Werror  -Wswitch-default -Wno-parentheses-equality -Wno-language-extension-token -Wno-extended-offsetof -Wconditional-uninitialized -Wincompatible-pointer-types-discards-qualifiers -Wmissing-variable-declarations -Wno-unknown-warning-option -Wall -O0 -g   -MMD -MF test/crltest.d.tmp -MT test/crltest.o -c -o test/crltest.o ../openssl/test/crltest.c
../openssl/test/cmsapitest.c:20:5: error: use of undeclared identifier 'CMS_ContentInfo'
    CMS_ContentInfo* content = NULL;
    ^
../openssl/test/cmsapitest.c:20:22: error: use of undeclared identifier 'content'
    CMS_ContentInfo* content = NULL;
                     ^
../openssl/test/cmsapitest.c:29:5: error: use of undeclared identifier 'content'
    content = CMS_encrypt(certstack, msgbio, EVP_aes_128_cbc(), CMS_TEXT);
    ^
../openssl/test/cmsapitest.c:29:15: error: implicit declaration of function 'CMS_encrypt' is invalid in C99 [-Werror,-Wimplicit-function-declaration]
    content = CMS_encrypt(certstack, msgbio, EVP_aes_128_cbc(), CMS_TEXT);
              ^
../openssl/test/cmsapitest.c:29:65: error: use of undeclared identifier 'CMS_TEXT'
    content = CMS_encrypt(certstack, msgbio, EVP_aes_128_cbc(), CMS_TEXT);
                                                                ^
../openssl/test/cmsapitest.c:30:19: error: use of undeclared identifier 'content'
    if (!TEST_ptr(content))
                  ^
../openssl/test/cmsapitest.c:33:20: error: implicit declaration of function 'CMS_decrypt' is invalid in C99 [-Werror,-Wimplicit-function-declaration]
    if (!TEST_true(CMS_decrypt(content, privkey, cert, NULL, outmsgbio,
                   ^
../openssl/test/cmsapitest.c:33:20: note: did you mean 'CMS_encrypt'?
../openssl/test/cmsapitest.c:29:15: note: 'CMS_encrypt' declared here
    content = CMS_encrypt(certstack, msgbio, EVP_aes_128_cbc(), CMS_TEXT);
              ^
../openssl/test/cmsapitest.c:33:32: error: use of undeclared identifier 'content'
    if (!TEST_true(CMS_decrypt(content, privkey, cert, NULL, outmsgbio,
                               ^
../openssl/test/cmsapitest.c:34:32: error: use of undeclared identifier 'CMS_TEXT'
                               CMS_TEXT)))
                               ^
../openssl/test/cmsapitest.c:47:5: error: implicit declaration of function 'CMS_ContentInfo_free' is invalid in C99 [-Werror,-Wimplicit-function-declaration]
    CMS_ContentInfo_free(content);
    ^
../openssl/test/cmsapitest.c:47:26: error: use of undeclared identifier 'content'
    CMS_ContentInfo_free(content);
                         ^
11 errors generated.
Makefile:8165: recipe for target 'test/cmsapitest.o' failed
make[1]: *** [test/cmsapitest.o] Error 1
make[1]: *** Waiting for unfinished jobs....
make[1]: Leaving directory '/home/openssl/run-checker/no-cms'
Makefile:171: recipe for target 'all' failed
make: *** [all] Error 2
</PRE>


































































































































<!--endarticle-->
    <HR>
    <P><UL>
        <!--threads-->
	<LI>Previous message: <A HREF="019287.html">[openssl-commits] FAILED build of OpenSSL branch master with	options -d --strict-warnings enable-ubsan -DPEDANTIC	-DOPENSSL_SMALL_FOOTPRINT -fno-sanitize=alignment
</A></li>
	<LI>Next message: <A HREF="019296.html">[openssl-commits] Still FAILED build of OpenSSL branch master with	options -d --strict-warnings enable-ubsan -DPEDANTIC	-DOPENSSL_SMALL_FOOTPRINT -fno-sanitize=alignment
</A></li>
         <LI> <B>Messages sorted by:</B> 
              <a href="date.html#19294">[ date ]</a>
              <a href="thread.html#19294">[ thread ]</a>
              <a href="subject.html#19294">[ subject ]</a>
              <a href="author.html#19294">[ author ]</a>
         </LI>
       </UL>

<hr>
<a href="../../../mailman/listinfo/openssl-commits.html">More information about the openssl-commits
mailing list</a><br>
</body></html>
