<!DOCTYPE HTML PUBLIC "-//W3C//DTD HTML 4.01 Transitional//EN">
<HTML>
 <HEAD>
   <TITLE> Still FAILED build of OpenSSL branch master with options -d --strict-warnings no-pic
   </TITLE>
   <LINK REL="Index" HREF="https://mta.openssl.org/pipermail/openssl-commits/2019-August/index.html" >
   <LINK REL="made" HREF="mailto:openssl-commits%40openssl.org?Subject=Re%3A%20Still%20FAILED%20build%20of%20OpenSSL%20branch%20master%20with%20options%20-d%0A%20--strict-warnings%20no-pic&In-Reply-To=%3C1565340557.318308.652.nullmailer%40run.openssl.org%3E">
   <META NAME="robots" CONTENT="index,nofollow">
   <style type="text/css">
       pre {
           white-space: pre-wrap;       /* css-2.1, curent FF, Opera, Safari */
           }
   </style>
   <META http-equiv="Content-Type" content="text/html; charset=us-ascii">
   <LINK REL="Previous"  HREF="024362.html">
   <LINK REL="Next"  HREF="024295.html">
 </HEAD>
 <BODY BGCOLOR="#ffffff">
   <H1>Still FAILED build of OpenSSL branch master with options -d --strict-warnings no-pic</H1>
    <B>OpenSSL run-checker</B> 
    <A HREF="mailto:openssl-commits%40openssl.org?Subject=Re%3A%20Still%20FAILED%20build%20of%20OpenSSL%20branch%20master%20with%20options%20-d%0A%20--strict-warnings%20no-pic&In-Reply-To=%3C1565340557.318308.652.nullmailer%40run.openssl.org%3E"
       TITLE="Still FAILED build of OpenSSL branch master with options -d --strict-warnings no-pic">openssl at openssl.org
       </A><BR>
    <I>Fri Aug  9 08:49:17 UTC 2019</I>
    <P><UL>
        <LI>Previous message: <A HREF="024362.html">Still FAILED build of OpenSSL branch master with options -d --strict-warnings no-pic
</A></li>
        <LI>Next message: <A HREF="024295.html">Errored: openssl/openssl#27099 (master - 5997237)
</A></li>
         <LI> <B>Messages sorted by:</B> 
              <a href="date.html#24377">[ date ]</a>
              <a href="thread.html#24377">[ thread ]</a>
              <a href="subject.html#24377">[ subject ]</a>
              <a href="author.html#24377">[ author ]</a>
         </LI>
       </UL>
    <HR>  
<!--beginarticle-->
<PRE>Platform and configuration command:

$ uname -a
Linux run 4.15.0-54-generic #58-Ubuntu SMP Mon Jun 24 10:55:24 UTC 2019 x86_64 x86_64 x86_64 GNU/Linux
$ CC=clang ../openssl/config -d --strict-warnings no-pic

Commit log since last time:

6d5aa88d74 Fix reversed meaning of error codes
7c03bb9fff Clarify the INSTALL instructions
5c5cdcd815 Avoid holding a lock when calling OPENSSL_init_crypto
b9a758060d Fix no-filenames
f92e0815b8 Fix no-ec
3505d70bad Fix document nit in EVP_MAC.pod
7dddf2fcc5 Change EVP_CIPHER_CTX_iv_length() to return current ivlen for some modes

Build log ended with (last 100 lines):

../../openssl/test/recipes/30-test_pbelu.t .................... ok
../../openssl/test/recipes/30-test_pkey_meth.t ................ ok
../../openssl/test/recipes/30-test_pkey_meth_kdf.t ............ ok
../../openssl/test/recipes/40-test_rehash.t ................... ok
../../openssl/test/recipes/60-test_x509_check_cert_pkey.t ..... ok
../../openssl/test/recipes/60-test_x509_dup_cert.t ............ ok
../../openssl/test/recipes/60-test_x509_store.t ............... ok
../../openssl/test/recipes/60-test_x509_time.t ................ ok
../../openssl/test/recipes/70-test_asyncio.t .................. ok
../../openssl/test/recipes/70-test_bad_dtls.t ................. ok
../../openssl/test/recipes/70-test_clienthello.t .............. ok
../../openssl/test/recipes/70-test_comp.t ..................... skipped: test_comp needs the dynamic engine feature enabled
../../openssl/test/recipes/70-test_key_share.t ................ skipped: test_key_share needs the dynamic engine feature enabled
../../openssl/test/recipes/70-test_packet.t ................... ok
../../openssl/test/recipes/70-test_recordlen.t ................ ok
../../openssl/test/recipes/70-test_renegotiation.t ............ skipped: test_renegotiation needs the dynamic engine feature enabled
../../openssl/test/recipes/70-test_servername.t ............... ok
../../openssl/test/recipes/70-test_sslcbcpadding.t ............ skipped: test_sslcbcpadding needs the dynamic engine feature enabled
../../openssl/test/recipes/70-test_sslcertstatus.t ............ skipped: test_sslcertstatus needs the dynamic engine feature enabled
../../openssl/test/recipes/70-test_sslextension.t ............. skipped: test_sslextension needs the dynamic engine feature enabled
../../openssl/test/recipes/70-test_sslmessages.t .............. skipped: test_sslmessages needs the dynamic engine feature enabled
../../openssl/test/recipes/70-test_sslrecords.t ............... skipped: test_sslrecords needs the dynamic engine feature enabled
../../openssl/test/recipes/70-test_sslsessiontick.t ........... skipped: test_sslsessiontick needs the dynamic engine feature enabled
../../openssl/test/recipes/70-test_sslsigalgs.t ............... skipped: test_sslsigalgs needs the dynamic engine feature enabled
../../openssl/test/recipes/70-test_sslsignature.t ............. skipped: test_sslsignature needs the dynamic engine feature enabled
../../openssl/test/recipes/70-test_sslskewith0p.t ............. skipped: test_sslskewith0p needs the dynamic engine feature enabled
../../openssl/test/recipes/70-test_sslversions.t .............. skipped: test_sslversions needs the dynamic engine feature enabled
../../openssl/test/recipes/70-test_sslvertol.t ................ skipped: test_sslextension needs the dynamic engine feature enabled
../../openssl/test/recipes/70-test_tls13alerts.t .............. skipped: test_tls13alerts needs the dynamic engine feature enabled
../../openssl/test/recipes/70-test_tls13cookie.t .............. skipped: test_tls13cookie needs the dynamic engine feature enabled
../../openssl/test/recipes/70-test_tls13downgrade.t ........... skipped: test_tls13downgrade needs the dynamic engine feature enabled
../../openssl/test/recipes/70-test_tls13hrr.t ................. skipped: test_tls13hrr needs the dynamic engine feature enabled
../../openssl/test/recipes/70-test_tls13kexmodes.t ............ skipped: test_tls13kexmodes needs the dynamic engine feature enabled
../../openssl/test/recipes/70-test_tls13messages.t ............ skipped: test_tls13messages needs the dynamic engine feature enabled
../../openssl/test/recipes/70-test_tls13psk.t ................. skipped: test_tls13psk needs the dynamic engine feature enabled
../../openssl/test/recipes/70-test_tlsextms.t ................. skipped: test_tlsextms needs the dynamic engine feature enabled
../../openssl/test/recipes/70-test_verify_extra.t ............. ok
../../openssl/test/recipes/70-test_wpacket.t .................. ok
../../openssl/test/recipes/80-test_ca.t ....................... ok
../../openssl/test/recipes/80-test_cipherbytes.t .............. ok
../../openssl/test/recipes/80-test_cipherlist.t ............... ok
../../openssl/test/recipes/80-test_ciphername.t ............... ok
../../openssl/test/recipes/80-test_cms.t ...................... ok
../../openssl/test/recipes/80-test_cmsapi.t ................... ok
../../openssl/test/recipes/80-test_ct.t ....................... ok
../../openssl/test/recipes/80-test_dane.t ..................... ok
../../openssl/test/recipes/80-test_dtls.t ..................... ok
../../openssl/test/recipes/80-test_dtls_mtu.t ................. ok
../../openssl/test/recipes/80-test_dtlsv1listen.t ............. ok
../../openssl/test/recipes/80-test_ocsp.t ..................... ok
../../openssl/test/recipes/80-test_pkcs12.t ................... ok
../../openssl/test/recipes/80-test_ssl_new.t .................. ok
../../openssl/test/recipes/80-test_ssl_old.t .................. ok
../../openssl/test/recipes/80-test_ssl_test_ctx.t ............. ok
../../openssl/test/recipes/80-test_sslcorrupt.t ............... ok
../../openssl/test/recipes/80-test_tsa.t ...................... ok
../../openssl/test/recipes/80-test_x509aux.t .................. ok
../../openssl/test/recipes/90-test_asn1_time.t ................ ok
../../openssl/test/recipes/90-test_async.t .................... ok
../../openssl/test/recipes/90-test_bio_enc.t .................. ok
../../openssl/test/recipes/90-test_bio_memleak.t .............. ok
../../openssl/test/recipes/90-test_constant_time.t ............ ok
../../openssl/test/recipes/90-test_fatalerr.t ................. ok
../../openssl/test/recipes/90-test_gmdiff.t ................... ok
../../openssl/test/recipes/90-test_gost.t ..................... skipped: GOST support is disabled in this OpenSSL build
../../openssl/test/recipes/90-test_ige.t ...................... ok
../../openssl/test/recipes/90-test_includes.t ................. ok
../../openssl/test/recipes/90-test_memleak.t .................. ok
../../openssl/test/recipes/90-test_overhead.t ................. ok
../../openssl/test/recipes/90-test_secmem.t ................... ok
../../openssl/test/recipes/90-test_shlibload.t ................ skipped: Test only supported in a shared build
../../openssl/test/recipes/90-test_srp.t ...................... ok
../../openssl/test/recipes/90-test_sslapi.t ................... ok
../../openssl/test/recipes/90-test_sslbuffers.t ............... ok
../../openssl/test/recipes/90-test_store.t .................... ok
../../openssl/test/recipes/90-test_sysdefault.t ............... ok
../../openssl/test/recipes/90-test_threads.t .................. ok
../../openssl/test/recipes/90-test_time_offset.t .............. ok
../../openssl/test/recipes/90-test_tls13ccs.t ................. ok
../../openssl/test/recipes/90-test_tls13encryption.t .......... ok
../../openssl/test/recipes/90-test_tls13secrets.t ............. skipped: tls13secrets is not supported in this build
../../openssl/test/recipes/90-test_v3name.t ................... ok
../../openssl/test/recipes/95-test_external_boringssl.t ....... skipped: No external tests in this configuration
../../openssl/test/recipes/95-test_external_krb5.t ............ skipped: No external tests in this configuration
../../openssl/test/recipes/95-test_external_pyca.t ............ skipped: No external tests in this configuration
../../openssl/test/recipes/99-test_ecstress.t ................. ok
../../openssl/test/recipes/99-test_fuzz.t ..................... ok

Test Summary Report
-------------------
../../openssl/test/recipes/30-test_evp.t                    (Wstat: 2816 Tests: 14 Failed: 11)
  Failed tests:  1-2, 4, 6-13
  Non-zero exit status: 11
Files=174, Tests=1448, 245 wallclock secs ( 0.92 usr  0.40 sys + 238.36 cusr 19.59 csys = 259.27 CPU)
Result: FAIL
Makefile:198: recipe for target '_tests' failed
make[1]: *** [_tests] Error 1
make[1]: Leaving directory '/home/openssl/run-checker/no-pic'
Makefile:196: recipe for target 'tests' failed
make: *** [tests] Error 2
</PRE>
















































































































































<!--endarticle-->
    <HR>
    <P><UL>
        <!--threads-->
	<LI>Previous message: <A HREF="024362.html">Still FAILED build of OpenSSL branch master with options -d --strict-warnings no-pic
</A></li>
	<LI>Next message: <A HREF="024295.html">Errored: openssl/openssl#27099 (master - 5997237)
</A></li>
         <LI> <B>Messages sorted by:</B> 
              <a href="date.html#24377">[ date ]</a>
              <a href="thread.html#24377">[ thread ]</a>
              <a href="subject.html#24377">[ subject ]</a>
              <a href="author.html#24377">[ author ]</a>
         </LI>
       </UL>

<hr>
<a href="../../../mailman/listinfo/openssl-commits.html">More information about the openssl-commits
mailing list</a><br>
</body></html>
