<!DOCTYPE HTML PUBLIC "-//W3C//DTD HTML 4.01 Transitional//EN">
<HTML>
 <HEAD>
   <TITLE> Still FAILED build of OpenSSL branch master with options -d --strict-warnings no-tls1_2-method
   </TITLE>
   <LINK REL="Index" HREF="https://mta.openssl.org/pipermail/openssl-commits/2019-August/index.html" >
   <LINK REL="made" HREF="mailto:openssl-commits%40openssl.org?Subject=Re%3A%20Still%20FAILED%20build%20of%20OpenSSL%20branch%20master%20with%20options%20-d%0A%20--strict-warnings%20no-tls1_2-method&In-Reply-To=%3C1565363047.934650.6065.nullmailer%40run.openssl.org%3E">
   <META NAME="robots" CONTENT="index,nofollow">
   <style type="text/css">
       pre {
           white-space: pre-wrap;       /* css-2.1, curent FF, Opera, Safari */
           }
   </style>
   <META http-equiv="Content-Type" content="text/html; charset=us-ascii">
   <LINK REL="Previous"  HREF="024366.html">
   <LINK REL="Next"  HREF="024280.html">
 </HEAD>
 <BODY BGCOLOR="#ffffff">
   <H1>Still FAILED build of OpenSSL branch master with options -d --strict-warnings no-tls1_2-method</H1>
    <B>OpenSSL run-checker</B> 
    <A HREF="mailto:openssl-commits%40openssl.org?Subject=Re%3A%20Still%20FAILED%20build%20of%20OpenSSL%20branch%20master%20with%20options%20-d%0A%20--strict-warnings%20no-tls1_2-method&In-Reply-To=%3C1565363047.934650.6065.nullmailer%40run.openssl.org%3E"
       TITLE="Still FAILED build of OpenSSL branch master with options -d --strict-warnings no-tls1_2-method">openssl at openssl.org
       </A><BR>
    <I>Fri Aug  9 15:04:07 UTC 2019</I>
    <P><UL>
        <LI>Previous message: <A HREF="024366.html">Still FAILED build of OpenSSL branch master with options -d --strict-warnings no-tls1_2-method
</A></li>
        <LI>Next message: <A HREF="024280.html">Build failed: openssl master.26508
</A></li>
         <LI> <B>Messages sorted by:</B> 
              <a href="date.html#24394">[ date ]</a>
              <a href="thread.html#24394">[ thread ]</a>
              <a href="subject.html#24394">[ subject ]</a>
              <a href="author.html#24394">[ author ]</a>
         </LI>
       </UL>
    <HR>  
<!--beginarticle-->
<PRE>Platform and configuration command:

$ uname -a
Linux run 4.15.0-54-generic #58-Ubuntu SMP Mon Jun 24 10:55:24 UTC 2019 x86_64 x86_64 x86_64 GNU/Linux
$ CC=clang ../openssl/config -d --strict-warnings no-tls1_2-method

Commit log since last time:

6d5aa88d74 Fix reversed meaning of error codes
7c03bb9fff Clarify the INSTALL instructions
5c5cdcd815 Avoid holding a lock when calling OPENSSL_init_crypto
b9a758060d Fix no-filenames
f92e0815b8 Fix no-ec
3505d70bad Fix document nit in EVP_MAC.pod
7dddf2fcc5 Change EVP_CIPHER_CTX_iv_length() to return current ivlen for some modes

Build log ended with (last 100 lines):

../../openssl/test/recipes/70-test_bad_dtls.t ................. ok
../../openssl/test/recipes/70-test_clienthello.t .............. ok
../../openssl/test/recipes/70-test_comp.t ..................... ok
../../openssl/test/recipes/70-test_key_share.t ................ ok
../../openssl/test/recipes/70-test_packet.t ................... ok
../../openssl/test/recipes/70-test_recordlen.t ................ ok
../../openssl/test/recipes/70-test_renegotiation.t ............ skipped: test_renegotiation needs TLS &lt;= 1.2 enabled
../../openssl/test/recipes/70-test_servername.t ............... ok
../../openssl/test/recipes/70-test_sslcbcpadding.t ............ skipped: test_sslcbcpadding needs TLSv1.2 enabled
../../openssl/test/recipes/70-test_sslcertstatus.t ............ skipped: test_sslcertstatus needs TLS enabled
../../openssl/test/recipes/70-test_sslextension.t ............. 
Dubious, test returned 255 (wstat 65280, 0xff00)
All 8 subtests passed 
	(less 5 skipped subtests: 3 okay)
../../openssl/test/recipes/70-test_sslmessages.t .............. skipped: test_sslmessages needs TLS enabled
../../openssl/test/recipes/70-test_sslrecords.t ............... skipped: test_sslrecords needs TLSv1.2 enabled
../../openssl/test/recipes/70-test_sslsessiontick.t ........... skipped: test_sslsessiontick needs SSLv3, TLSv1, TLSv1.1 or TLSv1.2 enabled
../../openssl/test/recipes/70-test_sslsigalgs.t ............... ok
../../openssl/test/recipes/70-test_sslsignature.t ............. ok
../../openssl/test/recipes/70-test_sslskewith0p.t ............. ok
../../openssl/test/recipes/70-test_sslversions.t .............. skipped: test_sslversions needs TLS1.3, TLS1.2 and TLS1.1 enabled
../../openssl/test/recipes/70-test_sslvertol.t ................ ok
../../openssl/test/recipes/70-test_tls13alerts.t .............. ok
../../openssl/test/recipes/70-test_tls13cookie.t .............. ok
../../openssl/test/recipes/70-test_tls13downgrade.t ........... skipped: test_tls13downgrade needs TLS1.3 and TLS1.2 enabled
../../openssl/test/recipes/70-test_tls13hrr.t ................. ok
../../openssl/test/recipes/70-test_tls13kexmodes.t ............ ok
../../openssl/test/recipes/70-test_tls13messages.t ............ ok
../../openssl/test/recipes/70-test_tls13psk.t ................. ok
../../openssl/test/recipes/70-test_tlsextms.t ................. skipped: test_tlsextms needs TLSv1.0, TLSv1.1 or TLSv1.2 enabled
../../openssl/test/recipes/70-test_verify_extra.t ............. ok
../../openssl/test/recipes/70-test_wpacket.t .................. ok
../../openssl/test/recipes/80-test_ca.t ....................... ok
../../openssl/test/recipes/80-test_cipherbytes.t .............. ok
../../openssl/test/recipes/80-test_cipherlist.t ............... ok
../../openssl/test/recipes/80-test_ciphername.t ............... ok
../../openssl/test/recipes/80-test_cms.t ...................... ok
../../openssl/test/recipes/80-test_cmsapi.t ................... ok
../../openssl/test/recipes/80-test_ct.t ....................... ok
../../openssl/test/recipes/80-test_dane.t ..................... ok
../../openssl/test/recipes/80-test_dtls.t ..................... ok
../../openssl/test/recipes/80-test_dtls_mtu.t ................. ok
../../openssl/test/recipes/80-test_dtlsv1listen.t ............. ok
../../openssl/test/recipes/80-test_ocsp.t ..................... ok
../../openssl/test/recipes/80-test_pkcs12.t ................... ok
../../openssl/test/recipes/80-test_ssl_new.t .................. ok
../../openssl/test/recipes/80-test_ssl_old.t .................. ok
../../openssl/test/recipes/80-test_ssl_test_ctx.t ............. ok
../../openssl/test/recipes/80-test_sslcorrupt.t ............... ok
../../openssl/test/recipes/80-test_tsa.t ...................... ok
../../openssl/test/recipes/80-test_x509aux.t .................. ok
../../openssl/test/recipes/90-test_asn1_time.t ................ ok
../../openssl/test/recipes/90-test_async.t .................... ok
../../openssl/test/recipes/90-test_bio_enc.t .................. ok
../../openssl/test/recipes/90-test_bio_memleak.t .............. ok
../../openssl/test/recipes/90-test_constant_time.t ............ ok
../../openssl/test/recipes/90-test_fatalerr.t ................. ok
../../openssl/test/recipes/90-test_gmdiff.t ................... ok
../../openssl/test/recipes/90-test_gost.t ..................... skipped: TLSv1.3 or TLSv1.2 are disabled in this OpenSSL build
../../openssl/test/recipes/90-test_ige.t ...................... ok
../../openssl/test/recipes/90-test_includes.t ................. ok
../../openssl/test/recipes/90-test_memleak.t .................. ok
../../openssl/test/recipes/90-test_overhead.t ................. skipped: Only supported in no-shared builds
../../openssl/test/recipes/90-test_secmem.t ................... ok
../../openssl/test/recipes/90-test_shlibload.t ................ ok
../../openssl/test/recipes/90-test_srp.t ...................... ok
../../openssl/test/recipes/90-test_sslapi.t ................... 
Dubious, test returned 1 (wstat 256, 0x100)
Failed 1/1 subtests 
../../openssl/test/recipes/90-test_sslbuffers.t ............... ok
../../openssl/test/recipes/90-test_store.t .................... ok
../../openssl/test/recipes/90-test_sysdefault.t ............... skipped: test_sysdefault is not supported in this build
../../openssl/test/recipes/90-test_threads.t .................. ok
../../openssl/test/recipes/90-test_time_offset.t .............. ok
../../openssl/test/recipes/90-test_tls13ccs.t ................. ok
../../openssl/test/recipes/90-test_tls13encryption.t .......... ok
../../openssl/test/recipes/90-test_tls13secrets.t ............. ok
../../openssl/test/recipes/90-test_v3name.t ................... ok
../../openssl/test/recipes/95-test_external_boringssl.t ....... skipped: No external tests in this configuration
../../openssl/test/recipes/95-test_external_krb5.t ............ skipped: No external tests in this configuration
../../openssl/test/recipes/95-test_external_pyca.t ............ skipped: No external tests in this configuration
../../openssl/test/recipes/99-test_ecstress.t ................. ok
../../openssl/test/recipes/99-test_fuzz.t ..................... ok

Test Summary Report
-------------------
../../openssl/test/recipes/70-test_sslextension.t           (Wstat: 65280 Tests: 9 Failed: 1)
  Failed test:  9
  Non-zero exit status: 255
  Parse errors: Bad plan.  You planned 8 tests but ran 9.
../../openssl/test/recipes/90-test_sslapi.t                 (Wstat: 256 Tests: 1 Failed: 1)
  Failed test:  1
  Non-zero exit status: 1
Files=174, Tests=1564, 239 wallclock secs ( 1.67 usr  0.39 sys + 230.88 cusr 20.13 csys = 253.07 CPU)
Result: FAIL
Makefile:198: recipe for target '_tests' failed
make[1]: *** [_tests] Error 1
make[1]: Leaving directory '/home/openssl/run-checker/no-tls1_2-method'
Makefile:196: recipe for target 'tests' failed
make: *** [tests] Error 2
</PRE>
























































































































<!--endarticle-->
    <HR>
    <P><UL>
        <!--threads-->
	<LI>Previous message: <A HREF="024366.html">Still FAILED build of OpenSSL branch master with options -d --strict-warnings no-tls1_2-method
</A></li>
	<LI>Next message: <A HREF="024280.html">Build failed: openssl master.26508
</A></li>
         <LI> <B>Messages sorted by:</B> 
              <a href="date.html#24394">[ date ]</a>
              <a href="thread.html#24394">[ thread ]</a>
              <a href="subject.html#24394">[ subject ]</a>
              <a href="author.html#24394">[ author ]</a>
         </LI>
       </UL>

<hr>
<a href="../../../mailman/listinfo/openssl-commits.html">More information about the openssl-commits
mailing list</a><br>
</body></html>
