<!DOCTYPE HTML PUBLIC "-//W3C//DTD HTML 4.01 Transitional//EN">
<HTML>
 <HEAD>
   <TITLE> [openssl-commits] FAILED build of OpenSSL branch	OpenSSL_1_1_0-stable with options -d --strict-warnings no-dgram
   </TITLE>
   <LINK REL="Index" HREF="https://mta.openssl.org/pipermail/openssl-commits/2018-January/index.html" >
   <LINK REL="made" HREF="mailto:openssl-commits%40openssl.org?Subject=Re%3A%20%5Bopenssl-commits%5D%20FAILED%20build%20of%20OpenSSL%20branch%0A%09OpenSSL_1_1_0-stable%20with%20options%20-d%20--strict-warnings%20no-dgram&In-Reply-To=%3C1516275755.353922.25293.nullmailer%40run.openssl.org%3E">
   <META NAME="robots" CONTENT="index,nofollow">
   <style type="text/css">
       pre {
           white-space: pre-wrap;       /* css-2.1, curent FF, Opera, Safari */
           }
   </style>
   <META http-equiv="Content-Type" content="text/html; charset=us-ascii">
   <LINK REL="Previous"  HREF="017634.html">
   <LINK REL="Next"  HREF="017639.html">
 </HEAD>
 <BODY BGCOLOR="#ffffff">
   <H1>[openssl-commits] FAILED build of OpenSSL branch	OpenSSL_1_1_0-stable with options -d --strict-warnings no-dgram</H1>
    <B>OpenSSL run-checker</B> 
    <A HREF="mailto:openssl-commits%40openssl.org?Subject=Re%3A%20%5Bopenssl-commits%5D%20FAILED%20build%20of%20OpenSSL%20branch%0A%09OpenSSL_1_1_0-stable%20with%20options%20-d%20--strict-warnings%20no-dgram&In-Reply-To=%3C1516275755.353922.25293.nullmailer%40run.openssl.org%3E"
       TITLE="[openssl-commits] FAILED build of OpenSSL branch	OpenSSL_1_1_0-stable with options -d --strict-warnings no-dgram">openssl at openssl.org
       </A><BR>
    <I>Thu Jan 18 11:42:35 UTC 2018</I>
    <P><UL>
        <LI>Previous message: <A HREF="017634.html">[openssl-commits] FAILED build of OpenSSL branch master with	options -d --strict-warnings no-seed
</A></li>
        <LI>Next message: <A HREF="017639.html">[openssl-commits] FAILED build of OpenSSL branch	OpenSSL_1_1_0-stable with options -d --strict-warnings	enable-ec_nistp_64_gcc_128
</A></li>
         <LI> <B>Messages sorted by:</B> 
              <a href="date.html#17637">[ date ]</a>
              <a href="thread.html#17637">[ thread ]</a>
              <a href="subject.html#17637">[ subject ]</a>
              <a href="author.html#17637">[ author ]</a>
         </LI>
       </UL>
    <HR>  
<!--beginarticle-->
<PRE>Platform and configuration command:

$ uname -a
Linux run 4.4.0-96-generic #119-Ubuntu SMP Tue Sep 12 14:59:54 UTC 2017 x86_64 x86_64 x86_64 GNU/Linux
$ CC=clang ../openssl/config -d --strict-warnings no-dgram

Commit log since last time:

634c1a6 TLSProxy::Proxy: don't waste time redirecting STDOUT and STDERR

Build log ended with (last 100 lines):

../../openssl/test/recipes/05-test_rand.t ............. ok
../../openssl/test/recipes/05-test_rc2.t .............. ok
../../openssl/test/recipes/05-test_rc4.t .............. ok
../../openssl/test/recipes/05-test_rc5.t .............. skipped: rc5 is not supported by this OpenSSL build
../../openssl/test/recipes/05-test_rmd.t .............. ok
../../openssl/test/recipes/05-test_sha1.t ............. ok
../../openssl/test/recipes/05-test_sha256.t ........... ok
../../openssl/test/recipes/05-test_sha512.t ........... ok
../../openssl/test/recipes/05-test_wp.t ............... ok
../../openssl/test/recipes/10-test_bn.t ............... ok
../../openssl/test/recipes/10-test_exp.t .............. ok
../../openssl/test/recipes/15-test_dh.t ............... ok
../../openssl/test/recipes/15-test_dsa.t .............. ok
../../openssl/test/recipes/15-test_ec.t ............... ok
../../openssl/test/recipes/15-test_ecdsa.t ............ ok
../../openssl/test/recipes/15-test_genrsa.t ........... ok
../../openssl/test/recipes/15-test_rsa.t .............. ok
../../openssl/test/recipes/15-test_rsapss.t ........... ok
../../openssl/test/recipes/20-test_enc.t .............. ok
../../openssl/test/recipes/20-test_passwd.t ........... ok
../../openssl/test/recipes/25-test_crl.t .............. ok
../../openssl/test/recipes/25-test_d2i.t .............. ok
../../openssl/test/recipes/25-test_pkcs7.t ............ ok
../../openssl/test/recipes/25-test_req.t .............. ok
../../openssl/test/recipes/25-test_sid.t .............. ok
../../openssl/test/recipes/25-test_verify.t ........... ok
../../openssl/test/recipes/25-test_x509.t ............. ok
../../openssl/test/recipes/30-test_afalg.t ............ ok
../../openssl/test/recipes/30-test_engine.t ........... ok
../../openssl/test/recipes/30-test_evp.t .............. ok
../../openssl/test/recipes/30-test_evp_extra.t ........ ok
../../openssl/test/recipes/30-test_pbelu.t ............ ok
../../openssl/test/recipes/40-test_rehash.t ........... ok
../../openssl/test/recipes/60-test_x509_store.t ....... ok
../../openssl/test/recipes/70-test_asyncio.t .......... ok
../../openssl/test/recipes/70-test_bad_dtls.t ......... skipped: DTLSv1 is not supported by this OpenSSL build
../../openssl/test/recipes/70-test_clienthello.t ...... ok
../../openssl/test/recipes/70-test_packet.t ........... ok
../../openssl/test/recipes/70-test_sslcbcpadding.t .... skipped: Unable to start up Proxy for tests
../../openssl/test/recipes/70-test_sslcertstatus.t .... skipped: Unable to start up Proxy for tests
../../openssl/test/recipes/70-test_sslextension.t ..... ok
../../openssl/test/recipes/70-test_sslmessages.t ...... skipped: Unable to start up Proxy for tests
../../openssl/test/recipes/70-test_sslrecords.t ....... 
Dubious, test returned 1 (wstat 256, 0x100)
Failed 1/11 subtests 
../../openssl/test/recipes/70-test_sslsessiontick.t ... skipped: Unable to start up Proxy for tests
../../openssl/test/recipes/70-test_sslskewith0p.t ..... skipped: Unable to start up Proxy for tests
../../openssl/test/recipes/70-test_sslvertol.t ........ ok
../../openssl/test/recipes/70-test_tlsextms.t ......... 
Dubious, test returned 3 (wstat 768, 0x300)
Failed 3/9 subtests 
../../openssl/test/recipes/70-test_verify_extra.t ..... ok
../../openssl/test/recipes/80-test_ca.t ............... ok
../../openssl/test/recipes/80-test_cipherlist.t ....... ok
../../openssl/test/recipes/80-test_cms.t .............. ok
../../openssl/test/recipes/80-test_ct.t ............... ok
../../openssl/test/recipes/80-test_dane.t ............. ok
../../openssl/test/recipes/80-test_dtls.t ............. skipped: No DTLS protocols are supported by this OpenSSL build
../../openssl/test/recipes/80-test_dtlsv1listen.t ..... ok
../../openssl/test/recipes/80-test_ocsp.t ............. ok
../../openssl/test/recipes/80-test_pkcs12.t ........... ok
../../openssl/test/recipes/80-test_ssl_new.t .......... ok
../../openssl/test/recipes/80-test_ssl_old.t .......... ok
../../openssl/test/recipes/80-test_ssl_test_ctx.t ..... ok
../../openssl/test/recipes/80-test_sslcorrupt.t ....... ok
../../openssl/test/recipes/80-test_tsa.t .............. ok
../../openssl/test/recipes/80-test_x509aux.t .......... ok
../../openssl/test/recipes/90-test_async.t ............ ok
../../openssl/test/recipes/90-test_bio_enc.t .......... ok
../../openssl/test/recipes/90-test_bioprint.t ......... ok
../../openssl/test/recipes/90-test_constant_time.t .... ok
../../openssl/test/recipes/90-test_fatalerr.t ......... ok
../../openssl/test/recipes/90-test_fuzz.t ............. ok
../../openssl/test/recipes/90-test_gmdiff.t ........... ok
../../openssl/test/recipes/90-test_heartbeat.t ........ skipped: heartbeats is not supported by this OpenSSL build
../../openssl/test/recipes/90-test_ige.t .............. ok
../../openssl/test/recipes/90-test_memleak.t .......... ok
../../openssl/test/recipes/90-test_p5_crpt2.t ......... ok
../../openssl/test/recipes/90-test_secmem.t ........... ok
../../openssl/test/recipes/90-test_shlibload.t ........ ok
../../openssl/test/recipes/90-test_srp.t .............. ok
../../openssl/test/recipes/90-test_sslapi.t ........... ok
../../openssl/test/recipes/90-test_threads.t .......... ok
../../openssl/test/recipes/90-test_v3name.t ........... ok

Test Summary Report
-------------------
../../openssl/test/recipes/70-test_sslrecords.t     (Wstat: 256 Tests: 11 Failed: 1)
  Failed test:  6
  Non-zero exit status: 1
../../openssl/test/recipes/70-test_tlsextms.t       (Wstat: 768 Tests: 9 Failed: 3)
  Failed tests:  7-9
  Non-zero exit status: 3
Files=96, Tests=533, 130 wallclock secs ( 1.11 usr  0.15 sys + 64.50 cusr  7.14 csys = 72.90 CPU)
Result: FAIL
Makefile:154: recipe for target '_tests' failed
make[1]: *** [_tests] Error 1
make[1]: Leaving directory '/home/openssl/run-checker-1.1.0/no-dgram'
Makefile:152: recipe for target 'tests' failed
make: *** [tests] Error 2
</PRE>





















































































































<!--endarticle-->
    <HR>
    <P><UL>
        <!--threads-->
	<LI>Previous message: <A HREF="017634.html">[openssl-commits] FAILED build of OpenSSL branch master with	options -d --strict-warnings no-seed
</A></li>
	<LI>Next message: <A HREF="017639.html">[openssl-commits] FAILED build of OpenSSL branch	OpenSSL_1_1_0-stable with options -d --strict-warnings	enable-ec_nistp_64_gcc_128
</A></li>
         <LI> <B>Messages sorted by:</B> 
              <a href="date.html#17637">[ date ]</a>
              <a href="thread.html#17637">[ thread ]</a>
              <a href="subject.html#17637">[ subject ]</a>
              <a href="author.html#17637">[ author ]</a>
         </LI>
       </UL>

<hr>
<a href="../../../mailman/listinfo/openssl-commits.html">More information about the openssl-commits
mailing list</a><br>
</body></html>
