<!DOCTYPE HTML PUBLIC "-//W3C//DTD HTML 4.01 Transitional//EN">
<HTML>
 <HEAD>
   <TITLE> Still FAILED build of OpenSSL branch master with options -d --strict-warnings no-dgram
   </TITLE>
   <LINK REL="Index" HREF="https://mta.openssl.org/pipermail/openssl-commits/2020-June/index.html" >
   <LINK REL="made" HREF="mailto:openssl-commits%40openssl.org?Subject=Re%3A%20Still%20FAILED%20build%20of%20OpenSSL%20branch%20master%20with%20options%20-d%0A%20--strict-warnings%20no-dgram&In-Reply-To=%3C1593416852.968562.13076.nullmailer%40run.openssl.org%3E">
   <META NAME="robots" CONTENT="index,nofollow">
   <style type="text/css">
       pre {
           white-space: pre-wrap;       /* css-2.1, curent FF, Opera, Safari */
           }
   </style>
   <META http-equiv="Content-Type" content="text/html; charset=us-ascii">
   <LINK REL="Previous"  HREF="029399.html">
   <LINK REL="Next"  HREF="029020.html">
 </HEAD>
 <BODY BGCOLOR="#ffffff">
   <H1>Still FAILED build of OpenSSL branch master with options -d --strict-warnings no-dgram</H1>
    <B>OpenSSL run-checker</B> 
    <A HREF="mailto:openssl-commits%40openssl.org?Subject=Re%3A%20Still%20FAILED%20build%20of%20OpenSSL%20branch%20master%20with%20options%20-d%0A%20--strict-warnings%20no-dgram&In-Reply-To=%3C1593416852.968562.13076.nullmailer%40run.openssl.org%3E"
       TITLE="Still FAILED build of OpenSSL branch master with options -d --strict-warnings no-dgram">openssl at openssl.org
       </A><BR>
    <I>Mon Jun 29 07:47:32 UTC 2020</I>
    <P><UL>
        <LI>Previous message: <A HREF="029399.html">Still FAILED build of OpenSSL branch master with options -d --strict-warnings no-dgram
</A></li>
        <LI>Next message: <A HREF="029020.html">[openssl]  master update
</A></li>
         <LI> <B>Messages sorted by:</B> 
              <a href="date.html#29453">[ date ]</a>
              <a href="thread.html#29453">[ thread ]</a>
              <a href="subject.html#29453">[ subject ]</a>
              <a href="author.html#29453">[ author ]</a>
         </LI>
       </UL>
    <HR>  
<!--beginarticle-->
<PRE>Platform and configuration command:

$ uname -a
Linux run 4.15.0-54-generic #58-Ubuntu SMP Mon Jun 24 10:55:24 UTC 2019 x86_64 x86_64 x86_64 GNU/Linux
$ CC=clang ../openssl/config -d --strict-warnings no-dgram

Commit log since last time:

9afbb681ec INSTALL.md and NOTES.VALGRIND: Further cleanup of references and code/symbol quotation layout
3a0b3cc905 Move test-related info from INSTALL.md to new test/README.md, updating references
96e0445195 apps/openssl: clean-up of unused fallback code
c9741726c1 Configurations: drop toolchain from configuration targets
16b0e0fcb3 DOC: Mention Configure consistently
180626159e Configure: pick up options from older 'config'
bfa684622a util/perl/OpenSSL/config.pm: refactor guess_system()
019e3a0b6b util/perl/OpenSSL/config.pm: remove expand() and use eval
2f44c8151e config: Turn into a simple wrapper
e39795af0a util/perl/OpenSSL/config.pm: refactor map_guess()
081436bf73 util/perl/OpenSSL/config.pm, Configure: move check of target with compiler
a3310b182c util/perl/OpenSSL/config.pm: Rework determining compiler information
48704cc651 Remove OpenSSL::config::main(), it's not necessary
69aa579e6d util/perl/OpenSSL/config.pm: Prefer POSIX::uname() over piping the command
33d5b4a68a util/perl/OpenSSL/config.pm: Don't detect removed directories in
4901b570ba Initial rewrite of config as a Perl module
92db29e5e8 Add a test to make sure ASYNC aware code gets the right default libctx
6c689e58f7 Make the ASYNC code default libctx aware
cfbd76c1a9 CORE: Add an internal function to distinguish the global default context
e31eda006f TEST: Add test to exercise OPENSSL_CTX_set0_default()
3bd65f9b5b Update NEWS and CHANGES
5a9752756b CORE: Add OPENSSL_CTX_set0_default(), to set a default library context
270540fd54 INSTALL.md: Restore $ as command prompt indicator
b1f9db6980 Configuration: do not overwrite BASE_unix ex_libs in AIX
aba03ae571 Reduce the security bits for MD5 and SHA1 based signatures in TLS
526f1f1aca Fix syntax of cipher string
c65b1d0252 TEST: Add TODO segments in test/recipes/15-test_genec.t
0c2bddb76a Test genpkey app for EC keygen with various args
cc63865f33 doc/man3: fix types taken by HMAC(), HMAC_Update()
0d96afd28c Prepare for 3.0 alpha 5
38778b78e0 Prepare for release of 3.0 alpha 4
fbd2ece171 Update copyright year

Build log ended with (last 100 lines):

65-test_cmp_status.t ............... ok
65-test_cmp_vfy.t .................. ok
70-test_asyncio.t .................. ok
70-test_bad_dtls.t ................. skipped: DTLSv1 is not supported by this OpenSSL build
70-test_clienthello.t .............. ok
70-test_comp.t ..................... ok
70-test_key_share.t ................ ok
70-test_packet.t ................... ok
70-test_recordlen.t ................ ok
70-test_renegotiation.t ............ ok
70-test_servername.t ............... ok
70-test_sslcbcpadding.t ............ ok
70-test_sslcertstatus.t ............ ok
70-test_sslextension.t ............. ok
70-test_sslmessages.t .............. ok
70-test_sslrecords.t ............... ok
70-test_sslsessiontick.t ........... ok
70-test_sslsigalgs.t ............... ok
70-test_sslsignature.t ............. ok
70-test_sslskewith0p.t ............. ok
70-test_sslversions.t .............. ok
70-test_sslvertol.t ................ ok
70-test_tls13alerts.t .............. ok
70-test_tls13cookie.t .............. ok
70-test_tls13downgrade.t ........... ok
70-test_tls13hrr.t ................. ok
70-test_tls13kexmodes.t ............ ok
70-test_tls13messages.t ............ ok
70-test_tls13psk.t ................. ok
70-test_tlsextms.t ................. ok
70-test_verify_extra.t ............. ok
70-test_wpacket.t .................. ok
71-test_ssl_ctx.t .................. ok
80-test_ca.t ....................... ok
80-test_cipherbytes.t .............. ok
80-test_cipherlist.t ............... ok
80-test_ciphername.t ............... ok
80-test_cms.t ...................... ok
80-test_cmsapi.t ................... ok
80-test_ct.t ....................... ok
80-test_dane.t ..................... ok
80-test_dtls.t ..................... skipped: No DTLS protocols are supported by this OpenSSL build
80-test_dtls_mtu.t ................. skipped: test_dtls_mtu needs DTLS and PSK support enabled
80-test_dtlsv1listen.t ............. ok
80-test_http.t ..................... ok
80-test_ocsp.t ..................... ok
80-test_pkcs12.t ................... ok
80-test_ssl_new.t .................. 
Dubious, test returned 1 (wstat 256, 0x100)
Failed 1/31 subtests 
80-test_ssl_old.t .................. ok
80-test_ssl_test_ctx.t ............. ok
80-test_sslcorrupt.t ............... ok
80-test_tsa.t ...................... ok
80-test_x509aux.t .................. ok
81-test_cmp_cli.t .................. ok
90-test_asn1_time.t ................ ok
90-test_async.t .................... ok
90-test_bio_enc.t .................. ok
90-test_bio_memleak.t .............. ok
90-test_constant_time.t ............ ok
90-test_fatalerr.t ................. ok
90-test_gmdiff.t ................... ok
90-test_gost.t ..................... ok
90-test_ige.t ...................... ok
90-test_includes.t ................. ok
90-test_memleak.t .................. ok
90-test_overhead.t ................. ok
90-test_secmem.t ................... ok
90-test_shlibload.t ................ ok
90-test_srp.t ...................... ok
90-test_sslapi.t ................... ok
90-test_sslbuffers.t ............... ok
90-test_store.t .................... ok
90-test_sysdefault.t ............... ok
90-test_threads.t .................. ok
90-test_time_offset.t .............. ok
90-test_tls13ccs.t ................. ok
90-test_tls13encryption.t .......... ok
90-test_tls13secrets.t ............. ok
90-test_v3name.t ................... ok
95-test_external_boringssl.t ....... skipped: No external tests in this configuration
95-test_external_gost_engine.t ..... skipped: No external tests in this configuration
95-test_external_krb5.t ............ skipped: No external tests in this configuration
95-test_external_pyca.t ............ skipped: No external tests in this configuration
99-test_ecstress.t ................. ok
99-test_fuzz.t ..................... ok

Test Summary Report
-------------------
80-test_ssl_new.t                (Wstat: 256 Tests: 31 Failed: 1)
  Failed test:  5
  Non-zero exit status: 1
Files=204, Tests=2594, 837 wallclock secs ( 9.07 usr  1.41 sys + 781.28 cusr 58.53 csys = 850.29 CPU)
Result: FAIL
Makefile:3134: recipe for target '_tests' failed
make[1]: *** [_tests] Error 1
make[1]: Leaving directory '/home/openssl/run-checker/no-dgram'
Makefile:3132: recipe for target 'tests' failed
make: *** [tests] Error 2
</PRE>

<!--endarticle-->
    <HR>
    <P><UL>
        <!--threads-->
	<LI>Previous message: <A HREF="029399.html">Still FAILED build of OpenSSL branch master with options -d --strict-warnings no-dgram
</A></li>
	<LI>Next message: <A HREF="029020.html">[openssl]  master update
</A></li>
         <LI> <B>Messages sorted by:</B> 
              <a href="date.html#29453">[ date ]</a>
              <a href="thread.html#29453">[ thread ]</a>
              <a href="subject.html#29453">[ subject ]</a>
              <a href="author.html#29453">[ author ]</a>
         </LI>
       </UL>

<hr>
<a href="../../../mailman/listinfo/openssl-commits.html">More information about the openssl-commits
mailing list</a><br>
</body></html>
