<!DOCTYPE HTML PUBLIC "-//W3C//DTD HTML 4.01 Transitional//EN">
<HTML>
 <HEAD>
   <TITLE> Still FAILED build of OpenSSL branch master with options -d --strict-warnings enable-weak-ssl-ciphers
   </TITLE>
   <LINK REL="Index" HREF="https://mta.openssl.org/pipermail/openssl-commits/2019-October/index.html" >
   <LINK REL="made" HREF="mailto:openssl-commits%40openssl.org?Subject=Re%3A%20Still%20FAILED%20build%20of%20OpenSSL%20branch%20master%20with%20options%20-d%0A%20--strict-warnings%20enable-weak-ssl-ciphers&In-Reply-To=%3C1569949143.560625.25689.nullmailer%40run.openssl.org%3E">
   <META NAME="robots" CONTENT="index,nofollow">
   <style type="text/css">
       pre {
           white-space: pre-wrap;       /* css-2.1, curent FF, Opera, Safari */
           }
   </style>
   <META http-equiv="Content-Type" content="text/html; charset=us-ascii">
   <LINK REL="Previous"  HREF="025396.html">
   <LINK REL="Next"  HREF="025411.html">
 </HEAD>
 <BODY BGCOLOR="#ffffff">
   <H1>Still FAILED build of OpenSSL branch master with options -d --strict-warnings enable-weak-ssl-ciphers</H1>
    <B>OpenSSL run-checker</B> 
    <A HREF="mailto:openssl-commits%40openssl.org?Subject=Re%3A%20Still%20FAILED%20build%20of%20OpenSSL%20branch%20master%20with%20options%20-d%0A%20--strict-warnings%20enable-weak-ssl-ciphers&In-Reply-To=%3C1569949143.560625.25689.nullmailer%40run.openssl.org%3E"
       TITLE="Still FAILED build of OpenSSL branch master with options -d --strict-warnings enable-weak-ssl-ciphers">openssl at openssl.org
       </A><BR>
    <I>Tue Oct  1 16:59:03 UTC 2019</I>
    <P><UL>
        <LI>Previous message: <A HREF="025396.html">Build completed: openssl master.28236
</A></li>
        <LI>Next message: <A HREF="025411.html">Still FAILED build of OpenSSL branch master with options -d --strict-warnings enable-weak-ssl-ciphers
</A></li>
         <LI> <B>Messages sorted by:</B> 
              <a href="date.html#25397">[ date ]</a>
              <a href="thread.html#25397">[ thread ]</a>
              <a href="subject.html#25397">[ subject ]</a>
              <a href="author.html#25397">[ author ]</a>
         </LI>
       </UL>
    <HR>  
<!--beginarticle-->
<PRE>Platform and configuration command:

$ uname -a
Linux run 4.15.0-54-generic #58-Ubuntu SMP Mon Jun 24 10:55:24 UTC 2019 x86_64 x86_64 x86_64 GNU/Linux
$ CC=clang ../openssl/config -d --strict-warnings enable-weak-ssl-ciphers

Commit log since last time:

4dcb150ea3 Add defines for __NR_getrandom for all Linux architectures
dfe1752c84  Make ASYNC manuals conform with man-pages(7)
84f471ecab Correct the function names in SSL_CTX_set_stateless_cookie_generate_cb.pod
7e3ae24832 Fix a bundle of mischecks of return values
df0822688f Make default values by ERR_get_error_all() and friends more consistent
94bd168a9e Fix a return value bug in apps/speed.c
41f7ecf30d Consistent naming for context gettable param queries .

Build log ended with (last 100 lines):

60-test_x509_check_cert_pkey.t ..... ok
60-test_x509_dup_cert.t ............ ok
60-test_x509_store.t ............... ok
60-test_x509_time.t ................ ok
65-test_cmp_asn.t .................. ok
65-test_cmp_ctx.t .................. ok
70-test_asyncio.t .................. ok
70-test_bad_dtls.t ................. ok
70-test_clienthello.t .............. ok
70-test_comp.t ..................... ok
70-test_key_share.t ................ ok
70-test_packet.t ................... ok
70-test_recordlen.t ................ ok
70-test_renegotiation.t ............ ok
70-test_servername.t ............... ok
70-test_sslcbcpadding.t ............ ok
70-test_sslcertstatus.t ............ ok
70-test_sslextension.t ............. ok
70-test_sslmessages.t .............. ok
70-test_sslrecords.t ............... ok
70-test_sslsessiontick.t ........... ok
70-test_sslsigalgs.t ............... ok
70-test_sslsignature.t ............. ok
70-test_sslskewith0p.t ............. ok
70-test_sslversions.t .............. ok
70-test_sslvertol.t ................ ok
70-test_tls13alerts.t .............. ok
70-test_tls13cookie.t .............. ok
70-test_tls13downgrade.t ........... ok
70-test_tls13hrr.t ................. ok
70-test_tls13kexmodes.t ............ ok
70-test_tls13messages.t ............ ok
70-test_tls13psk.t ................. ok
70-test_tlsextms.t ................. ok
70-test_verify_extra.t ............. ok
70-test_wpacket.t .................. ok
80-test_ca.t ....................... ok
80-test_cipherbytes.t .............. ok
80-test_cipherlist.t ............... ok
80-test_ciphername.t ............... ok
80-test_cms.t ...................... ok
80-test_cmsapi.t ................... ok
80-test_ct.t ....................... ok
80-test_dane.t ..................... ok
80-test_dtls.t ..................... ok
80-test_dtls_mtu.t ................. ok
80-test_dtlsv1listen.t ............. ok
80-test_ocsp.t ..................... ok
80-test_pkcs12.t ................... ok
80-test_ssl_new.t .................. ok
80-test_ssl_old.t .................. 
Dubious, test returned 1 (wstat 256, 0x100)
Failed 1/6 subtests 
80-test_ssl_test_ctx.t ............. ok
80-test_sslcorrupt.t ............... ok
80-test_tsa.t ...................... ok
80-test_x509aux.t .................. ok
90-test_asn1_time.t ................ ok
90-test_async.t .................... ok
90-test_bio_enc.t .................. ok
90-test_bio_memleak.t .............. ok
90-test_constant_time.t ............ ok
90-test_fatalerr.t ................. ok
90-test_gmdiff.t ................... ok
90-test_gost.t ..................... ok
90-test_ige.t ...................... ok
90-test_includes.t ................. ok
90-test_memleak.t .................. ok
90-test_overhead.t ................. skipped: Only supported in no-shared builds
90-test_secmem.t ................... ok
90-test_shlibload.t ................ ok
90-test_srp.t ...................... ok
90-test_sslapi.t ................... ok
90-test_sslbuffers.t ............... ok
90-test_store.t .................... ok
90-test_sysdefault.t ............... ok
90-test_threads.t .................. ok
90-test_time_offset.t .............. ok
90-test_tls13ccs.t ................. ok
90-test_tls13encryption.t .......... ok
90-test_tls13secrets.t ............. ok
90-test_v3name.t ................... ok
95-test_external_boringssl.t ....... skipped: No external tests in this configuration
95-test_external_krb5.t ............ skipped: No external tests in this configuration
95-test_external_pyca.t ............ skipped: No external tests in this configuration
99-test_ecstress.t ................. ok
99-test_fuzz.t ..................... ok

Test Summary Report
-------------------
80-test_ssl_old.t                (Wstat: 256 Tests: 6 Failed: 1)
  Failed test:  3
  Non-zero exit status: 1
Files=179, Tests=1706, 284 wallclock secs ( 6.14 usr  0.89 sys + 268.41 cusr 26.19 csys = 301.63 CPU)
Result: FAIL
Makefile:198: recipe for target '_tests' failed
make[1]: *** [_tests] Error 1
make[1]: Leaving directory '/home/openssl/run-checker/enable-weak-ssl-ciphers'
Makefile:196: recipe for target 'tests' failed
make: *** [tests] Error 2
</PRE>


























































































































<!--endarticle-->
    <HR>
    <P><UL>
        <!--threads-->
	<LI>Previous message: <A HREF="025396.html">Build completed: openssl master.28236
</A></li>
	<LI>Next message: <A HREF="025411.html">Still FAILED build of OpenSSL branch master with options -d --strict-warnings enable-weak-ssl-ciphers
</A></li>
         <LI> <B>Messages sorted by:</B> 
              <a href="date.html#25397">[ date ]</a>
              <a href="thread.html#25397">[ thread ]</a>
              <a href="subject.html#25397">[ subject ]</a>
              <a href="author.html#25397">[ author ]</a>
         </LI>
       </UL>

<hr>
<a href="../../../mailman/listinfo/openssl-commits.html">More information about the openssl-commits
mailing list</a><br>
</body></html>
