<!DOCTYPE HTML PUBLIC "-//W3C//DTD HTML 4.01 Transitional//EN">
<HTML>
 <HEAD>
   <TITLE> Still FAILED build of OpenSSL branch master with options -d --strict-warnings no-autoerrinit
   </TITLE>
   <LINK REL="Index" HREF="https://mta.openssl.org/pipermail/openssl-commits/2019-October/index.html" >
   <LINK REL="made" HREF="mailto:openssl-commits%40openssl.org?Subject=Re%3A%20Still%20FAILED%20build%20of%20OpenSSL%20branch%20master%20with%20options%20-d%0A%20--strict-warnings%20no-autoerrinit&In-Reply-To=%3C1569973597.292851.32197.nullmailer%40run.openssl.org%3E">
   <META NAME="robots" CONTENT="index,nofollow">
   <style type="text/css">
       pre {
           white-space: pre-wrap;       /* css-2.1, curent FF, Opera, Safari */
           }
   </style>
   <META http-equiv="Content-Type" content="text/html; charset=us-ascii">
   <LINK REL="Previous"  HREF="025408.html">
   <LINK REL="Next"  HREF="025419.html">
 </HEAD>
 <BODY BGCOLOR="#ffffff">
   <H1>Still FAILED build of OpenSSL branch master with options -d --strict-warnings no-autoerrinit</H1>
    <B>OpenSSL run-checker</B> 
    <A HREF="mailto:openssl-commits%40openssl.org?Subject=Re%3A%20Still%20FAILED%20build%20of%20OpenSSL%20branch%20master%20with%20options%20-d%0A%20--strict-warnings%20no-autoerrinit&In-Reply-To=%3C1569973597.292851.32197.nullmailer%40run.openssl.org%3E"
       TITLE="Still FAILED build of OpenSSL branch master with options -d --strict-warnings no-autoerrinit">openssl at openssl.org
       </A><BR>
    <I>Tue Oct  1 23:46:37 UTC 2019</I>
    <P><UL>
        <LI>Previous message: <A HREF="025408.html">Still Failing: openssl/openssl#28823 (master - 2342f68)
</A></li>
        <LI>Next message: <A HREF="025419.html">Still FAILED build of OpenSSL branch master with options -d --strict-warnings no-autoerrinit
</A></li>
         <LI> <B>Messages sorted by:</B> 
              <a href="date.html#25409">[ date ]</a>
              <a href="thread.html#25409">[ thread ]</a>
              <a href="subject.html#25409">[ subject ]</a>
              <a href="author.html#25409">[ author ]</a>
         </LI>
       </UL>
    <HR>  
<!--beginarticle-->
<PRE>Platform and configuration command:

$ uname -a
Linux run 4.15.0-54-generic #58-Ubuntu SMP Mon Jun 24 10:55:24 UTC 2019 x86_64 x86_64 x86_64 GNU/Linux
$ CC=clang ../openssl/config -d --strict-warnings no-autoerrinit

Commit log since last time:

1738c0ce44 Add '=for comment ifdef' to pod pages
776cb8358e Make EVP_CIPHER_is_a() work with legacy cipher implementations too
6ef81d388d Remove EVP_CIPH_FLAG_DEFAULT_ASN1 from all provided implementations
c96399e296 Adapt EVP_CIPHER_{param_to_asn1,asn1_to_param} for use with provider.
bbecf04e78 Make manuals with TYPE conform with man-pages(7)
723e9c8983 Make ASN1 manuals conform with man-pages(7)
e8769719c9 Consistent formatting of flags with args

Build log ended with (last 100 lines):

60-test_x509_check_cert_pkey.t ..... ok
60-test_x509_dup_cert.t ............ ok
60-test_x509_store.t ............... ok
60-test_x509_time.t ................ ok
65-test_cmp_asn.t .................. ok
65-test_cmp_ctx.t .................. 
Dubious, test returned 1 (wstat 256, 0x100)
Failed 1/1 subtests 
70-test_asyncio.t .................. ok
70-test_bad_dtls.t ................. ok
70-test_clienthello.t .............. ok
70-test_comp.t ..................... ok
70-test_key_share.t ................ ok
70-test_packet.t ................... ok
70-test_recordlen.t ................ ok
70-test_renegotiation.t ............ ok
70-test_servername.t ............... ok
70-test_sslcbcpadding.t ............ ok
70-test_sslcertstatus.t ............ ok
70-test_sslextension.t ............. ok
70-test_sslmessages.t .............. ok
70-test_sslrecords.t ............... ok
70-test_sslsessiontick.t ........... ok
70-test_sslsigalgs.t ............... ok
70-test_sslsignature.t ............. ok
70-test_sslskewith0p.t ............. ok
70-test_sslversions.t .............. ok
70-test_sslvertol.t ................ ok
70-test_tls13alerts.t .............. ok
70-test_tls13cookie.t .............. ok
70-test_tls13downgrade.t ........... ok
70-test_tls13hrr.t ................. ok
70-test_tls13kexmodes.t ............ ok
70-test_tls13messages.t ............ ok
70-test_tls13psk.t ................. ok
70-test_tlsextms.t ................. ok
70-test_verify_extra.t ............. ok
70-test_wpacket.t .................. ok
80-test_ca.t ....................... ok
80-test_cipherbytes.t .............. ok
80-test_cipherlist.t ............... ok
80-test_ciphername.t ............... ok
80-test_cms.t ...................... ok
80-test_cmsapi.t ................... ok
80-test_ct.t ....................... ok
80-test_dane.t ..................... ok
80-test_dtls.t ..................... ok
80-test_dtls_mtu.t ................. ok
80-test_dtlsv1listen.t ............. ok
80-test_ocsp.t ..................... ok
80-test_pkcs12.t ................... ok
80-test_ssl_new.t .................. ok
80-test_ssl_old.t .................. ok
80-test_ssl_test_ctx.t ............. ok
80-test_sslcorrupt.t ............... ok
80-test_tsa.t ...................... ok
80-test_x509aux.t .................. ok
90-test_asn1_time.t ................ ok
90-test_async.t .................... ok
90-test_bio_enc.t .................. ok
90-test_bio_memleak.t .............. ok
90-test_constant_time.t ............ ok
90-test_fatalerr.t ................. ok
90-test_gmdiff.t ................... ok
90-test_gost.t ..................... ok
90-test_ige.t ...................... ok
90-test_includes.t ................. ok
90-test_memleak.t .................. ok
90-test_overhead.t ................. skipped: Only supported in no-shared builds
90-test_secmem.t ................... ok
90-test_shlibload.t ................ ok
90-test_srp.t ...................... ok
90-test_sslapi.t ................... ok
90-test_sslbuffers.t ............... ok
90-test_store.t .................... ok
90-test_sysdefault.t ............... ok
90-test_threads.t .................. ok
90-test_time_offset.t .............. ok
90-test_tls13ccs.t ................. ok
90-test_tls13encryption.t .......... ok
90-test_tls13secrets.t ............. ok
90-test_v3name.t ................... ok
95-test_external_boringssl.t ....... skipped: No external tests in this configuration
95-test_external_krb5.t ............ skipped: No external tests in this configuration
95-test_external_pyca.t ............ skipped: No external tests in this configuration
99-test_ecstress.t ................. ok
99-test_fuzz.t ..................... ok

Test Summary Report
-------------------
65-test_cmp_ctx.t                (Wstat: 256 Tests: 1 Failed: 1)
  Failed test:  1
  Non-zero exit status: 1
Files=179, Tests=1630, 307 wallclock secs ( 6.23 usr  1.05 sys + 289.72 cusr 25.34 csys = 322.34 CPU)
Result: FAIL
Makefile:198: recipe for target '_tests' failed
make[1]: *** [_tests] Error 1
make[1]: Leaving directory '/home/openssl/run-checker/no-autoerrinit'
Makefile:196: recipe for target 'tests' failed
make: *** [tests] Error 2
</PRE>
























































































































<!--endarticle-->
    <HR>
    <P><UL>
        <!--threads-->
	<LI>Previous message: <A HREF="025408.html">Still Failing: openssl/openssl#28823 (master - 2342f68)
</A></li>
	<LI>Next message: <A HREF="025419.html">Still FAILED build of OpenSSL branch master with options -d --strict-warnings no-autoerrinit
</A></li>
         <LI> <B>Messages sorted by:</B> 
              <a href="date.html#25409">[ date ]</a>
              <a href="thread.html#25409">[ thread ]</a>
              <a href="subject.html#25409">[ subject ]</a>
              <a href="author.html#25409">[ author ]</a>
         </LI>
       </UL>

<hr>
<a href="../../../mailman/listinfo/openssl-commits.html">More information about the openssl-commits
mailing list</a><br>
</body></html>
