<!DOCTYPE HTML PUBLIC "-//W3C//DTD HTML 4.01 Transitional//EN">
<HTML>
 <HEAD>
   <TITLE> Still FAILED build of OpenSSL branch master with options -d --strict-warnings no-dsa
   </TITLE>
   <LINK REL="Index" HREF="https://mta.openssl.org/pipermail/openssl-commits/2019-October/index.html" >
   <LINK REL="made" HREF="mailto:openssl-commits%40openssl.org?Subject=Re%3A%20Still%20FAILED%20build%20of%20OpenSSL%20branch%20master%20with%20options%20-d%0A%20--strict-warnings%20no-dsa&In-Reply-To=%3C1572404182.772332.31521.nullmailer%40run.openssl.org%3E">
   <META NAME="robots" CONTENT="index,nofollow">
   <style type="text/css">
       pre {
           white-space: pre-wrap;       /* css-2.1, curent FF, Opera, Safari */
           }
   </style>
   <META http-equiv="Content-Type" content="text/html; charset=us-ascii">
   <LINK REL="Previous"  HREF="025845.html">
   <LINK REL="Next"  HREF="025635.html">
 </HEAD>
 <BODY BGCOLOR="#ffffff">
   <H1>Still FAILED build of OpenSSL branch master with options -d --strict-warnings no-dsa</H1>
    <B>OpenSSL run-checker</B> 
    <A HREF="mailto:openssl-commits%40openssl.org?Subject=Re%3A%20Still%20FAILED%20build%20of%20OpenSSL%20branch%20master%20with%20options%20-d%0A%20--strict-warnings%20no-dsa&In-Reply-To=%3C1572404182.772332.31521.nullmailer%40run.openssl.org%3E"
       TITLE="Still FAILED build of OpenSSL branch master with options -d --strict-warnings no-dsa">openssl at openssl.org
       </A><BR>
    <I>Wed Oct 30 02:56:22 UTC 2019</I>
    <P><UL>
        <LI>Previous message: <A HREF="025845.html">Still FAILED build of OpenSSL branch master with options -d --strict-warnings no-dsa
</A></li>
        <LI>Next message: <A HREF="025635.html">Build failed: openssl master.28679
</A></li>
         <LI> <B>Messages sorted by:</B> 
              <a href="date.html#25857">[ date ]</a>
              <a href="thread.html#25857">[ thread ]</a>
              <a href="subject.html#25857">[ subject ]</a>
              <a href="author.html#25857">[ author ]</a>
         </LI>
       </UL>
    <HR>  
<!--beginarticle-->
<PRE>Platform and configuration command:

$ uname -a
Linux run 4.15.0-54-generic #58-Ubuntu SMP Mon Jun 24 10:55:24 UTC 2019 x86_64 x86_64 x86_64 GNU/Linux
$ CC=clang ../openssl/config -d --strict-warnings no-dsa

Commit log since last time:

4dde554c6a chunk 5 of CMP contribution to OpenSSL

Build log ended with (last 100 lines):

/usr/bin/perl ../openssl/test/generate_buildtest.pl whrlpool &gt; test/buildtest_whrlpool.c
/usr/bin/perl ../openssl/test/generate_buildtest.pl x509 &gt; test/buildtest_x509.c
/usr/bin/perl ../openssl/test/generate_buildtest.pl x509_vfy &gt; test/buildtest_x509_vfy.c
/usr/bin/perl ../openssl/test/generate_buildtest.pl x509v3 &gt; test/buildtest_x509v3.c
clang  -Iinclude -Iapps/include -I../openssl/include -I../openssl/apps/include  -pthread -m64 -Wa,--noexecstack -Qunused-arguments -Wall -O0 -g -DDEBUG_UNUSED -DPEDANTIC -pedantic -Wno-long-long -Wall -Wextra -Wno-unused-parameter -Wno-missing-field-initializers -Wswitch -Wsign-compare -Wshadow -Wformat -Wtype-limits -Wundef -Werror -Wmissing-prototypes -Wstrict-prototypes -Wno-unknown-warning-option -Wswitch-default -Wno-parentheses-equality -Wno-language-extension-token -Wno-extended-offsetof -Wconditional-uninitialized -Wincompatible-pointer-types-discards-qualifiers -Wmissing-variable-declarations   -MMD -MF test/casttest-bin-casttest.d.tmp -MT test/casttest-bin-casttest.o -c -o test/casttest-bin-casttest.o ../openssl/test/casttest.c
clang  -I. -Iinclude -Iapps/include -Icrypto/include -I../openssl -I../openssl/include -I../openssl/apps/include -I../openssl/crypto/include  -pthread -m64 -Wa,--noexecstack -Qunused-arguments -Wall -O0 -g -DDEBUG_UNUSED -DPEDANTIC -pedantic -Wno-long-long -Wall -Wextra -Wno-unused-parameter -Wno-missing-field-initializers -Wswitch -Wsign-compare -Wshadow -Wformat -Wtype-limits -Wundef -Werror -Wmissing-prototypes -Wstrict-prototypes -Wno-unknown-warning-option -Wswitch-default -Wno-parentheses-equality -Wno-language-extension-token -Wno-extended-offsetof -Wconditional-uninitialized -Wincompatible-pointer-types-discards-qualifiers -Wmissing-variable-declarations   -MMD -MF test/chacha_internal_test-bin-chacha_internal_test.d.tmp -MT test/chacha_internal_test-bin-chacha_internal_test.o -c -o test/chacha_internal_test-bin-chacha_internal_test.o ../openssl/test/chacha_internal_test.c
clang  -Iinclude -Iapps/include -I../openssl/include -I../openssl/apps/include  -pthread -m64 -Wa,--noexecstack -Qunused-arguments -Wall -O0 -g -DDEBUG_UNUSED -DPEDANTIC -pedantic -Wno-long-long -Wall -Wextra -Wno-unused-parameter -Wno-missing-field-initializers -Wswitch -Wsign-compare -Wshadow -Wformat -Wtype-limits -Wundef -Werror -Wmissing-prototypes -Wstrict-prototypes -Wno-unknown-warning-option -Wswitch-default -Wno-parentheses-equality -Wno-language-extension-token -Wno-extended-offsetof -Wconditional-uninitialized -Wincompatible-pointer-types-discards-qualifiers -Wmissing-variable-declarations   -MMD -MF test/cipherbytes_test-bin-cipherbytes_test.d.tmp -MT test/cipherbytes_test-bin-cipherbytes_test.o -c -o test/cipherbytes_test-bin-cipherbytes_test.o ../openssl/test/cipherbytes_test.c
clang  -Iinclude -Iapps/include -I../openssl/include -I../openssl/apps/include  -pthread -m64 -Wa,--noexecstack -Qunused-arguments -Wall -O0 -g -DDEBUG_UNUSED -DPEDANTIC -pedantic -Wno-long-long -Wall -Wextra -Wno-unused-parameter -Wno-missing-field-initializers -Wswitch -Wsign-compare -Wshadow -Wformat -Wtype-limits -Wundef -Werror -Wmissing-prototypes -Wstrict-prototypes -Wno-unknown-warning-option -Wswitch-default -Wno-parentheses-equality -Wno-language-extension-token -Wno-extended-offsetof -Wconditional-uninitialized -Wincompatible-pointer-types-discards-qualifiers -Wmissing-variable-declarations   -MMD -MF test/cipherlist_test-bin-cipherlist_test.d.tmp -MT test/cipherlist_test-bin-cipherlist_test.o -c -o test/cipherlist_test-bin-cipherlist_test.o ../openssl/test/cipherlist_test.c
clang  -Iinclude -Iapps/include -I../openssl/include -I../openssl/apps/include  -pthread -m64 -Wa,--noexecstack -Qunused-arguments -Wall -O0 -g -DDEBUG_UNUSED -DPEDANTIC -pedantic -Wno-long-long -Wall -Wextra -Wno-unused-parameter -Wno-missing-field-initializers -Wswitch -Wsign-compare -Wshadow -Wformat -Wtype-limits -Wundef -Werror -Wmissing-prototypes -Wstrict-prototypes -Wno-unknown-warning-option -Wswitch-default -Wno-parentheses-equality -Wno-language-extension-token -Wno-extended-offsetof -Wconditional-uninitialized -Wincompatible-pointer-types-discards-qualifiers -Wmissing-variable-declarations   -MMD -MF test/ciphername_test-bin-ciphername_test.d.tmp -MT test/ciphername_test-bin-ciphername_test.o -c -o test/ciphername_test-bin-ciphername_test.o ../openssl/test/ciphername_test.c
clang  -Iinclude -Iapps/include -I../openssl/include -I../openssl/apps/include  -pthread -m64 -Wa,--noexecstack -Qunused-arguments -Wall -O0 -g -DDEBUG_UNUSED -DPEDANTIC -pedantic -Wno-long-long -Wall -Wextra -Wno-unused-parameter -Wno-missing-field-initializers -Wswitch -Wsign-compare -Wshadow -Wformat -Wtype-limits -Wundef -Werror -Wmissing-prototypes -Wstrict-prototypes -Wno-unknown-warning-option -Wswitch-default -Wno-parentheses-equality -Wno-language-extension-token -Wno-extended-offsetof -Wconditional-uninitialized -Wincompatible-pointer-types-discards-qualifiers -Wmissing-variable-declarations   -MMD -MF test/clienthellotest-bin-clienthellotest.d.tmp -MT test/clienthellotest-bin-clienthellotest.o -c -o test/clienthellotest-bin-clienthellotest.o ../openssl/test/clienthellotest.c
clang  -I. -Iinclude -Iapps/include -I../openssl -I../openssl/include -I../openssl/apps/include  -pthread -m64 -Wa,--noexecstack -Qunused-arguments -Wall -O0 -g -DDEBUG_UNUSED -DPEDANTIC -pedantic -Wno-long-long -Wall -Wextra -Wno-unused-parameter -Wno-missing-field-initializers -Wswitch -Wsign-compare -Wshadow -Wformat -Wtype-limits -Wundef -Werror -Wmissing-prototypes -Wstrict-prototypes -Wno-unknown-warning-option -Wswitch-default -Wno-parentheses-equality -Wno-language-extension-token -Wno-extended-offsetof -Wconditional-uninitialized -Wincompatible-pointer-types-discards-qualifiers -Wmissing-variable-declarations   -MMD -MF test/cmp_asn_test-bin-cmp_asn_test.d.tmp -MT test/cmp_asn_test-bin-cmp_asn_test.o -c -o test/cmp_asn_test-bin-cmp_asn_test.o ../openssl/test/cmp_asn_test.c
clang  -I. -Iinclude -Iapps/include -I../openssl -I../openssl/include -I../openssl/apps/include -I. -Iinclude -Iapps/include -I../openssl -I../openssl/include -I../openssl/apps/include  -pthread -m64 -Wa,--noexecstack -Qunused-arguments -Wall -O0 -g -DDEBUG_UNUSED -DPEDANTIC -pedantic -Wno-long-long -Wall -Wextra -Wno-unused-parameter -Wno-missing-field-initializers -Wswitch -Wsign-compare -Wshadow -Wformat -Wtype-limits -Wundef -Werror -Wmissing-prototypes -Wstrict-prototypes -Wno-unknown-warning-option -Wswitch-default -Wno-parentheses-equality -Wno-language-extension-token -Wno-extended-offsetof -Wconditional-uninitialized -Wincompatible-pointer-types-discards-qualifiers -Wmissing-variable-declarations   -MMD -MF test/cmp_asn_test-bin-cmp_testlib.d.tmp -MT test/cmp_asn_test-bin-cmp_testlib.o -c -o test/cmp_asn_test-bin-cmp_testlib.o ../openssl/test/cmp_testlib.c
clang  -I. -Iinclude -Iapps/include -I../openssl -I../openssl/include -I../openssl/apps/include  -pthread -m64 -Wa,--noexecstack -Qunused-arguments -Wall -O0 -g -DDEBUG_UNUSED -DPEDANTIC -pedantic -Wno-long-long -Wall -Wextra -Wno-unused-parameter -Wno-missing-field-initializers -Wswitch -Wsign-compare -Wshadow -Wformat -Wtype-limits -Wundef -Werror -Wmissing-prototypes -Wstrict-prototypes -Wno-unknown-warning-option -Wswitch-default -Wno-parentheses-equality -Wno-language-extension-token -Wno-extended-offsetof -Wconditional-uninitialized -Wincompatible-pointer-types-discards-qualifiers -Wmissing-variable-declarations   -MMD -MF test/cmp_ctx_test-bin-cmp_ctx_test.d.tmp -MT test/cmp_ctx_test-bin-cmp_ctx_test.o -c -o test/cmp_ctx_test-bin-cmp_ctx_test.o ../openssl/test/cmp_ctx_test.c
clang  -I. -Iinclude -Iapps/include -I../openssl -I../openssl/include -I../openssl/apps/include -I. -Iinclude -Iapps/include -I../openssl -I../openssl/include -I../openssl/apps/include  -pthread -m64 -Wa,--noexecstack -Qunused-arguments -Wall -O0 -g -DDEBUG_UNUSED -DPEDANTIC -pedantic -Wno-long-long -Wall -Wextra -Wno-unused-parameter -Wno-missing-field-initializers -Wswitch -Wsign-compare -Wshadow -Wformat -Wtype-limits -Wundef -Werror -Wmissing-prototypes -Wstrict-prototypes -Wno-unknown-warning-option -Wswitch-default -Wno-parentheses-equality -Wno-language-extension-token -Wno-extended-offsetof -Wconditional-uninitialized -Wincompatible-pointer-types-discards-qualifiers -Wmissing-variable-declarations   -MMD -MF test/cmp_ctx_test-bin-cmp_testlib.d.tmp -MT test/cmp_ctx_test-bin-cmp_testlib.o -c -o test/cmp_ctx_test-bin-cmp_testlib.o ../openssl/test/cmp_testlib.c
clang  -I. -Iinclude -Iapps/include -I../openssl -I../openssl/include -I../openssl/apps/include  -pthread -m64 -Wa,--noexecstack -Qunused-arguments -Wall -O0 -g -DDEBUG_UNUSED -DPEDANTIC -pedantic -Wno-long-long -Wall -Wextra -Wno-unused-parameter -Wno-missing-field-initializers -Wswitch -Wsign-compare -Wshadow -Wformat -Wtype-limits -Wundef -Werror -Wmissing-prototypes -Wstrict-prototypes -Wno-unknown-warning-option -Wswitch-default -Wno-parentheses-equality -Wno-language-extension-token -Wno-extended-offsetof -Wconditional-uninitialized -Wincompatible-pointer-types-discards-qualifiers -Wmissing-variable-declarations   -MMD -MF test/cmp_hdr_test-bin-cmp_hdr_test.d.tmp -MT test/cmp_hdr_test-bin-cmp_hdr_test.o -c -o test/cmp_hdr_test-bin-cmp_hdr_test.o ../openssl/test/cmp_hdr_test.c
clang  -I. -Iinclude -Iapps/include -I../openssl -I../openssl/include -I../openssl/apps/include -I. -Iinclude -Iapps/include -I../openssl -I../openssl/include -I../openssl/apps/include  -pthread -m64 -Wa,--noexecstack -Qunused-arguments -Wall -O0 -g -DDEBUG_UNUSED -DPEDANTIC -pedantic -Wno-long-long -Wall -Wextra -Wno-unused-parameter -Wno-missing-field-initializers -Wswitch -Wsign-compare -Wshadow -Wformat -Wtype-limits -Wundef -Werror -Wmissing-prototypes -Wstrict-prototypes -Wno-unknown-warning-option -Wswitch-default -Wno-parentheses-equality -Wno-language-extension-token -Wno-extended-offsetof -Wconditional-uninitialized -Wincompatible-pointer-types-discards-qualifiers -Wmissing-variable-declarations   -MMD -MF test/cmp_hdr_test-bin-cmp_testlib.d.tmp -MT test/cmp_hdr_test-bin-cmp_testlib.o -c -o test/cmp_hdr_test-bin-cmp_testlib.o ../openssl/test/cmp_testlib.c
clang  -I. -Iinclude -Iapps/include -I../openssl -I../openssl/include -I../openssl/apps/include  -pthread -m64 -Wa,--noexecstack -Qunused-arguments -Wall -O0 -g -DDEBUG_UNUSED -DPEDANTIC -pedantic -Wno-long-long -Wall -Wextra -Wno-unused-parameter -Wno-missing-field-initializers -Wswitch -Wsign-compare -Wshadow -Wformat -Wtype-limits -Wundef -Werror -Wmissing-prototypes -Wstrict-prototypes -Wno-unknown-warning-option -Wswitch-default -Wno-parentheses-equality -Wno-language-extension-token -Wno-extended-offsetof -Wconditional-uninitialized -Wincompatible-pointer-types-discards-qualifiers -Wmissing-variable-declarations   -MMD -MF test/cmp_status_test-bin-cmp_status_test.d.tmp -MT test/cmp_status_test-bin-cmp_status_test.o -c -o test/cmp_status_test-bin-cmp_status_test.o ../openssl/test/cmp_status_test.c
clang  -I. -Iinclude -Iapps/include -I../openssl -I../openssl/include -I../openssl/apps/include -I. -Iinclude -Iapps/include -I../openssl -I../openssl/include -I../openssl/apps/include  -pthread -m64 -Wa,--noexecstack -Qunused-arguments -Wall -O0 -g -DDEBUG_UNUSED -DPEDANTIC -pedantic -Wno-long-long -Wall -Wextra -Wno-unused-parameter -Wno-missing-field-initializers -Wswitch -Wsign-compare -Wshadow -Wformat -Wtype-limits -Wundef -Werror -Wmissing-prototypes -Wstrict-prototypes -Wno-unknown-warning-option -Wswitch-default -Wno-parentheses-equality -Wno-language-extension-token -Wno-extended-offsetof -Wconditional-uninitialized -Wincompatible-pointer-types-discards-qualifiers -Wmissing-variable-declarations   -MMD -MF test/cmp_status_test-bin-cmp_testlib.d.tmp -MT test/cmp_status_test-bin-cmp_testlib.o -c -o test/cmp_status_test-bin-cmp_testlib.o ../openssl/test/cmp_testlib.c
clang  -Iinclude -Iapps/include -I../openssl/include -I../openssl/apps/include  -pthread -m64 -Wa,--noexecstack -Qunused-arguments -Wall -O0 -g -DDEBUG_UNUSED -DPEDANTIC -pedantic -Wno-long-long -Wall -Wextra -Wno-unused-parameter -Wno-missing-field-initializers -Wswitch -Wsign-compare -Wshadow -Wformat -Wtype-limits -Wundef -Werror -Wmissing-prototypes -Wstrict-prototypes -Wno-unknown-warning-option -Wswitch-default -Wno-parentheses-equality -Wno-language-extension-token -Wno-extended-offsetof -Wconditional-uninitialized -Wincompatible-pointer-types-discards-qualifiers -Wmissing-variable-declarations   -MMD -MF test/cmsapitest-bin-cmsapitest.d.tmp -MT test/cmsapitest-bin-cmsapitest.o -c -o test/cmsapitest-bin-cmsapitest.o ../openssl/test/cmsapitest.c
clang  -Iinclude -Iapps/include -I../openssl/include -I../openssl/apps/include  -pthread -m64 -Wa,--noexecstack -Qunused-arguments -Wall -O0 -g -DDEBUG_UNUSED -DPEDANTIC -pedantic -Wno-long-long -Wall -Wextra -Wno-unused-parameter -Wno-missing-field-initializers -Wswitch -Wsign-compare -Wshadow -Wformat -Wtype-limits -Wundef -Werror -Wmissing-prototypes -Wstrict-prototypes -Wno-unknown-warning-option -Wswitch-default -Wno-parentheses-equality -Wno-language-extension-token -Wno-extended-offsetof -Wconditional-uninitialized -Wincompatible-pointer-types-discards-qualifiers -Wmissing-variable-declarations   -MMD -MF test/conf_include_test-bin-conf_include_test.d.tmp -MT test/conf_include_test-bin-conf_include_test.o -c -o test/conf_include_test-bin-conf_include_test.o ../openssl/test/conf_include_test.c
clang  -Iinclude -Iapps/include -I../openssl/include -I../openssl/apps/include  -pthread -m64 -Wa,--noexecstack -Qunused-arguments -Wall -O0 -g -DDEBUG_UNUSED -DPEDANTIC -pedantic -Wno-long-long -Wall -Wextra -Wno-unused-parameter -Wno-missing-field-initializers -Wswitch -Wsign-compare -Wshadow -Wformat -Wtype-limits -Wundef -Werror -Wmissing-prototypes -Wstrict-prototypes -Wno-unknown-warning-option -Wswitch-default -Wno-parentheses-equality -Wno-language-extension-token -Wno-extended-offsetof -Wconditional-uninitialized -Wincompatible-pointer-types-discards-qualifiers -Wmissing-variable-declarations   -MMD -MF test/constant_time_test-bin-constant_time_test.d.tmp -MT test/constant_time_test-bin-constant_time_test.o -c -o test/constant_time_test-bin-constant_time_test.o ../openssl/test/constant_time_test.c
clang  -I. -Iinclude -Iapps/include -I../openssl -I../openssl/include -I../openssl/apps/include  -pthread -m64 -Wa,--noexecstack -Qunused-arguments -Wall -O0 -g -DDEBUG_UNUSED -DPEDANTIC -pedantic -Wno-long-long -Wall -Wextra -Wno-unused-parameter -Wno-missing-field-initializers -Wswitch -Wsign-compare -Wshadow -Wformat -Wtype-limits -Wundef -Werror -Wmissing-prototypes -Wstrict-prototypes -Wno-unknown-warning-option -Wswitch-default -Wno-parentheses-equality -Wno-language-extension-token -Wno-extended-offsetof -Wconditional-uninitialized -Wincompatible-pointer-types-discards-qualifiers -Wmissing-variable-declarations   -MMD -MF test/context_internal_test-bin-context_internal_test.d.tmp -MT test/context_internal_test-bin-context_internal_test.o -c -o test/context_internal_test-bin-context_internal_test.o ../openssl/test/context_internal_test.c
clang  -Iinclude -Iapps/include -I../openssl/include -I../openssl/apps/include  -pthread -m64 -Wa,--noexecstack -Qunused-arguments -Wall -O0 -g -DDEBUG_UNUSED -DPEDANTIC -pedantic -Wno-long-long -Wall -Wextra -Wno-unused-parameter -Wno-missing-field-initializers -Wswitch -Wsign-compare -Wshadow -Wformat -Wtype-limits -Wundef -Werror -Wmissing-prototypes -Wstrict-prototypes -Wno-unknown-warning-option -Wswitch-default -Wno-parentheses-equality -Wno-language-extension-token -Wno-extended-offsetof -Wconditional-uninitialized -Wincompatible-pointer-types-discards-qualifiers -Wmissing-variable-declarations   -MMD -MF test/crltest-bin-crltest.d.tmp -MT test/crltest-bin-crltest.o -c -o test/crltest-bin-crltest.o ../openssl/test/crltest.c
clang  -Iinclude -Iapps/include -I../openssl/include -I../openssl/apps/include  -pthread -m64 -Wa,--noexecstack -Qunused-arguments -Wall -O0 -g -DDEBUG_UNUSED -DPEDANTIC -pedantic -Wno-long-long -Wall -Wextra -Wno-unused-parameter -Wno-missing-field-initializers -Wswitch -Wsign-compare -Wshadow -Wformat -Wtype-limits -Wundef -Werror -Wmissing-prototypes -Wstrict-prototypes -Wno-unknown-warning-option -Wswitch-default -Wno-parentheses-equality -Wno-language-extension-token -Wno-extended-offsetof -Wconditional-uninitialized -Wincompatible-pointer-types-discards-qualifiers -Wmissing-variable-declarations   -MMD -MF test/ct_test-bin-ct_test.d.tmp -MT test/ct_test-bin-ct_test.o -c -o test/ct_test-bin-ct_test.o ../openssl/test/ct_test.c
clang  -I. -Iinclude -Iapps/include -I../openssl -I../openssl/include -I../openssl/apps/include  -pthread -m64 -Wa,--noexecstack -Qunused-arguments -Wall -O0 -g -DDEBUG_UNUSED -DPEDANTIC -pedantic -Wno-long-long -Wall -Wextra -Wno-unused-parameter -Wno-missing-field-initializers -Wswitch -Wsign-compare -Wshadow -Wformat -Wtype-limits -Wundef -Werror -Wmissing-prototypes -Wstrict-prototypes -Wno-unknown-warning-option -Wswitch-default -Wno-parentheses-equality -Wno-language-extension-token -Wno-extended-offsetof -Wconditional-uninitialized -Wincompatible-pointer-types-discards-qualifiers -Wmissing-variable-declarations   -MMD -MF test/ctype_internal_test-bin-ctype_internal_test.d.tmp -MT test/ctype_internal_test-bin-ctype_internal_test.o -c -o test/ctype_internal_test-bin-ctype_internal_test.o ../openssl/test/ctype_internal_test.c
clang  -I. -Iinclude -Iapps/include -Icrypto/ec/curve448 -I../openssl -I../openssl/include -I../openssl/apps/include -I../openssl/crypto/ec/curve448  -pthread -m64 -Wa,--noexecstack -Qunused-arguments -Wall -O0 -g -DDEBUG_UNUSED -DPEDANTIC -pedantic -Wno-long-long -Wall -Wextra -Wno-unused-parameter -Wno-missing-field-initializers -Wswitch -Wsign-compare -Wshadow -Wformat -Wtype-limits -Wundef -Werror -Wmissing-prototypes -Wstrict-prototypes -Wno-unknown-warning-option -Wswitch-default -Wno-parentheses-equality -Wno-language-extension-token -Wno-extended-offsetof -Wconditional-uninitialized -Wincompatible-pointer-types-discards-qualifiers -Wmissing-variable-declarations   -MMD -MF test/curve448_internal_test-bin-curve448_internal_test.d.tmp -MT test/curve448_internal_test-bin-curve448_internal_test.o -c -o test/curve448_internal_test-bin-curve448_internal_test.o ../openssl/test/curve448_internal_test.c
clang  -Iinclude -Iapps/include -I../openssl/include -I../openssl/apps/include  -pthread -m64 -Wa,--noexecstack -Qunused-arguments -Wall -O0 -g -DDEBUG_UNUSED -DPEDANTIC -pedantic -Wno-long-long -Wall -Wextra -Wno-unused-parameter -Wno-missing-field-initializers -Wswitch -Wsign-compare -Wshadow -Wformat -Wtype-limits -Wundef -Werror -Wmissing-prototypes -Wstrict-prototypes -Wno-unknown-warning-option -Wswitch-default -Wno-parentheses-equality -Wno-language-extension-token -Wno-extended-offsetof -Wconditional-uninitialized -Wincompatible-pointer-types-discards-qualifiers -Wmissing-variable-declarations   -MMD -MF test/d2i_test-bin-d2i_test.d.tmp -MT test/d2i_test-bin-d2i_test.o -c -o test/d2i_test-bin-d2i_test.o ../openssl/test/d2i_test.c
clang  -Iinclude -Iapps/include -I../openssl/include -I../openssl/apps/include  -pthread -m64 -Wa,--noexecstack -Qunused-arguments -Wall -O0 -g -DDEBUG_UNUSED -DPEDANTIC -pedantic -Wno-long-long -Wall -Wextra -Wno-unused-parameter -Wno-missing-field-initializers -Wswitch -Wsign-compare -Wshadow -Wformat -Wtype-limits -Wundef -Werror -Wmissing-prototypes -Wstrict-prototypes -Wno-unknown-warning-option -Wswitch-default -Wno-parentheses-equality -Wno-language-extension-token -Wno-extended-offsetof -Wconditional-uninitialized -Wincompatible-pointer-types-discards-qualifiers -Wmissing-variable-declarations   -MMD -MF test/danetest-bin-danetest.d.tmp -MT test/danetest-bin-danetest.o -c -o test/danetest-bin-danetest.o ../openssl/test/danetest.c
clang  -Iinclude -Iapps/include -I../openssl/include -I../openssl/apps/include  -pthread -m64 -Wa,--noexecstack -Qunused-arguments -Wall -O0 -g -DDEBUG_UNUSED -DPEDANTIC -pedantic -Wno-long-long -Wall -Wextra -Wno-unused-parameter -Wno-missing-field-initializers -Wswitch -Wsign-compare -Wshadow -Wformat -Wtype-limits -Wundef -Werror -Wmissing-prototypes -Wstrict-prototypes -Wno-unknown-warning-option -Wswitch-default -Wno-parentheses-equality -Wno-language-extension-token -Wno-extended-offsetof -Wconditional-uninitialized -Wincompatible-pointer-types-discards-qualifiers -Wmissing-variable-declarations   -MMD -MF test/destest-bin-destest.d.tmp -MT test/destest-bin-destest.o -c -o test/destest-bin-destest.o ../openssl/test/destest.c
clang  -Iinclude -Iapps/include -I../openssl/include -I../openssl/apps/include  -pthread -m64 -Wa,--noexecstack -Qunused-arguments -Wall -O0 -g -DDEBUG_UNUSED -DPEDANTIC -pedantic -Wno-long-long -Wall -Wextra -Wno-unused-parameter -Wno-missing-field-initializers -Wswitch -Wsign-compare -Wshadow -Wformat -Wtype-limits -Wundef -Werror -Wmissing-prototypes -Wstrict-prototypes -Wno-unknown-warning-option -Wswitch-default -Wno-parentheses-equality -Wno-language-extension-token -Wno-extended-offsetof -Wconditional-uninitialized -Wincompatible-pointer-types-discards-qualifiers -Wmissing-variable-declarations   -MMD -MF test/dhtest-bin-dhtest.d.tmp -MT test/dhtest-bin-dhtest.o -c -o test/dhtest-bin-dhtest.o ../openssl/test/dhtest.c
clang  -Iinclude -Iapps/include -Itest -I. -Icrypto/include -I../openssl/include -I../openssl/apps/include -I../openssl/test -I../openssl -I../openssl/crypto/include  -pthread -m64 -Wa,--noexecstack -Qunused-arguments -Wall -O0 -g -DDEBUG_UNUSED -DPEDANTIC -pedantic -Wno-long-long -Wall -Wextra -Wno-unused-parameter -Wno-missing-field-initializers -Wswitch -Wsign-compare -Wshadow -Wformat -Wtype-limits -Wundef -Werror -Wmissing-prototypes -Wstrict-prototypes -Wno-unknown-warning-option -Wswitch-default -Wno-parentheses-equality -Wno-language-extension-token -Wno-extended-offsetof -Wconditional-uninitialized -Wincompatible-pointer-types-discards-qualifiers -Wmissing-variable-declarations   -MMD -MF test/drbg_cavs_test-bin-drbg_cavs_data_ctr.d.tmp -MT test/drbg_cavs_test-bin-drbg_cavs_data_ctr.o -c -o test/drbg_cavs_test-bin-drbg_cavs_data_ctr.o ../openssl/test/drbg_cavs_data_ctr.c
clang  -Iinclude -Iapps/include -Itest -I. -Icrypto/include -I../openssl/include -I../openssl/apps/include -I../openssl/test -I../openssl -I../openssl/crypto/include  -pthread -m64 -Wa,--noexecstack -Qunused-arguments -Wall -O0 -g -DDEBUG_UNUSED -DPEDANTIC -pedantic -Wno-long-long -Wall -Wextra -Wno-unused-parameter -Wno-missing-field-initializers -Wswitch -Wsign-compare -Wshadow -Wformat -Wtype-limits -Wundef -Werror -Wmissing-prototypes -Wstrict-prototypes -Wno-unknown-warning-option -Wswitch-default -Wno-parentheses-equality -Wno-language-extension-token -Wno-extended-offsetof -Wconditional-uninitialized -Wincompatible-pointer-types-discards-qualifiers -Wmissing-variable-declarations   -MMD -MF test/drbg_cavs_test-bin-drbg_cavs_data_hash.d.tmp -MT test/drbg_cavs_test-bin-drbg_cavs_data_hash.o -c -o test/drbg_cavs_test-bin-drbg_cavs_data_hash.o ../openssl/test/drbg_cavs_data_hash.c
clang  -Iinclude -Iapps/include -Itest -I. -Icrypto/include -I../openssl/include -I../openssl/apps/include -I../openssl/test -I../openssl -I../openssl/crypto/include  -pthread -m64 -Wa,--noexecstack -Qunused-arguments -Wall -O0 -g -DDEBUG_UNUSED -DPEDANTIC -pedantic -Wno-long-long -Wall -Wextra -Wno-unused-parameter -Wno-missing-field-initializers -Wswitch -Wsign-compare -Wshadow -Wformat -Wtype-limits -Wundef -Werror -Wmissing-prototypes -Wstrict-prototypes -Wno-unknown-warning-option -Wswitch-default -Wno-parentheses-equality -Wno-language-extension-token -Wno-extended-offsetof -Wconditional-uninitialized -Wincompatible-pointer-types-discards-qualifiers -Wmissing-variable-declarations   -MMD -MF test/drbg_cavs_test-bin-drbg_cavs_data_hmac.d.tmp -MT test/drbg_cavs_test-bin-drbg_cavs_data_hmac.o -c -o test/drbg_cavs_test-bin-drbg_cavs_data_hmac.o ../openssl/test/drbg_cavs_data_hmac.c
clang  -Iinclude -Iapps/include -Itest -I. -Icrypto/include -I../openssl/include -I../openssl/apps/include -I../openssl/test -I../openssl -I../openssl/crypto/include  -pthread -m64 -Wa,--noexecstack -Qunused-arguments -Wall -O0 -g -DDEBUG_UNUSED -DPEDANTIC -pedantic -Wno-long-long -Wall -Wextra -Wno-unused-parameter -Wno-missing-field-initializers -Wswitch -Wsign-compare -Wshadow -Wformat -Wtype-limits -Wundef -Werror -Wmissing-prototypes -Wstrict-prototypes -Wno-unknown-warning-option -Wswitch-default -Wno-parentheses-equality -Wno-language-extension-token -Wno-extended-offsetof -Wconditional-uninitialized -Wincompatible-pointer-types-discards-qualifiers -Wmissing-variable-declarations   -MMD -MF test/drbg_cavs_test-bin-drbg_cavs_test.d.tmp -MT test/drbg_cavs_test-bin-drbg_cavs_test.o -c -o test/drbg_cavs_test-bin-drbg_cavs_test.o ../openssl/test/drbg_cavs_test.c
clang  -Iinclude -Iapps/include -Icrypto/include -I../openssl/include -I../openssl/apps/include -I../openssl/crypto/include  -pthread -m64 -Wa,--noexecstack -Qunused-arguments -Wall -O0 -g -DDEBUG_UNUSED -DPEDANTIC -pedantic -Wno-long-long -Wall -Wextra -Wno-unused-parameter -Wno-missing-field-initializers -Wswitch -Wsign-compare -Wshadow -Wformat -Wtype-limits -Wundef -Werror -Wmissing-prototypes -Wstrict-prototypes -Wno-unknown-warning-option -Wswitch-default -Wno-parentheses-equality -Wno-language-extension-token -Wno-extended-offsetof -Wconditional-uninitialized -Wincompatible-pointer-types-discards-qualifiers -Wmissing-variable-declarations   -MMD -MF test/drbgtest-bin-drbgtest.d.tmp -MT test/drbgtest-bin-drbgtest.o -c -o test/drbgtest-bin-drbgtest.o ../openssl/test/drbgtest.c
clang  -Iinclude -Iapps/include -I../openssl/include -I../openssl/apps/include  -pthread -m64 -Wa,--noexecstack -Qunused-arguments -Wall -O0 -g -DDEBUG_UNUSED -DPEDANTIC -pedantic -Wno-long-long -Wall -Wextra -Wno-unused-parameter -Wno-missing-field-initializers -Wswitch -Wsign-compare -Wshadow -Wformat -Wtype-limits -Wundef -Werror -Wmissing-prototypes -Wstrict-prototypes -Wno-unknown-warning-option -Wswitch-default -Wno-parentheses-equality -Wno-language-extension-token -Wno-extended-offsetof -Wconditional-uninitialized -Wincompatible-pointer-types-discards-qualifiers -Wmissing-variable-declarations   -MMD -MF test/dsa_no_digest_size_test-bin-dsa_no_digest_size_test.d.tmp -MT test/dsa_no_digest_size_test-bin-dsa_no_digest_size_test.o -c -o test/dsa_no_digest_size_test-bin-dsa_no_digest_size_test.o ../openssl/test/dsa_no_digest_size_test.c
clang  -Iinclude -Iapps/include -I../openssl/include -I../openssl/apps/include  -pthread -m64 -Wa,--noexecstack -Qunused-arguments -Wall -O0 -g -DDEBUG_UNUSED -DPEDANTIC -pedantic -Wno-long-long -Wall -Wextra -Wno-unused-parameter -Wno-missing-field-initializers -Wswitch -Wsign-compare -Wshadow -Wformat -Wtype-limits -Wundef -Werror -Wmissing-prototypes -Wstrict-prototypes -Wno-unknown-warning-option -Wswitch-default -Wno-parentheses-equality -Wno-language-extension-token -Wno-extended-offsetof -Wconditional-uninitialized -Wincompatible-pointer-types-discards-qualifiers -Wmissing-variable-declarations   -MMD -MF test/dsatest-bin-dsatest.d.tmp -MT test/dsatest-bin-dsatest.o -c -o test/dsatest-bin-dsatest.o ../openssl/test/dsatest.c
clang  -I. -Iinclude -Iapps/include -I../openssl -I../openssl/include -I../openssl/apps/include  -pthread -m64 -Wa,--noexecstack -Qunused-arguments -Wall -O0 -g -DDEBUG_UNUSED -DPEDANTIC -pedantic -Wno-long-long -Wall -Wextra -Wno-unused-parameter -Wno-missing-field-initializers -Wswitch -Wsign-compare -Wshadow -Wformat -Wtype-limits -Wundef -Werror -Wmissing-prototypes -Wstrict-prototypes -Wno-unknown-warning-option -Wswitch-default -Wno-parentheses-equality -Wno-language-extension-token -Wno-extended-offsetof -Wconditional-uninitialized -Wincompatible-pointer-types-discards-qualifiers -Wmissing-variable-declarations   -MMD -MF test/dtls_mtu_test-bin-dtls_mtu_test.d.tmp -MT test/dtls_mtu_test-bin-dtls_mtu_test.o -c -o test/dtls_mtu_test-bin-dtls_mtu_test.o ../openssl/test/dtls_mtu_test.c
clang  -I. -Iinclude -I../openssl -I../openssl/include -I. -Iinclude -Iapps/include -I../openssl -I../openssl/include -I../openssl/apps/include  -pthread -m64 -Wa,--noexecstack -Qunused-arguments -Wall -O0 -g -DDEBUG_UNUSED -DPEDANTIC -pedantic -Wno-long-long -Wall -Wextra -Wno-unused-parameter -Wno-missing-field-initializers -Wswitch -Wsign-compare -Wshadow -Wformat -Wtype-limits -Wundef -Werror -Wmissing-prototypes -Wstrict-prototypes -Wno-unknown-warning-option -Wswitch-default -Wno-parentheses-equality -Wno-language-extension-token -Wno-extended-offsetof -Wconditional-uninitialized -Wincompatible-pointer-types-discards-qualifiers -Wmissing-variable-declarations   -MMD -MF test/dtls_mtu_test-bin-ssltestlib.d.tmp -MT test/dtls_mtu_test-bin-ssltestlib.o -c -o test/dtls_mtu_test-bin-ssltestlib.o ../openssl/test/ssltestlib.c
clang  -Iinclude -Iapps/include -I../openssl/include -I../openssl/apps/include  -pthread -m64 -Wa,--noexecstack -Qunused-arguments -Wall -O0 -g -DDEBUG_UNUSED -DPEDANTIC -pedantic -Wno-long-long -Wall -Wextra -Wno-unused-parameter -Wno-missing-field-initializers -Wswitch -Wsign-compare -Wshadow -Wformat -Wtype-limits -Wundef -Werror -Wmissing-prototypes -Wstrict-prototypes -Wno-unknown-warning-option -Wswitch-default -Wno-parentheses-equality -Wno-language-extension-token -Wno-extended-offsetof -Wconditional-uninitialized -Wincompatible-pointer-types-discards-qualifiers -Wmissing-variable-declarations   -MMD -MF test/dtlstest-bin-dtlstest.d.tmp -MT test/dtlstest-bin-dtlstest.o -c -o test/dtlstest-bin-dtlstest.o ../openssl/test/dtlstest.c
clang  -I. -Iinclude -I../openssl -I../openssl/include -Iinclude -Iapps/include -I../openssl/include -I../openssl/apps/include  -pthread -m64 -Wa,--noexecstack -Qunused-arguments -Wall -O0 -g -DDEBUG_UNUSED -DPEDANTIC -pedantic -Wno-long-long -Wall -Wextra -Wno-unused-parameter -Wno-missing-field-initializers -Wswitch -Wsign-compare -Wshadow -Wformat -Wtype-limits -Wundef -Werror -Wmissing-prototypes -Wstrict-prototypes -Wno-unknown-warning-option -Wswitch-default -Wno-parentheses-equality -Wno-language-extension-token -Wno-extended-offsetof -Wconditional-uninitialized -Wincompatible-pointer-types-discards-qualifiers -Wmissing-variable-declarations   -MMD -MF test/dtlstest-bin-ssltestlib.d.tmp -MT test/dtlstest-bin-ssltestlib.o -c -o test/dtlstest-bin-ssltestlib.o ../openssl/test/ssltestlib.c
clang  -Iinclude -Iapps/include -I../openssl/include -I../openssl/apps/include  -pthread -m64 -Wa,--noexecstack -Qunused-arguments -Wall -O0 -g -DDEBUG_UNUSED -DPEDANTIC -pedantic -Wno-long-long -Wall -Wextra -Wno-unused-parameter -Wno-missing-field-initializers -Wswitch -Wsign-compare -Wshadow -Wformat -Wtype-limits -Wundef -Werror -Wmissing-prototypes -Wstrict-prototypes -Wno-unknown-warning-option -Wswitch-default -Wno-parentheses-equality -Wno-language-extension-token -Wno-extended-offsetof -Wconditional-uninitialized -Wincompatible-pointer-types-discards-qualifiers -Wmissing-variable-declarations   -MMD -MF test/dtlsv1listentest-bin-dtlsv1listentest.d.tmp -MT test/dtlsv1listentest-bin-dtlsv1listentest.o -c -o test/dtlsv1listentest-bin-dtlsv1listentest.o ../openssl/test/dtlsv1listentest.c
clang  -Iinclude -Icrypto/ec -Iapps/include -Icrypto/include -I../openssl/include -I../openssl/crypto/ec -I../openssl/apps/include -I../openssl/crypto/include  -pthread -m64 -Wa,--noexecstack -Qunused-arguments -Wall -O0 -g -DDEBUG_UNUSED -DPEDANTIC -pedantic -Wno-long-long -Wall -Wextra -Wno-unused-parameter -Wno-missing-field-initializers -Wswitch -Wsign-compare -Wshadow -Wformat -Wtype-limits -Wundef -Werror -Wmissing-prototypes -Wstrict-prototypes -Wno-unknown-warning-option -Wswitch-default -Wno-parentheses-equality -Wno-language-extension-token -Wno-extended-offsetof -Wconditional-uninitialized -Wincompatible-pointer-types-discards-qualifiers -Wmissing-variable-declarations   -MMD -MF test/ec_internal_test-bin-ec_internal_test.d.tmp -MT test/ec_internal_test-bin-ec_internal_test.o -c -o test/ec_internal_test-bin-ec_internal_test.o ../openssl/test/ec_internal_test.c
clang  -Iinclude -Iapps/include -I../openssl/include -I../openssl/apps/include  -pthread -m64 -Wa,--noexecstack -Qunused-arguments -Wall -O0 -g -DDEBUG_UNUSED -DPEDANTIC -pedantic -Wno-long-long -Wall -Wextra -Wno-unused-parameter -Wno-missing-field-initializers -Wswitch -Wsign-compare -Wshadow -Wformat -Wtype-limits -Wundef -Werror -Wmissing-prototypes -Wstrict-prototypes -Wno-unknown-warning-option -Wswitch-default -Wno-parentheses-equality -Wno-language-extension-token -Wno-extended-offsetof -Wconditional-uninitialized -Wincompatible-pointer-types-discards-qualifiers -Wmissing-variable-declarations   -MMD -MF test/ecdsatest-bin-ecdsatest.d.tmp -MT test/ecdsatest-bin-ecdsatest.o -c -o test/ecdsatest-bin-ecdsatest.o ../openssl/test/ecdsatest.c
clang  -Iinclude -Iapps/include -I../openssl/include -I../openssl/apps/include  -pthread -m64 -Wa,--noexecstack -Qunused-arguments -Wall -O0 -g -DDEBUG_UNUSED -DPEDANTIC -pedantic -Wno-long-long -Wall -Wextra -Wno-unused-parameter -Wno-missing-field-initializers -Wswitch -Wsign-compare -Wshadow -Wformat -Wtype-limits -Wundef -Werror -Wmissing-prototypes -Wstrict-prototypes -Wno-unknown-warning-option -Wswitch-default -Wno-parentheses-equality -Wno-language-extension-token -Wno-extended-offsetof -Wconditional-uninitialized -Wincompatible-pointer-types-discards-qualifiers -Wmissing-variable-declarations   -MMD -MF test/ecstresstest-bin-ecstresstest.d.tmp -MT test/ecstresstest-bin-ecstresstest.o -c -o test/ecstresstest-bin-ecstresstest.o ../openssl/test/ecstresstest.c
clang  -Iinclude -Iapps/include -I../openssl/include -I../openssl/apps/include  -pthread -m64 -Wa,--noexecstack -Qunused-arguments -Wall -O0 -g -DDEBUG_UNUSED -DPEDANTIC -pedantic -Wno-long-long -Wall -Wextra -Wno-unused-parameter -Wno-missing-field-initializers -Wswitch -Wsign-compare -Wshadow -Wformat -Wtype-limits -Wundef -Werror -Wmissing-prototypes -Wstrict-prototypes -Wno-unknown-warning-option -Wswitch-default -Wno-parentheses-equality -Wno-language-extension-token -Wno-extended-offsetof -Wconditional-uninitialized -Wincompatible-pointer-types-discards-qualifiers -Wmissing-variable-declarations   -MMD -MF test/ectest-bin-ectest.d.tmp -MT test/ectest-bin-ectest.o -c -o test/ectest-bin-ectest.o ../openssl/test/ectest.c
clang  -Iinclude -Iapps/include -I../openssl/include -I../openssl/apps/include  -pthread -m64 -Wa,--noexecstack -Qunused-arguments -Wall -O0 -g -DDEBUG_UNUSED -DPEDANTIC -pedantic -Wno-long-long -Wall -Wextra -Wno-unused-parameter -Wno-missing-field-initializers -Wswitch -Wsign-compare -Wshadow -Wformat -Wtype-limits -Wundef -Werror -Wmissing-prototypes -Wstrict-prototypes -Wno-unknown-warning-option -Wswitch-default -Wno-parentheses-equality -Wno-language-extension-token -Wno-extended-offsetof -Wconditional-uninitialized -Wincompatible-pointer-types-discards-qualifiers -Wmissing-variable-declarations   -MMD -MF test/enginetest-bin-enginetest.d.tmp -MT test/enginetest-bin-enginetest.o -c -o test/enginetest-bin-enginetest.o ../openssl/test/enginetest.c
clang  -Iinclude -Iapps/include -I../openssl/include -I../openssl/apps/include  -pthread -m64 -Wa,--noexecstack -Qunused-arguments -Wall -O0 -g -DDEBUG_UNUSED -DPEDANTIC -pedantic -Wno-long-long -Wall -Wextra -Wno-unused-parameter -Wno-missing-field-initializers -Wswitch -Wsign-compare -Wshadow -Wformat -Wtype-limits -Wundef -Werror -Wmissing-prototypes -Wstrict-prototypes -Wno-unknown-warning-option -Wswitch-default -Wno-parentheses-equality -Wno-language-extension-token -Wno-extended-offsetof -Wconditional-uninitialized -Wincompatible-pointer-types-discards-qualifiers -Wmissing-variable-declarations   -MMD -MF test/errtest-bin-errtest.d.tmp -MT test/errtest-bin-errtest.o -c -o test/errtest-bin-errtest.o ../openssl/test/errtest.c
clang  -Iinclude -Iapps/include -Icrypto/include -I../openssl/include -I../openssl/apps/include -I../openssl/crypto/include  -pthread -m64 -Wa,--noexecstack -Qunused-arguments -Wall -O0 -g -DDEBUG_UNUSED -DPEDANTIC -pedantic -Wno-long-long -Wall -Wextra -Wno-unused-parameter -Wno-missing-field-initializers -Wswitch -Wsign-compare -Wshadow -Wformat -Wtype-limits -Wundef -Werror -Wmissing-prototypes -Wstrict-prototypes -Wno-unknown-warning-option -Wswitch-default -Wno-parentheses-equality -Wno-language-extension-token -Wno-extended-offsetof -Wconditional-uninitialized -Wincompatible-pointer-types-discards-qualifiers -Wmissing-variable-declarations   -MMD -MF test/evp_extra_test-bin-evp_extra_test.d.tmp -MT test/evp_extra_test-bin-evp_extra_test.o -c -o test/evp_extra_test-bin-evp_extra_test.o ../openssl/test/evp_extra_test.c
clang  -Iinclude -Iapps/include -Icrypto/include -I../openssl/include -I../openssl/apps/include -I../openssl/crypto/include  -pthread -m64 -Wa,--noexecstack -Qunused-arguments -Wall -O0 -g -DDEBUG_UNUSED -DPEDANTIC -pedantic -Wno-long-long -Wall -Wextra -Wno-unused-parameter -Wno-missing-field-initializers -Wswitch -Wsign-compare -Wshadow -Wformat -Wtype-limits -Wundef -Werror -Wmissing-prototypes -Wstrict-prototypes -Wno-unknown-warning-option -Wswitch-default -Wno-parentheses-equality -Wno-language-extension-token -Wno-extended-offsetof -Wconditional-uninitialized -Wincompatible-pointer-types-discards-qualifiers -Wmissing-variable-declarations   -MMD -MF test/evp_fetch_prov_test-bin-evp_fetch_prov_test.d.tmp -MT test/evp_fetch_prov_test-bin-evp_fetch_prov_test.o -c -o test/evp_fetch_prov_test-bin-evp_fetch_prov_test.o ../openssl/test/evp_fetch_prov_test.c
clang  -Iinclude -Iapps/include -I../openssl/include -I../openssl/apps/include  -pthread -m64 -Wa,--noexecstack -Qunused-arguments -Wall -O0 -g -DDEBUG_UNUSED -DPEDANTIC -pedantic -Wno-long-long -Wall -Wextra -Wno-unused-parameter -Wno-missing-field-initializers -Wswitch -Wsign-compare -Wshadow -Wformat -Wtype-limits -Wundef -Werror -Wmissing-prototypes -Wstrict-prototypes -Wno-unknown-warning-option -Wswitch-default -Wno-parentheses-equality -Wno-language-extension-token -Wno-extended-offsetof -Wconditional-uninitialized -Wincompatible-pointer-types-discards-qualifiers -Wmissing-variable-declarations   -MMD -MF test/evp_kdf_test-bin-evp_kdf_test.d.tmp -MT test/evp_kdf_test-bin-evp_kdf_test.o -c -o test/evp_kdf_test-bin-evp_kdf_test.o ../openssl/test/evp_kdf_test.c
../openssl/test/evp_extra_test.c:432:20: error: implicit declaration of function 'd2i_DSAPrivateKey' is invalid in C99 [-Werror,-Wimplicit-function-declaration]
    if (!TEST_true(d2i_DSAPrivateKey(&amp;dsa, &amp;derp, sizeof(kExampleDSAKeyDER))))
                   ^
../openssl/test/evp_extra_test.c:432:20: note: did you mean 'd2i_RSAPrivateKey'?
../openssl/include/openssl/rsa.h:288:1: note: 'd2i_RSAPrivateKey' declared here
DECLARE_ASN1_ENCODE_FUNCTIONS_name(RSA, RSAPrivateKey)
^
../openssl/include/openssl/asn1.h:237:10: note: expanded from macro 'DECLARE_ASN1_ENCODE_FUNCTIONS_name'
         DECLARE_ASN1_ENCODE_FUNCTIONS(type, name, name)
         ^
../openssl/include/openssl/asn1.h:233:9: note: expanded from macro 'DECLARE_ASN1_ENCODE_FUNCTIONS'
        DECLARE_ASN1_ENCODE_FUNCTIONS_only(type, name) \
        ^
../openssl/include/openssl/asn1.h:240:15: note: expanded from macro 'DECLARE_ASN1_ENCODE_FUNCTIONS_only'
        type *d2i_##name(type **a, const unsigned char **in, long len); \
              ^
&lt;scratch space&gt;:12:1: note: expanded from here
d2i_RSAPrivateKey
^
../openssl/test/evp_extra_test.c:432:20: error: this function declaration is not a prototype [-Werror,-Wstrict-prototypes]
    if (!TEST_true(d2i_DSAPrivateKey(&amp;dsa, &amp;derp, sizeof(kExampleDSAKeyDER))))
                   ^
../openssl/test/evp_extra_test.c:436:27: error: implicit declaration of function 'EVP_PKEY_set1_DSA' is invalid in C99 [-Werror,-Wimplicit-function-declaration]
            || !TEST_true(EVP_PKEY_set1_DSA(pkey, dsa)))
                          ^
../openssl/test/evp_extra_test.c:436:27: note: did you mean 'EVP_PKEY_set1_RSA'?
../openssl/include/openssl/evp.h:1123:5: note: 'EVP_PKEY_set1_RSA' declared here
int EVP_PKEY_set1_RSA(EVP_PKEY *pkey, struct rsa_st *key);
    ^
../openssl/test/evp_extra_test.c:436:27: error: this function declaration is not a prototype [-Werror,-Wstrict-prototypes]
            || !TEST_true(EVP_PKEY_set1_DSA(pkey, dsa)))
                          ^
../openssl/test/evp_extra_test.c:444:5: error: implicit declaration of function 'DSA_free' is invalid in C99 [-Werror,-Wimplicit-function-declaration]
    DSA_free(dsa);
    ^
../openssl/test/evp_extra_test.c:444:5: note: did you mean 'RSA_free'?
../openssl/include/openssl/rsa.h:270:6: note: 'RSA_free' declared here
void RSA_free(RSA *r);
     ^
../openssl/test/evp_extra_test.c:444:5: error: this function declaration is not a prototype [-Werror,-Wstrict-prototypes]
    DSA_free(dsa);
    ^
6 errors generated.
Makefile:21804: recipe for target 'test/evp_extra_test-bin-evp_extra_test.o' failed
make[1]: *** [test/evp_extra_test-bin-evp_extra_test.o] Error 1
make[1]: *** Waiting for unfinished jobs....
make[1]: Leaving directory '/home/openssl/run-checker/no-dsa'
Makefile:1805: recipe for target 'all' failed
make: *** [all] Error 2
</PRE>




















<!--endarticle-->
    <HR>
    <P><UL>
        <!--threads-->
	<LI>Previous message: <A HREF="025845.html">Still FAILED build of OpenSSL branch master with options -d --strict-warnings no-dsa
</A></li>
	<LI>Next message: <A HREF="025635.html">Build failed: openssl master.28679
</A></li>
         <LI> <B>Messages sorted by:</B> 
              <a href="date.html#25857">[ date ]</a>
              <a href="thread.html#25857">[ thread ]</a>
              <a href="subject.html#25857">[ subject ]</a>
              <a href="author.html#25857">[ author ]</a>
         </LI>
       </UL>

<hr>
<a href="../../../mailman/listinfo/openssl-commits.html">More information about the openssl-commits
mailing list</a><br>
</body></html>
