<!DOCTYPE HTML PUBLIC "-//W3C//DTD HTML 4.01 Transitional//EN">
<HTML>
 <HEAD>
   <TITLE> Still FAILED build of OpenSSL branch master with options -d --strict-warnings no-engine
   </TITLE>
   <LINK REL="Index" HREF="https://mta.openssl.org/pipermail/openssl-commits/2019-November/index.html" >
   <LINK REL="made" HREF="mailto:openssl-commits%40openssl.org?Subject=Re%3A%20Still%20FAILED%20build%20of%20OpenSSL%20branch%20master%20with%20options%20-d%0A%20--strict-warnings%20no-engine&In-Reply-To=%3C1573619476.222887.7530.nullmailer%40run.openssl.org%3E">
   <META NAME="robots" CONTENT="index,nofollow">
   <style type="text/css">
       pre {
           white-space: pre-wrap;       /* css-2.1, curent FF, Opera, Safari */
           }
   </style>
   <META http-equiv="Content-Type" content="text/html; charset=us-ascii">
   <LINK REL="Previous"  HREF="026092.html">
   <LINK REL="Next"  HREF="026093.html">
 </HEAD>
 <BODY BGCOLOR="#ffffff">
   <H1>Still FAILED build of OpenSSL branch master with options -d --strict-warnings no-engine</H1>
    <B>OpenSSL run-checker</B> 
    <A HREF="mailto:openssl-commits%40openssl.org?Subject=Re%3A%20Still%20FAILED%20build%20of%20OpenSSL%20branch%20master%20with%20options%20-d%0A%20--strict-warnings%20no-engine&In-Reply-To=%3C1573619476.222887.7530.nullmailer%40run.openssl.org%3E"
       TITLE="Still FAILED build of OpenSSL branch master with options -d --strict-warnings no-engine">openssl at openssl.org
       </A><BR>
    <I>Wed Nov 13 04:31:16 UTC 2019</I>
    <P><UL>
        <LI>Previous message: <A HREF="026092.html">Still FAILED build of OpenSSL branch master with options -d --strict-warnings no-engine
</A></li>
        <LI>Next message: <A HREF="026093.html">Still FAILED build of OpenSSL branch master with options -d --strict-warnings no-engine no-shared
</A></li>
         <LI> <B>Messages sorted by:</B> 
              <a href="date.html#26155">[ date ]</a>
              <a href="thread.html#26155">[ thread ]</a>
              <a href="subject.html#26155">[ subject ]</a>
              <a href="author.html#26155">[ author ]</a>
         </LI>
       </UL>
    <HR>  
<!--beginarticle-->
<PRE>Platform and configuration command:

$ uname -a
Linux run 4.15.0-54-generic #58-Ubuntu SMP Mon Jun 24 10:55:24 UTC 2019 x86_64 x86_64 x86_64 GNU/Linux
$ CC=clang ../openssl/config -d --strict-warnings no-engine

Commit log since last time:

eb389a75c0 Add missing docs for some PKCS12 functions
40fa9d9ef7 add OPENSSL_FUNC.pod documenting OPENSSL_MSTR, OPENSSL_FUNC, and friends
932748fe2e re-add definition of OPENSSL_MSTR deleted from opensslv.h in macros.h
ee669781d5 SSL: Document SSL_add_{file,dir,store}_cert_subjects_to_stack()
5aaba37618 Add a tester of OpenSSL config files and test the current .pragma
0255c1742a Add a .pragma directive for configuration files
4d301427a9 Make sure KDF reason codes are conserved in their current state
905b097fd5 Deprecate ERR_load_KDF_strings()
dc5ce51983 util/perl/OpenSSL/ParseC.pm: Fix 'extern &quot;C&quot; DEPRECATEDIN_x_y(...)'
7c6a0d909a Reinstate the KDF error macros
b6db6612d1 Fix cut'n'paste typos in the provider-digest pod
6ed12cec72 Fix misspelled resumption_label for CHARSET_EBCDIC
f650ab4738 Fix no-dsa
8fece3355a Add rc4_hmac_md5 cipher to default provider

Build log ended with (last 100 lines):

70-test_bad_dtls.t ................. ok
70-test_clienthello.t .............. ok
70-test_comp.t ..................... skipped: test_comp needs the dynamic engine feature enabled
70-test_key_share.t ................ skipped: test_key_share needs the dynamic engine feature enabled
70-test_packet.t ................... ok
70-test_recordlen.t ................ ok
70-test_renegotiation.t ............ skipped: test_renegotiation needs the dynamic engine feature enabled
70-test_servername.t ............... ok
70-test_sslcbcpadding.t ............ skipped: test_sslcbcpadding needs the dynamic engine feature enabled
70-test_sslcertstatus.t ............ skipped: test_sslcertstatus needs the dynamic engine feature enabled
70-test_sslextension.t ............. skipped: test_sslextension needs the dynamic engine feature enabled
70-test_sslmessages.t .............. skipped: test_sslmessages needs the dynamic engine feature enabled
70-test_sslrecords.t ............... skipped: test_sslrecords needs the dynamic engine feature enabled
70-test_sslsessiontick.t ........... skipped: test_sslsessiontick needs the dynamic engine feature enabled
70-test_sslsigalgs.t ............... skipped: test_sslsigalgs needs the dynamic engine feature enabled
70-test_sslsignature.t ............. skipped: test_sslsignature needs the dynamic engine feature enabled
70-test_sslskewith0p.t ............. skipped: test_sslskewith0p needs the dynamic engine feature enabled
70-test_sslversions.t .............. skipped: test_sslversions needs the dynamic engine feature enabled
70-test_sslvertol.t ................ skipped: test_sslextension needs the dynamic engine feature enabled
70-test_tls13alerts.t .............. skipped: test_tls13alerts needs the dynamic engine feature enabled
70-test_tls13cookie.t .............. skipped: test_tls13cookie needs the dynamic engine feature enabled
70-test_tls13downgrade.t ........... skipped: test_tls13downgrade needs the dynamic engine feature enabled
70-test_tls13hrr.t ................. skipped: test_tls13hrr needs the dynamic engine feature enabled
70-test_tls13kexmodes.t ............ skipped: test_tls13kexmodes needs the dynamic engine feature enabled
70-test_tls13messages.t ............ skipped: test_tls13messages needs the dynamic engine feature enabled
70-test_tls13psk.t ................. skipped: test_tls13psk needs the dynamic engine feature enabled
70-test_tlsextms.t ................. skipped: test_tlsextms needs the dynamic engine feature enabled
70-test_verify_extra.t ............. ok
70-test_wpacket.t .................. ok
71-test_ssl_ctx.t .................. ok
80-test_ca.t ....................... ok
80-test_cipherbytes.t .............. ok
80-test_cipherlist.t ............... ok
80-test_ciphername.t ............... ok
80-test_cms.t ...................... ok
80-test_cmsapi.t ................... ok
80-test_ct.t ....................... ok
80-test_dane.t ..................... ok
80-test_dtls.t ..................... ok
80-test_dtls_mtu.t ................. ok
80-test_dtlsv1listen.t ............. ok
80-test_ocsp.t ..................... ok
80-test_pkcs12.t ................... ok
80-test_ssl_new.t .................. ok
80-test_ssl_old.t .................. 
Dubious, test returned 6 (wstat 1536, 0x600)
Failed 6/6 subtests 
80-test_ssl_test_ctx.t ............. ok
80-test_sslcorrupt.t ............... ok
80-test_tsa.t ...................... ok
80-test_x509aux.t .................. ok
90-test_asn1_time.t ................ ok
90-test_async.t .................... ok
90-test_bio_enc.t .................. ok
90-test_bio_memleak.t .............. ok
90-test_constant_time.t ............ ok
90-test_fatalerr.t ................. ok
90-test_gmdiff.t ................... ok
90-test_gost.t ..................... skipped: GOST support is disabled in this OpenSSL build
90-test_ige.t ...................... ok
90-test_includes.t ................. ok
90-test_memleak.t .................. ok
90-test_overhead.t ................. skipped: Only supported in no-shared builds
90-test_secmem.t ................... ok
90-test_shlibload.t ................ ok
90-test_srp.t ...................... ok
90-test_sslapi.t ................... ok
90-test_sslbuffers.t ............... ok
90-test_store.t .................... ok
90-test_sysdefault.t ............... ok
90-test_threads.t .................. ok
90-test_time_offset.t .............. ok
90-test_tls13ccs.t ................. ok
90-test_tls13encryption.t .......... ok
90-test_tls13secrets.t ............. ok
90-test_v3name.t ................... ok
95-test_external_boringssl.t ....... skipped: No external tests in this configuration
95-test_external_krb5.t ............ skipped: No external tests in this configuration
95-test_external_pyca.t ............ skipped: No external tests in this configuration
99-test_ecstress.t ................. ok
99-test_fuzz.t ..................... ok

Test Summary Report
-------------------
25-test_req.t                    (Wstat: 1024 Tests: 10 Failed: 4)
  Failed tests:  7-10
  Non-zero exit status: 4
25-test_verify_store.t           (Wstat: 256 Tests: 10 Failed: 1)
  Failed test:  4
  Non-zero exit status: 1
80-test_ssl_old.t                (Wstat: 1536 Tests: 6 Failed: 6)
  Failed tests:  1-6
  Non-zero exit status: 6
Files=186, Tests=1541, 326 wallclock secs ( 4.66 usr  1.09 sys + 315.05 cusr 22.85 csys = 343.65 CPU)
Result: FAIL
Makefile:1823: recipe for target '_tests' failed
make[1]: *** [_tests] Error 1
make[1]: Leaving directory '/home/openssl/run-checker/no-engine'
Makefile:1821: recipe for target 'tests' failed
make: *** [tests] Error 2
</PRE>























































































<!--endarticle-->
    <HR>
    <P><UL>
        <!--threads-->
	<LI>Previous message: <A HREF="026092.html">Still FAILED build of OpenSSL branch master with options -d --strict-warnings no-engine
</A></li>
	<LI>Next message: <A HREF="026093.html">Still FAILED build of OpenSSL branch master with options -d --strict-warnings no-engine no-shared
</A></li>
         <LI> <B>Messages sorted by:</B> 
              <a href="date.html#26155">[ date ]</a>
              <a href="thread.html#26155">[ thread ]</a>
              <a href="subject.html#26155">[ subject ]</a>
              <a href="author.html#26155">[ author ]</a>
         </LI>
       </UL>

<hr>
<a href="../../../mailman/listinfo/openssl-commits.html">More information about the openssl-commits
mailing list</a><br>
</body></html>
