<!DOCTYPE HTML PUBLIC "-//W3C//DTD HTML 4.01 Transitional//EN">
<HTML>
 <HEAD>
   <TITLE> FAILED build of OpenSSL branch master with options -d --strict-warnings no-deprecated
   </TITLE>
   <LINK REL="Index" HREF="https://mta.openssl.org/pipermail/openssl-commits/2019-November/index.html" >
   <LINK REL="made" HREF="mailto:openssl-commits%40openssl.org?Subject=Re%3A%20FAILED%20build%20of%20OpenSSL%20branch%20master%20with%20options%20-d%0A%20--strict-warnings%20no-deprecated&In-Reply-To=%3C1574389934.708609.4137.nullmailer%40run.openssl.org%3E">
   <META NAME="robots" CONTENT="index,nofollow">
   <style type="text/css">
       pre {
           white-space: pre-wrap;       /* css-2.1, curent FF, Opera, Safari */
           }
   </style>
   <META http-equiv="Content-Type" content="text/html; charset=us-ascii">
   <LINK REL="Previous"  HREF="026322.html">
   <LINK REL="Next"  HREF="026326.html">
 </HEAD>
 <BODY BGCOLOR="#ffffff">
   <H1>FAILED build of OpenSSL branch master with options -d --strict-warnings no-deprecated</H1>
    <B>OpenSSL run-checker</B> 
    <A HREF="mailto:openssl-commits%40openssl.org?Subject=Re%3A%20FAILED%20build%20of%20OpenSSL%20branch%20master%20with%20options%20-d%0A%20--strict-warnings%20no-deprecated&In-Reply-To=%3C1574389934.708609.4137.nullmailer%40run.openssl.org%3E"
       TITLE="FAILED build of OpenSSL branch master with options -d --strict-warnings no-deprecated">openssl at openssl.org
       </A><BR>
    <I>Fri Nov 22 02:32:14 UTC 2019</I>
    <P><UL>
        <LI>Previous message: <A HREF="026322.html">Still Failing: openssl/openssl#30278 (master - bd65afd)
</A></li>
        <LI>Next message: <A HREF="026326.html">Still Failing: openssl/openssl#30281 (master - 2a53855)
</A></li>
         <LI> <B>Messages sorted by:</B> 
              <a href="date.html#26325">[ date ]</a>
              <a href="thread.html#26325">[ thread ]</a>
              <a href="subject.html#26325">[ subject ]</a>
              <a href="author.html#26325">[ author ]</a>
         </LI>
       </UL>
    <HR>  
<!--beginarticle-->
<PRE>Platform and configuration command:

$ uname -a
Linux run 4.15.0-54-generic #58-Ubuntu SMP Mon Jun 24 10:55:24 UTC 2019 x86_64 x86_64 x86_64 GNU/Linux
$ CC=clang ../openssl/config -d --strict-warnings no-deprecated

Commit log since last time:

e44192d14b Documentation updates due to naming tweaks
cc35c3ed8f Tweak some algorithm naming inconsistencies
ab5c77b476 EVP p_lib: Add NULL check to EVP_PKEY_missing_parameters.
9bada854de Engine: Add NULL check.
cff7d199e0 ECDSA: don't clear free memory after verify.
6a835fcfb1 Replumbing: pre-populate the EVP namemap with commonly known names
9ce91035bc Fix sha512_block_data_order_avx2 backtrace info
f7382fbbd8 Allow specifying the tag after AAD in CCM mode (2)
51356a066e Dont pass zero length input to asm modules for ciphers
92de469fbd Document command parameters.

Build log ended with (last 100 lines):

60-test_x509_dup_cert.t ............ ok
60-test_x509_store.t ............... ok
60-test_x509_time.t ................ ok
65-test_cmp_asn.t .................. ok
65-test_cmp_ctx.t .................. ok
65-test_cmp_hdr.t .................. ok
65-test_cmp_status.t ............... ok
70-test_asyncio.t .................. ok
70-test_bad_dtls.t ................. ok
70-test_clienthello.t .............. ok
70-test_comp.t ..................... ok
70-test_key_share.t ................ ok
70-test_packet.t ................... ok
70-test_recordlen.t ................ ok
70-test_renegotiation.t ............ ok
70-test_servername.t ............... ok
70-test_sslcbcpadding.t ............ ok
70-test_sslcertstatus.t ............ ok
70-test_sslextension.t ............. ok
70-test_sslmessages.t .............. ok
70-test_sslrecords.t ............... ok
70-test_sslsessiontick.t ........... ok
70-test_sslsigalgs.t ............... ok
70-test_sslsignature.t ............. ok
70-test_sslskewith0p.t ............. ok
70-test_sslversions.t .............. ok
70-test_sslvertol.t ................ ok
70-test_tls13alerts.t .............. ok
70-test_tls13cookie.t .............. ok
70-test_tls13downgrade.t ........... ok
70-test_tls13hrr.t ................. ok
70-test_tls13kexmodes.t ............ ok
70-test_tls13messages.t ............ ok
70-test_tls13psk.t ................. ok
70-test_tlsextms.t ................. ok
70-test_verify_extra.t ............. ok
70-test_wpacket.t .................. ok
71-test_ssl_ctx.t .................. ok
80-test_ca.t ....................... ok
80-test_cipherbytes.t .............. ok
80-test_cipherlist.t ............... ok
80-test_ciphername.t ............... ok
80-test_cms.t ...................... ok
80-test_cmsapi.t ................... ok
80-test_ct.t ....................... ok
80-test_dane.t ..................... ok
80-test_dtls.t ..................... ok
80-test_dtls_mtu.t ................. ok
80-test_dtlsv1listen.t ............. ok
80-test_ocsp.t ..................... ok
80-test_pkcs12.t ................... ok
80-test_ssl_new.t .................. ok
80-test_ssl_old.t .................. ok
80-test_ssl_test_ctx.t ............. ok
80-test_sslcorrupt.t ............... ok
80-test_tsa.t ...................... ok
80-test_x509aux.t .................. ok
90-test_asn1_time.t ................ ok
90-test_async.t .................... ok
90-test_bio_enc.t .................. ok
90-test_bio_memleak.t .............. ok
90-test_constant_time.t ............ ok
90-test_fatalerr.t ................. ok
90-test_gmdiff.t ................... ok
90-test_gost.t ..................... ok
90-test_ige.t ...................... ok
90-test_includes.t ................. ok
90-test_memleak.t .................. ok
90-test_overhead.t ................. skipped: Only supported in no-shared builds
90-test_secmem.t ................... ok
90-test_shlibload.t ................ ok
90-test_srp.t ...................... ok
90-test_sslapi.t ................... ok
90-test_sslbuffers.t ............... ok
90-test_store.t .................... ok
90-test_sysdefault.t ............... ok
90-test_threads.t .................. ok
90-test_time_offset.t .............. ok
90-test_tls13ccs.t ................. ok
90-test_tls13encryption.t .......... ok
90-test_tls13secrets.t ............. ok
90-test_v3name.t ................... ok
95-test_external_boringssl.t ....... skipped: No external tests in this configuration
95-test_external_krb5.t ............ skipped: No external tests in this configuration
95-test_external_pyca.t ............ skipped: No external tests in this configuration
99-test_ecstress.t ................. ok
99-test_fuzz.t ..................... ok

Test Summary Report
-------------------
03-test_property.t               (Wstat: 256 Tests: 1 Failed: 1)
  Failed test:  1
  Non-zero exit status: 1
Files=186, Tests=1733, 334 wallclock secs ( 6.48 usr  0.98 sys + 318.50 cusr 24.53 csys = 350.49 CPU)
Result: FAIL
Makefile:1871: recipe for target '_tests' failed
make[1]: *** [_tests] Error 1
make[1]: Leaving directory '/home/openssl/run-checker/no-deprecated'
Makefile:1869: recipe for target 'tests' failed
make: *** [tests] Error 2
</PRE>



































<!--endarticle-->
    <HR>
    <P><UL>
        <!--threads-->
	<LI>Previous message: <A HREF="026322.html">Still Failing: openssl/openssl#30278 (master - bd65afd)
</A></li>
	<LI>Next message: <A HREF="026326.html">Still Failing: openssl/openssl#30281 (master - 2a53855)
</A></li>
         <LI> <B>Messages sorted by:</B> 
              <a href="date.html#26325">[ date ]</a>
              <a href="thread.html#26325">[ thread ]</a>
              <a href="subject.html#26325">[ subject ]</a>
              <a href="author.html#26325">[ author ]</a>
         </LI>
       </UL>

<hr>
<a href="../../../mailman/listinfo/openssl-commits.html">More information about the openssl-commits
mailing list</a><br>
</body></html>
