<!DOCTYPE HTML PUBLIC "-//W3C//DTD HTML 4.01 Transitional//EN">
<HTML>
 <HEAD>
   <TITLE> Still FAILED build of OpenSSL branch master with options -d --strict-warnings no-dtls
   </TITLE>
   <LINK REL="Index" HREF="https://mta.openssl.org/pipermail/openssl-commits/2020-September/index.html" >
   <LINK REL="made" HREF="mailto:openssl-commits%40openssl.org?Subject=Re%3A%20Still%20FAILED%20build%20of%20OpenSSL%20branch%20master%20with%20options%20-d%0A%20--strict-warnings%20no-dtls&In-Reply-To=%3C1599244905.362212.25452.nullmailer%40run.openssl.org%3E">
   <META NAME="robots" CONTENT="index,nofollow">
   <style type="text/css">
       pre {
           white-space: pre-wrap;       /* css-2.1, curent FF, Opera, Safari */
           }
   </style>
   <META http-equiv="Content-Type" content="text/html; charset=us-ascii">
   <LINK REL="Previous"  HREF="030417.html">
   <LINK REL="Next"  HREF="030518.html">
 </HEAD>
 <BODY BGCOLOR="#ffffff">
   <H1>Still FAILED build of OpenSSL branch master with options -d --strict-warnings no-dtls</H1>
    <B>OpenSSL run-checker</B> 
    <A HREF="mailto:openssl-commits%40openssl.org?Subject=Re%3A%20Still%20FAILED%20build%20of%20OpenSSL%20branch%20master%20with%20options%20-d%0A%20--strict-warnings%20no-dtls&In-Reply-To=%3C1599244905.362212.25452.nullmailer%40run.openssl.org%3E"
       TITLE="Still FAILED build of OpenSSL branch master with options -d --strict-warnings no-dtls">openssl at openssl.org
       </A><BR>
    <I>Fri Sep  4 18:41:45 UTC 2020</I>
    <P><UL>
        <LI>Previous message: <A HREF="030417.html">Still FAILED build of OpenSSL branch master with options -d --strict-warnings no-dtls
</A></li>
        <LI>Next message: <A HREF="030518.html">Still FAILED build of OpenSSL branch master with options -d --strict-warnings no-dtls
</A></li>
         <LI> <B>Messages sorted by:</B> 
              <a href="date.html#30452">[ date ]</a>
              <a href="thread.html#30452">[ thread ]</a>
              <a href="subject.html#30452">[ subject ]</a>
              <a href="author.html#30452">[ author ]</a>
         </LI>
       </UL>
    <HR>  
<!--beginarticle-->
<PRE>Platform and configuration command:

$ uname -a
Linux run 4.15.0-106-generic #107-Ubuntu SMP Thu Jun 4 11:27:52 UTC 2020 x86_64 x86_64 x86_64 GNU/Linux
$ CC=clang ../openssl/config -d --strict-warnings no-dtls

Commit log since last time:

2c0e356ef7 apps/cmp.c: Clean up loading of certificates and CRLs
ef0f01c0af Avoid uninitialised variable warning for jobs
1a5ae1da14 Add -verbosity option to apps/cmp.c and add log output also in crypto/cmp
807b0a1dbb also zero pad DHE public key in ClientKeyExchange message for interop
72c1e37421 Use global 'libctx' with RAND_bytes_ex to generate sendfile temp data.
ab114c6dde Fix two issues with AES-CCM KTLS tests.
18efb63016 Skip tests using KTLS RX for TLS 1.3.
cd03b5dc42 Skip tests using KTLS RX if KTLS RX is not supported.
eb818d23c2 Refactor the KTLS tests to minimize code duplication.
c7b46b549d Move KTLS inline functions only used by libssl into ssl/ktls.c.
b22a3ccc07 Support for KTLS TX on FreeBSD for TLS 1.3.
3c1641e8e8 Don't check errno if ktls_read_record() returned 0.
0a90a90c46 Add support for KTLS receive for TLS 1.1-1.2 on FreeBSD.
3e5826061b Add helper functions for FreeBSD KTLS.
c34ca13a60 Add a ktls_crypto_info_t typedef.
23e77b0ba3 Update test data for DSA public key text
e2e46dfa8c Add the correct enum value for DSA public key serialization

Build log ended with (last 100 lines):


# 80-test_cms.t ...................... ok
80-test_cmsapi.t ................... ok
80-test_ct.t ....................... ok
80-test_dane.t ..................... ok
80-test_dtls.t ..................... skipped: No DTLS protocols are supported by this OpenSSL build
80-test_dtls_mtu.t ................. skipped: test_dtls_mtu needs DTLS and PSK support enabled
80-test_dtlsv1listen.t ............. ok
80-test_http.t ..................... ok
80-test_ocsp.t ..................... ok
80-test_pkcs12.t ................... ok

            # ERROR: (ptr) 'server_ctx != NULL' failed @ ../openssl/test/ssl_test.c:479
            # 0x0
            not ok 7 - iteration 7
# ------------------------------------------------------------------------------
            # ERROR: (ptr) 'server_ctx != NULL' failed @ ../openssl/test/ssl_test.c:479
            # 0x0
            not ok 8 - iteration 8
# ------------------------------------------------------------------------------
            # ERROR: (ptr) 'server_ctx != NULL' failed @ ../openssl/test/ssl_test.c:479
            # 0x0
            not ok 9 - iteration 9
# ------------------------------------------------------------------------------
            # ERROR: (ptr) 'server_ctx != NULL' failed @ ../openssl/test/ssl_test.c:479
            # 0x0
            not ok 10 - iteration 10
# ------------------------------------------------------------------------------
            # ERROR: (ptr) 'server_ctx != NULL' failed @ ../openssl/test/ssl_test.c:479
            # 0x0
            not ok 11 - iteration 11
# ------------------------------------------------------------------------------
            # ERROR: (ptr) 'server_ctx != NULL' failed @ ../openssl/test/ssl_test.c:479
            # 0x0
            not ok 12 - iteration 12
# ------------------------------------------------------------------------------
        not ok 1 - test_handshake
# ------------------------------------------------------------------------------
../../util/wrap.pl ../../test/ssl_test 04-client_auth.cnf.fips fips ../../../openssl/test/fips.cnf =&gt; 1
    not ok 9 - running ssl_test 04-client_auth.cnf
# ------------------------------------------------------------------------------
    #   Failed test 'running ssl_test 04-client_auth.cnf'
    #   at ../openssl/test/recipes/80-test_ssl_new.t line 173.
    # Looks like you failed 1 test of 9.
not ok 5 - Test configuration 04-client_auth.cnf
# ------------------------------------------------------------------------------
# Looks like you failed 1 test of 31.80-test_ssl_new.t .................. 
Dubious, test returned 1 (wstat 256, 0x100)
Failed 1/31 subtests 
80-test_ssl_old.t .................. ok
80-test_ssl_test_ctx.t ............. ok
80-test_sslcorrupt.t ............... ok
80-test_tsa.t ...................... ok
80-test_x509aux.t .................. ok

# 81-test_cmp_cli.t .................. ok
90-test_asn1_time.t ................ ok
90-test_async.t .................... ok
90-test_bio_enc.t .................. ok
90-test_bio_memleak.t .............. ok
90-test_constant_time.t ............ ok
90-test_fatalerr.t ................. ok
90-test_gmdiff.t ................... ok
90-test_gost.t ..................... ok
90-test_ige.t ...................... ok
90-test_includes.t ................. ok
90-test_memleak.t .................. ok
90-test_overhead.t ................. ok
90-test_secmem.t ................... ok
90-test_shlibload.t ................ ok
90-test_srp.t ...................... ok
90-test_sslapi.t ................... ok
90-test_sslbuffers.t ............... ok
90-test_store.t .................... ok
90-test_sysdefault.t ............... ok
90-test_threads.t .................. ok
90-test_time_offset.t .............. ok
90-test_tls13ccs.t ................. ok
90-test_tls13encryption.t .......... ok
90-test_tls13secrets.t ............. ok
90-test_v3name.t ................... ok
95-test_external_boringssl.t ....... skipped: No external tests in this configuration
95-test_external_gost_engine.t ..... skipped: No external tests in this configuration
95-test_external_krb5.t ............ skipped: No external tests in this configuration
95-test_external_pyca.t ............ skipped: No external tests in this configuration
99-test_ecstress.t ................. ok
99-test_fuzz.t ..................... ok

Test Summary Report
-------------------
80-test_ssl_new.t                (Wstat: 256 Tests: 31 Failed: 1)
  Failed test:  5
  Non-zero exit status: 1
Files=211, Tests=3350, 871 wallclock secs (13.33 usr  1.15 sys + 806.13 cusr 63.47 csys = 884.08 CPU)
Result: FAIL
Makefile:3191: recipe for target '_tests' failed
make[1]: *** [_tests] Error 1
make[1]: Leaving directory '/home/openssl/run-checker/no-dtls'
Makefile:3189: recipe for target 'tests' failed
make: *** [tests] Error 2
</PRE>











































































































































































<!--endarticle-->
    <HR>
    <P><UL>
        <!--threads-->
	<LI>Previous message: <A HREF="030417.html">Still FAILED build of OpenSSL branch master with options -d --strict-warnings no-dtls
</A></li>
	<LI>Next message: <A HREF="030518.html">Still FAILED build of OpenSSL branch master with options -d --strict-warnings no-dtls
</A></li>
         <LI> <B>Messages sorted by:</B> 
              <a href="date.html#30452">[ date ]</a>
              <a href="thread.html#30452">[ thread ]</a>
              <a href="subject.html#30452">[ subject ]</a>
              <a href="author.html#30452">[ author ]</a>
         </LI>
       </UL>

<hr>
<a href="../../../mailman/listinfo/openssl-commits.html">More information about the openssl-commits
mailing list</a><br>
</body></html>
