<!DOCTYPE HTML PUBLIC "-//W3C//DTD HTML 4.01 Transitional//EN">
<HTML>
 <HEAD>
   <TITLE> Still FAILED build of OpenSSL branch master with options -d --strict-warnings no-rc2
   </TITLE>
   <LINK REL="Index" HREF="https://mta.openssl.org/pipermail/openssl-commits/2020-September/index.html" >
   <LINK REL="made" HREF="mailto:openssl-commits%40openssl.org?Subject=Re%3A%20Still%20FAILED%20build%20of%20OpenSSL%20branch%20master%20with%20options%20-d%0A%20--strict-warnings%20no-rc2&In-Reply-To=%3C1600483499.678378.12434.nullmailer%40run.openssl.org%3E">
   <META NAME="robots" CONTENT="index,nofollow">
   <style type="text/css">
       pre {
           white-space: pre-wrap;       /* css-2.1, curent FF, Opera, Safari */
           }
   </style>
   <META http-equiv="Content-Type" content="text/html; charset=us-ascii">
   <LINK REL="Previous"  HREF="030720.html">
   <LINK REL="Next"  HREF="030857.html">
 </HEAD>
 <BODY BGCOLOR="#ffffff">
   <H1>Still FAILED build of OpenSSL branch master with options -d --strict-warnings no-rc2</H1>
    <B>OpenSSL run-checker</B> 
    <A HREF="mailto:openssl-commits%40openssl.org?Subject=Re%3A%20Still%20FAILED%20build%20of%20OpenSSL%20branch%20master%20with%20options%20-d%0A%20--strict-warnings%20no-rc2&In-Reply-To=%3C1600483499.678378.12434.nullmailer%40run.openssl.org%3E"
       TITLE="Still FAILED build of OpenSSL branch master with options -d --strict-warnings no-rc2">openssl at openssl.org
       </A><BR>
    <I>Sat Sep 19 02:44:59 UTC 2020</I>
    <P><UL>
        <LI>Previous message: <A HREF="030720.html">Still FAILED build of OpenSSL branch master with options -d --strict-warnings no-rc2
</A></li>
        <LI>Next message: <A HREF="030857.html">Still FAILED build of OpenSSL branch master with options -d --strict-warnings no-rc2
</A></li>
         <LI> <B>Messages sorted by:</B> 
              <a href="date.html#30781">[ date ]</a>
              <a href="thread.html#30781">[ thread ]</a>
              <a href="subject.html#30781">[ subject ]</a>
              <a href="author.html#30781">[ author ]</a>
         </LI>
       </UL>
    <HR>  
<!--beginarticle-->
<PRE>Platform and configuration command:

$ uname -a
Linux run 4.15.0-106-generic #107-Ubuntu SMP Thu Jun 4 11:27:52 UTC 2020 x86_64 x86_64 x86_64 GNU/Linux
$ CC=clang ../openssl/config -d --strict-warnings no-rc2

Commit log since last time:

7f9e744036 Add selftest callback to CRNG output test
4b51903d86 Fix AES_XTS on x86-64 platforms with BSAES and VPAES support.
f80d0d2fd6 HMAC should work with non-provided digests
67ecd65cc4 Rename check_chain_extensions to check_chain
cccf532fef Disallow certs with explicit curve in verification chain
fe2f8aecfe EC_KEY: add EC_KEY_decoded_from_explicit_params()
bde4aa8dc1 Fix Coverity CID 1466708 - correct pointer calculation in one case
ebcae87f6b FIX strncpy warning in apps/cmp.c.
1cae59d14b Make KDFs fail if requesting a zero-length key.
0010870536 Allow zero-length secret for EVP_KDF API
ec4c86d9ec Fix typo in bind_loader_attic comment
3f96b687f7 Document 2 newly added functions
7fc6168b6f Test HMAC output from the dgst CLI
d8025f4ac0 Correctly display the signing/hmac algorithm in the dgst app
b0002eb09a Redirect EVP_DigestInit to EVP_DigestSignInit_ex if appropriate
b8e5622809 Don't send -1 as the length of the hmac key
067a3057c3 Annotate potential -Wunused-function violations in err.h
4bb73d5409 Add a NULL check to EVP_PKEY_assign
8230710f04 Update AES GCM IV max length to be 1024 bits (was 512)
eb750219f2 undeprecate EVP_PKEY_cmp and EVP_PKEY_cmp_parameters
5d94202884 Configurations/unix-Makefile.tmpl: Don't specify headers twice
fc661b50df OpenSSL::ParseC: recognise inline function bodies
4343a4187d Add self tests for rsa encryption

Build log ended with (last 100 lines):

70-test_servername.t ............... ok
70-test_sslcbcpadding.t ............ ok
70-test_sslcertstatus.t ............ ok
70-test_sslextension.t ............. ok
70-test_sslmessages.t .............. ok
70-test_sslrecords.t ............... ok
70-test_sslsessiontick.t ........... ok
70-test_sslsigalgs.t ............... ok
70-test_sslsignature.t ............. ok
70-test_sslskewith0p.t ............. ok
70-test_sslversions.t .............. ok
70-test_sslvertol.t ................ ok
70-test_tls13alerts.t .............. ok
70-test_tls13cookie.t .............. ok
70-test_tls13downgrade.t ........... ok
70-test_tls13hrr.t ................. ok
70-test_tls13kexmodes.t ............ ok
70-test_tls13messages.t ............ ok
70-test_tls13psk.t ................. ok
70-test_tlsextms.t ................. ok
70-test_verify_extra.t ............. ok
70-test_wpacket.t .................. ok
71-test_ssl_ctx.t .................. ok
80-test_ca.t ....................... ok
80-test_cipherbytes.t .............. ok
80-test_cipherlist.t ............... ok
80-test_ciphername.t ............... ok

# 80-test_cms.t ...................... ok
80-test_cmsapi.t ................... ok
80-test_ct.t ....................... ok
80-test_dane.t ..................... ok
80-test_dtls.t ..................... ok
80-test_dtls_mtu.t ................. ok
80-test_dtlsv1listen.t ............. ok
80-test_http.t ..................... ok
80-test_ocsp.t ..................... ok

Could not read any cert of certificates from -in file from ../../../openssl/test/certs/v3-certs-RC2.p12
C0F06EA38F7F0000:error::asn1 encoding routines:ASN1_get_object:header too long:../openssl/crypto/asn1/asn1_lib.c:103:
../../util/wrap.pl ../../apps/openssl pkcs12 -export -in ../../../openssl/test/certs/v3-certs-RC2.p12 -passin 'pass:v3-certs' -provider default -provider legacy -nokeys -passout 'pass:v3-certs' -descert -out tmp.p12 =&gt; 1
not ok 5 - test_pkcs12_passcert
# ------------------------------------------------------------------------------
#   Failed test 'test_pkcs12_passcert'
#   at ../openssl/test/recipes/80-test_pkcs12.t line 93.
# Looks like you failed 1 test of 5.80-test_pkcs12.t ................... 
Dubious, test returned 1 (wstat 256, 0x100)
Failed 1/5 subtests 
80-test_ssl_new.t .................. ok
80-test_ssl_old.t .................. ok
80-test_ssl_test_ctx.t ............. ok
80-test_sslcorrupt.t ............... ok
80-test_tsa.t ...................... ok
80-test_x509aux.t .................. ok

# 81-test_cmp_cli.t .................. ok
90-test_asn1_time.t ................ ok
90-test_async.t .................... ok
90-test_bio_enc.t .................. ok
90-test_bio_memleak.t .............. ok
90-test_constant_time.t ............ ok
90-test_fatalerr.t ................. ok
90-test_gmdiff.t ................... ok
90-test_gost.t ..................... ok
90-test_ige.t ...................... ok
90-test_includes.t ................. ok
90-test_memleak.t .................. ok
90-test_overhead.t ................. ok
90-test_secmem.t ................... ok
90-test_shlibload.t ................ ok
90-test_srp.t ...................... ok
90-test_sslapi.t ................... ok
90-test_sslbuffers.t ............... ok
90-test_store.t .................... ok
90-test_sysdefault.t ............... ok
90-test_threads.t .................. ok
90-test_time_offset.t .............. ok
90-test_tls13ccs.t ................. ok
90-test_tls13encryption.t .......... ok
90-test_tls13secrets.t ............. ok
90-test_v3name.t ................... ok
95-test_external_boringssl.t ....... skipped: No external tests in this configuration
95-test_external_gost_engine.t ..... skipped: No external tests in this configuration
95-test_external_krb5.t ............ skipped: No external tests in this configuration
95-test_external_pyca.t ............ skipped: No external tests in this configuration
99-test_ecstress.t ................. ok
99-test_fuzz.t ..................... ok

Test Summary Report
-------------------
80-test_pkcs12.t                 (Wstat: 256 Tests: 5 Failed: 1)
  Failed test:  5
  Non-zero exit status: 1
Files=212, Tests=3551, 697 wallclock secs (13.61 usr  1.31 sys + 628.17 cusr 62.35 csys = 705.44 CPU)
Result: FAIL
Makefile:3154: recipe for target '_tests' failed
make[1]: *** [_tests] Error 1
make[1]: Leaving directory '/home/openssl/run-checker/no-rc2'
Makefile:3152: recipe for target 'tests' failed
make: *** [tests] Error 2
</PRE>





<!--endarticle-->
    <HR>
    <P><UL>
        <!--threads-->
	<LI>Previous message: <A HREF="030720.html">Still FAILED build of OpenSSL branch master with options -d --strict-warnings no-rc2
</A></li>
	<LI>Next message: <A HREF="030857.html">Still FAILED build of OpenSSL branch master with options -d --strict-warnings no-rc2
</A></li>
         <LI> <B>Messages sorted by:</B> 
              <a href="date.html#30781">[ date ]</a>
              <a href="thread.html#30781">[ thread ]</a>
              <a href="subject.html#30781">[ subject ]</a>
              <a href="author.html#30781">[ author ]</a>
         </LI>
       </UL>

<hr>
<a href="../../../mailman/listinfo/openssl-commits.html">More information about the openssl-commits
mailing list</a><br>
</body></html>
