<!DOCTYPE HTML PUBLIC "-//W3C//DTD HTML 4.01 Transitional//EN">
<HTML>
 <HEAD>
   <TITLE> Still FAILED build of OpenSSL branch master with options -d --strict-warnings no-tls1_3
   </TITLE>
   <LINK REL="Index" HREF="https://mta.openssl.org/pipermail/openssl-commits/2020-September/index.html" >
   <LINK REL="made" HREF="mailto:openssl-commits%40openssl.org?Subject=Re%3A%20Still%20FAILED%20build%20of%20OpenSSL%20branch%20master%20with%20options%20-d%0A%20--strict-warnings%20no-tls1_3&In-Reply-To=%3C1600540952.538253.15633.nullmailer%40run.openssl.org%3E">
   <META NAME="robots" CONTENT="index,nofollow">
   <style type="text/css">
       pre {
           white-space: pre-wrap;       /* css-2.1, curent FF, Opera, Safari */
           }
   </style>
   <META http-equiv="Content-Type" content="text/html; charset=us-ascii">
   <LINK REL="Previous"  HREF="030746.html">
   <LINK REL="Next"  HREF="030872.html">
 </HEAD>
 <BODY BGCOLOR="#ffffff">
   <H1>Still FAILED build of OpenSSL branch master with options -d --strict-warnings no-tls1_3</H1>
    <B>OpenSSL run-checker</B> 
    <A HREF="mailto:openssl-commits%40openssl.org?Subject=Re%3A%20Still%20FAILED%20build%20of%20OpenSSL%20branch%20master%20with%20options%20-d%0A%20--strict-warnings%20no-tls1_3&In-Reply-To=%3C1600540952.538253.15633.nullmailer%40run.openssl.org%3E"
       TITLE="Still FAILED build of OpenSSL branch master with options -d --strict-warnings no-tls1_3">openssl at openssl.org
       </A><BR>
    <I>Sat Sep 19 18:42:32 UTC 2020</I>
    <P><UL>
        <LI>Previous message: <A HREF="030746.html">Still FAILED build of OpenSSL branch master with options -d --strict-warnings no-tls1_3
</A></li>
        <LI>Next message: <A HREF="030872.html">Still FAILED build of OpenSSL branch master with options -d --strict-warnings no-tls1_3
</A></li>
         <LI> <B>Messages sorted by:</B> 
              <a href="date.html#30794">[ date ]</a>
              <a href="thread.html#30794">[ thread ]</a>
              <a href="subject.html#30794">[ subject ]</a>
              <a href="author.html#30794">[ author ]</a>
         </LI>
       </UL>
    <HR>  
<!--beginarticle-->
<PRE>Platform and configuration command:

$ uname -a
Linux run 4.15.0-106-generic #107-Ubuntu SMP Thu Jun 4 11:27:52 UTC 2020 x86_64 x86_64 x86_64 GNU/Linux
$ CC=clang ../openssl/config -d --strict-warnings no-tls1_3

Commit log since last time:

7f9e744036 Add selftest callback to CRNG output test
4b51903d86 Fix AES_XTS on x86-64 platforms with BSAES and VPAES support.
f80d0d2fd6 HMAC should work with non-provided digests
67ecd65cc4 Rename check_chain_extensions to check_chain
cccf532fef Disallow certs with explicit curve in verification chain
fe2f8aecfe EC_KEY: add EC_KEY_decoded_from_explicit_params()
bde4aa8dc1 Fix Coverity CID 1466708 - correct pointer calculation in one case
ebcae87f6b FIX strncpy warning in apps/cmp.c.
1cae59d14b Make KDFs fail if requesting a zero-length key.
0010870536 Allow zero-length secret for EVP_KDF API
ec4c86d9ec Fix typo in bind_loader_attic comment
3f96b687f7 Document 2 newly added functions
7fc6168b6f Test HMAC output from the dgst CLI
d8025f4ac0 Correctly display the signing/hmac algorithm in the dgst app
b0002eb09a Redirect EVP_DigestInit to EVP_DigestSignInit_ex if appropriate
b8e5622809 Don't send -1 as the length of the hmac key
067a3057c3 Annotate potential -Wunused-function violations in err.h
4bb73d5409 Add a NULL check to EVP_PKEY_assign
8230710f04 Update AES GCM IV max length to be 1024 bits (was 512)
eb750219f2 undeprecate EVP_PKEY_cmp and EVP_PKEY_cmp_parameters
5d94202884 Configurations/unix-Makefile.tmpl: Don't specify headers twice
fc661b50df OpenSSL::ParseC: recognise inline function bodies
4343a4187d Add self tests for rsa encryption

Build log ended with (last 100 lines):

# 81-test_cmp_cli.t .................. ok
90-test_asn1_time.t ................ ok
90-test_async.t .................... ok
90-test_bio_enc.t .................. ok
90-test_bio_memleak.t .............. ok
90-test_constant_time.t ............ ok
90-test_fatalerr.t ................. ok
90-test_gmdiff.t ................... ok
90-test_gost.t ..................... skipped: TLSv1.3 or TLSv1.2 are disabled in this OpenSSL build
90-test_ige.t ...................... ok
90-test_includes.t ................. ok
90-test_memleak.t .................. ok
90-test_overhead.t ................. ok
90-test_secmem.t ................... ok
90-test_shlibload.t ................ ok
90-test_srp.t ...................... ok

        # INFO:  @ ../openssl/test/ssltestlib.c:946
        # SSL_connect() failed -1, 1
        # C060ACB97A7F0000:error::SSL routines::no suitable digest algorithm:../openssl/ssl/s3_enc.c:413:
        # INFO:  @ ../openssl/test/ssltestlib.c:964
        # SSL_accept() failed -1, 1
        # C060ACB97A7F0000:error::SSL routines::tlsv1 alert internal error:../openssl/ssl/record/rec_layer_s3.c:1615:SSL alert number 80
        # ERROR: (bool) 'create_ssl_connection(serverssl, clientssl, SSL_ERROR_NONE) == true' failed @ ../openssl/test/sslapitest.c:7907
        # false
        not ok 2 - iteration 2
# ------------------------------------------------------------------------------
        # INFO:  @ ../openssl/test/ssltestlib.c:964
        # SSL_accept() failed -1, 1
        # C060ACB97A7F0000:error::SSL routines::no suitable digest algorithm:../openssl/ssl/s3_enc.c:413:
        # INFO:  @ ../openssl/test/ssltestlib.c:946
        # SSL_connect() failed -1, 1
        # C060ACB97A7F0000:error::SSL routines::tlsv1 alert internal error:../openssl/ssl/record/rec_layer_s3.c:1615:SSL alert number 80
        # ERROR: (bool) 'create_ssl_connection(serverssl, clientssl, SSL_ERROR_NONE) == true' failed @ ../openssl/test/sslapitest.c:7907
        # false
        not ok 3 - iteration 3
# ------------------------------------------------------------------------------
    not ok 37 - test_sigalgs_available
# ------------------------------------------------------------------------------
../../util/wrap.pl ../../test/sslapitest ../../../openssl/test/certs ../../../openssl/test/recipes/90-test_sslapi_data/passwd.txt /tmp/HYkT848f88 default ../../../openssl/test/default.cnf =&gt; 1
not ok 1 - running sslapitest
# ------------------------------------------------------------------------------
        # INFO:  @ ../openssl/test/ssltestlib.c:946
        # SSL_connect() failed -1, 1
        # C0A0FDA12E7F0000:error::SSL routines::no suitable digest algorithm:../openssl/ssl/s3_enc.c:413:
        # INFO:  @ ../openssl/test/ssltestlib.c:964
        # SSL_accept() failed -1, 1
        # C0A0FDA12E7F0000:error::SSL routines::tlsv1 alert internal error:../openssl/ssl/record/rec_layer_s3.c:1615:SSL alert number 80
        # ERROR: (bool) 'create_ssl_connection(serverssl, clientssl, SSL_ERROR_NONE) == true' failed @ ../openssl/test/sslapitest.c:7907
        # false
        not ok 2 - iteration 2
# ------------------------------------------------------------------------------
        # INFO:  @ ../openssl/test/ssltestlib.c:964
        # SSL_accept() failed -1, 1
        # C0A0FDA12E7F0000:error::SSL routines::no suitable digest algorithm:../openssl/ssl/s3_enc.c:413:
        # INFO:  @ ../openssl/test/ssltestlib.c:946
        # SSL_connect() failed -1, 1
        # C0A0FDA12E7F0000:error::SSL routines::tlsv1 alert internal error:../openssl/ssl/record/rec_layer_s3.c:1615:SSL alert number 80
        # ERROR: (bool) 'create_ssl_connection(serverssl, clientssl, SSL_ERROR_NONE) == true' failed @ ../openssl/test/sslapitest.c:7907
        # false
        not ok 3 - iteration 3
# ------------------------------------------------------------------------------
    not ok 37 - test_sigalgs_available
# ------------------------------------------------------------------------------
../../util/wrap.pl ../../test/sslapitest ../../../openssl/test/certs ../../../openssl/test/recipes/90-test_sslapi_data/passwd.txt /tmp/HYkT848f88 fips ../../../openssl/test/fips-and-base.cnf =&gt; 1
not ok 3 - running sslapitest
# ------------------------------------------------------------------------------
#   Failed test 'running sslapitest'
#   at ../openssl/test/recipes/90-test_sslapi.t line 45.
# Looks like you failed 2 tests of 3.90-test_sslapi.t ................... 
Dubious, test returned 2 (wstat 512, 0x200)
Failed 2/3 subtests 
90-test_sslbuffers.t ............... ok
90-test_store.t .................... ok
90-test_sysdefault.t ............... ok
90-test_threads.t .................. ok
90-test_time_offset.t .............. ok
90-test_tls13ccs.t ................. skipped: test_tls13ccs is not supported in this build
90-test_tls13encryption.t .......... skipped: tls13encryption is not supported in this build
90-test_tls13secrets.t ............. skipped: tls13secrets is not supported in this build
90-test_v3name.t ................... ok
95-test_external_boringssl.t ....... skipped: No external tests in this configuration
95-test_external_gost_engine.t ..... skipped: No external tests in this configuration
95-test_external_krb5.t ............ skipped: No external tests in this configuration
95-test_external_pyca.t ............ skipped: No external tests in this configuration
99-test_ecstress.t ................. ok
99-test_fuzz.t ..................... ok

Test Summary Report
-------------------
90-test_sslapi.t                 (Wstat: 512 Tests: 3 Failed: 2)
  Failed tests:  1, 3
  Non-zero exit status: 2
Files=212, Tests=3497, 671 wallclock secs (12.68 usr  1.17 sys + 609.34 cusr 57.79 csys = 680.98 CPU)
Result: FAIL
Makefile:3147: recipe for target '_tests' failed
make[1]: *** [_tests] Error 1
make[1]: Leaving directory '/home/openssl/run-checker/no-tls1_3'
Makefile:3145: recipe for target 'tests' failed
make: *** [tests] Error 2
</PRE>









































































<!--endarticle-->
    <HR>
    <P><UL>
        <!--threads-->
	<LI>Previous message: <A HREF="030746.html">Still FAILED build of OpenSSL branch master with options -d --strict-warnings no-tls1_3
</A></li>
	<LI>Next message: <A HREF="030872.html">Still FAILED build of OpenSSL branch master with options -d --strict-warnings no-tls1_3
</A></li>
         <LI> <B>Messages sorted by:</B> 
              <a href="date.html#30794">[ date ]</a>
              <a href="thread.html#30794">[ thread ]</a>
              <a href="subject.html#30794">[ subject ]</a>
              <a href="author.html#30794">[ author ]</a>
         </LI>
       </UL>

<hr>
<a href="../../../mailman/listinfo/openssl-commits.html">More information about the openssl-commits
mailing list</a><br>
</body></html>
