<!DOCTYPE HTML PUBLIC "-//W3C//DTD HTML 4.01 Transitional//EN">
<HTML>
 <HEAD>
   <TITLE> Still FAILED build of OpenSSL branch master with options -d --strict-warnings no-des
   </TITLE>
   <LINK REL="Index" HREF="https://mta.openssl.org/pipermail/openssl-commits/2020-September/index.html" >
   <LINK REL="made" HREF="mailto:openssl-commits%40openssl.org?Subject=Re%3A%20Still%20FAILED%20build%20of%20OpenSSL%20branch%20master%20with%20options%20-d%0A%20--strict-warnings%20no-des&In-Reply-To=%3C1600411190.996266.10230.nullmailer%40run.openssl.org%3E">
   <META NAME="robots" CONTENT="index,nofollow">
   <style type="text/css">
       pre {
           white-space: pre-wrap;       /* css-2.1, curent FF, Opera, Safari */
           }
   </style>
   <META http-equiv="Content-Type" content="text/html; charset=us-ascii">
   <LINK REL="Previous"  HREF="030703.html">
   <LINK REL="Next"  HREF="030832.html">
 </HEAD>
 <BODY BGCOLOR="#ffffff">
   <H1>Still FAILED build of OpenSSL branch master with options -d --strict-warnings no-des</H1>
    <B>OpenSSL run-checker</B> 
    <A HREF="mailto:openssl-commits%40openssl.org?Subject=Re%3A%20Still%20FAILED%20build%20of%20OpenSSL%20branch%20master%20with%20options%20-d%0A%20--strict-warnings%20no-des&In-Reply-To=%3C1600411190.996266.10230.nullmailer%40run.openssl.org%3E"
       TITLE="Still FAILED build of OpenSSL branch master with options -d --strict-warnings no-des">openssl at openssl.org
       </A><BR>
    <I>Fri Sep 18 06:39:50 UTC 2020</I>
    <P><UL>
        <LI>Previous message: <A HREF="030703.html">Still FAILED build of OpenSSL branch master with options -d --strict-warnings no-des
</A></li>
        <LI>Next message: <A HREF="030832.html">Still FAILED build of OpenSSL branch master with options -d --strict-warnings no-des
</A></li>
         <LI> <B>Messages sorted by:</B> 
              <a href="date.html#30760">[ date ]</a>
              <a href="thread.html#30760">[ thread ]</a>
              <a href="subject.html#30760">[ subject ]</a>
              <a href="author.html#30760">[ author ]</a>
         </LI>
       </UL>
    <HR>  
<!--beginarticle-->
<PRE>Platform and configuration command:

$ uname -a
Linux run 4.15.0-106-generic #107-Ubuntu SMP Thu Jun 4 11:27:52 UTC 2020 x86_64 x86_64 x86_64 GNU/Linux
$ CC=clang ../openssl/config -d --strict-warnings no-des

Commit log since last time:

7f9e744036 Add selftest callback to CRNG output test
4b51903d86 Fix AES_XTS on x86-64 platforms with BSAES and VPAES support.
f80d0d2fd6 HMAC should work with non-provided digests
67ecd65cc4 Rename check_chain_extensions to check_chain
cccf532fef Disallow certs with explicit curve in verification chain
fe2f8aecfe EC_KEY: add EC_KEY_decoded_from_explicit_params()
bde4aa8dc1 Fix Coverity CID 1466708 - correct pointer calculation in one case
ebcae87f6b FIX strncpy warning in apps/cmp.c.
1cae59d14b Make KDFs fail if requesting a zero-length key.
0010870536 Allow zero-length secret for EVP_KDF API
ec4c86d9ec Fix typo in bind_loader_attic comment
3f96b687f7 Document 2 newly added functions
7fc6168b6f Test HMAC output from the dgst CLI
d8025f4ac0 Correctly display the signing/hmac algorithm in the dgst app
b0002eb09a Redirect EVP_DigestInit to EVP_DigestSignInit_ex if appropriate
b8e5622809 Don't send -1 as the length of the hmac key
067a3057c3 Annotate potential -Wunused-function violations in err.h
4bb73d5409 Add a NULL check to EVP_PKEY_assign
8230710f04 Update AES GCM IV max length to be 1024 bits (was 512)
eb750219f2 undeprecate EVP_PKEY_cmp and EVP_PKEY_cmp_parameters
5d94202884 Configurations/unix-Makefile.tmpl: Don't specify headers twice
fc661b50df OpenSSL::ParseC: recognise inline function bodies
4343a4187d Add self tests for rsa encryption

Build log ended with (last 100 lines):

Unable to load private key for CMP client certificate
cmp_main:../openssl/apps/cmp.c:2819:CMP error: cannot set up CMP context
# cmp_main:../openssl/apps/cmp.c:2666:CMP info: using OpenSSL configuration file '../Mock/test.cnf'
# opt_str:../openssl/apps/cmp.c:2263:CMP warning: argument of -proxy option is empty string, resetting option
# warn_cert_msg:../openssl/apps/cmp.c:690:CMP warning: certificate from 'trusted.crt' with subject '/O=openssl_cmp' is not a CA cert
../../../../../no-des/util/wrap.pl ../../../../../no-des/apps/openssl cmp -config ../Mock/test.cnf -section 'Mock enrollment' -proxy '' -no_proxy 127.0.0.1 -cmd ir -newkey new.key -newkeypass 'pass:' -certout test.certout_csr_ignored.pem -out_trusted root.crt -csr idontexist =&gt; 1
    not ok 72 - csr ignored for ir
# ------------------------------------------------------------------------------
    #   Failed test 'csr ignored for ir'
    #   at ../openssl/test/recipes/81-test_cmp_cli.t line 184.
Could not read any key of private key for CMP client certificate from signer.p12
C0901355397F0000:error::asn1 encoding routines:ASN1_get_object:header too long:../openssl/crypto/asn1/asn1_lib.c:103:
Unable to load private key for CMP client certificate
cmp_main:../openssl/apps/cmp.c:2819:CMP error: cannot set up CMP context
# cmp_main:../openssl/apps/cmp.c:2666:CMP info: using OpenSSL configuration file '../Mock/test.cnf'
# opt_str:../openssl/apps/cmp.c:2263:CMP warning: argument of -proxy option is empty string, resetting option
# warn_cert_msg:../openssl/apps/cmp.c:690:CMP warning: certificate from 'trusted.crt' with subject '/O=openssl_cmp' is not a CA cert
../../../../../no-des/util/wrap.pl ../../../../../no-des/apps/openssl cmp -config ../Mock/test.cnf -section 'Mock enrollment' -proxy '' -no_proxy 127.0.0.1 -cmd p10cr -newkey new.key -newkeypass 'pass:' -certout test.certout_p10cr.pem -out_trusted root.crt -csr csr.pem =&gt; 1
    not ok 73 - p10cr csr
# ------------------------------------------------------------------------------
Could not read any key of private key for CMP client certificate from signer.p12
C030E17DA87F0000:error::asn1 encoding routines:ASN1_get_object:header too long:../openssl/crypto/asn1/asn1_lib.c:103:
Unable to load private key for CMP client certificate
cmp_main:../openssl/apps/cmp.c:2819:CMP error: cannot set up CMP context
# cmp_main:../openssl/apps/cmp.c:2666:CMP info: using OpenSSL configuration file '../Mock/test.cnf'
# opt_str:../openssl/apps/cmp.c:2263:CMP warning: argument of -proxy option is empty string, resetting option
# warn_cert_msg:../openssl/apps/cmp.c:690:CMP warning: certificate from 'trusted.crt' with subject '/O=openssl_cmp' is not a CA cert
../../../../../no-des/util/wrap.pl ../../../../../no-des/apps/openssl cmp -config ../Mock/test.cnf -section 'Mock enrollment' -proxy '' -no_proxy 127.0.0.1 -cmd ir -newkey new.key -newkeypass 'pass:' -certout test.certout_revreason.pem -out_trusted root.crt -revreason 5 =&gt; 1
    not ok 79 - ir + ignored revocation
# ------------------------------------------------------------------------------
Could not read any key of private key for CMP client certificate from signer.p12
C0108E54CA7F0000:error::asn1 encoding routines:ASN1_get_object:header too long:../openssl/crypto/asn1/asn1_lib.c:103:
Unable to load private key for CMP client certificate
cmp_main:../openssl/apps/cmp.c:2819:CMP error: cannot set up CMP context
# cmp_main:../openssl/apps/cmp.c:2666:CMP info: using OpenSSL configuration file '../Mock/test.cnf'
# opt_str:../openssl/apps/cmp.c:2263:CMP warning: argument of -proxy option is empty string, resetting option
# warn_cert_msg:../openssl/apps/cmp.c:690:CMP warning: certificate from 'trusted.crt' with subject '/O=openssl_cmp' is not a CA cert
../../../../../no-des/util/wrap.pl ../../../../../no-des/apps/openssl cmp -config ../Mock/test.cnf -section 'Mock enrollment' -proxy '' -no_proxy 127.0.0.1 -cmd cr -newkey new.key -newkeypass 'pass:' -certout test.certout_cr.pem -out_trusted root.crt =&gt; 1
    not ok 82 - cr
# ------------------------------------------------------------------------------
    # Looks like you failed 29 tests of 92.
not ok 7 - CMP app CLI Mock enrollment
# ------------------------------------------------------------------------------
# 
#   Failed test 'CMP app CLI Mock enrollment
# '
#   at /home/openssl/run-checker/no-des/../openssl/util/perl/OpenSSL/Test.pm line 1302.
# Looks like you failed 5 tests of 7.81-test_cmp_cli.t .................. 
Dubious, test returned 5 (wstat 1280, 0x500)
Failed 5/7 subtests 
90-test_asn1_time.t ................ ok
90-test_async.t .................... ok
90-test_bio_enc.t .................. ok
90-test_bio_memleak.t .............. ok
90-test_constant_time.t ............ ok
90-test_fatalerr.t ................. ok
90-test_gmdiff.t ................... ok
90-test_gost.t ..................... ok
90-test_ige.t ...................... ok
90-test_includes.t ................. ok
90-test_memleak.t .................. ok
90-test_overhead.t ................. ok
90-test_secmem.t ................... ok
90-test_shlibload.t ................ ok
90-test_srp.t ...................... ok
90-test_sslapi.t ................... ok
90-test_sslbuffers.t ............... ok
90-test_store.t .................... ok
90-test_sysdefault.t ............... ok
90-test_threads.t .................. ok
90-test_time_offset.t .............. ok
90-test_tls13ccs.t ................. ok
90-test_tls13encryption.t .......... ok
90-test_tls13secrets.t ............. ok
90-test_v3name.t ................... ok
95-test_external_boringssl.t ....... skipped: No external tests in this configuration
95-test_external_gost_engine.t ..... skipped: No external tests in this configuration
95-test_external_krb5.t ............ skipped: No external tests in this configuration
95-test_external_pyca.t ............ skipped: No external tests in this configuration
99-test_ecstress.t ................. ok
99-test_fuzz.t ..................... ok

Test Summary Report
-------------------
30-test_evp.t                    (Wstat: 768 Tests: 84 Failed: 3)
  Failed tests:  12, 36, 69
  Non-zero exit status: 3
30-test_evp_kdf.t                (Wstat: 256 Tests: 1 Failed: 1)
  Failed test:  1
  Non-zero exit status: 1
81-test_cmp_cli.t                (Wstat: 1280 Tests: 7 Failed: 5)
  Failed tests:  3-7
  Non-zero exit status: 5
Files=212, Tests=3427, 693 wallclock secs (15.15 usr  1.47 sys + 621.62 cusr 60.27 csys = 698.51 CPU)
Result: FAIL
Makefile:3104: recipe for target '_tests' failed
make[1]: *** [_tests] Error 1
make[1]: Leaving directory '/home/openssl/run-checker/no-des'
Makefile:3102: recipe for target 'tests' failed
make: *** [tests] Error 2
</PRE>







































































































<!--endarticle-->
    <HR>
    <P><UL>
        <!--threads-->
	<LI>Previous message: <A HREF="030703.html">Still FAILED build of OpenSSL branch master with options -d --strict-warnings no-des
</A></li>
	<LI>Next message: <A HREF="030832.html">Still FAILED build of OpenSSL branch master with options -d --strict-warnings no-des
</A></li>
         <LI> <B>Messages sorted by:</B> 
              <a href="date.html#30760">[ date ]</a>
              <a href="thread.html#30760">[ thread ]</a>
              <a href="subject.html#30760">[ subject ]</a>
              <a href="author.html#30760">[ author ]</a>
         </LI>
       </UL>

<hr>
<a href="../../../mailman/listinfo/openssl-commits.html">More information about the openssl-commits
mailing list</a><br>
</body></html>
