<!DOCTYPE HTML PUBLIC "-//W3C//DTD HTML 4.01 Transitional//EN">
<HTML>
 <HEAD>
   <TITLE> Still FAILED build of OpenSSL branch master with options -d --strict-warnings no-engine
   </TITLE>
   <LINK REL="Index" HREF="https://mta.openssl.org/pipermail/openssl-commits/2020-September/index.html" >
   <LINK REL="made" HREF="mailto:openssl-commits%40openssl.org?Subject=Re%3A%20Still%20FAILED%20build%20of%20OpenSSL%20branch%20master%20with%20options%20-d%0A%20--strict-warnings%20no-engine&In-Reply-To=%3C1600943680.396699.11915.nullmailer%40run.openssl.org%3E">
   <META NAME="robots" CONTENT="index,nofollow">
   <style type="text/css">
       pre {
           white-space: pre-wrap;       /* css-2.1, curent FF, Opera, Safari */
           }
   </style>
   <META http-equiv="Content-Type" content="text/html; charset=us-ascii">
   <LINK REL="Previous"  HREF="030841.html">
   <LINK REL="Next"  HREF="030971.html">
 </HEAD>
 <BODY BGCOLOR="#ffffff">
   <H1>Still FAILED build of OpenSSL branch master with options -d --strict-warnings no-engine</H1>
    <B>OpenSSL run-checker</B> 
    <A HREF="mailto:openssl-commits%40openssl.org?Subject=Re%3A%20Still%20FAILED%20build%20of%20OpenSSL%20branch%20master%20with%20options%20-d%0A%20--strict-warnings%20no-engine&In-Reply-To=%3C1600943680.396699.11915.nullmailer%40run.openssl.org%3E"
       TITLE="Still FAILED build of OpenSSL branch master with options -d --strict-warnings no-engine">openssl at openssl.org
       </A><BR>
    <I>Thu Sep 24 10:34:40 UTC 2020</I>
    <P><UL>
        <LI>Previous message: <A HREF="030841.html">Still FAILED build of OpenSSL branch master with options -d --strict-warnings no-engine
</A></li>
        <LI>Next message: <A HREF="030971.html">Still FAILED build of OpenSSL branch master with options -d --strict-warnings no-engine
</A></li>
         <LI> <B>Messages sorted by:</B> 
              <a href="date.html#30889">[ date ]</a>
              <a href="thread.html#30889">[ thread ]</a>
              <a href="subject.html#30889">[ subject ]</a>
              <a href="author.html#30889">[ author ]</a>
         </LI>
       </UL>
    <HR>  
<!--beginarticle-->
<PRE>Platform and configuration command:

$ uname -a
Linux run 4.15.0-106-generic #107-Ubuntu SMP Thu Jun 4 11:27:52 UTC 2020 x86_64 x86_64 x86_64 GNU/Linux
$ CC=clang ../openssl/config -d --strict-warnings no-engine

Commit log since last time:

b0614f0ae3 drbg: revert renamings of the generate and reseed counter
0ce47b35c7 Configurations/unix-Makefile.tmpl: make cleanup kinder
e771249c4f Fix propq in x942kdf
0ecec0fa08 Fix missing propq in sm2
851886b061 Fix missing propq in ffc_params_generate
c4b3ea73a7 Fix missing propq in ecdh_cms_set_shared_info()
8dbef010e7 Fix ecx so that is uses a settable propertyquery
7f80980fb7 Fix ssl_hmac_new() so that it uses the propq
26496f5a5c Fix EVP_KDF_scrypt so that is uses a propq for its fetch.
719523c76d Change rsa gen so it can use the propq from OSSL_PKEY_PARAM_RSA_DIGEST
81777339e9 Fix CID 1466709 : Negative value passed to a function that cant be negative in cms_sd.c
ced5231b04 Fix CID 1466710 : Resource leak in ec_kmgmt due to new call to ossl_prov_is_running()
965d3f36c4 Fix CID 1466712 : Resource leak in ec_kmgmt due to new callto ossl_prov_is_running()
ad2dbfb543 Fix CID 1466713 : Dead code in encode_key2text.c
d65ab22efd Fix CID 1466714 : Null pointer dereference in EVP_PKEY_CTX_ctrl() due to new call to evp_pkey_ctx_store_cached_data()
78ef571707 Fix CID 1467068 : Null pointer dereference in self_test.c
2e9ab56edc rand: add a test case for configuration based random
2ff4e15dc2 list: add capability to print details about the current DRBGs
0ed26fb63c drbg: gettable parameters for cipher/digest/mac type.
c9452d74a4 kdf/mac: add name query calls for KDFs and MACs
d8e52fd05e evp_rand: fix bug in gettable_ctx/settable_ctx calls
44d2482ba6 Add a &quot;random&quot; configuration section.
11b93a1c82 DOC: remove OPENSSL_CTX from OSSL_DECODER_CTX_new
4640cd00c3 rand: reference count the EVP_RAND contexts.
8e3a64fdb6 Add auto-gen SM2 der files into .gitignore
e9aa4a16a6 refactor get params functions
1d03db9085 support PARAM_SECURITY_BITS for SM2
b3d267caac Address review comments
d0b79f8631 Add SM2 signature algorithm to default provider
7ee511d093 Add SM2 key management
6b1428ac12 Added FIPS DEP initialization for the NonStop platform in fips/self_test.c.

Build log ended with (last 100 lines):

storeutl: Use -help for summary.
../../../util/wrap.pl ../../../apps/openssl storeutl -engine loader_attic -certs -noout ../../../../openssl/test/testcrl.pem =&gt; 1
not ok 410 - Checking that -certs returns 0 objects on a CRL file
# ------------------------------------------------------------------------------
#   Failed test 'Checking that -certs returns 0 objects on a CRL file'
#   at ../openssl/test/recipes/90-test_store.t line 208.
storeutl: Unknown message digest: engine
storeutl: Use -help for summary.
../../../util/wrap.pl ../../../apps/openssl storeutl -engine loader_attic -crls -noout ../../../../openssl/test/testx509.pem =&gt; 1
not ok 411 - Checking that -crls returns 0 objects on a certificate file
# ------------------------------------------------------------------------------
#   Failed test 'Checking that -crls returns 0 objects on a certificate file'
#   at ../openssl/test/recipes/90-test_store.t line 212.
storeutl: Unknown message digest: engine
storeutl: Use -help for summary.
../../../util/wrap.pl ../../../apps/openssl storeutl -engine loader_attic -crls -noout ../../../../openssl/test/testcrl.pem =&gt; 1
not ok 412 - Checking that -crls returns 1 object on a CRL file
# ------------------------------------------------------------------------------
#   Failed test 'Checking that -crls returns 1 object on a CRL file'
#   at ../openssl/test/recipes/90-test_store.t line 215.
storeutl: Unknown message digest: engine
storeutl: Use -help for summary.
../../../util/wrap.pl ../../../apps/openssl storeutl -engine loader_attic -noout -subject '/C=AU/ST=QLD/CN=SSLeay\/rsa test cert' rehash =&gt; 1
not ok 413
# ------------------------------------------------------------------------------
#   Failed test at ../openssl/test/recipes/90-test_store.t line 226.
storeutl: Unknown message digest: engine
storeutl: Use -help for summary.
../../../util/wrap.pl ../../../apps/openssl storeutl -engine loader_attic -noout -subject '/C=US/O=RSA Data Security, Inc./OU=Secure Server Certification Authority' rehash =&gt; 1
not ok 414
# ------------------------------------------------------------------------------
#   Failed test at ../openssl/test/recipes/90-test_store.t line 229.
storeutl: Unknown message digest: engine
storeutl: Use -help for summary.
../../../util/wrap.pl ../../../apps/openssl storeutl -engine loader_attic -noout -certs -subject '/C=AU/ST=QLD/CN=SSLeay\/rsa test cert' rehash =&gt; 1
not ok 415
# ------------------------------------------------------------------------------
#   Failed test at ../openssl/test/recipes/90-test_store.t line 233.
storeutl: Unknown message digest: engine
storeutl: Use -help for summary.
../../../util/wrap.pl ../../../apps/openssl storeutl -engine loader_attic -noout -crls -subject '/C=AU/ST=QLD/CN=SSLeay\/rsa test cert' rehash =&gt; 1
not ok 416
# ------------------------------------------------------------------------------
#   Failed test at ../openssl/test/recipes/90-test_store.t line 236.
storeutl: Unknown message digest: engine
storeutl: Use -help for summary.
../../../util/wrap.pl ../../../apps/openssl storeutl -engine loader_attic -noout -certs -subject '/C=US/O=RSA Data Security, Inc./OU=Secure Server Certification Authority' rehash =&gt; 1
not ok 417
# ------------------------------------------------------------------------------
#   Failed test at ../openssl/test/recipes/90-test_store.t line 239.
storeutl: Unknown message digest: engine
storeutl: Use -help for summary.
../../../util/wrap.pl ../../../apps/openssl storeutl -engine loader_attic -noout -crls -subject '/C=US/O=RSA Data Security, Inc./OU=Secure Server Certification Authority' rehash =&gt; 1
not ok 418
# ------------------------------------------------------------------------------
#   Failed test at ../openssl/test/recipes/90-test_store.t line 243.
# Looks like you failed 157 tests of 418.90-test_store.t .................... 
Dubious, test returned 157 (wstat 40192, 0x9d00)
Failed 157/418 subtests 
90-test_sysdefault.t ............... ok
90-test_threads.t .................. ok
90-test_time_offset.t .............. ok
90-test_tls13ccs.t ................. ok
90-test_tls13encryption.t .......... ok
90-test_tls13secrets.t ............. ok
90-test_v3name.t ................... ok
95-test_external_boringssl.t ....... skipped: No external tests in this configuration
95-test_external_gost_engine.t ..... skipped: No external tests in this configuration
95-test_external_krb5.t ............ skipped: No external tests in this configuration
95-test_external_pyca.t ............ skipped: No external tests in this configuration
99-test_ecstress.t ................. ok
99-test_fuzz.t ..................... ok

Test Summary Report
-------------------
20-test_pkeyutl.t                (Wstat: 512 Tests: 11 Failed: 2)
  Failed tests:  1-2
  Non-zero exit status: 2
25-test_req.t                    (Wstat: 256 Tests: 16 Failed: 1)
  Failed test:  14
  Non-zero exit status: 1
90-test_store.t                  (Wstat: 40192 Tests: 418 Failed: 157)
  Failed tests:  216-220, 222-226, 228-232, 234-238, 240-244
                246-248, 250-252, 254-256, 258-260, 262-264
                266-268, 270-272, 274-276, 278-280, 282-284
                286-288, 290-292, 294-296, 298-300, 302-304
                306-308, 310-312, 314-316, 318-320, 322-324
                326-328, 330-332, 334-336, 338-340, 342-344
                346-348, 350-352, 354-356, 358-360, 362-364
                366-368, 370-372, 374-376, 378-380, 382-384
                386-388, 390-392, 394-396, 398-402, 405-407
                409-418
  Non-zero exit status: 157
Files=213, Tests=3393, 648 wallclock secs (10.42 usr  1.15 sys + 594.62 cusr 52.78 csys = 658.97 CPU)
Result: FAIL
Makefile:3138: recipe for target '_tests' failed
make[1]: *** [_tests] Error 1
make[1]: Leaving directory '/home/openssl/run-checker/no-engine'
Makefile:3136: recipe for target 'tests' failed
make: *** [tests] Error 2
</PRE>








































































<!--endarticle-->
    <HR>
    <P><UL>
        <!--threads-->
	<LI>Previous message: <A HREF="030841.html">Still FAILED build of OpenSSL branch master with options -d --strict-warnings no-engine
</A></li>
	<LI>Next message: <A HREF="030971.html">Still FAILED build of OpenSSL branch master with options -d --strict-warnings no-engine
</A></li>
         <LI> <B>Messages sorted by:</B> 
              <a href="date.html#30889">[ date ]</a>
              <a href="thread.html#30889">[ thread ]</a>
              <a href="subject.html#30889">[ subject ]</a>
              <a href="author.html#30889">[ author ]</a>
         </LI>
       </UL>

<hr>
<a href="../../../mailman/listinfo/openssl-commits.html">More information about the openssl-commits
mailing list</a><br>
</body></html>
