<!DOCTYPE HTML PUBLIC "-//W3C//DTD HTML 4.01 Transitional//EN">
<HTML>
 <HEAD>
   <TITLE> Still FAILED build of OpenSSL branch master with options -d --strict-warnings enable-ubsan -DPEDANTIC -DOPENSSL_SMALL_FOOTPRINT -fno-sanitize=alignment
   </TITLE>
   <LINK REL="Index" HREF="https://mta.openssl.org/pipermail/openssl-commits/2020-September/index.html" >
   <LINK REL="made" HREF="mailto:openssl-commits%40openssl.org?Subject=Re%3A%20Still%20FAILED%20build%20of%20OpenSSL%20branch%20master%20with%20options%20-d%0A%20--strict-warnings%20enable-ubsan%20-DPEDANTIC%20-DOPENSSL_SMALL_FOOTPRINT%0A%20-fno-sanitize%3Dalignment&In-Reply-To=%3C1600854696.813777.1666.nullmailer%40run.openssl.org%3E">
   <META NAME="robots" CONTENT="index,nofollow">
   <style type="text/css">
       pre {
           white-space: pre-wrap;       /* css-2.1, curent FF, Opera, Safari */
           }
   </style>
   <META http-equiv="Content-Type" content="text/html; charset=us-ascii">
   <LINK REL="Previous"  HREF="030786.html">
   <LINK REL="Next"  HREF="030916.html">
 </HEAD>
 <BODY BGCOLOR="#ffffff">
   <H1>Still FAILED build of OpenSSL branch master with options -d --strict-warnings enable-ubsan -DPEDANTIC -DOPENSSL_SMALL_FOOTPRINT -fno-sanitize=alignment</H1>
    <B>OpenSSL run-checker</B> 
    <A HREF="mailto:openssl-commits%40openssl.org?Subject=Re%3A%20Still%20FAILED%20build%20of%20OpenSSL%20branch%20master%20with%20options%20-d%0A%20--strict-warnings%20enable-ubsan%20-DPEDANTIC%20-DOPENSSL_SMALL_FOOTPRINT%0A%20-fno-sanitize%3Dalignment&In-Reply-To=%3C1600854696.813777.1666.nullmailer%40run.openssl.org%3E"
       TITLE="Still FAILED build of OpenSSL branch master with options -d --strict-warnings enable-ubsan -DPEDANTIC -DOPENSSL_SMALL_FOOTPRINT -fno-sanitize=alignment">openssl at openssl.org
       </A><BR>
    <I>Wed Sep 23 09:51:36 UTC 2020</I>
    <P><UL>
        <LI>Previous message: <A HREF="030786.html">Still FAILED build of OpenSSL branch master with options -d --strict-warnings enable-ubsan -DPEDANTIC -DOPENSSL_SMALL_FOOTPRINT -fno-sanitize=alignment
</A></li>
        <LI>Next message: <A HREF="030916.html">Still FAILED build of OpenSSL branch master with options -d --strict-warnings enable-ubsan -DPEDANTIC -DOPENSSL_SMALL_FOOTPRINT -fno-sanitize=alignment
</A></li>
         <LI> <B>Messages sorted by:</B> 
              <a href="date.html#30865">[ date ]</a>
              <a href="thread.html#30865">[ thread ]</a>
              <a href="subject.html#30865">[ subject ]</a>
              <a href="author.html#30865">[ author ]</a>
         </LI>
       </UL>
    <HR>  
<!--beginarticle-->
<PRE>Platform and configuration command:

$ uname -a
Linux run 4.15.0-106-generic #107-Ubuntu SMP Thu Jun 4 11:27:52 UTC 2020 x86_64 x86_64 x86_64 GNU/Linux
$ CC=clang ../openssl/config -d --strict-warnings enable-ubsan -DPEDANTIC -DOPENSSL_SMALL_FOOTPRINT -fno-sanitize=alignment

Commit log since last time:

434343f896 Add const to 'ppin' function parameter
6600baa9bb DOC: POD syntax fixes in doc/man1/openssl-cmp.pod.in
36871717ac Support keys with RSA_METHOD_FLAG_NO_CHECK with OCSP sign
9c13b49a9f Increase PSK_MAX_IDENTITY_LEN from 128 to 256
639bb581ce apps/ocsp: Return non zero exit code with invalid certID
e57bbf9e1a Increase PSK_MAX_PSK_LEN to 512
627ddf7b5b Correct certificate and key names for explicit ec param test
d5b170a2fc Fixed EVP_MAC_final argument count in example
a316356133 Fix merge error with libcrypto.num
b1415dc182 util/find-doc-nits: Add a regexp for C symbols and use it
48b62fb33a DECODER: Some cleanups, and aligning with OSSL_ENCODER
ae12eac074 TEST: Adapt applicable tests to the changed OSSL_ENCODER_CTX_new_by_EVP_PKEY()
97bb8dff1f ENCODER: Adapt calls to the changed OSSL_ENCODER_CTX_new_by_EVP_PKEY()
111dc4b0f1 ENCODER: Refactor our provider encoder implementations
b8975c68b1 ENCODER: Refactor the OSSL_ENCODER API to be more like OSSL_DECODER
5a6d6fe666 ENCODER: Redefine the libcrypto &lt;-&gt; provider interface
4a71bee6cf ocsp_vfy.c: Clean up code w.r.t. coding guidelines and reduce redundancies
b5f82567af Fix: ecp_nistz256-armv4.S bad arguments
08e9684c53 Deprecate ASN1_STRING_length_set in OpenSSL 3.0.
28a5f5b39c util/mkerr.h: Restore header file rename
7889e7aef8 Fix ec keygen so that it passes the library context to SSL_SELF_TEST_get_callback().
f8e747471e Add a copy of OSSL_SELF_TEST_get_callback() to the fips module.
80f4fd18f7 Add KEM (Key encapsulation mechanism) support to providers
28833f1465 Update the EdDSA docs with information about Algorithm Identifiers
4c6348c23a Make sure we properly test for EdDSA with alg ids
d12a2fe4e7 Teach EdDSA signature algorithms about AlgorithmIdentifiers
991a6bb581 Add option to fipsinstall to disable fips security checks at run time.
7a810fac86 Add 'fips-securitychecks' option and plumb this into the actual fips checks
850a485f25 fix provider exchange operations
49ed5ba8f6 fix provider signatures
16fbda848d Separate fips and non fips code for key operations
a88d105ea8 Add missing 'ossl_unused' tags to some gettable and settable methods.
f85a9d26be Add error message to genpkey app for the '-genparam' option
341c3e7f28 Add fips checks for ecdh key agreement
8d17cca5b8 Add fips checks for rsa encryption
b8237707d4 Add fips checks for dh key agreement
0645110ebd Add fips checks for ecdsa signatures
e43b448241 Add fips checks for dsa signatures
3f699197ac Add fips checks for rsa signatures.
282de1cc2d Fix some doc-nits and make update errors
028b31b32d Remove some unneeded code from lhash.h
efffd8a6e4 Update err.h to use the new lhash generation code
2ca697ce00 Update conf.h.in to use the new lhash generation code
726b329339 Provide basis for fixing lhash code
ecf15b16ee s_client.pod: Fix grammar in NOTES section.

Build log ended with (last 100 lines):

            # Server sent alert unexpected_message but client received no alert.
            # 40076A646B7F0000:error::SSL routines::unexpected message:../openssl/ssl/statem/statem_srvr.c:314:
            not ok 9 - iteration 9
# ------------------------------------------------------------------------------
        not ok 1 - test_handshake
# ------------------------------------------------------------------------------
../../util/wrap.pl ../../test/ssl_test 25-cipher.cnf.default default =&gt; 1
    not ok 6 - running ssl_test 25-cipher.cnf
# ------------------------------------------------------------------------------
    # Looks like you failed 2 tests of 9.
not ok 26 - Test configuration 25-cipher.cnf
# ------------------------------------------------------------------------------
# Looks like you failed 1 test of 31.80-test_ssl_new.t .................. 
Dubious, test returned 1 (wstat 256, 0x100)
Failed 1/31 subtests 
80-test_ssl_old.t .................. ok
80-test_ssl_test_ctx.t ............. ok

        # INFO:  @ ../openssl/test/sslcorrupttest.c:197
        # Starting #2, ECDHE-RSA-CHACHA20-POLY1305
        # ERROR: (int) 'SSL_get_error(clientssl, 0) == SSL_ERROR_WANT_READ' failed @ ../openssl/test/ssltestlib.c:1032
        # [1] compared to [2]
        # ERROR: (bool) 'create_ssl_connection(server, client, SSL_ERROR_NONE) == true' failed @ ../openssl/test/sslcorrupttest.c:227
        # false
        # 4077B404677F0000:error::SSL routines::unexpected message:../openssl/ssl/statem/statem_clnt.c:399:
        not ok 3 - iteration 3
# ------------------------------------------------------------------------------
        # INFO:  @ ../openssl/test/sslcorrupttest.c:197
        # Starting #3, DHE-RSA-CHACHA20-POLY1305
        # ERROR: (int) 'SSL_get_error(clientssl, 0) == SSL_ERROR_WANT_READ' failed @ ../openssl/test/ssltestlib.c:1032
        # [1] compared to [2]
        # ERROR: (bool) 'create_ssl_connection(server, client, SSL_ERROR_NONE) == true' failed @ ../openssl/test/sslcorrupttest.c:227
        # false
        # 4077B404677F0000:error::SSL routines::unexpected message:../openssl/ssl/statem/statem_clnt.c:399:
        not ok 4 - iteration 4
# ------------------------------------------------------------------------------
    not ok 1 - test_ssl_corrupt
# ------------------------------------------------------------------------------
../../util/wrap.pl ../../test/sslcorrupttest ../../../openssl/apps/server.pem ../../../openssl/apps/server.pem =&gt; 1
not ok 1 - running sslcorrupttest
# ------------------------------------------------------------------------------
#   Failed test 'running sslcorrupttest'
#   at ../openssl/test/recipes/80-test_sslcorrupt.t line 19.
# Looks like you failed 1 test of 1.80-test_sslcorrupt.t ............... 
Dubious, test returned 1 (wstat 256, 0x100)
Failed 1/1 subtests 
80-test_tsa.t ...................... ok
80-test_x509aux.t .................. ok

# 81-test_cmp_cli.t .................. ok
90-test_asn1_time.t ................ ok
90-test_async.t .................... ok
90-test_bio_enc.t .................. ok
90-test_bio_memleak.t .............. ok
90-test_constant_time.t ............ ok
90-test_fatalerr.t ................. ok
90-test_gmdiff.t ................... ok
90-test_gost.t ..................... ok
90-test_ige.t ...................... ok
90-test_includes.t ................. ok
90-test_memleak.t .................. ok
90-test_overhead.t ................. ok
90-test_secmem.t ................... ok
90-test_shlibload.t ................ ok
90-test_srp.t ...................... ok
90-test_sslapi.t ................... ok
90-test_sslbuffers.t ............... ok
90-test_store.t .................... ok
90-test_sysdefault.t ............... ok
90-test_threads.t .................. ok
90-test_time_offset.t .............. ok
90-test_tls13ccs.t ................. ok
90-test_tls13encryption.t .......... ok
90-test_tls13secrets.t ............. ok
90-test_v3name.t ................... ok
95-test_external_boringssl.t ....... skipped: No external tests in this configuration
95-test_external_gost_engine.t ..... skipped: No external tests in this configuration
95-test_external_krb5.t ............ skipped: No external tests in this configuration
95-test_external_pyca.t ............ skipped: No external tests in this configuration
99-test_ecstress.t ................. ok
99-test_fuzz.t ..................... ok

Test Summary Report
-------------------
80-test_dtls_mtu.t               (Wstat: 256 Tests: 1 Failed: 1)
  Failed test:  1
  Non-zero exit status: 1
80-test_ssl_new.t                (Wstat: 256 Tests: 31 Failed: 1)
  Failed test:  26
  Non-zero exit status: 1
80-test_sslcorrupt.t             (Wstat: 256 Tests: 1 Failed: 1)
  Failed test:  1
  Non-zero exit status: 1
Files=212, Tests=3578, 1535 wallclock secs (14.34 usr  1.31 sys + 1448.54 cusr 81.86 csys = 1546.05 CPU)
Result: FAIL
Makefile:3178: recipe for target '_tests' failed
make[1]: *** [_tests] Error 1
make[1]: Leaving directory '/home/openssl/run-checker/enable-ubsan'
Makefile:3176: recipe for target 'tests' failed
make: *** [tests] Error 2
</PRE>



































<!--endarticle-->
    <HR>
    <P><UL>
        <!--threads-->
	<LI>Previous message: <A HREF="030786.html">Still FAILED build of OpenSSL branch master with options -d --strict-warnings enable-ubsan -DPEDANTIC -DOPENSSL_SMALL_FOOTPRINT -fno-sanitize=alignment
</A></li>
	<LI>Next message: <A HREF="030916.html">Still FAILED build of OpenSSL branch master with options -d --strict-warnings enable-ubsan -DPEDANTIC -DOPENSSL_SMALL_FOOTPRINT -fno-sanitize=alignment
</A></li>
         <LI> <B>Messages sorted by:</B> 
              <a href="date.html#30865">[ date ]</a>
              <a href="thread.html#30865">[ thread ]</a>
              <a href="subject.html#30865">[ subject ]</a>
              <a href="author.html#30865">[ author ]</a>
         </LI>
       </UL>

<hr>
<a href="../../../mailman/listinfo/openssl-commits.html">More information about the openssl-commits
mailing list</a><br>
</body></html>
