<!DOCTYPE HTML PUBLIC "-//W3C//DTD HTML 4.01 Transitional//EN">
<HTML>
 <HEAD>
   <TITLE> Still FAILED build of OpenSSL branch master with options -d --strict-warnings no-rc2
   </TITLE>
   <LINK REL="Index" HREF="https://mta.openssl.org/pipermail/openssl-commits/2020-September/index.html" >
   <LINK REL="made" HREF="mailto:openssl-commits%40openssl.org?Subject=Re%3A%20Still%20FAILED%20build%20of%20OpenSSL%20branch%20master%20with%20options%20-d%0A%20--strict-warnings%20no-rc2&In-Reply-To=%3C1601340747.825415.24928.nullmailer%40run.openssl.org%3E">
   <META NAME="robots" CONTENT="index,nofollow">
   <style type="text/css">
       pre {
           white-space: pre-wrap;       /* css-2.1, curent FF, Opera, Safari */
           }
   </style>
   <META http-equiv="Content-Type" content="text/html; charset=us-ascii">
   <LINK REL="Previous"  HREF="030908.html">
   <LINK REL="Next"  HREF="030410.html">
 </HEAD>
 <BODY BGCOLOR="#ffffff">
   <H1>Still FAILED build of OpenSSL branch master with options -d --strict-warnings no-rc2</H1>
    <B>OpenSSL run-checker</B> 
    <A HREF="mailto:openssl-commits%40openssl.org?Subject=Re%3A%20Still%20FAILED%20build%20of%20OpenSSL%20branch%20master%20with%20options%20-d%0A%20--strict-warnings%20no-rc2&In-Reply-To=%3C1601340747.825415.24928.nullmailer%40run.openssl.org%3E"
       TITLE="Still FAILED build of OpenSSL branch master with options -d --strict-warnings no-rc2">openssl at openssl.org
       </A><BR>
    <I>Tue Sep 29 00:52:27 UTC 2020</I>
    <P><UL>
        <LI>Previous message: <A HREF="030908.html">Still FAILED build of OpenSSL branch master with options -d --strict-warnings no-rc2
</A></li>
        <LI>Next message: <A HREF="030410.html">Still FAILED build of OpenSSL branch master with options -d --strict-warnings no-sock
</A></li>
         <LI> <B>Messages sorted by:</B> 
              <a href="date.html#30982">[ date ]</a>
              <a href="thread.html#30982">[ thread ]</a>
              <a href="subject.html#30982">[ subject ]</a>
              <a href="author.html#30982">[ author ]</a>
         </LI>
       </UL>
    <HR>  
<!--beginarticle-->
<PRE>Platform and configuration command:

$ uname -a
Linux run 4.15.0-106-generic #107-Ubuntu SMP Thu Jun 4 11:27:52 UTC 2020 x86_64 x86_64 x86_64 GNU/Linux
$ CC=clang ../openssl/config -d --strict-warnings no-rc2

Commit log since last time:

d93bded6aa optimise ssl3_get_cipher_by_std_name()
8c27ee6e05 STORE: Clear a couple of TODOs that were there for the sake of SM2
4ff993d791 Implement treatment of id-pkix-ocsp-no-check extension for OCSP_basic_verify()
cf61b97d5f Generate a certificate with critical id-pkix-ocsp-nocheck extension
37326895b7 OCSP_resp_find_status.pod: Slightly improve the documentation of various flags
7d5ea3fecb OCSP_resp_find_status.pod: Replace function arg references B&lt;...&gt; by I&lt;...&gt;
4f5b222b84 Fix bug in EDDSA speed test
3786d74868 en EVP_PKEY_CTX_set_rsa_keygen_pubexp() BIGNUM management
fa9e541d49 Remove openssl provider app
fc959d7171 Update openssl list to support new provider objects.
1c52bf3c04 Add EVP_ASYM_CIPHER_gettable_ctx_params() and EVP_ASYM_CIPHER_settable_ctx_params()
5a9500488d Add EVP_KEM_gettable_ctx_params() and EVP_KEM_settable_ctx_params()
d3edef83f5 Modified rand_cpu_x86.c to support builtin hardware randomizer on HPE NonStop.
a48309cb5c Document the provider side SM2 Asymmetric Cipher support
bfb56a974d Extend the SM2 asym cipher test
989684227b Remove some dead SM2 code
fb2a6954fb Clean up some SM2 related TODOs in the tests
ce64d3eee0 Move SM2 asymmetric encryption to be available in the default provider
7a032be7f2 Build: Make NonStop shared libraries only export selected symbols
8a288609b1 TEST: Remove use of EVP_PKEY_set_alias_type() in test/evp_extra_test.c
14711fffbf EVP: Enforce that EVP_PKEY_set_alias_type() only works with legacy keys
294e380220 Configuration: Don't have shared libraries depend on themselves
e07a7892ee Configuration: Make it possible to have an argument file
25b16562d3 Hide ECX_KEY again
21e5be854d Add key length check to rsa_kem operation.
4e0723bc93 Test.pm: Some clarifications added to the documentation
1061baf646 apps/ca.c: Rename confusing variable 'req' to 'template_cert' in certify_cert()
29844ea5b3 Prune low-level ASN.1 parse errors from error queue in decoder_process()
50eb2a5077 load_key_certs_crls(): Restore output of fatal errors
254b5dcabd ACVP: add test case for DRBG
cdb5129e5c Use OPENSSL_SYS_TANDEM instead of OPENSSL_SYSNAME_TANDEM
37fe90ad17 Configure: Show 'enable' and 'disable' config attributes
c60330cb0e Configuration: Streamline NonStop entries
3eb99601b1 Simplify the tarball generating scripts

Build log ended with (last 100 lines):

70-test_servername.t ............... ok
70-test_sslcbcpadding.t ............ ok
70-test_sslcertstatus.t ............ ok
70-test_sslextension.t ............. ok
70-test_sslmessages.t .............. ok
70-test_sslrecords.t ............... ok
70-test_sslsessiontick.t ........... ok
70-test_sslsigalgs.t ............... ok
70-test_sslsignature.t ............. ok
70-test_sslskewith0p.t ............. ok
70-test_sslversions.t .............. ok
70-test_sslvertol.t ................ ok
70-test_tls13alerts.t .............. ok
70-test_tls13cookie.t .............. ok
70-test_tls13downgrade.t ........... ok
70-test_tls13hrr.t ................. ok
70-test_tls13kexmodes.t ............ ok
70-test_tls13messages.t ............ ok
70-test_tls13psk.t ................. ok
70-test_tlsextms.t ................. ok
70-test_verify_extra.t ............. ok
70-test_wpacket.t .................. ok
71-test_ssl_ctx.t .................. ok
80-test_ca.t ....................... ok
80-test_cipherbytes.t .............. ok
80-test_cipherlist.t ............... ok
80-test_ciphername.t ............... ok

# 80-test_cms.t ...................... ok
80-test_cmsapi.t ................... ok
80-test_ct.t ....................... ok
80-test_dane.t ..................... ok
80-test_dtls.t ..................... ok
80-test_dtls_mtu.t ................. ok
80-test_dtlsv1listen.t ............. ok
80-test_http.t ..................... ok
80-test_ocsp.t ..................... ok

Could not read any certificates from -in file from ../../../openssl/test/certs/v3-certs-RC2.p12
C090932A3A7F0000:error::digital envelope routines:EVP_PBE_CipherInit:unknown cipher:../openssl/crypto/evp/evp_pbe.c:116:RC2-40-CBC
../../util/wrap.pl ../../apps/openssl pkcs12 -export -in ../../../openssl/test/certs/v3-certs-RC2.p12 -passin 'pass:v3-certs' -provider default -provider legacy -nokeys -passout 'pass:v3-certs' -descert -out tmp.p12 =&gt; 1
not ok 5 - test_pkcs12_passcert
# ------------------------------------------------------------------------------
#   Failed test 'test_pkcs12_passcert'
#   at ../openssl/test/recipes/80-test_pkcs12.t line 93.
# Looks like you failed 1 test of 5.80-test_pkcs12.t ................... 
Dubious, test returned 1 (wstat 256, 0x100)
Failed 1/5 subtests 
80-test_ssl_new.t .................. ok
80-test_ssl_old.t .................. ok
80-test_ssl_test_ctx.t ............. ok
80-test_sslcorrupt.t ............... ok
80-test_tsa.t ...................... ok
80-test_x509aux.t .................. ok

# 81-test_cmp_cli.t .................. ok
90-test_asn1_time.t ................ ok
90-test_async.t .................... ok
90-test_bio_enc.t .................. ok
90-test_bio_memleak.t .............. ok
90-test_constant_time.t ............ ok
90-test_fatalerr.t ................. ok
90-test_gmdiff.t ................... ok
90-test_gost.t ..................... ok
90-test_ige.t ...................... ok
90-test_includes.t ................. ok
90-test_memleak.t .................. ok
90-test_overhead.t ................. ok
90-test_secmem.t ................... ok
90-test_shlibload.t ................ ok
90-test_srp.t ...................... ok
90-test_sslapi.t ................... ok
90-test_sslbuffers.t ............... ok
90-test_store.t .................... ok
90-test_sysdefault.t ............... ok
90-test_threads.t .................. ok
90-test_time_offset.t .............. ok
90-test_tls13ccs.t ................. ok
90-test_tls13encryption.t .......... ok
90-test_tls13secrets.t ............. ok
90-test_v3name.t ................... ok
95-test_external_boringssl.t ....... skipped: No external tests in this configuration
95-test_external_gost_engine.t ..... skipped: No external tests in this configuration
95-test_external_krb5.t ............ skipped: No external tests in this configuration
95-test_external_pyca.t ............ skipped: No external tests in this configuration
99-test_ecstress.t ................. ok
99-test_fuzz.t ..................... ok

Test Summary Report
-------------------
80-test_pkcs12.t                 (Wstat: 256 Tests: 5 Failed: 1)
  Failed test:  5
  Non-zero exit status: 1
Files=212, Tests=3563, 641 wallclock secs (13.29 usr  1.30 sys + 575.34 cusr 61.53 csys = 651.46 CPU)
Result: FAIL
Makefile:3164: recipe for target '_tests' failed
make[1]: *** [_tests] Error 1
make[1]: Leaving directory '/home/openssl/run-checker/no-rc2'
Makefile:3162: recipe for target 'tests' failed
make: *** [tests] Error 2
</PRE>

<!--endarticle-->
    <HR>
    <P><UL>
        <!--threads-->
	<LI>Previous message: <A HREF="030908.html">Still FAILED build of OpenSSL branch master with options -d --strict-warnings no-rc2
</A></li>
	<LI>Next message: <A HREF="030410.html">Still FAILED build of OpenSSL branch master with options -d --strict-warnings no-sock
</A></li>
         <LI> <B>Messages sorted by:</B> 
              <a href="date.html#30982">[ date ]</a>
              <a href="thread.html#30982">[ thread ]</a>
              <a href="subject.html#30982">[ subject ]</a>
              <a href="author.html#30982">[ author ]</a>
         </LI>
       </UL>

<hr>
<a href="../../../mailman/listinfo/openssl-commits.html">More information about the openssl-commits
mailing list</a><br>
</body></html>
