<!DOCTYPE HTML PUBLIC "-//W3C//DTD HTML 4.01 Transitional//EN">
<HTML>
 <HEAD>
   <TITLE> Still FAILED build of OpenSSL branch master with options -d --strict-warnings no-tls1_3
   </TITLE>
   <LINK REL="Index" HREF="https://mta.openssl.org/pipermail/openssl-commits/2020-September/index.html" >
   <LINK REL="made" HREF="mailto:openssl-commits%40openssl.org?Subject=Re%3A%20Still%20FAILED%20build%20of%20OpenSSL%20branch%20master%20with%20options%20-d%0A%20--strict-warnings%20no-tls1_3&In-Reply-To=%3C1601055253.877356.27206.nullmailer%40run.openssl.org%3E">
   <META NAME="robots" CONTENT="index,nofollow">
   <style type="text/css">
       pre {
           white-space: pre-wrap;       /* css-2.1, curent FF, Opera, Safari */
           }
   </style>
   <META http-equiv="Content-Type" content="text/html; charset=us-ascii">
   <LINK REL="Previous"  HREF="030872.html">
   <LINK REL="Next"  HREF="030997.html">
 </HEAD>
 <BODY BGCOLOR="#ffffff">
   <H1>Still FAILED build of OpenSSL branch master with options -d --strict-warnings no-tls1_3</H1>
    <B>OpenSSL run-checker</B> 
    <A HREF="mailto:openssl-commits%40openssl.org?Subject=Re%3A%20Still%20FAILED%20build%20of%20OpenSSL%20branch%20master%20with%20options%20-d%0A%20--strict-warnings%20no-tls1_3&In-Reply-To=%3C1601055253.877356.27206.nullmailer%40run.openssl.org%3E"
       TITLE="Still FAILED build of OpenSSL branch master with options -d --strict-warnings no-tls1_3">openssl at openssl.org
       </A><BR>
    <I>Fri Sep 25 17:34:13 UTC 2020</I>
    <P><UL>
        <LI>Previous message: <A HREF="030872.html">Still FAILED build of OpenSSL branch master with options -d --strict-warnings no-tls1_3
</A></li>
        <LI>Next message: <A HREF="030997.html">Still FAILED build of OpenSSL branch master with options -d --strict-warnings no-tls1_3
</A></li>
         <LI> <B>Messages sorted by:</B> 
              <a href="date.html#30927">[ date ]</a>
              <a href="thread.html#30927">[ thread ]</a>
              <a href="subject.html#30927">[ subject ]</a>
              <a href="author.html#30927">[ author ]</a>
         </LI>
       </UL>
    <HR>  
<!--beginarticle-->
<PRE>Platform and configuration command:

$ uname -a
Linux run 4.15.0-106-generic #107-Ubuntu SMP Thu Jun 4 11:27:52 UTC 2020 x86_64 x86_64 x86_64 GNU/Linux
$ CC=clang ../openssl/config -d --strict-warnings no-tls1_3

Commit log since last time:

b0614f0ae3 drbg: revert renamings of the generate and reseed counter
0ce47b35c7 Configurations/unix-Makefile.tmpl: make cleanup kinder
e771249c4f Fix propq in x942kdf
0ecec0fa08 Fix missing propq in sm2
851886b061 Fix missing propq in ffc_params_generate
c4b3ea73a7 Fix missing propq in ecdh_cms_set_shared_info()
8dbef010e7 Fix ecx so that is uses a settable propertyquery
7f80980fb7 Fix ssl_hmac_new() so that it uses the propq
26496f5a5c Fix EVP_KDF_scrypt so that is uses a propq for its fetch.
719523c76d Change rsa gen so it can use the propq from OSSL_PKEY_PARAM_RSA_DIGEST
81777339e9 Fix CID 1466709 : Negative value passed to a function that cant be negative in cms_sd.c
ced5231b04 Fix CID 1466710 : Resource leak in ec_kmgmt due to new call to ossl_prov_is_running()
965d3f36c4 Fix CID 1466712 : Resource leak in ec_kmgmt due to new callto ossl_prov_is_running()
ad2dbfb543 Fix CID 1466713 : Dead code in encode_key2text.c
d65ab22efd Fix CID 1466714 : Null pointer dereference in EVP_PKEY_CTX_ctrl() due to new call to evp_pkey_ctx_store_cached_data()
78ef571707 Fix CID 1467068 : Null pointer dereference in self_test.c
2e9ab56edc rand: add a test case for configuration based random
2ff4e15dc2 list: add capability to print details about the current DRBGs
0ed26fb63c drbg: gettable parameters for cipher/digest/mac type.
c9452d74a4 kdf/mac: add name query calls for KDFs and MACs
d8e52fd05e evp_rand: fix bug in gettable_ctx/settable_ctx calls
44d2482ba6 Add a &quot;random&quot; configuration section.
11b93a1c82 DOC: remove OPENSSL_CTX from OSSL_DECODER_CTX_new
4640cd00c3 rand: reference count the EVP_RAND contexts.
8e3a64fdb6 Add auto-gen SM2 der files into .gitignore
e9aa4a16a6 refactor get params functions
1d03db9085 support PARAM_SECURITY_BITS for SM2
b3d267caac Address review comments
d0b79f8631 Add SM2 signature algorithm to default provider
7ee511d093 Add SM2 key management
6b1428ac12 Added FIPS DEP initialization for the NonStop platform in fips/self_test.c.

Build log ended with (last 100 lines):

# 81-test_cmp_cli.t .................. ok
90-test_asn1_time.t ................ ok
90-test_async.t .................... ok
90-test_bio_enc.t .................. ok
90-test_bio_memleak.t .............. ok
90-test_constant_time.t ............ ok
90-test_fatalerr.t ................. ok
90-test_gmdiff.t ................... ok
90-test_gost.t ..................... skipped: TLSv1.3 or TLSv1.2 are disabled in this OpenSSL build
90-test_ige.t ...................... ok
90-test_includes.t ................. ok
90-test_memleak.t .................. ok
90-test_overhead.t ................. ok
90-test_secmem.t ................... ok
90-test_shlibload.t ................ ok
90-test_srp.t ...................... ok

        # INFO:  @ ../openssl/test/ssltestlib.c:946
        # SSL_connect() failed -1, 1
        # C0B0FFD9B77F0000:error::SSL routines::no suitable digest algorithm:../openssl/ssl/s3_enc.c:413:
        # INFO:  @ ../openssl/test/ssltestlib.c:964
        # SSL_accept() failed -1, 1
        # C0B0FFD9B77F0000:error::SSL routines::tlsv1 alert internal error:../openssl/ssl/record/rec_layer_s3.c:1615:SSL alert number 80
        # ERROR: (bool) 'create_ssl_connection(serverssl, clientssl, SSL_ERROR_NONE) == true' failed @ ../openssl/test/sslapitest.c:7907
        # false
        not ok 2 - iteration 2
# ------------------------------------------------------------------------------
        # INFO:  @ ../openssl/test/ssltestlib.c:964
        # SSL_accept() failed -1, 1
        # C0B0FFD9B77F0000:error::SSL routines::no suitable digest algorithm:../openssl/ssl/s3_enc.c:413:
        # INFO:  @ ../openssl/test/ssltestlib.c:946
        # SSL_connect() failed -1, 1
        # C0B0FFD9B77F0000:error::SSL routines::tlsv1 alert internal error:../openssl/ssl/record/rec_layer_s3.c:1615:SSL alert number 80
        # ERROR: (bool) 'create_ssl_connection(serverssl, clientssl, SSL_ERROR_NONE) == true' failed @ ../openssl/test/sslapitest.c:7907
        # false
        not ok 3 - iteration 3
# ------------------------------------------------------------------------------
    not ok 37 - test_sigalgs_available
# ------------------------------------------------------------------------------
../../util/wrap.pl ../../test/sslapitest ../../../openssl/test/certs ../../../openssl/test/recipes/90-test_sslapi_data/passwd.txt /tmp/4tuF63FNHM default ../../../openssl/test/default.cnf =&gt; 1
not ok 1 - running sslapitest
# ------------------------------------------------------------------------------
        # INFO:  @ ../openssl/test/ssltestlib.c:946
        # SSL_connect() failed -1, 1
        # C0F04DBB897F0000:error::SSL routines::no suitable digest algorithm:../openssl/ssl/s3_enc.c:413:
        # INFO:  @ ../openssl/test/ssltestlib.c:964
        # SSL_accept() failed -1, 1
        # C0F04DBB897F0000:error::SSL routines::tlsv1 alert internal error:../openssl/ssl/record/rec_layer_s3.c:1615:SSL alert number 80
        # ERROR: (bool) 'create_ssl_connection(serverssl, clientssl, SSL_ERROR_NONE) == true' failed @ ../openssl/test/sslapitest.c:7907
        # false
        not ok 2 - iteration 2
# ------------------------------------------------------------------------------
        # INFO:  @ ../openssl/test/ssltestlib.c:964
        # SSL_accept() failed -1, 1
        # C0F04DBB897F0000:error::SSL routines::no suitable digest algorithm:../openssl/ssl/s3_enc.c:413:
        # INFO:  @ ../openssl/test/ssltestlib.c:946
        # SSL_connect() failed -1, 1
        # C0F04DBB897F0000:error::SSL routines::tlsv1 alert internal error:../openssl/ssl/record/rec_layer_s3.c:1615:SSL alert number 80
        # ERROR: (bool) 'create_ssl_connection(serverssl, clientssl, SSL_ERROR_NONE) == true' failed @ ../openssl/test/sslapitest.c:7907
        # false
        not ok 3 - iteration 3
# ------------------------------------------------------------------------------
    not ok 37 - test_sigalgs_available
# ------------------------------------------------------------------------------
../../util/wrap.pl ../../test/sslapitest ../../../openssl/test/certs ../../../openssl/test/recipes/90-test_sslapi_data/passwd.txt /tmp/4tuF63FNHM fips ../../../openssl/test/fips-and-base.cnf =&gt; 1
not ok 3 - running sslapitest
# ------------------------------------------------------------------------------
#   Failed test 'running sslapitest'
#   at ../openssl/test/recipes/90-test_sslapi.t line 45.
# Looks like you failed 2 tests of 3.90-test_sslapi.t ................... 
Dubious, test returned 2 (wstat 512, 0x200)
Failed 2/3 subtests 
90-test_sslbuffers.t ............... ok
90-test_store.t .................... ok
90-test_sysdefault.t ............... ok
90-test_threads.t .................. ok
90-test_time_offset.t .............. ok
90-test_tls13ccs.t ................. skipped: test_tls13ccs is not supported in this build
90-test_tls13encryption.t .......... skipped: tls13encryption is not supported in this build
90-test_tls13secrets.t ............. skipped: tls13secrets is not supported in this build
90-test_v3name.t ................... ok
95-test_external_boringssl.t ....... skipped: No external tests in this configuration
95-test_external_gost_engine.t ..... skipped: No external tests in this configuration
95-test_external_krb5.t ............ skipped: No external tests in this configuration
95-test_external_pyca.t ............ skipped: No external tests in this configuration
99-test_ecstress.t ................. ok
99-test_fuzz.t ..................... ok

Test Summary Report
-------------------
90-test_sslapi.t                 (Wstat: 512 Tests: 3 Failed: 2)
  Failed tests:  1, 3
  Non-zero exit status: 2
Files=213, Tests=3506, 522 wallclock secs ( 9.59 usr  0.91 sys + 471.09 cusr 47.89 csys = 529.48 CPU)
Result: FAIL
Makefile:3183: recipe for target '_tests' failed
make[1]: *** [_tests] Error 1
make[1]: Leaving directory '/home/openssl/run-checker/no-tls1_3'
Makefile:3181: recipe for target 'tests' failed
make: *** [tests] Error 2
</PRE>


























<!--endarticle-->
    <HR>
    <P><UL>
        <!--threads-->
	<LI>Previous message: <A HREF="030872.html">Still FAILED build of OpenSSL branch master with options -d --strict-warnings no-tls1_3
</A></li>
	<LI>Next message: <A HREF="030997.html">Still FAILED build of OpenSSL branch master with options -d --strict-warnings no-tls1_3
</A></li>
         <LI> <B>Messages sorted by:</B> 
              <a href="date.html#30927">[ date ]</a>
              <a href="thread.html#30927">[ thread ]</a>
              <a href="subject.html#30927">[ subject ]</a>
              <a href="author.html#30927">[ author ]</a>
         </LI>
       </UL>

<hr>
<a href="../../../mailman/listinfo/openssl-commits.html">More information about the openssl-commits
mailing list</a><br>
</body></html>
