<!DOCTYPE HTML PUBLIC "-//W3C//DTD HTML 4.01 Transitional//EN">
<HTML>
 <HEAD>
   <TITLE> Still FAILED build of OpenSSL branch master with options -d --strict-warnings no-rc2
   </TITLE>
   <LINK REL="Index" HREF="https://mta.openssl.org/pipermail/openssl-commits/2020-September/index.html" >
   <LINK REL="made" HREF="mailto:openssl-commits%40openssl.org?Subject=Re%3A%20Still%20FAILED%20build%20of%20OpenSSL%20branch%20master%20with%20options%20-d%0A%20--strict-warnings%20no-rc2&In-Reply-To=%3C1600999438.881970.17481.nullmailer%40run.openssl.org%3E">
   <META NAME="robots" CONTENT="index,nofollow">
   <style type="text/css">
       pre {
           white-space: pre-wrap;       /* css-2.1, curent FF, Opera, Safari */
           }
   </style>
   <META http-equiv="Content-Type" content="text/html; charset=us-ascii">
   <LINK REL="Previous"  HREF="030857.html">
   <LINK REL="Next"  HREF="030982.html">
 </HEAD>
 <BODY BGCOLOR="#ffffff">
   <H1>Still FAILED build of OpenSSL branch master with options -d --strict-warnings no-rc2</H1>
    <B>OpenSSL run-checker</B> 
    <A HREF="mailto:openssl-commits%40openssl.org?Subject=Re%3A%20Still%20FAILED%20build%20of%20OpenSSL%20branch%20master%20with%20options%20-d%0A%20--strict-warnings%20no-rc2&In-Reply-To=%3C1600999438.881970.17481.nullmailer%40run.openssl.org%3E"
       TITLE="Still FAILED build of OpenSSL branch master with options -d --strict-warnings no-rc2">openssl at openssl.org
       </A><BR>
    <I>Fri Sep 25 02:03:58 UTC 2020</I>
    <P><UL>
        <LI>Previous message: <A HREF="030857.html">Still FAILED build of OpenSSL branch master with options -d --strict-warnings no-rc2
</A></li>
        <LI>Next message: <A HREF="030982.html">Still FAILED build of OpenSSL branch master with options -d --strict-warnings no-rc2
</A></li>
         <LI> <B>Messages sorted by:</B> 
              <a href="date.html#30908">[ date ]</a>
              <a href="thread.html#30908">[ thread ]</a>
              <a href="subject.html#30908">[ subject ]</a>
              <a href="author.html#30908">[ author ]</a>
         </LI>
       </UL>
    <HR>  
<!--beginarticle-->
<PRE>Platform and configuration command:

$ uname -a
Linux run 4.15.0-106-generic #107-Ubuntu SMP Thu Jun 4 11:27:52 UTC 2020 x86_64 x86_64 x86_64 GNU/Linux
$ CC=clang ../openssl/config -d --strict-warnings no-rc2

Commit log since last time:

b0614f0ae3 drbg: revert renamings of the generate and reseed counter
0ce47b35c7 Configurations/unix-Makefile.tmpl: make cleanup kinder
e771249c4f Fix propq in x942kdf
0ecec0fa08 Fix missing propq in sm2
851886b061 Fix missing propq in ffc_params_generate
c4b3ea73a7 Fix missing propq in ecdh_cms_set_shared_info()
8dbef010e7 Fix ecx so that is uses a settable propertyquery
7f80980fb7 Fix ssl_hmac_new() so that it uses the propq
26496f5a5c Fix EVP_KDF_scrypt so that is uses a propq for its fetch.
719523c76d Change rsa gen so it can use the propq from OSSL_PKEY_PARAM_RSA_DIGEST
81777339e9 Fix CID 1466709 : Negative value passed to a function that cant be negative in cms_sd.c
ced5231b04 Fix CID 1466710 : Resource leak in ec_kmgmt due to new call to ossl_prov_is_running()
965d3f36c4 Fix CID 1466712 : Resource leak in ec_kmgmt due to new callto ossl_prov_is_running()
ad2dbfb543 Fix CID 1466713 : Dead code in encode_key2text.c
d65ab22efd Fix CID 1466714 : Null pointer dereference in EVP_PKEY_CTX_ctrl() due to new call to evp_pkey_ctx_store_cached_data()
78ef571707 Fix CID 1467068 : Null pointer dereference in self_test.c
2e9ab56edc rand: add a test case for configuration based random
2ff4e15dc2 list: add capability to print details about the current DRBGs
0ed26fb63c drbg: gettable parameters for cipher/digest/mac type.
c9452d74a4 kdf/mac: add name query calls for KDFs and MACs
d8e52fd05e evp_rand: fix bug in gettable_ctx/settable_ctx calls
44d2482ba6 Add a &quot;random&quot; configuration section.
11b93a1c82 DOC: remove OPENSSL_CTX from OSSL_DECODER_CTX_new
4640cd00c3 rand: reference count the EVP_RAND contexts.
8e3a64fdb6 Add auto-gen SM2 der files into .gitignore
e9aa4a16a6 refactor get params functions
1d03db9085 support PARAM_SECURITY_BITS for SM2
b3d267caac Address review comments
d0b79f8631 Add SM2 signature algorithm to default provider
7ee511d093 Add SM2 key management
6b1428ac12 Added FIPS DEP initialization for the NonStop platform in fips/self_test.c.

Build log ended with (last 100 lines):

70-test_servername.t ............... ok
70-test_sslcbcpadding.t ............ ok
70-test_sslcertstatus.t ............ ok
70-test_sslextension.t ............. ok
70-test_sslmessages.t .............. ok
70-test_sslrecords.t ............... ok
70-test_sslsessiontick.t ........... ok
70-test_sslsigalgs.t ............... ok
70-test_sslsignature.t ............. ok
70-test_sslskewith0p.t ............. ok
70-test_sslversions.t .............. ok
70-test_sslvertol.t ................ ok
70-test_tls13alerts.t .............. ok
70-test_tls13cookie.t .............. ok
70-test_tls13downgrade.t ........... ok
70-test_tls13hrr.t ................. ok
70-test_tls13kexmodes.t ............ ok
70-test_tls13messages.t ............ ok
70-test_tls13psk.t ................. ok
70-test_tlsextms.t ................. ok
70-test_verify_extra.t ............. ok
70-test_wpacket.t .................. ok
71-test_ssl_ctx.t .................. ok
80-test_ca.t ....................... ok
80-test_cipherbytes.t .............. ok
80-test_cipherlist.t ............... ok
80-test_ciphername.t ............... ok

# 80-test_cms.t ...................... ok
80-test_cmsapi.t ................... ok
80-test_ct.t ....................... ok
80-test_dane.t ..................... ok
80-test_dtls.t ..................... ok
80-test_dtls_mtu.t ................. ok
80-test_dtlsv1listen.t ............. ok
80-test_http.t ..................... ok
80-test_ocsp.t ..................... ok

Could not read any cert of certificates from -in file from ../../../openssl/test/certs/v3-certs-RC2.p12
C090CA6CDA7F0000:error::asn1 encoding routines:ASN1_get_object:header too long:../openssl/crypto/asn1/asn1_lib.c:103:
../../util/wrap.pl ../../apps/openssl pkcs12 -export -in ../../../openssl/test/certs/v3-certs-RC2.p12 -passin 'pass:v3-certs' -provider default -provider legacy -nokeys -passout 'pass:v3-certs' -descert -out tmp.p12 =&gt; 1
not ok 5 - test_pkcs12_passcert
# ------------------------------------------------------------------------------
#   Failed test 'test_pkcs12_passcert'
#   at ../openssl/test/recipes/80-test_pkcs12.t line 93.
# Looks like you failed 1 test of 5.80-test_pkcs12.t ................... 
Dubious, test returned 1 (wstat 256, 0x100)
Failed 1/5 subtests 
80-test_ssl_new.t .................. ok
80-test_ssl_old.t .................. ok
80-test_ssl_test_ctx.t ............. ok
80-test_sslcorrupt.t ............... ok
80-test_tsa.t ...................... ok
80-test_x509aux.t .................. ok

# 81-test_cmp_cli.t .................. ok
90-test_asn1_time.t ................ ok
90-test_async.t .................... ok
90-test_bio_enc.t .................. ok
90-test_bio_memleak.t .............. ok
90-test_constant_time.t ............ ok
90-test_fatalerr.t ................. ok
90-test_gmdiff.t ................... ok
90-test_gost.t ..................... ok
90-test_ige.t ...................... ok
90-test_includes.t ................. ok
90-test_memleak.t .................. ok
90-test_overhead.t ................. ok
90-test_secmem.t ................... ok
90-test_shlibload.t ................ ok
90-test_srp.t ...................... ok
90-test_sslapi.t ................... ok
90-test_sslbuffers.t ............... ok
90-test_store.t .................... ok
90-test_sysdefault.t ............... ok
90-test_threads.t .................. ok
90-test_time_offset.t .............. ok
90-test_tls13ccs.t ................. ok
90-test_tls13encryption.t .......... ok
90-test_tls13secrets.t ............. ok
90-test_v3name.t ................... ok
95-test_external_boringssl.t ....... skipped: No external tests in this configuration
95-test_external_gost_engine.t ..... skipped: No external tests in this configuration
95-test_external_krb5.t ............ skipped: No external tests in this configuration
95-test_external_pyca.t ............ skipped: No external tests in this configuration
99-test_ecstress.t ................. ok
99-test_fuzz.t ..................... ok

Test Summary Report
-------------------
80-test_pkcs12.t                 (Wstat: 256 Tests: 5 Failed: 1)
  Failed test:  5
  Non-zero exit status: 1
Files=213, Tests=3560, 674 wallclock secs (13.74 usr  1.10 sys + 609.21 cusr 56.98 csys = 681.03 CPU)
Result: FAIL
Makefile:3157: recipe for target '_tests' failed
make[1]: *** [_tests] Error 1
make[1]: Leaving directory '/home/openssl/run-checker/no-rc2'
Makefile:3155: recipe for target 'tests' failed
make: *** [tests] Error 2
</PRE>



<!--endarticle-->
    <HR>
    <P><UL>
        <!--threads-->
	<LI>Previous message: <A HREF="030857.html">Still FAILED build of OpenSSL branch master with options -d --strict-warnings no-rc2
</A></li>
	<LI>Next message: <A HREF="030982.html">Still FAILED build of OpenSSL branch master with options -d --strict-warnings no-rc2
</A></li>
         <LI> <B>Messages sorted by:</B> 
              <a href="date.html#30908">[ date ]</a>
              <a href="thread.html#30908">[ thread ]</a>
              <a href="subject.html#30908">[ subject ]</a>
              <a href="author.html#30908">[ author ]</a>
         </LI>
       </UL>

<hr>
<a href="../../../mailman/listinfo/openssl-commits.html">More information about the openssl-commits
mailing list</a><br>
</body></html>
