<!DOCTYPE HTML PUBLIC "-//W3C//DTD HTML 4.01 Transitional//EN">
<HTML>
 <HEAD>
   <TITLE> Still FAILED build of OpenSSL branch master with options -d --strict-warnings no-dtls
   </TITLE>
   <LINK REL="Index" HREF="https://mta.openssl.org/pipermail/openssl-commits/2020-August/index.html" >
   <LINK REL="made" HREF="mailto:openssl-commits%40openssl.org?Subject=Re%3A%20Still%20FAILED%20build%20of%20OpenSSL%20branch%20master%20with%20options%20-d%0A%20--strict-warnings%20no-dtls&In-Reply-To=%3C1596820005.172661.19354.nullmailer%40run.openssl.org%3E">
   <META NAME="robots" CONTENT="index,nofollow">
   <style type="text/css">
       pre {
           white-space: pre-wrap;       /* css-2.1, curent FF, Opera, Safari */
           }
   </style>
   <META http-equiv="Content-Type" content="text/html; charset=us-ascii">
   <LINK REL="Previous"  HREF="029995.html">
   <LINK REL="Next"  HREF="030108.html">
 </HEAD>
 <BODY BGCOLOR="#ffffff">
   <H1>Still FAILED build of OpenSSL branch master with options -d --strict-warnings no-dtls</H1>
    <B>OpenSSL run-checker</B> 
    <A HREF="mailto:openssl-commits%40openssl.org?Subject=Re%3A%20Still%20FAILED%20build%20of%20OpenSSL%20branch%20master%20with%20options%20-d%0A%20--strict-warnings%20no-dtls&In-Reply-To=%3C1596820005.172661.19354.nullmailer%40run.openssl.org%3E"
       TITLE="Still FAILED build of OpenSSL branch master with options -d --strict-warnings no-dtls">openssl at openssl.org
       </A><BR>
    <I>Fri Aug  7 17:06:45 UTC 2020</I>
    <P><UL>
        <LI>Previous message: <A HREF="029995.html">Still FAILED build of OpenSSL branch master with options -d --strict-warnings no-dtls
</A></li>
        <LI>Next message: <A HREF="030108.html">Still FAILED build of OpenSSL branch master with options -d --strict-warnings no-dtls
</A></li>
         <LI> <B>Messages sorted by:</B> 
              <a href="date.html#30046">[ date ]</a>
              <a href="thread.html#30046">[ thread ]</a>
              <a href="subject.html#30046">[ subject ]</a>
              <a href="author.html#30046">[ author ]</a>
         </LI>
       </UL>
    <HR>  
<!--beginarticle-->
<PRE>Platform and configuration command:

$ uname -a
Linux run 4.15.0-106-generic #107-Ubuntu SMP Thu Jun 4 11:27:52 UTC 2020 x86_64 x86_64 x86_64 GNU/Linux
$ CC=clang ../openssl/config -d --strict-warnings no-dtls

Commit log since last time:

914f97eecc Fix provider cipher reinit after init/update with a partial update block.
c5b356d5d6 Mark an argument of an inline function as unused
ebc1e8fc4e openssl-cmp.pod.in: Update and extend example using Insta Demo CA
4c525cb5b6 DESERIALIZER: Fix EVP_PKEY construction by export
aff8c0a411 Fix error message on setting cert validity period in apps/cmp.c
57c05c57c3 apps: Correct and extend diagnostics of parse_name()
02ae130e3d Add 'section=...' info in error output of X509V3_EXT_nconf() as far as appropriate
1ac658ac9d Rename misleading X509V3_R_INVALID_NULL_NAME to X509V3_R_INVALID_EMPTY_NAME
c90c469376 Correct confusing X509V3 conf error output by removing needless 'section:&lt;NULL&gt;' etc.
b516a4b139 Correct misleading diagnostics of OBJ_txt2obj on unknown object name
8f7e897995 apps/cmp.c: Defer diagnostic output on server+proxy to be contacted
b5b6669fb6 PROV: Make the DER to KEY deserializer decode parameters too
19b4e6f8fe Coverity Fixes for issue #12531
e5b2cd5899 Change the provider implementation of X942kdf to use wpacket to do der encoding of sharedInfo
37d898df34 Add CHANGES.md entry for SSL_set1_host()/SSL_add1_host() taking IP literals
892a9e4c99 Disallow setting more than one IP address with SSL_add1_host()
396e720965 Fix certificate validation for IPv6 literals in sconnect demo
c832840e89 Make SSL_set1_host() and SSL_add1_host() take IP addresses
a677190779 81-test_cmp_cli.t: Skip tests with mock server if server cannot be started

Build log ended with (last 100 lines):


# 80-test_cms.t ...................... ok
80-test_cmsapi.t ................... ok
80-test_ct.t ....................... ok
80-test_dane.t ..................... ok
80-test_dtls.t ..................... skipped: No DTLS protocols are supported by this OpenSSL build
80-test_dtls_mtu.t ................. skipped: test_dtls_mtu needs DTLS and PSK support enabled
80-test_dtlsv1listen.t ............. ok
80-test_http.t ..................... ok
80-test_ocsp.t ..................... ok
80-test_pkcs12.t ................... ok

            # ERROR: (ptr) 'server_ctx != NULL' failed @ ../openssl/test/ssl_test.c:479
            # 0x0
            not ok 7 - iteration 7
# ------------------------------------------------------------------------------
            # ERROR: (ptr) 'server_ctx != NULL' failed @ ../openssl/test/ssl_test.c:479
            # 0x0
            not ok 8 - iteration 8
# ------------------------------------------------------------------------------
            # ERROR: (ptr) 'server_ctx != NULL' failed @ ../openssl/test/ssl_test.c:479
            # 0x0
            not ok 9 - iteration 9
# ------------------------------------------------------------------------------
            # ERROR: (ptr) 'server_ctx != NULL' failed @ ../openssl/test/ssl_test.c:479
            # 0x0
            not ok 10 - iteration 10
# ------------------------------------------------------------------------------
            # ERROR: (ptr) 'server_ctx != NULL' failed @ ../openssl/test/ssl_test.c:479
            # 0x0
            not ok 11 - iteration 11
# ------------------------------------------------------------------------------
            # ERROR: (ptr) 'server_ctx != NULL' failed @ ../openssl/test/ssl_test.c:479
            # 0x0
            not ok 12 - iteration 12
# ------------------------------------------------------------------------------
        not ok 1 - test_handshake
# ------------------------------------------------------------------------------
../../util/wrap.pl ../../test/ssl_test 04-client_auth.cnf.fips fips ../../../openssl/test/fips.cnf =&gt; 1
    not ok 9 - running ssl_test 04-client_auth.cnf
# ------------------------------------------------------------------------------
    #   Failed test 'running ssl_test 04-client_auth.cnf'
    #   at ../openssl/test/recipes/80-test_ssl_new.t line 173.
    # Looks like you failed 1 test of 9.
not ok 5 - Test configuration 04-client_auth.cnf
# ------------------------------------------------------------------------------
# Looks like you failed 1 test of 31.80-test_ssl_new.t .................. 
Dubious, test returned 1 (wstat 256, 0x100)
Failed 1/31 subtests 
80-test_ssl_old.t .................. ok
80-test_ssl_test_ctx.t ............. ok
80-test_sslcorrupt.t ............... ok
80-test_tsa.t ...................... ok
80-test_x509aux.t .................. ok

# 81-test_cmp_cli.t .................. ok
90-test_asn1_time.t ................ ok
90-test_async.t .................... ok
90-test_bio_enc.t .................. ok
90-test_bio_memleak.t .............. ok
90-test_constant_time.t ............ ok
90-test_fatalerr.t ................. ok
90-test_gmdiff.t ................... ok
90-test_gost.t ..................... ok
90-test_ige.t ...................... ok
90-test_includes.t ................. ok
90-test_memleak.t .................. ok
90-test_overhead.t ................. ok
90-test_secmem.t ................... ok
90-test_shlibload.t ................ ok
90-test_srp.t ...................... ok
90-test_sslapi.t ................... ok
90-test_sslbuffers.t ............... ok
90-test_store.t .................... ok
90-test_sysdefault.t ............... ok
90-test_threads.t .................. ok
90-test_time_offset.t .............. ok
90-test_tls13ccs.t ................. ok
90-test_tls13encryption.t .......... ok
90-test_tls13secrets.t ............. ok
90-test_v3name.t ................... ok
95-test_external_boringssl.t ....... skipped: No external tests in this configuration
95-test_external_gost_engine.t ..... skipped: No external tests in this configuration
95-test_external_krb5.t ............ skipped: No external tests in this configuration
95-test_external_pyca.t ............ skipped: No external tests in this configuration
99-test_ecstress.t ................. ok
99-test_fuzz.t ..................... ok

Test Summary Report
-------------------
80-test_ssl_new.t                (Wstat: 256 Tests: 31 Failed: 1)
  Failed test:  5
  Non-zero exit status: 1
Files=207, Tests=3247, 871 wallclock secs (12.29 usr  1.40 sys + 811.17 cusr 60.23 csys = 885.09 CPU)
Result: FAIL
Makefile:3171: recipe for target '_tests' failed
make[1]: *** [_tests] Error 1
make[1]: Leaving directory '/home/openssl/run-checker/no-dtls'
Makefile:3169: recipe for target 'tests' failed
make: *** [tests] Error 2
</PRE>

























































































































































<!--endarticle-->
    <HR>
    <P><UL>
        <!--threads-->
	<LI>Previous message: <A HREF="029995.html">Still FAILED build of OpenSSL branch master with options -d --strict-warnings no-dtls
</A></li>
	<LI>Next message: <A HREF="030108.html">Still FAILED build of OpenSSL branch master with options -d --strict-warnings no-dtls
</A></li>
         <LI> <B>Messages sorted by:</B> 
              <a href="date.html#30046">[ date ]</a>
              <a href="thread.html#30046">[ thread ]</a>
              <a href="subject.html#30046">[ subject ]</a>
              <a href="author.html#30046">[ author ]</a>
         </LI>
       </UL>

<hr>
<a href="../../../mailman/listinfo/openssl-commits.html">More information about the openssl-commits
mailing list</a><br>
</body></html>
