<!DOCTYPE HTML PUBLIC "-//W3C//DTD HTML 4.01 Transitional//EN">
<HTML>
 <HEAD>
   <TITLE> Still FAILED build of OpenSSL branch master with options -d --strict-warnings no-dtls1_2
   </TITLE>
   <LINK REL="Index" HREF="https://mta.openssl.org/pipermail/openssl-commits/2020-August/index.html" >
   <LINK REL="made" HREF="mailto:openssl-commits%40openssl.org?Subject=Re%3A%20Still%20FAILED%20build%20of%20OpenSSL%20branch%20master%20with%20options%20-d%0A%20--strict-warnings%20no-dtls1_2&In-Reply-To=%3C1596829799.368150.4844.nullmailer%40run.openssl.org%3E">
   <META NAME="robots" CONTENT="index,nofollow">
   <style type="text/css">
       pre {
           white-space: pre-wrap;       /* css-2.1, curent FF, Opera, Safari */
           }
   </style>
   <META http-equiv="Content-Type" content="text/html; charset=us-ascii">
   <LINK REL="Previous"  HREF="029996.html">
   <LINK REL="Next"  HREF="030111.html">
 </HEAD>
 <BODY BGCOLOR="#ffffff">
   <H1>Still FAILED build of OpenSSL branch master with options -d --strict-warnings no-dtls1_2</H1>
    <B>OpenSSL run-checker</B> 
    <A HREF="mailto:openssl-commits%40openssl.org?Subject=Re%3A%20Still%20FAILED%20build%20of%20OpenSSL%20branch%20master%20with%20options%20-d%0A%20--strict-warnings%20no-dtls1_2&In-Reply-To=%3C1596829799.368150.4844.nullmailer%40run.openssl.org%3E"
       TITLE="Still FAILED build of OpenSSL branch master with options -d --strict-warnings no-dtls1_2">openssl at openssl.org
       </A><BR>
    <I>Fri Aug  7 19:49:59 UTC 2020</I>
    <P><UL>
        <LI>Previous message: <A HREF="029996.html">Still FAILED build of OpenSSL branch master with options -d --strict-warnings no-dtls1_2
</A></li>
        <LI>Next message: <A HREF="030111.html">Still FAILED build of OpenSSL branch master with options -d --strict-warnings no-dtls1_2
</A></li>
         <LI> <B>Messages sorted by:</B> 
              <a href="date.html#30054">[ date ]</a>
              <a href="thread.html#30054">[ thread ]</a>
              <a href="subject.html#30054">[ subject ]</a>
              <a href="author.html#30054">[ author ]</a>
         </LI>
       </UL>
    <HR>  
<!--beginarticle-->
<PRE>Platform and configuration command:

$ uname -a
Linux run 4.15.0-106-generic #107-Ubuntu SMP Thu Jun 4 11:27:52 UTC 2020 x86_64 x86_64 x86_64 GNU/Linux
$ CC=clang ../openssl/config -d --strict-warnings no-dtls1_2

Commit log since last time:

914f97eecc Fix provider cipher reinit after init/update with a partial update block.
c5b356d5d6 Mark an argument of an inline function as unused
ebc1e8fc4e openssl-cmp.pod.in: Update and extend example using Insta Demo CA
4c525cb5b6 DESERIALIZER: Fix EVP_PKEY construction by export
aff8c0a411 Fix error message on setting cert validity period in apps/cmp.c
57c05c57c3 apps: Correct and extend diagnostics of parse_name()
02ae130e3d Add 'section=...' info in error output of X509V3_EXT_nconf() as far as appropriate
1ac658ac9d Rename misleading X509V3_R_INVALID_NULL_NAME to X509V3_R_INVALID_EMPTY_NAME
c90c469376 Correct confusing X509V3 conf error output by removing needless 'section:&lt;NULL&gt;' etc.
b516a4b139 Correct misleading diagnostics of OBJ_txt2obj on unknown object name
8f7e897995 apps/cmp.c: Defer diagnostic output on server+proxy to be contacted
b5b6669fb6 PROV: Make the DER to KEY deserializer decode parameters too
19b4e6f8fe Coverity Fixes for issue #12531
e5b2cd5899 Change the provider implementation of X942kdf to use wpacket to do der encoding of sharedInfo
37d898df34 Add CHANGES.md entry for SSL_set1_host()/SSL_add1_host() taking IP literals
892a9e4c99 Disallow setting more than one IP address with SSL_add1_host()
396e720965 Fix certificate validation for IPv6 literals in sconnect demo
c832840e89 Make SSL_set1_host() and SSL_add1_host() take IP addresses
a677190779 81-test_cmp_cli.t: Skip tests with mock server if server cannot be started

Build log ended with (last 100 lines):

    # INFO:  @ ../openssl/test/ssltestlib.c:946
    # SSL_connect() failed -1, 1
    # C0C0BA709E7F0000:error::SSL routines::tlsv1 alert internal error:../openssl/ssl/record/rec_layer_d1.c:618:SSL alert number 80
    # ERROR: (bool) 'create_ssl_connection(serverssl, clientssl, SSL_ERROR_NONE) == true' failed @ ../openssl/test/sslapitest.c:1631
    # false
    # ERROR: (bool) 'execute_cleanse_plaintext(DTLS_server_method(), DTLS_client_method(), DTLS1_VERSION, 0) == true' failed @ ../openssl/test/sslapitest.c:1709
    # false
    not ok 4 - test_cleanse_plaintext
# ------------------------------------------------------------------------------
        # INFO:  @ ../openssl/test/ssltestlib.c:964
        # SSL_accept() failed -1, 1
        # C0C0BA709E7F0000:error::SSL routines::no suitable signature algorithm:../openssl/ssl/t1_lib.c:3329:
        # INFO:  @ ../openssl/test/ssltestlib.c:946
        # SSL_connect() failed -1, 1
        # C0C0BA709E7F0000:error::SSL routines::tlsv1 alert internal error:../openssl/ssl/record/rec_layer_d1.c:618:SSL alert number 80
        # ERROR: (bool) 'create_ssl_connection(serverssl, clientssl, SSL_ERROR_NONE) == true' failed @ ../openssl/test/sslapitest.c:6749
        # false
        not ok 2 - iteration 2
# ------------------------------------------------------------------------------
    not ok 53 - test_ssl_pending
# ------------------------------------------------------------------------------
../../util/wrap.pl ../../test/sslapitest ../../../openssl/test/certs ../../../openssl/test/recipes/90-test_sslapi_data/passwd.txt /tmp/B0N54Jnyjr default ../../../openssl/test/default.cnf =&gt; 1
not ok 1 - running sslapitest
# ------------------------------------------------------------------------------
    # INFO:  @ ../openssl/test/ssltestlib.c:964
    # SSL_accept() failed -1, 1
    # C0B046A9EF7F0000:error::SSL routines::no suitable signature algorithm:../openssl/ssl/t1_lib.c:3329:
    # INFO:  @ ../openssl/test/ssltestlib.c:946
    # SSL_connect() failed -1, 1
    # C0B046A9EF7F0000:error::SSL routines::tlsv1 alert internal error:../openssl/ssl/record/rec_layer_d1.c:618:SSL alert number 80
    # ERROR: (bool) 'create_ssl_connection(serverssl, clientssl, SSL_ERROR_NONE) == true' failed @ ../openssl/test/sslapitest.c:846
    # false
    not ok 3 - test_large_message_dtls
# ------------------------------------------------------------------------------
    # INFO:  @ ../openssl/test/ssltestlib.c:964
    # SSL_accept() failed -1, 1
    # C0B046A9EF7F0000:error::SSL routines::no suitable signature algorithm:../openssl/ssl/t1_lib.c:3329:
    # INFO:  @ ../openssl/test/ssltestlib.c:946
    # SSL_connect() failed -1, 1
    # C0B046A9EF7F0000:error::SSL routines::tlsv1 alert internal error:../openssl/ssl/record/rec_layer_d1.c:618:SSL alert number 80
    # ERROR: (bool) 'create_ssl_connection(serverssl, clientssl, SSL_ERROR_NONE) == true' failed @ ../openssl/test/sslapitest.c:1631
    # false
    # ERROR: (bool) 'execute_cleanse_plaintext(DTLS_server_method(), DTLS_client_method(), DTLS1_VERSION, 0) == true' failed @ ../openssl/test/sslapitest.c:1709
    # false
    not ok 4 - test_cleanse_plaintext
# ------------------------------------------------------------------------------
        # INFO:  @ ../openssl/test/ssltestlib.c:964
        # SSL_accept() failed -1, 1
        # C0B046A9EF7F0000:error::SSL routines::no suitable signature algorithm:../openssl/ssl/t1_lib.c:3329:
        # INFO:  @ ../openssl/test/ssltestlib.c:946
        # SSL_connect() failed -1, 1
        # C0B046A9EF7F0000:error::SSL routines::tlsv1 alert internal error:../openssl/ssl/record/rec_layer_d1.c:618:SSL alert number 80
        # ERROR: (bool) 'create_ssl_connection(serverssl, clientssl, SSL_ERROR_NONE) == true' failed @ ../openssl/test/sslapitest.c:6749
        # false
        not ok 2 - iteration 2
# ------------------------------------------------------------------------------
    not ok 53 - test_ssl_pending
# ------------------------------------------------------------------------------
../../util/wrap.pl ../../test/sslapitest ../../../openssl/test/certs ../../../openssl/test/recipes/90-test_sslapi_data/passwd.txt /tmp/B0N54Jnyjr fips ../../../openssl/test/fips.cnf =&gt; 1
not ok 3 - running sslapitest
# ------------------------------------------------------------------------------
#   Failed test 'running sslapitest'
#   at ../openssl/test/recipes/90-test_sslapi.t line 45.
# Looks like you failed 2 tests of 3.90-test_sslapi.t ................... 
Dubious, test returned 2 (wstat 512, 0x200)
Failed 2/3 subtests 
90-test_sslbuffers.t ............... ok
90-test_store.t .................... ok
90-test_sysdefault.t ............... ok
90-test_threads.t .................. ok
90-test_time_offset.t .............. ok
90-test_tls13ccs.t ................. ok
90-test_tls13encryption.t .......... ok
90-test_tls13secrets.t ............. ok
90-test_v3name.t ................... ok
95-test_external_boringssl.t ....... skipped: No external tests in this configuration
95-test_external_gost_engine.t ..... skipped: No external tests in this configuration
95-test_external_krb5.t ............ skipped: No external tests in this configuration
95-test_external_pyca.t ............ skipped: No external tests in this configuration
99-test_ecstress.t ................. ok
99-test_fuzz.t ..................... ok

Test Summary Report
-------------------
80-test_dtls.t                   (Wstat: 256 Tests: 1 Failed: 1)
  Failed test:  1
  Non-zero exit status: 1
80-test_ssl_new.t                (Wstat: 1024 Tests: 31 Failed: 4)
  Failed tests:  5, 8, 17, 19
  Non-zero exit status: 4
90-test_sslapi.t                 (Wstat: 512 Tests: 3 Failed: 2)
  Failed tests:  1, 3
  Non-zero exit status: 2
Files=207, Tests=3249, 878 wallclock secs (13.49 usr  1.37 sys + 810.57 cusr 61.98 csys = 887.41 CPU)
Result: FAIL
Makefile:3164: recipe for target '_tests' failed
make[1]: *** [_tests] Error 1
make[1]: Leaving directory '/home/openssl/run-checker/no-dtls1_2'
Makefile:3162: recipe for target 'tests' failed
make: *** [tests] Error 2
</PRE>































































































































































<!--endarticle-->
    <HR>
    <P><UL>
        <!--threads-->
	<LI>Previous message: <A HREF="029996.html">Still FAILED build of OpenSSL branch master with options -d --strict-warnings no-dtls1_2
</A></li>
	<LI>Next message: <A HREF="030111.html">Still FAILED build of OpenSSL branch master with options -d --strict-warnings no-dtls1_2
</A></li>
         <LI> <B>Messages sorted by:</B> 
              <a href="date.html#30054">[ date ]</a>
              <a href="thread.html#30054">[ thread ]</a>
              <a href="subject.html#30054">[ subject ]</a>
              <a href="author.html#30054">[ author ]</a>
         </LI>
       </UL>

<hr>
<a href="../../../mailman/listinfo/openssl-commits.html">More information about the openssl-commits
mailing list</a><br>
</body></html>
