<!DOCTYPE HTML PUBLIC "-//W3C//DTD HTML 4.01 Transitional//EN">
<HTML>
 <HEAD>
   <TITLE> Still FAILED build of OpenSSL branch master with options -d --strict-warnings no-tls1_3
   </TITLE>
   <LINK REL="Index" HREF="https://mta.openssl.org/pipermail/openssl-commits/2020-August/index.html" >
   <LINK REL="made" HREF="mailto:openssl-commits%40openssl.org?Subject=Re%3A%20Still%20FAILED%20build%20of%20OpenSSL%20branch%20master%20with%20options%20-d%0A%20--strict-warnings%20no-tls1_3&In-Reply-To=%3C1597187424.186998.25934.nullmailer%40run.openssl.org%3E">
   <META NAME="robots" CONTENT="index,nofollow">
   <style type="text/css">
       pre {
           white-space: pre-wrap;       /* css-2.1, curent FF, Opera, Safari */
           }
   </style>
   <META http-equiv="Content-Type" content="text/html; charset=us-ascii">
   <LINK REL="Previous"  HREF="030058.html">
   <LINK REL="Next"  HREF="030158.html">
 </HEAD>
 <BODY BGCOLOR="#ffffff">
   <H1>Still FAILED build of OpenSSL branch master with options -d --strict-warnings no-tls1_3</H1>
    <B>OpenSSL run-checker</B> 
    <A HREF="mailto:openssl-commits%40openssl.org?Subject=Re%3A%20Still%20FAILED%20build%20of%20OpenSSL%20branch%20master%20with%20options%20-d%0A%20--strict-warnings%20no-tls1_3&In-Reply-To=%3C1597187424.186998.25934.nullmailer%40run.openssl.org%3E"
       TITLE="Still FAILED build of OpenSSL branch master with options -d --strict-warnings no-tls1_3">openssl at openssl.org
       </A><BR>
    <I>Tue Aug 11 23:10:24 UTC 2020</I>
    <P><UL>
        <LI>Previous message: <A HREF="030058.html">Still FAILED build of OpenSSL branch master with options -d --strict-warnings no-tls1_3
</A></li>
        <LI>Next message: <A HREF="030158.html">Still FAILED build of OpenSSL branch master with options -d --strict-warnings no-tls1_3
</A></li>
         <LI> <B>Messages sorted by:</B> 
              <a href="date.html#30114">[ date ]</a>
              <a href="thread.html#30114">[ thread ]</a>
              <a href="subject.html#30114">[ subject ]</a>
              <a href="author.html#30114">[ author ]</a>
         </LI>
       </UL>
    <HR>  
<!--beginarticle-->
<PRE>Platform and configuration command:

$ uname -a
Linux run 4.15.0-106-generic #107-Ubuntu SMP Thu Jun 4 11:27:52 UTC 2020 x86_64 x86_64 x86_64 GNU/Linux
$ CC=clang ../openssl/config -d --strict-warnings no-tls1_3

Commit log since last time:

04cb5ec0b7 Add 'on demand self test' and status test to providers
dda4e259e5 Add some of the missing CMS API documentation
28ba642779 Change CMS tests to use a library context.
0ab18e7924 Add EVP signature with libctx methods.
11eef7e766 Use libctx for EVP_CIPHER_CTX_rand_key() method.
831564543a Add libctx to ecdh_KDF_X9_63.
57e8420609 Fix EVP_PKEY_CTX_get_rsa_oaep_md() &amp; EVP_PKEY_CTX_get_rsa_mgf1_md() so they use a libctx to retrieve the digest
90a1f2d76f Add libctx support to PKCS7.
45b22d6a35 Add libctx to SMIME ASN1
dcc679cd99 Add internal method x509_set0_libctx().
c1669f41ea Add libctx support to CMS.
82a7b2fb00 rand: fix typo in parameter name
378b163e49 Update gost-engine to fix API rename
97a8878c5d Use .cnf for config files, not .conf
5ccada09aa Add evp_test fixes.
64827f407b drbgtest: avoid a memory leak
7d615e2178 rand_drbg: remove RAND_DRBG.
4df0d37ff6 PROV: Fix MSBLOB / PVK deserializer
90ef39f43a EVP: Fix the returned value for ASN1_PKEY_CTRL_DEFAULT_MD_NID
a7922e208d TEST: Adjust the serdes test to include MSBLOB and PVK
dca51418b0 PEM: Fix i2b_PvK to use EVP_Encrypt calls consistently
37d398c180 PROV: Add MSBLOB and PVK to DSA and RSA deserializers
fb89000897 DESERIALIZER: Adjust to allow the use several deserializers with same name
413835f5d1 PEM: Make general MSBLOB reader functions exposed internally
6ce6ad39fe RSA: Be less strict on PSS parameters when exporting to provider
5f6a0b2ff0 mac: add some consistency to setting the XXX_final output length.
992492f5e8 gettables: documentation changes to pass the provider context.
132b61604b gettables: test changes to pass the provider context.
af5e1e852d gettables: provider changes to pass the provider context.
18ec26babc gettables: core changes to pass the provider context.
c5ec6dcf0b Add new APIs to get PKCS12 secretBag OID and value
15c9aa3aef apps/pkcs12: Change defaults from RC2 to PBES2 with PBKDF2
1b2873e4a1 Prepare for 3.0 alpha 7
e3ec8020b4 Prepare for release of 3.0 alpha 6
0f84cbc3e2 Update copyright year

Build log ended with (last 100 lines):

# 81-test_cmp_cli.t .................. ok
90-test_asn1_time.t ................ ok
90-test_async.t .................... ok
90-test_bio_enc.t .................. ok
90-test_bio_memleak.t .............. ok
90-test_constant_time.t ............ ok
90-test_fatalerr.t ................. ok
90-test_gmdiff.t ................... ok
90-test_gost.t ..................... skipped: TLSv1.3 or TLSv1.2 are disabled in this OpenSSL build
90-test_ige.t ...................... ok
90-test_includes.t ................. ok
90-test_memleak.t .................. ok
90-test_overhead.t ................. ok
90-test_secmem.t ................... ok
90-test_shlibload.t ................ ok
90-test_srp.t ...................... ok

        # INFO:  @ ../openssl/test/ssltestlib.c:946
        # SSL_connect() failed -1, 1
        # C060085C657F0000:error::SSL routines::internal error:../openssl/ssl/s3_enc.c:415:
        # INFO:  @ ../openssl/test/ssltestlib.c:964
        # SSL_accept() failed -1, 1
        # C060085C657F0000:error::SSL routines::tlsv1 alert internal error:../openssl/ssl/record/rec_layer_s3.c:1615:SSL alert number 80
        # ERROR: (bool) 'create_ssl_connection(serverssl, clientssl, SSL_ERROR_NONE) == true' failed @ ../openssl/test/sslapitest.c:8202
        # false
        not ok 2 - iteration 2
# ------------------------------------------------------------------------------
        # INFO:  @ ../openssl/test/ssltestlib.c:964
        # SSL_accept() failed -1, 1
        # C060085C657F0000:error::SSL routines::internal error:../openssl/ssl/s3_enc.c:415:
        # INFO:  @ ../openssl/test/ssltestlib.c:946
        # SSL_connect() failed -1, 1
        # C060085C657F0000:error::SSL routines::tlsv1 alert internal error:../openssl/ssl/record/rec_layer_s3.c:1615:SSL alert number 80
        # ERROR: (bool) 'create_ssl_connection(serverssl, clientssl, SSL_ERROR_NONE) == true' failed @ ../openssl/test/sslapitest.c:8202
        # false
        not ok 3 - iteration 3
# ------------------------------------------------------------------------------
    not ok 37 - test_sigalgs_available
# ------------------------------------------------------------------------------
../../util/wrap.pl ../../test/sslapitest ../../../openssl/test/certs ../../../openssl/test/recipes/90-test_sslapi_data/passwd.txt /tmp/08DZ9veZgl default ../../../openssl/test/default.cnf =&gt; 1
not ok 1 - running sslapitest
# ------------------------------------------------------------------------------
        # INFO:  @ ../openssl/test/ssltestlib.c:946
        # SSL_connect() failed -1, 1
        # C06022E7E77F0000:error::SSL routines::internal error:../openssl/ssl/s3_enc.c:415:
        # INFO:  @ ../openssl/test/ssltestlib.c:964
        # SSL_accept() failed -1, 1
        # C06022E7E77F0000:error::SSL routines::tlsv1 alert internal error:../openssl/ssl/record/rec_layer_s3.c:1615:SSL alert number 80
        # ERROR: (bool) 'create_ssl_connection(serverssl, clientssl, SSL_ERROR_NONE) == true' failed @ ../openssl/test/sslapitest.c:8202
        # false
        not ok 2 - iteration 2
# ------------------------------------------------------------------------------
        # INFO:  @ ../openssl/test/ssltestlib.c:964
        # SSL_accept() failed -1, 1
        # C06022E7E77F0000:error::SSL routines::internal error:../openssl/ssl/s3_enc.c:415:
        # INFO:  @ ../openssl/test/ssltestlib.c:946
        # SSL_connect() failed -1, 1
        # C06022E7E77F0000:error::SSL routines::tlsv1 alert internal error:../openssl/ssl/record/rec_layer_s3.c:1615:SSL alert number 80
        # ERROR: (bool) 'create_ssl_connection(serverssl, clientssl, SSL_ERROR_NONE) == true' failed @ ../openssl/test/sslapitest.c:8202
        # false
        not ok 3 - iteration 3
# ------------------------------------------------------------------------------
    not ok 37 - test_sigalgs_available
# ------------------------------------------------------------------------------
../../util/wrap.pl ../../test/sslapitest ../../../openssl/test/certs ../../../openssl/test/recipes/90-test_sslapi_data/passwd.txt /tmp/08DZ9veZgl fips ../../../openssl/test/fips.cnf =&gt; 1
not ok 3 - running sslapitest
# ------------------------------------------------------------------------------
#   Failed test 'running sslapitest'
#   at ../openssl/test/recipes/90-test_sslapi.t line 45.
# Looks like you failed 2 tests of 3.90-test_sslapi.t ................... 
Dubious, test returned 2 (wstat 512, 0x200)
Failed 2/3 subtests 
90-test_sslbuffers.t ............... ok
90-test_store.t .................... ok
90-test_sysdefault.t ............... ok
90-test_threads.t .................. ok
90-test_time_offset.t .............. ok
90-test_tls13ccs.t ................. skipped: test_tls13ccs is not supported in this build
90-test_tls13encryption.t .......... skipped: tls13encryption is not supported in this build
90-test_tls13secrets.t ............. skipped: tls13secrets is not supported in this build
90-test_v3name.t ................... ok
95-test_external_boringssl.t ....... skipped: No external tests in this configuration
95-test_external_gost_engine.t ..... skipped: No external tests in this configuration
95-test_external_krb5.t ............ skipped: No external tests in this configuration
95-test_external_pyca.t ............ skipped: No external tests in this configuration
99-test_ecstress.t ................. ok
99-test_fuzz.t ..................... ok

Test Summary Report
-------------------
90-test_sslapi.t                 (Wstat: 512 Tests: 3 Failed: 2)
  Failed tests:  1, 3
  Non-zero exit status: 2
Files=208, Tests=3228, 835 wallclock secs (11.81 usr  1.12 sys + 769.92 cusr 60.24 csys = 843.09 CPU)
Result: FAIL
Makefile:3169: recipe for target '_tests' failed
make[1]: *** [_tests] Error 1
make[1]: Leaving directory '/home/openssl/run-checker/no-tls1_3'
Makefile:3167: recipe for target 'tests' failed
make: *** [tests] Error 2
</PRE>















































































































































<!--endarticle-->
    <HR>
    <P><UL>
        <!--threads-->
	<LI>Previous message: <A HREF="030058.html">Still FAILED build of OpenSSL branch master with options -d --strict-warnings no-tls1_3
</A></li>
	<LI>Next message: <A HREF="030158.html">Still FAILED build of OpenSSL branch master with options -d --strict-warnings no-tls1_3
</A></li>
         <LI> <B>Messages sorted by:</B> 
              <a href="date.html#30114">[ date ]</a>
              <a href="thread.html#30114">[ thread ]</a>
              <a href="subject.html#30114">[ subject ]</a>
              <a href="author.html#30114">[ author ]</a>
         </LI>
       </UL>

<hr>
<a href="../../../mailman/listinfo/openssl-commits.html">More information about the openssl-commits
mailing list</a><br>
</body></html>
