<!DOCTYPE HTML PUBLIC "-//W3C//DTD HTML 4.01 Transitional//EN">
<HTML>
 <HEAD>
   <TITLE> Still FAILED build of OpenSSL branch master with options -d --strict-warnings no-ui
   </TITLE>
   <LINK REL="Index" HREF="https://mta.openssl.org/pipermail/openssl-commits/2020-August/index.html" >
   <LINK REL="made" HREF="mailto:openssl-commits%40openssl.org?Subject=Re%3A%20Still%20FAILED%20build%20of%20OpenSSL%20branch%20master%20with%20options%20-d%0A%20--strict-warnings%20no-ui&In-Reply-To=%3C1597763670.736833.7338.nullmailer%40run.openssl.org%3E">
   <META NAME="robots" CONTENT="index,nofollow">
   <style type="text/css">
       pre {
           white-space: pre-wrap;       /* css-2.1, curent FF, Opera, Safari */
           }
   </style>
   <META http-equiv="Content-Type" content="text/html; charset=us-ascii">
   <LINK REL="Previous"  HREF="030152.html">
   <LINK REL="Next"  HREF="030261.html">
 </HEAD>
 <BODY BGCOLOR="#ffffff">
   <H1>Still FAILED build of OpenSSL branch master with options -d --strict-warnings no-ui</H1>
    <B>OpenSSL run-checker</B> 
    <A HREF="mailto:openssl-commits%40openssl.org?Subject=Re%3A%20Still%20FAILED%20build%20of%20OpenSSL%20branch%20master%20with%20options%20-d%0A%20--strict-warnings%20no-ui&In-Reply-To=%3C1597763670.736833.7338.nullmailer%40run.openssl.org%3E"
       TITLE="Still FAILED build of OpenSSL branch master with options -d --strict-warnings no-ui">openssl at openssl.org
       </A><BR>
    <I>Tue Aug 18 15:14:30 UTC 2020</I>
    <P><UL>
        <LI>Previous message: <A HREF="030152.html">Still FAILED build of OpenSSL branch master with options -d --strict-warnings no-ui
</A></li>
        <LI>Next message: <A HREF="030261.html">Still FAILED build of OpenSSL branch master with options -d --strict-warnings no-ui
</A></li>
         <LI> <B>Messages sorted by:</B> 
              <a href="date.html#30190">[ date ]</a>
              <a href="thread.html#30190">[ thread ]</a>
              <a href="subject.html#30190">[ subject ]</a>
              <a href="author.html#30190">[ author ]</a>
         </LI>
       </UL>
    <HR>  
<!--beginarticle-->
<PRE>Platform and configuration command:

$ uname -a
Linux run 4.15.0-106-generic #107-Ubuntu SMP Thu Jun 4 11:27:52 UTC 2020 x86_64 x86_64 x86_64 GNU/Linux
$ CC=clang ../openssl/config -d --strict-warnings no-ui

Commit log since last time:

ebe3f24b3d provider: disable fall-backs if OSSL_PROVIDER_load() fails.
0e53cd5207 PKCS#12 KDF: don't run tests with the FIPS provider.
b7466c1303 Move PKCS#12 KDF to provider.
c19e6da9a3 Appease -Werror=stringop-overflow=
cddbcf0d28 Remove needless #ifndef OPENSSL_NO_SOCK for X509_{CRL_}load_http
ea9f6890eb sslapitest: Add test for premature call of SSL_export_keying_material
dffeec1c10 Avoid segfault in SSL_export_keying_material if there is no session
dd0164e756 Mark SSL_CTX_set_ssl_version() as deprecated in 3.0

Build log ended with (last 100 lines):

    #   Failed test 'p10cr csr empty file'
    #   at ../openssl/test/recipes/81-test_cmp_cli.t line 184.
../../../../../no-ui/util/wrap.pl ../../../../../no-ui/apps/openssl cmp -config ../Mock/test.cnf -section 'Mock enrollment' -proxy '' -no_proxy 127.0.0.1 -cmd p10cr -newkey new.key -newkeypass 'pass:' -certout test.cert.pem -out_trusted root.crt -csr wrong.csr.pem =&gt; 139
    not ok 78 - p10cr wrong csr
# ------------------------------------------------------------------------------
    #   Failed test 'p10cr wrong csr'
    #   at ../openssl/test/recipes/81-test_cmp_cli.t line 184.
../../../../../no-ui/util/wrap.pl ../../../../../no-ui/apps/openssl cmp -config ../Mock/test.cnf -section 'Mock enrollment' -proxy '' -no_proxy 127.0.0.1 -cmd ir -newkey new.key -newkeypass 'pass:' -certout test.cert.pem -out_trusted root.crt -revreason 5 =&gt; 139
    not ok 79 - ir + ignored revocation
# ------------------------------------------------------------------------------
../../../../../no-ui/util/wrap.pl ../../../../../no-ui/apps/openssl cmp -config ../Mock/test.cnf -section 'Mock enrollment' -proxy '' -no_proxy 127.0.0.1 -cmd cr -newkey new.key -newkeypass 'pass:' -certout test.cert.pem -out_trusted root.crt =&gt; 139
    not ok 82 - cr command
# ------------------------------------------------------------------------------
    #   Failed test 'cr command'
    #   at ../openssl/test/recipes/81-test_cmp_cli.t line 184.
../../../../../no-ui/util/wrap.pl ../../../../../no-ui/apps/openssl cmp -config ../Mock/test.cnf -section 'Mock enrollment' -proxy '' -no_proxy 127.0.0.1 -cmd kur -newkey new.key -newkeypass 'pass:' -certout test.cert.pem -out_trusted root.crt -oldcert test.cert.pem -server '127.0.0.1:1700' -cert test.cert.pem -key new.key -extracerts issuing.crt =&gt; 139
    not ok 83 - kur command explicit options
# ------------------------------------------------------------------------------
    #   Failed test 'kur command explicit options'
    #   at ../openssl/test/recipes/81-test_cmp_cli.t line 184.
../../../../../no-ui/util/wrap.pl ../../../../../no-ui/apps/openssl cmp -config ../Mock/test.cnf -section 'Mock enrollment' -proxy '' -no_proxy 127.0.0.1 -cmd kur -subject &quot;&quot; -certout test.cert.pem -oldcert test.cert.pem -server '127.0.0.1:1700' -cert test.cert.pem -key new.key -extracerts issuing.crt -secret &quot;&quot; =&gt; 139
    not ok 84 - kur command minimal options
# ------------------------------------------------------------------------------
../../../../../no-ui/util/wrap.pl ../../../../../no-ui/apps/openssl cmp -config ../Mock/test.cnf -section 'Mock enrollment' -proxy '' -no_proxy 127.0.0.1 -cmd kur -newkey dir/ -newkeypass 'pass:' -certout test.cert.pem -out_trusted root.crt -oldcert test.cert.pem -server '127.0.0.1:1700' =&gt; 139
    not ok 86 - kur newkey is directory
# ------------------------------------------------------------------------------
../../../../../no-ui/util/wrap.pl ../../../../../no-ui/apps/openssl cmp -config ../Mock/test.cnf -section 'Mock enrollment' -proxy '' -no_proxy 127.0.0.1 -cmd kur -newkey new.key -newkeypass 'pass:' -certout test.cert.pem -out_trusted root.crt -oldcert dir/ -server '127.0.0.1:1700' =&gt; 139
    not ok 89 - kur oldcert is directory
# ------------------------------------------------------------------------------
    #   Failed test 'kur oldcert is directory'
    #   at ../openssl/test/recipes/81-test_cmp_cli.t line 184.
../../../../../no-ui/util/wrap.pl ../../../../../no-ui/apps/openssl cmp -config ../Mock/test.cnf -section 'Mock enrollment' -proxy '' -no_proxy 127.0.0.1 -cmd kur -newkey new.key -newkeypass 'pass:' -certout test.cert.pem -out_trusted root.crt -oldcert idontexist -server '127.0.0.1:1700' =&gt; 139
    not ok 90 - kur oldcert not existing
# ------------------------------------------------------------------------------
    #   Failed test 'kur oldcert not existing'
    #   at ../openssl/test/recipes/81-test_cmp_cli.t line 184.
../../../../../no-ui/util/wrap.pl ../../../../../no-ui/apps/openssl cmp -config ../Mock/test.cnf -section 'Mock enrollment' -proxy '' -no_proxy 127.0.0.1 -cmd kur -newkey new.key -newkeypass 'pass:' -certout test.cert.pem -out_trusted root.crt -oldcert empty.txt -server '127.0.0.1:1700' =&gt; 139
    not ok 91 - kur empty oldcert file
# ------------------------------------------------------------------------------
    #   Failed test 'kur empty oldcert file'
    #   at ../openssl/test/recipes/81-test_cmp_cli.t line 184.
../../../../../no-ui/util/wrap.pl ../../../../../no-ui/apps/openssl cmp -config ../Mock/test.cnf -section 'Mock enrollment' -proxy '' -no_proxy 127.0.0.1 -cmd kur -newkey new.key -newkeypass 'pass:' -certout test.cert.pem -out_trusted root.crt -cert &quot;&quot; -server '127.0.0.1:1700' =&gt; 139
    not ok 92 - kur command without cert and oldcert
# ------------------------------------------------------------------------------
    #   Failed test 'kur command without cert and oldcert'
    #   at ../openssl/test/recipes/81-test_cmp_cli.t line 184.
    # Looks like you failed 65 tests of 92.
not ok 7 - CMP app CLI Mock enrollment
# ------------------------------------------------------------------------------
# 
#   Failed test 'CMP app CLI Mock enrollment
# '
#   at /home/openssl/run-checker/no-ui/../openssl/util/perl/OpenSSL/Test.pm line 1302.
# Looks like you failed 5 tests of 7.81-test_cmp_cli.t .................. 
Dubious, test returned 5 (wstat 1280, 0x500)
Failed 5/7 subtests 
90-test_asn1_time.t ................ ok
90-test_async.t .................... ok
90-test_bio_enc.t .................. ok
90-test_bio_memleak.t .............. ok
90-test_constant_time.t ............ ok
90-test_fatalerr.t ................. ok
90-test_gmdiff.t ................... ok
90-test_gost.t ..................... ok
90-test_ige.t ...................... ok
90-test_includes.t ................. ok
90-test_memleak.t .................. ok
90-test_overhead.t ................. ok
90-test_secmem.t ................... ok
90-test_shlibload.t ................ ok
90-test_srp.t ...................... ok
90-test_sslapi.t ................... ok
90-test_sslbuffers.t ............... ok
90-test_store.t .................... ok
90-test_sysdefault.t ............... ok
90-test_threads.t .................. ok
90-test_time_offset.t .............. ok
90-test_tls13ccs.t ................. ok
90-test_tls13encryption.t .......... ok
90-test_tls13secrets.t ............. ok
90-test_v3name.t ................... ok
95-test_external_boringssl.t ....... skipped: No external tests in this configuration
95-test_external_gost_engine.t ..... skipped: No external tests in this configuration
95-test_external_krb5.t ............ skipped: No external tests in this configuration
95-test_external_pyca.t ............ skipped: No external tests in this configuration
99-test_ecstress.t ................. ok
99-test_fuzz.t ..................... ok

Test Summary Report
-------------------
81-test_cmp_cli.t                (Wstat: 1280 Tests: 7 Failed: 5)
  Failed tests:  3-7
  Non-zero exit status: 5
Files=208, Tests=3308, 918 wallclock secs (13.16 usr  1.32 sys + 817.59 cusr 64.13 csys = 896.20 CPU)
Result: FAIL
Makefile:3171: recipe for target '_tests' failed
make[1]: *** [_tests] Error 1
make[1]: Leaving directory '/home/openssl/run-checker/no-ui'
Makefile:3169: recipe for target 'tests' failed
make: *** [tests] Error 2
</PRE>
























































































<!--endarticle-->
    <HR>
    <P><UL>
        <!--threads-->
	<LI>Previous message: <A HREF="030152.html">Still FAILED build of OpenSSL branch master with options -d --strict-warnings no-ui
</A></li>
	<LI>Next message: <A HREF="030261.html">Still FAILED build of OpenSSL branch master with options -d --strict-warnings no-ui
</A></li>
         <LI> <B>Messages sorted by:</B> 
              <a href="date.html#30190">[ date ]</a>
              <a href="thread.html#30190">[ thread ]</a>
              <a href="subject.html#30190">[ subject ]</a>
              <a href="author.html#30190">[ author ]</a>
         </LI>
       </UL>

<hr>
<a href="../../../mailman/listinfo/openssl-commits.html">More information about the openssl-commits
mailing list</a><br>
</body></html>
