<!DOCTYPE HTML PUBLIC "-//W3C//DTD HTML 4.01 Transitional//EN">
<HTML>
 <HEAD>
   <TITLE> Still FAILED build of OpenSSL branch master with options -d --strict-warnings no-autoerrinit
   </TITLE>
   <LINK REL="Index" HREF="https://mta.openssl.org/pipermail/openssl-commits/2020-August/index.html" >
   <LINK REL="made" HREF="mailto:openssl-commits%40openssl.org?Subject=Re%3A%20Still%20FAILED%20build%20of%20OpenSSL%20branch%20master%20with%20options%20-d%0A%20--strict-warnings%20no-autoerrinit&In-Reply-To=%3C1597283699.166556.629.nullmailer%40run.openssl.org%3E">
   <META NAME="robots" CONTENT="index,nofollow">
   <style type="text/css">
       pre {
           white-space: pre-wrap;       /* css-2.1, curent FF, Opera, Safari */
           }
   </style>
   <META http-equiv="Content-Type" content="text/html; charset=us-ascii">
   <LINK REL="Previous"  HREF="030074.html">
   <LINK REL="Next"  HREF="030165.html">
 </HEAD>
 <BODY BGCOLOR="#ffffff">
   <H1>Still FAILED build of OpenSSL branch master with options -d --strict-warnings no-autoerrinit</H1>
    <B>OpenSSL run-checker</B> 
    <A HREF="mailto:openssl-commits%40openssl.org?Subject=Re%3A%20Still%20FAILED%20build%20of%20OpenSSL%20branch%20master%20with%20options%20-d%0A%20--strict-warnings%20no-autoerrinit&In-Reply-To=%3C1597283699.166556.629.nullmailer%40run.openssl.org%3E"
       TITLE="Still FAILED build of OpenSSL branch master with options -d --strict-warnings no-autoerrinit">openssl at openssl.org
       </A><BR>
    <I>Thu Aug 13 01:54:59 UTC 2020</I>
    <P><UL>
        <LI>Previous message: <A HREF="030074.html">Still FAILED build of OpenSSL branch master with options -d --strict-warnings no-autoerrinit
</A></li>
        <LI>Next message: <A HREF="030165.html">Still FAILED build of OpenSSL branch master with options -d --strict-warnings no-autoerrinit
</A></li>
         <LI> <B>Messages sorted by:</B> 
              <a href="date.html#30127">[ date ]</a>
              <a href="thread.html#30127">[ thread ]</a>
              <a href="subject.html#30127">[ subject ]</a>
              <a href="author.html#30127">[ author ]</a>
         </LI>
       </UL>
    <HR>  
<!--beginarticle-->
<PRE>Platform and configuration command:

$ uname -a
Linux run 4.15.0-106-generic #107-Ubuntu SMP Thu Jun 4 11:27:52 UTC 2020 x86_64 x86_64 x86_64 GNU/Linux
$ CC=clang ../openssl/config -d --strict-warnings no-autoerrinit

Commit log since last time:

eeccc23723 Introduce X509_add_cert[s] simplifying various additions to cert lists
e3efe7a532 Add public API for gettables and settables for keymanagement, signatures and key exchange.
af88e64a98 Fix serializer_EVP_PKEY_to_bio so that that the key is exported if the serializer provider does not match the key provider.
7c9a7cf127 Add fix for RSA keygen in FIPS using keysizes 2048 &lt; bits &lt; 3072
1017ab21e4 provider: add the unused paramater tag to the gettable and settable functions
520150151b Expose S390x HW ciphers' IV state to provider layer
bdc0df8ab5 Avoid deprecated API in evp_test.c
f43c947dd9 Avoid deprecated function in evp_lib.c
2f5c405a16 Use local IV storage in EVP BLOCK_* macros
d91f902d73 Use local IV storage in e_rc2.c
acb30f4b59 Use local IV storage in e_xcbc_d.c
1453d736b5 Use local IV storage in e_sm4.c
c4d21d2f71 Use local IV storage in e_des3.c
36025d3b87 Use local IV storage in e_des.c
2c533a71c6 Use local IV storage in e_camellia.c
ddce5c29f5 Use local IV storage in e_aria.c
d3308027e9 Use local IV storage in e_aes_ebc_hmac_sha256.c
18a49e168f Use local IV storage in e_aes_ebc_hmac_sha1.c
9197c226ea Use local IV storage in e_aes.c
37322687b0 Retire EVP_CTRL_GET_IV
c76ffc78a5 Document EVP_CIPHER_CTX IV accessors
ef58f9af93 Make GCM providers more generous about fetching IVs
440b852a0f Add tests for new EVP_CIPHER_CTX IV accessors
79f4417ed9 Deprecate and replace EVP_CIPHER_CTX_iv()/etc.
8489026850 Support cipher provider &quot;iv state&quot;
31d2daecb3 Add DHX serialization
116d2510f7 Add dh_kdf support to provider
627c220311 Add DHX support to keymanager
36b778fbb7 README.md: remove incorrect link to openssl.github.io
0799b79a45 README.md: replace incorrect access token for the AppVeyor badge
33b4f73145 conf: add an error if the openssl_conf section isn't found.
711ae5d359 Remove a TODO from evp_test
cd0a4998a0 Extend the EVP_PKEY KDF to KDF provider bridge to the FIPS provider
9d1ae03caa Minimise the size of the macros in kdf_exch.c
74fc579a12 Update KDF documentation
1704752be6 Delete old KDF bridge EVP_PKEY_METHODS
194de849cc Extend the EVP_PKEY KDF to KDF provider bridge to also support Scrypt
05d2f72e79 Extend the EVP_PKEY KDF to KDF provider bridge to also support HKDF
ac2d58c72b Implement a EVP_PKEY KDF to KDF provider bridge
23f04372f4 Initial Apple Silicon support.
c23add3676 Fix memory leak in drbgtest

Build log ended with (last 100 lines):

65-test_cmp_status.t ............... ok
65-test_cmp_vfy.t .................. ok
70-test_asyncio.t .................. ok
70-test_bad_dtls.t ................. ok
70-test_clienthello.t .............. ok
70-test_comp.t ..................... ok
70-test_key_share.t ................ ok
70-test_packet.t ................... ok
70-test_recordlen.t ................ ok
70-test_renegotiation.t ............ ok
70-test_servername.t ............... ok
70-test_sslcbcpadding.t ............ ok
70-test_sslcertstatus.t ............ ok
70-test_sslextension.t ............. ok
70-test_sslmessages.t .............. ok
70-test_sslrecords.t ............... ok
70-test_sslsessiontick.t ........... ok
70-test_sslsigalgs.t ............... ok
70-test_sslsignature.t ............. ok
70-test_sslskewith0p.t ............. ok
70-test_sslversions.t .............. ok
70-test_sslvertol.t ................ ok
70-test_tls13alerts.t .............. ok
70-test_tls13cookie.t .............. ok
70-test_tls13downgrade.t ........... ok
70-test_tls13hrr.t ................. ok
70-test_tls13kexmodes.t ............ ok
70-test_tls13messages.t ............ ok
70-test_tls13psk.t ................. ok
70-test_tlsextms.t ................. ok
70-test_verify_extra.t ............. ok
70-test_wpacket.t .................. ok
71-test_ssl_ctx.t .................. ok
80-test_ca.t ....................... ok
80-test_cipherbytes.t .............. ok
80-test_cipherlist.t ............... ok
80-test_ciphername.t ............... ok

# 80-test_cms.t ...................... ok
80-test_cmsapi.t ................... ok
80-test_ct.t ....................... ok
80-test_dane.t ..................... ok
80-test_dtls.t ..................... ok
80-test_dtls_mtu.t ................. ok
80-test_dtlsv1listen.t ............. ok
80-test_http.t ..................... ok
80-test_ocsp.t ..................... ok
80-test_pkcs12.t ................... ok
80-test_ssl_new.t .................. ok
80-test_ssl_old.t .................. ok
80-test_ssl_test_ctx.t ............. ok
80-test_sslcorrupt.t ............... ok
80-test_tsa.t ...................... ok
80-test_x509aux.t .................. ok

# 81-test_cmp_cli.t .................. ok
90-test_asn1_time.t ................ ok
90-test_async.t .................... ok
90-test_bio_enc.t .................. ok
90-test_bio_memleak.t .............. ok
90-test_constant_time.t ............ ok
90-test_fatalerr.t ................. ok
90-test_gmdiff.t ................... ok
90-test_gost.t ..................... ok
90-test_ige.t ...................... ok
90-test_includes.t ................. ok
90-test_memleak.t .................. ok
90-test_overhead.t ................. ok
90-test_secmem.t ................... ok
90-test_shlibload.t ................ ok
90-test_srp.t ...................... ok
90-test_sslapi.t ................... ok
90-test_sslbuffers.t ............... ok
90-test_store.t .................... ok
90-test_sysdefault.t ............... ok
90-test_threads.t .................. ok
90-test_time_offset.t .............. ok
90-test_tls13ccs.t ................. ok
90-test_tls13encryption.t .......... ok
90-test_tls13secrets.t ............. ok
90-test_v3name.t ................... ok
95-test_external_boringssl.t ....... skipped: No external tests in this configuration
95-test_external_gost_engine.t ..... skipped: No external tests in this configuration
95-test_external_krb5.t ............ skipped: No external tests in this configuration
95-test_external_pyca.t ............ skipped: No external tests in this configuration
99-test_ecstress.t ................. ok
99-test_fuzz.t ..................... ok

Test Summary Report
-------------------
04-test_err.t                    (Wstat: 256 Tests: 1 Failed: 1)
  Failed test:  1
  Non-zero exit status: 1
Files=208, Tests=3172, 886 wallclock secs (13.76 usr  1.36 sys + 819.05 cusr 63.81 csys = 897.98 CPU)
Result: FAIL
Makefile:3172: recipe for target '_tests' failed
make[1]: *** [_tests] Error 1
make[1]: Leaving directory '/home/openssl/run-checker/no-autoerrinit'
Makefile:3170: recipe for target 'tests' failed
make: *** [tests] Error 2
</PRE>



































































<!--endarticle-->
    <HR>
    <P><UL>
        <!--threads-->
	<LI>Previous message: <A HREF="030074.html">Still FAILED build of OpenSSL branch master with options -d --strict-warnings no-autoerrinit
</A></li>
	<LI>Next message: <A HREF="030165.html">Still FAILED build of OpenSSL branch master with options -d --strict-warnings no-autoerrinit
</A></li>
         <LI> <B>Messages sorted by:</B> 
              <a href="date.html#30127">[ date ]</a>
              <a href="thread.html#30127">[ thread ]</a>
              <a href="subject.html#30127">[ subject ]</a>
              <a href="author.html#30127">[ author ]</a>
         </LI>
       </UL>

<hr>
<a href="../../../mailman/listinfo/openssl-commits.html">More information about the openssl-commits
mailing list</a><br>
</body></html>
