<!DOCTYPE HTML PUBLIC "-//W3C//DTD HTML 4.01 Transitional//EN">
<HTML>
 <HEAD>
   <TITLE> Still FAILED build of OpenSSL branch master with options -d --strict-warnings no-des
   </TITLE>
   <LINK REL="Index" HREF="https://mta.openssl.org/pipermail/openssl-commits/2020-August/index.html" >
   <LINK REL="made" HREF="mailto:openssl-commits%40openssl.org?Subject=Re%3A%20Still%20FAILED%20build%20of%20OpenSSL%20branch%20master%20with%20options%20-d%0A%20--strict-warnings%20no-des&In-Reply-To=%3C1597907836.175229.24686.nullmailer%40run.openssl.org%3E">
   <META NAME="robots" CONTENT="index,nofollow">
   <style type="text/css">
       pre {
           white-space: pre-wrap;       /* css-2.1, curent FF, Opera, Safari */
           }
   </style>
   <META http-equiv="Content-Type" content="text/html; charset=us-ascii">
   <LINK REL="Previous"  HREF="030169.html">
   <LINK REL="Next"  HREF="030295.html">
 </HEAD>
 <BODY BGCOLOR="#ffffff">
   <H1>Still FAILED build of OpenSSL branch master with options -d --strict-warnings no-des</H1>
    <B>OpenSSL run-checker</B> 
    <A HREF="mailto:openssl-commits%40openssl.org?Subject=Re%3A%20Still%20FAILED%20build%20of%20OpenSSL%20branch%20master%20with%20options%20-d%0A%20--strict-warnings%20no-des&In-Reply-To=%3C1597907836.175229.24686.nullmailer%40run.openssl.org%3E"
       TITLE="Still FAILED build of OpenSSL branch master with options -d --strict-warnings no-des">openssl at openssl.org
       </A><BR>
    <I>Thu Aug 20 07:17:16 UTC 2020</I>
    <P><UL>
        <LI>Previous message: <A HREF="030169.html">Still FAILED build of OpenSSL branch master with options -d --strict-warnings no-des
</A></li>
        <LI>Next message: <A HREF="030295.html">Still FAILED build of OpenSSL branch master with options -d --strict-warnings no-des
</A></li>
         <LI> <B>Messages sorted by:</B> 
              <a href="date.html#30221">[ date ]</a>
              <a href="thread.html#30221">[ thread ]</a>
              <a href="subject.html#30221">[ subject ]</a>
              <a href="author.html#30221">[ author ]</a>
         </LI>
       </UL>
    <HR>  
<!--beginarticle-->
<PRE>Platform and configuration command:

$ uname -a
Linux run 4.15.0-106-generic #107-Ubuntu SMP Thu Jun 4 11:27:52 UTC 2020 x86_64 x86_64 x86_64 GNU/Linux
$ CC=clang ../openssl/config -d --strict-warnings no-des

Commit log since last time:

c7dfb2abe5 PKCS12_parse(): Clean up code and correct documentation
fc0aae737e PKCS12_parse(): Fix reversed order of certs parsed and output via *ca
9a30f40c57 OSSL_STORE file_load_try_decode(): Avoid flooding error queue by failed tries
7fe32ef688 Fix no-cms build errors.
c51a8af8cc OCSP: Add return value checks.
c9dcbc0759 Apps: change provider_path option to provider-path.
38145fba0a Fix DSA/DH so that legacy keys can still be generated by the default provider
6c4e2e52d8 Fix broken windows builds.
bfa6aaab45 Test that EVP_default_properties_is_fips_enabled() works early
e6c54619d1 Load the default config file before working with default properties

Build log ended with (last 100 lines):

    not ok 79 - ir + ignored revocation
# ------------------------------------------------------------------------------
Unable to load private key for CMP client certificate
C07075F21D7F0000:error::digital envelope routines:EVP_PBE_CipherInit:unknown cipher:../openssl/crypto/evp/evp_pbe.c:116:
C07075F21D7F0000:error::PKCS12 routines:PKCS12_pbe_crypt:pkcs12 algor cipherinit error:../openssl/crypto/pkcs12/p12_decr.c:37:
C07075F21D7F0000:error::PKCS12 routines:PKCS12_item_decrypt_d2i:pkcs12 pbe crypt error:../openssl/crypto/pkcs12/p12_decr.c:90:
C07075F21D7F0000:error::PKCS12 routines:PKCS12_parse:parse error:../openssl/crypto/pkcs12/p12_kiss.c:87:
OPENSSL_FUNC:../openssl/apps/cmp.c:2993:CMP error: cannot set up CMP context
# OPENSSL_FUNC:../openssl/apps/cmp.c:2835:CMP info: using OpenSSL configuration file '../Mock/test.cnf'
# OPENSSL_FUNC:../openssl/apps/cmp.c:2441:CMP warning: argument of -proxy option is empty string, resetting option
../../../../../no-des/util/wrap.pl ../../../../../no-des/apps/openssl cmp -config ../Mock/test.cnf -section 'Mock enrollment' -proxy '' -no_proxy 127.0.0.1 -cmd cr -newkey new.key -newkeypass 'pass:' -certout test.cert.pem -out_trusted root.crt =&gt; 1
    not ok 82 - cr command
# ------------------------------------------------------------------------------
    #   Failed test 'cr command'
    #   at ../openssl/test/recipes/81-test_cmp_cli.t line 184.
Could not open file or uri test.cert.pem for loading CMP client certificate (and optionally extra certs)
C020D3C0957F0000:error::system library:file_open_with_libctx:No such file or directory:../openssl/crypto/store/loader_file.c:935:calling stat(test.cert.pem)
Unable to load CMP client certificate (and optionally extra certs)
OPENSSL_FUNC:../openssl/apps/cmp.c:2993:CMP error: cannot set up CMP context
# OPENSSL_FUNC:../openssl/apps/cmp.c:2835:CMP info: using OpenSSL configuration file '../Mock/test.cnf'
# OPENSSL_FUNC:../openssl/apps/cmp.c:2441:CMP warning: argument of -proxy option is empty string, resetting option
# OPENSSL_FUNC:../openssl/apps/cmp.c:2073:CMP warning: -subject '/C=AU/ST=Some-State/O=Internet Widgits Pty Ltd/CN=leaf' given, which overrides the subject of 'test.cert.pem' in KUR
# OPENSSL_FUNC:../openssl/apps/cmp.c:778:CMP warning: can load only one certificate in DER format from test.cert.pem
../../../../../no-des/util/wrap.pl ../../../../../no-des/apps/openssl cmp -config ../Mock/test.cnf -section 'Mock enrollment' -proxy '' -no_proxy 127.0.0.1 -cmd kur -newkey new.key -newkeypass 'pass:' -certout test.cert.pem -out_trusted root.crt -oldcert test.cert.pem -server '127.0.0.1:1700' -cert test.cert.pem -key new.key -extracerts issuing.crt =&gt; 1
    not ok 83 - kur command explicit options
# ------------------------------------------------------------------------------
    #   Failed test 'kur command explicit options'
    #   at ../openssl/test/recipes/81-test_cmp_cli.t line 184.
Could not open file or uri test.cert.pem for loading CMP client certificate (and optionally extra certs)
C0303B20537F0000:error::system library:file_open_with_libctx:No such file or directory:../openssl/crypto/store/loader_file.c:935:calling stat(test.cert.pem)
Unable to load CMP client certificate (and optionally extra certs)
OPENSSL_FUNC:../openssl/apps/cmp.c:2993:CMP error: cannot set up CMP context
# OPENSSL_FUNC:../openssl/apps/cmp.c:2835:CMP info: using OpenSSL configuration file '../Mock/test.cnf'
# OPENSSL_FUNC:../openssl/apps/cmp.c:2441:CMP warning: argument of -proxy option is empty string, resetting option
# OPENSSL_FUNC:../openssl/apps/cmp.c:2441:CMP warning: argument of -subject option is empty string, resetting option
# OPENSSL_FUNC:../openssl/apps/cmp.c:2441:CMP warning: argument of -secret option is empty string, resetting option
# OPENSSL_FUNC:../openssl/apps/cmp.c:778:CMP warning: can load only one certificate in DER format from test.cert.pem
../../../../../no-des/util/wrap.pl ../../../../../no-des/apps/openssl cmp -config ../Mock/test.cnf -section 'Mock enrollment' -proxy '' -no_proxy 127.0.0.1 -cmd kur -subject &quot;&quot; -certout test.cert.pem -oldcert test.cert.pem -server '127.0.0.1:1700' -cert test.cert.pem -key new.key -extracerts issuing.crt -secret &quot;&quot; =&gt; 1
    not ok 84 - kur command minimal options
# ------------------------------------------------------------------------------
    # Looks like you failed 31 tests of 92.
not ok 7 - CMP app CLI Mock enrollment
# ------------------------------------------------------------------------------
# 
#   Failed test 'CMP app CLI Mock enrollment
# '
#   at /home/openssl/run-checker/no-des/../openssl/util/perl/OpenSSL/Test.pm line 1302.
# Looks like you failed 5 tests of 7.81-test_cmp_cli.t .................. 
Dubious, test returned 5 (wstat 1280, 0x500)
Failed 5/7 subtests 
90-test_asn1_time.t ................ ok
90-test_async.t .................... ok
90-test_bio_enc.t .................. ok
90-test_bio_memleak.t .............. ok
90-test_constant_time.t ............ ok
90-test_fatalerr.t ................. ok
90-test_gmdiff.t ................... ok
90-test_gost.t ..................... ok
90-test_ige.t ...................... ok
90-test_includes.t ................. ok
90-test_memleak.t .................. ok
90-test_overhead.t ................. ok
90-test_secmem.t ................... ok
90-test_shlibload.t ................ ok
90-test_srp.t ...................... ok
90-test_sslapi.t ................... ok
90-test_sslbuffers.t ............... ok
90-test_store.t .................... ok
90-test_sysdefault.t ............... ok
90-test_threads.t .................. ok
90-test_time_offset.t .............. ok
90-test_tls13ccs.t ................. ok
90-test_tls13encryption.t .......... ok
90-test_tls13secrets.t ............. ok
90-test_v3name.t ................... ok
95-test_external_boringssl.t ....... skipped: No external tests in this configuration
95-test_external_gost_engine.t ..... skipped: No external tests in this configuration
95-test_external_krb5.t ............ skipped: No external tests in this configuration
95-test_external_pyca.t ............ skipped: No external tests in this configuration
99-test_ecstress.t ................. ok
99-test_fuzz.t ..................... ok

Test Summary Report
-------------------
30-test_evp.t                    (Wstat: 768 Tests: 84 Failed: 3)
  Failed tests:  12, 36, 69
  Non-zero exit status: 3
30-test_evp_kdf.t                (Wstat: 256 Tests: 1 Failed: 1)
  Failed test:  1
  Non-zero exit status: 1
81-test_cmp_cli.t                (Wstat: 1280 Tests: 7 Failed: 5)
  Failed tests:  3-7
  Non-zero exit status: 5
Files=209, Tests=3211, 889 wallclock secs (13.14 usr  1.43 sys + 828.96 cusr 61.21 csys = 904.74 CPU)
Result: FAIL
Makefile:3120: recipe for target '_tests' failed
make[1]: *** [_tests] Error 1
make[1]: Leaving directory '/home/openssl/run-checker/no-des'
Makefile:3118: recipe for target 'tests' failed
make: *** [tests] Error 2
</PRE>
















































<!--endarticle-->
    <HR>
    <P><UL>
        <!--threads-->
	<LI>Previous message: <A HREF="030169.html">Still FAILED build of OpenSSL branch master with options -d --strict-warnings no-des
</A></li>
	<LI>Next message: <A HREF="030295.html">Still FAILED build of OpenSSL branch master with options -d --strict-warnings no-des
</A></li>
         <LI> <B>Messages sorted by:</B> 
              <a href="date.html#30221">[ date ]</a>
              <a href="thread.html#30221">[ thread ]</a>
              <a href="subject.html#30221">[ subject ]</a>
              <a href="author.html#30221">[ author ]</a>
         </LI>
       </UL>

<hr>
<a href="../../../mailman/listinfo/openssl-commits.html">More information about the openssl-commits
mailing list</a><br>
</body></html>
