<!DOCTYPE HTML PUBLIC "-//W3C//DTD HTML 4.01 Transitional//EN">
<HTML>
 <HEAD>
   <TITLE> Still FAILED build of OpenSSL branch master with options -d --strict-warnings no-autoerrinit
   </TITLE>
   <LINK REL="Index" HREF="https://mta.openssl.org/pipermail/openssl-commits/2020-August/index.html" >
   <LINK REL="made" HREF="mailto:openssl-commits%40openssl.org?Subject=Re%3A%20Still%20FAILED%20build%20of%20OpenSSL%20branch%20master%20with%20options%20-d%0A%20--strict-warnings%20no-autoerrinit&In-Reply-To=%3C1597888473.786644.7662.nullmailer%40run.openssl.org%3E">
   <META NAME="robots" CONTENT="index,nofollow">
   <style type="text/css">
       pre {
           white-space: pre-wrap;       /* css-2.1, curent FF, Opera, Safari */
           }
   </style>
   <META http-equiv="Content-Type" content="text/html; charset=us-ascii">
   <LINK REL="Previous"  HREF="030165.html">
   <LINK REL="Next"  HREF="030292.html">
 </HEAD>
 <BODY BGCOLOR="#ffffff">
   <H1>Still FAILED build of OpenSSL branch master with options -d --strict-warnings no-autoerrinit</H1>
    <B>OpenSSL run-checker</B> 
    <A HREF="mailto:openssl-commits%40openssl.org?Subject=Re%3A%20Still%20FAILED%20build%20of%20OpenSSL%20branch%20master%20with%20options%20-d%0A%20--strict-warnings%20no-autoerrinit&In-Reply-To=%3C1597888473.786644.7662.nullmailer%40run.openssl.org%3E"
       TITLE="Still FAILED build of OpenSSL branch master with options -d --strict-warnings no-autoerrinit">openssl at openssl.org
       </A><BR>
    <I>Thu Aug 20 01:54:33 UTC 2020</I>
    <P><UL>
        <LI>Previous message: <A HREF="030165.html">Still FAILED build of OpenSSL branch master with options -d --strict-warnings no-autoerrinit
</A></li>
        <LI>Next message: <A HREF="030292.html">Still FAILED build of OpenSSL branch master with options -d --strict-warnings no-autoerrinit
</A></li>
         <LI> <B>Messages sorted by:</B> 
              <a href="date.html#30212">[ date ]</a>
              <a href="thread.html#30212">[ thread ]</a>
              <a href="subject.html#30212">[ subject ]</a>
              <a href="author.html#30212">[ author ]</a>
         </LI>
       </UL>
    <HR>  
<!--beginarticle-->
<PRE>Platform and configuration command:

$ uname -a
Linux run 4.15.0-106-generic #107-Ubuntu SMP Thu Jun 4 11:27:52 UTC 2020 x86_64 x86_64 x86_64 GNU/Linux
$ CC=clang ../openssl/config -d --strict-warnings no-autoerrinit

Commit log since last time:

c7dfb2abe5 PKCS12_parse(): Clean up code and correct documentation
fc0aae737e PKCS12_parse(): Fix reversed order of certs parsed and output via *ca
9a30f40c57 OSSL_STORE file_load_try_decode(): Avoid flooding error queue by failed tries
7fe32ef688 Fix no-cms build errors.
c51a8af8cc OCSP: Add return value checks.
c9dcbc0759 Apps: change provider_path option to provider-path.
38145fba0a Fix DSA/DH so that legacy keys can still be generated by the default provider
6c4e2e52d8 Fix broken windows builds.
bfa6aaab45 Test that EVP_default_properties_is_fips_enabled() works early
e6c54619d1 Load the default config file before working with default properties

Build log ended with (last 100 lines):

65-test_cmp_status.t ............... ok
65-test_cmp_vfy.t .................. ok
70-test_asyncio.t .................. ok
70-test_bad_dtls.t ................. ok
70-test_clienthello.t .............. ok
70-test_comp.t ..................... ok
70-test_key_share.t ................ ok
70-test_packet.t ................... ok
70-test_recordlen.t ................ ok
70-test_renegotiation.t ............ ok
70-test_servername.t ............... ok
70-test_sslcbcpadding.t ............ ok
70-test_sslcertstatus.t ............ ok
70-test_sslextension.t ............. ok
70-test_sslmessages.t .............. ok
70-test_sslrecords.t ............... ok
70-test_sslsessiontick.t ........... ok
70-test_sslsigalgs.t ............... ok
70-test_sslsignature.t ............. ok
70-test_sslskewith0p.t ............. ok
70-test_sslversions.t .............. ok
70-test_sslvertol.t ................ ok
70-test_tls13alerts.t .............. ok
70-test_tls13cookie.t .............. ok
70-test_tls13downgrade.t ........... ok
70-test_tls13hrr.t ................. ok
70-test_tls13kexmodes.t ............ ok
70-test_tls13messages.t ............ ok
70-test_tls13psk.t ................. ok
70-test_tlsextms.t ................. ok
70-test_verify_extra.t ............. ok
70-test_wpacket.t .................. ok
71-test_ssl_ctx.t .................. ok
80-test_ca.t ....................... ok
80-test_cipherbytes.t .............. ok
80-test_cipherlist.t ............... ok
80-test_ciphername.t ............... ok

# 80-test_cms.t ...................... ok
80-test_cmsapi.t ................... ok
80-test_ct.t ....................... ok
80-test_dane.t ..................... ok
80-test_dtls.t ..................... ok
80-test_dtls_mtu.t ................. ok
80-test_dtlsv1listen.t ............. ok
80-test_http.t ..................... ok
80-test_ocsp.t ..................... ok
80-test_pkcs12.t ................... ok
80-test_ssl_new.t .................. ok
80-test_ssl_old.t .................. ok
80-test_ssl_test_ctx.t ............. ok
80-test_sslcorrupt.t ............... ok
80-test_tsa.t ...................... ok
80-test_x509aux.t .................. ok

# 81-test_cmp_cli.t .................. ok
90-test_asn1_time.t ................ ok
90-test_async.t .................... ok
90-test_bio_enc.t .................. ok
90-test_bio_memleak.t .............. ok
90-test_constant_time.t ............ ok
90-test_fatalerr.t ................. ok
90-test_gmdiff.t ................... ok
90-test_gost.t ..................... ok
90-test_ige.t ...................... ok
90-test_includes.t ................. ok
90-test_memleak.t .................. ok
90-test_overhead.t ................. ok
90-test_secmem.t ................... ok
90-test_shlibload.t ................ ok
90-test_srp.t ...................... ok
90-test_sslapi.t ................... ok
90-test_sslbuffers.t ............... ok
90-test_store.t .................... ok
90-test_sysdefault.t ............... ok
90-test_threads.t .................. ok
90-test_time_offset.t .............. ok
90-test_tls13ccs.t ................. ok
90-test_tls13encryption.t .......... ok
90-test_tls13secrets.t ............. ok
90-test_v3name.t ................... ok
95-test_external_boringssl.t ....... skipped: No external tests in this configuration
95-test_external_gost_engine.t ..... skipped: No external tests in this configuration
95-test_external_krb5.t ............ skipped: No external tests in this configuration
95-test_external_pyca.t ............ skipped: No external tests in this configuration
99-test_ecstress.t ................. ok
99-test_fuzz.t ..................... ok

Test Summary Report
-------------------
04-test_err.t                    (Wstat: 256 Tests: 1 Failed: 1)
  Failed test:  1
  Non-zero exit status: 1
Files=209, Tests=3176, 864 wallclock secs (12.89 usr  1.15 sys + 798.09 cusr 62.46 csys = 874.59 CPU)
Result: FAIL
Makefile:3189: recipe for target '_tests' failed
make[1]: *** [_tests] Error 1
make[1]: Leaving directory '/home/openssl/run-checker/no-autoerrinit'
Makefile:3187: recipe for target 'tests' failed
make: *** [tests] Error 2
</PRE>


















































<!--endarticle-->
    <HR>
    <P><UL>
        <!--threads-->
	<LI>Previous message: <A HREF="030165.html">Still FAILED build of OpenSSL branch master with options -d --strict-warnings no-autoerrinit
</A></li>
	<LI>Next message: <A HREF="030292.html">Still FAILED build of OpenSSL branch master with options -d --strict-warnings no-autoerrinit
</A></li>
         <LI> <B>Messages sorted by:</B> 
              <a href="date.html#30212">[ date ]</a>
              <a href="thread.html#30212">[ thread ]</a>
              <a href="subject.html#30212">[ subject ]</a>
              <a href="author.html#30212">[ author ]</a>
         </LI>
       </UL>

<hr>
<a href="../../../mailman/listinfo/openssl-commits.html">More information about the openssl-commits
mailing list</a><br>
</body></html>
