<!DOCTYPE HTML PUBLIC "-//W3C//DTD HTML 4.01 Transitional//EN">
<HTML>
 <HEAD>
   <TITLE> Still FAILED build of OpenSSL branch master with options -d --strict-warnings no-tls1_3
   </TITLE>
   <LINK REL="Index" HREF="https://mta.openssl.org/pipermail/openssl-commits/2020-August/index.html" >
   <LINK REL="made" HREF="mailto:openssl-commits%40openssl.org?Subject=Re%3A%20Still%20FAILED%20build%20of%20OpenSSL%20branch%20master%20with%20options%20-d%0A%20--strict-warnings%20no-tls1_3&In-Reply-To=%3C1598661893.060920.1069.nullmailer%40run.openssl.org%3E">
   <META NAME="robots" CONTENT="index,nofollow">
   <style type="text/css">
       pre {
           white-space: pre-wrap;       /* css-2.1, curent FF, Opera, Safari */
           }
   </style>
   <META http-equiv="Content-Type" content="text/html; charset=us-ascii">
   <LINK REL="Previous"  HREF="030324.html">
   <LINK REL="Next"  HREF="030000.html">
 </HEAD>
 <BODY BGCOLOR="#ffffff">
   <H1>Still FAILED build of OpenSSL branch master with options -d --strict-warnings no-tls1_3</H1>
    <B>OpenSSL run-checker</B> 
    <A HREF="mailto:openssl-commits%40openssl.org?Subject=Re%3A%20Still%20FAILED%20build%20of%20OpenSSL%20branch%20master%20with%20options%20-d%0A%20--strict-warnings%20no-tls1_3&In-Reply-To=%3C1598661893.060920.1069.nullmailer%40run.openssl.org%3E"
       TITLE="Still FAILED build of OpenSSL branch master with options -d --strict-warnings no-tls1_3">openssl at openssl.org
       </A><BR>
    <I>Sat Aug 29 00:44:53 UTC 2020</I>
    <P><UL>
        <LI>Previous message: <A HREF="030324.html">Still FAILED build of OpenSSL branch master with options -d --strict-warnings no-tls1_3
</A></li>
        <LI>Next message: <A HREF="030000.html">Build completed: openssl master.35951
</A></li>
         <LI> <B>Messages sorted by:</B> 
              <a href="date.html#30377">[ date ]</a>
              <a href="thread.html#30377">[ thread ]</a>
              <a href="subject.html#30377">[ subject ]</a>
              <a href="author.html#30377">[ author ]</a>
         </LI>
       </UL>
    <HR>  
<!--beginarticle-->
<PRE>Platform and configuration command:

$ uname -a
Linux run 4.15.0-106-generic #107-Ubuntu SMP Thu Jun 4 11:27:52 UTC 2020 x86_64 x86_64 x86_64 GNU/Linux
$ CC=clang ../openssl/config -d --strict-warnings no-tls1_3

Commit log since last time:

a149f75024 Replace hierogliphs with stub to pass tests
26930bd3c2 Documentation for internal PUNYCODE-related functions
8a302080c3 EAI test script and data
a0188e284e RFC 8398: documentation
0bf093be31 Add NID_id_on_SmtpUTF8Mailbox to table of X.509 attributes
90c9319d47 RFC 8398: EAI comparison
69d9245996 RFC 8398: Name constraints validation
4650f2b590 Punycode decoding implementation
eb800ef553 crypto/x509/v3_utl.c: Fix IPv6 output in ipaddr_to_asc()
9afa0748cf TEST: Fix CMP tests so they load keys in the current library context
39d9be390a Add CLI tests in FIPS configuration
a8b7ea8268 STORE: Change all error recording to use ERR_raise() / ERR_raise_data()
34b80d0622 STORE: Modify to support loading with provider based loaders
4fd3978211 DECODER: Add function to set an OSSL_PASSPHRASE_CALLBACK type callback
ab00ddb559 OSSL_PARAM: Add string pointer getters
c4fc564d48 STORE: Add the base functions to support provider based loaders
8704b6bf32 STORE for providers: define libcrypto &lt;-&gt; provider interface
faa64bca9f STORE: Add missing function OSSL_STORE_LOADER_set_open_with_libctx()
a517edec03 CORE: Generalise internal pass phrase prompter
14c8a3d118 CORE: Define provider-native abstract objects
bc8c3e1cd8 Fix coverity CID #1452770 - Dereference before NULL check in CRYPTO_siv128_init()
4bec3f6d51 Fix coverity CID #1452773 - Dereference before NULL check in EVP_DigestFinal_ex()
1f9ad4f953 Fix coverity CID #1452775 &amp; #1452772- Dereference before NULL check in evp_lib.c
825ccf5155 Fix coverity CID #1454638 - Dereference after NULL check in EVP_MD_CTX_gettable_params()
10ead93897 Fix coverity CID #1455335 - Dereference after NULL check in fromdata_init()
db1319b706 Fix coverity CID #1458641 - Dereference before NULL check when setting ctx-&gt;flag_allow_md in rsa.c
fa519461c9 Fix coverity CID #1458644 - Negative return passed to function taking size_t in ecdh_cms_set_shared_info()
51bba73e93 Fix coverity CID #1458645 - Dereference before NULL check in rsa_digest_verify_final()
fdf6118b15 Fix coverity CID #1458647 - Use after free in clean_tbuf() which uses ctx-&gt;rsa
26c5ea8f61 Fix coverity CID #1458648 - Wrong sizeof() arg in rsa_freectx()
75348bb298 Fix coverity CID #1465525 - NULL pointer dereference in OSSL_DECODER_CTX_new_by_EVP_PKEY()
e499a64bef Fix coverity CID #1465531 - Negative return passed to a function param using size_t in asn1_item_digest_with_libctx()
ab7f4a3d2b Fix coverity CID #1465790 - Dereference after NULL check in evp_test.c
61d61c5fd2 Fix coverity CID #1465794 - Uninitialized pointer read in x942_encode_otherinfo()
f2bfc53b02 Fix coverity CID #1465795 - Incorrect free deallocator used in SSL_add1_host()
90e0e0d802 Fix coverity CID #1465797 - Negative loop bound in collect_deserializer
3c1ccfea85 Fix coverity CID #1465594 - Null dereference in EVP_PKEY_get0()

Build log ended with (last 100 lines):

# 81-test_cmp_cli.t .................. ok
90-test_asn1_time.t ................ ok
90-test_async.t .................... ok
90-test_bio_enc.t .................. ok
90-test_bio_memleak.t .............. ok
90-test_constant_time.t ............ ok
90-test_fatalerr.t ................. ok
90-test_gmdiff.t ................... ok
90-test_gost.t ..................... skipped: TLSv1.3 or TLSv1.2 are disabled in this OpenSSL build
90-test_ige.t ...................... ok
90-test_includes.t ................. ok
90-test_memleak.t .................. ok
90-test_overhead.t ................. ok
90-test_secmem.t ................... ok
90-test_shlibload.t ................ ok
90-test_srp.t ...................... ok

        # INFO:  @ ../openssl/test/ssltestlib.c:946
        # SSL_connect() failed -1, 1
        # C000777FE77F0000:error::SSL routines::internal error:../openssl/ssl/s3_enc.c:414:
        # INFO:  @ ../openssl/test/ssltestlib.c:964
        # SSL_accept() failed -1, 1
        # C000777FE77F0000:error::SSL routines::tlsv1 alert internal error:../openssl/ssl/record/rec_layer_s3.c:1615:SSL alert number 80
        # ERROR: (bool) 'create_ssl_connection(serverssl, clientssl, SSL_ERROR_NONE) == true' failed @ ../openssl/test/sslapitest.c:8216
        # false
        not ok 2 - iteration 2
# ------------------------------------------------------------------------------
        # INFO:  @ ../openssl/test/ssltestlib.c:964
        # SSL_accept() failed -1, 1
        # C000777FE77F0000:error::SSL routines::internal error:../openssl/ssl/s3_enc.c:414:
        # INFO:  @ ../openssl/test/ssltestlib.c:946
        # SSL_connect() failed -1, 1
        # C000777FE77F0000:error::SSL routines::tlsv1 alert internal error:../openssl/ssl/record/rec_layer_s3.c:1615:SSL alert number 80
        # ERROR: (bool) 'create_ssl_connection(serverssl, clientssl, SSL_ERROR_NONE) == true' failed @ ../openssl/test/sslapitest.c:8216
        # false
        not ok 3 - iteration 3
# ------------------------------------------------------------------------------
    not ok 37 - test_sigalgs_available
# ------------------------------------------------------------------------------
../../util/wrap.pl ../../test/sslapitest ../../../openssl/test/certs ../../../openssl/test/recipes/90-test_sslapi_data/passwd.txt /tmp/1Xp8oOrHwL default ../../../openssl/test/default.cnf =&gt; 1
not ok 1 - running sslapitest
# ------------------------------------------------------------------------------
        # INFO:  @ ../openssl/test/ssltestlib.c:946
        # SSL_connect() failed -1, 1
        # C070CF53507F0000:error::SSL routines::internal error:../openssl/ssl/s3_enc.c:414:
        # INFO:  @ ../openssl/test/ssltestlib.c:964
        # SSL_accept() failed -1, 1
        # C070CF53507F0000:error::SSL routines::tlsv1 alert internal error:../openssl/ssl/record/rec_layer_s3.c:1615:SSL alert number 80
        # ERROR: (bool) 'create_ssl_connection(serverssl, clientssl, SSL_ERROR_NONE) == true' failed @ ../openssl/test/sslapitest.c:8216
        # false
        not ok 2 - iteration 2
# ------------------------------------------------------------------------------
        # INFO:  @ ../openssl/test/ssltestlib.c:964
        # SSL_accept() failed -1, 1
        # C070CF53507F0000:error::SSL routines::internal error:../openssl/ssl/s3_enc.c:414:
        # INFO:  @ ../openssl/test/ssltestlib.c:946
        # SSL_connect() failed -1, 1
        # C070CF53507F0000:error::SSL routines::tlsv1 alert internal error:../openssl/ssl/record/rec_layer_s3.c:1615:SSL alert number 80
        # ERROR: (bool) 'create_ssl_connection(serverssl, clientssl, SSL_ERROR_NONE) == true' failed @ ../openssl/test/sslapitest.c:8216
        # false
        not ok 3 - iteration 3
# ------------------------------------------------------------------------------
    not ok 37 - test_sigalgs_available
# ------------------------------------------------------------------------------
../../util/wrap.pl ../../test/sslapitest ../../../openssl/test/certs ../../../openssl/test/recipes/90-test_sslapi_data/passwd.txt /tmp/1Xp8oOrHwL fips ../../../openssl/test/fips.cnf =&gt; 1
not ok 3 - running sslapitest
# ------------------------------------------------------------------------------
#   Failed test 'running sslapitest'
#   at ../openssl/test/recipes/90-test_sslapi.t line 45.
# Looks like you failed 2 tests of 3.90-test_sslapi.t ................... 
Dubious, test returned 2 (wstat 512, 0x200)
Failed 2/3 subtests 
90-test_sslbuffers.t ............... ok
90-test_store.t .................... ok
90-test_sysdefault.t ............... ok
90-test_threads.t .................. ok
90-test_time_offset.t .............. ok
90-test_tls13ccs.t ................. skipped: test_tls13ccs is not supported in this build
90-test_tls13encryption.t .......... skipped: tls13encryption is not supported in this build
90-test_tls13secrets.t ............. skipped: tls13secrets is not supported in this build
90-test_v3name.t ................... ok
95-test_external_boringssl.t ....... skipped: No external tests in this configuration
95-test_external_gost_engine.t ..... skipped: No external tests in this configuration
95-test_external_krb5.t ............ skipped: No external tests in this configuration
95-test_external_pyca.t ............ skipped: No external tests in this configuration
99-test_ecstress.t ................. ok
99-test_fuzz.t ..................... ok

Test Summary Report
-------------------
90-test_sslapi.t                 (Wstat: 512 Tests: 3 Failed: 2)
  Failed tests:  1, 3
  Non-zero exit status: 2
Files=211, Tests=3272, 824 wallclock secs (12.24 usr  1.42 sys + 752.22 cusr 60.13 csys = 826.01 CPU)
Result: FAIL
Makefile:3186: recipe for target '_tests' failed
make[1]: *** [_tests] Error 1
make[1]: Leaving directory '/home/openssl/run-checker/no-tls1_3'
Makefile:3184: recipe for target 'tests' failed
make: *** [tests] Error 2
</PRE>
















<!--endarticle-->
    <HR>
    <P><UL>
        <!--threads-->
	<LI>Previous message: <A HREF="030324.html">Still FAILED build of OpenSSL branch master with options -d --strict-warnings no-tls1_3
</A></li>
	<LI>Next message: <A HREF="030000.html">Build completed: openssl master.35951
</A></li>
         <LI> <B>Messages sorted by:</B> 
              <a href="date.html#30377">[ date ]</a>
              <a href="thread.html#30377">[ thread ]</a>
              <a href="subject.html#30377">[ subject ]</a>
              <a href="author.html#30377">[ author ]</a>
         </LI>
       </UL>

<hr>
<a href="../../../mailman/listinfo/openssl-commits.html">More information about the openssl-commits
mailing list</a><br>
</body></html>
