<!DOCTYPE HTML PUBLIC "-//W3C//DTD HTML 4.01 Transitional//EN">
<HTML>
 <HEAD>
   <TITLE> FAILED build of OpenSSL branch master with options -d --strict-warnings enable-ec_nistp_64_gcc_128
   </TITLE>
   <LINK REL="Index" HREF="https://mta.openssl.org/pipermail/openssl-commits/2021-February/index.html" >
   <LINK REL="made" HREF="mailto:openssl-commits%40openssl.org?Subject=Re%3A%20FAILED%20build%20of%20OpenSSL%20branch%20master%20with%20options%20-d%0A%20--strict-warnings%20enable-ec_nistp_64_gcc_128&In-Reply-To=%3C1612179558.619273.3530053.nullmailer%40run.openssl.org%3E">
   <META NAME="robots" CONTENT="index,nofollow">
   <style type="text/css">
       pre {
           white-space: pre-wrap;       /* css-2.1, curent FF, Opera, Safari */
           }
   </style>
   <META http-equiv="Content-Type" content="text/html; charset=us-ascii">
   <LINK REL="Previous"  HREF="032956.html">
   <LINK REL="Next"  HREF="032958.html">
 </HEAD>
 <BODY BGCOLOR="#ffffff">
   <H1>FAILED build of OpenSSL branch master with options -d --strict-warnings enable-ec_nistp_64_gcc_128</H1>
    <B>OpenSSL run-checker</B> 
    <A HREF="mailto:openssl-commits%40openssl.org?Subject=Re%3A%20FAILED%20build%20of%20OpenSSL%20branch%20master%20with%20options%20-d%0A%20--strict-warnings%20enable-ec_nistp_64_gcc_128&In-Reply-To=%3C1612179558.619273.3530053.nullmailer%40run.openssl.org%3E"
       TITLE="FAILED build of OpenSSL branch master with options -d --strict-warnings enable-ec_nistp_64_gcc_128">openssl at openssl.org
       </A><BR>
    <I>Mon Feb  1 11:39:18 UTC 2021</I>
    <P><UL>
        <LI>Previous message: <A HREF="032956.html">Build failed: openssl master.39494
</A></li>
        <LI>Next message: <A HREF="032958.html">Failed: akhand2222/openssl#1 (OpenSSL_1_0_2-stable - cebb31f)
</A></li>
         <LI> <B>Messages sorted by:</B> 
              <a href="date.html#32957">[ date ]</a>
              <a href="thread.html#32957">[ thread ]</a>
              <a href="subject.html#32957">[ subject ]</a>
              <a href="author.html#32957">[ author ]</a>
         </LI>
       </UL>
    <HR>  
<!--beginarticle-->
<PRE>Platform and configuration command:

$ uname -a
Linux run 5.4.0-52-generic #57-Ubuntu SMP Thu Oct 15 10:57:00 UTC 2020 x86_64 x86_64 x86_64 GNU/Linux
$ CC=clang ../openssl/config -d --strict-warnings enable-ec_nistp_64_gcc_128

Commit log since last time:

a2a5506b93 rsa_kmgmt: Return OSSL_PKEY_PARAM_DEFAULT_DIGEST for unrestricted PSS keys
e947a0642d EVP: fix keygen for EVP_PKEY_RSA_PSS
d744934b75 Remove superfluous EVP_KDF_CTRL_ defines.
270a5ce1d9 Fix parameter types in sshkdf
732a4d15b0 Fix cipher reinit on s390x if no key is specified
199df4a93f check_sig_alg_match(): weaken sig nid comparison to allow RSA{,PSS} key verify RSA-PSS
03f5c8930c Fix rsa_pss_asn1_meth to refert to rsa_sig_info_set
26a44ad04b obj_xref: rsassaPss must map to 'undef rsassaPss' (not 'undef rsaEncryption')
302e63cbe5 Prepare for 3.0 alpha 12
31a89254d8 Prepare for release of 3.0 alpha 11
4333b89f50 Update copyright year
92bc61e467 Update NEWS.md before alpha11 release
5ac632eed7 APPS: Restore inclusions

Build log ended with (last 100 lines):

70-test_tlsextms.t ................. ok
70-test_verify_extra.t ............. ok
70-test_wpacket.t .................. ok
71-test_ssl_ctx.t .................. ok
80-test_ca.t ....................... ok
80-test_cipherbytes.t .............. ok
80-test_cipherlist.t ............... ok
80-test_ciphername.t ............... ok

    # CMD: openssl cms -provider-path ../../providers -config ../../../openssl/test/fips-and-base.cnf -provider fips -encrypt -in ../../../openssl/test/smcont.txt -stream -out cms2cms-mod-13.cms -recip ../../../openssl/test/smime-certs/smdh.pem -aes128
Using configuration from ../../../openssl/test/fips-and-base.cnf
../../util/wrap.pl ../../apps/openssl cms -provider-path ../../providers -config ../../../openssl/test/fips-and-base.cnf -provider fips -encrypt -in ../../../openssl/test/smcont.txt -stream -out cms2cms-mod-13.cms -recip ../../../openssl/test/smime-certs/smdh.pem -aes128 =&gt; 0
    # CMD: openssl cms -provider-path ../../providers -config ../../../openssl/test/fips-and-base.cnf -provider fips -decrypt -recip ../../../openssl/test/smime-certs/smdh.pem -in cms2cms-mod-13.cms -out cms2cms-mod-13.txt
Using configuration from ../../../openssl/test/fips-and-base.cnf
Error decrypting CMS using private key
8002349BB07F0000:error:1700006C:CMS routines:cms_get0_signed:content type not signed data:../openssl/crypto/cms/cms_sd.c:30:
8002349BB07F0000:error:02800066:Diffie-Hellman routines:dh_buf2key:invalid public key:../openssl/crypto/dh/dh_key.c:392:
8002349BB07F0000:error:170000BC:CMS routines:dh_cms_decrypt:peer key error:../openssl/crypto/cms/cms_dh.c:173:
../../util/wrap.pl ../../apps/openssl cms -provider-path ../../providers -config ../../../openssl/test/fips-and-base.cnf -provider fips -decrypt -recip ../../../openssl/test/smime-certs/smdh.pem -in cms2cms-mod-13.cms -out cms2cms-mod-13.txt =&gt; 4
    not ok 13 - enveloped content test streaming S/MIME format, X9.42 DH
# ------------------------------------------------------------------------------
    # Looks like you failed 1 test of 14.
not ok 5 - CMS &lt;=&gt; CMS consistency tests, modified key parameters
# ------------------------------------------------------------------------------
# 
# Looks like you failed 1 test of 11.80-test_cms.t ...................... 
Dubious, test returned 1 (wstat 256, 0x100)
Failed 1/11 subtests 
80-test_cmsapi.t ................... ok
80-test_ct.t ....................... ok
80-test_dane.t ..................... ok
80-test_dtls.t ..................... ok
80-test_dtls_mtu.t ................. ok
80-test_dtlsv1listen.t ............. ok
80-test_http.t ..................... ok
80-test_ocsp.t ..................... ok
80-test_pkcs12.t ................... ok
80-test_ssl_new.t .................. ok
80-test_ssl_old.t .................. ok
80-test_ssl_test_ctx.t ............. ok
80-test_sslcorrupt.t ............... ok
80-test_tsa.t ...................... ok
80-test_x509aux.t .................. ok

# 81-test_cmp_cli.t .................. ok
90-test_asn1_time.t ................ ok
90-test_async.t .................... ok
90-test_bio_enc.t .................. ok
90-test_bio_memleak.t .............. ok
90-test_constant_time.t ............ ok
90-test_fatalerr.t ................. ok
90-test_fipsload.t ................. ok
90-test_gmdiff.t ................... ok
90-test_gost.t ..................... ok
90-test_ige.t ...................... ok
90-test_includes.t ................. ok
90-test_memleak.t .................. ok
90-test_overhead.t ................. ok
90-test_secmem.t ................... ok
90-test_shlibload.t ................ ok
90-test_srp.t ...................... ok
90-test_sslapi.t ................... ok
90-test_sslbuffers.t ............... ok
90-test_store.t .................... ok
90-test_sysdefault.t ............... ok
90-test_threads.t .................. ok
90-test_time_offset.t .............. ok
90-test_tls13ccs.t ................. ok
90-test_tls13encryption.t .......... ok
90-test_tls13secrets.t ............. ok
90-test_v3name.t ................... ok
91-test_pkey_check.t ............... ok
95-test_external_boringssl.t ....... skipped: No external tests in this configuration
95-test_external_gost_engine.t ..... skipped: No external tests in this configuration
95-test_external_krb5.t ............ skipped: No external tests in this configuration
95-test_external_pyca.t ............ skipped: No external tests in this configuration
99-test_ecstress.t ................. ok
99-test_fuzz_asn1.t ................ ok
99-test_fuzz_asn1parse.t ........... ok
99-test_fuzz_bignum.t .............. ok
99-test_fuzz_bndiv.t ............... ok
99-test_fuzz_client.t .............. ok
99-test_fuzz_cmp.t ................. ok
99-test_fuzz_cms.t ................. ok
99-test_fuzz_conf.t ................ ok
99-test_fuzz_crl.t ................. ok
99-test_fuzz_ct.t .................. ok
99-test_fuzz_server.t .............. ok
99-test_fuzz_x509.t ................ ok

Test Summary Report
-------------------
80-test_cms.t                    (Wstat: 256 Tests: 11 Failed: 1)
  Failed test:  5
  Non-zero exit status: 1
Files=228, Tests=3209, 886 wallclock secs (14.57 usr  1.36 sys + 783.57 cusr 95.37 csys = 894.87 CPU)
Result: FAIL
make[1]: *** [Makefile:3279: _tests] Error 1
make[1]: Leaving directory '/home/openssl/run-checker/enable-ec_nistp_64_gcc_128'
make: *** [Makefile:3276: tests] Error 2
</PRE>






































































































































































<!--endarticle-->
    <HR>
    <P><UL>
        <!--threads-->
	<LI>Previous message: <A HREF="032956.html">Build failed: openssl master.39494
</A></li>
	<LI>Next message: <A HREF="032958.html">Failed: akhand2222/openssl#1 (OpenSSL_1_0_2-stable - cebb31f)
</A></li>
         <LI> <B>Messages sorted by:</B> 
              <a href="date.html#32957">[ date ]</a>
              <a href="thread.html#32957">[ thread ]</a>
              <a href="subject.html#32957">[ subject ]</a>
              <a href="author.html#32957">[ author ]</a>
         </LI>
       </UL>

<hr>
<a href="../../../mailman/listinfo/openssl-commits.html">More information about the openssl-commits
mailing list</a><br>
</body></html>
