<!DOCTYPE HTML PUBLIC "-//W3C//DTD HTML 4.01 Transitional//EN">
<HTML>
 <HEAD>
   <TITLE> Still FAILED build of OpenSSL branch master with options -d --strict-warnings no-tls1_2-method
   </TITLE>
   <LINK REL="Index" HREF="https://mta.openssl.org/pipermail/openssl-commits/2021-February/index.html" >
   <LINK REL="made" HREF="mailto:openssl-commits%40openssl.org?Subject=Re%3A%20Still%20FAILED%20build%20of%20OpenSSL%20branch%20master%20with%20options%20-d%0A%20--strict-warnings%20no-tls1_2-method&In-Reply-To=%3C1613177127.819591.2142079.nullmailer%40run.openssl.org%3E">
   <META NAME="robots" CONTENT="index,nofollow">
   <style type="text/css">
       pre {
           white-space: pre-wrap;       /* css-2.1, curent FF, Opera, Safari */
           }
   </style>
   <META http-equiv="Content-Type" content="text/html; charset=us-ascii">
   <LINK REL="Previous"  HREF="033091.html">
   <LINK REL="Next"  HREF="033135.html">
 </HEAD>
 <BODY BGCOLOR="#ffffff">
   <H1>Still FAILED build of OpenSSL branch master with options -d --strict-warnings no-tls1_2-method</H1>
    <B>OpenSSL run-checker</B> 
    <A HREF="mailto:openssl-commits%40openssl.org?Subject=Re%3A%20Still%20FAILED%20build%20of%20OpenSSL%20branch%20master%20with%20options%20-d%0A%20--strict-warnings%20no-tls1_2-method&In-Reply-To=%3C1613177127.819591.2142079.nullmailer%40run.openssl.org%3E"
       TITLE="Still FAILED build of OpenSSL branch master with options -d --strict-warnings no-tls1_2-method">openssl at openssl.org
       </A><BR>
    <I>Sat Feb 13 00:45:27 UTC 2021</I>
    <P><UL>
        <LI>Previous message: <A HREF="033091.html">Build failed: openssl master.39833
</A></li>
        <LI>Next message: <A HREF="033135.html">Still FAILED build of OpenSSL branch master with options -d --strict-warnings no-tls1_2-method
</A></li>
         <LI> <B>Messages sorted by:</B> 
              <a href="date.html#33092">[ date ]</a>
              <a href="thread.html#33092">[ thread ]</a>
              <a href="subject.html#33092">[ subject ]</a>
              <a href="author.html#33092">[ author ]</a>
         </LI>
       </UL>
    <HR>  
<!--beginarticle-->
<PRE>Platform and configuration command:

$ uname -a
Linux run 5.4.0-52-generic #57-Ubuntu SMP Thu Oct 15 10:57:00 UTC 2020 x86_64 x86_64 x86_64 GNU/Linux
$ CC=clang ../openssl/config -d --strict-warnings no-tls1_2-method

Commit log since last time:

dfcfd17f28 Handle partial data re-sending on ktls/sendfile on FreeBSD
3bc0b621a7 Remove unused 'peer_type' from SSL_SESSION
af53092c2b Replace provider digest flags with separate param fields
a054d15c22 Replace provider cipher flags with separate param fields
36978c19a9 Replace MAC flags OSSL_MAC_PARAM_FLAGS with separate param fields.
8a686bdb3a Change the ASN1 variant of x942kdf so that it can test acvp data.
7e365d51a1 x509_vfy.c: Sort out return values 0 vs. -1 (failure/internal error)
364246a986 X509_get_pubkey_parameters(): Correct failure behavior and its use
990a15fe73 x509_vfy: Clarify relevance of ctx-&gt;error also on successful verification
579262af14 x509_vfy.c: Fix various coding style and documentation style nits
93b39c85c9 CHANGES.md: Mention RSA key generation slowdown related changes
4d2a6159db Deprecate BN_pseudo_rand() and BN_pseudo_rand_range()
604b86d8d3 Enhanced integer parsing in OSSL_PARAM_allocate_from_text
e60a748a13 Configuration: ensure that 'no-tests' works correctly
3f71add9e5 Enable fipsload test on NonStop x86.
50ccc176da mknum.pl: Exclude duplicate entries and include source file name in diagnostics
2db985b7b1 Simplify the EVP_PKEY_XXX_fromdata_XX methods.

Build log ended with (last 100 lines):

	(less 4 skipped subtests: 2 okay)
70-test_sslmessages.t .............. skipped: test_sslmessages needs TLS enabled
70-test_sslrecords.t ............... skipped: test_sslrecords needs TLSv1.2 enabled
70-test_sslsessiontick.t ........... skipped: test_sslsessiontick needs SSLv3, TLSv1, TLSv1.1 or TLSv1.2 enabled
70-test_sslsigalgs.t ............... ok
70-test_sslsignature.t ............. ok
70-test_sslskewith0p.t ............. ok
70-test_sslversions.t .............. skipped: test_sslversions needs TLS1.3, TLS1.2 and TLS1.1 enabled
70-test_sslvertol.t ................ ok
70-test_tls13alerts.t .............. ok
70-test_tls13cookie.t .............. ok
70-test_tls13downgrade.t ........... skipped: test_tls13downgrade needs TLS1.3 and TLS1.2 enabled
70-test_tls13hrr.t ................. ok
70-test_tls13kexmodes.t ............ ok
70-test_tls13messages.t ............ ok
70-test_tls13psk.t ................. ok
70-test_tlsextms.t ................. skipped: test_tlsextms needs TLSv1.0, TLSv1.1 or TLSv1.2 enabled
70-test_verify_extra.t ............. ok
70-test_wpacket.t .................. ok
71-test_ssl_ctx.t .................. ok
80-test_ca.t ....................... ok
80-test_cipherbytes.t .............. ok
80-test_cipherlist.t ............... ok
80-test_ciphername.t ............... ok

# 80-test_cmp_http.t ................. ok

# 80-test_cms.t ...................... ok
80-test_cmsapi.t ................... ok
80-test_ct.t ....................... ok
80-test_dane.t ..................... ok
80-test_dtls.t ..................... ok
80-test_dtls_mtu.t ................. ok
80-test_dtlsv1listen.t ............. ok
80-test_http.t ..................... ok
80-test_ocsp.t ..................... ok
80-test_pkcs12.t ................... ok
80-test_ssl_new.t .................. ok
80-test_ssl_old.t .................. ok
80-test_ssl_test_ctx.t ............. ok
80-test_sslcorrupt.t ............... ok
80-test_tsa.t ...................... ok
80-test_x509aux.t .................. ok
81-test_cmp_cli.t .................. ok
90-test_asn1_time.t ................ ok
90-test_async.t .................... ok
90-test_bio_enc.t .................. ok
90-test_bio_memleak.t .............. ok
90-test_constant_time.t ............ ok
90-test_fatalerr.t ................. ok
90-test_fipsload.t ................. ok
90-test_gmdiff.t ................... ok
90-test_gost.t ..................... skipped: TLSv1.3 or TLSv1.2 are disabled in this OpenSSL build
90-test_ige.t ...................... ok
90-test_includes.t ................. ok
90-test_memleak.t .................. ok
90-test_overhead.t ................. ok
90-test_secmem.t ................... ok
90-test_shlibload.t ................ ok
90-test_srp.t ...................... ok
90-test_sslapi.t ................... ok
90-test_sslbuffers.t ............... ok
90-test_store.t .................... ok
90-test_sysdefault.t ............... skipped: test_sysdefault is not supported in this build
90-test_threads.t .................. ok
90-test_time_offset.t .............. ok
90-test_tls13ccs.t ................. ok
90-test_tls13encryption.t .......... ok
90-test_tls13secrets.t ............. ok
90-test_v3name.t ................... ok
91-test_pkey_check.t ............... ok
95-test_external_boringssl.t ....... skipped: No external tests in this configuration
95-test_external_gost_engine.t ..... skipped: No external tests in this configuration
95-test_external_krb5.t ............ skipped: No external tests in this configuration
95-test_external_pyca.t ............ skipped: No external tests in this configuration
99-test_ecstress.t ................. ok
99-test_fuzz_asn1.t ................ ok
99-test_fuzz_asn1parse.t ........... ok
99-test_fuzz_bignum.t .............. ok
99-test_fuzz_bndiv.t ............... ok
99-test_fuzz_client.t .............. ok
99-test_fuzz_cmp.t ................. ok
99-test_fuzz_cms.t ................. ok
99-test_fuzz_conf.t ................ ok
99-test_fuzz_crl.t ................. ok
99-test_fuzz_ct.t .................. ok
99-test_fuzz_server.t .............. ok
99-test_fuzz_x509.t ................ ok

Test Summary Report
-------------------
70-test_sslextension.t           (Wstat: 256 Tests: 7 Failed: 1)
  Failed test:  2
  Non-zero exit status: 1
  Parse errors: Bad plan.  You planned 8 tests but ran 7.
Files=231, Tests=3180, 820 wallclock secs (12.64 usr  1.37 sys + 735.89 cusr 88.18 csys = 838.08 CPU)
Result: FAIL
make[1]: *** [Makefile:3265: _tests] Error 1
make[1]: Leaving directory '/home/openssl/run-checker/no-tls1_2-method'
make: *** [Makefile:3262: tests] Error 2
</PRE>





































































































































<!--endarticle-->
    <HR>
    <P><UL>
        <!--threads-->
	<LI>Previous message: <A HREF="033091.html">Build failed: openssl master.39833
</A></li>
	<LI>Next message: <A HREF="033135.html">Still FAILED build of OpenSSL branch master with options -d --strict-warnings no-tls1_2-method
</A></li>
         <LI> <B>Messages sorted by:</B> 
              <a href="date.html#33092">[ date ]</a>
              <a href="thread.html#33092">[ thread ]</a>
              <a href="subject.html#33092">[ subject ]</a>
              <a href="author.html#33092">[ author ]</a>
         </LI>
       </UL>

<hr>
<a href="../../../mailman/listinfo/openssl-commits.html">More information about the openssl-commits
mailing list</a><br>
</body></html>
