<!DOCTYPE HTML PUBLIC "-//W3C//DTD HTML 4.01 Transitional//EN">
<HTML>
 <HEAD>
   <TITLE> FAILED build of OpenSSL branch master with options -d --strict-warnings no-sock
   </TITLE>
   <LINK REL="Index" HREF="https://mta.openssl.org/pipermail/openssl-commits/2021-February/index.html" >
   <LINK REL="made" HREF="mailto:openssl-commits%40openssl.org?Subject=Re%3A%20FAILED%20build%20of%20OpenSSL%20branch%20master%20with%20options%20-d%0A%20--strict-warnings%20no-sock&In-Reply-To=%3C1612873961.782865.2673399.nullmailer%40run.openssl.org%3E">
   <META NAME="robots" CONTENT="index,nofollow">
   <style type="text/css">
       pre {
           white-space: pre-wrap;       /* css-2.1, curent FF, Opera, Safari */
           }
   </style>
   <META http-equiv="Content-Type" content="text/html; charset=us-ascii">
   <LINK REL="Previous"  HREF="033042.html">
   <LINK REL="Next"  HREF="033046.html">
 </HEAD>
 <BODY BGCOLOR="#ffffff">
   <H1>FAILED build of OpenSSL branch master with options -d --strict-warnings no-sock</H1>
    <B>OpenSSL run-checker</B> 
    <A HREF="mailto:openssl-commits%40openssl.org?Subject=Re%3A%20FAILED%20build%20of%20OpenSSL%20branch%20master%20with%20options%20-d%0A%20--strict-warnings%20no-sock&In-Reply-To=%3C1612873961.782865.2673399.nullmailer%40run.openssl.org%3E"
       TITLE="FAILED build of OpenSSL branch master with options -d --strict-warnings no-sock">openssl at openssl.org
       </A><BR>
    <I>Tue Feb  9 12:32:41 UTC 2021</I>
    <P><UL>
        <LI>Previous message: <A HREF="033042.html">Build failed: openssl master.39712
</A></li>
        <LI>Next message: <A HREF="033046.html">Build failed: openssl master.39719
</A></li>
         <LI> <B>Messages sorted by:</B> 
              <a href="date.html#33043">[ date ]</a>
              <a href="thread.html#33043">[ thread ]</a>
              <a href="subject.html#33043">[ subject ]</a>
              <a href="author.html#33043">[ author ]</a>
         </LI>
       </UL>
    <HR>  
<!--beginarticle-->
<PRE>Platform and configuration command:

$ uname -a
Linux run 5.4.0-52-generic #57-Ubuntu SMP Thu Oct 15 10:57:00 UTC 2020 x86_64 x86_64 x86_64 GNU/Linux
$ CC=clang ../openssl/config -d --strict-warnings no-sock

Commit log since last time:

64954e2f34 Fix race condition &amp; allow operation cache to grow.
11ddbf8459 Add X509_STORE_CTX_verify(), which takes the first untrusted cert as default target
2bb05a9668 PROV: Fix encoding of MDWithRSAEncryption signature AlgorithmID
5682e77dff Fix the cipher_overhead_test
e376242d28 Remove all OPENSSL_NO_XXX from libssl where XXX is a crypto alg
462f4f4bc0 Remove OPENSSL_NO_EC guards from libssl
54e3efff81 Make sure we don't use sigalgs that are not available
306b8e7e19 Add the nist group names as aliases for the normal TLS group names
3de751e7f0 Remove compile time guard checking from ssl3_get_req_cert_type
05b4b85d4b Check for availability of ciphersuites at run time
a763ca1177 Stop disabling TLSv1.3 if ec and dh are disabled
8b1db5d329 Make supported_groups code independent of EC and DH
ddf8f1ce63 Ensure default supported groups works even with no-ec and no-dh
5b64ce89b0 Remove OPENSSL_NO_DH guards from libssl
9ca08f91e9 Makefile template: Allow separate generation of .pod.in -&gt; .pod
b8393eae22 DOCS: Remove the &quot;global&quot; dependency on writing .pod files from .pod.in
388eb0d970 TEST: Add an algorithm ID tester for libcrypto vs provider
93d6132a79 EVP: use evp_pkey_copy_downgraded() in EVP_PKEY_copy_parameters()
93bae03abf dev/release.sh: Fix typo
1e3affbbcd Remove the old DEPRECATEDIN macros
e337b82410 ERR: Rebuild all generated error headers and source files
b14c8465c0 ERR: clean away everything related to _F_ macros from util/mkerr.pl
bbde856619 RSA: properly generate algorithm identifier for RSA-PSS signatures
26372a4d44 provider-signature.pod: Fix formatting.
e60147fe74 Don't make pthreads mutexes recursive.
05f41859dd Switch to BIO_snprintf to avoid missing symbol problems on Windows
76624df15f EVP: Adapt EVP_PKEY_{set1,get1}_encoded_public_key()
d82c7f3dba EVP: Modify the checks in EVP_PKEY_{set,get}_xxx_param() functions
13e85fb321 EVP: Adapt the other EVP_PKEY_set_xxx_param() functions
f4a3799cc4 EVP: Make EVP_PKEY_set_params() increment the dirty count
7dc67708c8 apps/openssl: add -propquery command line option
88444854af x509_vfy.c: Improve coding style and comments all over the file
af4d6c26af Remove a DSA related TODO
08cea586c9 Remove some TODO(OpenSSL1.2) references
a7246ea645 DH/DHX parameter check using pkeyparam
d53b437f99 Allow NULL arg to OPENSSL_sk_{dup,deep_copy} returning empty stack
b91a13f429 run_tests.pl: Improve diagnostics on the use of HARNESS_JOBS
c87bcdbde4 test/recipes: split 81_test_cmp_cli.t, add test using -engine loader_attic
03da39a768 apps/cmp.c: check and exit on engine load error
acfccbd5ee openssl.pod: Add documentation for using the loader_attic engine
8549b97214 Fix a use after free issue when a provider context is being used and isn't cached

Build log ended with (last 100 lines):

70-test_sslrecords.t ............... skipped: test_sslrecords needs the sock feature enabled
70-test_sslsessiontick.t ........... skipped: test_sslsessiontick needs the sock feature enabled
70-test_sslsigalgs.t ............... skipped: test_sslsigalgs needs the sock feature enabled
70-test_sslsignature.t ............. skipped: test_sslsignature needs the sock feature enabled
70-test_sslskewith0p.t ............. skipped: test_sslskewith0p needs the sock feature enabled
70-test_sslversions.t .............. skipped: test_sslversions needs the sock feature enabled
70-test_sslvertol.t ................ skipped: test_sslextension needs the sock feature enabled
70-test_tls13alerts.t .............. skipped: test_tls13alerts needs the sock feature enabled
70-test_tls13cookie.t .............. skipped: test_tls13cookie needs the sock feature enabled
70-test_tls13downgrade.t ........... skipped: test_tls13downgrade needs the sock feature enabled
70-test_tls13hrr.t ................. skipped: test_tls13hrr needs the sock feature enabled
70-test_tls13kexmodes.t ............ skipped: test_tls13kexmodes needs the sock feature enabled
70-test_tls13messages.t ............ skipped: test_tls13messages needs the sock feature enabled
70-test_tls13psk.t ................. skipped: test_tls13psk needs the sock feature enabled
70-test_tlsextms.t ................. skipped: test_tlsextms needs the sock feature enabled
70-test_verify_extra.t ............. ok
70-test_wpacket.t .................. ok
71-test_ssl_ctx.t .................. ok
80-test_ca.t ....................... ok
80-test_cipherbytes.t .............. ok
80-test_cipherlist.t ............... ok
80-test_ciphername.t ............... ok

Label not found for &quot;last SKIP&quot; at /usr/share/perl/5.30/Test/More.pm line 1372.
# Looks like your test exited with 1 just after 5.80-test_cmp_http.t ................. 
Dubious, test returned 1 (wstat 256, 0x100)
All 5 subtests passed 
	(less 5 skipped subtests: 0 okay)

# 80-test_cms.t ...................... ok
80-test_cmsapi.t ................... ok
80-test_ct.t ....................... ok
80-test_dane.t ..................... ok
80-test_dtls.t ..................... skipped: No DTLS protocols are supported by this OpenSSL build
80-test_dtls_mtu.t ................. skipped: test_dtls_mtu needs DTLS and PSK support enabled
80-test_dtlsv1listen.t ............. ok
80-test_http.t ..................... ok
80-test_ocsp.t ..................... ok
80-test_pkcs12.t ................... ok
80-test_ssl_new.t .................. ok
80-test_ssl_old.t .................. ok
80-test_ssl_test_ctx.t ............. ok
80-test_sslcorrupt.t ............... ok
80-test_tsa.t ...................... ok
80-test_x509aux.t .................. ok
81-test_cmp_cli.t .................. ok
90-test_asn1_time.t ................ ok
90-test_async.t .................... ok
90-test_bio_enc.t .................. ok
90-test_bio_memleak.t .............. ok
90-test_constant_time.t ............ ok
90-test_fatalerr.t ................. ok
90-test_fipsload.t ................. ok
90-test_gmdiff.t ................... ok
90-test_gost.t ..................... ok
90-test_ige.t ...................... ok
90-test_includes.t ................. ok
90-test_memleak.t .................. ok
90-test_overhead.t ................. ok
90-test_secmem.t ................... ok
90-test_shlibload.t ................ ok
90-test_srp.t ...................... ok
90-test_sslapi.t ................... ok
90-test_sslbuffers.t ............... ok
90-test_store.t .................... ok
90-test_sysdefault.t ............... ok
90-test_threads.t .................. ok
90-test_time_offset.t .............. ok
90-test_tls13ccs.t ................. ok
90-test_tls13encryption.t .......... ok
90-test_tls13secrets.t ............. ok
90-test_v3name.t ................... ok
91-test_pkey_check.t ............... ok
95-test_external_boringssl.t ....... skipped: No external tests in this configuration
95-test_external_gost_engine.t ..... skipped: No external tests in this configuration
95-test_external_krb5.t ............ skipped: No external tests in this configuration
95-test_external_pyca.t ............ skipped: No external tests in this configuration
99-test_ecstress.t ................. ok
99-test_fuzz_asn1.t ................ ok
99-test_fuzz_asn1parse.t ........... ok
99-test_fuzz_bignum.t .............. ok
99-test_fuzz_bndiv.t ............... ok
99-test_fuzz_client.t .............. ok
99-test_fuzz_cmp.t ................. ok
99-test_fuzz_cms.t ................. ok
99-test_fuzz_conf.t ................ ok
99-test_fuzz_crl.t ................. ok
99-test_fuzz_ct.t .................. ok
99-test_fuzz_server.t .............. ok
99-test_fuzz_x509.t ................ ok

Test Summary Report
-------------------
80-test_cmp_http.t               (Wstat: 256 Tests: 5 Failed: 0)
  Non-zero exit status: 1
Files=231, Tests=3074, 827 wallclock secs (11.07 usr  1.33 sys + 755.06 cusr 79.68 csys = 847.14 CPU)
Result: FAIL
make[1]: *** [Makefile:3264: _tests] Error 1
make[1]: Leaving directory '/home/openssl/run-checker/no-sock'
make: *** [Makefile:3261: tests] Error 2
</PRE>





























































































































































<!--endarticle-->
    <HR>
    <P><UL>
        <!--threads-->
	<LI>Previous message: <A HREF="033042.html">Build failed: openssl master.39712
</A></li>
	<LI>Next message: <A HREF="033046.html">Build failed: openssl master.39719
</A></li>
         <LI> <B>Messages sorted by:</B> 
              <a href="date.html#33043">[ date ]</a>
              <a href="thread.html#33043">[ thread ]</a>
              <a href="subject.html#33043">[ subject ]</a>
              <a href="author.html#33043">[ author ]</a>
         </LI>
       </UL>

<hr>
<a href="../../../mailman/listinfo/openssl-commits.html">More information about the openssl-commits
mailing list</a><br>
</body></html>
