<!DOCTYPE HTML PUBLIC "-//W3C//DTD HTML 4.01 Transitional//EN">
<HTML>
 <HEAD>
   <TITLE> Still FAILED build of OpenSSL branch master with options -d --strict-warnings no-dtls1_2-method
   </TITLE>
   <LINK REL="Index" HREF="https://mta.openssl.org/pipermail/openssl-commits/2021-February/index.html" >
   <LINK REL="made" HREF="mailto:openssl-commits%40openssl.org?Subject=Re%3A%20Still%20FAILED%20build%20of%20OpenSSL%20branch%20master%20with%20options%20-d%0A%20--strict-warnings%20no-dtls1_2-method&In-Reply-To=%3C1613788753.467476.2615832.nullmailer%40run.openssl.org%3E">
   <META NAME="robots" CONTENT="index,nofollow">
   <style type="text/css">
       pre {
           white-space: pre-wrap;       /* css-2.1, curent FF, Opera, Safari */
           }
   </style>
   <META http-equiv="Content-Type" content="text/html; charset=us-ascii">
   <LINK REL="Previous"  HREF="033138.html">
   <LINK REL="Next"  HREF="033237.html">
 </HEAD>
 <BODY BGCOLOR="#ffffff">
   <H1>Still FAILED build of OpenSSL branch master with options -d --strict-warnings no-dtls1_2-method</H1>
    <B>OpenSSL run-checker</B> 
    <A HREF="mailto:openssl-commits%40openssl.org?Subject=Re%3A%20Still%20FAILED%20build%20of%20OpenSSL%20branch%20master%20with%20options%20-d%0A%20--strict-warnings%20no-dtls1_2-method&In-Reply-To=%3C1613788753.467476.2615832.nullmailer%40run.openssl.org%3E"
       TITLE="Still FAILED build of OpenSSL branch master with options -d --strict-warnings no-dtls1_2-method">openssl at openssl.org
       </A><BR>
    <I>Sat Feb 20 02:39:13 UTC 2021</I>
    <P><UL>
        <LI>Previous message: <A HREF="033138.html">Still FAILED build of OpenSSL branch master with options -d --strict-warnings no-dtls1_2-method
</A></li>
        <LI>Next message: <A HREF="033237.html">Still FAILED build of OpenSSL branch master with options -d --strict-warnings no-dtls1_2-method
</A></li>
         <LI> <B>Messages sorted by:</B> 
              <a href="date.html#33190">[ date ]</a>
              <a href="thread.html#33190">[ thread ]</a>
              <a href="subject.html#33190">[ subject ]</a>
              <a href="author.html#33190">[ author ]</a>
         </LI>
       </UL>
    <HR>  
<!--beginarticle-->
<PRE>Platform and configuration command:

$ uname -a
Linux run 5.4.0-52-generic #57-Ubuntu SMP Thu Oct 15 10:57:00 UTC 2020 x86_64 x86_64 x86_64 GNU/Linux
$ CC=clang ../openssl/config -d --strict-warnings no-dtls1_2-method

Commit log since last time:

adc11e1b9c x509_vfy: fix mem leaks in chain_build() on malloc error Coverify CID 1473068
b51bed05c2 apps/cmp.c: Improve initialization of ext_ctx structure w.r.t. CSR
d44a8a16c8 apps/ca.c: Make sure ext_ctx structure gets initialized
fe75766c9c Rename OSSL_ENCODER_CTX_new_by_EVP_PKEY and OSSL_DECODER_CTX_new_by_EVP_PKEY
e5ac413b2d Fix backward incompatibility revolving around OSSL_HTTP_REQ_CTX_sendreq_d2i()
3a962b2093 [doc/man3][OSSL_ENCODER] Move NOTES to the bottom
851b06b705 [doc/man3] Fix typo in DESCRIPTION of OSSL_ENCODER_properties
68883d9db8 doc: document the two new RAND functions
335e85f542 rand: update DRBGs to use the get_entropy call for seeding
78436fd146 core: add get_entropy and clear_entropy calls to RAND
e2730b8426 RNG test: add get_entropy hook for testing.
9ed185a926 RNG seed: add get_entropy hook for seeding.
381289f6c7 err: generated error files
79d68c4fb4 test: DRBG test with long seed.
574ca403c8 Replace SSL_CTX_new by SSL_CTX_new_ex in apps/s_server + s_client
5b888e931b Fix propquery handling in EVP_DigestSignInit_ex
55e9d8cfff TEST: Add missing initialization
c913dbd716 Update CHANGES and NEWS for new release
c9fb704cf3 Don't overflow the output length in EVP_CipherUpdate calls
c1ddd392cf Fix rsa_test to properly test RSA_SSLV23_PADDING
d9461cbe87 Fix the RSA_SSLV23_PADDING padding type
4357b6174a Refactor rsa_test
55869f594f Test that X509_issuer_and_serial_hash doesn't crash
8130d654d1 Fix Null pointer deref in X509_issuer_and_serial_hash()
c9e955dd50 Do not match RFC 5114 groups without q as it is significant
62829f9f26 README-ENGINES: fix the link to the provider API README
9dc9c7f2d7 Document the newly added function EVP_PKEY_param_check_quick()
0217e53e33 Fix the dhparam_check test
899e25643d Implement EVP_PKEY_param_check_quick() and use it in libssl
aee73562d1 Run DH_check_ex() not DH_check_params_ex() when checking params
93e43f4c47 RSA: avoid dereferencing possibly-NULL parameter in initializers
63ae847679 x509_vfy: remove redundant stack allocation
99c166a1b0 Add docs for ASN1_item_sign and ASN1_item_verify functions

Build log ended with (last 100 lines):

        # SSL_accept() failed -1, 1
        # 80514C40667F0000:error:0A000076:SSL routines:tls_choose_sigalg:no suitable signature algorithm:../openssl/ssl/t1_lib.c:3306:
        # INFO:  @ ../openssl/test/helpers/ssltestlib.c:957
        # SSL_connect() failed -1, 1
        # 80514C40667F0000:error:0A000438:SSL routines:dtls1_read_bytes:tlsv1 alert internal error:../openssl/ssl/record/rec_layer_d1.c:613:SSL alert number 80
        # ERROR: (bool) 'create_ssl_connection(serverssl, clientssl, SSL_ERROR_NONE) == true' failed @ ../openssl/test/sslapitest.c:6577
        # false
        not ok 2 - iteration 2
# ------------------------------------------------------------------------------
    not ok 54 - test_ssl_pending
# ------------------------------------------------------------------------------
../../util/wrap.pl ../../test/sslapitest ../../../openssl/test/certs ../../../openssl/test/recipes/90-test_sslapi_data/passwd.txt /tmp/ODIRtiuEiK default ../../../openssl/test/default.cnf =&gt; 1
not ok 1 - running sslapitest
# ------------------------------------------------------------------------------
    # INFO:  @ ../openssl/test/helpers/ssltestlib.c:957
    # SSL_connect() failed -1, 1
    # 80F18436807F0000:error:0A000129:SSL routines:tls_setup_handshake:no suitable digest algorithm:../openssl/ssl/statem/statem_lib.c:121:The max supported SSL/TLS version needs the MD5-SHA1 digest but it is not available in the loaded providers. Use (D)TLSv1.2 or above, or load different providers
    # INFO:  @ ../openssl/test/helpers/ssltestlib.c:975
    # SSL_accept() failed -1, 1
    # 80F18436807F0000:error:0A000129:SSL routines:tls_setup_handshake:no suitable digest algorithm:../openssl/ssl/statem/statem_lib.c:121:The max supported SSL/TLS version needs the MD5-SHA1 digest but it is not available in the loaded providers. Use (D)TLSv1.2 or above, or load different providers
    # ERROR: (bool) 'create_ssl_connection(serverssl, clientssl, SSL_ERROR_NONE) == true' failed @ ../openssl/test/sslapitest.c:947
    # false
    not ok 3 - test_large_message_dtls
# ------------------------------------------------------------------------------
    # INFO:  @ ../openssl/test/helpers/ssltestlib.c:957
    # SSL_connect() failed -1, 1
    # 80F18436807F0000:error:0A000129:SSL routines:tls_setup_handshake:no suitable digest algorithm:../openssl/ssl/statem/statem_lib.c:121:The max supported SSL/TLS version needs the MD5-SHA1 digest but it is not available in the loaded providers. Use (D)TLSv1.2 or above, or load different providers
    # INFO:  @ ../openssl/test/helpers/ssltestlib.c:975
    # SSL_accept() failed -1, 1
    # 80F18436807F0000:error:0A000129:SSL routines:tls_setup_handshake:no suitable digest algorithm:../openssl/ssl/statem/statem_lib.c:121:The max supported SSL/TLS version needs the MD5-SHA1 digest but it is not available in the loaded providers. Use (D)TLSv1.2 or above, or load different providers
    # ERROR: (bool) 'create_ssl_connection(serverssl, clientssl, SSL_ERROR_NONE) == true' failed @ ../openssl/test/sslapitest.c:1428
    # false
    # ERROR: (bool) 'execute_cleanse_plaintext(DTLS_server_method(), DTLS_client_method(), DTLS1_VERSION, 0) == true' failed @ ../openssl/test/sslapitest.c:1506
    # false
    not ok 4 - test_cleanse_plaintext
# ------------------------------------------------------------------------------
        # INFO:  @ ../openssl/test/helpers/ssltestlib.c:957
        # SSL_connect() failed -1, 1
        # 80F18436807F0000:error:0A000129:SSL routines:tls_setup_handshake:no suitable digest algorithm:../openssl/ssl/statem/statem_lib.c:121:The max supported SSL/TLS version needs the MD5-SHA1 digest but it is not available in the loaded providers. Use (D)TLSv1.2 or above, or load different providers
        # INFO:  @ ../openssl/test/helpers/ssltestlib.c:975
        # SSL_accept() failed -1, 1
        # 80F18436807F0000:error:0A000129:SSL routines:tls_setup_handshake:no suitable digest algorithm:../openssl/ssl/statem/statem_lib.c:121:The max supported SSL/TLS version needs the MD5-SHA1 digest but it is not available in the loaded providers. Use (D)TLSv1.2 or above, or load different providers
        # ERROR: (bool) 'create_ssl_connection(serverssl, clientssl, SSL_ERROR_NONE) == true' failed @ ../openssl/test/sslapitest.c:6577
        # false
        not ok 2 - iteration 2
# ------------------------------------------------------------------------------
    not ok 54 - test_ssl_pending
# ------------------------------------------------------------------------------
../../util/wrap.pl ../../test/sslapitest ../../../openssl/test/certs ../../../openssl/test/recipes/90-test_sslapi_data/passwd.txt /tmp/ODIRtiuEiK fips ../../../openssl/test/fips-and-base.cnf =&gt; 1
not ok 3 - running sslapitest
# ------------------------------------------------------------------------------
#   Failed test 'running sslapitest'
#   at ../openssl/test/recipes/90-test_sslapi.t line 45.
# Looks like you failed 2 tests of 3.90-test_sslapi.t ................... 
Dubious, test returned 2 (wstat 512, 0x200)
Failed 2/3 subtests 
90-test_sslbuffers.t ............... ok
90-test_store.t .................... ok
90-test_sysdefault.t ............... ok
90-test_threads.t .................. ok
90-test_time_offset.t .............. ok
90-test_tls13ccs.t ................. ok
90-test_tls13encryption.t .......... ok
90-test_tls13secrets.t ............. ok
90-test_v3name.t ................... ok
91-test_pkey_check.t ............... ok
95-test_external_boringssl.t ....... skipped: No external tests in this configuration
95-test_external_gost_engine.t ..... skipped: No external tests in this configuration
95-test_external_krb5.t ............ skipped: No external tests in this configuration
95-test_external_pyca.t ............ skipped: No external tests in this configuration
99-test_ecstress.t ................. ok
99-test_fuzz_asn1.t ................ ok
99-test_fuzz_asn1parse.t ........... ok
99-test_fuzz_bignum.t .............. ok
99-test_fuzz_bndiv.t ............... ok
99-test_fuzz_client.t .............. ok
99-test_fuzz_cmp.t ................. ok
99-test_fuzz_cms.t ................. ok
99-test_fuzz_conf.t ................ ok
99-test_fuzz_crl.t ................. ok
99-test_fuzz_ct.t .................. ok
99-test_fuzz_server.t .............. ok
99-test_fuzz_x509.t ................ ok

Test Summary Report
-------------------
80-test_dtls.t                   (Wstat: 256 Tests: 1 Failed: 1)
  Failed test:  1
  Non-zero exit status: 1
80-test_ssl_new.t                (Wstat: 768 Tests: 31 Failed: 3)
  Failed tests:  8, 17, 19
  Non-zero exit status: 3
90-test_sslapi.t                 (Wstat: 512 Tests: 3 Failed: 2)
  Failed tests:  1, 3
  Non-zero exit status: 2
Files=231, Tests=3266, 916 wallclock secs (14.45 usr  1.43 sys + 816.10 cusr 95.88 csys = 927.86 CPU)
Result: FAIL
make[1]: *** [Makefile:3258: _tests] Error 1
make[1]: Leaving directory '/home/openssl/run-checker/no-dtls1_2-method'
make: *** [Makefile:3255: tests] Error 2
</PRE>























































<!--endarticle-->
    <HR>
    <P><UL>
        <!--threads-->
	<LI>Previous message: <A HREF="033138.html">Still FAILED build of OpenSSL branch master with options -d --strict-warnings no-dtls1_2-method
</A></li>
	<LI>Next message: <A HREF="033237.html">Still FAILED build of OpenSSL branch master with options -d --strict-warnings no-dtls1_2-method
</A></li>
         <LI> <B>Messages sorted by:</B> 
              <a href="date.html#33190">[ date ]</a>
              <a href="thread.html#33190">[ thread ]</a>
              <a href="subject.html#33190">[ subject ]</a>
              <a href="author.html#33190">[ author ]</a>
         </LI>
       </UL>

<hr>
<a href="../../../mailman/listinfo/openssl-commits.html">More information about the openssl-commits
mailing list</a><br>
</body></html>
