<!DOCTYPE HTML PUBLIC "-//W3C//DTD HTML 4.01 Transitional//EN">
<HTML>
 <HEAD>
   <TITLE> Still FAILED build of OpenSSL branch master with options -d --strict-warnings no-tls1_2-method
   </TITLE>
   <LINK REL="Index" HREF="https://mta.openssl.org/pipermail/openssl-commits/2021-February/index.html" >
   <LINK REL="made" HREF="mailto:openssl-commits%40openssl.org?Subject=Re%3A%20Still%20FAILED%20build%20of%20OpenSSL%20branch%20master%20with%20options%20-d%0A%20--strict-warnings%20no-tls1_2-method&In-Reply-To=%3C1614138372.201803.666399.nullmailer%40run.openssl.org%3E">
   <META NAME="robots" CONTENT="index,nofollow">
   <style type="text/css">
       pre {
           white-space: pre-wrap;       /* css-2.1, curent FF, Opera, Safari */
           }
   </style>
   <META http-equiv="Content-Type" content="text/html; charset=us-ascii">
   <LINK REL="Previous"  HREF="033189.html">
   <LINK REL="Next"  HREF="033274.html">
 </HEAD>
 <BODY BGCOLOR="#ffffff">
   <H1>Still FAILED build of OpenSSL branch master with options -d --strict-warnings no-tls1_2-method</H1>
    <B>OpenSSL run-checker</B> 
    <A HREF="mailto:openssl-commits%40openssl.org?Subject=Re%3A%20Still%20FAILED%20build%20of%20OpenSSL%20branch%20master%20with%20options%20-d%0A%20--strict-warnings%20no-tls1_2-method&In-Reply-To=%3C1614138372.201803.666399.nullmailer%40run.openssl.org%3E"
       TITLE="Still FAILED build of OpenSSL branch master with options -d --strict-warnings no-tls1_2-method">openssl at openssl.org
       </A><BR>
    <I>Wed Feb 24 03:46:12 UTC 2021</I>
    <P><UL>
        <LI>Previous message: <A HREF="033189.html">Still FAILED build of OpenSSL branch master with options -d --strict-warnings no-tls1_2-method
</A></li>
        <LI>Next message: <A HREF="033274.html">Still FAILED build of OpenSSL branch master with options -d --strict-warnings no-tls1_2-method
</A></li>
         <LI> <B>Messages sorted by:</B> 
              <a href="date.html#33236">[ date ]</a>
              <a href="thread.html#33236">[ thread ]</a>
              <a href="subject.html#33236">[ subject ]</a>
              <a href="author.html#33236">[ author ]</a>
         </LI>
       </UL>
    <HR>  
<!--beginarticle-->
<PRE>Platform and configuration command:

$ uname -a
Linux run 5.4.0-52-generic #57-Ubuntu SMP Thu Oct 15 10:57:00 UTC 2020 x86_64 x86_64 x86_64 GNU/Linux
$ CC=clang ../openssl/config -d --strict-warnings no-tls1_2-method

Commit log since last time:

937a62323b -Wunused-function cleanup
57acc56bdc DECODER: Add better tracing of the chain walking process
acf497b53b DECODER: Use the data structure from the last decoder to select the next
f16e52b67c Correct the return value of BIO_get_ktls_*().
5e128ed120 CMP: Fix total_timeout behavior; small doc and diagnostic improvements
a3361c3755 81-test_cmp_cli_data: fixup on CSR test cases
c2279499fd Fix speed sm2 bug
1d724b5e82 CRYPTO_gcm128_decrypt: fix mac or tag calculation
3352dc185f Fix merge problem in d2i_PrivateKey_ex
eabb301416 Fix DH ASN1 decode so that it detects named groups.
576892d78f Fix d2i_AutoPrivateKey_ex so that is uses the new decoder (and produces non legacy keys).
ef33889e18 doc: remove notes section in OSSL_ENCODER.pod
458d168cd4 rfc2606 compliant example domains for x509v3_config.pod
125107e8ea Various improvements of doc/man5/x509v3_config.pod
70793dbbb9 Pass the object type and data structure from the pem2der decoder
3a2171f6aa Don't forget the type of thing we are loading
3262300a2c Adjust the few places where the string length was confused
247a1786e2 OSSL_PARAM: Correct the assumptions on the UTF8 string length
c1be4d617c Rename internal X509_add_cert_new() to ossl_x509_add_cert_new()
daf1300b80 Add internal X509_add_certs_new(), which simplifies matters
937984efc6 Prepare for 3.0 alpha 13
b467d394eb Prepare for release of 3.0 alpha 12
a28d06f3e9 Update copyright year
7b676cc8c6 Fix external symbols related to provider related security checks for keys and digests.
47c076acfc Fix external symbols in the provider digest implementations.
bcb61b39b4 Add deep copy of propq field in mac_dupctx to avoid double free
5d8ffebbcd DH: Make DH_bits(), DH_size(), and DH_security_bits() check that there are key parameters
0b3139e815 chain_build(): Call verify_cb_cert() if a preliminary error has become final
ba37b82045 dsa_check: Perform simple parameter check if seed is not available
ebcaf110b2 DSA parameter check using pkeyparam
e36b3c2f75 Fix external symbols in the provider cipher implementations.

Build log ended with (last 100 lines):

	(less 4 skipped subtests: 2 okay)
70-test_sslmessages.t .............. skipped: test_sslmessages needs TLS enabled
70-test_sslrecords.t ............... skipped: test_sslrecords needs TLSv1.2 enabled
70-test_sslsessiontick.t ........... skipped: test_sslsessiontick needs SSLv3, TLSv1, TLSv1.1 or TLSv1.2 enabled
70-test_sslsigalgs.t ............... ok
70-test_sslsignature.t ............. ok
70-test_sslskewith0p.t ............. ok
70-test_sslversions.t .............. skipped: test_sslversions needs TLS1.3, TLS1.2 and TLS1.1 enabled
70-test_sslvertol.t ................ ok
70-test_tls13alerts.t .............. ok
70-test_tls13cookie.t .............. ok
70-test_tls13downgrade.t ........... skipped: test_tls13downgrade needs TLS1.3 and TLS1.2 enabled
70-test_tls13hrr.t ................. ok
70-test_tls13kexmodes.t ............ ok
70-test_tls13messages.t ............ ok
70-test_tls13psk.t ................. ok
70-test_tlsextms.t ................. skipped: test_tlsextms needs TLSv1.0, TLSv1.1 or TLSv1.2 enabled
70-test_verify_extra.t ............. ok
70-test_wpacket.t .................. ok
71-test_ssl_ctx.t .................. ok
80-test_ca.t ....................... ok
80-test_cipherbytes.t .............. ok
80-test_cipherlist.t ............... ok
80-test_ciphername.t ............... ok

# 80-test_cmp_http.t ................. ok

# 80-test_cms.t ...................... ok
80-test_cmsapi.t ................... ok
80-test_ct.t ....................... ok
80-test_dane.t ..................... ok
80-test_dtls.t ..................... ok
80-test_dtls_mtu.t ................. ok
80-test_dtlsv1listen.t ............. ok
80-test_http.t ..................... ok
80-test_ocsp.t ..................... ok
80-test_pkcs12.t ................... ok
80-test_ssl_new.t .................. ok
80-test_ssl_old.t .................. ok
80-test_ssl_test_ctx.t ............. ok
80-test_sslcorrupt.t ............... ok
80-test_tsa.t ...................... ok
80-test_x509aux.t .................. ok
81-test_cmp_cli.t .................. ok
90-test_asn1_time.t ................ ok
90-test_async.t .................... ok
90-test_bio_enc.t .................. ok
90-test_bio_memleak.t .............. ok
90-test_constant_time.t ............ ok
90-test_fatalerr.t ................. ok
90-test_fipsload.t ................. ok
90-test_gmdiff.t ................... ok
90-test_gost.t ..................... skipped: TLSv1.3 or TLSv1.2 are disabled in this OpenSSL build
90-test_ige.t ...................... ok
90-test_includes.t ................. ok
90-test_memleak.t .................. ok
90-test_overhead.t ................. ok
90-test_secmem.t ................... ok
90-test_shlibload.t ................ ok
90-test_srp.t ...................... ok
90-test_sslapi.t ................... ok
90-test_sslbuffers.t ............... ok
90-test_store.t .................... ok
90-test_sysdefault.t ............... skipped: test_sysdefault is not supported in this build
90-test_threads.t .................. ok
90-test_time_offset.t .............. ok
90-test_tls13ccs.t ................. ok
90-test_tls13encryption.t .......... ok
90-test_tls13secrets.t ............. ok
90-test_v3name.t ................... ok
91-test_pkey_check.t ............... ok
95-test_external_boringssl.t ....... skipped: No external tests in this configuration
95-test_external_gost_engine.t ..... skipped: No external tests in this configuration
95-test_external_krb5.t ............ skipped: No external tests in this configuration
95-test_external_pyca.t ............ skipped: No external tests in this configuration
99-test_ecstress.t ................. ok
99-test_fuzz_asn1.t ................ ok
99-test_fuzz_asn1parse.t ........... ok
99-test_fuzz_bignum.t .............. ok
99-test_fuzz_bndiv.t ............... ok
99-test_fuzz_client.t .............. ok
99-test_fuzz_cmp.t ................. ok
99-test_fuzz_cms.t ................. ok
99-test_fuzz_conf.t ................ ok
99-test_fuzz_crl.t ................. ok
99-test_fuzz_ct.t .................. ok
99-test_fuzz_server.t .............. ok
99-test_fuzz_x509.t ................ ok

Test Summary Report
-------------------
70-test_sslextension.t           (Wstat: 256 Tests: 7 Failed: 1)
  Failed test:  2
  Non-zero exit status: 1
  Parse errors: Bad plan.  You planned 8 tests but ran 7.
Files=232, Tests=3214, 879 wallclock secs (12.56 usr  1.36 sys + 797.14 cusr 86.58 csys = 897.64 CPU)
Result: FAIL
make[1]: *** [Makefile:3273: _tests] Error 1
make[1]: Leaving directory '/home/openssl/run-checker/no-tls1_2-method'
make: *** [Makefile:3270: tests] Error 2
</PRE>








































<!--endarticle-->
    <HR>
    <P><UL>
        <!--threads-->
	<LI>Previous message: <A HREF="033189.html">Still FAILED build of OpenSSL branch master with options -d --strict-warnings no-tls1_2-method
</A></li>
	<LI>Next message: <A HREF="033274.html">Still FAILED build of OpenSSL branch master with options -d --strict-warnings no-tls1_2-method
</A></li>
         <LI> <B>Messages sorted by:</B> 
              <a href="date.html#33236">[ date ]</a>
              <a href="thread.html#33236">[ thread ]</a>
              <a href="subject.html#33236">[ subject ]</a>
              <a href="author.html#33236">[ author ]</a>
         </LI>
       </UL>

<hr>
<a href="../../../mailman/listinfo/openssl-commits.html">More information about the openssl-commits
mailing list</a><br>
</body></html>
