<!DOCTYPE HTML PUBLIC "-//W3C//DTD HTML 4.01 Transitional//EN">
<HTML>
 <HEAD>
   <TITLE> Errors building 1.1.1 on RHEL 7
   </TITLE>
   <LINK REL="Index" HREF="https://mta.openssl.org/pipermail/openssl-users/2019-July/index.html" >
   <LINK REL="made" HREF="mailto:openssl-users%40openssl.org?Subject=Re%3A%20Errors%20building%201.1.1%20on%20RHEL%207&In-Reply-To=%3C259a2ac6-c357-6a06-c649-b38442e20c9c%40openssl.org%3E">
   <META NAME="robots" CONTENT="index,nofollow">
   <style type="text/css">
       pre {
           white-space: pre-wrap;       /* css-2.1, curent FF, Opera, Safari */
           }
   </style>
   <META http-equiv="Content-Type" content="text/html; charset=us-ascii">
   <LINK REL="Previous"  HREF="010867.html">
   <LINK REL="Next"  HREF="010874.html">
 </HEAD>
 <BODY BGCOLOR="#ffffff">
   <H1>Errors building 1.1.1 on RHEL 7</H1>
    <B>Matt Caswell</B> 
    <A HREF="mailto:openssl-users%40openssl.org?Subject=Re%3A%20Errors%20building%201.1.1%20on%20RHEL%207&In-Reply-To=%3C259a2ac6-c357-6a06-c649-b38442e20c9c%40openssl.org%3E"
       TITLE="Errors building 1.1.1 on RHEL 7">matt at openssl.org
       </A><BR>
    <I>Wed Jul 17 08:15:51 UTC 2019</I>
    <P><UL>
        <LI>Previous message: <A HREF="010867.html">Errors building 1.1.1 on RHEL 7
</A></li>
        <LI>Next message: <A HREF="010874.html">Errors building 1.1.1 on RHEL 7
</A></li>
         <LI> <B>Messages sorted by:</B> 
              <a href="date.html#10870">[ date ]</a>
              <a href="thread.html#10870">[ thread ]</a>
              <a href="subject.html#10870">[ subject ]</a>
              <a href="author.html#10870">[ author ]</a>
         </LI>
       </UL>
    <HR>  
<!--beginarticle-->
<PRE>

On 16/07/2019 23:27, Mark Richter wrote:
&gt;<i> Result: PASS
</I>
Well that's quite odd because this test was failing for you before. I assume
that after you had done the &quot;make clean&quot; that &quot;make test&quot; is still failing? Is
it failing with the same set of tests that were failing before or different ones?

Matt


&gt;<i> make[1]: Leaving directory `/tmp/openssl-1.1.1'
</I>&gt;<i> [<A HREF="../../../mailman/listinfo/openssl-users.html">root at sfsdr220d</A> openssl-1.1.1]# perl -v
</I>&gt;<i> 
</I>&gt;<i> This is perl 5, version 16, subversion 3 (v5.16.3) built for x86_64-linux-thread-multi
</I>&gt;<i> (with 33 registered patches, see perl -V for more detail)
</I>&gt;<i> 
</I>&gt;<i> Copyright 1987-2012, Larry Wall
</I>&gt;<i> 
</I>&gt;<i> Perl may be copied only under the terms of either the Artistic License or the
</I>&gt;<i> GNU General Public License, which may be found in the Perl 5 source kit.
</I>&gt;<i> 
</I>&gt;<i> Complete documentation for Perl, including FAQ lists, should be found on
</I>&gt;<i> this system using &quot;man perl&quot; or &quot;perldoc perl&quot;.  If you have access to the
</I>&gt;<i> Internet, point your browser at <A HREF="http://www.perl.org/,">http://www.perl.org/,</A> the Perl Home Page.
</I>&gt;<i> 
</I>&gt;<i> 
</I>&gt;<i> Mark Richter | Senior Staff Engineer
</I>&gt;<i> SolarFlare Communications, Inc. | www.Solarflare.com
</I>&gt;<i> 9444 Waples Street, #170, San Diego, CA  92121
</I>&gt;<i> Mobile: +1 949-632-8403
</I>&gt;<i> 
</I>&gt;<i> 
</I>&gt;<i> ________________________________________
</I>&gt;<i> From: openssl-users &lt;<A HREF="../../../mailman/listinfo/openssl-users.html">openssl-users-bounces at openssl.org</A>&gt; on behalf of Matt Caswell &lt;<A HREF="../../../mailman/listinfo/openssl-users.html">matt at openssl.org</A>&gt;
</I>&gt;<i> Sent: Tuesday, July 16, 2019 3:20 PM
</I>&gt;<i> To: <A HREF="../../../mailman/listinfo/openssl-users.html">openssl-users at openssl.org</A>
</I>&gt;<i> Subject: Re: Errors building 1.1.1 on RHEL 7
</I>&gt;<i> 
</I>&gt;<i> On 16/07/2019 22:23, Mark Richter wrote:
</I>&gt;&gt;<i> After I built version 1.1.1 on RHEL 7, I got these errors at the end of the 'make test.'  What do they mean?
</I>&gt;&gt;<i>
</I>&gt;&gt;<i>
</I>&gt;&gt;<i> Test Summary Report
</I>&gt;&gt;<i> -------------------
</I>&gt;&gt;<i> ../test/recipes/15-test_dsa.t                    (Wstat: 768 Tests: 6 Failed: 3)
</I>&gt;&gt;<i>   Failed tests:  4-6
</I>&gt;&gt;<i>   Non-zero exit status: 3
</I>&gt;<i> 
</I>&gt;<i> Looks like something fundamentally wrong to get this many errors (guess: perl
</I>&gt;<i> version is too low?)
</I>&gt;<i> 
</I>&gt;<i> Please run:
</I>&gt;<i> 
</I>&gt;<i> make TESTS=test_dsa V=1 test
</I>&gt;<i> 
</I>&gt;<i> Also lets see the output from:
</I>&gt;<i> 
</I>&gt;<i> perl -v
</I>&gt;<i> 
</I>&gt;<i> Matt
</I>&gt;<i> 
</I>&gt;<i> 
</I>&gt;&gt;<i> ../test/recipes/15-test_ec.t                     (Wstat: 768 Tests: 5 Failed: 3)
</I>&gt;&gt;<i>   Failed tests:  3-5
</I>&gt;&gt;<i>   Non-zero exit status: 3
</I>&gt;&gt;<i> ../test/recipes/15-test_genrsa.t                 (Wstat: 1024 Tests: 5 Failed: 4)
</I>&gt;&gt;<i>   Failed tests:  2-5
</I>&gt;&gt;<i>   Non-zero exit status: 4
</I>&gt;&gt;<i> ../test/recipes/15-test_mp_rsa.t                 (Wstat: 7680 Tests: 31 Failed: 30)
</I>&gt;&gt;<i>   Failed tests:  2-31
</I>&gt;&gt;<i>   Non-zero exit status: 30
</I>&gt;&gt;<i> ../test/recipes/15-test_out_option.t             (Wstat: 256 Tests: 4 Failed: 1)
</I>&gt;&gt;<i>   Failed test:  2
</I>&gt;&gt;<i>   Non-zero exit status: 1
</I>&gt;&gt;<i> ../test/recipes/15-test_rsa.t                    (Wstat: 768 Tests: 6 Failed: 3)
</I>&gt;&gt;<i>   Failed tests:  4-6
</I>&gt;&gt;<i>   Non-zero exit status: 3
</I>&gt;&gt;<i> ../test/recipes/15-test_rsapss.t                 (Wstat: 512 Tests: 5 Failed: 2)
</I>&gt;&gt;<i>   Failed tests:  1, 5
</I>&gt;&gt;<i>   Non-zero exit status: 2
</I>&gt;&gt;<i> ../test/recipes/20-test_enc.t                    (Wstat: 256 Tests: 87 Failed: 1)
</I>&gt;&gt;<i>   Failed test:  2
</I>&gt;&gt;<i>   Non-zero exit status: 1
</I>&gt;&gt;<i>   Parse errors: Bad plan.  You planned 172 tests but ran 87.
</I>&gt;&gt;<i> ../test/recipes/20-test_enc_more.t               (Wstat: 256 Tests: 137 Failed: 1)
</I>&gt;&gt;<i>   Failed test:  2
</I>&gt;&gt;<i>   Non-zero exit status: 1
</I>&gt;&gt;<i> ../test/recipes/25-test_crl.t                    (Wstat: 768 Tests: 7 Failed: 3)
</I>&gt;&gt;<i>   Failed tests:  2, 6-7
</I>&gt;&gt;<i>   Non-zero exit status: 3
</I>&gt;&gt;<i> ../test/recipes/25-test_pkcs7.t                  (Wstat: 512 Tests: 3 Failed: 2)
</I>&gt;&gt;<i>   Failed tests:  2-3
</I>&gt;&gt;<i>   Non-zero exit status: 2
</I>&gt;&gt;<i> ../test/recipes/25-test_req.t                    (Wstat: 1024 Tests: 9 Failed: 4)
</I>&gt;&gt;<i>   Failed tests:  2, 7-9
</I>&gt;&gt;<i>   Non-zero exit status: 4
</I>&gt;&gt;<i> ../test/recipes/25-test_sid.t                    (Wstat: 256 Tests: 2 Failed: 1)
</I>&gt;&gt;<i>   Failed test:  2
</I>&gt;&gt;<i>   Non-zero exit status: 1
</I>&gt;&gt;<i> ../test/recipes/25-test_x509.t                   (Wstat: 1792 Tests: 9 Failed: 7)
</I>&gt;&gt;<i>   Failed tests:  2-8
</I>&gt;&gt;<i>   Non-zero exit status: 7
</I>&gt;&gt;<i> ../test/recipes/40-test_rehash.t                 (Wstat: 65280 Tests: 0 Failed: 0)
</I>&gt;&gt;<i>   Non-zero exit status: 255
</I>&gt;&gt;<i>   Parse errors: Bad plan.  You planned 4 tests but ran 0.
</I>&gt;&gt;<i> ../test/recipes/60-test_x509_store.t             (Wstat: 65280 Tests: 0 Failed: 0)
</I>&gt;&gt;<i>   Non-zero exit status: 255
</I>&gt;&gt;<i>   Parse errors: Bad plan.  You planned 3 tests but ran 0.
</I>&gt;&gt;<i> ../test/recipes/80-test_ca.t                     (Wstat: 256 Tests: 5 Failed: 1)
</I>&gt;&gt;<i>   Failed test:  1
</I>&gt;&gt;<i>   Non-zero exit status: 1
</I>&gt;&gt;<i> ../test/recipes/80-test_cms.t                    (Wstat: 1024 Tests: 4 Failed: 4)
</I>&gt;&gt;<i>   Failed tests:  1-4
</I>&gt;&gt;<i>   Non-zero exit status: 4
</I>&gt;&gt;<i> ../test/recipes/80-test_ocsp.t                   (Wstat: 512 Tests: 11 Failed: 2)
</I>&gt;&gt;<i>   Failed tests:  1, 10
</I>&gt;&gt;<i>   Non-zero exit status: 2
</I>&gt;&gt;<i> ../test/recipes/80-test_ssl_new.t                (Wstat: 6912 Tests: 27 Failed: 27)
</I>&gt;&gt;<i>   Failed tests:  1-27
</I>&gt;&gt;<i>   Non-zero exit status: 27
</I>&gt;&gt;<i> ../test/recipes/80-test_ssl_old.t                (Wstat: 1536 Tests: 6 Failed: 6)
</I>&gt;&gt;<i>   Failed tests:  1-6
</I>&gt;&gt;<i>   Non-zero exit status: 6
</I>&gt;&gt;<i> ../test/recipes/80-test_tsa.t                    (Wstat: 3328 Tests: 0 Failed: 0)
</I>&gt;&gt;<i>   Non-zero exit status: 13
</I>&gt;&gt;<i>   Parse errors: Bad plan.  You planned 20 tests but ran 0.
</I>&gt;&gt;<i> ../test/recipes/90-test_store.t                  (Wstat: 3328 Tests: 0 Failed: 0)
</I>&gt;&gt;<i>   Non-zero exit status: 13
</I>&gt;&gt;<i>   Parse errors: Bad plan.  You planned 209 tests but ran 0.
</I>&gt;&gt;<i> Files=152, Tests=850, 30 wallclock secs ( 0.38 usr  0.10 sys + 31.02 cusr  4.55 csys = 36.05 CPU)
</I>&gt;&gt;<i> Result: FAIL
</I>&gt;&gt;<i> make[1]: *** [_tests] Error 1
</I>&gt;&gt;<i> make[1]: Leaving directory `/home/mrichter/bin/openssl-1.1.1'
</I>&gt;&gt;<i> make: *** [tests] Error 2
</I>&gt;&gt;<i>
</I>&gt;&gt;<i> ?
</I>&gt;&gt;<i>
</I>&gt;&gt;<i>
</I>&gt;&gt;<i> Mark Richter | Senior Staff Engineer
</I>&gt;&gt;<i> SolarFlare Communications, Inc. | www.Solarflare.com&lt;<A HREF="http://www.solarflare.com/">http://www.solarflare.com/</A>&gt;
</I>&gt;&gt;<i> 9444 Waples Street, #170, San Diego, CA  92121
</I>&gt;&gt;<i> Mobile: +1 949-632-8403
</I>&gt;&gt;<i> [Description: Description: cid:EC628FDE-ACA6-4F34-A8AE-E1F672D4E395]
</I>&gt;&gt;<i> The information contained in this message is confidential and is intended for the addressee(s) only. If you have received this message in error, please notify the sender immediately and delete the message. Unless you are an addressee (or authorized to receive for an addressee), you may not use, copy or disclose to anyone this message or any information contained in this message. The unauthorized use, disclosure, copying or alteration of this message is strictly prohibited.
</I>&gt;&gt;<i>
</I>&gt;<i> The information contained in this message is confidential and is intended for the addressee(s) only. If you have received this message in error, please notify the sender immediately and delete the message. Unless you are an addressee (or authorized to receive for an addressee), you may not use, copy or disclose to anyone this message or any information contained in this message. The unauthorized use, disclosure, copying or alteration of this message is strictly prohibited.
</I>&gt;<i> 
</I></PRE>




<!--endarticle-->
    <HR>
    <P><UL>
        <!--threads-->
	<LI>Previous message: <A HREF="010867.html">Errors building 1.1.1 on RHEL 7
</A></li>
	<LI>Next message: <A HREF="010874.html">Errors building 1.1.1 on RHEL 7
</A></li>
         <LI> <B>Messages sorted by:</B> 
              <a href="date.html#10870">[ date ]</a>
              <a href="thread.html#10870">[ thread ]</a>
              <a href="subject.html#10870">[ subject ]</a>
              <a href="author.html#10870">[ author ]</a>
         </LI>
       </UL>

<hr>
<a href="../../../mailman/listinfo/openssl-users.html">More information about the openssl-users
mailing list</a><br>
</body></html>
