<!DOCTYPE HTML PUBLIC "-//W3C//DTD HTML 4.01 Transitional//EN">
<HTML>
 <HEAD>
   <TITLE> [openssl-project] [openssl-commits] Build failed in Jenkins: master_noec #574
   </TITLE>
   <LINK REL="Index" HREF="https://mta.openssl.org/pipermail/openssl-project/2018-June/index.html" >
   <LINK REL="made" HREF="mailto:openssl-project%40openssl.org?Subject=Re%3A%20%5Bopenssl-project%5D%20%5Bopenssl-commits%5D%20Build%20failed%20in%20Jenkins%3A%0A%20master_noec%20%23574&In-Reply-To=%3C94d410b5-13fe-5bbe-bf81-0d49825797d3%40openssl.org%3E">
   <META NAME="robots" CONTENT="index,nofollow">
   <style type="text/css">
       pre {
           white-space: pre-wrap;       /* css-2.1, curent FF, Opera, Safari */
           }
   </style>
   <META http-equiv="Content-Type" content="text/html; charset=us-ascii">
   <LINK REL="Previous"  HREF="000893.html">
   
 </HEAD>
 <BODY BGCOLOR="#ffffff">
   <H1>[openssl-project] [openssl-commits] Build failed in Jenkins: master_noec #574</H1>
    <B>Matt Caswell</B> 
    <A HREF="mailto:openssl-project%40openssl.org?Subject=Re%3A%20%5Bopenssl-project%5D%20%5Bopenssl-commits%5D%20Build%20failed%20in%20Jenkins%3A%0A%20master_noec%20%23574&In-Reply-To=%3C94d410b5-13fe-5bbe-bf81-0d49825797d3%40openssl.org%3E"
       TITLE="[openssl-project] [openssl-commits] Build failed in Jenkins: master_noec #574">matt at openssl.org
       </A><BR>
    <I>Wed Jun 27 10:06:14 UTC 2018</I>
    <P><UL>
        <LI>Previous message: <A HREF="000893.html">[openssl-project] [openssl-commits] Build failed in Jenkins:	master_noec #574
</A></li>
        
         <LI> <B>Messages sorted by:</B> 
              <a href="date.html#894">[ date ]</a>
              <a href="thread.html#894">[ thread ]</a>
              <a href="subject.html#894">[ subject ]</a>
              <a href="author.html#894">[ author ]</a>
         </LI>
       </UL>
    <HR>  
<!--beginarticle-->
<PRE>Also - does this only happen with no-ec?

Matt

On 27/06/18 10:32, Matt Caswell wrote:
&gt;<i> I am slightly confused because the code sample below and the commit id
</I>&gt;<i> you gave is for 1.1.0, but the original email seems to be about master.
</I>&gt;<i> 
</I>&gt;<i> Is the same issue affecting both? Note: the pderive_test_run() function
</I>&gt;<i> looks quite different between 1.1.0 and master.
</I>&gt;<i> 
</I>&gt;<i> Matt
</I>&gt;<i> 
</I>&gt;<i> 
</I>&gt;<i> On 26/06/18 19:32, Barry Fussell (bfussell) wrote:
</I>&gt;&gt;<i> The evp_test is failing intermittently because there is an attempt to
</I>&gt;&gt;<i> malloc zero bytes when running the new test that came in with
</I>&gt;&gt;<i> this commit.
</I>&gt;&gt;<i>
</I>&gt;&gt;<i> <A HREF="https://bitbucket-eng-rtp1.cisco.com/bitbucket/projects/TS/repos/ciscossl/commits/7b3e775a6a78650bbd3e8e19a5aa12981880402b#test/evptests.txt">https://bitbucket-eng-rtp1.cisco.com/bitbucket/projects/TS/repos/ciscossl/commits/7b3e775a6a78650bbd3e8e19a5aa12981880402b#test/evptests.txt</A>
</I>&gt;&gt;<i>
</I>&gt;&gt;<i>
</I>&gt;&gt;<i> static int pderive_test_run(struct evp_test *t)
</I>&gt;&gt;<i> {
</I>&gt;&gt;<i>     struct pkey_data *kdata = t-&gt;data;
</I>&gt;&gt;<i>     unsigned char *out = NULL;
</I>&gt;&gt;<i>     size_t out_len;
</I>&gt;&gt;<i>     const char *err = &quot;INTERNAL_ERROR&quot;;
</I>&gt;&gt;<i>
</I>&gt;&gt;<i>     out_len = kdata-&gt;output_len;
</I>&gt;&gt;<i>     out = OPENSSL_malloc(out_len);  &lt;----- out is zero because there is no SharedSecret
</I>&gt;&gt;<i>     if (!out) {
</I>&gt;&gt;<i>
</I>&gt;&gt;<i> -----Original Message-----
</I>&gt;&gt;<i> From: <A HREF="../../../mailman/listinfo/openssl-project.html">osslsanity at gmail.com</A> [mailto:<A HREF="../../../mailman/listinfo/openssl-project.html">osslsanity at gmail.com</A>] 
</I>&gt;&gt;<i> Sent: Tuesday, June 19, 2018 11:28 AM
</I>&gt;&gt;<i> To: Barry Fussell (bfussell) &lt;<A HREF="../../../mailman/listinfo/openssl-project.html">bfussell at cisco.com</A>&gt;; <A HREF="../../../mailman/listinfo/openssl-project.html">openssl-commits at openssl.org</A>
</I>&gt;&gt;<i> Subject: Build failed in Jenkins: master_noec #574
</I>&gt;&gt;<i>
</I>&gt;&gt;<i> See &lt;<A HREF="http://ec2-52-37-178-53.us-west-2.compute.amazonaws.com:8080/job/master_noec/574/display/redirect?page=changes">http://ec2-52-37-178-53.us-west-2.compute.amazonaws.com:8080/job/master_noec/574/display/redirect?page=changes</A>&gt;
</I>&gt;&gt;<i>
</I>&gt;&gt;<i> Changes:
</I>&gt;&gt;<i>
</I>&gt;&gt;<i> [Matthias.St.Pierre] Fix &amp; update documentation about RAND_priv_bytes()
</I>&gt;&gt;<i>
</I>&gt;&gt;<i> [Matthias.St.Pierre] Improve the output of `make doc-nits`
</I>&gt;&gt;<i>
</I>&gt;&gt;<i> ------------------------------------------
</I>&gt;&gt;<i> [...truncated 505.72 KB...]
</I>&gt;&gt;<i> rm -f test/v3ext
</I>&gt;&gt;<i> ${LDCMD:-gcc} -pthread -m64 -Wa,--noexecstack -Wall -O3 -L.   \
</I>&gt;&gt;<i> 		-o test/v3ext test/v3ext.o \
</I>&gt;&gt;<i> 		 test/libtestutil.a -lcrypto -ldl -pthread gcc  -Iinclude -pthread -m64 -Wa,--noexecstack -Wall -O3 -DNDEBUG  -MMD -MF test/v3nametest.d.tmp -MT test/v3nametest.o -c -o test/v3nametest.o test/v3nametest.c rm -f test/v3nametest
</I>&gt;&gt;<i> ${LDCMD:-gcc} -pthread -m64 -Wa,--noexecstack -Wall -O3 -L.   \
</I>&gt;&gt;<i> 		-o test/v3nametest test/v3nametest.o \
</I>&gt;&gt;<i> 		 test/libtestutil.a -lcrypto -ldl -pthread gcc  -Iinclude -pthread -m64 -Wa,--noexecstack -Wall -O3 -DNDEBUG  -MMD -MF test/verify_extra_test.d.tmp -MT test/verify_extra_test.o -c -o test/verify_extra_test.o test/verify_extra_test.c rm -f test/verify_extra_test
</I>&gt;&gt;<i> ${LDCMD:-gcc} -pthread -m64 -Wa,--noexecstack -Wall -O3 -L.   \
</I>&gt;&gt;<i> 		-o test/verify_extra_test test/verify_extra_test.o \
</I>&gt;&gt;<i> 		 test/libtestutil.a -lcrypto -ldl -pthread gcc  -Iinclude -pthread -m64 -Wa,--noexecstack -Wall -O3 -DNDEBUG  -MMD -MF test/versions.d.tmp -MT test/versions.o -c -o test/versions.o test/versions.c rm -f test/versions
</I>&gt;&gt;<i> ${LDCMD:-gcc} -pthread -m64 -Wa,--noexecstack -Wall -O3 -L.   \
</I>&gt;&gt;<i> 		-o test/versions test/versions.o \
</I>&gt;&gt;<i> 		 -lcrypto -ldl -pthread
</I>&gt;&gt;<i> gcc  -Iinclude -pthread -m64 -Wa,--noexecstack -Wall -O3 -DNDEBUG  -MMD -MF test/wpackettest.d.tmp -MT test/wpackettest.o -c -o test/wpackettest.o test/wpackettest.c rm -f test/wpackettest
</I>&gt;&gt;<i> ${LDCMD:-gcc} -pthread -m64 -Wa,--noexecstack -Wall -O3 -L.   \
</I>&gt;&gt;<i> 		-o test/wpackettest test/wpackettest.o \
</I>&gt;&gt;<i> 		 libssl.a test/libtestutil.a -lcrypto -ldl -pthread gcc  -Iinclude -pthread -m64 -Wa,--noexecstack -Wall -O3 -DNDEBUG  -MMD -MF test/x509_check_cert_pkey_test.d.tmp -MT test/x509_check_cert_pkey_test.o -c -o test/x509_check_cert_pkey_test.o test/x509_check_cert_pkey_test.c rm -f test/x509_check_cert_pkey_test
</I>&gt;&gt;<i> ${LDCMD:-gcc} -pthread -m64 -Wa,--noexecstack -Wall -O3 -L.   \
</I>&gt;&gt;<i> 		-o test/x509_check_cert_pkey_test test/x509_check_cert_pkey_test.o \
</I>&gt;&gt;<i> 		 test/libtestutil.a -lcrypto -ldl -pthread gcc  -Iinclude -pthread -m64 -Wa,--noexecstack -Wall -O3 -DNDEBUG  -MMD -MF test/x509_dup_cert_test.d.tmp -MT test/x509_dup_cert_test.o -c -o test/x509_dup_cert_test.o test/x509_dup_cert_test.c rm -f test/x509_dup_cert_test
</I>&gt;&gt;<i> ${LDCMD:-gcc} -pthread -m64 -Wa,--noexecstack -Wall -O3 -L.   \
</I>&gt;&gt;<i> 		-o test/x509_dup_cert_test test/x509_dup_cert_test.o \
</I>&gt;&gt;<i> 		 test/libtestutil.a -lcrypto -ldl -pthread gcc  -I. -Iinclude -pthread -m64 -Wa,--noexecstack -Wall -O3 -DNDEBUG  -MMD -MF test/x509_internal_test.d.tmp -MT test/x509_internal_test.o -c -o test/x509_internal_test.o test/x509_internal_test.c rm -f test/x509_internal_test
</I>&gt;&gt;<i> ${LDCMD:-gcc} -pthread -m64 -Wa,--noexecstack -Wall -O3 -L.   \
</I>&gt;&gt;<i> 		-o test/x509_internal_test test/x509_internal_test.o \
</I>&gt;&gt;<i> 		 test/libtestutil.a libcrypto.a -ldl -pthread gcc  -Iinclude -pthread -m64 -Wa,--noexecstack -Wall -O3 -DNDEBUG  -MMD -MF test/x509_time_test.d.tmp -MT test/x509_time_test.o -c -o test/x509_time_test.o test/x509_time_test.c rm -f test/x509_time_test
</I>&gt;&gt;<i> ${LDCMD:-gcc} -pthread -m64 -Wa,--noexecstack -Wall -O3 -L.   \
</I>&gt;&gt;<i> 		-o test/x509_time_test test/x509_time_test.o \
</I>&gt;&gt;<i> 		 test/libtestutil.a -lcrypto -ldl -pthread gcc  -Iinclude -pthread -m64 -Wa,--noexecstack -Wall -O3 -DNDEBUG  -MMD -MF test/x509aux.d.tmp -MT test/x509aux.o -c -o test/x509aux.o test/x509aux.c rm -f test/x509aux
</I>&gt;&gt;<i> ${LDCMD:-gcc} -pthread -m64 -Wa,--noexecstack -Wall -O3 -L.   \
</I>&gt;&gt;<i> 		-o test/x509aux test/x509aux.o \
</I>&gt;&gt;<i> 		 test/libtestutil.a -lcrypto -ldl -pthread /usr/bin/perl &quot;-I.&quot; -Mconfigdata &quot;util/dofile.pl&quot; \
</I>&gt;&gt;<i> 	    &quot;-oMakefile&quot; apps/CA.pl.in &gt; &quot;apps/CA.pl&quot;
</I>&gt;&gt;<i> chmod a+x apps/CA.pl
</I>&gt;&gt;<i> /usr/bin/perl &quot;-I.&quot; -Mconfigdata &quot;util/dofile.pl&quot; \
</I>&gt;&gt;<i> 	    &quot;-oMakefile&quot; apps/tsget.in &gt; &quot;apps/tsget&quot;
</I>&gt;&gt;<i> chmod a+x apps/tsget
</I>&gt;&gt;<i> /usr/bin/perl &quot;-I.&quot; -Mconfigdata &quot;util/dofile.pl&quot; \
</I>&gt;&gt;<i> 	    &quot;-oMakefile&quot; tools/c_rehash.in &gt; &quot;tools/c_rehash&quot;
</I>&gt;&gt;<i> chmod a+x tools/c_rehash
</I>&gt;&gt;<i> /usr/bin/perl &quot;-I.&quot; -Mconfigdata &quot;util/dofile.pl&quot; \
</I>&gt;&gt;<i> 	    &quot;-oMakefile&quot; util/shlib_wrap.sh.in &gt; &quot;util/shlib_wrap.sh&quot;
</I>&gt;&gt;<i> chmod a+x util/shlib_wrap.sh
</I>&gt;&gt;<i> make[1]: Leaving directory `&lt;<A HREF="http://ec2-52-37-178-53.us-west-2.compute.amazonaws.com:8080/job/master_noec/ws/">http://ec2-52-37-178-53.us-west-2.compute.amazonaws.com:8080/job/master_noec/ws/</A>'&gt;
</I>&gt;&gt;<i> + apps/openssl version -a
</I>&gt;&gt;<i> OpenSSL 1.1.1-pre8-dev  xx XXX xxxx
</I>&gt;&gt;<i> built on: Tue Jun 19 15:22:11 2018 UTC
</I>&gt;&gt;<i> platform: linux-x86_64
</I>&gt;&gt;<i> options:  bn(64,64) rc4(16x,int) des(int) idea(int) blowfish(ptr)
</I>&gt;&gt;<i> compiler: gcc -fPIC -pthread -m64 -Wa,--noexecstack -Wall -O3 -DOPENSSL_USE_NODELETE -DL_ENDIAN -DOPENSSL_PIC -DOPENSSL_CPUID_OBJ -DOPENSSL_IA32_SSE2 -DOPENSSL_BN_ASM_MONT -DOPENSSL_BN_ASM_MONT5 -DOPENSSL_BN_ASM_GF2m -DSHA1_ASM -DSHA256_ASM -DSHA512_ASM -DKECCAK1600_ASM -DRC4_ASM -DMD5_ASM -DAES_ASM -DVPAES_ASM -DBSAES_ASM -DGHASH_ASM -DECP_NISTZ256_ASM -DX25519_ASM -DPADLOCK_ASM -DPOLY1305_ASM -DNDEBUG
</I>&gt;&gt;<i> OPENSSLDIR: &quot;/usr/local/ssl&quot;
</I>&gt;&gt;<i> ENGINESDIR: &quot;/usr/local/lib/engines-1.1&quot;
</I>&gt;&gt;<i> Seeding source: os-specific
</I>&gt;&gt;<i> + make test
</I>&gt;&gt;<i> make depend &amp;&amp; make _tests
</I>&gt;&gt;<i> make[1]: Entering directory `&lt;<A HREF="http://ec2-52-37-178-53.us-west-2.compute.amazonaws.com:8080/job/master_noec/ws/">http://ec2-52-37-178-53.us-west-2.compute.amazonaws.com:8080/job/master_noec/ws/</A>'&gt;
</I>&gt;&gt;<i> make[1]: Leaving directory `&lt;<A HREF="http://ec2-52-37-178-53.us-west-2.compute.amazonaws.com:8080/job/master_noec/ws/">http://ec2-52-37-178-53.us-west-2.compute.amazonaws.com:8080/job/master_noec/ws/</A>'&gt;
</I>&gt;&gt;<i> make[1]: Entering directory `&lt;<A HREF="http://ec2-52-37-178-53.us-west-2.compute.amazonaws.com:8080/job/master_noec/ws/">http://ec2-52-37-178-53.us-west-2.compute.amazonaws.com:8080/job/master_noec/ws/</A>'&gt;
</I>&gt;&gt;<i> ( cd test; \
</I>&gt;&gt;<i> 	  mkdir -p test-runs; \
</I>&gt;&gt;<i> 	  SRCTOP=../. \
</I>&gt;&gt;<i> 	  BLDTOP=../. \
</I>&gt;&gt;<i> 	  RESULT_D=test-runs \
</I>&gt;&gt;<i> 	  PERL=&quot;/usr/bin/perl&quot; \
</I>&gt;&gt;<i> 	  EXE_EXT= \
</I>&gt;&gt;<i> 	  OPENSSL_ENGINES=`cd .././engines 2&gt;/dev/null &amp;&amp; pwd` \
</I>&gt;&gt;<i> 	  OPENSSL_DEBUG_MEMORY=on \
</I>&gt;&gt;<i> 	    /usr/bin/perl .././test/run_tests.pl  ) ../test/recipes/01-test_abort.t .................... ok ../test/recipes/01-test_sanity.t ................... ok ../test/recipes/01-test_symbol_presence.t .......... skipped: Only useful when building shared libraries ../test/recipes/01-test_test.t ..................... ok ../test/recipes/02-test_internal_ctype.t ........... ok ../test/recipes/02-test_lhash.t .................... ok ../test/recipes/02-test_ordinals.t ................. ok ../test/recipes/02-test_stack.t .................... ok ../test/recipes/03-test_exdata.t ................... ok ../test/recipes/03-test_internal_asn1.t ............ ok ../test/recipes/03-test_internal_chacha.t .......... ok ../test/recipes/03-test_internal_curve448.t ........ skipped: This test is unsupported in a no-ec build ../test/recipes/03-test_internal_mdc2.t ............ ok ../test/recipes/03-test_internal_modes.t ........... ok ../test/recipes/03-test_internal_poly1305.t ........ ok ../test/recipes/03-test_internal_siphash.t ......... ok ../test/recipes/03-test_internal_sm2.t ............. skipped: sm2 is not supported by this OpenSSL build ../test/recipes/03-test_internal_sm4.t ............. ok ../test/recipes/03-test_internal_ssl_cert_table.t .. ok ../test/recipes/03-test_internal_x509.t ............ ok ../test/recipes/03-test_ui.t ....................... ok ../test/recipes/04-test_asn1_encode.t .............. ok ../test/recipes/04-test_asn1_string_table.t ........ ok ../test/recipes/04-test_bio_callback.t ............. ok ../test/recipes/04-test_bioprint.t ................. ok ../test/recipes/04-test_err.t ...................... ok ../test/recipes/04-test_pem.t ...................... ok ../test/recipes/05-test_bf.t ....................... ok ../test/recipes/05-test_cast.t ..................... ok ../test/recipes/05-test_des.t ...................... ok ../test/recipes/05-test_hmac.t ..................... ok ../test/recipes/05-test_idea.t ..................... ok ../test/recipes/05-test_md2.t ...................... skipped: md2 is not supported by this OpenSSL build ../test/recipes/05-test_mdc2.t ..................... ok ../test/recipes/05-test_rand.t ..................... ok ../test/recipes/05-test_rc2.t ...................... ok ../test/recipes/05-test_rc4.t ...................... ok ../test/recipes/05-test_rc5.t ...................... skipped: rc5 is not supported by this OpenSSL build ../test/recipes/06-test-rdrand.t ................... ok ../test/recipes/10-test_bn.t ....................... ok ../test/recipes/10-test_exp.t ...................... ok ../test/recipes/15-test_dh.t ....................... ok ../test/recipes/15-test_dsa.t ...................... ok ../test/recipes/15-test_ec.t ....................... ok ../test/recipes/15-test_ecdsa.t .................... skipped: ec is not supported by this OpenSSL build ../test/recipes/15-test_ecparam.t .................. skipped: EC isn't supported in this build ../test/recipes/15-test_genrsa.t ................... ok ../test/recipes/15-test_mp_rsa.t ................... ok ../test/recipes/15-test_out_option.t ............... ok ../test/recipes/15-test_rsa.t ...................... ok ../test/recipes/15-test_rsapss.t ................... ok ../test/recipes/20-test_enc.t ...................... ok ../test/recipes/20-test_enc_more.t ................. ok ../test/recipes/20-test_passwd.t ................... ok ../test/recipes/25-test_crl.t ...................... ok ../test/recipes/25-test_d2i.t ...................... ok ../test/recipes/25-test_pkcs7.t .................... ok ../test/recipes/25-test_req.t ...................... ok ../test/recipes/25-test_sid.t ...................... skipped: test_sid needs EC to run ../test/recipes/25-test_verify.t ................... ok ../test/recipes/25-test_x509.t ..................... ok ../test/recipes/30-test_afalg.t .................... skipped: test_afalg not supported for this build ../test/recipes/30-test_engine.t ................... ok ../test/recipes/30-test_evp.t ...................... 
</I>&gt;&gt;<i> Dubious, test returned 1 (wstat 256, 0x100) Failed 1/7 subtests ../test/recipes/30-test_evp_extra.t ................ ok ../test/recipes/30-test_pbelu.t .................... ok ../test/recipes/30-test_pkey_meth.t ................ ok ../test/recipes/30-test_pkey_meth_kdf.t ............ ok ../test/recipes/40-test_rehash.t ................... ok ../test/recipes/60-test_x509_check_cert_pkey.t ..... ok ../test/recipes/60-test_x509_dup_cert.t ............ ok ../test/recipes/60-test_x509_store.t ............... ok ../test/recipes/60-test_x509_time.t ................ ok ../test/recipes/70-test_asyncio.t .................. ok ../test/recipes/70-test_bad_dtls.t ................. ok ../test/recipes/70-test_clienthello.t .............. ok ../test/recipes/70-test_comp.t ..................... skipped: test_comp needs the dynamic engine feature enabled ../test/recipes/70-test_key_share.t ................ skipped: test_key_share needs the dynamic engine feature enabled ../test/recipes/70-test_packet.t ................... ok ../test/recipes/70-test_recordlen.t ................ ok ../test/recipes/70-test_renegotiation.t ............ skipped: test_renegotiation needs the dynamic engine feature enabled ../test/recipes/70-test_servername.t ............... ok ../test/recipes/70-test_sslcbcpadding.t ............ skipped: test_sslcbcpadding needs the dynamic engine feature enabled ../test/recipes/70-test_sslcertstatus.t ............ skipped: test_sslcertstatus needs the dynamic engine feature enabled ../test/recipes/70-test_sslextension.t ............. skipped: test_sslextension needs the dynamic engine feature enabled ../test/recipes/70-test_sslmessages.t .............. skipped: test_sslmessages needs the dynamic engine feature enabled ../test/recipes/70-test_sslrecords.t ............... skipped: test_sslrecords needs the dynamic engine feature enabled ../test/recipes/70-test_sslsessiontick.t ........... skipped: test_sslsessiontick needs the dynamic engine feature enabled ../test/recipes/70-test_sslsigalgs.t ............... skipped: test_sslsigalgs needs the dynamic engine feature enabled ../test/recipes/70-test_sslsignature.t ............. skipped: test_sslsignature needs the dynamic engine feature enabled ../test/recipes/70-test_sslskewith0p.t ............. skipped: test_sslskewith0p needs the dynamic engine feature enabled ../test/recipes/70-test_sslversions.t .............. skipped: test_sslversions needs the dynamic engine feature enabled ../test/recipes/70-test_sslvertol.t ................ skipped: test_sslextension needs the dynamic engine feature enabled ../test/recipes/70-test_tls13cookie.t .............. skipped: test_tls13cookie needs the dynamic engine feature enabled ../test/recipes/70-test_tls13downgrade.t ........... skipped: test_tls13downgrade needs the dynamic engine feature enabled ../test/recipes/70-test_tls13hrr.t ................. skipped: test_tls13hrr needs the dynamic engine feature enabled ../test/recipes/70-test_tls13kexmodes.t ............ skipped: test_tls13kexmodes needs the dynamic engine feature enabled ../test/recipes/70-test_tls13messages.t ............ skipped: test_tls13messages needs the dynamic engine feature enabled ../test/recipes/70-test_tls13psk.t ................. skipped: test_tls13psk needs the dynamic engine feature enabled ../test/recipes/70-test_tlsextms.t ................. skipped: test_tlsextms needs the dynamic engine feature enabled ../test/recipes/70-test_verify_extra.t ............. ok ../test/recipes/70-test_wpacket.t .................. ok ../test/recipes/80-test_ca.t ....................... ok ../test/recipes/80-test_cipherbytes.t .............. ok ../test/recipes/80-test_cipherlist.t ............... ok ../test/recipes/80-test_ciphername.t ............... ok ../test/recipes/80-test_cms.t ...................... ok ../test/recipes/80-test_cmsapi.t ................... ok ../test/recipes/80-test_ct.t ....................... skipped: ct and ec are not supported by this OpenSSL build ../test/recipes/80-test_dane.t ..................... skipped: test_dane uses ec which is not supported by this OpenSSL build ../test/recipes/80-test_dtls.t ..................... ok ../test/recipes/80-test_dtls_mtu.t ................. ok ../test/recipes/80-test_dtlsv1listen.t ............. ok ../test/recipes/80-test_ocsp.t ..................... ok ../test/recipes/80-test_pkcs12.t ................... ok ../test/recipes/80-test_ssl_new.t .................. ok ../test/recipes/80-test_ssl_old.t .................. ok ../test/recipes/80-test_ssl_test_ctx.t ............. ok ../test/recipes/80-test_sslcorrupt.t ............... ok ../test/recipes/80-test_tsa.t ...................... ok ../test/recipes/80-test_x509aux.t .................. skipped: test_dane uses ec which is not supported by this OpenSSL build ../test/recipes/90-test_asn1_time.t ................ ok ../test/recipes/90-test_async.t .................... ok ../test/recipes/90-test_bio_enc.t .................. ok ../test/recipes/90-test_constant_time.t ............ ok ../test/recipes/90-test_fatalerr.t ................. ok ../test/recipes/90-test_gmdiff.t ................... ok ../test/recipes/90-test_ige.t ...................... ok ../test/recipes/90-test_includes.t ................. ok ../test/recipes/90-test_memleak.t .................. ok ../test/recipes/90-test_overhead.t ................. ok ../test/recipes/90-test_secmem.t ................... ok ../test/recipes/90-test_shlibload.t ................ skipped: Test only supported in a shared build ../test/recipes/90-test_srp.t ...................... ok ../test/recipes/90-test_sslapi.t ................... ok ../test/recipes/90-test_sslbuffers.t ............... ok ../test/recipes/90-test_store.t .................... ok ../test/recipes/90-test_sysdefault.t ............... ok ../test/recipes/90-test_threads.t .................. ok ../test/recipes/90-test_time_offset.t .............. ok ../test/recipes/90-test_tls13ccs.t ................. skipped: test_tls13ccs is not supported in this build ../test/recipes/90-test_tls13encryption.t .......... skipped: tls13encryption is not supported in this build ../test/recipes/90-test_tls13secrets.t ............. skipped: tls13secrets is not supported in this build ../test/recipes/90-test_v3name.t ................... ok ../test/recipes/95-test_external_boringssl.t ....... skipped: No external tests in this configuration ../test/recipes/95-test_external_krb5.t ............ skipped: No external tests in this configuration ../test/recipes/95-test_external_pyca.t ............ skipped: No external tests in this configuration ../test/recipes/99-test_ecstress.t ................. ok ../test/recipes/99-test_fuzz.t ..................... ok
</I>&gt;&gt;<i>
</I>&gt;&gt;<i> Test Summary Report
</I>&gt;&gt;<i> -------------------
</I>&gt;&gt;<i> ../test/recipes/30-test_evp.t                    (Wstat: 256 Tests: 7 Failed: 1)
</I>&gt;&gt;<i>   Failed test:  7
</I>&gt;&gt;<i>   Non-zero exit status: 1
</I>&gt;&gt;<i> Files=149, Tests=1016, 111 wallclock secs ( 0.43 usr  0.11 sys + 40.62 cusr  8.81 csys = 49.97 CPU)
</I>&gt;&gt;<i> Result: FAIL
</I>&gt;&gt;<i> make[1]: *** [_tests] Error 1
</I>&gt;&gt;<i> make[1]: Leaving directory `&lt;<A HREF="http://ec2-52-37-178-53.us-west-2.compute.amazonaws.com:8080/job/master_noec/ws/">http://ec2-52-37-178-53.us-west-2.compute.amazonaws.com:8080/job/master_noec/ws/</A>'&gt;
</I>&gt;&gt;<i> make: *** [tests] Error 2
</I>&gt;&gt;<i> Build step 'Execute shell' marked build as failure
</I>&gt;&gt;<i> _____
</I>&gt;&gt;<i> openssl-commits mailing list
</I>&gt;&gt;<i> To unsubscribe: <A HREF="../../../mailman/listinfo/openssl-commits.html">https://mta.openssl.org/mailman/listinfo/openssl-commits</A>
</I>&gt;&gt;<i>
</I>&gt;<i> _______________________________________________
</I>&gt;<i> openssl-project mailing list
</I>&gt;<i> <A HREF="../../../mailman/listinfo/openssl-project.html">openssl-project at openssl.org</A>
</I>&gt;<i> <A HREF="../../../mailman/listinfo/openssl-project.html">https://mta.openssl.org/mailman/listinfo/openssl-project</A>
</I>&gt;<i> 
</I></PRE>


<!--endarticle-->
    <HR>
    <P><UL>
        <!--threads-->
	<LI>Previous message: <A HREF="000893.html">[openssl-project] [openssl-commits] Build failed in Jenkins:	master_noec #574
</A></li>
	
         <LI> <B>Messages sorted by:</B> 
              <a href="date.html#894">[ date ]</a>
              <a href="thread.html#894">[ thread ]</a>
              <a href="subject.html#894">[ subject ]</a>
              <a href="author.html#894">[ author ]</a>
         </LI>
       </UL>

<hr>
<a href="../../../mailman/listinfo/openssl-project.html">More information about the openssl-project
mailing list</a><br>
</body></html>
