<!DOCTYPE HTML PUBLIC "-//W3C//DTD HTML 4.01 Transitional//EN">
<HTML>
 <HEAD>
   <TITLE> Still FAILED build of OpenSSL branch master with options -d --strict-warnings no-asm
   </TITLE>
   <LINK REL="Index" HREF="https://mta.openssl.org/pipermail/openssl-commits/2021-January/index.html" >
   <LINK REL="made" HREF="mailto:openssl-commits%40openssl.org?Subject=Re%3A%20Still%20FAILED%20build%20of%20OpenSSL%20branch%20master%20with%20options%20-d%0A%20--strict-warnings%20no-asm&In-Reply-To=%3C1609981528.357004.4164225.nullmailer%40run.openssl.org%3E">
   <META NAME="robots" CONTENT="index,nofollow">
   <style type="text/css">
       pre {
           white-space: pre-wrap;       /* css-2.1, curent FF, Opera, Safari */
           }
   </style>
   <META http-equiv="Content-Type" content="text/html; charset=us-ascii">
   <LINK REL="Previous"  HREF="032711.html">
   <LINK REL="Next"  HREF="032762.html">
 </HEAD>
 <BODY BGCOLOR="#ffffff">
   <H1>Still FAILED build of OpenSSL branch master with options -d --strict-warnings no-asm</H1>
    <B>OpenSSL run-checker</B> 
    <A HREF="mailto:openssl-commits%40openssl.org?Subject=Re%3A%20Still%20FAILED%20build%20of%20OpenSSL%20branch%20master%20with%20options%20-d%0A%20--strict-warnings%20no-asm&In-Reply-To=%3C1609981528.357004.4164225.nullmailer%40run.openssl.org%3E"
       TITLE="Still FAILED build of OpenSSL branch master with options -d --strict-warnings no-asm">openssl at openssl.org
       </A><BR>
    <I>Thu Jan  7 01:05:28 UTC 2021</I>
    <P><UL>
        <LI>Previous message: <A HREF="032711.html">Still FAILED build of OpenSSL branch master with options -d --strict-warnings no-asm
</A></li>
        <LI>Next message: <A HREF="032762.html">Still FAILED build of OpenSSL branch master with options -d --strict-warnings no-asm
</A></li>
         <LI> <B>Messages sorted by:</B> 
              <a href="date.html#32732">[ date ]</a>
              <a href="thread.html#32732">[ thread ]</a>
              <a href="subject.html#32732">[ subject ]</a>
              <a href="author.html#32732">[ author ]</a>
         </LI>
       </UL>
    <HR>  
<!--beginarticle-->
<PRE>Platform and configuration command:

$ uname -a
Linux run 5.4.0-52-generic #57-Ubuntu SMP Thu Oct 15 10:57:00 UTC 2020 x86_64 x86_64 x86_64 GNU/Linux
$ CC=clang ../openssl/config -d --strict-warnings no-asm

Commit log since last time:

e260bee0a9 Only perform special TLS handling if TLS has been configured
7c0e98a5c4 Mac M1 setting change proposal.
7fd1ca723a Support session information on FreeBSD.
b39c215dec Use CRIOGET to fetch a crypto descriptor when present.
3497cc8776 Updated SSL_CTX_new doc
b043c41c00 28-seclevel.cnf.in: fix typo in algo name
b2d1465153 EVP_SIGNATURE-ED25519.pod: fix typo in algo name
2c61a670eb win-onecore: Build with /APPCONTAINER for UWP compat
ce11192650 crypto/win: Don't use disallowed APIs on UWP
38b57c4c52 Update copyright years of auto-generated headers (make update)

Build log ended with (last 100 lines):

30-test_evp_extra.t ................ ok
30-test_evp_fetch_prov.t ........... ok
30-test_evp_kdf.t .................. ok
30-test_evp_libctx.t ............... ok
30-test_evp_pkey_dparam.t .......... ok
30-test_evp_pkey_provided.t ........ ok
30-test_pbelu.t .................... ok
30-test_pkey_meth.t ................ ok
30-test_pkey_meth_kdf.t ............ ok
30-test_provider_status.t .......... ok
40-test_rehash.t ................... ok
60-test_x509_check_cert_pkey.t ..... ok
60-test_x509_dup_cert.t ............ ok
60-test_x509_store.t ............... ok
60-test_x509_time.t ................ ok
61-test_bio_prefix.t ............... ok
65-test_cmp_asn.t .................. ok
65-test_cmp_client.t ............... ok
65-test_cmp_ctx.t .................. ok
65-test_cmp_hdr.t .................. ok
65-test_cmp_msg.t .................. ok
65-test_cmp_protect.t .............. ok
65-test_cmp_server.t ............... ok
65-test_cmp_status.t ............... ok
65-test_cmp_vfy.t .................. ok
66-test_ossl_store.t ............... ok
70-test_asyncio.t .................. ok
70-test_bad_dtls.t ................. ok
70-test_clienthello.t .............. ok
70-test_comp.t ..................... ok
70-test_key_share.t ................ ok
70-test_packet.t ................... ok
70-test_recordlen.t ................ ok
70-test_renegotiation.t ............ ok
70-test_servername.t ............... ok
70-test_sslcbcpadding.t ............ ok
70-test_sslcertstatus.t ............ ok
70-test_sslextension.t ............. ok
70-test_sslmessages.t .............. ok
70-test_sslrecords.t ............... ok
70-test_sslsessiontick.t ........... ok
70-test_sslsigalgs.t ............... ok
70-test_sslsignature.t ............. ok
70-test_sslskewith0p.t ............. ok
70-test_sslversions.t .............. ok
70-test_sslvertol.t ................ ok
70-test_tls13alerts.t .............. ok
70-test_tls13cookie.t .............. ok
70-test_tls13downgrade.t ........... ok
70-test_tls13hrr.t ................. ok
70-test_tls13kexmodes.t ............ ok
70-test_tls13messages.t ............ ok
70-test_tls13psk.t ................. ok
70-test_tlsextms.t ................. ok
70-test_verify_extra.t ............. ok
70-test_wpacket.t .................. ok
71-test_ssl_ctx.t .................. ok
80-test_ca.t ....................... ok
80-test_cipherbytes.t .............. ok
80-test_cipherlist.t ............... ok
80-test_ciphername.t ............... ok

# 80-test_cms.t ...................... ok
80-test_cmsapi.t ................... ok
80-test_ct.t ....................... ok
80-test_dane.t ..................... ok
80-test_dtls.t ..................... ok
80-test_dtls_mtu.t ................. ok
80-test_dtlsv1listen.t ............. ok
80-test_http.t ..................... ok
80-test_ocsp.t ..................... ok
80-test_pkcs12.t ................... ok
80-test_ssl_new.t .................. ok
80-test_ssl_old.t .................. ok
80-test_ssl_test_ctx.t ............. ok
80-test_sslcorrupt.t ............... ok
80-test_tsa.t ...................... ok
80-test_x509aux.t .................. ok

# 81-test_cmp_cli.t .................. ok
90-test_asn1_time.t ................ ok
90-test_async.t .................... ok
90-test_bio_enc.t .................. ok
90-test_bio_memleak.t .............. ok
90-test_constant_time.t ............ ok
90-test_fatalerr.t ................. ok
90-test_fipsload.t ................. ok
90-test_gmdiff.t ................... ok
90-test_gost.t ..................... ok
90-test_ige.t ...................... ok
90-test_includes.t ................. ok
90-test_memleak.t .................. ok
90-test_overhead.t ................. ok
90-test_secmem.t ................... ok
90-test_shlibload.t ................ ok
90-test_srp.t ...................... ok
make[1]: *** wait: No child processes.  Stop.
make[1]: *** Waiting for unfinished jobs....
make[1]: *** wait: No child processes.  Stop.
make: *** [Makefile:3241: tests] Terminated
</PRE>
















<!--endarticle-->
    <HR>
    <P><UL>
        <!--threads-->
	<LI>Previous message: <A HREF="032711.html">Still FAILED build of OpenSSL branch master with options -d --strict-warnings no-asm
</A></li>
	<LI>Next message: <A HREF="032762.html">Still FAILED build of OpenSSL branch master with options -d --strict-warnings no-asm
</A></li>
         <LI> <B>Messages sorted by:</B> 
              <a href="date.html#32732">[ date ]</a>
              <a href="thread.html#32732">[ thread ]</a>
              <a href="subject.html#32732">[ subject ]</a>
              <a href="author.html#32732">[ author ]</a>
         </LI>
       </UL>

<hr>
<a href="../../../mailman/listinfo/openssl-commits.html">More information about the openssl-commits
mailing list</a><br>
</body></html>
