<!DOCTYPE HTML PUBLIC "-//W3C//DTD HTML 4.01 Transitional//EN">
<HTML>
 <HEAD>
   <TITLE> Still FAILED build of OpenSSL branch master with options -d enable-fuzz-afl no-shared no-module
   </TITLE>
   <LINK REL="Index" HREF="https://mta.openssl.org/pipermail/openssl-commits/2021-January/index.html" >
   <LINK REL="made" HREF="mailto:openssl-commits%40openssl.org?Subject=Re%3A%20Still%20FAILED%20build%20of%20OpenSSL%20branch%20master%20with%20options%20-d%0A%20enable-fuzz-afl%20no-shared%20no-module&In-Reply-To=%3C1610667650.869892.2710737.nullmailer%40run.openssl.org%3E">
   <META NAME="robots" CONTENT="index,nofollow">
   <style type="text/css">
       pre {
           white-space: pre-wrap;       /* css-2.1, curent FF, Opera, Safari */
           }
   </style>
   <META http-equiv="Content-Type" content="text/html; charset=us-ascii">
   <LINK REL="Previous"  HREF="032771.html">
   <LINK REL="Next"  HREF="032842.html">
 </HEAD>
 <BODY BGCOLOR="#ffffff">
   <H1>Still FAILED build of OpenSSL branch master with options -d enable-fuzz-afl no-shared no-module</H1>
    <B>OpenSSL run-checker</B> 
    <A HREF="mailto:openssl-commits%40openssl.org?Subject=Re%3A%20Still%20FAILED%20build%20of%20OpenSSL%20branch%20master%20with%20options%20-d%0A%20enable-fuzz-afl%20no-shared%20no-module&In-Reply-To=%3C1610667650.869892.2710737.nullmailer%40run.openssl.org%3E"
       TITLE="Still FAILED build of OpenSSL branch master with options -d enable-fuzz-afl no-shared no-module">openssl at openssl.org
       </A><BR>
    <I>Thu Jan 14 23:40:50 UTC 2021</I>
    <P><UL>
        <LI>Previous message: <A HREF="032771.html">Still FAILED build of OpenSSL branch master with options -d enable-fuzz-afl no-shared no-module
</A></li>
        <LI>Next message: <A HREF="032842.html">Still FAILED build of OpenSSL branch master with options -d enable-fuzz-afl no-shared no-module
</A></li>
         <LI> <B>Messages sorted by:</B> 
              <a href="date.html#32816">[ date ]</a>
              <a href="thread.html#32816">[ thread ]</a>
              <a href="subject.html#32816">[ subject ]</a>
              <a href="author.html#32816">[ author ]</a>
         </LI>
       </UL>
    <HR>  
<!--beginarticle-->
<PRE>Platform and configuration command:

$ uname -a
Linux run 5.4.0-52-generic #57-Ubuntu SMP Thu Oct 15 10:57:00 UTC 2020 x86_64 x86_64 x86_64 GNU/Linux
$ CC=afl-clang-fast ../openssl/config -d enable-fuzz-afl no-shared no-module

Commit log since last time:

8bc5b0a570 chacha20: Properly reinitialize the cipher context with NULL key
2ed63033e4 x509v3.h.in: Deprecate CTX_TEST and replace it by X509V3_CTX_TEST
04a1b3fa7b apps/req.c: Make sure -verify option takes effect also with -x509
0ae8d4ca9e apps/req.c: Cosmetic improvements of code and documentation
73b1d24c1a crypto/x509: Rename v3_{skey,skid}.c, v3_{akey,akid}.c, v3_{alt,san}.c
b65c5ec8f5 apps/req.c: Add -copy_extensions option for use with -x509; default: none
41e597a01d Add X509V3_set_issuer_pkey, needed for AKID of self-issued not self-signed cert
ea9fd333d1 apps/req.c: make -subj work with -x509; clean up related code
7836f949c2 X509_PUBKEY_set(): Fix error reporting
855c68163b apps/lib/opt.c: Fix error message on unknown option/digest
f0a057dd53 Add tests for (non-)default SKID and AKID inclusion by apps/{req,x509,ca}.c
6ad957f127 apps/req.c: add -CA and -CAkey options; improve code and doc
1579594383 APPS: Allow OPENSSL_CONF to be empty, not loading a config file
ec2bfb7d23 apps/{req,x509,ca}.c Make sure certs have SKID and AKID X.509 extensions by default
f2a0458731 X509_cmp(): Fix comparison in case x509v3_cache_extensions() failed to due to invalid cert
3339606a38 d2i_X509(): Make deallocation behavior consistent with d2i_X509_AUX()
48116c2d0f Fix incorrect use of BN_CTX API
1dccccf333 Fix enable-weak-ssl-ciphers
4dd009180a x509_vfy.c: Fix a regression in find_issuer()
0cbb3602f5 Make PEM_X509_INFO_read_bio_ex() conservative on the error queue
0b7368dda0 TEST: move cert, key, and CSR loading aux functions to new testutil/load.c
bf973d0697 Add X509_NAME_hash_ex() to be able to check if it failed due to unsupported SHA1
5a2d0ef36f Clean away extraneous library specific FETCH_FAILED reason codes
d6d42cda5f Use centralized fetching errors
0d11846e4b Remove duplicate GENERATE declarations for .pod files
2497e2e7db Configure: warn about duplicate GENERATE declarations in build.info files
5e16ac142e Configure: clean away perl syntax faults
507f83800f Configure: Check all SOURCE declarations, to ensure consistency
b209835364 v3_ocsp.c: fix indentation of include directives
3ddf44ea5a Close /dev/crypto file descriptor after CRIOGET ioctl().
678cae0295 APPS: Print help also on -h and --h; print high-level help when no cmd given
3372039252 APPS: Fix confusion between program and app/command name used in diagnostic/help output
046a7aaa5e apps/pkey.c: Forther improve user guidance, also on non-sensical option combinations
1f7643e86e apps/pkey.c: Re-order help output and option documentation
475d10028e apps/pkey.c: Make clear that -passout is not supported for DER output
400e2acfe0 apps.c: Fix crash in case uri arg of IS_HTTP or IS_HTTPS is NULL

Build log ended with (last 100 lines):

# setup_client_ctx:../openssl/apps/cmp.c:1977:CMP info: will contact <A HREF="http://127.0.0.1:1700/pkix/">http://127.0.0.1:1700/pkix/</A>
# send_receive_check:../openssl/crypto/cmp/cmp_client.c:165:CMP info: sending IR
# send_receive_check:../openssl/crypto/cmp/cmp_client.c:183:CMP info: received IP
# send_receive_check:../openssl/crypto/cmp/cmp_client.c:165:CMP info: sending CERTCONF
# send_receive_check:../openssl/crypto/cmp/cmp_client.c:183:CMP info: received PKICONF
# save_free_certs:../openssl/apps/cmp.c:2027:CMP info: received 1 enrolled certificate(s), saving to file '../../../../../enable-fuzz-afl/test-runs/test_cmp_cli/test.certout_popo1.pem'
../../../../../enable-fuzz-afl/util/wrap.pl ../../../../../enable-fuzz-afl/apps/openssl cmp -config ../Mock/test.cnf -section 'Mock enrollment' -certout ../../../../../enable-fuzz-afl/test-runs/test_cmp_cli/test.cert.pem -proxy '' -no_proxy 127.0.0.1 -cmd ir -newkey new.key -newkeypass 'pass:' -popo 0 -certout ../../../../../enable-fuzz-afl/test-runs/test_cmp_cli/test.certout_popo1.pem -out_trusted root.crt =&gt; 0
    not ok 43 - popo RAVERIFIED
# ------------------------------------------------------------------------------
# cmp_main:../openssl/apps/cmp.c:2661:CMP info: using section(s) 'Mock enrollment' of OpenSSL configuration file '../Mock/test.cnf'
# opt_str:../openssl/apps/cmp.c:2260:CMP warning: argument of -proxy option is empty string, resetting option
# warn_cert_msg:../openssl/apps/cmp.c:684:CMP warning: certificate from 'trusted.crt' with subject '/O=openssl_cmp' is not a CA cert
# setup_client_ctx:../openssl/apps/cmp.c:1977:CMP info: will contact <A HREF="http://127.0.0.1:1700/pkix/">http://127.0.0.1:1700/pkix/</A>
# send_receive_check:../openssl/crypto/cmp/cmp_client.c:165:CMP info: sending IR
# send_receive_check:../openssl/crypto/cmp/cmp_client.c:183:CMP info: received IP
# send_receive_check:../openssl/crypto/cmp/cmp_client.c:165:CMP info: sending CERTCONF
# send_receive_check:../openssl/crypto/cmp/cmp_client.c:183:CMP info: received PKICONF
# save_free_certs:../openssl/apps/cmp.c:2027:CMP info: received 1 enrolled certificate(s), saving to file '../../../../../enable-fuzz-afl/test-runs/test_cmp_cli/test.certout_popo5.pem'
../../../../../enable-fuzz-afl/util/wrap.pl ../../../../../enable-fuzz-afl/apps/openssl cmp -config ../Mock/test.cnf -section 'Mock enrollment' -certout ../../../../../enable-fuzz-afl/test-runs/test_cmp_cli/test.cert.pem -proxy '' -no_proxy 127.0.0.1 -cmd ir -newkey new.key -newkeypass 'pass:' -popo -1 -certout ../../../../../enable-fuzz-afl/test-runs/test_cmp_cli/test.certout_popo5.pem -out_trusted root.crt =&gt; 0
    not ok 47 - popo NONE
# ------------------------------------------------------------------------------
    #   Failed test 'popo NONE'
    #   at ../openssl/test/recipes/81-test_cmp_cli.t line 183.
# cmp_main:../openssl/apps/cmp.c:2661:CMP info: using section(s) 'Mock enrollment' of OpenSSL configuration file '../Mock/test.cnf'
# opt_str:../openssl/apps/cmp.c:2260:CMP warning: argument of -proxy option is empty string, resetting option
# warn_cert_msg:../openssl/apps/cmp.c:684:CMP warning: certificate from 'trusted.crt' with subject '/O=openssl_cmp' is not a CA cert
# setup_client_ctx:../openssl/apps/cmp.c:1977:CMP info: will contact <A HREF="http://127.0.0.1:1700/pkix/">http://127.0.0.1:1700/pkix/</A>
# send_receive_check:../openssl/crypto/cmp/cmp_client.c:165:CMP info: sending IR
# send_receive_check:../openssl/crypto/cmp/cmp_client.c:183:CMP info: received IP
# send_receive_check:../openssl/crypto/cmp/cmp_client.c:165:CMP info: sending CERTCONF
# send_receive_check:../openssl/crypto/cmp/cmp_client.c:183:CMP info: received PKICONF
# save_free_certs:../openssl/apps/cmp.c:2027:CMP info: received 1 enrolled certificate(s), saving to file '../../../../../enable-fuzz-afl/test-runs/test_cmp_cli/test.certout_popo6.pem'
../../../../../enable-fuzz-afl/util/wrap.pl ../../../../../enable-fuzz-afl/apps/openssl cmp -config ../Mock/test.cnf -section 'Mock enrollment' -certout ../../../../../enable-fuzz-afl/test-runs/test_cmp_cli/test.cert.pem -proxy '' -no_proxy 127.0.0.1 -cmd ir -newkey new.key -newkeypass 'pass:' -popo 2 -certout ../../../../../enable-fuzz-afl/test-runs/test_cmp_cli/test.certout_popo6.pem -out_trusted root.crt =&gt; 0
    not ok 48 - popo KEYENC not supported
# ------------------------------------------------------------------------------
    # Looks like you failed 3 tests of 92.
not ok 7 - CMP app CLI Mock enrollment
# ------------------------------------------------------------------------------
# 
#   Failed test 'CMP app CLI Mock enrollment
# '
#   at /home/openssl/run-checker/enable-fuzz-afl/../openssl/util/perl/OpenSSL/Test.pm line 1335.
# Looks like you failed 3 tests of 7.81-test_cmp_cli.t .................. 
Dubious, test returned 3 (wstat 768, 0x300)
Failed 3/7 subtests 
90-test_asn1_time.t ................ ok
90-test_async.t .................... ok
90-test_bio_enc.t .................. ok
90-test_bio_memleak.t .............. ok
90-test_constant_time.t ............ ok
90-test_fatalerr.t ................. ok
90-test_fipsload.t ................. skipped: Test only supported in a shared build
90-test_gmdiff.t ................... ok
90-test_gost.t ..................... skipped: GOST support is disabled in this OpenSSL build
90-test_ige.t ...................... ok
90-test_includes.t ................. ok
90-test_memleak.t .................. ok
90-test_overhead.t ................. ok
90-test_secmem.t ................... ok
90-test_shlibload.t ................ skipped: Test only supported in a shared build
90-test_srp.t ...................... ok
90-test_sslapi.t ................... ok
90-test_sslbuffers.t ............... ok
90-test_store.t .................... ok
90-test_sysdefault.t ............... ok
90-test_threads.t .................. ok
90-test_time_offset.t .............. ok
90-test_tls13ccs.t ................. ok
90-test_tls13encryption.t .......... ok
90-test_tls13secrets.t ............. skipped: tls13secrets is not supported in this build
90-test_v3name.t ................... ok
91-test_pkey_check.t ............... ok
95-test_external_boringssl.t ....... skipped: No external tests in this configuration
95-test_external_gost_engine.t ..... skipped: No external tests in this configuration
95-test_external_krb5.t ............ skipped: No external tests in this configuration
95-test_external_pyca.t ............ skipped: No external tests in this configuration
99-test_ecstress.t ................. ok
99-test_fuzz_asn1.t ................ ok
99-test_fuzz_asn1parse.t ........... ok
99-test_fuzz_bignum.t .............. ok
99-test_fuzz_bndiv.t ............... ok
99-test_fuzz_client.t .............. ok
99-test_fuzz_cmp.t ................. ok
99-test_fuzz_cms.t ................. ok
99-test_fuzz_conf.t ................ ok
99-test_fuzz_crl.t ................. ok
99-test_fuzz_ct.t .................. ok
99-test_fuzz_server.t .............. ok
99-test_fuzz_x509.t ................ ok

Test Summary Report
-------------------
81-test_cmp_cli.t                (Wstat: 768 Tests: 7 Failed: 3)
  Failed tests:  4-5, 7
  Non-zero exit status: 3
Files=228, Tests=3032, 738 wallclock secs ( 9.85 usr  1.30 sys + 656.24 cusr 71.67 csys = 739.06 CPU)
Result: FAIL
make[1]: *** [Makefile:2463: _tests] Error 1
make[1]: Leaving directory '/home/openssl/run-checker/enable-fuzz-afl'
make: *** [Makefile:2460: tests] Error 2
</PRE>



















































































<!--endarticle-->
    <HR>
    <P><UL>
        <!--threads-->
	<LI>Previous message: <A HREF="032771.html">Still FAILED build of OpenSSL branch master with options -d enable-fuzz-afl no-shared no-module
</A></li>
	<LI>Next message: <A HREF="032842.html">Still FAILED build of OpenSSL branch master with options -d enable-fuzz-afl no-shared no-module
</A></li>
         <LI> <B>Messages sorted by:</B> 
              <a href="date.html#32816">[ date ]</a>
              <a href="thread.html#32816">[ thread ]</a>
              <a href="subject.html#32816">[ subject ]</a>
              <a href="author.html#32816">[ author ]</a>
         </LI>
       </UL>

<hr>
<a href="../../../mailman/listinfo/openssl-commits.html">More information about the openssl-commits
mailing list</a><br>
</body></html>
