<!DOCTYPE HTML PUBLIC "-//W3C//DTD HTML 4.01 Transitional//EN">
<HTML>
 <HEAD>
   <TITLE> Still FAILED build of OpenSSL branch master with options -d enable-fuzz-afl no-shared no-module
   </TITLE>
   <LINK REL="Index" HREF="https://mta.openssl.org/pipermail/openssl-commits/2021-January/index.html" >
   <LINK REL="made" HREF="mailto:openssl-commits%40openssl.org?Subject=Re%3A%20Still%20FAILED%20build%20of%20OpenSSL%20branch%20master%20with%20options%20-d%0A%20enable-fuzz-afl%20no-shared%20no-module&In-Reply-To=%3C1611270295.623656.2600517.nullmailer%40run.openssl.org%3E">
   <META NAME="robots" CONTENT="index,nofollow">
   <style type="text/css">
       pre {
           white-space: pre-wrap;       /* css-2.1, curent FF, Opera, Safari */
           }
   </style>
   <META http-equiv="Content-Type" content="text/html; charset=us-ascii">
   <LINK REL="Previous"  HREF="032842.html">
   <LINK REL="Next"  HREF="032904.html">
 </HEAD>
 <BODY BGCOLOR="#ffffff">
   <H1>Still FAILED build of OpenSSL branch master with options -d enable-fuzz-afl no-shared no-module</H1>
    <B>OpenSSL run-checker</B> 
    <A HREF="mailto:openssl-commits%40openssl.org?Subject=Re%3A%20Still%20FAILED%20build%20of%20OpenSSL%20branch%20master%20with%20options%20-d%0A%20enable-fuzz-afl%20no-shared%20no-module&In-Reply-To=%3C1611270295.623656.2600517.nullmailer%40run.openssl.org%3E"
       TITLE="Still FAILED build of OpenSSL branch master with options -d enable-fuzz-afl no-shared no-module">openssl at openssl.org
       </A><BR>
    <I>Thu Jan 21 23:04:55 UTC 2021</I>
    <P><UL>
        <LI>Previous message: <A HREF="032842.html">Still FAILED build of OpenSSL branch master with options -d enable-fuzz-afl no-shared no-module
</A></li>
        <LI>Next message: <A HREF="032904.html">Still FAILED build of OpenSSL branch master with options -d enable-fuzz-afl no-shared no-module
</A></li>
         <LI> <B>Messages sorted by:</B> 
              <a href="date.html#32880">[ date ]</a>
              <a href="thread.html#32880">[ thread ]</a>
              <a href="subject.html#32880">[ subject ]</a>
              <a href="author.html#32880">[ author ]</a>
         </LI>
       </UL>
    <HR>  
<!--beginarticle-->
<PRE>Platform and configuration command:

$ uname -a
Linux run 5.4.0-52-generic #57-Ubuntu SMP Thu Oct 15 10:57:00 UTC 2020 x86_64 x86_64 x86_64 GNU/Linux
$ CC=afl-clang-fast ../openssl/config -d enable-fuzz-afl no-shared no-module

Commit log since last time:

3aa7212e0a ktls: Initial support for ChaCha20-Poly1305
5b57aa24c3 Ensure SRP BN_mod_exp follows the constant time path
53d650d1f3 ec_kmgmt.c: OSSL_PKEY_PARAM_DEFAULT_DIGEST is gettable param for EC/SM2 keys
d8ab30be9c X509v3_get_ext_by_NID.pod: Add warning on counter-intuitive behavior of X509v3_delete_ext() etc.
05458fdb73 apps/x509.c: Make -x509toreq respect -clrext, -sigopt, and -extfile options
b9fbacaa7b apps/x509.c: Add -copy_extensions option, used when transforming x509 &lt;-&gt; req
1d1d23128f 80-test_ssl_old.t: Minor corrections: update name of test dir etc.
03f4e3ded6 apps.c: Clean up copy_extensions()
2367238ced X509_REQ_print_ex(): Correct indentation of extensions, which are attributes
db6a47b10d X509_REQ_print_ex(): Replace weird 'a0:00' output on empty attributes by '(none)'
743975c7e5 constify X509_REQ_add_extensions() and X509_REQ_add_extensions_nid()
b24cfd6bf4 apps/x509.c: Major code, user guidance, and documentation cleanup
7c5237e1d7 apps/x509.c: Take the -signkey arg as default pubkey with -new
49b36afb0b 25-test_x509.t: Make test case w.r.t. self-issued cert run also without EC enabled
abc4439c92 25-test_x509.t: Minor update: factor out path for test input files
8cadc51706 25-test_x509.t: Minor update: do not anymore unlink test output files
63162e3d55 X509: Enable printing cert even with invalid validity times, saying 'Bad time value'
b09aa550d3 ASN1_TIME_print() etc.: Improve doc and add comment on handling invalid time input
9495cfbc22 make various test CA certs RFC 5280 compliant w.r.t. X509 extensions
3d63348a87 apps/genpkey.c: Use PEM_read_bio_Parameters_ex when reading parameters
ac6ea3a7c5 test-gendsa: Add test cases with FIPS provider
07b6068d24 x509_vfy.c: Rename CHECK_CB() to the more intuitively readable CB_FAIL_IF()
3e878d924f Remove pkey_downgrade from PKCS7 code
c972577684 util/check-format.pl: Minor improvements of whitespace checks
83b6dc8dc7 Deprecate OCSP_xxx API for OSSL_HTTP_xxx
fee0af0863 DOCS: Fix the last few remaining pass phrase options references
47b784a41b Fix memory leak in mac_newctx() on error
038f4dc68e Fix PKCS7 potential segfault
84af8027c5 CMS: Fix NULL access if d2i_CMS_bio() is not passed a CMS_ContentInfo**.
0d83b7b903 Rename EVP_CIPHER_CTX_get_iv and EVP_CIPHER_CTX_get_iv_state for clarity
3aff5b4bac Update SERVER_HELLO_MAX_LENGTH

Build log ended with (last 100 lines):

# setup_client_ctx:../openssl/apps/cmp.c:1977:CMP info: will contact <A HREF="http://127.0.0.1:1700/pkix/">http://127.0.0.1:1700/pkix/</A>
# send_receive_check:../openssl/crypto/cmp/cmp_client.c:165:CMP info: sending IR
# send_receive_check:../openssl/crypto/cmp/cmp_client.c:183:CMP info: received IP
# send_receive_check:../openssl/crypto/cmp/cmp_client.c:165:CMP info: sending CERTCONF
# send_receive_check:../openssl/crypto/cmp/cmp_client.c:183:CMP info: received PKICONF
# save_free_certs:../openssl/apps/cmp.c:2027:CMP info: received 1 enrolled certificate(s), saving to file '../../../../../enable-fuzz-afl/test-runs/test_cmp_cli/test.certout_popo1.pem'
../../../../../enable-fuzz-afl/util/wrap.pl ../../../../../enable-fuzz-afl/apps/openssl cmp -config ../Mock/test.cnf -section 'Mock enrollment' -certout ../../../../../enable-fuzz-afl/test-runs/test_cmp_cli/test.cert.pem -proxy '' -no_proxy 127.0.0.1 -cmd ir -newkey new.key -newkeypass 'pass:' -popo 0 -certout ../../../../../enable-fuzz-afl/test-runs/test_cmp_cli/test.certout_popo1.pem -out_trusted root.crt =&gt; 0
    not ok 43 - popo RAVERIFIED
# ------------------------------------------------------------------------------
# cmp_main:../openssl/apps/cmp.c:2661:CMP info: using section(s) 'Mock enrollment' of OpenSSL configuration file '../Mock/test.cnf'
# opt_str:../openssl/apps/cmp.c:2260:CMP warning: argument of -proxy option is empty string, resetting option
# warn_cert_msg:../openssl/apps/cmp.c:684:CMP warning: certificate from 'trusted.crt' with subject '/O=openssl_cmp' is not a CA cert
# setup_client_ctx:../openssl/apps/cmp.c:1977:CMP info: will contact <A HREF="http://127.0.0.1:1700/pkix/">http://127.0.0.1:1700/pkix/</A>
# send_receive_check:../openssl/crypto/cmp/cmp_client.c:165:CMP info: sending IR
# send_receive_check:../openssl/crypto/cmp/cmp_client.c:183:CMP info: received IP
# send_receive_check:../openssl/crypto/cmp/cmp_client.c:165:CMP info: sending CERTCONF
# send_receive_check:../openssl/crypto/cmp/cmp_client.c:183:CMP info: received PKICONF
# save_free_certs:../openssl/apps/cmp.c:2027:CMP info: received 1 enrolled certificate(s), saving to file '../../../../../enable-fuzz-afl/test-runs/test_cmp_cli/test.certout_popo5.pem'
../../../../../enable-fuzz-afl/util/wrap.pl ../../../../../enable-fuzz-afl/apps/openssl cmp -config ../Mock/test.cnf -section 'Mock enrollment' -certout ../../../../../enable-fuzz-afl/test-runs/test_cmp_cli/test.cert.pem -proxy '' -no_proxy 127.0.0.1 -cmd ir -newkey new.key -newkeypass 'pass:' -popo -1 -certout ../../../../../enable-fuzz-afl/test-runs/test_cmp_cli/test.certout_popo5.pem -out_trusted root.crt =&gt; 0
    not ok 47 - popo NONE
# ------------------------------------------------------------------------------
    #   Failed test 'popo NONE'
    #   at ../openssl/test/recipes/81-test_cmp_cli.t line 183.
# cmp_main:../openssl/apps/cmp.c:2661:CMP info: using section(s) 'Mock enrollment' of OpenSSL configuration file '../Mock/test.cnf'
# opt_str:../openssl/apps/cmp.c:2260:CMP warning: argument of -proxy option is empty string, resetting option
# warn_cert_msg:../openssl/apps/cmp.c:684:CMP warning: certificate from 'trusted.crt' with subject '/O=openssl_cmp' is not a CA cert
# setup_client_ctx:../openssl/apps/cmp.c:1977:CMP info: will contact <A HREF="http://127.0.0.1:1700/pkix/">http://127.0.0.1:1700/pkix/</A>
# send_receive_check:../openssl/crypto/cmp/cmp_client.c:165:CMP info: sending IR
# send_receive_check:../openssl/crypto/cmp/cmp_client.c:183:CMP info: received IP
# send_receive_check:../openssl/crypto/cmp/cmp_client.c:165:CMP info: sending CERTCONF
# send_receive_check:../openssl/crypto/cmp/cmp_client.c:183:CMP info: received PKICONF
# save_free_certs:../openssl/apps/cmp.c:2027:CMP info: received 1 enrolled certificate(s), saving to file '../../../../../enable-fuzz-afl/test-runs/test_cmp_cli/test.certout_popo6.pem'
../../../../../enable-fuzz-afl/util/wrap.pl ../../../../../enable-fuzz-afl/apps/openssl cmp -config ../Mock/test.cnf -section 'Mock enrollment' -certout ../../../../../enable-fuzz-afl/test-runs/test_cmp_cli/test.cert.pem -proxy '' -no_proxy 127.0.0.1 -cmd ir -newkey new.key -newkeypass 'pass:' -popo 2 -certout ../../../../../enable-fuzz-afl/test-runs/test_cmp_cli/test.certout_popo6.pem -out_trusted root.crt =&gt; 0
    not ok 48 - popo KEYENC not supported
# ------------------------------------------------------------------------------
    # Looks like you failed 3 tests of 92.
not ok 7 - CMP app CLI Mock enrollment
# ------------------------------------------------------------------------------
# 
#   Failed test 'CMP app CLI Mock enrollment
# '
#   at /home/openssl/run-checker/enable-fuzz-afl/../openssl/util/perl/OpenSSL/Test.pm line 1335.
# Looks like you failed 3 tests of 7.81-test_cmp_cli.t .................. 
Dubious, test returned 3 (wstat 768, 0x300)
Failed 3/7 subtests 
90-test_asn1_time.t ................ ok
90-test_async.t .................... ok
90-test_bio_enc.t .................. ok
90-test_bio_memleak.t .............. ok
90-test_constant_time.t ............ ok
90-test_fatalerr.t ................. ok
90-test_fipsload.t ................. skipped: Test only supported in a shared build
90-test_gmdiff.t ................... ok
90-test_gost.t ..................... skipped: GOST support is disabled in this OpenSSL build
90-test_ige.t ...................... ok
90-test_includes.t ................. ok
90-test_memleak.t .................. ok
90-test_overhead.t ................. ok
90-test_secmem.t ................... ok
90-test_shlibload.t ................ skipped: Test only supported in a shared build
90-test_srp.t ...................... ok
90-test_sslapi.t ................... ok
90-test_sslbuffers.t ............... ok
90-test_store.t .................... ok
90-test_sysdefault.t ............... ok
90-test_threads.t .................. ok
90-test_time_offset.t .............. ok
90-test_tls13ccs.t ................. ok
90-test_tls13encryption.t .......... ok
90-test_tls13secrets.t ............. skipped: tls13secrets is not supported in this build
90-test_v3name.t ................... ok
91-test_pkey_check.t ............... ok
95-test_external_boringssl.t ....... skipped: No external tests in this configuration
95-test_external_gost_engine.t ..... skipped: No external tests in this configuration
95-test_external_krb5.t ............ skipped: No external tests in this configuration
95-test_external_pyca.t ............ skipped: No external tests in this configuration
99-test_ecstress.t ................. ok
99-test_fuzz_asn1.t ................ ok
99-test_fuzz_asn1parse.t ........... ok
99-test_fuzz_bignum.t .............. ok
99-test_fuzz_bndiv.t ............... ok
99-test_fuzz_client.t .............. ok
99-test_fuzz_cmp.t ................. ok
99-test_fuzz_cms.t ................. ok
99-test_fuzz_conf.t ................ ok
99-test_fuzz_crl.t ................. ok
99-test_fuzz_ct.t .................. ok
99-test_fuzz_server.t .............. ok
99-test_fuzz_x509.t ................ ok

Test Summary Report
-------------------
81-test_cmp_cli.t                (Wstat: 768 Tests: 7 Failed: 3)
  Failed tests:  4-5, 7
  Non-zero exit status: 3
Files=228, Tests=3032, 796 wallclock secs (10.16 usr  1.19 sys + 719.63 cusr 70.67 csys = 801.65 CPU)
Result: FAIL
make[1]: *** [Makefile:2461: _tests] Error 1
make[1]: Leaving directory '/home/openssl/run-checker/enable-fuzz-afl'
make: *** [Makefile:2458: tests] Error 2
</PRE>










































<!--endarticle-->
    <HR>
    <P><UL>
        <!--threads-->
	<LI>Previous message: <A HREF="032842.html">Still FAILED build of OpenSSL branch master with options -d enable-fuzz-afl no-shared no-module
</A></li>
	<LI>Next message: <A HREF="032904.html">Still FAILED build of OpenSSL branch master with options -d enable-fuzz-afl no-shared no-module
</A></li>
         <LI> <B>Messages sorted by:</B> 
              <a href="date.html#32880">[ date ]</a>
              <a href="thread.html#32880">[ thread ]</a>
              <a href="subject.html#32880">[ subject ]</a>
              <a href="author.html#32880">[ author ]</a>
         </LI>
       </UL>

<hr>
<a href="../../../mailman/listinfo/openssl-commits.html">More information about the openssl-commits
mailing list</a><br>
</body></html>
