<!DOCTYPE HTML PUBLIC "-//W3C//DTD HTML 4.01 Transitional//EN">
<HTML>
 <HEAD>
   <TITLE> Still FAILED build of OpenSSL branch master with options -d --strict-warnings no-des
   </TITLE>
   <LINK REL="Index" HREF="https://mta.openssl.org/pipermail/openssl-commits/2021-January/index.html" >
   <LINK REL="made" HREF="mailto:openssl-commits%40openssl.org?Subject=Re%3A%20Still%20FAILED%20build%20of%20OpenSSL%20branch%20master%20with%20options%20-d%0A%20--strict-warnings%20no-des&In-Reply-To=%3C1610954947.657686.2912148.nullmailer%40run.openssl.org%3E">
   <META NAME="robots" CONTENT="index,nofollow">
   <style type="text/css">
       pre {
           white-space: pre-wrap;       /* css-2.1, curent FF, Opera, Safari */
           }
   </style>
   <META http-equiv="Content-Type" content="text/html; charset=us-ascii">
   <LINK REL="Previous"  HREF="032802.html">
   <LINK REL="Next"  HREF="032867.html">
 </HEAD>
 <BODY BGCOLOR="#ffffff">
   <H1>Still FAILED build of OpenSSL branch master with options -d --strict-warnings no-des</H1>
    <B>OpenSSL run-checker</B> 
    <A HREF="mailto:openssl-commits%40openssl.org?Subject=Re%3A%20Still%20FAILED%20build%20of%20OpenSSL%20branch%20master%20with%20options%20-d%0A%20--strict-warnings%20no-des&In-Reply-To=%3C1610954947.657686.2912148.nullmailer%40run.openssl.org%3E"
       TITLE="Still FAILED build of OpenSSL branch master with options -d --strict-warnings no-des">openssl at openssl.org
       </A><BR>
    <I>Mon Jan 18 07:29:07 UTC 2021</I>
    <P><UL>
        <LI>Previous message: <A HREF="032802.html">Still FAILED build of OpenSSL branch master with options -d --strict-warnings no-des
</A></li>
        <LI>Next message: <A HREF="032867.html">Still FAILED build of OpenSSL branch master with options -d --strict-warnings no-des
</A></li>
         <LI> <B>Messages sorted by:</B> 
              <a href="date.html#32835">[ date ]</a>
              <a href="thread.html#32835">[ thread ]</a>
              <a href="subject.html#32835">[ subject ]</a>
              <a href="author.html#32835">[ author ]</a>
         </LI>
       </UL>
    <HR>  
<!--beginarticle-->
<PRE>Platform and configuration command:

$ uname -a
Linux run 5.4.0-52-generic #57-Ubuntu SMP Thu Oct 15 10:57:00 UTC 2020 x86_64 x86_64 x86_64 GNU/Linux
$ CC=clang ../openssl/config -d --strict-warnings no-des

Commit log since last time:

ed4a9b15d9 replace all BIO_R_NULL_PARAMETER by ERR_R_PASSED_NULL_PARAMETER
dc88a03906 bio_lib.c: Fix error queue entries and return codes on NULL args etc.
ab8af35aa2 X509V3_EXT_CRL_add_nconf(): Fix mem leak on error and simplify it
2c04b34140 Allow EVP_PKEY private key objects to be created without a public component
39f3427dc1 Fix incomplete deprecation guard in test/sslapitest.c
3f6e891d42 Fix crypto/des/build.info
e604b7c915 Document openssl thread-safety
975aae76db Remove unused DRBG tests.
0434f9841d Correct typo in rsa_oaep.c
3bc061eb0a Enhance default provider documentation
b11ba50fd9 Fix a failure where fetches can return NULL in multi-threaded code
7dd2cb5693 Fix an issue in provider_activate_fallbacks()
b457c8f514 Extend the threads test to add simple fetch from multi threads
f5a50c2a07 Enable locking on the primary DRBG when we create it
2c40421440 Make sure we take the ctx-&gt;lock in ossl_lib_ctx_generic_new()
c25a1524aa Lock the provider operation_bits
886ad0045b Document the core_thread_start upcall
ae95a40e8d Add a test for performing work in multiple concurrent threads
f6b72c7d75 Fix a crash with multi-threaded applications using the FIPS module
c476c06f50 find_issuer(): When returning an expired issuer, take the most recently expired one
f5f4fbaa44 Make the OSSL_CMP manual conform with man-pages(7)
4369a882a5 Skip BOM when reading the config file
5eb24fbd1c OPENSSL_cpuid_setup FreeBSD arm update.
b57ec7394a OPENSSL_cpuid_setup FreeBSD PowerPC update
879365e6d4 Make header references conform with man-pages(7) in all manuals
0f2380066d Make the OSSL_trace manual conform with man-pages(7)
2645c94bb5 Make the OSSL_PROVIDER manual conform with man-pages(7)
ad2cc1a08e Make the OSSL_HTTP manual conform with man-pages(7)
ab21608952 Make the OSSL_SELF_TEST manual conform with man-pages(7)
b91f41daba Make the OSSL_PARAM manual conform with man-pages(7)

Build log ended with (last 100 lines):

70-test_sslmessages.t .............. ok
70-test_sslrecords.t ............... ok
70-test_sslsessiontick.t ........... ok
70-test_sslsigalgs.t ............... ok
70-test_sslsignature.t ............. ok
70-test_sslskewith0p.t ............. ok
70-test_sslversions.t .............. ok
70-test_sslvertol.t ................ ok
70-test_tls13alerts.t .............. ok
70-test_tls13cookie.t .............. ok
70-test_tls13downgrade.t ........... ok
70-test_tls13hrr.t ................. ok
70-test_tls13kexmodes.t ............ ok
70-test_tls13messages.t ............ ok
70-test_tls13psk.t ................. ok
70-test_tlsextms.t ................. ok
70-test_verify_extra.t ............. ok
70-test_wpacket.t .................. ok
71-test_ssl_ctx.t .................. ok
80-test_ca.t ....................... ok
80-test_cipherbytes.t .............. ok
80-test_cipherlist.t ............... ok
80-test_ciphername.t ............... ok

# 80-test_cms.t ...................... ok
80-test_cmsapi.t ................... ok
80-test_ct.t ....................... ok
80-test_dane.t ..................... ok
80-test_dtls.t ..................... ok
80-test_dtls_mtu.t ................. ok
80-test_dtlsv1listen.t ............. ok
80-test_http.t ..................... ok
80-test_ocsp.t ..................... ok
80-test_pkcs12.t ................... skipped: The PKCS12 command line utility is not supported by this OpenSSL build
80-test_ssl_new.t .................. ok
80-test_ssl_old.t .................. ok
80-test_ssl_test_ctx.t ............. ok
80-test_sslcorrupt.t ............... ok
80-test_tsa.t ...................... ok
80-test_x509aux.t .................. ok

# 81-test_cmp_cli.t .................. ok
90-test_asn1_time.t ................ ok
90-test_async.t .................... ok
90-test_bio_enc.t .................. ok
90-test_bio_memleak.t .............. ok
90-test_constant_time.t ............ ok
90-test_fatalerr.t ................. ok
90-test_fipsload.t ................. ok
90-test_gmdiff.t ................... ok
90-test_gost.t ..................... ok
90-test_ige.t ...................... ok
90-test_includes.t ................. ok
90-test_memleak.t .................. ok
90-test_overhead.t ................. ok
90-test_secmem.t ................... ok
90-test_shlibload.t ................ ok
90-test_srp.t ...................... ok
90-test_sslapi.t ................... ok
90-test_sslbuffers.t ............... ok
90-test_store.t .................... ok
90-test_sysdefault.t ............... ok
90-test_threads.t .................. ok
90-test_time_offset.t .............. ok
90-test_tls13ccs.t ................. ok
90-test_tls13encryption.t .......... ok
90-test_tls13secrets.t ............. ok
90-test_v3name.t ................... ok
91-test_pkey_check.t ............... ok
95-test_external_boringssl.t ....... skipped: No external tests in this configuration
95-test_external_gost_engine.t ..... skipped: No external tests in this configuration
95-test_external_krb5.t ............ skipped: No external tests in this configuration
95-test_external_pyca.t ............ skipped: No external tests in this configuration
99-test_ecstress.t ................. ok
99-test_fuzz_asn1.t ................ ok
99-test_fuzz_asn1parse.t ........... ok
99-test_fuzz_bignum.t .............. ok
99-test_fuzz_bndiv.t ............... ok
99-test_fuzz_client.t .............. ok
99-test_fuzz_cmp.t ................. ok
99-test_fuzz_cms.t ................. ok
99-test_fuzz_conf.t ................ ok
99-test_fuzz_crl.t ................. ok
99-test_fuzz_ct.t .................. ok
99-test_fuzz_server.t .............. ok
99-test_fuzz_x509.t ................ ok

Test Summary Report
-------------------
30-test_evp.t                    (Wstat: 512 Tests: 90 Failed: 2)
  Failed tests:  14, 40
  Non-zero exit status: 2
30-test_evp_kdf.t                (Wstat: 256 Tests: 1 Failed: 1)
  Failed test:  1
  Non-zero exit status: 1
Files=228, Tests=3459, 742 wallclock secs (11.81 usr  1.26 sys + 673.77 cusr 66.21 csys = 753.05 CPU)
Result: FAIL
make[1]: *** [Makefile:3206: _tests] Error 1
make[1]: Leaving directory '/home/openssl/run-checker/no-des'
make: *** [Makefile:3203: tests] Error 2
</PRE>
































































<!--endarticle-->
    <HR>
    <P><UL>
        <!--threads-->
	<LI>Previous message: <A HREF="032802.html">Still FAILED build of OpenSSL branch master with options -d --strict-warnings no-des
</A></li>
	<LI>Next message: <A HREF="032867.html">Still FAILED build of OpenSSL branch master with options -d --strict-warnings no-des
</A></li>
         <LI> <B>Messages sorted by:</B> 
              <a href="date.html#32835">[ date ]</a>
              <a href="thread.html#32835">[ thread ]</a>
              <a href="subject.html#32835">[ subject ]</a>
              <a href="author.html#32835">[ author ]</a>
         </LI>
       </UL>

<hr>
<a href="../../../mailman/listinfo/openssl-commits.html">More information about the openssl-commits
mailing list</a><br>
</body></html>
