<!DOCTYPE HTML PUBLIC "-//W3C//DTD HTML 4.01 Transitional//EN">
<HTML>
 <HEAD>
   <TITLE> Still FAILED build of OpenSSL branch master with options -d --strict-warnings no-dtls1_2
   </TITLE>
   <LINK REL="Index" HREF="https://mta.openssl.org/pipermail/openssl-commits/2021-January/index.html" >
   <LINK REL="made" HREF="mailto:openssl-commits%40openssl.org?Subject=Re%3A%20Still%20FAILED%20build%20of%20OpenSSL%20branch%20master%20with%20options%20-d%0A%20--strict-warnings%20no-dtls1_2&In-Reply-To=%3C1611959921.588186.1175497.nullmailer%40run.openssl.org%3E">
   <META NAME="robots" CONTENT="index,nofollow">
   <style type="text/css">
       pre {
           white-space: pre-wrap;       /* css-2.1, curent FF, Opera, Safari */
           }
   </style>
   <META http-equiv="Content-Type" content="text/html; charset=us-ascii">
   <LINK REL="Previous"  HREF="032914.html">
   <LINK REL="Next"  HREF="032710.html">
 </HEAD>
 <BODY BGCOLOR="#ffffff">
   <H1>Still FAILED build of OpenSSL branch master with options -d --strict-warnings no-dtls1_2</H1>
    <B>OpenSSL run-checker</B> 
    <A HREF="mailto:openssl-commits%40openssl.org?Subject=Re%3A%20Still%20FAILED%20build%20of%20OpenSSL%20branch%20master%20with%20options%20-d%0A%20--strict-warnings%20no-dtls1_2&In-Reply-To=%3C1611959921.588186.1175497.nullmailer%40run.openssl.org%3E"
       TITLE="Still FAILED build of OpenSSL branch master with options -d --strict-warnings no-dtls1_2">openssl at openssl.org
       </A><BR>
    <I>Fri Jan 29 22:38:41 UTC 2021</I>
    <P><UL>
        <LI>Previous message: <A HREF="032914.html">Still FAILED build of OpenSSL branch master with options -d --strict-warnings no-dtls1_2
</A></li>
        <LI>Next message: <A HREF="032710.html">Still FAILED build of OpenSSL branch master with options -d --strict-warnings no-dtls1_2-method
</A></li>
         <LI> <B>Messages sorted by:</B> 
              <a href="date.html#32943">[ date ]</a>
              <a href="thread.html#32943">[ thread ]</a>
              <a href="subject.html#32943">[ subject ]</a>
              <a href="author.html#32943">[ author ]</a>
         </LI>
       </UL>
    <HR>  
<!--beginarticle-->
<PRE>Platform and configuration command:

$ uname -a
Linux run 5.4.0-52-generic #57-Ubuntu SMP Thu Oct 15 10:57:00 UTC 2020 x86_64 x86_64 x86_64 GNU/Linux
$ CC=clang ../openssl/config -d --strict-warnings no-dtls1_2

Commit log since last time:

b1eae34bbe Fix running mingw dhparam test under wine
fa2a7490c0 Fix typo in thread_once comments
eeb09f1bd7 Fix OSSL_PARAM_allocate_from_text() for EBCDIC
0c3eb2793b TLS client: allow cert verify callback return -1 for SSL_ERROR_WANT_RETRY_VERIFY
1395a84e48 params: OSSL_PARAM_utf8_ptr: don't automatically reference `address`
df78589893 DOC: Fix a few minor issues in OSSL_ENCODER / OSSL_DECODER docs
ba0a6d1deb Clean away unnecessary length related OSSL_PARAM key names
7b0f64b121 Check that the ecparam and pkeyparam do not mangle the parameters
82a4620091 Add checks for NULL return from EC_KEY_get0_group()
f468e2f951 ec: Document that -conv_form and -no_public are not supported with engine
59b64259b8 ssl_old_test.c: Replace use of deprecated EC functions
adffee9753 EVP_PKEY_get_group_name works with public keys as well
36fafb2e80 Add manpage for EVP_PKEY_get_field_type and EVP_PKEY_get_point_conv_form
0c8e98e615 Avoid using OSSL_PKEY_PARAM_GROUP_NAME when the key might be legacy
f377e58fde Disable the test-ec completely when building with no-ec
3d34bedfd7 Add EVP_PKEY functions to get EC conv form and field type
5b5eea4b60 Deprecate EC_KEY + Update ec apps to use EVP_PKEY
98dbf2c1c8 Add functions to set values into an EVP_PKEY
5764c3522c krb5kdf: Do not dereference NULL ctx when allocation fails
b897b353df Drop Travis
4605b34d56 Github CI: Add a job for out-of-source build + install
d9c22dde29 Unix Makefile generator: Fix empty basename calls
c27e792221 bn: Deprecate the X9.31 RSA key generation related functions

Build log ended with (last 100 lines):

        # SSL_accept() failed -1, 1
        # 80F19593B37F0000:error:0A000076:SSL routines:tls_choose_sigalg:no suitable signature algorithm:../openssl/ssl/t1_lib.c:3309:
        # INFO:  @ ../openssl/test/helpers/ssltestlib.c:942
        # SSL_connect() failed -1, 1
        # 80F19593B37F0000:error:0A000438:SSL routines:dtls1_read_bytes:tlsv1 alert internal error:../openssl/ssl/record/rec_layer_d1.c:613:SSL alert number 80
        # ERROR: (bool) 'create_ssl_connection(serverssl, clientssl, SSL_ERROR_NONE) == true' failed @ ../openssl/test/sslapitest.c:6567
        # false
        not ok 2 - iteration 2
# ------------------------------------------------------------------------------
    not ok 54 - test_ssl_pending
# ------------------------------------------------------------------------------
../../util/wrap.pl ../../test/sslapitest ../../../openssl/test/certs ../../../openssl/test/recipes/90-test_sslapi_data/passwd.txt /tmp/uDMTLOb8Ll default ../../../openssl/test/default.cnf =&gt; 1
not ok 1 - running sslapitest
# ------------------------------------------------------------------------------
    # INFO:  @ ../openssl/test/helpers/ssltestlib.c:942
    # SSL_connect() failed -1, 1
    # 80B1B8C1967F0000:error:0A000129:SSL routines:tls_setup_handshake:no suitable digest algorithm:../openssl/ssl/statem/statem_lib.c:121:The max supported SSL/TLS version needs the MD5-SHA1 digest but it is not available in the loaded providers. Use (D)TLSv1.2 or above, or load different providers
    # INFO:  @ ../openssl/test/helpers/ssltestlib.c:960
    # SSL_accept() failed -1, 1
    # 80B1B8C1967F0000:error:0A000129:SSL routines:tls_setup_handshake:no suitable digest algorithm:../openssl/ssl/statem/statem_lib.c:121:The max supported SSL/TLS version needs the MD5-SHA1 digest but it is not available in the loaded providers. Use (D)TLSv1.2 or above, or load different providers
    # ERROR: (bool) 'create_ssl_connection(serverssl, clientssl, SSL_ERROR_NONE) == true' failed @ ../openssl/test/sslapitest.c:937
    # false
    not ok 3 - test_large_message_dtls
# ------------------------------------------------------------------------------
    # INFO:  @ ../openssl/test/helpers/ssltestlib.c:942
    # SSL_connect() failed -1, 1
    # 80B1B8C1967F0000:error:0A000129:SSL routines:tls_setup_handshake:no suitable digest algorithm:../openssl/ssl/statem/statem_lib.c:121:The max supported SSL/TLS version needs the MD5-SHA1 digest but it is not available in the loaded providers. Use (D)TLSv1.2 or above, or load different providers
    # INFO:  @ ../openssl/test/helpers/ssltestlib.c:960
    # SSL_accept() failed -1, 1
    # 80B1B8C1967F0000:error:0A000129:SSL routines:tls_setup_handshake:no suitable digest algorithm:../openssl/ssl/statem/statem_lib.c:121:The max supported SSL/TLS version needs the MD5-SHA1 digest but it is not available in the loaded providers. Use (D)TLSv1.2 or above, or load different providers
    # ERROR: (bool) 'create_ssl_connection(serverssl, clientssl, SSL_ERROR_NONE) == true' failed @ ../openssl/test/sslapitest.c:1418
    # false
    # ERROR: (bool) 'execute_cleanse_plaintext(DTLS_server_method(), DTLS_client_method(), DTLS1_VERSION, 0) == true' failed @ ../openssl/test/sslapitest.c:1496
    # false
    not ok 4 - test_cleanse_plaintext
# ------------------------------------------------------------------------------
        # INFO:  @ ../openssl/test/helpers/ssltestlib.c:942
        # SSL_connect() failed -1, 1
        # 80B1B8C1967F0000:error:0A000129:SSL routines:tls_setup_handshake:no suitable digest algorithm:../openssl/ssl/statem/statem_lib.c:121:The max supported SSL/TLS version needs the MD5-SHA1 digest but it is not available in the loaded providers. Use (D)TLSv1.2 or above, or load different providers
        # INFO:  @ ../openssl/test/helpers/ssltestlib.c:960
        # SSL_accept() failed -1, 1
        # 80B1B8C1967F0000:error:0A000129:SSL routines:tls_setup_handshake:no suitable digest algorithm:../openssl/ssl/statem/statem_lib.c:121:The max supported SSL/TLS version needs the MD5-SHA1 digest but it is not available in the loaded providers. Use (D)TLSv1.2 or above, or load different providers
        # ERROR: (bool) 'create_ssl_connection(serverssl, clientssl, SSL_ERROR_NONE) == true' failed @ ../openssl/test/sslapitest.c:6567
        # false
        not ok 2 - iteration 2
# ------------------------------------------------------------------------------
    not ok 54 - test_ssl_pending
# ------------------------------------------------------------------------------
../../util/wrap.pl ../../test/sslapitest ../../../openssl/test/certs ../../../openssl/test/recipes/90-test_sslapi_data/passwd.txt /tmp/uDMTLOb8Ll fips ../../../openssl/test/fips-and-base.cnf =&gt; 1
not ok 3 - running sslapitest
# ------------------------------------------------------------------------------
#   Failed test 'running sslapitest'
#   at ../openssl/test/recipes/90-test_sslapi.t line 45.
# Looks like you failed 2 tests of 3.90-test_sslapi.t ................... 
Dubious, test returned 2 (wstat 512, 0x200)
Failed 2/3 subtests 
90-test_sslbuffers.t ............... ok
90-test_store.t .................... ok
90-test_sysdefault.t ............... ok
90-test_threads.t .................. ok
90-test_time_offset.t .............. ok
90-test_tls13ccs.t ................. ok
90-test_tls13encryption.t .......... ok
90-test_tls13secrets.t ............. ok
90-test_v3name.t ................... ok
91-test_pkey_check.t ............... ok
95-test_external_boringssl.t ....... skipped: No external tests in this configuration
95-test_external_gost_engine.t ..... skipped: No external tests in this configuration
95-test_external_krb5.t ............ skipped: No external tests in this configuration
95-test_external_pyca.t ............ skipped: No external tests in this configuration
99-test_ecstress.t ................. ok
99-test_fuzz_asn1.t ................ ok
99-test_fuzz_asn1parse.t ........... ok
99-test_fuzz_bignum.t .............. ok
99-test_fuzz_bndiv.t ............... ok
99-test_fuzz_client.t .............. ok
99-test_fuzz_cmp.t ................. ok
99-test_fuzz_cms.t ................. ok
99-test_fuzz_conf.t ................ ok
99-test_fuzz_crl.t ................. ok
99-test_fuzz_ct.t .................. ok
99-test_fuzz_server.t .............. ok
99-test_fuzz_x509.t ................ ok

Test Summary Report
-------------------
80-test_dtls.t                   (Wstat: 256 Tests: 1 Failed: 1)
  Failed test:  1
  Non-zero exit status: 1
80-test_ssl_new.t                (Wstat: 768 Tests: 31 Failed: 3)
  Failed tests:  8, 17, 19
  Non-zero exit status: 3
90-test_sslapi.t                 (Wstat: 512 Tests: 3 Failed: 2)
  Failed tests:  1, 3
  Non-zero exit status: 2
Files=228, Tests=3205, 873 wallclock secs (14.32 usr  1.47 sys + 775.44 cusr 93.77 csys = 885.00 CPU)
Result: FAIL
make[1]: *** [Makefile:3260: _tests] Error 1
make[1]: Leaving directory '/home/openssl/run-checker/no-dtls1_2'
make: *** [Makefile:3257: tests] Error 2
</PRE>

<!--endarticle-->
    <HR>
    <P><UL>
        <!--threads-->
	<LI>Previous message: <A HREF="032914.html">Still FAILED build of OpenSSL branch master with options -d --strict-warnings no-dtls1_2
</A></li>
	<LI>Next message: <A HREF="032710.html">Still FAILED build of OpenSSL branch master with options -d --strict-warnings no-dtls1_2-method
</A></li>
         <LI> <B>Messages sorted by:</B> 
              <a href="date.html#32943">[ date ]</a>
              <a href="thread.html#32943">[ thread ]</a>
              <a href="subject.html#32943">[ subject ]</a>
              <a href="author.html#32943">[ author ]</a>
         </LI>
       </UL>

<hr>
<a href="../../../mailman/listinfo/openssl-commits.html">More information about the openssl-commits
mailing list</a><br>
</body></html>
