<!DOCTYPE HTML PUBLIC "-//W3C//DTD HTML 4.01 Transitional//EN">
<HTML>
 <HEAD>
   <TITLE> Still FAILED build of OpenSSL branch master with options -d --strict-warnings no-dtls1_2-method
   </TITLE>
   <LINK REL="Index" HREF="https://mta.openssl.org/pipermail/openssl-commits/2021-January/index.html" >
   <LINK REL="made" HREF="mailto:openssl-commits%40openssl.org?Subject=Re%3A%20Still%20FAILED%20build%20of%20OpenSSL%20branch%20master%20with%20options%20-d%0A%20--strict-warnings%20no-dtls1_2-method&In-Reply-To=%3C1611706497.606735.3494998.nullmailer%40run.openssl.org%3E">
   <META NAME="robots" CONTENT="index,nofollow">
   <style type="text/css">
       pre {
           white-space: pre-wrap;       /* css-2.1, curent FF, Opera, Safari */
           }
   </style>
   <META http-equiv="Content-Type" content="text/html; charset=us-ascii">
   <LINK REL="Previous"  HREF="032887.html">
   <LINK REL="Next"  HREF="032944.html">
 </HEAD>
 <BODY BGCOLOR="#ffffff">
   <H1>Still FAILED build of OpenSSL branch master with options -d --strict-warnings no-dtls1_2-method</H1>
    <B>OpenSSL run-checker</B> 
    <A HREF="mailto:openssl-commits%40openssl.org?Subject=Re%3A%20Still%20FAILED%20build%20of%20OpenSSL%20branch%20master%20with%20options%20-d%0A%20--strict-warnings%20no-dtls1_2-method&In-Reply-To=%3C1611706497.606735.3494998.nullmailer%40run.openssl.org%3E"
       TITLE="Still FAILED build of OpenSSL branch master with options -d --strict-warnings no-dtls1_2-method">openssl at openssl.org
       </A><BR>
    <I>Wed Jan 27 00:14:57 UTC 2021</I>
    <P><UL>
        <LI>Previous message: <A HREF="032887.html">Still FAILED build of OpenSSL branch master with options -d --strict-warnings no-dtls1_2-method
</A></li>
        <LI>Next message: <A HREF="032944.html">Still FAILED build of OpenSSL branch master with options -d --strict-warnings no-dtls1_2-method
</A></li>
         <LI> <B>Messages sorted by:</B> 
              <a href="date.html#32915">[ date ]</a>
              <a href="thread.html#32915">[ thread ]</a>
              <a href="subject.html#32915">[ subject ]</a>
              <a href="author.html#32915">[ author ]</a>
         </LI>
       </UL>
    <HR>  
<!--beginarticle-->
<PRE>Platform and configuration command:

$ uname -a
Linux run 5.4.0-52-generic #57-Ubuntu SMP Thu Oct 15 10:57:00 UTC 2020 x86_64 x86_64 x86_64 GNU/Linux
$ CC=clang ../openssl/config -d --strict-warnings no-dtls1_2-method

Commit log since last time:

c9603dfa42 OCSP HTTP: Restore API of undocumented and recently deprecated functions
806990e7db OSSL_HTTP_REQ_CTX.pod: minor addition and remove redundant paragraph
046fba4493 OSSL_HTTP_REQ_CTX_new(): replace method_GET parameter by method_POST
cddbcf02f5 rename OSSL_HTTP_REQ_CTX_header to OSSL_HTTP_REQ_CTX_set_request_line
0a20cc4bc3 Add check of HTTP method to OSSL_HTTP_REQ_CTX_content()
85c8b87b82 Util/Pod.pm: Fix uninitialized $podinfo{lastsecttext} on empty input
8a9394c1ed Fix no-dh and no-dsa
fc52ae8c4b Don't copy parameters on setting a key in libssl
5060cd5f3e Ensure legacy_asn1_ctrl_to_param can handle MDs not in the OBJ database
ef161e7b8f Unix Makefile generator: separate &quot;simple&quot; shared libraries from import libraries
daa86f9e6b Check input size before NULL pointer test inside mem_write()
616581aaac dh_cms_set_shared_info: Use explicit fetch to be able to provide libctx
6c4ecc655a dh_cms_set_peerkey: The peer key is encoded as an ASN.1 integer
24d5be7a2a Make the smdh.pem test certificate usable with fips provider
6253cdcc8e kdf_exch.c (kdf_derive): Proper handling of NULL secret
f23e4a17a2 Fixes related to broken DH support in CMS
6d9a54c6e6 Pass correct maximum output length to provider derive operation
3d46c81a7d CMP: Allow PKCS#10 input also for ir, cr, kur, and rr messages
2039ac07b4 X509_REQ_get_extensions(): Return empty stack if no extensions found
6b63b7b61e apps/cmp.c: Check self-signature on CSR input and warn on failure
92d619450a apps/cmp.c: Improve diagnostics on loading private vs. public key for cert request
adcaebc314 CI: Add some legacy stuff that we do not test in GitHub CI yet
52b0bb38f3 fall-back -&gt; fallback find-doc-nit addition
6857058016 Fix typo in crl2pkcs documentation
a3d267f184 Deprecate EVP_KEY_new_CMAC_key and EVP_PKEY_new_CMAC_key_ex

Build log ended with (last 100 lines):

        # SSL_accept() failed -1, 1
        # 80F1180FF57F0000:error:0A000076:SSL routines:tls_choose_sigalg:no suitable signature algorithm:../openssl/ssl/t1_lib.c:3308:
        # INFO:  @ ../openssl/test/helpers/ssltestlib.c:942
        # SSL_connect() failed -1, 1
        # 80F1180FF57F0000:error:0A000438:SSL routines:dtls1_read_bytes:tlsv1 alert internal error:../openssl/ssl/record/rec_layer_d1.c:613:SSL alert number 80
        # ERROR: (bool) 'create_ssl_connection(serverssl, clientssl, SSL_ERROR_NONE) == true' failed @ ../openssl/test/sslapitest.c:6482
        # false
        not ok 2 - iteration 2
# ------------------------------------------------------------------------------
    not ok 53 - test_ssl_pending
# ------------------------------------------------------------------------------
../../util/wrap.pl ../../test/sslapitest ../../../openssl/test/certs ../../../openssl/test/recipes/90-test_sslapi_data/passwd.txt /tmp/9uC_Qtrkfa default ../../../openssl/test/default.cnf =&gt; 1
not ok 1 - running sslapitest
# ------------------------------------------------------------------------------
    # INFO:  @ ../openssl/test/helpers/ssltestlib.c:942
    # SSL_connect() failed -1, 1
    # 80413AF5907F0000:error:0A000129:SSL routines:tls_setup_handshake:no suitable digest algorithm:../openssl/ssl/statem/statem_lib.c:121:The max supported SSL/TLS version needs the MD5-SHA1 digest but it is not available in the loaded providers. Use (D)TLSv1.2 or above, or load different providers
    # INFO:  @ ../openssl/test/helpers/ssltestlib.c:960
    # SSL_accept() failed -1, 1
    # 80413AF5907F0000:error:0A000129:SSL routines:tls_setup_handshake:no suitable digest algorithm:../openssl/ssl/statem/statem_lib.c:121:The max supported SSL/TLS version needs the MD5-SHA1 digest but it is not available in the loaded providers. Use (D)TLSv1.2 or above, or load different providers
    # ERROR: (bool) 'create_ssl_connection(serverssl, clientssl, SSL_ERROR_NONE) == true' failed @ ../openssl/test/sslapitest.c:852
    # false
    not ok 3 - test_large_message_dtls
# ------------------------------------------------------------------------------
    # INFO:  @ ../openssl/test/helpers/ssltestlib.c:942
    # SSL_connect() failed -1, 1
    # 80413AF5907F0000:error:0A000129:SSL routines:tls_setup_handshake:no suitable digest algorithm:../openssl/ssl/statem/statem_lib.c:121:The max supported SSL/TLS version needs the MD5-SHA1 digest but it is not available in the loaded providers. Use (D)TLSv1.2 or above, or load different providers
    # INFO:  @ ../openssl/test/helpers/ssltestlib.c:960
    # SSL_accept() failed -1, 1
    # 80413AF5907F0000:error:0A000129:SSL routines:tls_setup_handshake:no suitable digest algorithm:../openssl/ssl/statem/statem_lib.c:121:The max supported SSL/TLS version needs the MD5-SHA1 digest but it is not available in the loaded providers. Use (D)TLSv1.2 or above, or load different providers
    # ERROR: (bool) 'create_ssl_connection(serverssl, clientssl, SSL_ERROR_NONE) == true' failed @ ../openssl/test/sslapitest.c:1333
    # false
    # ERROR: (bool) 'execute_cleanse_plaintext(DTLS_server_method(), DTLS_client_method(), DTLS1_VERSION, 0) == true' failed @ ../openssl/test/sslapitest.c:1411
    # false
    not ok 4 - test_cleanse_plaintext
# ------------------------------------------------------------------------------
        # INFO:  @ ../openssl/test/helpers/ssltestlib.c:942
        # SSL_connect() failed -1, 1
        # 80413AF5907F0000:error:0A000129:SSL routines:tls_setup_handshake:no suitable digest algorithm:../openssl/ssl/statem/statem_lib.c:121:The max supported SSL/TLS version needs the MD5-SHA1 digest but it is not available in the loaded providers. Use (D)TLSv1.2 or above, or load different providers
        # INFO:  @ ../openssl/test/helpers/ssltestlib.c:960
        # SSL_accept() failed -1, 1
        # 80413AF5907F0000:error:0A000129:SSL routines:tls_setup_handshake:no suitable digest algorithm:../openssl/ssl/statem/statem_lib.c:121:The max supported SSL/TLS version needs the MD5-SHA1 digest but it is not available in the loaded providers. Use (D)TLSv1.2 or above, or load different providers
        # ERROR: (bool) 'create_ssl_connection(serverssl, clientssl, SSL_ERROR_NONE) == true' failed @ ../openssl/test/sslapitest.c:6482
        # false
        not ok 2 - iteration 2
# ------------------------------------------------------------------------------
    not ok 53 - test_ssl_pending
# ------------------------------------------------------------------------------
../../util/wrap.pl ../../test/sslapitest ../../../openssl/test/certs ../../../openssl/test/recipes/90-test_sslapi_data/passwd.txt /tmp/9uC_Qtrkfa fips ../../../openssl/test/fips-and-base.cnf =&gt; 1
not ok 3 - running sslapitest
# ------------------------------------------------------------------------------
#   Failed test 'running sslapitest'
#   at ../openssl/test/recipes/90-test_sslapi.t line 45.
# Looks like you failed 2 tests of 3.90-test_sslapi.t ................... 
Dubious, test returned 2 (wstat 512, 0x200)
Failed 2/3 subtests 
90-test_sslbuffers.t ............... ok
90-test_store.t .................... ok
90-test_sysdefault.t ............... ok
90-test_threads.t .................. ok
90-test_time_offset.t .............. ok
90-test_tls13ccs.t ................. ok
90-test_tls13encryption.t .......... ok
90-test_tls13secrets.t ............. ok
90-test_v3name.t ................... ok
91-test_pkey_check.t ............... ok
95-test_external_boringssl.t ....... skipped: No external tests in this configuration
95-test_external_gost_engine.t ..... skipped: No external tests in this configuration
95-test_external_krb5.t ............ skipped: No external tests in this configuration
95-test_external_pyca.t ............ skipped: No external tests in this configuration
99-test_ecstress.t ................. ok
99-test_fuzz_asn1.t ................ ok
99-test_fuzz_asn1parse.t ........... ok
99-test_fuzz_bignum.t .............. ok
99-test_fuzz_bndiv.t ............... ok
99-test_fuzz_client.t .............. ok
99-test_fuzz_cmp.t ................. ok
99-test_fuzz_cms.t ................. ok
99-test_fuzz_conf.t ................ ok
99-test_fuzz_crl.t ................. ok
99-test_fuzz_ct.t .................. ok
99-test_fuzz_server.t .............. ok
99-test_fuzz_x509.t ................ ok

Test Summary Report
-------------------
80-test_dtls.t                   (Wstat: 256 Tests: 1 Failed: 1)
  Failed test:  1
  Non-zero exit status: 1
80-test_ssl_new.t                (Wstat: 768 Tests: 31 Failed: 3)
  Failed tests:  8, 17, 19
  Non-zero exit status: 3
90-test_sslapi.t                 (Wstat: 512 Tests: 3 Failed: 2)
  Failed tests:  1, 3
  Non-zero exit status: 2
Files=228, Tests=3596, 866 wallclock secs (14.28 usr  1.43 sys + 774.58 cusr 88.93 csys = 879.22 CPU)
Result: FAIL
make[1]: *** [Makefile:3255: _tests] Error 1
make[1]: Leaving directory '/home/openssl/run-checker/no-dtls1_2-method'
make: *** [Makefile:3252: tests] Error 2
</PRE>



<!--endarticle-->
    <HR>
    <P><UL>
        <!--threads-->
	<LI>Previous message: <A HREF="032887.html">Still FAILED build of OpenSSL branch master with options -d --strict-warnings no-dtls1_2-method
</A></li>
	<LI>Next message: <A HREF="032944.html">Still FAILED build of OpenSSL branch master with options -d --strict-warnings no-dtls1_2-method
</A></li>
         <LI> <B>Messages sorted by:</B> 
              <a href="date.html#32915">[ date ]</a>
              <a href="thread.html#32915">[ thread ]</a>
              <a href="subject.html#32915">[ subject ]</a>
              <a href="author.html#32915">[ author ]</a>
         </LI>
       </UL>

<hr>
<a href="../../../mailman/listinfo/openssl-commits.html">More information about the openssl-commits
mailing list</a><br>
</body></html>
