<!DOCTYPE HTML PUBLIC "-//W3C//DTD HTML 4.01 Transitional//EN">
<HTML>
 <HEAD>
   <TITLE> Still FAILED build of OpenSSL branch master with options -d --strict-warnings no-engine
   </TITLE>
   <LINK REL="Index" HREF="https://mta.openssl.org/pipermail/openssl-commits/2020-November/index.html" >
   <LINK REL="made" HREF="mailto:openssl-commits%40openssl.org?Subject=Re%3A%20Still%20FAILED%20build%20of%20OpenSSL%20branch%20master%20with%20options%20-d%0A%20--strict-warnings%20no-engine&In-Reply-To=%3C1604400888.007884.11415.nullmailer%40run.openssl.org%3E">
   <META NAME="robots" CONTENT="index,nofollow">
   <style type="text/css">
       pre {
           white-space: pre-wrap;       /* css-2.1, curent FF, Opera, Safari */
           }
   </style>
   <META http-equiv="Content-Type" content="text/html; charset=us-ascii">
   <LINK REL="Previous"  HREF="031715.html">
   <LINK REL="Next"  HREF="031770.html">
 </HEAD>
 <BODY BGCOLOR="#ffffff">
   <H1>Still FAILED build of OpenSSL branch master with options -d --strict-warnings no-engine</H1>
    <B>OpenSSL run-checker</B> 
    <A HREF="mailto:openssl-commits%40openssl.org?Subject=Re%3A%20Still%20FAILED%20build%20of%20OpenSSL%20branch%20master%20with%20options%20-d%0A%20--strict-warnings%20no-engine&In-Reply-To=%3C1604400888.007884.11415.nullmailer%40run.openssl.org%3E"
       TITLE="Still FAILED build of OpenSSL branch master with options -d --strict-warnings no-engine">openssl at openssl.org
       </A><BR>
    <I>Tue Nov  3 10:54:48 UTC 2020</I>
    <P><UL>
        <LI>Previous message: <A HREF="031715.html">Still FAILED build of OpenSSL branch master with options -d --strict-warnings no-engine
</A></li>
        <LI>Next message: <A HREF="031770.html">Still FAILED build of OpenSSL branch master with options -d --strict-warnings no-engine
</A></li>
         <LI> <B>Messages sorted by:</B> 
              <a href="date.html#31737">[ date ]</a>
              <a href="thread.html#31737">[ thread ]</a>
              <a href="subject.html#31737">[ subject ]</a>
              <a href="author.html#31737">[ author ]</a>
         </LI>
       </UL>
    <HR>  
<!--beginarticle-->
<PRE>Platform and configuration command:

$ uname -a
Linux run 4.15.0-122-generic #124-Ubuntu SMP Thu Oct 15 13:03:05 UTC 2020 x86_64 x86_64 x86_64 GNU/Linux
$ CC=clang ../openssl/config -d --strict-warnings no-engine

Commit log since last time:

e7a8fecd0b Add more diagnostics to ossl_shim
467dc32524 Adjust error reason for ssl_get_min_max_version() failure
a92c9648cd Clear error queue entries from bad DLTS records
3d7e7e7c48 Prevent potential UAF in init_thread_deregister()
d1ca391123 EVP: Fix typo in EVP_PKEY_gen comment
3d4c81b09b Initialize outl in evp_enc.c to 0, protect against NULL
8ea761bf40 Add AES KW inverse ciphers to the EVP layer

Build log ended with (last 100 lines):

../../../util/wrap.pl ../../../apps/openssl storeutl -engine loader_attic -certs -noout ../../../../openssl/test/testx509.pem =&gt; 1
not ok 409 - Checking that -certs returns 1 object on a certificate file
# ------------------------------------------------------------------------------
#   Failed test 'Checking that -certs returns 1 object on a certificate file'
#   at ../openssl/test/recipes/90-test_store.t line 205.
storeutl: Unknown message digest: engine
storeutl: Use -help for summary.
../../../util/wrap.pl ../../../apps/openssl storeutl -engine loader_attic -certs -noout ../../../../openssl/test/testcrl.pem =&gt; 1
not ok 410 - Checking that -certs returns 0 objects on a CRL file
# ------------------------------------------------------------------------------
#   Failed test 'Checking that -certs returns 0 objects on a CRL file'
#   at ../openssl/test/recipes/90-test_store.t line 208.
storeutl: Unknown message digest: engine
storeutl: Use -help for summary.
../../../util/wrap.pl ../../../apps/openssl storeutl -engine loader_attic -crls -noout ../../../../openssl/test/testx509.pem =&gt; 1
not ok 411 - Checking that -crls returns 0 objects on a certificate file
# ------------------------------------------------------------------------------
#   Failed test 'Checking that -crls returns 0 objects on a certificate file'
#   at ../openssl/test/recipes/90-test_store.t line 212.
storeutl: Unknown message digest: engine
storeutl: Use -help for summary.
../../../util/wrap.pl ../../../apps/openssl storeutl -engine loader_attic -crls -noout ../../../../openssl/test/testcrl.pem =&gt; 1
not ok 412 - Checking that -crls returns 1 object on a CRL file
# ------------------------------------------------------------------------------
#   Failed test 'Checking that -crls returns 1 object on a CRL file'
#   at ../openssl/test/recipes/90-test_store.t line 215.
storeutl: Unknown message digest: engine
storeutl: Use -help for summary.
../../../util/wrap.pl ../../../apps/openssl storeutl -engine loader_attic -noout -subject '/C=AU/ST=QLD/CN=SSLeay\/rsa test cert' rehash =&gt; 1
not ok 413
# ------------------------------------------------------------------------------
#   Failed test at ../openssl/test/recipes/90-test_store.t line 226.
storeutl: Unknown message digest: engine
storeutl: Use -help for summary.
../../../util/wrap.pl ../../../apps/openssl storeutl -engine loader_attic -noout -subject '/C=US/O=RSA Data Security, Inc./OU=Secure Server Certification Authority' rehash =&gt; 1
not ok 414
# ------------------------------------------------------------------------------
#   Failed test at ../openssl/test/recipes/90-test_store.t line 229.
storeutl: Unknown message digest: engine
storeutl: Use -help for summary.
../../../util/wrap.pl ../../../apps/openssl storeutl -engine loader_attic -noout -certs -subject '/C=AU/ST=QLD/CN=SSLeay\/rsa test cert' rehash =&gt; 1
not ok 415
# ------------------------------------------------------------------------------
#   Failed test at ../openssl/test/recipes/90-test_store.t line 233.
storeutl: Unknown message digest: engine
storeutl: Use -help for summary.
../../../util/wrap.pl ../../../apps/openssl storeutl -engine loader_attic -noout -crls -subject '/C=AU/ST=QLD/CN=SSLeay\/rsa test cert' rehash =&gt; 1
not ok 416
# ------------------------------------------------------------------------------
#   Failed test at ../openssl/test/recipes/90-test_store.t line 236.
storeutl: Unknown message digest: engine
storeutl: Use -help for summary.
../../../util/wrap.pl ../../../apps/openssl storeutl -engine loader_attic -noout -certs -subject '/C=US/O=RSA Data Security, Inc./OU=Secure Server Certification Authority' rehash =&gt; 1
not ok 417
# ------------------------------------------------------------------------------
#   Failed test at ../openssl/test/recipes/90-test_store.t line 239.
storeutl: Unknown message digest: engine
storeutl: Use -help for summary.
../../../util/wrap.pl ../../../apps/openssl storeutl -engine loader_attic -noout -crls -subject '/C=US/O=RSA Data Security, Inc./OU=Secure Server Certification Authority' rehash =&gt; 1
not ok 418
# ------------------------------------------------------------------------------
#   Failed test at ../openssl/test/recipes/90-test_store.t line 243.
# Looks like you failed 157 tests of 418.90-test_store.t .................... 
Dubious, test returned 157 (wstat 40192, 0x9d00)
Failed 157/418 subtests 
90-test_sysdefault.t ............... ok
90-test_threads.t .................. ok
90-test_time_offset.t .............. ok
90-test_tls13ccs.t ................. ok
90-test_tls13encryption.t .......... ok
90-test_tls13secrets.t ............. ok
90-test_v3name.t ................... ok
95-test_external_boringssl.t ....... skipped: No external tests in this configuration
95-test_external_gost_engine.t ..... skipped: No external tests in this configuration
95-test_external_krb5.t ............ skipped: No external tests in this configuration
95-test_external_pyca.t ............ skipped: No external tests in this configuration
99-test_ecstress.t ................. ok
99-test_fuzz.t ..................... ok

Test Summary Report
-------------------
90-test_store.t                  (Wstat: 40192 Tests: 418 Failed: 157)
  Failed tests:  216-220, 222-226, 228-232, 234-238, 240-244
                246-248, 250-252, 254-256, 258-260, 262-264
                266-268, 270-272, 274-276, 278-280, 282-284
                286-288, 290-292, 294-296, 298-300, 302-304
                306-308, 310-312, 314-316, 318-320, 322-324
                326-328, 330-332, 334-336, 338-340, 342-344
                346-348, 350-352, 354-356, 358-360, 362-364
                366-368, 370-372, 374-376, 378-380, 382-384
                386-388, 390-392, 394-396, 398-402, 405-407
                409-418
  Non-zero exit status: 157
Files=212, Tests=3401, 721 wallclock secs (10.50 usr  1.40 sys + 651.28 cusr 69.39 csys = 732.57 CPU)
Result: FAIL
Makefile:3132: recipe for target '_tests' failed
make[1]: *** [_tests] Error 1
make[1]: Leaving directory '/home/openssl/run-checker/no-engine'
Makefile:3130: recipe for target 'tests' failed
make: *** [tests] Error 2
</PRE>

















































































































































<!--endarticle-->
    <HR>
    <P><UL>
        <!--threads-->
	<LI>Previous message: <A HREF="031715.html">Still FAILED build of OpenSSL branch master with options -d --strict-warnings no-engine
</A></li>
	<LI>Next message: <A HREF="031770.html">Still FAILED build of OpenSSL branch master with options -d --strict-warnings no-engine
</A></li>
         <LI> <B>Messages sorted by:</B> 
              <a href="date.html#31737">[ date ]</a>
              <a href="thread.html#31737">[ thread ]</a>
              <a href="subject.html#31737">[ subject ]</a>
              <a href="author.html#31737">[ author ]</a>
         </LI>
       </UL>

<hr>
<a href="../../../mailman/listinfo/openssl-commits.html">More information about the openssl-commits
mailing list</a><br>
</body></html>
