<!DOCTYPE HTML PUBLIC "-//W3C//DTD HTML 4.01 Transitional//EN">
<HTML>
 <HEAD>
   <TITLE> Still FAILED build of OpenSSL branch master with options -d --strict-warnings no-rc2
   </TITLE>
   <LINK REL="Index" HREF="https://mta.openssl.org/pipermail/openssl-commits/2020-November/index.html" >
   <LINK REL="made" HREF="mailto:openssl-commits%40openssl.org?Subject=Re%3A%20Still%20FAILED%20build%20of%20OpenSSL%20branch%20master%20with%20options%20-d%0A%20--strict-warnings%20no-rc2&In-Reply-To=%3C1604462549.786510.10927.nullmailer%40run.openssl.org%3E">
   <META NAME="robots" CONTENT="index,nofollow">
   <style type="text/css">
       pre {
           white-space: pre-wrap;       /* css-2.1, curent FF, Opera, Safari */
           }
   </style>
   <META http-equiv="Content-Type" content="text/html; charset=us-ascii">
   <LINK REL="Previous"  HREF="032362.html">
   <LINK REL="Next"  HREF="031793.html">
 </HEAD>
 <BODY BGCOLOR="#ffffff">
   <H1>Still FAILED build of OpenSSL branch master with options -d --strict-warnings no-rc2</H1>
    <B>OpenSSL run-checker</B> 
    <A HREF="mailto:openssl-commits%40openssl.org?Subject=Re%3A%20Still%20FAILED%20build%20of%20OpenSSL%20branch%20master%20with%20options%20-d%0A%20--strict-warnings%20no-rc2&In-Reply-To=%3C1604462549.786510.10927.nullmailer%40run.openssl.org%3E"
       TITLE="Still FAILED build of OpenSSL branch master with options -d --strict-warnings no-rc2">openssl at openssl.org
       </A><BR>
    <I>Wed Nov  4 04:02:29 UTC 2020</I>
    <P><UL>
        <LI>Previous message: <A HREF="032362.html">Still FAILED build of OpenSSL branch master with options -d --strict-warnings no-posix-io
</A></li>
        <LI>Next message: <A HREF="031793.html">Still FAILED build of OpenSSL branch master with options -d --strict-warnings no-rc2
</A></li>
         <LI> <B>Messages sorted by:</B> 
              <a href="date.html#31746">[ date ]</a>
              <a href="thread.html#31746">[ thread ]</a>
              <a href="subject.html#31746">[ subject ]</a>
              <a href="author.html#31746">[ author ]</a>
         </LI>
       </UL>
    <HR>  
<!--beginarticle-->
<PRE>Platform and configuration command:

$ uname -a
Linux run 4.15.0-122-generic #124-Ubuntu SMP Thu Oct 15 13:03:05 UTC 2020 x86_64 x86_64 x86_64 GNU/Linux
$ CC=clang ../openssl/config -d --strict-warnings no-rc2

Commit log since last time:

e7a8fecd0b Add more diagnostics to ossl_shim
467dc32524 Adjust error reason for ssl_get_min_max_version() failure
a92c9648cd Clear error queue entries from bad DLTS records
3d7e7e7c48 Prevent potential UAF in init_thread_deregister()
d1ca391123 EVP: Fix typo in EVP_PKEY_gen comment
3d4c81b09b Initialize outl in evp_enc.c to 0, protect against NULL
8ea761bf40 Add AES KW inverse ciphers to the EVP layer
769302a68b Remove FLOSS from all OSS builds on NonStop except for SPT threading.
08312719ba test/recipes/90-test_shlibload.t: Skip when address sanitizer enabled
3b1bfd2160 util/find-doc-nits: ignore OSSL_DEPRECATED*, alongside other reserved symbols
d14e7df852 Simplify and clarify doc/internal/man7/deprecation.pod
908cf7cefb Patch leak in EVP_PKEY2PKCS8() error path
62a3614372 Allow empty deprecation macros to be passed as macro arguments
e82f45982c Fix some missed usage of DEFINE_LHASH_OF()
140eee2b3b Add easy to digest selector macros for EVP_PKEYs
f79289389e test/recipes/15-test_gendh.t: don't try DER params

Build log ended with (last 100 lines):

70-test_servername.t ............... ok
70-test_sslcbcpadding.t ............ ok
70-test_sslcertstatus.t ............ ok
70-test_sslextension.t ............. ok
70-test_sslmessages.t .............. ok
70-test_sslrecords.t ............... ok
70-test_sslsessiontick.t ........... ok
70-test_sslsigalgs.t ............... ok
70-test_sslsignature.t ............. ok
70-test_sslskewith0p.t ............. ok
70-test_sslversions.t .............. ok
70-test_sslvertol.t ................ ok
70-test_tls13alerts.t .............. ok
70-test_tls13cookie.t .............. ok
70-test_tls13downgrade.t ........... ok
70-test_tls13hrr.t ................. ok
70-test_tls13kexmodes.t ............ ok
70-test_tls13messages.t ............ ok
70-test_tls13psk.t ................. ok
70-test_tlsextms.t ................. ok
70-test_verify_extra.t ............. ok
70-test_wpacket.t .................. ok
71-test_ssl_ctx.t .................. ok
80-test_ca.t ....................... ok
80-test_cipherbytes.t .............. ok
80-test_cipherlist.t ............... ok
80-test_ciphername.t ............... ok

# 80-test_cms.t ...................... ok
80-test_cmsapi.t ................... ok
80-test_ct.t ....................... ok
80-test_dane.t ..................... ok
80-test_dtls.t ..................... ok
80-test_dtls_mtu.t ................. ok
80-test_dtlsv1listen.t ............. ok
80-test_http.t ..................... ok
80-test_ocsp.t ..................... ok

Could not read any certificates from -in file from ../../../openssl/test/certs/v3-certs-RC2.p12
C0605EBF9F7F0000:error::digital envelope routines:EVP_PBE_CipherInit:unknown cipher:../openssl/crypto/evp/evp_pbe.c:116:RC2-40-CBC
../../util/wrap.pl ../../apps/openssl pkcs12 -export -in ../../../openssl/test/certs/v3-certs-RC2.p12 -passin 'pass:v3-certs' -provider default -provider legacy -nokeys -passout 'pass:v3-certs' -descert -out tmp.p12 =&gt; 1
not ok 5 - test_pkcs12_passcert
# ------------------------------------------------------------------------------
#   Failed test 'test_pkcs12_passcert'
#   at ../openssl/test/recipes/80-test_pkcs12.t line 93.
# Looks like you failed 1 test of 5.80-test_pkcs12.t ................... 
Dubious, test returned 1 (wstat 256, 0x100)
Failed 1/5 subtests 
80-test_ssl_new.t .................. ok
80-test_ssl_old.t .................. ok
80-test_ssl_test_ctx.t ............. ok
80-test_sslcorrupt.t ............... ok
80-test_tsa.t ...................... ok
80-test_x509aux.t .................. ok

# 81-test_cmp_cli.t .................. ok
90-test_asn1_time.t ................ ok
90-test_async.t .................... ok
90-test_bio_enc.t .................. ok
90-test_bio_memleak.t .............. ok
90-test_constant_time.t ............ ok
90-test_fatalerr.t ................. ok
90-test_gmdiff.t ................... ok
90-test_gost.t ..................... ok
90-test_ige.t ...................... ok
90-test_includes.t ................. ok
90-test_memleak.t .................. ok
90-test_overhead.t ................. ok
90-test_secmem.t ................... ok
90-test_shlibload.t ................ ok
90-test_srp.t ...................... ok
90-test_sslapi.t ................... ok
90-test_sslbuffers.t ............... ok
90-test_store.t .................... ok
90-test_sysdefault.t ............... ok
90-test_threads.t .................. ok
90-test_time_offset.t .............. ok
90-test_tls13ccs.t ................. ok
90-test_tls13encryption.t .......... ok
90-test_tls13secrets.t ............. ok
90-test_v3name.t ................... ok
95-test_external_boringssl.t ....... skipped: No external tests in this configuration
95-test_external_gost_engine.t ..... skipped: No external tests in this configuration
95-test_external_krb5.t ............ skipped: No external tests in this configuration
95-test_external_pyca.t ............ skipped: No external tests in this configuration
99-test_ecstress.t ................. ok
99-test_fuzz.t ..................... ok

Test Summary Report
-------------------
80-test_pkcs12.t                 (Wstat: 256 Tests: 5 Failed: 1)
  Failed test:  5
  Non-zero exit status: 1
Files=212, Tests=3568, 741 wallclock secs (14.05 usr  1.45 sys + 659.78 cusr 71.98 csys = 747.26 CPU)
Result: FAIL
Makefile:3174: recipe for target '_tests' failed
make[1]: *** [_tests] Error 1
make[1]: Leaving directory '/home/openssl/run-checker/no-rc2'
Makefile:3172: recipe for target 'tests' failed
make: *** [tests] Error 2
</PRE>















































































































































































<!--endarticle-->
    <HR>
    <P><UL>
        <!--threads-->
	<LI>Previous message: <A HREF="032362.html">Still FAILED build of OpenSSL branch master with options -d --strict-warnings no-posix-io
</A></li>
	<LI>Next message: <A HREF="031793.html">Still FAILED build of OpenSSL branch master with options -d --strict-warnings no-rc2
</A></li>
         <LI> <B>Messages sorted by:</B> 
              <a href="date.html#31746">[ date ]</a>
              <a href="thread.html#31746">[ thread ]</a>
              <a href="subject.html#31746">[ subject ]</a>
              <a href="author.html#31746">[ author ]</a>
         </LI>
       </UL>

<hr>
<a href="../../../mailman/listinfo/openssl-commits.html">More information about the openssl-commits
mailing list</a><br>
</body></html>
