<!DOCTYPE HTML PUBLIC "-//W3C//DTD HTML 4.01 Transitional//EN">
<HTML>
 <HEAD>
   <TITLE> FAILED build of OpenSSL branch master with options -d --strict-warnings no-threads
   </TITLE>
   <LINK REL="Index" HREF="https://mta.openssl.org/pipermail/openssl-commits/2020-November/index.html" >
   <LINK REL="made" HREF="mailto:openssl-commits%40openssl.org?Subject=Re%3A%20FAILED%20build%20of%20OpenSSL%20branch%20master%20with%20options%20-d%0A%20--strict-warnings%20no-threads&In-Reply-To=%3C1604656722.253448.12925.nullmailer%40run.openssl.org%3E">
   <META NAME="robots" CONTENT="index,nofollow">
   <style type="text/css">
       pre {
           white-space: pre-wrap;       /* css-2.1, curent FF, Opera, Safari */
           }
   </style>
   <META http-equiv="Content-Type" content="text/html; charset=us-ascii">
   <LINK REL="Previous"  HREF="031791.html">
   <LINK REL="Next"  HREF="031799.html">
 </HEAD>
 <BODY BGCOLOR="#ffffff">
   <H1>FAILED build of OpenSSL branch master with options -d --strict-warnings no-threads</H1>
    <B>OpenSSL run-checker</B> 
    <A HREF="mailto:openssl-commits%40openssl.org?Subject=Re%3A%20FAILED%20build%20of%20OpenSSL%20branch%20master%20with%20options%20-d%0A%20--strict-warnings%20no-threads&In-Reply-To=%3C1604656722.253448.12925.nullmailer%40run.openssl.org%3E"
       TITLE="FAILED build of OpenSSL branch master with options -d --strict-warnings no-threads">openssl at openssl.org
       </A><BR>
    <I>Fri Nov  6 09:58:42 UTC 2020</I>
    <P><UL>
        <LI>Previous message: <A HREF="031791.html">Build completed: openssl master.37889
</A></li>
        <LI>Next message: <A HREF="031799.html">Still Failing: openssl/openssl#38420 (master - 3309c4b)
</A></li>
         <LI> <B>Messages sorted by:</B> 
              <a href="date.html#31795">[ date ]</a>
              <a href="thread.html#31795">[ thread ]</a>
              <a href="subject.html#31795">[ subject ]</a>
              <a href="author.html#31795">[ author ]</a>
         </LI>
       </UL>
    <HR>  
<!--beginarticle-->
<PRE>Platform and configuration command:

$ uname -a
Linux run 4.15.0-122-generic #124-Ubuntu SMP Thu Oct 15 13:03:05 UTC 2020 x86_64 x86_64 x86_64 GNU/Linux
$ CC=clang ../openssl/config -d --strict-warnings no-threads

Commit log since last time:

9750b4d39c Moved OPENSSL_fork_prepare,_parent,_child from init.c to threads_pthread.c.
23fb3661cf Do not export the submodules gost-engine
3ee3c4d2ab fix typo in README

Build log ended with (last 100 lines):

65-test_cmp_vfy.t .................. ok
66-test_ossl_store.t ............... ok
70-test_asyncio.t .................. ok
70-test_bad_dtls.t ................. ok
70-test_clienthello.t .............. ok
70-test_comp.t ..................... ok
70-test_key_share.t ................ ok
70-test_packet.t ................... ok
70-test_recordlen.t ................ ok
70-test_renegotiation.t ............ ok
70-test_servername.t ............... ok
70-test_sslcbcpadding.t ............ ok
70-test_sslcertstatus.t ............ ok
70-test_sslextension.t ............. ok
70-test_sslmessages.t .............. ok
70-test_sslrecords.t ............... ok
70-test_sslsessiontick.t ........... ok
70-test_sslsigalgs.t ............... ok
70-test_sslsignature.t ............. ok
70-test_sslskewith0p.t ............. ok
70-test_sslversions.t .............. ok
70-test_sslvertol.t ................ ok
70-test_tls13alerts.t .............. ok
70-test_tls13cookie.t .............. ok
70-test_tls13downgrade.t ........... ok
70-test_tls13hrr.t ................. ok
70-test_tls13kexmodes.t ............ ok
70-test_tls13messages.t ............ ok
70-test_tls13psk.t ................. ok
70-test_tlsextms.t ................. ok
70-test_verify_extra.t ............. ok
70-test_wpacket.t .................. ok
71-test_ssl_ctx.t .................. ok
80-test_ca.t ....................... ok
80-test_cipherbytes.t .............. ok
80-test_cipherlist.t ............... ok
80-test_ciphername.t ............... ok

# 80-test_cms.t ...................... ok
80-test_cmsapi.t ................... ok
80-test_ct.t ....................... ok
80-test_dane.t ..................... ok
80-test_dtls.t ..................... ok
80-test_dtls_mtu.t ................. ok
80-test_dtlsv1listen.t ............. ok
80-test_http.t ..................... ok
80-test_ocsp.t ..................... ok
80-test_pkcs12.t ................... ok
80-test_ssl_new.t .................. ok
80-test_ssl_old.t .................. ok
80-test_ssl_test_ctx.t ............. ok
80-test_sslcorrupt.t ............... ok
80-test_tsa.t ...................... ok
80-test_x509aux.t .................. ok

# 81-test_cmp_cli.t .................. ok
90-test_asn1_time.t ................ ok
90-test_async.t .................... ok
90-test_bio_enc.t .................. ok
90-test_bio_memleak.t .............. ok
90-test_constant_time.t ............ ok
90-test_fatalerr.t ................. ok
90-test_gmdiff.t ................... ok
90-test_gost.t ..................... ok
90-test_ige.t ...................... ok
90-test_includes.t ................. ok
90-test_memleak.t .................. ok
90-test_overhead.t ................. ok
90-test_secmem.t ................... ok
90-test_shlibload.t ................ ok
90-test_srp.t ...................... ok
90-test_sslapi.t ................... ok
90-test_sslbuffers.t ............... ok
90-test_store.t .................... ok
90-test_sysdefault.t ............... ok
90-test_threads.t .................. ok
90-test_time_offset.t .............. ok
90-test_tls13ccs.t ................. ok
90-test_tls13encryption.t .......... ok
90-test_tls13secrets.t ............. ok
90-test_v3name.t ................... ok
95-test_external_boringssl.t ....... skipped: No external tests in this configuration
95-test_external_gost_engine.t ..... skipped: No external tests in this configuration
95-test_external_krb5.t ............ skipped: No external tests in this configuration
95-test_external_pyca.t ............ skipped: No external tests in this configuration
99-test_ecstress.t ................. ok
99-test_fuzz.t ..................... ok

Test Summary Report
-------------------
01-test_symbol_presence.t        (Wstat: 256 Tests: 4 Failed: 1)
  Failed test:  2
  Non-zero exit status: 1
Files=212, Tests=3593, 737 wallclock secs (14.20 usr  1.29 sys + 656.53 cusr 63.93 csys = 735.95 CPU)
Result: FAIL
Makefile:3201: recipe for target '_tests' failed
make[1]: *** [_tests] Error 1
make[1]: Leaving directory '/home/openssl/run-checker/no-threads'
Makefile:3199: recipe for target 'tests' failed
make: *** [tests] Error 2
</PRE>
































































































































































































<!--endarticle-->
    <HR>
    <P><UL>
        <!--threads-->
	<LI>Previous message: <A HREF="031791.html">Build completed: openssl master.37889
</A></li>
	<LI>Next message: <A HREF="031799.html">Still Failing: openssl/openssl#38420 (master - 3309c4b)
</A></li>
         <LI> <B>Messages sorted by:</B> 
              <a href="date.html#31795">[ date ]</a>
              <a href="thread.html#31795">[ thread ]</a>
              <a href="subject.html#31795">[ subject ]</a>
              <a href="author.html#31795">[ author ]</a>
         </LI>
       </UL>

<hr>
<a href="../../../mailman/listinfo/openssl-commits.html">More information about the openssl-commits
mailing list</a><br>
</body></html>
