<!DOCTYPE HTML PUBLIC "-//W3C//DTD HTML 4.01 Transitional//EN">
<HTML>
 <HEAD>
   <TITLE> Still FAILED build of OpenSSL branch master with options -d --strict-warnings enable-asan no-shared -DOPENSSL_SMALL_FOOTPRINT
   </TITLE>
   <LINK REL="Index" HREF="https://mta.openssl.org/pipermail/openssl-commits/2020-November/index.html" >
   <LINK REL="made" HREF="mailto:openssl-commits%40openssl.org?Subject=Re%3A%20Still%20FAILED%20build%20of%20OpenSSL%20branch%20master%20with%20options%20-d%0A%20--strict-warnings%20enable-asan%20no-shared%20-DOPENSSL_SMALL_FOOTPRINT&In-Reply-To=%3C1606089483.751912.734302.nullmailer%40run.openssl.org%3E">
   <META NAME="robots" CONTENT="index,nofollow">
   <style type="text/css">
       pre {
           white-space: pre-wrap;       /* css-2.1, curent FF, Opera, Safari */
           }
   </style>
   <META http-equiv="Content-Type" content="text/html; charset=us-ascii">
   <LINK REL="Previous"  HREF="032115.html">
   <LINK REL="Next"  HREF="032323.html">
 </HEAD>
 <BODY BGCOLOR="#ffffff">
   <H1>Still FAILED build of OpenSSL branch master with options -d --strict-warnings enable-asan no-shared -DOPENSSL_SMALL_FOOTPRINT</H1>
    <B>OpenSSL run-checker</B> 
    <A HREF="mailto:openssl-commits%40openssl.org?Subject=Re%3A%20Still%20FAILED%20build%20of%20OpenSSL%20branch%20master%20with%20options%20-d%0A%20--strict-warnings%20enable-asan%20no-shared%20-DOPENSSL_SMALL_FOOTPRINT&In-Reply-To=%3C1606089483.751912.734302.nullmailer%40run.openssl.org%3E"
       TITLE="Still FAILED build of OpenSSL branch master with options -d --strict-warnings enable-asan no-shared -DOPENSSL_SMALL_FOOTPRINT">openssl at openssl.org
       </A><BR>
    <I>Sun Nov 22 23:58:03 UTC 2020</I>
    <P><UL>
        <LI>Previous message: <A HREF="032115.html">Still FAILED build of OpenSSL branch master with options -d --strict-warnings enable-asan no-shared -DOPENSSL_SMALL_FOOTPRINT
</A></li>
        <LI>Next message: <A HREF="032323.html">Still FAILED build of OpenSSL branch master with options -d --strict-warnings enable-asan no-shared -DOPENSSL_SMALL_FOOTPRINT
</A></li>
         <LI> <B>Messages sorted by:</B> 
              <a href="date.html#32263">[ date ]</a>
              <a href="thread.html#32263">[ thread ]</a>
              <a href="subject.html#32263">[ subject ]</a>
              <a href="author.html#32263">[ author ]</a>
         </LI>
       </UL>
    <HR>  
<!--beginarticle-->
<PRE>Platform and configuration command:

$ uname -a
Linux run 5.4.0-52-generic #57-Ubuntu SMP Thu Oct 15 10:57:00 UTC 2020 x86_64 x86_64 x86_64 GNU/Linux
$ CC=clang ../openssl/config -d --strict-warnings enable-asan no-shared -DOPENSSL_SMALL_FOOTPRINT

Commit log since last time:

5811387bac x509_vfy.c: Remove superfluous assignment to 'ret' in check_chain()
5053394aa6 util/fix-deprecation: DEPRECATEDIN conversion util for public headers
f87ead9801 ossl_cmp_certreq_new(): Fix POPO key mismatch in case newPkey is just public key
8c5c2fa544 CMP: prevent misleading PKIStatusInfo output if not response available
6fd8313589 apps/cmp.c: Improve diagnostics on -server URL parse error
0e7bc901bf apps/cmp.c: Add diagnostics on config file section(s) used
9498dac4db apps.c: re-enable loading single certs and CRLs over HTTP
276d6c687a SSL: Change SSLerr() to ERR_raise()
f2a7151849 Fix crash in genpkey app when -pkeyopt digest:name is used for DH or DSA.
ae2e4d1fd1 Haiku system build fix.
15f54941bd test RNG: set state to uninitialised as part of uninstantiate call.
1f50630af8 disassociate test RNG from the DRBGs
08edd447c9 prov: move the entropy source out of the FIPS provider
0d4460d27e test: changes resulting from moving the entropy source out of the FIPS provider
03bede0cc8 rand: move the entropy source out of the FIPS provider
71febb3992 doc: Documentation changes for moving the entropy source out of the fips provider

Build log ended with (last 100 lines):

    # Looks like you failed 2 tests of 9.
not ok 26 - Test configuration 25-cipher.cnf
# ------------------------------------------------------------------------------
# Looks like you failed 1 test of 31.80-test_ssl_new.t .................. 
Dubious, test returned 1 (wstat 256, 0x100)
Failed 1/31 subtests 
80-test_ssl_old.t .................. ok
80-test_ssl_test_ctx.t ............. ok

        # INFO:  @ ../openssl/test/sslcorrupttest.c:197
        # Starting #2, ECDHE-RSA-CHACHA20-POLY1305
        # ERROR: (int) 'SSL_get_error(clientssl, 0) == SSL_ERROR_WANT_READ' failed @ ../openssl/test/ssltestlib.c:1028
        # [1] compared to [2]
        # ERROR: (bool) 'create_ssl_connection(server, client, SSL_ERROR_NONE) == true' failed @ ../openssl/test/sslcorrupttest.c:228
        # false
        # C097F9B4667F0000:error::SSL routines:ossl_statem_client_read_transition:unexpected message:../openssl/ssl/statem/statem_clnt.c:397:
        not ok 3 - iteration 3
# ------------------------------------------------------------------------------
        # INFO:  @ ../openssl/test/sslcorrupttest.c:197
        # Starting #3, DHE-RSA-CHACHA20-POLY1305
        # ERROR: (int) 'SSL_get_error(clientssl, 0) == SSL_ERROR_WANT_READ' failed @ ../openssl/test/ssltestlib.c:1028
        # [1] compared to [2]
        # ERROR: (bool) 'create_ssl_connection(server, client, SSL_ERROR_NONE) == true' failed @ ../openssl/test/sslcorrupttest.c:228
        # false
        # C097F9B4667F0000:error::SSL routines:ossl_statem_client_read_transition:unexpected message:../openssl/ssl/statem/statem_clnt.c:397:
        not ok 4 - iteration 4
# ------------------------------------------------------------------------------
    not ok 1 - test_ssl_corrupt
# ------------------------------------------------------------------------------
../../util/wrap.pl ../../test/sslcorrupttest ../../../openssl/apps/server.pem ../../../openssl/apps/server.pem =&gt; 1
not ok 1 - running sslcorrupttest
# ------------------------------------------------------------------------------
#   Failed test 'running sslcorrupttest'
#   at ../openssl/test/recipes/80-test_sslcorrupt.t line 19.
# Looks like you failed 1 test of 1.80-test_sslcorrupt.t ............... 
Dubious, test returned 1 (wstat 256, 0x100)
Failed 1/1 subtests 
80-test_tsa.t ...................... ok
80-test_x509aux.t .................. ok

# 81-test_cmp_cli.t .................. ok
90-test_asn1_time.t ................ ok
90-test_async.t .................... ok
90-test_bio_enc.t .................. ok
90-test_bio_memleak.t .............. ok
90-test_constant_time.t ............ ok
90-test_fatalerr.t ................. ok
90-test_gmdiff.t ................... ok
90-test_gost.t ..................... skipped: GOST support is disabled in this OpenSSL build
90-test_ige.t ...................... ok
90-test_includes.t ................. ok
90-test_memleak.t .................. ok
90-test_overhead.t ................. ok
90-test_secmem.t ................... ok
90-test_shlibload.t ................ skipped: Test only supported in a shared build
90-test_srp.t ...................... ok
90-test_sslapi.t ................... ok
90-test_sslbuffers.t ............... ok
90-test_store.t .................... ok
90-test_sysdefault.t ............... ok
90-test_threads.t .................. ok
90-test_time_offset.t .............. ok
90-test_tls13ccs.t ................. ok
90-test_tls13encryption.t .......... ok
90-test_tls13secrets.t ............. skipped: tls13secrets is not supported in this build
90-test_v3name.t ................... ok
95-test_external_boringssl.t ....... skipped: No external tests in this configuration
95-test_external_gost_engine.t ..... skipped: No external tests in this configuration
95-test_external_krb5.t ............ skipped: No external tests in this configuration
95-test_external_pyca.t ............ skipped: No external tests in this configuration
99-test_ecstress.t ................. ok
99-test_fuzz_asn1.t ................ ok
99-test_fuzz_asn1parse.t ........... ok
99-test_fuzz_bignum.t .............. ok
99-test_fuzz_bndiv.t ............... ok
99-test_fuzz_client.t .............. ok
99-test_fuzz_cmp.t ................. ok
99-test_fuzz_cms.t ................. ok
99-test_fuzz_conf.t ................ ok
99-test_fuzz_crl.t ................. ok
99-test_fuzz_ct.t .................. ok
99-test_fuzz_server.t .............. ok
99-test_fuzz_x509.t ................ ok

Test Summary Report
-------------------
80-test_dtls_mtu.t               (Wstat: 256 Tests: 1 Failed: 1)
  Failed test:  1
  Non-zero exit status: 1
80-test_ssl_new.t                (Wstat: 256 Tests: 31 Failed: 1)
  Failed test:  26
  Non-zero exit status: 1
80-test_sslcorrupt.t             (Wstat: 256 Tests: 1 Failed: 1)
  Failed test:  1
  Non-zero exit status: 1
Files=224, Tests=3190, 1636 wallclock secs (11.79 usr  1.29 sys + 1451.95 cusr 160.34 csys = 1625.37 CPU)
Result: FAIL
make[1]: *** [Makefile:2558: _tests] Error 1
make[1]: Leaving directory '/home/openssl/run-checker/enable-asan'
make: *** [Makefile:2555: tests] Error 2
</PRE>












































<!--endarticle-->
    <HR>
    <P><UL>
        <!--threads-->
	<LI>Previous message: <A HREF="032115.html">Still FAILED build of OpenSSL branch master with options -d --strict-warnings enable-asan no-shared -DOPENSSL_SMALL_FOOTPRINT
</A></li>
	<LI>Next message: <A HREF="032323.html">Still FAILED build of OpenSSL branch master with options -d --strict-warnings enable-asan no-shared -DOPENSSL_SMALL_FOOTPRINT
</A></li>
         <LI> <B>Messages sorted by:</B> 
              <a href="date.html#32263">[ date ]</a>
              <a href="thread.html#32263">[ thread ]</a>
              <a href="subject.html#32263">[ subject ]</a>
              <a href="author.html#32263">[ author ]</a>
         </LI>
       </UL>

<hr>
<a href="../../../mailman/listinfo/openssl-commits.html">More information about the openssl-commits
mailing list</a><br>
</body></html>
