<!DOCTYPE HTML PUBLIC "-//W3C//DTD HTML 4.01 Transitional//EN">
<HTML>
 <HEAD>
   <TITLE> Still FAILED build of OpenSSL branch master with options -d --strict-warnings no-dtls
   </TITLE>
   <LINK REL="Index" HREF="https://mta.openssl.org/pipermail/openssl-commits/2020-November/index.html" >
   <LINK REL="made" HREF="mailto:openssl-commits%40openssl.org?Subject=Re%3A%20Still%20FAILED%20build%20of%20OpenSSL%20branch%20master%20with%20options%20-d%0A%20--strict-warnings%20no-dtls&In-Reply-To=%3C1606246789.886853.2874810.nullmailer%40run.openssl.org%3E">
   <META NAME="robots" CONTENT="index,nofollow">
   <style type="text/css">
       pre {
           white-space: pre-wrap;       /* css-2.1, curent FF, Opera, Safari */
           }
   </style>
   <META http-equiv="Content-Type" content="text/html; charset=us-ascii">
   <LINK REL="Previous"  HREF="032237.html">
   <LINK REL="Next"  HREF="032386.html">
 </HEAD>
 <BODY BGCOLOR="#ffffff">
   <H1>Still FAILED build of OpenSSL branch master with options -d --strict-warnings no-dtls</H1>
    <B>OpenSSL run-checker</B> 
    <A HREF="mailto:openssl-commits%40openssl.org?Subject=Re%3A%20Still%20FAILED%20build%20of%20OpenSSL%20branch%20master%20with%20options%20-d%0A%20--strict-warnings%20no-dtls&In-Reply-To=%3C1606246789.886853.2874810.nullmailer%40run.openssl.org%3E"
       TITLE="Still FAILED build of OpenSSL branch master with options -d --strict-warnings no-dtls">openssl at openssl.org
       </A><BR>
    <I>Tue Nov 24 19:39:49 UTC 2020</I>
    <P><UL>
        <LI>Previous message: <A HREF="032237.html">Still FAILED build of OpenSSL branch master with options -d --strict-warnings no-dtls
</A></li>
        <LI>Next message: <A HREF="032386.html">Still FAILED build of OpenSSL branch master with options -d --strict-warnings no-dtls
</A></li>
         <LI> <B>Messages sorted by:</B> 
              <a href="date.html#32301">[ date ]</a>
              <a href="thread.html#32301">[ thread ]</a>
              <a href="subject.html#32301">[ subject ]</a>
              <a href="author.html#32301">[ author ]</a>
         </LI>
       </UL>
    <HR>  
<!--beginarticle-->
<PRE>Platform and configuration command:

$ uname -a
Linux run 5.4.0-52-generic #57-Ubuntu SMP Thu Oct 15 10:57:00 UTC 2020 x86_64 x86_64 x86_64 GNU/Linux
$ CC=clang ../openssl/config -d --strict-warnings no-dtls

Commit log since last time:

5811387bac x509_vfy.c: Remove superfluous assignment to 'ret' in check_chain()
5053394aa6 util/fix-deprecation: DEPRECATEDIN conversion util for public headers
f87ead9801 ossl_cmp_certreq_new(): Fix POPO key mismatch in case newPkey is just public key
8c5c2fa544 CMP: prevent misleading PKIStatusInfo output if not response available
6fd8313589 apps/cmp.c: Improve diagnostics on -server URL parse error
0e7bc901bf apps/cmp.c: Add diagnostics on config file section(s) used
9498dac4db apps.c: re-enable loading single certs and CRLs over HTTP
276d6c687a SSL: Change SSLerr() to ERR_raise()
f2a7151849 Fix crash in genpkey app when -pkeyopt digest:name is used for DH or DSA.
ae2e4d1fd1 Haiku system build fix.
15f54941bd test RNG: set state to uninitialised as part of uninstantiate call.
1f50630af8 disassociate test RNG from the DRBGs
08edd447c9 prov: move the entropy source out of the FIPS provider
0d4460d27e test: changes resulting from moving the entropy source out of the FIPS provider
03bede0cc8 rand: move the entropy source out of the FIPS provider
71febb3992 doc: Documentation changes for moving the entropy source out of the fips provider

Build log ended with (last 100 lines):

80-test_ocsp.t ..................... ok
80-test_pkcs12.t ................... ok

            # ERROR: (ptr) 'server_ctx != NULL' failed @ ../openssl/test/ssl_test.c:475
            # 0x0
            not ok 7 - iteration 7
# ------------------------------------------------------------------------------
            # ERROR: (ptr) 'server_ctx != NULL' failed @ ../openssl/test/ssl_test.c:475
            # 0x0
            not ok 8 - iteration 8
# ------------------------------------------------------------------------------
            # ERROR: (ptr) 'server_ctx != NULL' failed @ ../openssl/test/ssl_test.c:475
            # 0x0
            not ok 9 - iteration 9
# ------------------------------------------------------------------------------
            # ERROR: (ptr) 'server_ctx != NULL' failed @ ../openssl/test/ssl_test.c:475
            # 0x0
            not ok 10 - iteration 10
# ------------------------------------------------------------------------------
            # ERROR: (ptr) 'server_ctx != NULL' failed @ ../openssl/test/ssl_test.c:475
            # 0x0
            not ok 11 - iteration 11
# ------------------------------------------------------------------------------
            # ERROR: (ptr) 'server_ctx != NULL' failed @ ../openssl/test/ssl_test.c:475
            # 0x0
            not ok 12 - iteration 12
# ------------------------------------------------------------------------------
        not ok 1 - test_handshake
# ------------------------------------------------------------------------------
../../util/wrap.pl ../../test/ssl_test 04-client_auth.cnf.fips fips ../../../openssl/test/fips-and-base.cnf =&gt; 1
    not ok 9 - running ssl_test 04-client_auth.cnf
# ------------------------------------------------------------------------------
    #   Failed test 'running ssl_test 04-client_auth.cnf'
    #   at ../openssl/test/recipes/80-test_ssl_new.t line 173.
    # Looks like you failed 1 test of 9.
not ok 5 - Test configuration 04-client_auth.cnf
# ------------------------------------------------------------------------------
# Looks like you failed 1 test of 31.80-test_ssl_new.t .................. 
Dubious, test returned 1 (wstat 256, 0x100)
Failed 1/31 subtests 
80-test_ssl_old.t .................. ok
80-test_ssl_test_ctx.t ............. ok
80-test_sslcorrupt.t ............... ok
80-test_tsa.t ...................... ok
80-test_x509aux.t .................. ok

# 81-test_cmp_cli.t .................. ok
90-test_asn1_time.t ................ ok
90-test_async.t .................... ok
90-test_bio_enc.t .................. ok
90-test_bio_memleak.t .............. ok
90-test_constant_time.t ............ ok
90-test_fatalerr.t ................. ok
90-test_gmdiff.t ................... ok
90-test_gost.t ..................... ok
90-test_ige.t ...................... ok
90-test_includes.t ................. ok
90-test_memleak.t .................. ok
90-test_overhead.t ................. ok
90-test_secmem.t ................... ok
90-test_shlibload.t ................ ok
90-test_srp.t ...................... ok
90-test_sslapi.t ................... ok
90-test_sslbuffers.t ............... ok
90-test_store.t .................... ok
90-test_sysdefault.t ............... ok
90-test_threads.t .................. ok
90-test_time_offset.t .............. ok
90-test_tls13ccs.t ................. ok
90-test_tls13encryption.t .......... ok
90-test_tls13secrets.t ............. ok
90-test_v3name.t ................... ok
95-test_external_boringssl.t ....... skipped: No external tests in this configuration
95-test_external_gost_engine.t ..... skipped: No external tests in this configuration
95-test_external_krb5.t ............ skipped: No external tests in this configuration
95-test_external_pyca.t ............ skipped: No external tests in this configuration
99-test_ecstress.t ................. ok
99-test_fuzz_asn1.t ................ ok
99-test_fuzz_asn1parse.t ........... ok
99-test_fuzz_bignum.t .............. ok
99-test_fuzz_bndiv.t ............... ok
99-test_fuzz_client.t .............. ok
99-test_fuzz_cmp.t ................. ok
99-test_fuzz_cms.t ................. ok
99-test_fuzz_conf.t ................ ok
99-test_fuzz_crl.t ................. ok
99-test_fuzz_ct.t .................. ok
99-test_fuzz_server.t .............. ok
99-test_fuzz_x509.t ................ ok

Test Summary Report
-------------------
80-test_ssl_new.t                (Wstat: 256 Tests: 31 Failed: 1)
  Failed test:  5
  Non-zero exit status: 1
Files=224, Tests=3602, 835 wallclock secs (14.03 usr  1.33 sys + 746.68 cusr 77.05 csys = 839.09 CPU)
Result: FAIL
make[1]: *** [Makefile:3191: _tests] Error 1
make[1]: Leaving directory '/home/openssl/run-checker/no-dtls'
make: *** [Makefile:3188: tests] Error 2
</PRE>






















































<!--endarticle-->
    <HR>
    <P><UL>
        <!--threads-->
	<LI>Previous message: <A HREF="032237.html">Still FAILED build of OpenSSL branch master with options -d --strict-warnings no-dtls
</A></li>
	<LI>Next message: <A HREF="032386.html">Still FAILED build of OpenSSL branch master with options -d --strict-warnings no-dtls
</A></li>
         <LI> <B>Messages sorted by:</B> 
              <a href="date.html#32301">[ date ]</a>
              <a href="thread.html#32301">[ thread ]</a>
              <a href="subject.html#32301">[ subject ]</a>
              <a href="author.html#32301">[ author ]</a>
         </LI>
       </UL>

<hr>
<a href="../../../mailman/listinfo/openssl-commits.html">More information about the openssl-commits
mailing list</a><br>
</body></html>
