<!DOCTYPE HTML PUBLIC "-//W3C//DTD HTML 4.01 Transitional//EN">
<HTML>
 <HEAD>
   <TITLE> [openssl-commits] FAILED build of OpenSSL branch master with	options -d --strict-warnings no-ec
   </TITLE>
   <LINK REL="Index" HREF="https://mta.openssl.org/pipermail/openssl-commits/2017-February/index.html" >
   <LINK REL="made" HREF="mailto:openssl-commits%40openssl.org?Subject=Re%3A%20%5Bopenssl-commits%5D%20FAILED%20build%20of%20OpenSSL%20branch%20master%20with%0A%09options%20-d%20--strict-warnings%20no-ec&In-Reply-To=%3C1487724960.086819.26712.nullmailer%40test.openssl.org%3E">
   <META NAME="robots" CONTENT="index,nofollow">
   <style type="text/css">
       pre {
           white-space: pre-wrap;       /* css-2.1, curent FF, Opera, Safari */
           }
   </style>
   <META http-equiv="Content-Type" content="text/html; charset=us-ascii">
   <LINK REL="Previous"  HREF="013010.html">
   <LINK REL="Next"  HREF="013014.html">
 </HEAD>
 <BODY BGCOLOR="#ffffff">
   <H1>[openssl-commits] FAILED build of OpenSSL branch master with	options -d --strict-warnings no-ec</H1>
    <B>OpenSSL run-checker</B> 
    <A HREF="mailto:openssl-commits%40openssl.org?Subject=Re%3A%20%5Bopenssl-commits%5D%20FAILED%20build%20of%20OpenSSL%20branch%20master%20with%0A%09options%20-d%20--strict-warnings%20no-ec&In-Reply-To=%3C1487724960.086819.26712.nullmailer%40test.openssl.org%3E"
       TITLE="[openssl-commits] FAILED build of OpenSSL branch master with	options -d --strict-warnings no-ec">openssl at openssl.org
       </A><BR>
    <I>Wed Feb 22 00:56:00 UTC 2017</I>
    <P><UL>
        <LI>Previous message: <A HREF="013010.html">[openssl-commits] Build completed: openssl 1.0.1864
</A></li>
        <LI>Next message: <A HREF="013014.html">[openssl-commits] Broken: openssl/openssl#8783 (master - 38e8f3c)
</A></li>
         <LI> <B>Messages sorted by:</B> 
              <a href="date.html#13013">[ date ]</a>
              <a href="thread.html#13013">[ thread ]</a>
              <a href="subject.html#13013">[ subject ]</a>
              <a href="author.html#13013">[ author ]</a>
         </LI>
       </UL>
    <HR>  
<!--beginarticle-->
<PRE>Platform and configuration command:

$ uname -a
Linux test 4.4.0-53-generic #74-Ubuntu SMP Fri Dec 2 15:59:10 UTC 2016 x86_64 x86_64 x86_64 GNU/Linux
$ CC=clang ../openssl/config -d --strict-warnings no-ec

Commit log since last time:

fe9aa76 appveyor.yml: engage VC-WIN64A-masm.
1b8f193 Fix memory leak in pkcs12 -export
0fbaef9 Fix some more memory leaks with TXT_DB_insert.
9ad52c5 Fix a few memleaks in TXT_DB.
a7c04f2 Provided support for the -nameopt flag in s_client, s_server and s_time commands.
ecca166 Prevent OOB in SRP base64 code.
9dd4ac8 Update client, server and x509 fuzz corpus
38e8f3c Check validity, not just signing for all certificates
faadddc Add no siglags test for ECDSA certificate
a8bb912 Set default validity flags.
9195ddc remove md array: it is not used any more.
5e1f879 Removed ugly size_t less than zero check.
70e14ff Ensure minsize &gt;= sizeof(SH_LIST)
9bb6f82 fix spelling of Camellia in comment
d42d0a4 Implementation of the ARIA cipher as described in RFC 5794.
ad39b31 Added '-nameopt' option to the verify command.
b1498c9 Don't call memcpy if len is zero.

Build log ended with (last 100 lines):

../../openssl/test/recipes/10-test_bn.t ............... ok
../../openssl/test/recipes/10-test_exp.t .............. ok
../../openssl/test/recipes/15-test_dh.t ............... ok
../../openssl/test/recipes/15-test_dsa.t .............. ok
../../openssl/test/recipes/15-test_ec.t ............... ok
../../openssl/test/recipes/15-test_ecdh.t ............. skipped: ec is not supported by this OpenSSL build
../../openssl/test/recipes/15-test_ecdsa.t ............ skipped: ec is not supported by this OpenSSL build
../../openssl/test/recipes/15-test_rsa.t .............. ok
../../openssl/test/recipes/20-test_enc.t .............. ok
../../openssl/test/recipes/20-test_passwd.t ........... ok
../../openssl/test/recipes/25-test_crl.t .............. ok
../../openssl/test/recipes/25-test_d2i.t .............. ok
../../openssl/test/recipes/25-test_pkcs7.t ............ ok
../../openssl/test/recipes/25-test_req.t .............. ok
../../openssl/test/recipes/25-test_sid.t .............. skipped: test_sid needs EC to run
../../openssl/test/recipes/25-test_verify.t ........... ok
../../openssl/test/recipes/25-test_x509.t ............. ok
../../openssl/test/recipes/30-test_afalg.t ............ ok
../../openssl/test/recipes/30-test_engine.t ........... ok
../../openssl/test/recipes/30-test_evp.t .............. ok
../../openssl/test/recipes/30-test_evp_extra.t ........ ok
../../openssl/test/recipes/30-test_pbelu.t ............ ok
../../openssl/test/recipes/30-test_pkey_meth.t ........ ok
../../openssl/test/recipes/40-test_rehash.t ........... ok
../../openssl/test/recipes/60-test_x509_store.t ....... ok
../../openssl/test/recipes/70-test_asyncio.t .......... ok
../../openssl/test/recipes/70-test_bad_dtls.t ......... ok
../../openssl/test/recipes/70-test_clienthello.t ...... ok
../../openssl/test/recipes/70-test_key_share.t ........ skipped: test_key_share needs TLS1.3 enabled
../../openssl/test/recipes/70-test_packet.t ........... ok
../../openssl/test/recipes/70-test_renegotiation.t .... ok
../../openssl/test/recipes/70-test_sslcbcpadding.t .... ok
../../openssl/test/recipes/70-test_sslcertstatus.t .... ok
../../openssl/test/recipes/70-test_sslextension.t ..... ok
../../openssl/test/recipes/70-test_sslmessages.t ...... ok
../../openssl/test/recipes/70-test_sslrecords.t ....... ok
../../openssl/test/recipes/70-test_sslsessiontick.t ... ok
# Looks like you planned 16 tests but ran 15.
../../openssl/test/recipes/70-test_sslsigalgs.t ....... 
Dubious, test returned 255 (wstat 65280, 0xff00)
Failed 1/16 subtests 
	(less 14 skipped subtests: 1 okay)
../../openssl/test/recipes/70-test_sslsignature.t ..... ok
../../openssl/test/recipes/70-test_sslskewith0p.t ..... ok
../../openssl/test/recipes/70-test_sslversions.t ...... skipped: test_sslversions needs TLS1.3, TLS1.2 and TLS1.1 enabled
../../openssl/test/recipes/70-test_sslvertol.t ........ ok
../../openssl/test/recipes/70-test_tls13kexmodes.t .... skipped: test_tls13kexmodes needs TLSv1.3 enabled
../../openssl/test/recipes/70-test_tls13messages.t .... skipped: test_tls13messages needs TLSv1.3 enabled
../../openssl/test/recipes/70-test_tlsextms.t ......... ok
../../openssl/test/recipes/70-test_verify_extra.t ..... ok
../../openssl/test/recipes/70-test_wpacket.t .......... ok
../../openssl/test/recipes/80-test_ca.t ............... ok
../../openssl/test/recipes/80-test_cipherlist.t ....... ok
../../openssl/test/recipes/80-test_cms.t .............. ok
../../openssl/test/recipes/80-test_ct.t ............... skipped: ct and ec are not supported by this OpenSSL build
../../openssl/test/recipes/80-test_dane.t ............. skipped: test_dane uses ec which is not supported by this OpenSSL build
../../openssl/test/recipes/80-test_dtls.t ............. ok
../../openssl/test/recipes/80-test_dtls_mtu.t ......... ok
../../openssl/test/recipes/80-test_dtlsv1listen.t ..... ok
../../openssl/test/recipes/80-test_ocsp.t ............. ok
../../openssl/test/recipes/80-test_pkcs12.t ........... ok
../../openssl/test/recipes/80-test_ssl_new.t .......... ok
../../openssl/test/recipes/80-test_ssl_old.t .......... ok
../../openssl/test/recipes/80-test_ssl_test_ctx.t ..... ok
../../openssl/test/recipes/80-test_sslcorrupt.t ....... ok
../../openssl/test/recipes/80-test_tsa.t .............. ok
../../openssl/test/recipes/80-test_x509aux.t .......... skipped: test_dane uses ec which is not supported by this OpenSSL build
../../openssl/test/recipes/90-test_async.t ............ ok
../../openssl/test/recipes/90-test_bio_enc.t .......... ok
../../openssl/test/recipes/90-test_bioprint.t ......... ok
../../openssl/test/recipes/90-test_constant_time.t .... ok
../../openssl/test/recipes/90-test_external.t ......... skipped: No external tests in this configuration
../../openssl/test/recipes/90-test_gmdiff.t ........... ok
../../openssl/test/recipes/90-test_ige.t .............. ok
../../openssl/test/recipes/90-test_memleak.t .......... ok
../../openssl/test/recipes/90-test_overhead.t ......... skipped: Only supported in no-shared builds
../../openssl/test/recipes/90-test_p5_crpt2.t ......... ok
../../openssl/test/recipes/90-test_secmem.t ........... ok
../../openssl/test/recipes/90-test_shlibload.t ........ ok
../../openssl/test/recipes/90-test_srp.t .............. ok
../../openssl/test/recipes/90-test_sslapi.t ........... ok
../../openssl/test/recipes/90-test_threads.t .......... ok
../../openssl/test/recipes/90-test_tls13encryption.t .. skipped: tls13encryption is not supported in this build
../../openssl/test/recipes/90-test_tls13secrets.t ..... skipped: tls13secrets is not supported in this build
../../openssl/test/recipes/90-test_v3name.t ........... ok
../../openssl/test/recipes/99-test_fuzz.t ............. ok

Test Summary Report
-------------------
../../openssl/test/recipes/70-test_sslsigalgs.t     (Wstat: 65280 Tests: 15 Failed: 0)
  Non-zero exit status: 255
  Parse errors: Bad plan.  You planned 16 tests but ran 15.
Files=106, Tests=552, 142 wallclock secs ( 1.15 usr  0.16 sys + 38.61 cusr  4.45 csys = 44.37 CPU)
Result: FAIL
Failed 1/106 test programs. 0/552 subtests failed.
Makefile:157: recipe for target '_tests' failed
make[1]: *** [_tests] Error 255
make[1]: Leaving directory '/home/openssl/run-checker/no-ec'
Makefile:155: recipe for target 'tests' failed
make: *** [tests] Error 2
</PRE>






































































































































































<!--endarticle-->
    <HR>
    <P><UL>
        <!--threads-->
	<LI>Previous message: <A HREF="013010.html">[openssl-commits] Build completed: openssl 1.0.1864
</A></li>
	<LI>Next message: <A HREF="013014.html">[openssl-commits] Broken: openssl/openssl#8783 (master - 38e8f3c)
</A></li>
         <LI> <B>Messages sorted by:</B> 
              <a href="date.html#13013">[ date ]</a>
              <a href="thread.html#13013">[ thread ]</a>
              <a href="subject.html#13013">[ subject ]</a>
              <a href="author.html#13013">[ author ]</a>
         </LI>
       </UL>

<hr>
<a href="../../../mailman/listinfo/openssl-commits.html">More information about the openssl-commits
mailing list</a><br>
</body></html>
