<!DOCTYPE HTML PUBLIC "-//W3C//DTD HTML 4.01 Transitional//EN">
<HTML>
 <HEAD>
   <TITLE> [openssl-commits] Still FAILED build of OpenSSL branch	OpenSSL_1_1_0-stable with options -d --strict-warnings	no-tls1_2-method
   </TITLE>
   <LINK REL="Index" HREF="https://mta.openssl.org/pipermail/openssl-commits/2017-February/index.html" >
   <LINK REL="made" HREF="mailto:openssl-commits%40openssl.org?Subject=Re%3A%20%5Bopenssl-commits%5D%20Still%20FAILED%20build%20of%20OpenSSL%20branch%0A%09OpenSSL_1_1_0-stable%20with%20options%20-d%20--strict-warnings%0A%09no-tls1_2-method&In-Reply-To=%3C1487865491.017630.18308.nullmailer%40test.openssl.org%3E">
   <META NAME="robots" CONTENT="index,nofollow">
   <style type="text/css">
       pre {
           white-space: pre-wrap;       /* css-2.1, curent FF, Opera, Safari */
           }
   </style>
   <META http-equiv="Content-Type" content="text/html; charset=us-ascii">
   <LINK REL="Previous"  HREF="013029.html">
   <LINK REL="Next"  HREF="013145.html">
 </HEAD>
 <BODY BGCOLOR="#ffffff">
   <H1>[openssl-commits] Still FAILED build of OpenSSL branch	OpenSSL_1_1_0-stable with options -d --strict-warnings	no-tls1_2-method</H1>
    <B>OpenSSL run-checker</B> 
    <A HREF="mailto:openssl-commits%40openssl.org?Subject=Re%3A%20%5Bopenssl-commits%5D%20Still%20FAILED%20build%20of%20OpenSSL%20branch%0A%09OpenSSL_1_1_0-stable%20with%20options%20-d%20--strict-warnings%0A%09no-tls1_2-method&In-Reply-To=%3C1487865491.017630.18308.nullmailer%40test.openssl.org%3E"
       TITLE="[openssl-commits] Still FAILED build of OpenSSL branch	OpenSSL_1_1_0-stable with options -d --strict-warnings	no-tls1_2-method">openssl at openssl.org
       </A><BR>
    <I>Thu Feb 23 15:58:11 UTC 2017</I>
    <P><UL>
        <LI>Previous message: <A HREF="013029.html">[openssl-commits] Still FAILED build of OpenSSL branch	OpenSSL_1_1_0-stable with options -d --strict-warnings	no-tls1_2-method
</A></li>
        <LI>Next message: <A HREF="013145.html">[openssl-commits] Still FAILED build of OpenSSL branch	OpenSSL_1_1_0-stable with options -d --strict-warnings	no-tls1_2-method
</A></li>
         <LI> <B>Messages sorted by:</B> 
              <a href="date.html#13101">[ date ]</a>
              <a href="thread.html#13101">[ thread ]</a>
              <a href="subject.html#13101">[ subject ]</a>
              <a href="author.html#13101">[ author ]</a>
         </LI>
       </UL>
    <HR>  
<!--beginarticle-->
<PRE>Platform and configuration command:

$ uname -a
Linux test 4.4.0-53-generic #74-Ubuntu SMP Fri Dec 2 15:59:10 UTC 2016 x86_64 x86_64 x86_64 GNU/Linux
$ CC=clang ../openssl/config -d --strict-warnings no-tls1_2-method

Commit log since last time:

9f1dd6a On VMS, massage the fetch file names to remove the generation number
ce18086 Let the output from 'openssl enc -ciphers' go to stdout
c1d0d2e Fix typo, should be &amp;&amp; rather than &amp;
69bb97c Fix typo, missing ||
b757d2d Iterate over EC_GROUP's poly array in a safe way
d8d3b66 Make &quot;openssl rehash&quot; work on VMS 8.3 and up
0536148 Have the directory reader use the Unix API on VMS
8aa3878 Add some more consistency checks in tls_decrypt_ticket.

Build log ended with (last 100 lines):

../../openssl/test/recipes/05-test_rc4.t .............. ok
../../openssl/test/recipes/05-test_rc5.t .............. skipped: rc5 is not supported by this OpenSSL build
../../openssl/test/recipes/05-test_rmd.t .............. ok
../../openssl/test/recipes/05-test_sha1.t ............. ok
../../openssl/test/recipes/05-test_sha256.t ........... ok
../../openssl/test/recipes/05-test_sha512.t ........... ok
../../openssl/test/recipes/05-test_wp.t ............... ok
../../openssl/test/recipes/10-test_bn.t ............... ok
../../openssl/test/recipes/10-test_exp.t .............. ok
../../openssl/test/recipes/15-test_dh.t ............... ok
../../openssl/test/recipes/15-test_dsa.t .............. ok
../../openssl/test/recipes/15-test_ec.t ............... ok
../../openssl/test/recipes/15-test_ecdh.t ............. ok
../../openssl/test/recipes/15-test_ecdsa.t ............ ok
../../openssl/test/recipes/15-test_rsa.t .............. ok
../../openssl/test/recipes/20-test_enc.t .............. ok
../../openssl/test/recipes/20-test_passwd.t ........... ok
../../openssl/test/recipes/25-test_crl.t .............. ok
../../openssl/test/recipes/25-test_d2i.t .............. ok
../../openssl/test/recipes/25-test_pkcs7.t ............ ok
../../openssl/test/recipes/25-test_req.t .............. ok
../../openssl/test/recipes/25-test_sid.t .............. ok
../../openssl/test/recipes/25-test_verify.t ........... ok
../../openssl/test/recipes/25-test_x509.t ............. ok
../../openssl/test/recipes/30-test_afalg.t ............ ok
../../openssl/test/recipes/30-test_engine.t ........... ok
../../openssl/test/recipes/30-test_evp.t .............. ok
../../openssl/test/recipes/30-test_evp_extra.t ........ ok
../../openssl/test/recipes/30-test_pbelu.t ............ ok
../../openssl/test/recipes/40-test_rehash.t ........... ok
../../openssl/test/recipes/60-test_x509_store.t ....... ok
../../openssl/test/recipes/70-test_asyncio.t .......... ok
../../openssl/test/recipes/70-test_bad_dtls.t ......... ok
../../openssl/test/recipes/70-test_clienthello.t ...... ok
../../openssl/test/recipes/70-test_packet.t ........... ok
../../openssl/test/recipes/70-test_sslcbcpadding.t .... skipped: test_sslcbcpadding needs TLSv1.2 enabled
../../openssl/test/recipes/70-test_sslcertstatus.t .... ok
../../openssl/test/recipes/70-test_sslextension.t ..... ok
../../openssl/test/recipes/70-test_sslmessages.t ...... ok
../../openssl/test/recipes/70-test_sslrecords.t ....... skipped: test_sslrecords needs TLSv1.2 enabled
../../openssl/test/recipes/70-test_sslsessiontick.t ... ok
../../openssl/test/recipes/70-test_sslskewith0p.t ..... ok
../../openssl/test/recipes/70-test_sslvertol.t ........ ok
../../openssl/test/recipes/70-test_tlsextms.t ......... ok
../../openssl/test/recipes/70-test_verify_extra.t ..... ok
../../openssl/test/recipes/80-test_ca.t ............... ok
../../openssl/test/recipes/80-test_cipherlist.t ....... ok
../../openssl/test/recipes/80-test_cms.t .............. ok
../../openssl/test/recipes/80-test_ct.t ............... ok
../../openssl/test/recipes/80-test_dane.t ............. ok
../../openssl/test/recipes/80-test_dtls.t ............. ok
../../openssl/test/recipes/80-test_dtlsv1listen.t ..... ok
../../openssl/test/recipes/80-test_ocsp.t ............. ok
../../openssl/test/recipes/80-test_pkcs12.t ........... ok
    
    #   Failed test 'running ssl_test 17-renegotiate.conf'
    #   at ../../openssl/test/recipes/80-test_ssl_new.t line 119.
    # Looks like you failed 1 test of 3.

#   Failed test 'Test configuration 17-renegotiate.conf'
#   at ../../openssl/test/recipes/80-test_ssl_new.t line 85.
# Looks like you failed 1 test of 18.
../../openssl/test/recipes/80-test_ssl_new.t .......... 
Dubious, test returned 1 (wstat 256, 0x100)
Failed 1/18 subtests 
../../openssl/test/recipes/80-test_ssl_old.t .......... ok
../../openssl/test/recipes/80-test_ssl_test_ctx.t ..... ok
../../openssl/test/recipes/80-test_sslcorrupt.t ....... ok
../../openssl/test/recipes/80-test_tsa.t .............. ok
../../openssl/test/recipes/80-test_x509aux.t .......... ok
../../openssl/test/recipes/90-test_async.t ............ ok
../../openssl/test/recipes/90-test_bio_enc.t .......... ok
../../openssl/test/recipes/90-test_bioprint.t ......... ok
../../openssl/test/recipes/90-test_constant_time.t .... ok
../../openssl/test/recipes/90-test_fuzz.t ............. ok
../../openssl/test/recipes/90-test_gmdiff.t ........... ok
../../openssl/test/recipes/90-test_heartbeat.t ........ skipped: heartbeats is not supported by this OpenSSL build
../../openssl/test/recipes/90-test_ige.t .............. ok
../../openssl/test/recipes/90-test_memleak.t .......... ok
../../openssl/test/recipes/90-test_p5_crpt2.t ......... ok
../../openssl/test/recipes/90-test_secmem.t ........... ok
../../openssl/test/recipes/90-test_shlibload.t ........ ok
../../openssl/test/recipes/90-test_srp.t .............. ok
../../openssl/test/recipes/90-test_sslapi.t ........... ok
../../openssl/test/recipes/90-test_threads.t .......... ok
../../openssl/test/recipes/90-test_v3name.t ........... ok

Test Summary Report
-------------------
../../openssl/test/recipes/80-test_ssl_new.t        (Wstat: 256 Tests: 18 Failed: 1)
  Failed test:  17
  Non-zero exit status: 1
Files=92, Tests=474, 91 wallclock secs ( 0.58 usr  0.11 sys + 43.30 cusr  1.93 csys = 45.92 CPU)
Result: FAIL
Failed 1/92 test programs. 1/474 subtests failed.
Makefile:152: recipe for target '_tests' failed
make[1]: *** [_tests] Error 255
make[1]: Leaving directory '/home/openssl/run-checker-1.1.0/no-tls1_2-method'
Makefile:150: recipe for target 'tests' failed
make: *** [tests] Error 2
</PRE>











































































































<!--endarticle-->
    <HR>
    <P><UL>
        <!--threads-->
	<LI>Previous message: <A HREF="013029.html">[openssl-commits] Still FAILED build of OpenSSL branch	OpenSSL_1_1_0-stable with options -d --strict-warnings	no-tls1_2-method
</A></li>
	<LI>Next message: <A HREF="013145.html">[openssl-commits] Still FAILED build of OpenSSL branch	OpenSSL_1_1_0-stable with options -d --strict-warnings	no-tls1_2-method
</A></li>
         <LI> <B>Messages sorted by:</B> 
              <a href="date.html#13101">[ date ]</a>
              <a href="thread.html#13101">[ thread ]</a>
              <a href="subject.html#13101">[ subject ]</a>
              <a href="author.html#13101">[ author ]</a>
         </LI>
       </UL>

<hr>
<a href="../../../mailman/listinfo/openssl-commits.html">More information about the openssl-commits
mailing list</a><br>
</body></html>
