<!DOCTYPE HTML PUBLIC "-//W3C//DTD HTML 4.01 Transitional//EN">
<HTML>
 <HEAD>
   <TITLE> [openssl-commits] Build failed in Jenkins: master_basic #1906
   </TITLE>
   <LINK REL="Index" HREF="https://mta.openssl.org/pipermail/openssl-commits/2016-May/index.html" >
   <LINK REL="made" HREF="mailto:openssl-commits%40openssl.org?Subject=Re%3A%20%5Bopenssl-commits%5D%20Build%20failed%20in%20Jenkins%3A%20master_basic%20%231906&In-Reply-To=%3C1711294060.16.1464174553048.JavaMail.jenkins%40ossl-sanity.cisco.com%3E">
   <META NAME="robots" CONTENT="index,nofollow">
   <style type="text/css">
       pre {
           white-space: pre-wrap;       /* css-2.1, curent FF, Opera, Safari */
           }
   </style>
   <META http-equiv="Content-Type" content="text/html; charset=us-ascii">
   <LINK REL="Previous"  HREF="007532.html">
   <LINK REL="Next"  HREF="007542.html">
 </HEAD>
 <BODY BGCOLOR="#ffffff">
   <H1>[openssl-commits] Build failed in Jenkins: master_basic #1906</H1>
    <B>openssl.sanity at gmail.com</B> 
    <A HREF="mailto:openssl-commits%40openssl.org?Subject=Re%3A%20%5Bopenssl-commits%5D%20Build%20failed%20in%20Jenkins%3A%20master_basic%20%231906&In-Reply-To=%3C1711294060.16.1464174553048.JavaMail.jenkins%40ossl-sanity.cisco.com%3E"
       TITLE="[openssl-commits] Build failed in Jenkins: master_basic #1906">openssl.sanity at gmail.com
       </A><BR>
    <I>Wed May 25 11:09:12 UTC 2016</I>
    <P><UL>
        <LI>Previous message: <A HREF="007532.html">[openssl-commits] Build failed in Jenkins: master_basic #1905
</A></li>
        <LI>Next message: <A HREF="007542.html">[openssl-commits] Jenkins build is back to normal : master_basic	#1907
</A></li>
         <LI> <B>Messages sorted by:</B> 
              <a href="date.html#7534">[ date ]</a>
              <a href="thread.html#7534">[ thread ]</a>
              <a href="subject.html#7534">[ subject ]</a>
              <a href="author.html#7534">[ author ]</a>
         </LI>
       </UL>
    <HR>  
<!--beginarticle-->
<PRE>See &lt;<A HREF="https://openssl-sanity.cisco.com:8443/job/master_basic/1906/changes">https://openssl-sanity.cisco.com:8443/job/master_basic/1906/changes</A>&gt;

Changes:

[Richard Levitte] Configure: To allow file names with spaces, tokenize with respect for

[Richard Levitte] build.info files: add quotes around any spec that may contain spaces

------------------------------------------
[...truncated 924 lines...]
                                                        ^
include/openssl/lhash.h:119:25: warning: empty declaration [enabled by default]
 # define LHASH_OF(type) struct lhash_st_##type
                         ^
include/openssl/lhash.h:179:5: note: in expansion of macro &#8216;LHASH_OF&#8217;
     LHASH_OF(type)
     ^
crypto/include/internal/cryptlib.h:38:1: note: in expansion of macro &#8216;DEFINE_LHASH_OF&#8217;
 DEFINE_LHASH_OF(APP_INFO);
 ^
In file included from crypto/aes/aes_ige.c:10:0:
crypto/include/internal/cryptlib.h:39:23: error: storage class specified for parameter &#8216;MEM&#8217;
 typedef struct mem_st MEM;
                       ^
In file included from include/openssl/err.h:22:0,
                 from crypto/include/internal/cryptlib.h:26,
                 from crypto/aes/aes_ige.c:10:
include/openssl/lhash.h:119:25: warning: empty declaration [enabled by default]
 # define LHASH_OF(type) struct lhash_st_##type
                         ^
include/openssl/lhash.h:122:5: note: in expansion of macro &#8216;LHASH_OF&#8217;
     LHASH_OF(type) { union lh_##type##_dummy { void* d1; unsigned long d2; int d3; } dummy; }; \
     ^
crypto/include/internal/cryptlib.h:40:1: note: in expansion of macro &#8216;DEFINE_LHASH_OF&#8217;
 DEFINE_LHASH_OF(MEM);
 ^
crypto/include/internal/cryptlib.h:40:17: warning: type defaults to &#8216;int&#8217; in declaration of &#8216;MEM&#8217; [-Wimplicit-int]
 DEFINE_LHASH_OF(MEM);
                 ^
include/openssl/lhash.h:124:52: note: in definition of macro &#8216;DEFINE_LHASH_OF&#8217;
         lh_##type##_new(unsigned long (*hfn)(const type *), \
                                                    ^
include/openssl/lhash.h:124:57: error: expected &#8216;;&#8217;, &#8216;,&#8217; or &#8216;)&#8217; before &#8216;*&#8217; token
         lh_##type##_new(unsigned long (*hfn)(const type *), \
                                                         ^
crypto/include/internal/cryptlib.h:40:1: note: in expansion of macro &#8216;DEFINE_LHASH_OF&#8217;
 DEFINE_LHASH_OF(MEM);
 ^
include/openssl/lhash.h:125:25: error: expected &#8216;;&#8217;, &#8216;,&#8217; or &#8216;)&#8217; before &#8216;int&#8217;
                         int (*cfn)(const type *, const type *)) \
                         ^
crypto/include/internal/cryptlib.h:40:1: note: in expansion of macro &#8216;DEFINE_LHASH_OF&#8217;
 DEFINE_LHASH_OF(MEM);
 ^
include/openssl/lhash.h:131:5: error: expected &#8216;=&#8217;, &#8216;,&#8217;, &#8216;;&#8217;, &#8216;asm&#8217; or &#8216;__attribute__&#8217; before &#8216;{&#8217; token
     { \
     ^
crypto/include/internal/cryptlib.h:40:1: note: in expansion of macro &#8216;DEFINE_LHASH_OF&#8217;
 DEFINE_LHASH_OF(MEM);
 ^
include/openssl/lhash.h:134:29: error: expected &#8216;=&#8217;, &#8216;,&#8217;, &#8216;;&#8217;, &#8216;asm&#8217; or &#8216;__attribute__&#8217; before &#8216;*&#8217; token
     static ossl_inline type *lh_##type##_insert(LHASH_OF(type) *lh, type *d) \
                             ^
crypto/include/internal/cryptlib.h:40:1: note: in expansion of macro &#8216;DEFINE_LHASH_OF&#8217;
 DEFINE_LHASH_OF(MEM);
 ^
include/openssl/lhash.h:138:29: error: expected &#8216;=&#8217;, &#8216;,&#8217;, &#8216;;&#8217;, &#8216;asm&#8217; or &#8216;__attribute__&#8217; before &#8216;*&#8217; token
     static ossl_inline type *lh_##type##_delete(LHASH_OF(type) *lh, const type *d) \
                             ^
crypto/include/internal/cryptlib.h:40:1: note: in expansion of macro &#8216;DEFINE_LHASH_OF&#8217;
 DEFINE_LHASH_OF(MEM);
 ^
include/openssl/lhash.h:142:29: error: expected &#8216;=&#8217;, &#8216;,&#8217;, &#8216;;&#8217;, &#8216;asm&#8217; or &#8216;__attribute__&#8217; before &#8216;*&#8217; token
     static ossl_inline type *lh_##type##_retrieve(LHASH_OF(type) *lh, const type *d) \
                             ^
crypto/include/internal/cryptlib.h:40:1: note: in expansion of macro &#8216;DEFINE_LHASH_OF&#8217;
 DEFINE_LHASH_OF(MEM);
 ^
include/openssl/lhash.h:147:5: error: expected &#8216;=&#8217;, &#8216;,&#8217;, &#8216;;&#8217;, &#8216;asm&#8217; or &#8216;__attribute__&#8217; before &#8216;{&#8217; token
     { \
     ^
crypto/include/internal/cryptlib.h:40:1: note: in expansion of macro &#8216;DEFINE_LHASH_OF&#8217;
 DEFINE_LHASH_OF(MEM);
 ^
include/openssl/lhash.h:151:5: error: expected &#8216;=&#8217;, &#8216;,&#8217;, &#8216;;&#8217;, &#8216;asm&#8217; or &#8216;__attribute__&#8217; before &#8216;{&#8217; token
     { \
     ^
crypto/include/internal/cryptlib.h:40:1: note: in expansion of macro &#8216;DEFINE_LHASH_OF&#8217;
 DEFINE_LHASH_OF(MEM);
 ^
include/openssl/lhash.h:155:5: error: expected &#8216;=&#8217;, &#8216;,&#8217;, &#8216;;&#8217;, &#8216;asm&#8217; or &#8216;__attribute__&#8217; before &#8216;{&#8217; token
     { \
     ^
crypto/include/internal/cryptlib.h:40:1: note: in expansion of macro &#8216;DEFINE_LHASH_OF&#8217;
 DEFINE_LHASH_OF(MEM);
 ^
include/openssl/lhash.h:159:5: error: expected &#8216;=&#8217;, &#8216;,&#8217;, &#8216;;&#8217;, &#8216;asm&#8217; or &#8216;__attribute__&#8217; before &#8216;{&#8217; token
     { \
     ^
crypto/include/internal/cryptlib.h:40:1: note: in expansion of macro &#8216;DEFINE_LHASH_OF&#8217;
 DEFINE_LHASH_OF(MEM);
 ^
include/openssl/lhash.h:163:5: error: expected &#8216;=&#8217;, &#8216;,&#8217;, &#8216;;&#8217;, &#8216;asm&#8217; or &#8216;__attribute__&#8217; before &#8216;{&#8217; token
     { \
     ^
crypto/include/internal/cryptlib.h:40:1: note: in expansion of macro &#8216;DEFINE_LHASH_OF&#8217;
 DEFINE_LHASH_OF(MEM);
 ^
include/openssl/lhash.h:167:5: error: expected &#8216;=&#8217;, &#8216;,&#8217;, &#8216;;&#8217;, &#8216;asm&#8217; or &#8216;__attribute__&#8217; before &#8216;{&#8217; token
     { \
     ^
crypto/include/internal/cryptlib.h:40:1: note: in expansion of macro &#8216;DEFINE_LHASH_OF&#8217;
 DEFINE_LHASH_OF(MEM);
 ^
include/openssl/lhash.h:171:5: error: expected &#8216;=&#8217;, &#8216;,&#8217;, &#8216;;&#8217;, &#8216;asm&#8217; or &#8216;__attribute__&#8217; before &#8216;{&#8217; token
     { \
     ^
crypto/include/internal/cryptlib.h:40:1: note: in expansion of macro &#8216;DEFINE_LHASH_OF&#8217;
 DEFINE_LHASH_OF(MEM);
 ^
crypto/include/internal/cryptlib.h:40:17: error: expected declaration specifiers or &#8216;...&#8217; before &#8216;MEM&#8217;
 DEFINE_LHASH_OF(MEM);
                 ^
include/openssl/lhash.h:175:56: note: in definition of macro &#8216;DEFINE_LHASH_OF&#8217;
                                          void (*doall)(type *)) \
                                                        ^
include/openssl/lhash.h:119:25: warning: empty declaration [enabled by default]
 # define LHASH_OF(type) struct lhash_st_##type
                         ^
include/openssl/lhash.h:179:5: note: in expansion of macro &#8216;LHASH_OF&#8217;
     LHASH_OF(type)
     ^
crypto/include/internal/cryptlib.h:40:1: note: in expansion of macro &#8216;DEFINE_LHASH_OF&#8217;
 DEFINE_LHASH_OF(MEM);
 ^
In file included from crypto/aes/aes_ige.c:10:0:
crypto/include/internal/cryptlib.h:65:21: error: storage class specified for parameter &#8216;OPENSSL_ia32cap_P&#8217;
 extern unsigned int OPENSSL_ia32cap_P[];
                     ^
crypto/include/internal/cryptlib.h:67:12: error: storage class specified for parameter &#8216;OPENSSL_NONPIC_relocated&#8217;
 extern int OPENSSL_NONPIC_relocated;
            ^
In file included from crypto/aes/aes_ige.c:12:0:
include/openssl/aes.h:31:1: warning: empty declaration [enabled by default]
 struct aes_key_st {
 ^
include/openssl/aes.h:39:27: error: storage class specified for parameter &#8216;AES_KEY&#8217;
 typedef struct aes_key_st AES_KEY;
                           ^
include/openssl/aes.h:44:25: error: expected declaration specifiers or &#8216;...&#8217; before &#8216;AES_KEY&#8217;
                         AES_KEY *key);
                         ^
include/openssl/aes.h:46:25: error: expected declaration specifiers or &#8216;...&#8217; before &#8216;AES_KEY&#8217;
                         AES_KEY *key);
                         ^
include/openssl/aes.h:49:24: warning: type defaults to &#8216;int&#8217; in declaration of &#8216;AES_KEY&#8217; [-Wimplicit-int]
                  const AES_KEY *key);
                        ^
include/openssl/aes.h:49:32: error: expected &#8216;;&#8217;, &#8216;,&#8217; or &#8216;)&#8217; before &#8216;*&#8217; token
                  const AES_KEY *key);
                                ^
include/openssl/aes.h:51:24: warning: type defaults to &#8216;int&#8217; in declaration of &#8216;AES_KEY&#8217; [-Wimplicit-int]
                  const AES_KEY *key);
                        ^
include/openssl/aes.h:51:32: error: expected &#8216;;&#8217;, &#8216;,&#8217; or &#8216;)&#8217; before &#8216;*&#8217; token
                  const AES_KEY *key);
                                ^
include/openssl/aes.h:54:28: warning: type defaults to &#8216;int&#8217; in declaration of &#8216;AES_KEY&#8217; [-Wimplicit-int]
                      const AES_KEY *key, const int enc);
                            ^
include/openssl/aes.h:54:36: error: expected &#8216;;&#8217;, &#8216;,&#8217; or &#8216;)&#8217; before &#8216;*&#8217; token
                      const AES_KEY *key, const int enc);
                                    ^
include/openssl/aes.h:56:43: warning: type defaults to &#8216;int&#8217; in declaration of &#8216;AES_KEY&#8217; [-Wimplicit-int]
                      size_t length, const AES_KEY *key,
                                           ^
include/openssl/aes.h:56:51: error: expected &#8216;;&#8217;, &#8216;,&#8217; or &#8216;)&#8217; before &#8216;*&#8217; token
                      size_t length, const AES_KEY *key,
                                                   ^
include/openssl/aes.h:59:46: warning: type defaults to &#8216;int&#8217; in declaration of &#8216;AES_KEY&#8217; [-Wimplicit-int]
                         size_t length, const AES_KEY *key,
                                              ^
include/openssl/aes.h:59:54: error: expected &#8216;;&#8217;, &#8216;,&#8217; or &#8216;)&#8217; before &#8216;*&#8217; token
                         size_t length, const AES_KEY *key,
                                                      ^
include/openssl/aes.h:62:44: warning: type defaults to &#8216;int&#8217; in declaration of &#8216;AES_KEY&#8217; [-Wimplicit-int]
                       size_t length, const AES_KEY *key,
                                            ^
include/openssl/aes.h:62:52: error: expected &#8216;;&#8217;, &#8216;,&#8217; or &#8216;)&#8217; before &#8216;*&#8217; token
                       size_t length, const AES_KEY *key,
                                                    ^
include/openssl/aes.h:65:44: warning: type defaults to &#8216;int&#8217; in declaration of &#8216;AES_KEY&#8217; [-Wimplicit-int]
                       size_t length, const AES_KEY *key,
                                            ^
include/openssl/aes.h:65:52: error: expected &#8216;;&#8217;, &#8216;,&#8217; or &#8216;)&#8217; before &#8216;*&#8217; token
                       size_t length, const AES_KEY *key,
                                                    ^
include/openssl/aes.h:68:46: warning: type defaults to &#8216;int&#8217; in declaration of &#8216;AES_KEY&#8217; [-Wimplicit-int]
                         size_t length, const AES_KEY *key,
                                              ^
include/openssl/aes.h:68:54: error: expected &#8216;;&#8217;, &#8216;,&#8217; or &#8216;)&#8217; before &#8216;*&#8217; token
                         size_t length, const AES_KEY *key,
                                                      ^
include/openssl/aes.h:72:43: warning: type defaults to &#8216;int&#8217; in declaration of &#8216;AES_KEY&#8217; [-Wimplicit-int]
                      size_t length, const AES_KEY *key,
                                           ^
include/openssl/aes.h:72:51: error: expected &#8216;;&#8217;, &#8216;,&#8217; or &#8216;)&#8217; before &#8216;*&#8217; token
                      size_t length, const AES_KEY *key,
                                                   ^
include/openssl/aes.h:76:46: warning: type defaults to &#8216;int&#8217; in declaration of &#8216;AES_KEY&#8217; [-Wimplicit-int]
                         size_t length, const AES_KEY *key,
                                              ^
include/openssl/aes.h:76:54: error: expected &#8216;;&#8217;, &#8216;,&#8217; or &#8216;)&#8217; before &#8216;*&#8217; token
                         size_t length, const AES_KEY *key,
                                                      ^
include/openssl/aes.h:80:18: error: expected declaration specifiers or &#8216;...&#8217; before &#8216;AES_KEY&#8217;
 int AES_wrap_key(AES_KEY *key, const unsigned char *iv,
                  ^
include/openssl/aes.h:83:20: error: expected declaration specifiers or &#8216;...&#8217; before &#8216;AES_KEY&#8217;
 int AES_unwrap_key(AES_KEY *key, const unsigned char *iv,
                    ^
In file included from crypto/aes/aes_ige.c:13:0:
crypto/aes/aes_locl.h:30:22: error: storage class specified for parameter &#8216;u32&#8217;
 typedef unsigned int u32;
                      ^
crypto/aes/aes_locl.h:32:24: error: storage class specified for parameter &#8216;u16&#8217;
 typedef unsigned short u16;
                        ^
crypto/aes/aes_locl.h:33:23: error: storage class specified for parameter &#8216;u8&#8217;
 typedef unsigned char u8;
                       ^
crypto/aes/aes_ige.c:18:3: error: storage class specified for parameter &#8216;aes_block_t&#8217;
 } aes_block_t;
   ^
crypto/aes/aes_ige.c:38:43: warning: type defaults to &#8216;int&#8217; in declaration of &#8216;AES_KEY&#8217; [-Wimplicit-int]
                      size_t length, const AES_KEY *key,
                                           ^
crypto/aes/aes_ige.c:38:51: error: expected &#8216;;&#8217;, &#8216;,&#8217; or &#8216;)&#8217; before &#8216;*&#8217; token
                      size_t length, const AES_KEY *key,
                                                   ^
crypto/aes/aes_ige.c:167:46: warning: type defaults to &#8216;int&#8217; in declaration of &#8216;AES_KEY&#8217; [-Wimplicit-int]
                         size_t length, const AES_KEY *key,
                                              ^
crypto/aes/aes_ige.c:167:54: error: expected &#8216;;&#8217;, &#8216;,&#8217; or &#8216;)&#8217; before &#8216;*&#8217; token
                         size_t length, const AES_KEY *key,
                                                      ^
In file included from crypto/include/internal/cryptlib.h:25:0,
                 from crypto/aes/aes_ige.c:10:
include/openssl/bio.h:672:1: error: old-style parameter declarations in prototyped function definition
 DEPRECATEDIN_1_1_0(struct hostent *BIO_gethostbyname(const char *name))
 ^
crypto/aes/aes_ige.c:281:1: error: expected &#8216;{&#8217; at end of input
 }
 ^
crypto/aes/aes_ige.c:281:1: warning: control reaches end of non-void function [-Wreturn-type]
 }
 ^
make: *** [crypto/aes/aes_ige.o] Error 1
Build step 'Execute shell' marked build as failure
</PRE>












































<!--endarticle-->
    <HR>
    <P><UL>
        <!--threads-->
	<LI>Previous message: <A HREF="007532.html">[openssl-commits] Build failed in Jenkins: master_basic #1905
</A></li>
	<LI>Next message: <A HREF="007542.html">[openssl-commits] Jenkins build is back to normal : master_basic	#1907
</A></li>
         <LI> <B>Messages sorted by:</B> 
              <a href="date.html#7534">[ date ]</a>
              <a href="thread.html#7534">[ thread ]</a>
              <a href="subject.html#7534">[ subject ]</a>
              <a href="author.html#7534">[ author ]</a>
         </LI>
       </UL>

<hr>
<a href="../../../mailman/listinfo/openssl-commits.html">More information about the openssl-commits
mailing list</a><br>
</body></html>
