<!DOCTYPE HTML PUBLIC "-//W3C//DTD HTML 4.01 Transitional//EN">
<HTML>
 <HEAD>
   <TITLE> [openssl-commits] FAILED build of OpenSSL branch master with	options -d --strict-warnings enable-asan no-shared	-DOPENSSL_SMALL_FOOTPRINT
   </TITLE>
   <LINK REL="Index" HREF="https://mta.openssl.org/pipermail/openssl-commits/2018-June/index.html" >
   <LINK REL="made" HREF="mailto:openssl-commits%40openssl.org?Subject=Re%3A%20%5Bopenssl-commits%5D%20FAILED%20build%20of%20OpenSSL%20branch%20master%20with%0A%09options%20-d%20--strict-warnings%20enable-asan%20no-shared%0A%09-DOPENSSL_SMALL_FOOTPRINT&In-Reply-To=%3C1529448002.748944.14927.nullmailer%40run.openssl.org%3E">
   <META NAME="robots" CONTENT="index,nofollow">
   <style type="text/css">
       pre {
           white-space: pre-wrap;       /* css-2.1, curent FF, Opera, Safari */
           }
   </style>
   <META http-equiv="Content-Type" content="text/html; charset=us-ascii">
   <LINK REL="Previous"  HREF="019684.html">
   <LINK REL="Next"  HREF="019598.html">
 </HEAD>
 <BODY BGCOLOR="#ffffff">
   <H1>[openssl-commits] FAILED build of OpenSSL branch master with	options -d --strict-warnings enable-asan no-shared	-DOPENSSL_SMALL_FOOTPRINT</H1>
    <B>OpenSSL run-checker</B> 
    <A HREF="mailto:openssl-commits%40openssl.org?Subject=Re%3A%20%5Bopenssl-commits%5D%20FAILED%20build%20of%20OpenSSL%20branch%20master%20with%0A%09options%20-d%20--strict-warnings%20enable-asan%20no-shared%0A%09-DOPENSSL_SMALL_FOOTPRINT&In-Reply-To=%3C1529448002.748944.14927.nullmailer%40run.openssl.org%3E"
       TITLE="[openssl-commits] FAILED build of OpenSSL branch master with	options -d --strict-warnings enable-asan no-shared	-DOPENSSL_SMALL_FOOTPRINT">openssl at openssl.org
       </A><BR>
    <I>Tue Jun 19 22:40:02 UTC 2018</I>
    <P><UL>
        <LI>Previous message: <A HREF="019684.html">[openssl-commits] Build failed in Jenkins: master_noec #574
</A></li>
        <LI>Next message: <A HREF="019598.html">[openssl-commits] FAILED build of OpenSSL branch master with	options -d --strict-warnings no-ec
</A></li>
         <LI> <B>Messages sorted by:</B> 
              <a href="date.html#19597">[ date ]</a>
              <a href="thread.html#19597">[ thread ]</a>
              <a href="subject.html#19597">[ subject ]</a>
              <a href="author.html#19597">[ author ]</a>
         </LI>
       </UL>
    <HR>  
<!--beginarticle-->
<PRE>Platform and configuration command:

$ uname -a
Linux run 4.4.0-119-generic #143-Ubuntu SMP Mon Apr 2 16:08:24 UTC 2018 x86_64 x86_64 x86_64 GNU/Linux
$ CC=clang ../openssl/config -d --strict-warnings enable-asan no-shared -DOPENSSL_SMALL_FOOTPRINT

Commit log since last time:

fee3364 Fix enable-ssl3 enable-ssl3-method
c4fad5d Improve the output of `make doc-nits`
b26befb Fix &amp; update documentation about RAND_priv_bytes()
f667820 Implement coordinate blinding for EC_POINT
ddb634f Move SM2 algos to SM2 specific PKEY method
2f2e6b6 Add EVP_PKEY_set_alias_type
a9091c1 Convert our own check of OPENSSL_NO_DEPRECATED
973abf5 Configure option 'no-deprecated' means '-DOPENSSL_API_COMPAT=0x10100000L'

Build log ended with (last 100 lines):

../../openssl/test/recipes/30-test_engine.t ................... ok
../../openssl/test/recipes/30-test_evp.t ...................... ok
../../openssl/test/recipes/30-test_evp_extra.t ................ ok
../../openssl/test/recipes/30-test_pbelu.t .................... ok
../../openssl/test/recipes/30-test_pkey_meth.t ................ ok
../../openssl/test/recipes/30-test_pkey_meth_kdf.t ............ ok
../../openssl/test/recipes/40-test_rehash.t ................... ok
../../openssl/test/recipes/60-test_x509_check_cert_pkey.t ..... ok
../../openssl/test/recipes/60-test_x509_dup_cert.t ............ ok
../../openssl/test/recipes/60-test_x509_store.t ............... ok
../../openssl/test/recipes/60-test_x509_time.t ................ ok
../../openssl/test/recipes/70-test_asyncio.t .................. ok
../../openssl/test/recipes/70-test_bad_dtls.t ................. ok
../../openssl/test/recipes/70-test_clienthello.t .............. ok
../../openssl/test/recipes/70-test_comp.t ..................... skipped: test_comp needs the dynamic engine feature enabled
../../openssl/test/recipes/70-test_key_share.t ................ skipped: test_key_share needs the dynamic engine feature enabled
../../openssl/test/recipes/70-test_packet.t ................... ok
../../openssl/test/recipes/70-test_recordlen.t ................ ok
../../openssl/test/recipes/70-test_renegotiation.t ............ skipped: test_renegotiation needs the dynamic engine feature enabled
../../openssl/test/recipes/70-test_servername.t ............... ok
../../openssl/test/recipes/70-test_sslcbcpadding.t ............ skipped: test_sslcbcpadding needs the dynamic engine feature enabled
../../openssl/test/recipes/70-test_sslcertstatus.t ............ skipped: test_sslcertstatus needs the dynamic engine feature enabled
../../openssl/test/recipes/70-test_sslextension.t ............. skipped: test_sslextension needs the dynamic engine feature enabled
../../openssl/test/recipes/70-test_sslmessages.t .............. skipped: test_sslmessages needs the dynamic engine feature enabled
../../openssl/test/recipes/70-test_sslrecords.t ............... skipped: test_sslrecords needs the dynamic engine feature enabled
../../openssl/test/recipes/70-test_sslsessiontick.t ........... skipped: test_sslsessiontick needs the dynamic engine feature enabled
../../openssl/test/recipes/70-test_sslsigalgs.t ............... skipped: test_sslsigalgs needs the dynamic engine feature enabled
../../openssl/test/recipes/70-test_sslsignature.t ............. skipped: test_sslsignature needs the dynamic engine feature enabled
../../openssl/test/recipes/70-test_sslskewith0p.t ............. skipped: test_sslskewith0p needs the dynamic engine feature enabled
../../openssl/test/recipes/70-test_sslversions.t .............. skipped: test_sslversions needs the dynamic engine feature enabled
../../openssl/test/recipes/70-test_sslvertol.t ................ skipped: test_sslextension needs the dynamic engine feature enabled
../../openssl/test/recipes/70-test_tls13cookie.t .............. skipped: test_tls13cookie needs the dynamic engine feature enabled
../../openssl/test/recipes/70-test_tls13downgrade.t ........... skipped: test_tls13downgrade needs the dynamic engine feature enabled
../../openssl/test/recipes/70-test_tls13hrr.t ................. skipped: test_tls13hrr needs the dynamic engine feature enabled
../../openssl/test/recipes/70-test_tls13kexmodes.t ............ skipped: test_tls13kexmodes needs the dynamic engine feature enabled
../../openssl/test/recipes/70-test_tls13messages.t ............ skipped: test_tls13messages needs the dynamic engine feature enabled
../../openssl/test/recipes/70-test_tls13psk.t ................. skipped: test_tls13psk needs the dynamic engine feature enabled
../../openssl/test/recipes/70-test_tlsextms.t ................. skipped: test_tlsextms needs the dynamic engine feature enabled
../../openssl/test/recipes/70-test_verify_extra.t ............. ok
../../openssl/test/recipes/70-test_wpacket.t .................. ok
../../openssl/test/recipes/80-test_ca.t ....................... ok
../../openssl/test/recipes/80-test_cipherbytes.t .............. ok
../../openssl/test/recipes/80-test_cipherlist.t ............... ok
../../openssl/test/recipes/80-test_ciphername.t ............... ok
../../openssl/test/recipes/80-test_cms.t ...................... ok
../../openssl/test/recipes/80-test_cmsapi.t ................... ok
../../openssl/test/recipes/80-test_ct.t ....................... ok
../../openssl/test/recipes/80-test_dane.t ..................... ok
../../openssl/test/recipes/80-test_dtls.t ..................... ok
../../openssl/test/recipes/80-test_dtls_mtu.t ................. ok
../../openssl/test/recipes/80-test_dtlsv1listen.t ............. ok
../../openssl/test/recipes/80-test_ocsp.t ..................... ok
../../openssl/test/recipes/80-test_pkcs12.t ................... ok
../../openssl/test/recipes/80-test_ssl_new.t .................. ok
../../openssl/test/recipes/80-test_ssl_old.t .................. ok
../../openssl/test/recipes/80-test_ssl_test_ctx.t ............. ok
../../openssl/test/recipes/80-test_sslcorrupt.t ............... ok
../../openssl/test/recipes/80-test_tsa.t ...................... ok
../../openssl/test/recipes/80-test_x509aux.t .................. ok
../../openssl/test/recipes/90-test_asn1_time.t ................ ok
../../openssl/test/recipes/90-test_async.t .................... ok
../../openssl/test/recipes/90-test_bio_enc.t .................. ok
../../openssl/test/recipes/90-test_constant_time.t ............ ok
../../openssl/test/recipes/90-test_fatalerr.t ................. ok
../../openssl/test/recipes/90-test_gmdiff.t ................... ok
../../openssl/test/recipes/90-test_ige.t ...................... ok
../../openssl/test/recipes/90-test_includes.t ................. ok
../../openssl/test/recipes/90-test_memleak.t .................. ok
../../openssl/test/recipes/90-test_overhead.t ................. ok
../../openssl/test/recipes/90-test_secmem.t ................... ok
../../openssl/test/recipes/90-test_shlibload.t ................ skipped: Test only supported in a shared build
../../openssl/test/recipes/90-test_srp.t ...................... ok
../../openssl/test/recipes/90-test_sslapi.t ................... ok
../../openssl/test/recipes/90-test_sslbuffers.t ............... ok
../../openssl/test/recipes/90-test_store.t .................... ok
../../openssl/test/recipes/90-test_sysdefault.t ............... ok
../../openssl/test/recipes/90-test_threads.t .................. ok
../../openssl/test/recipes/90-test_time_offset.t .............. ok
../../openssl/test/recipes/90-test_tls13ccs.t ................. ok
../../openssl/test/recipes/90-test_tls13encryption.t .......... ok
../../openssl/test/recipes/90-test_tls13secrets.t ............. skipped: tls13secrets is not supported in this build
../../openssl/test/recipes/90-test_v3name.t ................... ok
../../openssl/test/recipes/95-test_external_boringssl.t ....... skipped: No external tests in this configuration
../../openssl/test/recipes/95-test_external_krb5.t ............ skipped: No external tests in this configuration
../../openssl/test/recipes/95-test_external_pyca.t ............ skipped: No external tests in this configuration
../../openssl/test/recipes/99-test_ecstress.t ................. ok
../../openssl/test/recipes/99-test_fuzz.t ..................... ok

Test Summary Report
-------------------
../../openssl/test/recipes/03-test_internal_sm2.t           (Wstat: 256 Tests: 1 Failed: 1)
  Failed test:  1
  Non-zero exit status: 1
Files=149, Tests=1161, 524 wallclock secs ( 1.00 usr  0.29 sys + 446.06 cusr 54.28 csys = 501.63 CPU)
Result: FAIL
Makefile:204: recipe for target '_tests' failed
make[1]: *** [_tests] Error 1
make[1]: Leaving directory '/home/openssl/run-checker/enable-asan'
Makefile:202: recipe for target 'tests' failed
make: *** [tests] Error 2
</PRE>













































































<!--endarticle-->
    <HR>
    <P><UL>
        <!--threads-->
	<LI>Previous message: <A HREF="019684.html">[openssl-commits] Build failed in Jenkins: master_noec #574
</A></li>
	<LI>Next message: <A HREF="019598.html">[openssl-commits] FAILED build of OpenSSL branch master with	options -d --strict-warnings no-ec
</A></li>
         <LI> <B>Messages sorted by:</B> 
              <a href="date.html#19597">[ date ]</a>
              <a href="thread.html#19597">[ thread ]</a>
              <a href="subject.html#19597">[ subject ]</a>
              <a href="author.html#19597">[ author ]</a>
         </LI>
       </UL>

<hr>
<a href="../../../mailman/listinfo/openssl-commits.html">More information about the openssl-commits
mailing list</a><br>
</body></html>
