<!DOCTYPE HTML PUBLIC "-//W3C//DTD HTML 4.01 Transitional//EN">
<HTML>
 <HEAD>
   <TITLE> [openssl-commits] Build failed in Jenkins: master_android #693
   </TITLE>
   <LINK REL="Index" HREF="https://mta.openssl.org/pipermail/openssl-commits/2015-December/index.html" >
   <LINK REL="made" HREF="mailto:openssl-commits%40openssl.org?Subject=Re%3A%20%5Bopenssl-commits%5D%20Build%20failed%20in%20Jenkins%3A%20master_android%20%23693&In-Reply-To=%3C717252715.171.1450301212703.JavaMail.jenkins%40openssl-sanity.novalocal%3E">
   <META NAME="robots" CONTENT="index,nofollow">
   <style type="text/css">
       pre {
           white-space: pre-wrap;       /* css-2.1, curent FF, Opera, Safari */
           }
   </style>
   <META http-equiv="Content-Type" content="text/html; charset=us-ascii">
   <LINK REL="Previous"  HREF="002484.html">
   <LINK REL="Next"  HREF="002488.html">
 </HEAD>
 <BODY BGCOLOR="#ffffff">
   <H1>[openssl-commits] Build failed in Jenkins: master_android #693</H1>
    <B>openssl.sanity at gmail.com</B> 
    <A HREF="mailto:openssl-commits%40openssl.org?Subject=Re%3A%20%5Bopenssl-commits%5D%20Build%20failed%20in%20Jenkins%3A%20master_android%20%23693&In-Reply-To=%3C717252715.171.1450301212703.JavaMail.jenkins%40openssl-sanity.novalocal%3E"
       TITLE="[openssl-commits] Build failed in Jenkins: master_android #693">openssl.sanity at gmail.com
       </A><BR>
    <I>Wed Dec 16 21:26:52 UTC 2015</I>
    <P><UL>
        <LI>Previous message: <A HREF="002484.html">[openssl-commits] Build failed in Jenkins: master_android #692
</A></li>
        <LI>Next message: <A HREF="002488.html">[openssl-commits] Build failed in Jenkins: master_android #694
</A></li>
         <LI> <B>Messages sorted by:</B> 
              <a href="date.html#2486">[ date ]</a>
              <a href="thread.html#2486">[ thread ]</a>
              <a href="subject.html#2486">[ subject ]</a>
              <a href="author.html#2486">[ author ]</a>
         </LI>
       </UL>
    <HR>  
<!--beginarticle-->
<PRE>See &lt;<A HREF="https://openssl-sanity.cisco.com:8443/job/master_android/693/changes">https://openssl-sanity.cisco.com:8443/job/master_android/693/changes</A>&gt;

Changes:

[rsalz] Rename some BUF_xxx to OPENSSL_xxx

------------------------------------------
Started by upstream project &quot;master_basic&quot; build number 1279
originally caused by:
 Started by an SCM change
Building on master in workspace &lt;<A HREF="https://openssl-sanity.cisco.com:8443/job/master_android/ws/">https://openssl-sanity.cisco.com:8443/job/master_android/ws/</A>&gt;
 &gt; git rev-parse --is-inside-work-tree # timeout=10
Fetching changes from the remote Git repository
 &gt; git config remote.origin.url <A HREF="https://github.com/openssl/openssl.git">https://github.com/openssl/openssl.git</A> # timeout=10
Fetching upstream changes from <A HREF="https://github.com/openssl/openssl.git">https://github.com/openssl/openssl.git</A>
 &gt; git --version # timeout=10
 &gt; git -c core.askpass=true fetch --tags --progress <A HREF="https://github.com/openssl/openssl.git">https://github.com/openssl/openssl.git</A> +refs/heads/*:refs/remotes/origin/*
 &gt; git rev-parse refs/remotes/origin/master^{commit} # timeout=10
 &gt; git rev-parse refs/remotes/origin/origin/master^{commit} # timeout=10
Checking out Revision 7644a9aef8932ed4d1c3f25ed776c997702982be (refs/remotes/origin/master)
 &gt; git config core.sparsecheckout # timeout=10
 &gt; git checkout -f 7644a9aef8932ed4d1c3f25ed776c997702982be
 &gt; git rev-list e4cf866322a4549c55153f9f135f9dadf4d3fc31 # timeout=10
[master_android] $ /bin/sh -xe /tmp/hudson306663176765396080.sh
+ export PATH=/sbin:/usr/sbin:/bin:/usr/bin:/usr/local/arm-linux-androideabi-4.8/bin
+ PATH=/sbin:/usr/sbin:/bin:/usr/bin:/usr/local/arm-linux-androideabi-4.8/bin
+ export ANDROID_DEV=/usr/local/arm-linux-androideabi-4.8
+ ANDROID_DEV=/usr/local/arm-linux-androideabi-4.8
+ export CROSS_COMPILE=arm-linux-androideabi-
+ CROSS_COMPILE=arm-linux-androideabi-
+ echo /sbin:/usr/sbin:/bin:/usr/bin:/usr/local/arm-linux-androideabi-4.8/bin
/sbin:/usr/sbin:/bin:/usr/bin:/usr/local/arm-linux-androideabi-4.8/bin
+ ./Configure android-armeabi no-shared no-dso
Configuring for android-armeabi
    no-deprecated   [default]  OPENSSL_NO_DEPRECATED (skip dir)
    no-dso          [option]  
    no-ec_nistp_64_gcc_128 [default]  OPENSSL_NO_EC_NISTP_64_GCC_128 (skip dir)
    no-jpake        [experimental] OPENSSL_NO_JPAKE (skip dir)
    no-md2          [default]  OPENSSL_NO_MD2 (skip dir)
    no-rc5          [default]  OPENSSL_NO_RC5 (skip dir)
    no-sctp         [default]  OPENSSL_NO_SCTP (skip dir)
    no-shared       [option]  
    no-ssl-trace    [default]  OPENSSL_NO_SSL_TRACE (skip dir)
    no-store        [experimental] OPENSSL_NO_STORE (skip dir)
    no-unit-test    [default]  OPENSSL_NO_UNIT_TEST (skip dir)
    no-zlib         [default] 
    no-zlib-dynamic [default] 
IsMK1MF=0
CC            =gcc
CFLAG         =-DOPENSSL_THREADS -pthread -mandroid -fPIC --sysroot=$(CROSS_SYSROOT) -Wa,--noexecstack -Wall -O3 -DOPENSSL_BN_ASM_MONT -DOPENSSL_BN_ASM_GF2m -DSHA1_ASM -DSHA256_ASM -DSHA512_ASM -DAES_ASM -DBSAES_ASM -DGHASH_ASM -DECP_NISTZ256_ASM
EX_LIBS       =-ldl
CPUID_OBJ     =armcap.o armv4cpuid.o
BN_ASM        =bn_asm.o armv4-mont.o armv4-gf2m.o
EC_ASM        =ecp_nistz256.o ecp_nistz256-armv4.o
DES_ENC       =des_enc.o fcrypt_b.o
AES_ENC       =aes_cbc.o aes-armv4.o bsaes-armv7.o aesv8-armx.o
BF_ENC        =bf_enc.o
CAST_ENC      =c_enc.o
RC4_ENC       =rc4_enc.o rc4_skey.o
RC5_ENC       =rc5_enc.o
MD5_OBJ_ASM   =
SHA1_OBJ_ASM  =sha1-armv4-large.o sha256-armv4.o sha512-armv4.o
RMD160_OBJ_ASM=
CMLL_ENC      =camellia.o cmll_misc.o cmll_cbc.o
MODES_OBJ     =ghash-armv4.o ghashv8-armx.o
ENGINES_OBJ   =
CHACHA_ENC    =chacha_enc.o
POLY1305_OBJ  =
PROCESSOR     =
RANLIB        =/bin/ranlib
ARFLAGS       =
PERL          =/bin/perl
THIRTY_TWO_BIT mode
DES_UNROLL used
DES_INT used
BN_LLONG mode
RC4 uses uchar
RC4_CHUNK is unsigned long
BF_PTR used

Configured for android-armeabi.
+ make depend
making depend in crypto...
make[1]: Entering directory `&lt;<A HREF="https://openssl-sanity.cisco.com:8443/job/master_android/ws/crypto">https://openssl-sanity.cisco.com:8443/job/master_android/ws/crypto</A>'&gt;
In file included from /usr/include/features.h:399:0,
                 from /usr/include/stdlib.h:24,
                 from include/internal/cryptlib.h:62,
                 from cryptlib.c:117:
/usr/include/gnu/stubs.h:7:27: fatal error: gnu/stubs-32.h: No such file or directory
 # include &lt;gnu/stubs-32.h&gt;
                           ^
compilation terminated.
In file included from /usr/include/features.h:399:0,
                 from /usr/include/stdio.h:27,
                 from mem.c:59:
/usr/include/gnu/stubs.h:7:27: fatal error: gnu/stubs-32.h: No such file or directory
 # include &lt;gnu/stubs-32.h&gt;
                           ^
compilation terminated.
In file included from /usr/include/features.h:399:0,
                 from /usr/include/string.h:25,
                 from mem_clr.c:60:
/usr/include/gnu/stubs.h:7:27: fatal error: gnu/stubs-32.h: No such file or directory
 # include &lt;gnu/stubs-32.h&gt;
                           ^
compilation terminated.
In file included from /usr/include/features.h:399:0,
                 from /usr/include/stdio.h:27,
                 from mem_dbg.c:112:
/usr/include/gnu/stubs.h:7:27: fatal error: gnu/stubs-32.h: No such file or directory
 # include &lt;gnu/stubs-32.h&gt;
                           ^
compilation terminated.
In file included from /usr/include/features.h:399:0,
                 from /usr/include/stdlib.h:24,
                 from include/internal/cryptlib.h:62,
                 from cversion.c:59:
/usr/include/gnu/stubs.h:7:27: fatal error: gnu/stubs-32.h: No such file or directory
 # include &lt;gnu/stubs-32.h&gt;
                           ^
compilation terminated.
In file included from /usr/include/features.h:399:0,
                 from /usr/include/stdlib.h:24,
                 from include/internal/cryptlib.h:62,
                 from ex_data.c:111:
/usr/include/gnu/stubs.h:7:27: fatal error: gnu/stubs-32.h: No such file or directory
 # include &lt;gnu/stubs-32.h&gt;
                           ^
compilation terminated.
In file included from /usr/include/features.h:399:0,
                 from /usr/include/stdio.h:27,
                 from cpt_err.c:62:
/usr/include/gnu/stubs.h:7:27: fatal error: gnu/stubs-32.h: No such file or directory
 # include &lt;gnu/stubs-32.h&gt;
                           ^
compilation terminated.
In file included from /usr/include/features.h:399:0,
                 from /usr/include/stdint.h:25,
                 from /usr/local/arm-linux-androideabi-4.8/lib/gcc/arm-linux-androideabi/4.8/include/stdint.h:9,
                 from ../include/openssl/e_os2.h:313,
                 from ebcdic.c:5:
/usr/include/gnu/stubs.h:7:27: fatal error: gnu/stubs-32.h: No such file or directory
 # include &lt;gnu/stubs-32.h&gt;
                           ^
compilation terminated.
In file included from /usr/include/features.h:399:0,
                 from /usr/include/stdlib.h:24,
                 from ../include/openssl/crypto.h:120,
                 from uid.c:56:
/usr/include/gnu/stubs.h:7:27: fatal error: gnu/stubs-32.h: No such file or directory
 # include &lt;gnu/stubs-32.h&gt;
                           ^
compilation terminated.
In file included from /usr/include/features.h:399:0,
                 from /usr/include/stdint.h:25,
                 from /usr/local/arm-linux-androideabi-4.8/lib/gcc/arm-linux-androideabi/4.8/include/stdint.h:9,
                 from ../include/openssl/e_os2.h:313,
                 from o_time.c:64:
/usr/include/gnu/stubs.h:7:27: fatal error: gnu/stubs-32.h: No such file or directory
 # include &lt;gnu/stubs-32.h&gt;
                           ^
compilation terminated.
In file included from /usr/include/features.h:399:0,
                 from /usr/include/ctype.h:26,
                 from o_str.c:60:
/usr/include/gnu/stubs.h:7:27: fatal error: gnu/stubs-32.h: No such file or directory
 # include &lt;gnu/stubs-32.h&gt;
                           ^
compilation terminated.
In file included from /usr/include/features.h:399:0,
                 from /usr/include/errno.h:28,
                 from o_dir.c:60:
/usr/include/gnu/stubs.h:7:27: fatal error: gnu/stubs-32.h: No such file or directory
 # include &lt;gnu/stubs-32.h&gt;
                           ^
compilation terminated.
In file included from /usr/include/features.h:399:0,
                 from /usr/include/stdlib.h:24,
                 from include/internal/cryptlib.h:62,
                 from thr_id.c:117:
/usr/include/gnu/stubs.h:7:27: fatal error: gnu/stubs-32.h: No such file or directory
 # include &lt;gnu/stubs-32.h&gt;
                           ^
compilation terminated.
In file included from /usr/include/features.h:399:0,
                 from /usr/include/stdlib.h:24,
                 from include/internal/cryptlib.h:62,
                 from lock.c:117:
/usr/include/gnu/stubs.h:7:27: fatal error: gnu/stubs-32.h: No such file or directory
 # include &lt;gnu/stubs-32.h&gt;
                           ^
compilation terminated.
In file included from /usr/include/features.h:399:0,
                 from /usr/include/stdint.h:25,
                 from /usr/local/arm-linux-androideabi-4.8/lib/gcc/arm-linux-androideabi/4.8/include/stdint.h:9,
                 from ../include/openssl/e_os2.h:313,
                 from ../e_os.h:64,
                 from o_init.c:56:
/usr/include/gnu/stubs.h:7:27: fatal error: gnu/stubs-32.h: No such file or directory
 # include &lt;gnu/stubs-32.h&gt;
                           ^
compilation terminated.
In file included from /usr/include/features.h:399:0,
                 from /usr/include/stdlib.h:24,
                 from include/internal/cryptlib.h:62,
                 from o_fips.c:59:
/usr/include/gnu/stubs.h:7:27: fatal error: gnu/stubs-32.h: No such file or directory
 # include &lt;gnu/stubs-32.h&gt;
                           ^
compilation terminated.
In file included from /usr/include/features.h:399:0,
                 from /usr/include/stdlib.h:24,
                 from ../include/openssl/crypto.h:120,
                 from sec_mem.c:13:
/usr/include/gnu/stubs.h:7:27: fatal error: gnu/stubs-32.h: No such file or directory
 # include &lt;gnu/stubs-32.h&gt;
                           ^
compilation terminated.
make[1]: *** [local_depend] Error 1
make[1]: Leaving directory `&lt;<A HREF="https://openssl-sanity.cisco.com:8443/job/master_android/ws/crypto">https://openssl-sanity.cisco.com:8443/job/master_android/ws/crypto</A>'&gt;
make: *** [depend] Error 1
Build step 'Execute shell' marked build as failure
</PRE>




































































<!--endarticle-->
    <HR>
    <P><UL>
        <!--threads-->
	<LI>Previous message: <A HREF="002484.html">[openssl-commits] Build failed in Jenkins: master_android #692
</A></li>
	<LI>Next message: <A HREF="002488.html">[openssl-commits] Build failed in Jenkins: master_android #694
</A></li>
         <LI> <B>Messages sorted by:</B> 
              <a href="date.html#2486">[ date ]</a>
              <a href="thread.html#2486">[ thread ]</a>
              <a href="subject.html#2486">[ subject ]</a>
              <a href="author.html#2486">[ author ]</a>
         </LI>
       </UL>

<hr>
<a href="../../../mailman/listinfo/openssl-commits.html">More information about the openssl-commits
mailing list</a><br>
</body></html>
