<!DOCTYPE HTML PUBLIC "-//W3C//DTD HTML 4.01 Transitional//EN">
<HTML>
 <HEAD>
   <TITLE> Still FAILED build of OpenSSL branch master with options -d --strict-warnings no-err
   </TITLE>
   <LINK REL="Index" HREF="https://mta.openssl.org/pipermail/openssl-commits/2020-December/index.html" >
   <LINK REL="made" HREF="mailto:openssl-commits%40openssl.org?Subject=Re%3A%20Still%20FAILED%20build%20of%20OpenSSL%20branch%20master%20with%20options%20-d%0A%20--strict-warnings%20no-err&In-Reply-To=%3C1606999022.600261.1827805.nullmailer%40run.openssl.org%3E">
   <META NAME="robots" CONTENT="index,nofollow">
   <style type="text/css">
       pre {
           white-space: pre-wrap;       /* css-2.1, curent FF, Opera, Safari */
           }
   </style>
   <META http-equiv="Content-Type" content="text/html; charset=us-ascii">
   <LINK REL="Previous"  HREF="032502.html">
   <LINK REL="Next"  HREF="032552.html">
 </HEAD>
 <BODY BGCOLOR="#ffffff">
   <H1>Still FAILED build of OpenSSL branch master with options -d --strict-warnings no-err</H1>
    <B>OpenSSL run-checker</B> 
    <A HREF="mailto:openssl-commits%40openssl.org?Subject=Re%3A%20Still%20FAILED%20build%20of%20OpenSSL%20branch%20master%20with%20options%20-d%0A%20--strict-warnings%20no-err&In-Reply-To=%3C1606999022.600261.1827805.nullmailer%40run.openssl.org%3E"
       TITLE="Still FAILED build of OpenSSL branch master with options -d --strict-warnings no-err">openssl at openssl.org
       </A><BR>
    <I>Thu Dec  3 12:37:02 UTC 2020</I>
    <P><UL>
        <LI>Previous message: <A HREF="032502.html">Build completed: openssl master.38510
</A></li>
        <LI>Next message: <A HREF="032552.html">Still FAILED build of OpenSSL branch master with options -d --strict-warnings no-err
</A></li>
         <LI> <B>Messages sorted by:</B> 
              <a href="date.html#32505">[ date ]</a>
              <a href="thread.html#32505">[ thread ]</a>
              <a href="subject.html#32505">[ subject ]</a>
              <a href="author.html#32505">[ author ]</a>
         </LI>
       </UL>
    <HR>  
<!--beginarticle-->
<PRE>Platform and configuration command:

$ uname -a
Linux run 5.4.0-52-generic #57-Ubuntu SMP Thu Oct 15 10:57:00 UTC 2020 x86_64 x86_64 x86_64 GNU/Linux
$ CC=clang ../openssl/config -d --strict-warnings no-err

Commit log since last time:

0a3b330cf0 Add test to demonstrate the app's new engine key loading
f91d003a0e APPS: Adapt load_key() and load_pubkey() for the engine: loader
0b27381fd5 APPS: Add OSSL_STORE loader for engine keys
4be35545ae Fix no-dtls
c195c88233 Fix a compile error with the no-sock option
c39f43534d openssl dgst: add option to specify output length for XOF
b03da688a2 Adapt everything else to the updated OSSL_ENCODER_CTX_new_by_EVP_PKEY()
cbcbac644c ENCODER: Don't pass libctx to OSSL_ENCODER_CTX_new_by_EVP_PKEY()
4c0d49ed41 cmp_client.c: Fix indentation and remove empty line
a676c53c7f cmp_client.c: Remove dead code of variable 'txt' in cert_response()
61b0fead5e Don't Overflow when printing Thawte Strong Extranet Version
89cccbea51 Add EVP_KDF-X942 to the fips module
8018352457 Fix s390 EDDSA HW support in providers.
f7f10de305 Print random seed on test failure.
8758f4e625 Correct system guessing for darwin64-arm64 target
9ab9b16bb7 apps/pkcs12.c: Correct default legacy algs and make related doc consistent
9feb2fce65 Fix simpledynamic.c - a typo and missed a header
527eb8d294 TEST: Add a simple module loader, and test the FIPS module with it
9800b1a0da TEST: Break out the local dynamic loading code from shlibloadtest.c
1234aa7e41 endecode_test.c: Add warning that 512-bit DH key size is for testing only
20f8bc7255 test cleanup: move helper .c and .h files to test/helpers/
93a9ffa6c2 remove obsolete test/drbg_cavs_data.h
2de4c87889 remove obsolete test/drbg_extra_test.h
172daa7fc7 RSA: correct digestinfo_ripemd160_der[]
26217510d2 aes/asm/aesv8-armx.pl: avoid 32-bit lane assignment in CTR mode
cbb85bda0c Fix builds that specify both no-dh and no-ec
9327b5c9c9 Fix TLS1.2 CHACHA20-POLY1305 ciphersuites with OPENSSL_SMALL_FOOTPRINT
a07dc8167b Fix instances of pointer addition with the NULL pointer

Build log ended with (last 100 lines):

70-test_servername.t ............... ok
70-test_sslcbcpadding.t ............ ok
70-test_sslcertstatus.t ............ ok
70-test_sslextension.t ............. ok
70-test_sslmessages.t .............. ok
70-test_sslrecords.t ............... ok
70-test_sslsessiontick.t ........... ok
70-test_sslsigalgs.t ............... ok
70-test_sslsignature.t ............. ok
70-test_sslskewith0p.t ............. ok
70-test_sslversions.t .............. ok
70-test_sslvertol.t ................ ok
70-test_tls13alerts.t .............. ok
70-test_tls13cookie.t .............. ok
70-test_tls13downgrade.t ........... ok
70-test_tls13hrr.t ................. ok
70-test_tls13kexmodes.t ............ ok
70-test_tls13messages.t ............ ok
70-test_tls13psk.t ................. ok
70-test_tlsextms.t ................. ok
70-test_verify_extra.t ............. ok
70-test_wpacket.t .................. ok
71-test_ssl_ctx.t .................. ok
80-test_ca.t ....................... ok
80-test_cipherbytes.t .............. ok
80-test_cipherlist.t ............... ok
80-test_ciphername.t ............... ok

# 80-test_cms.t ...................... ok
80-test_cmsapi.t ................... ok
80-test_ct.t ....................... ok
80-test_dane.t ..................... ok
80-test_dtls.t ..................... ok
80-test_dtls_mtu.t ................. ok
80-test_dtlsv1listen.t ............. ok
80-test_http.t ..................... ok
80-test_ocsp.t ..................... ok
80-test_pkcs12.t ................... ok
80-test_ssl_new.t .................. ok
80-test_ssl_old.t .................. ok
80-test_ssl_test_ctx.t ............. ok
80-test_sslcorrupt.t ............... ok
80-test_tsa.t ...................... ok
80-test_x509aux.t .................. ok

# 81-test_cmp_cli.t .................. ok
90-test_asn1_time.t ................ ok
90-test_async.t .................... ok
90-test_bio_enc.t .................. ok
90-test_bio_memleak.t .............. ok
90-test_constant_time.t ............ ok
90-test_fatalerr.t ................. ok
90-test_fipsload.t ................. ok
90-test_gmdiff.t ................... ok
90-test_gost.t ..................... ok
90-test_ige.t ...................... ok
90-test_includes.t ................. ok
90-test_memleak.t .................. ok
90-test_overhead.t ................. ok
90-test_secmem.t ................... ok
90-test_shlibload.t ................ ok
90-test_srp.t ...................... ok
90-test_sslapi.t ................... ok
90-test_sslbuffers.t ............... ok
90-test_store.t .................... ok
90-test_sysdefault.t ............... ok
90-test_threads.t .................. ok
90-test_time_offset.t .............. ok
90-test_tls13ccs.t ................. ok
90-test_tls13encryption.t .......... ok
90-test_tls13secrets.t ............. ok
90-test_v3name.t ................... ok
95-test_external_boringssl.t ....... skipped: No external tests in this configuration
95-test_external_gost_engine.t ..... skipped: No external tests in this configuration
95-test_external_krb5.t ............ skipped: No external tests in this configuration
95-test_external_pyca.t ............ skipped: No external tests in this configuration
99-test_ecstress.t ................. ok
99-test_fuzz_asn1.t ................ ok
99-test_fuzz_asn1parse.t ........... ok
99-test_fuzz_bignum.t .............. ok
99-test_fuzz_bndiv.t ............... ok
99-test_fuzz_client.t .............. ok
99-test_fuzz_cmp.t ................. ok
99-test_fuzz_cms.t ................. ok
99-test_fuzz_conf.t ................ ok
99-test_fuzz_crl.t ................. ok
99-test_fuzz_ct.t .................. ok
99-test_fuzz_server.t .............. ok
99-test_fuzz_x509.t ................ ok

Test Summary Report
-------------------
01-test_symbol_presence.t        (Wstat: 256 Tests: 4 Failed: 1)
  Failed test:  2
  Non-zero exit status: 1
Files=227, Tests=3496, 940 wallclock secs (14.27 usr  1.57 sys + 844.10 cusr 91.71 csys = 951.65 CPU)
Result: FAIL
make[1]: *** [Makefile:3217: _tests] Error 1
make[1]: Leaving directory '/home/openssl/run-checker/no-err'
make: *** [Makefile:3214: tests] Error 2
</PRE>





































































































































<!--endarticle-->
    <HR>
    <P><UL>
        <!--threads-->
	<LI>Previous message: <A HREF="032502.html">Build completed: openssl master.38510
</A></li>
	<LI>Next message: <A HREF="032552.html">Still FAILED build of OpenSSL branch master with options -d --strict-warnings no-err
</A></li>
         <LI> <B>Messages sorted by:</B> 
              <a href="date.html#32505">[ date ]</a>
              <a href="thread.html#32505">[ thread ]</a>
              <a href="subject.html#32505">[ subject ]</a>
              <a href="author.html#32505">[ author ]</a>
         </LI>
       </UL>

<hr>
<a href="../../../mailman/listinfo/openssl-commits.html">More information about the openssl-commits
mailing list</a><br>
</body></html>
