<!DOCTYPE HTML PUBLIC "-//W3C//DTD HTML 4.01 Transitional//EN">
<HTML>
 <HEAD>
   <TITLE> Still FAILED build of OpenSSL branch master with options -d --strict-warnings no-dtls1_2-method
   </TITLE>
   <LINK REL="Index" HREF="https://mta.openssl.org/pipermail/openssl-commits/2020-December/index.html" >
   <LINK REL="made" HREF="mailto:openssl-commits%40openssl.org?Subject=Re%3A%20Still%20FAILED%20build%20of%20OpenSSL%20branch%20master%20with%20options%20-d%0A%20--strict-warnings%20no-dtls1_2-method&In-Reply-To=%3C1608681687.491299.3837932.nullmailer%40run.openssl.org%3E">
   <META NAME="robots" CONTENT="index,nofollow">
   <style type="text/css">
       pre {
           white-space: pre-wrap;       /* css-2.1, curent FF, Opera, Safari */
           }
   </style>
   <META http-equiv="Content-Type" content="text/html; charset=us-ascii">
   <LINK REL="Previous"  HREF="032658.html">
   <LINK REL="Next"  HREF="032692.html">
 </HEAD>
 <BODY BGCOLOR="#ffffff">
   <H1>Still FAILED build of OpenSSL branch master with options -d --strict-warnings no-dtls1_2-method</H1>
    <B>OpenSSL run-checker</B> 
    <A HREF="mailto:openssl-commits%40openssl.org?Subject=Re%3A%20Still%20FAILED%20build%20of%20OpenSSL%20branch%20master%20with%20options%20-d%0A%20--strict-warnings%20no-dtls1_2-method&In-Reply-To=%3C1608681687.491299.3837932.nullmailer%40run.openssl.org%3E"
       TITLE="Still FAILED build of OpenSSL branch master with options -d --strict-warnings no-dtls1_2-method">openssl at openssl.org
       </A><BR>
    <I>Wed Dec 23 00:01:27 UTC 2020</I>
    <P><UL>
        <LI>Previous message: <A HREF="032658.html">Still FAILED build of OpenSSL branch master with options -d --strict-warnings no-dtls1_2-method
</A></li>
        <LI>Next message: <A HREF="032692.html">Still FAILED build of OpenSSL branch master with options -d --strict-warnings no-dtls1_2-method
</A></li>
         <LI> <B>Messages sorted by:</B> 
              <a href="date.html#32679">[ date ]</a>
              <a href="thread.html#32679">[ thread ]</a>
              <a href="subject.html#32679">[ subject ]</a>
              <a href="author.html#32679">[ author ]</a>
         </LI>
       </UL>
    <HR>  
<!--beginarticle-->
<PRE>Platform and configuration command:

$ uname -a
Linux run 5.4.0-52-generic #57-Ubuntu SMP Thu Oct 15 10:57:00 UTC 2020 x86_64 x86_64 x86_64 GNU/Linux
$ CC=clang ../openssl/config -d --strict-warnings no-dtls1_2-method

Commit log since last time:

3a1ee3c199 Drop OPENSSL_NO_RSA everywhere
e3577adddf GitHub CI: Separate no-deprecated job from minimal job
6ed4022cd1 Fix 'no-deprecated'
a5f2782cec Fix OSSL_PARAM creation in OSSL_STORE_open_ex
5faec149c6 TEST: Fix test/endecode_test.c for 'no-legacy'
f3f2dd9dfb make update
8175476b81 GitHub CI: Add 'check-update' and 'check-docs'
ea7808143d dsa: add additional deprecated functions to CHANGES entry.
52c8535a73 dsa: provider and library deprecation changes
47422549da dsa: apps deprecation changes
575b36ecef dsa: fuzzer deprecation changes
d6fff343c8 dsa: documentation deprecation changes
b36d6a5ef8 apps/cmp.c: Correct -keyform option range w.r.t engine
f6d3359d65 apps/cmp.c: Fix bug on -path option introduced in commit 3c9d6266ed85
74cd923a78 EVP: Fix memory leak in EVP_PKEY_CTX_dup()
390f9bad69 CORE: Separate OSSL_PROVIDER activation from OSSL_PROVIDER reference
6963979f5c DECODER: Adjust the library context of keys in our decoders
e77c13f8b7 MSBLOB &amp; PVK: Make it possible to write EVP_PKEYs with provided internal key
054cde1756 DECODER EVP_PKEY: Don't store all the EVP_KEYMGMTs
4159ebca3c Github CI: run also on repository pushes

Build log ended with (last 100 lines):

        # INFO:  @ ../openssl/test/helpers/ssltestlib.c:960
        # SSL_accept() failed -1, 1
        # 80B1BEB9E37F0000:error:0A000076:SSL routines:tls_choose_sigalg:no suitable signature algorithm:../openssl/ssl/t1_lib.c:3308:
        # INFO:  @ ../openssl/test/helpers/ssltestlib.c:942
        # SSL_connect() failed -1, 1
        # 80B1BEB9E37F0000:error:0A000438:SSL routines:dtls1_read_bytes:tlsv1 alert internal error:../openssl/ssl/record/rec_layer_d1.c:610:SSL alert number 80
        # ERROR: (bool) 'create_ssl_connection(serverssl, clientssl, SSL_ERROR_NONE) == true' failed @ ../openssl/test/sslapitest.c:6463
        # false
        not ok 2 - iteration 2
# ------------------------------------------------------------------------------
    not ok 53 - test_ssl_pending
# ------------------------------------------------------------------------------
../../util/wrap.pl ../../test/sslapitest ../../../openssl/test/certs ../../../openssl/test/recipes/90-test_sslapi_data/passwd.txt /tmp/JOL_tjNZMj default ../../../openssl/test/default.cnf =&gt; 1
not ok 1 - running sslapitest
# ------------------------------------------------------------------------------
    # INFO:  @ ../openssl/test/helpers/ssltestlib.c:942
    # SSL_connect() failed -1, 1
    # 80114EC2B37F0000:error:0A000129:SSL routines:tls_setup_handshake:no suitable digest algorithm:../openssl/ssl/statem/statem_lib.c:121:The max supported SSL/TLS version needs the MD5-SHA1 digest but it is not available in the loaded providers. Use (D)TLSv1.2 or above, or load different providers
    # INFO:  @ ../openssl/test/helpers/ssltestlib.c:960
    # SSL_accept() failed -1, 1
    # 80114EC2B37F0000:error:0A000129:SSL routines:tls_setup_handshake:no suitable digest algorithm:../openssl/ssl/statem/statem_lib.c:121:The max supported SSL/TLS version needs the MD5-SHA1 digest but it is not available in the loaded providers. Use (D)TLSv1.2 or above, or load different providers
    # ERROR: (bool) 'create_ssl_connection(serverssl, clientssl, SSL_ERROR_NONE) == true' failed @ ../openssl/test/sslapitest.c:852
    # false
    not ok 3 - test_large_message_dtls
# ------------------------------------------------------------------------------
    # INFO:  @ ../openssl/test/helpers/ssltestlib.c:942
    # SSL_connect() failed -1, 1
    # 80114EC2B37F0000:error:0A000129:SSL routines:tls_setup_handshake:no suitable digest algorithm:../openssl/ssl/statem/statem_lib.c:121:The max supported SSL/TLS version needs the MD5-SHA1 digest but it is not available in the loaded providers. Use (D)TLSv1.2 or above, or load different providers
    # INFO:  @ ../openssl/test/helpers/ssltestlib.c:960
    # SSL_accept() failed -1, 1
    # 80114EC2B37F0000:error:0A000129:SSL routines:tls_setup_handshake:no suitable digest algorithm:../openssl/ssl/statem/statem_lib.c:121:The max supported SSL/TLS version needs the MD5-SHA1 digest but it is not available in the loaded providers. Use (D)TLSv1.2 or above, or load different providers
    # ERROR: (bool) 'create_ssl_connection(serverssl, clientssl, SSL_ERROR_NONE) == true' failed @ ../openssl/test/sslapitest.c:1333
    # false
    # ERROR: (bool) 'execute_cleanse_plaintext(DTLS_server_method(), DTLS_client_method(), DTLS1_VERSION, 0) == true' failed @ ../openssl/test/sslapitest.c:1411
    # false
    not ok 4 - test_cleanse_plaintext
# ------------------------------------------------------------------------------
        # INFO:  @ ../openssl/test/helpers/ssltestlib.c:942
        # SSL_connect() failed -1, 1
        # 80114EC2B37F0000:error:0A000129:SSL routines:tls_setup_handshake:no suitable digest algorithm:../openssl/ssl/statem/statem_lib.c:121:The max supported SSL/TLS version needs the MD5-SHA1 digest but it is not available in the loaded providers. Use (D)TLSv1.2 or above, or load different providers
        # INFO:  @ ../openssl/test/helpers/ssltestlib.c:960
        # SSL_accept() failed -1, 1
        # 80114EC2B37F0000:error:0A000129:SSL routines:tls_setup_handshake:no suitable digest algorithm:../openssl/ssl/statem/statem_lib.c:121:The max supported SSL/TLS version needs the MD5-SHA1 digest but it is not available in the loaded providers. Use (D)TLSv1.2 or above, or load different providers
        # ERROR: (bool) 'create_ssl_connection(serverssl, clientssl, SSL_ERROR_NONE) == true' failed @ ../openssl/test/sslapitest.c:6463
        # false
        not ok 2 - iteration 2
# ------------------------------------------------------------------------------
    not ok 53 - test_ssl_pending
# ------------------------------------------------------------------------------
../../util/wrap.pl ../../test/sslapitest ../../../openssl/test/certs ../../../openssl/test/recipes/90-test_sslapi_data/passwd.txt /tmp/JOL_tjNZMj fips ../../../openssl/test/fips-and-base.cnf =&gt; 1
not ok 3 - running sslapitest
# ------------------------------------------------------------------------------
#   Failed test 'running sslapitest'
#   at ../openssl/test/recipes/90-test_sslapi.t line 45.
# Looks like you failed 2 tests of 3.90-test_sslapi.t ................... 
Dubious, test returned 2 (wstat 512, 0x200)
Failed 2/3 subtests 
90-test_sslbuffers.t ............... ok
90-test_store.t .................... ok
90-test_sysdefault.t ............... ok
90-test_threads.t .................. ok
90-test_time_offset.t .............. ok
90-test_tls13ccs.t ................. ok
90-test_tls13encryption.t .......... ok
90-test_tls13secrets.t ............. ok
90-test_v3name.t ................... ok
95-test_external_boringssl.t ....... skipped: No external tests in this configuration
95-test_external_gost_engine.t ..... skipped: No external tests in this configuration
95-test_external_krb5.t ............ skipped: No external tests in this configuration
95-test_external_pyca.t ............ skipped: No external tests in this configuration
99-test_ecstress.t ................. ok
99-test_fuzz_asn1.t ................ ok
99-test_fuzz_asn1parse.t ........... ok
99-test_fuzz_bignum.t .............. ok
99-test_fuzz_bndiv.t ............... ok
99-test_fuzz_client.t .............. ok
99-test_fuzz_cmp.t ................. ok
99-test_fuzz_cms.t ................. ok
99-test_fuzz_conf.t ................ ok
99-test_fuzz_crl.t ................. ok
99-test_fuzz_ct.t .................. ok
99-test_fuzz_server.t .............. ok
99-test_fuzz_x509.t ................ ok

Test Summary Report
-------------------
80-test_dtls.t                   (Wstat: 256 Tests: 1 Failed: 1)
  Failed test:  1
  Non-zero exit status: 1
80-test_ssl_new.t                (Wstat: 768 Tests: 31 Failed: 3)
  Failed tests:  8, 17, 19
  Non-zero exit status: 3
90-test_sslapi.t                 (Wstat: 512 Tests: 3 Failed: 2)
  Failed tests:  1, 3
  Non-zero exit status: 2
Files=227, Tests=3559, 666 wallclock secs (11.25 usr  1.18 sys + 598.41 cusr 64.91 csys = 675.75 CPU)
Result: FAIL
make[1]: *** [Makefile:3264: _tests] Error 1
make[1]: Leaving directory '/home/openssl/run-checker/no-dtls1_2-method'
make: *** [Makefile:3261: tests] Error 2
</PRE>











<!--endarticle-->
    <HR>
    <P><UL>
        <!--threads-->
	<LI>Previous message: <A HREF="032658.html">Still FAILED build of OpenSSL branch master with options -d --strict-warnings no-dtls1_2-method
</A></li>
	<LI>Next message: <A HREF="032692.html">Still FAILED build of OpenSSL branch master with options -d --strict-warnings no-dtls1_2-method
</A></li>
         <LI> <B>Messages sorted by:</B> 
              <a href="date.html#32679">[ date ]</a>
              <a href="thread.html#32679">[ thread ]</a>
              <a href="subject.html#32679">[ subject ]</a>
              <a href="author.html#32679">[ author ]</a>
         </LI>
       </UL>

<hr>
<a href="../../../mailman/listinfo/openssl-commits.html">More information about the openssl-commits
mailing list</a><br>
</body></html>
