<!DOCTYPE HTML PUBLIC "-//W3C//DTD HTML 4.01 Transitional//EN">
<HTML>
 <HEAD>
   <TITLE> FAILED build of OpenSSL branch master with options -d --strict-warnings enable-asan no-shared -DOPENSSL_SMALL_FOOTPRINT
   </TITLE>
   <LINK REL="Index" HREF="https://mta.openssl.org/pipermail/openssl-commits/2020-December/index.html" >
   <LINK REL="made" HREF="mailto:openssl-commits%40openssl.org?Subject=Re%3A%20FAILED%20build%20of%20OpenSSL%20branch%20master%20with%20options%20-d%0A%20--strict-warnings%20enable-asan%20no-shared%20-DOPENSSL_SMALL_FOOTPRINT&In-Reply-To=%3C1608162994.345672.239979.nullmailer%40run.openssl.org%3E">
   <META NAME="robots" CONTENT="index,nofollow">
   <style type="text/css">
       pre {
           white-space: pre-wrap;       /* css-2.1, curent FF, Opera, Safari */
           }
   </style>
   <META http-equiv="Content-Type" content="text/html; charset=us-ascii">
   <LINK REL="Previous"  HREF="032631.html">
   <LINK REL="Next"  HREF="032654.html">
 </HEAD>
 <BODY BGCOLOR="#ffffff">
   <H1>FAILED build of OpenSSL branch master with options -d --strict-warnings enable-asan no-shared -DOPENSSL_SMALL_FOOTPRINT</H1>
    <B>OpenSSL run-checker</B> 
    <A HREF="mailto:openssl-commits%40openssl.org?Subject=Re%3A%20FAILED%20build%20of%20OpenSSL%20branch%20master%20with%20options%20-d%0A%20--strict-warnings%20enable-asan%20no-shared%20-DOPENSSL_SMALL_FOOTPRINT&In-Reply-To=%3C1608162994.345672.239979.nullmailer%40run.openssl.org%3E"
       TITLE="FAILED build of OpenSSL branch master with options -d --strict-warnings enable-asan no-shared -DOPENSSL_SMALL_FOOTPRINT">openssl at openssl.org
       </A><BR>
    <I>Wed Dec 16 23:56:34 UTC 2020</I>
    <P><UL>
        <LI>Previous message: <A HREF="032631.html">Build completed: openssl master.38734
</A></li>
        <LI>Next message: <A HREF="032654.html">Build failed: openssl master.38790
</A></li>
         <LI> <B>Messages sorted by:</B> 
              <a href="date.html#32642">[ date ]</a>
              <a href="thread.html#32642">[ thread ]</a>
              <a href="subject.html#32642">[ subject ]</a>
              <a href="author.html#32642">[ author ]</a>
         </LI>
       </UL>
    <HR>  
<!--beginarticle-->
<PRE>Platform and configuration command:

$ uname -a
Linux run 5.4.0-52-generic #57-Ubuntu SMP Thu Oct 15 10:57:00 UTC 2020 x86_64 x86_64 x86_64 GNU/Linux
$ CC=clang ../openssl/config -d --strict-warnings enable-asan no-shared -DOPENSSL_SMALL_FOOTPRINT

Commit log since last time:

a2e145f8db Add necessary checks of OPENSSL_NO_DH, OPENSSL_NO_DSA and OPENSSL_NO_EC
c2403f362e Drop unnecessary checks of OPENSSL_NO_DH, OPENSSL_NO_DSA and OPENSSL_NO_EC
565b33990c EVP_PKEY &amp; EC_KEY: Make EC EVP_PKEY_CTX parameter ctrls / setters more available
c829c23b67 EVP_PKEY &amp; DH: Make DH EVP_PKEY_CTX parameter ctrls / setters more available
d33ab074ef EVP_PKEY &amp; DSA: move dsa_ctrl.c to be included only on libcrypto
0cc0164d19 PROV: Add MSBLOB and PVK encoders
2984445d3a TEST: Fix test/recipes/15-test_rsa.t
542b84881c APPS: Correct the output structure for public keys in 'openssl rsa'
021410ea3f Check non-option arguments
c678f68a19 test: document the random test ordering env variable
a21a1c23c9 test: print OPENSSL_TEST_RAND_ORDER=x when a randomised test fails.
2f06c34b0e Document OCSP_REQ_CTX_i2d.
ecef17c367 Deprecate OCSP_REQ_CTX_set1_req
249d559545 Skip tests depending on deprecated list -*-commands options
a08489e241 Documenting the options deprecating in CHANGES.md
8ce7579d7d Documenting the options deprecating
a61fba5da6 Skip unavailable digests and ciphers in -*-commands
cb75a155b6 Deprecate -cipher-commands and -digest-commands options
908465be59 OPENSSL_NO_GOST has nothing to do with low-level algos
52c6c12c1c Configurations: PowerPC is big endian
3dafbd4468 Change AES-CTS modes CS2 and CS3 to also be inside the fips module.
ac7750bb5e Fix Segfault in EVP_PKEY_CTX_dup when the ctx has an undefined operation.
c739222b5a Fix no-threads

Build log ended with (last 100 lines):

70-test_servername.t ............... ok
70-test_sslcbcpadding.t ............ skipped: test_sslcbcpadding needs the dynamic engine feature enabled
70-test_sslcertstatus.t ............ skipped: test_sslcertstatus needs the dynamic engine feature enabled
70-test_sslextension.t ............. skipped: test_sslextension needs the dynamic engine feature enabled
70-test_sslmessages.t .............. skipped: test_sslmessages needs the dynamic engine feature enabled
70-test_sslrecords.t ............... skipped: test_sslrecords needs the dynamic engine feature enabled
70-test_sslsessiontick.t ........... skipped: test_sslsessiontick needs the dynamic engine feature enabled
70-test_sslsigalgs.t ............... skipped: test_sslsigalgs needs the dynamic engine feature enabled
70-test_sslsignature.t ............. skipped: test_sslsignature needs the dynamic engine feature enabled
70-test_sslskewith0p.t ............. skipped: test_sslskewith0p needs the dynamic engine feature enabled
70-test_sslversions.t .............. skipped: test_sslversions needs the dynamic engine feature enabled
70-test_sslvertol.t ................ skipped: test_sslextension needs the dynamic engine feature enabled
70-test_tls13alerts.t .............. skipped: test_tls13alerts needs the dynamic engine feature enabled
70-test_tls13cookie.t .............. skipped: test_tls13cookie needs the dynamic engine feature enabled
70-test_tls13downgrade.t ........... skipped: test_tls13downgrade needs the dynamic engine feature enabled
70-test_tls13hrr.t ................. skipped: test_tls13hrr needs the dynamic engine feature enabled
70-test_tls13kexmodes.t ............ skipped: test_tls13kexmodes needs the dynamic engine feature enabled
70-test_tls13messages.t ............ skipped: test_tls13messages needs the dynamic engine feature enabled
70-test_tls13psk.t ................. skipped: test_tls13psk needs the dynamic engine feature enabled
70-test_tlsextms.t ................. skipped: test_tlsextms needs the dynamic engine feature enabled
70-test_verify_extra.t ............. ok
70-test_wpacket.t .................. ok
71-test_ssl_ctx.t .................. ok
80-test_ca.t ....................... ok
80-test_cipherbytes.t .............. ok
80-test_cipherlist.t ............... ok
80-test_ciphername.t ............... ok

# 80-test_cms.t ...................... ok
80-test_cmsapi.t ................... ok
80-test_ct.t ....................... ok
80-test_dane.t ..................... ok
80-test_dtls.t ..................... ok
80-test_dtls_mtu.t ................. ok
80-test_dtlsv1listen.t ............. ok
80-test_http.t ..................... ok
80-test_ocsp.t ..................... ok
80-test_pkcs12.t ................... ok
80-test_ssl_new.t .................. ok
80-test_ssl_old.t .................. ok
80-test_ssl_test_ctx.t ............. ok
80-test_sslcorrupt.t ............... ok
80-test_tsa.t ...................... ok
80-test_x509aux.t .................. ok

# 81-test_cmp_cli.t .................. ok
90-test_asn1_time.t ................ ok
90-test_async.t .................... ok
90-test_bio_enc.t .................. ok
90-test_bio_memleak.t .............. ok
90-test_constant_time.t ............ ok
90-test_fatalerr.t ................. ok
90-test_fipsload.t ................. skipped: Test only supported in a shared build
90-test_gmdiff.t ................... ok
90-test_gost.t ..................... skipped: GOST support is disabled in this OpenSSL build
90-test_ige.t ...................... ok
90-test_includes.t ................. ok
90-test_memleak.t .................. ok
90-test_overhead.t ................. ok
90-test_secmem.t ................... ok
90-test_shlibload.t ................ skipped: Test only supported in a shared build
90-test_srp.t ...................... ok
90-test_sslapi.t ................... ok
90-test_sslbuffers.t ............... ok
90-test_store.t .................... ok
90-test_sysdefault.t ............... ok
90-test_threads.t .................. ok
90-test_time_offset.t .............. ok
90-test_tls13ccs.t ................. ok
90-test_tls13encryption.t .......... ok
90-test_tls13secrets.t ............. skipped: tls13secrets is not supported in this build
90-test_v3name.t ................... ok
95-test_external_boringssl.t ....... skipped: No external tests in this configuration
95-test_external_gost_engine.t ..... skipped: No external tests in this configuration
95-test_external_krb5.t ............ skipped: No external tests in this configuration
95-test_external_pyca.t ............ skipped: No external tests in this configuration
99-test_ecstress.t ................. ok
99-test_fuzz_asn1.t ................ ok
99-test_fuzz_asn1parse.t ........... ok
99-test_fuzz_bignum.t .............. ok
99-test_fuzz_bndiv.t ............... ok
99-test_fuzz_client.t .............. ok
99-test_fuzz_cmp.t ................. ok
99-test_fuzz_cms.t ................. ok
99-test_fuzz_conf.t ................ ok
99-test_fuzz_crl.t ................. ok
99-test_fuzz_ct.t .................. ok
99-test_fuzz_server.t .............. ok
99-test_fuzz_x509.t ................ ok

Test Summary Report
-------------------
30-test_evp_pkey_provided.t      (Wstat: 256 Tests: 1 Failed: 1)
  Failed test:  1
  Non-zero exit status: 1
Files=227, Tests=3136, 1661 wallclock secs (12.84 usr  1.67 sys + 1448.61 cusr 188.63 csys = 1651.75 CPU)
Result: FAIL
make[1]: *** [Makefile:2597: _tests] Error 1
make[1]: Leaving directory '/home/openssl/run-checker/enable-asan'
make: *** [Makefile:2594: tests] Error 2
</PRE>



























































<!--endarticle-->
    <HR>
    <P><UL>
        <!--threads-->
	<LI>Previous message: <A HREF="032631.html">Build completed: openssl master.38734
</A></li>
	<LI>Next message: <A HREF="032654.html">Build failed: openssl master.38790
</A></li>
         <LI> <B>Messages sorted by:</B> 
              <a href="date.html#32642">[ date ]</a>
              <a href="thread.html#32642">[ thread ]</a>
              <a href="subject.html#32642">[ subject ]</a>
              <a href="author.html#32642">[ author ]</a>
         </LI>
       </UL>

<hr>
<a href="../../../mailman/listinfo/openssl-commits.html">More information about the openssl-commits
mailing list</a><br>
</body></html>
