<!DOCTYPE HTML PUBLIC "-//W3C//DTD HTML 4.01 Transitional//EN">
<HTML>
 <HEAD>
   <TITLE> Still FAILED build of OpenSSL branch master with options -d enable-fuzz-afl no-shared no-module
   </TITLE>
   <LINK REL="Index" HREF="https://mta.openssl.org/pipermail/openssl-commits/2020-December/index.html" >
   <LINK REL="made" HREF="mailto:openssl-commits%40openssl.org?Subject=Re%3A%20Still%20FAILED%20build%20of%20OpenSSL%20branch%20master%20with%20options%20-d%0A%20enable-fuzz-afl%20no-shared%20no-module&In-Reply-To=%3C1609456492.419293.2822762.nullmailer%40run.openssl.org%3E">
   <META NAME="robots" CONTENT="index,nofollow">
   <style type="text/css">
       pre {
           white-space: pre-wrap;       /* css-2.1, curent FF, Opera, Safari */
           }
   </style>
   <META http-equiv="Content-Type" content="text/html; charset=us-ascii">
   <LINK REL="Previous"  HREF="032697.html">
   <LINK REL="Next"  HREF="032517.html">
 </HEAD>
 <BODY BGCOLOR="#ffffff">
   <H1>Still FAILED build of OpenSSL branch master with options -d enable-fuzz-afl no-shared no-module</H1>
    <B>OpenSSL run-checker</B> 
    <A HREF="mailto:openssl-commits%40openssl.org?Subject=Re%3A%20Still%20FAILED%20build%20of%20OpenSSL%20branch%20master%20with%20options%20-d%0A%20enable-fuzz-afl%20no-shared%20no-module&In-Reply-To=%3C1609456492.419293.2822762.nullmailer%40run.openssl.org%3E"
       TITLE="Still FAILED build of OpenSSL branch master with options -d enable-fuzz-afl no-shared no-module">openssl at openssl.org
       </A><BR>
    <I>Thu Dec 31 23:14:52 UTC 2020</I>
    <P><UL>
        <LI>Previous message: <A HREF="032697.html">Still FAILED build of OpenSSL branch master with options -d enable-fuzz-afl no-shared no-module
</A></li>
        <LI>Next message: <A HREF="032517.html">Build failed: openssl master.38532
</A></li>
         <LI> <B>Messages sorted by:</B> 
              <a href="date.html#32708">[ date ]</a>
              <a href="thread.html#32708">[ thread ]</a>
              <a href="subject.html#32708">[ subject ]</a>
              <a href="author.html#32708">[ author ]</a>
         </LI>
       </UL>
    <HR>  
<!--beginarticle-->
<PRE>Platform and configuration command:

$ uname -a
Linux run 5.4.0-52-generic #57-Ubuntu SMP Thu Oct 15 10:57:00 UTC 2020 x86_64 x86_64 x86_64 GNU/Linux
$ CC=afl-clang-fast ../openssl/config -d enable-fuzz-afl no-shared no-module

Commit log since last time:

30af356df4 Don't call EVP_CIPHER_CTX_block_size() to find the block size

Build log ended with (last 100 lines):

# warn_cert_msg:../openssl/apps/cmp.c:687:CMP warning: certificate from 'trusted.crt' with subject '/O=openssl_cmp' is not a CA cert
# setup_client_ctx:../openssl/apps/cmp.c:1980:CMP info: will contact <A HREF="http://127.0.0.1:1700/pkix/">http://127.0.0.1:1700/pkix/</A>
# send_receive_check:../openssl/crypto/cmp/cmp_client.c:165:CMP info: sending IR
# send_receive_check:../openssl/crypto/cmp/cmp_client.c:183:CMP info: received IP
# send_receive_check:../openssl/crypto/cmp/cmp_client.c:165:CMP info: sending CERTCONF
# send_receive_check:../openssl/crypto/cmp/cmp_client.c:183:CMP info: received PKICONF
# save_free_certs:../openssl/apps/cmp.c:2030:CMP info: received 1 enrolled certificate(s), saving to file '../../../../../enable-fuzz-afl/test-runs/test_cmp_cli/test.certout_popo1.pem'
../../../../../enable-fuzz-afl/util/wrap.pl ../../../../../enable-fuzz-afl/apps/openssl cmp -config ../Mock/test.cnf -section 'Mock enrollment' -certout ../../../../../enable-fuzz-afl/test-runs/test_cmp_cli/test.cert.pem -proxy '' -no_proxy 127.0.0.1 -cmd ir -newkey new.key -newkeypass 'pass:' -popo 0 -certout ../../../../../enable-fuzz-afl/test-runs/test_cmp_cli/test.certout_popo1.pem -out_trusted root.crt =&gt; 0
    not ok 43 - popo RAVERIFIED
# ------------------------------------------------------------------------------
# cmp_main:../openssl/apps/cmp.c:2663:CMP info: using section(s) 'Mock enrollment' of OpenSSL configuration file '../Mock/test.cnf'
# opt_str:../openssl/apps/cmp.c:2263:CMP warning: argument of -proxy option is empty string, resetting option
# warn_cert_msg:../openssl/apps/cmp.c:687:CMP warning: certificate from 'trusted.crt' with subject '/O=openssl_cmp' is not a CA cert
# setup_client_ctx:../openssl/apps/cmp.c:1980:CMP info: will contact <A HREF="http://127.0.0.1:1700/pkix/">http://127.0.0.1:1700/pkix/</A>
# send_receive_check:../openssl/crypto/cmp/cmp_client.c:165:CMP info: sending IR
# send_receive_check:../openssl/crypto/cmp/cmp_client.c:183:CMP info: received IP
# send_receive_check:../openssl/crypto/cmp/cmp_client.c:165:CMP info: sending CERTCONF
# send_receive_check:../openssl/crypto/cmp/cmp_client.c:183:CMP info: received PKICONF
# save_free_certs:../openssl/apps/cmp.c:2030:CMP info: received 1 enrolled certificate(s), saving to file '../../../../../enable-fuzz-afl/test-runs/test_cmp_cli/test.certout_popo5.pem'
../../../../../enable-fuzz-afl/util/wrap.pl ../../../../../enable-fuzz-afl/apps/openssl cmp -config ../Mock/test.cnf -section 'Mock enrollment' -certout ../../../../../enable-fuzz-afl/test-runs/test_cmp_cli/test.cert.pem -proxy '' -no_proxy 127.0.0.1 -cmd ir -newkey new.key -newkeypass 'pass:' -popo -1 -certout ../../../../../enable-fuzz-afl/test-runs/test_cmp_cli/test.certout_popo5.pem -out_trusted root.crt =&gt; 0
    not ok 47 - popo NONE
# ------------------------------------------------------------------------------
    #   Failed test 'popo NONE'
    #   at ../openssl/test/recipes/81-test_cmp_cli.t line 183.
# cmp_main:../openssl/apps/cmp.c:2663:CMP info: using section(s) 'Mock enrollment' of OpenSSL configuration file '../Mock/test.cnf'
# opt_str:../openssl/apps/cmp.c:2263:CMP warning: argument of -proxy option is empty string, resetting option
# warn_cert_msg:../openssl/apps/cmp.c:687:CMP warning: certificate from 'trusted.crt' with subject '/O=openssl_cmp' is not a CA cert
# setup_client_ctx:../openssl/apps/cmp.c:1980:CMP info: will contact <A HREF="http://127.0.0.1:1700/pkix/">http://127.0.0.1:1700/pkix/</A>
# send_receive_check:../openssl/crypto/cmp/cmp_client.c:165:CMP info: sending IR
# send_receive_check:../openssl/crypto/cmp/cmp_client.c:183:CMP info: received IP
# send_receive_check:../openssl/crypto/cmp/cmp_client.c:165:CMP info: sending CERTCONF
# send_receive_check:../openssl/crypto/cmp/cmp_client.c:183:CMP info: received PKICONF
# save_free_certs:../openssl/apps/cmp.c:2030:CMP info: received 1 enrolled certificate(s), saving to file '../../../../../enable-fuzz-afl/test-runs/test_cmp_cli/test.certout_popo6.pem'
../../../../../enable-fuzz-afl/util/wrap.pl ../../../../../enable-fuzz-afl/apps/openssl cmp -config ../Mock/test.cnf -section 'Mock enrollment' -certout ../../../../../enable-fuzz-afl/test-runs/test_cmp_cli/test.cert.pem -proxy '' -no_proxy 127.0.0.1 -cmd ir -newkey new.key -newkeypass 'pass:' -popo 2 -certout ../../../../../enable-fuzz-afl/test-runs/test_cmp_cli/test.certout_popo6.pem -out_trusted root.crt =&gt; 0
    not ok 48 - popo KEYENC not supported
# ------------------------------------------------------------------------------
    # Looks like you failed 3 tests of 92.
not ok 7 - CMP app CLI Mock enrollment
# ------------------------------------------------------------------------------
# 
#   Failed test 'CMP app CLI Mock enrollment
# '
#   at /home/openssl/run-checker/enable-fuzz-afl/../openssl/util/perl/OpenSSL/Test.pm line 1335.
# Looks like you failed 3 tests of 7.81-test_cmp_cli.t .................. 
Dubious, test returned 3 (wstat 768, 0x300)
Failed 3/7 subtests 
90-test_asn1_time.t ................ ok
90-test_async.t .................... ok
90-test_bio_enc.t .................. ok
90-test_bio_memleak.t .............. ok
90-test_constant_time.t ............ ok
90-test_fatalerr.t ................. ok
90-test_fipsload.t ................. skipped: Test only supported in a shared build
90-test_gmdiff.t ................... ok
90-test_gost.t ..................... skipped: GOST support is disabled in this OpenSSL build
90-test_ige.t ...................... ok
90-test_includes.t ................. ok
90-test_memleak.t .................. ok
90-test_overhead.t ................. ok
90-test_secmem.t ................... ok
90-test_shlibload.t ................ skipped: Test only supported in a shared build
90-test_srp.t ...................... ok
90-test_sslapi.t ................... ok
90-test_sslbuffers.t ............... ok
90-test_store.t .................... ok
90-test_sysdefault.t ............... ok
90-test_threads.t .................. ok
90-test_time_offset.t .............. ok
90-test_tls13ccs.t ................. ok
90-test_tls13encryption.t .......... ok
90-test_tls13secrets.t ............. skipped: tls13secrets is not supported in this build
90-test_v3name.t ................... ok
95-test_external_boringssl.t ....... skipped: No external tests in this configuration
95-test_external_gost_engine.t ..... skipped: No external tests in this configuration
95-test_external_krb5.t ............ skipped: No external tests in this configuration
95-test_external_pyca.t ............ skipped: No external tests in this configuration
99-test_ecstress.t ................. ok
99-test_fuzz_asn1.t ................ ok
99-test_fuzz_asn1parse.t ........... ok
99-test_fuzz_bignum.t .............. ok
99-test_fuzz_bndiv.t ............... ok
99-test_fuzz_client.t .............. ok
99-test_fuzz_cmp.t ................. ok
99-test_fuzz_cms.t ................. ok
99-test_fuzz_conf.t ................ ok
99-test_fuzz_crl.t ................. ok
99-test_fuzz_ct.t .................. ok
99-test_fuzz_server.t .............. ok
99-test_fuzz_x509.t ................ ok

Test Summary Report
-------------------
81-test_cmp_cli.t                (Wstat: 768 Tests: 7 Failed: 3)
  Failed tests:  4-5, 7
  Non-zero exit status: 3
Files=227, Tests=2999, 728 wallclock secs (10.55 usr  1.33 sys + 636.82 cusr 70.68 csys = 719.38 CPU)
Result: FAIL
make[1]: *** [Makefile:2456: _tests] Error 1
make[1]: Leaving directory '/home/openssl/run-checker/enable-fuzz-afl'
make: *** [Makefile:2453: tests] Error 2
</PRE>

<!--endarticle-->
    <HR>
    <P><UL>
        <!--threads-->
	<LI>Previous message: <A HREF="032697.html">Still FAILED build of OpenSSL branch master with options -d enable-fuzz-afl no-shared no-module
</A></li>
	<LI>Next message: <A HREF="032517.html">Build failed: openssl master.38532
</A></li>
         <LI> <B>Messages sorted by:</B> 
              <a href="date.html#32708">[ date ]</a>
              <a href="thread.html#32708">[ thread ]</a>
              <a href="subject.html#32708">[ subject ]</a>
              <a href="author.html#32708">[ author ]</a>
         </LI>
       </UL>

<hr>
<a href="../../../mailman/listinfo/openssl-commits.html">More information about the openssl-commits
mailing list</a><br>
</body></html>
