<!DOCTYPE HTML PUBLIC "-//W3C//DTD HTML 4.01 Transitional//EN">
<HTML>
 <HEAD>
   <TITLE> [openssl-commits] FAILED build of OpenSSL branch master with	options -d --strict-warnings no-ui
   </TITLE>
   <LINK REL="Index" HREF="https://mta.openssl.org/pipermail/openssl-commits/2017-September/index.html" >
   <LINK REL="made" HREF="mailto:openssl-commits%40openssl.org?Subject=Re%3A%20%5Bopenssl-commits%5D%20FAILED%20build%20of%20OpenSSL%20branch%20master%20with%0A%09options%20-d%20--strict-warnings%20no-ui&In-Reply-To=%3C1504281211.574108.24519.nullmailer%40run.openssl.org%3E">
   <META NAME="robots" CONTENT="index,nofollow">
   <style type="text/css">
       pre {
           white-space: pre-wrap;       /* css-2.1, curent FF, Opera, Safari */
           }
   </style>
   <META http-equiv="Content-Type" content="text/html; charset=us-ascii">
   <LINK REL="Previous"  HREF="016227.html">
   <LINK REL="Next"  HREF="016229.html">
 </HEAD>
 <BODY BGCOLOR="#ffffff">
   <H1>[openssl-commits] FAILED build of OpenSSL branch master with	options -d --strict-warnings no-ui</H1>
    <B>OpenSSL run-checker</B> 
    <A HREF="mailto:openssl-commits%40openssl.org?Subject=Re%3A%20%5Bopenssl-commits%5D%20FAILED%20build%20of%20OpenSSL%20branch%20master%20with%0A%09options%20-d%20--strict-warnings%20no-ui&In-Reply-To=%3C1504281211.574108.24519.nullmailer%40run.openssl.org%3E"
       TITLE="[openssl-commits] FAILED build of OpenSSL branch master with	options -d --strict-warnings no-ui">openssl at openssl.org
       </A><BR>
    <I>Fri Sep  1 15:53:31 UTC 2017</I>
    <P><UL>
        <LI>Previous message: <A HREF="016227.html">[openssl-commits] FAILED build of OpenSSL branch	OpenSSL_1_1_0-stable with options -d --strict-warnings no-aria
</A></li>
        <LI>Next message: <A HREF="016229.html">[openssl-commits] Errored: openssl/openssl#13623 (et - 5ad2de8)
</A></li>
         <LI> <B>Messages sorted by:</B> 
              <a href="date.html#16228">[ date ]</a>
              <a href="thread.html#16228">[ thread ]</a>
              <a href="subject.html#16228">[ subject ]</a>
              <a href="author.html#16228">[ author ]</a>
         </LI>
       </UL>
    <HR>  
<!--beginarticle-->
<PRE>Platform and configuration command:

$ uname -a
Linux run 4.4.0-77-generic #98-Ubuntu SMP Wed Apr 26 08:34:02 UTC 2017 x86_64 x86_64 x86_64 GNU/Linux
$ CC=clang ../openssl/config -d --strict-warnings no-ui

Commit log since last time:

721614a OpenSSL::Test::__fixup_prg: don't check program existence
e66b62b util/mkdef.pl: handle line terminators correctly
0ef2802 Various review fixes for PSK early_data support
57dee9b Test for late client side detection of ALPN inconsistenties
4be3a7c Client side sanity check of ALPN after server has accepted early_data
fff202e Add some fixes for Travis failures
976e532 Add PSK early_data tests
630369d Add server side sanity checks of SNI/ALPN for use with early_data
ae8d7d9 Make sure we save ALPN data in the session
ffc5bba Complain if we are writing early data but SNI or ALPN is incorrect
6773864 Add functions for getting/setting SNI/ALPN info in SSL_SESSION
dd5b98c Show the error stack if there was an error writing early data in s_client
db919b1 Update the tests for SNI changes
c5de99a If no SNI has been explicitly set use the one from the session
0871754 Make sure we use the correct cipher when using the early_secret
e105ae8 Add HISTORY and SEE ALSO sections for the new TLSv1.3 PSK functions
e17e1df Add documentation for SSL_SESSION_set_max_early_data()
02a3ed5 Add some PSK early_data tests
98e1d93 Add SSL_SESSION_set_max_early_data()
add8d0e Enable the ability to use an external PSK for sending early_data
1775037 Fixed address family test error for AF_UNIX in BIO_ADDR_make
5859722 Add documentation for ARIA GCM modes.
ea78d1e Add ARIA as an alias for all ARIA based modes.

Build log ended with (last 100 lines):

../../openssl/test/recipes/30-test_pbelu.t .................... ok
../../openssl/test/recipes/30-test_pkey_meth.t ................ ok
../../openssl/test/recipes/30-test_pkey_meth_kdf.t ............ ok
../../openssl/test/recipes/40-test_rehash.t ................... ok
../../openssl/test/recipes/60-test_x509_check_cert_pkey.t ..... ok
../../openssl/test/recipes/60-test_x509_dup_cert.t ............ ok
../../openssl/test/recipes/60-test_x509_store.t ............... ok
../../openssl/test/recipes/60-test_x509_time.t ................ ok
../../openssl/test/recipes/70-test_asyncio.t .................. ok
../../openssl/test/recipes/70-test_bad_dtls.t ................. ok
../../openssl/test/recipes/70-test_clienthello.t .............. ok
../../openssl/test/recipes/70-test_comp.t ..................... ok
../../openssl/test/recipes/70-test_key_share.t ................ skipped: test_key_share needs TLS1.3 enabled
../../openssl/test/recipes/70-test_packet.t ................... ok
../../openssl/test/recipes/70-test_recordlen.t ................ ok
../../openssl/test/recipes/70-test_renegotiation.t ............ ok
../../openssl/test/recipes/70-test_servername.t ............... ok
../../openssl/test/recipes/70-test_sslcbcpadding.t ............ ok
../../openssl/test/recipes/70-test_sslcertstatus.t ............ ok
../../openssl/test/recipes/70-test_sslextension.t ............. ok
../../openssl/test/recipes/70-test_sslmessages.t .............. ok
../../openssl/test/recipes/70-test_sslrecords.t ............... ok
../../openssl/test/recipes/70-test_sslsessiontick.t ........... ok
../../openssl/test/recipes/70-test_sslsigalgs.t ............... ok
../../openssl/test/recipes/70-test_sslsignature.t ............. 
Dubious, test returned 2 (wstat 512, 0x200)
Failed 2/4 subtests 
	(less 1 skipped subtest: 1 okay)
../../openssl/test/recipes/70-test_sslskewith0p.t ............. ok
../../openssl/test/recipes/70-test_sslversions.t .............. skipped: test_sslversions needs TLS1.3, TLS1.2 and TLS1.1 enabled
../../openssl/test/recipes/70-test_sslvertol.t ................ skipped: Unable to start up Proxy for tests
../../openssl/test/recipes/70-test_tls13cookie.t .............. skipped: test_tls13cookie needs TLS1.3 enabled
../../openssl/test/recipes/70-test_tls13downgrade.t ........... skipped: test_tls13downgrade needs TLS1.3 and TLS1.2 enabled
../../openssl/test/recipes/70-test_tls13hrr.t ................. skipped: test_tls13hrr needs TLS1.3 enabled
../../openssl/test/recipes/70-test_tls13kexmodes.t ............ skipped: test_tls13kexmodes needs TLSv1.3 enabled
../../openssl/test/recipes/70-test_tls13messages.t ............ skipped: test_tls13messages needs TLSv1.3 enabled
../../openssl/test/recipes/70-test_tls13psk.t ................. skipped: test_tls13psk needs TLSv1.3 enabled
../../openssl/test/recipes/70-test_tlsextms.t ................. 
Dubious, test returned 5 (wstat 1280, 0x500)
Failed 5/9 subtests 
../../openssl/test/recipes/70-test_verify_extra.t ............. ok
../../openssl/test/recipes/70-test_wpacket.t .................. ok
../../openssl/test/recipes/80-test_ca.t ....................... ok
../../openssl/test/recipes/80-test_cipherbytes.t .............. ok
../../openssl/test/recipes/80-test_cipherlist.t ............... ok
../../openssl/test/recipes/80-test_ciphername.t ............... ok
../../openssl/test/recipes/80-test_cms.t ...................... ok
../../openssl/test/recipes/80-test_ct.t ....................... ok
../../openssl/test/recipes/80-test_dane.t ..................... ok
../../openssl/test/recipes/80-test_dtls.t ..................... ok
../../openssl/test/recipes/80-test_dtls_mtu.t ................. ok
../../openssl/test/recipes/80-test_dtlsv1listen.t ............. ok
../../openssl/test/recipes/80-test_ocsp.t ..................... ok
../../openssl/test/recipes/80-test_pkcs12.t ................... ok
../../openssl/test/recipes/80-test_ssl_new.t .................. ok
../../openssl/test/recipes/80-test_ssl_old.t .................. ok
../../openssl/test/recipes/80-test_ssl_test_ctx.t ............. ok
../../openssl/test/recipes/80-test_sslcorrupt.t ............... ok
../../openssl/test/recipes/80-test_tsa.t ...................... ok
../../openssl/test/recipes/80-test_x509aux.t .................. ok
../../openssl/test/recipes/90-test_asn1_time.t ................ ok
../../openssl/test/recipes/90-test_async.t .................... ok
../../openssl/test/recipes/90-test_bio_enc.t .................. ok
../../openssl/test/recipes/90-test_constant_time.t ............ ok
../../openssl/test/recipes/90-test_gmdiff.t ................... ok
../../openssl/test/recipes/90-test_ige.t ...................... ok
../../openssl/test/recipes/90-test_memleak.t .................. ok
../../openssl/test/recipes/90-test_overhead.t ................. skipped: Only supported in no-shared builds
../../openssl/test/recipes/90-test_secmem.t ................... ok
../../openssl/test/recipes/90-test_shlibload.t ................ ok
../../openssl/test/recipes/90-test_srp.t ...................... ok
../../openssl/test/recipes/90-test_sslapi.t ................... ok
../../openssl/test/recipes/90-test_sslbuffers.t ............... ok
../../openssl/test/recipes/90-test_store.t .................... ok
../../openssl/test/recipes/90-test_threads.t .................. ok
../../openssl/test/recipes/90-test_time_offset.t .............. ok
../../openssl/test/recipes/90-test_tls13encryption.t .......... skipped: tls13encryption is not supported in this build
../../openssl/test/recipes/90-test_tls13secrets.t ............. skipped: tls13secrets is not supported in this build
../../openssl/test/recipes/90-test_v3name.t ................... ok
../../openssl/test/recipes/95-test_external_boringssl.t ....... skipped: No external tests in this configuration
../../openssl/test/recipes/95-test_external_krb5.t ............ skipped: No external tests in this configuration
../../openssl/test/recipes/95-test_external_pyca.t ............ skipped: No external tests in this configuration
../../openssl/test/recipes/99-test_ecstress.t ................. ok
../../openssl/test/recipes/99-test_fuzz.t ..................... ok

Test Summary Report
-------------------
../../openssl/test/recipes/70-test_sslsignature.t           (Wstat: 512 Tests: 4 Failed: 2)
  Failed tests:  3-4
  Non-zero exit status: 2
../../openssl/test/recipes/70-test_tlsextms.t               (Wstat: 1280 Tests: 9 Failed: 5)
  Failed tests:  2-5, 7
  Non-zero exit status: 5
Files=136, Tests=1113, 487 wallclock secs ( 1.70 usr  0.23 sys + 95.04 cusr  7.26 csys = 104.23 CPU)
Result: FAIL
Makefile:167: recipe for target '_tests' failed
make[1]: *** [_tests] Error 1
make[1]: Leaving directory '/home/openssl/run-checker/no-ui'
Makefile:165: recipe for target 'tests' failed
make: *** [tests] Error 2
</PRE>
















































































































<!--endarticle-->
    <HR>
    <P><UL>
        <!--threads-->
	<LI>Previous message: <A HREF="016227.html">[openssl-commits] FAILED build of OpenSSL branch	OpenSSL_1_1_0-stable with options -d --strict-warnings no-aria
</A></li>
	<LI>Next message: <A HREF="016229.html">[openssl-commits] Errored: openssl/openssl#13623 (et - 5ad2de8)
</A></li>
         <LI> <B>Messages sorted by:</B> 
              <a href="date.html#16228">[ date ]</a>
              <a href="thread.html#16228">[ thread ]</a>
              <a href="subject.html#16228">[ subject ]</a>
              <a href="author.html#16228">[ author ]</a>
         </LI>
       </UL>

<hr>
<a href="../../../mailman/listinfo/openssl-commits.html">More information about the openssl-commits
mailing list</a><br>
</body></html>
