<!DOCTYPE HTML PUBLIC "-//W3C//DTD HTML 4.01 Transitional//EN">
<HTML>
 <HEAD>
   <TITLE> Still FAILED build of OpenSSL branch master with options -d --strict-warnings no-dtls1_2-method
   </TITLE>
   <LINK REL="Index" HREF="https://mta.openssl.org/pipermail/openssl-commits/2020-July/index.html" >
   <LINK REL="made" HREF="mailto:openssl-commits%40openssl.org?Subject=Re%3A%20Still%20FAILED%20build%20of%20OpenSSL%20branch%20master%20with%20options%20-d%0A%20--strict-warnings%20no-dtls1_2-method&In-Reply-To=%3C1594156084.928257.9707.nullmailer%40run.openssl.org%3E">
   <META NAME="robots" CONTENT="index,nofollow">
   <style type="text/css">
       pre {
           white-space: pre-wrap;       /* css-2.1, curent FF, Opera, Safari */
           }
   </style>
   <META http-equiv="Content-Type" content="text/html; charset=us-ascii">
   <LINK REL="Previous"  HREF="029525.html">
   <LINK REL="Next"  HREF="029598.html">
 </HEAD>
 <BODY BGCOLOR="#ffffff">
   <H1>Still FAILED build of OpenSSL branch master with options -d --strict-warnings no-dtls1_2-method</H1>
    <B>OpenSSL run-checker</B> 
    <A HREF="mailto:openssl-commits%40openssl.org?Subject=Re%3A%20Still%20FAILED%20build%20of%20OpenSSL%20branch%20master%20with%20options%20-d%0A%20--strict-warnings%20no-dtls1_2-method&In-Reply-To=%3C1594156084.928257.9707.nullmailer%40run.openssl.org%3E"
       TITLE="Still FAILED build of OpenSSL branch master with options -d --strict-warnings no-dtls1_2-method">openssl at openssl.org
       </A><BR>
    <I>Tue Jul  7 21:08:04 UTC 2020</I>
    <P><UL>
        <LI>Previous message: <A HREF="029525.html">Still FAILED build of OpenSSL branch master with options -d --strict-warnings no-dtls1_2-method
</A></li>
        <LI>Next message: <A HREF="029598.html">Still FAILED build of OpenSSL branch master with options -d --strict-warnings no-dtls1_2-method
</A></li>
         <LI> <B>Messages sorted by:</B> 
              <a href="date.html#29563">[ date ]</a>
              <a href="thread.html#29563">[ thread ]</a>
              <a href="subject.html#29563">[ subject ]</a>
              <a href="author.html#29563">[ author ]</a>
         </LI>
       </UL>
    <HR>  
<!--beginarticle-->
<PRE>Platform and configuration command:

$ uname -a
Linux run 4.15.0-106-generic #107-Ubuntu SMP Thu Jun 4 11:27:52 UTC 2020 x86_64 x86_64 x86_64 GNU/Linux
$ CC=clang ../openssl/config -d --strict-warnings no-dtls1_2-method

Commit log since last time:

1b726e9b91 TEST: update 02-test_errstr.t to have better tests
fa7a807435 SSL: fix misuse of ERR_LIB_SYS
17b7f89684 TEST: fix test/errtest.c
71f2994b15 ERR: special case system errors
163b2bcd8b ERR: refactor global error codes
dd76b90ef6 CORE: perform post-condition in algorithm_do_this() under all circumstances
1dc1ea182b Fix many MarkDown issues in {NOTES*,README*,HACKING,LICENSE}.md files
036cbb6bbf Rename NOTES*, README*, VERSION, HACKING, LICENSE to .md or .txt
915e7e75a4 util/markdownlint.rb: Add two rule exceptions: MD023 and MD026
c996f71bab apps: remove NULL check imn release_engine since ENGINE_free also does it.
2f142901ca coverity 1464983: null pointer dereference
6f924bb89e coverity 1464984: Null pointer dereferences
9283e9bd11 cmp: remove NULL check.
c4d0221405 coverity: CID 1464987: USE AFTER FREE
22f7f42433 rand: avoid caching RNG parameters.
7dc38bea94 Refactor the EVP_RAND code to make locking issues less likely
132abb21f9 rand: fix recursive locking issue.
8c1cbc7210 Fix typos and repeated words
3a19f1a9dd Configuration and build:  Fix solaris tags
1cafbb799a util/perl/OpenSSL/config.pm: Fix /armv[7-9].*-.*-linux2/
16328e9f6c NOTE.WIN: suggest the audetecting configuration variant as well
b2bed3c6e5 util/perl/OpenSSL/config.pm: move misplaced Windows and VMS entries
bb2d726d75 Fix a typo in the i2d_TYPE_fp documentation
5b393802ed Don't run the cmp_cli tests if using FUZZING_BUILD_MODE
ca3245a619 If an empty password is supplied still try to use it
5a640713f3 Ensure a string is properly terminated in http_client.c
64bb6276d1 81-test_cmp_cli.t: Correct subroutine quote_spc_empty and its use
8913760960 81-test_cmp_cli.t: Streamline {start,stop}_mock_server and improve port setting
94fcec0902 test/run_tests.pl: Add alias REPORT_FAILURES{,_PROGRESS} for VF and VFP
a812549108 test/run_tests.pl: Add visual separator after failed test case for VFP and VFP modes
e4522e1059 test/run_tests.pl: Enhance the semantics of HARNESS_VERBOSE_FAILURES (VF)
ea4ee152a7 Configure: fix handling of build.info attributes with value
e7869ef137 Fix up build issue when running cpp tests
0c4444121c doc: Remove stray backtick

Build log ended with (last 100 lines):

90-test_fatalerr.t ................. ok
90-test_gmdiff.t ................... ok
90-test_gost.t ..................... ok
90-test_ige.t ...................... ok
90-test_includes.t ................. ok
90-test_memleak.t .................. ok
90-test_overhead.t ................. ok
90-test_secmem.t ................... ok
90-test_shlibload.t ................ ok
90-test_srp.t ...................... ok

    # INFO:  @ ../openssl/test/ssltestlib.c:964
    # SSL_accept() failed -1, 1
    # C0203C5A3C7F0000:error::SSL routines::no suitable signature algorithm:../openssl/ssl/t1_lib.c:3329:
    # INFO:  @ ../openssl/test/ssltestlib.c:946
    # SSL_connect() failed -1, 1
    # C0203C5A3C7F0000:error::SSL routines::tlsv1 alert internal error:../openssl/ssl/record/rec_layer_d1.c:612:SSL alert number 80
    # ERROR: (bool) 'create_ssl_connection(serverssl, clientssl, SSL_ERROR_NONE) == true' failed @ ../openssl/test/sslapitest.c:843
    # false
    not ok 3 - test_large_message_dtls
# ------------------------------------------------------------------------------
        # INFO:  @ ../openssl/test/ssltestlib.c:964
        # SSL_accept() failed -1, 1
        # C0203C5A3C7F0000:error::SSL routines::no suitable signature algorithm:../openssl/ssl/t1_lib.c:3329:
        # INFO:  @ ../openssl/test/ssltestlib.c:946
        # SSL_connect() failed -1, 1
        # C0203C5A3C7F0000:error::SSL routines::tlsv1 alert internal error:../openssl/ssl/record/rec_layer_d1.c:612:SSL alert number 80
        # ERROR: (bool) 'create_ssl_connection(serverssl, clientssl, SSL_ERROR_NONE) == true' failed @ ../openssl/test/sslapitest.c:6632
        # false
        not ok 2 - iteration 2
# ------------------------------------------------------------------------------
    not ok 52 - test_ssl_pending
# ------------------------------------------------------------------------------
../../util/wrap.pl ../../test/sslapitest ../../../openssl/test/certs ../../../openssl/test/recipes/90-test_sslapi_data/passwd.txt /tmp/rzVk9pGMIn default ../../../openssl/test/default.cnf =&gt; 1
not ok 1 - running sslapitest
# ------------------------------------------------------------------------------
    # INFO:  @ ../openssl/test/ssltestlib.c:964
    # SSL_accept() failed -1, 1
    # C060C5D1827F0000:error::SSL routines::no suitable signature algorithm:../openssl/ssl/t1_lib.c:3329:
    # INFO:  @ ../openssl/test/ssltestlib.c:946
    # SSL_connect() failed -1, 1
    # C060C5D1827F0000:error::SSL routines::tlsv1 alert internal error:../openssl/ssl/record/rec_layer_d1.c:612:SSL alert number 80
    # ERROR: (bool) 'create_ssl_connection(serverssl, clientssl, SSL_ERROR_NONE) == true' failed @ ../openssl/test/sslapitest.c:843
    # false
    not ok 3 - test_large_message_dtls
# ------------------------------------------------------------------------------
        # INFO:  @ ../openssl/test/ssltestlib.c:964
        # SSL_accept() failed -1, 1
        # C060C5D1827F0000:error::SSL routines::no suitable signature algorithm:../openssl/ssl/t1_lib.c:3329:
        # INFO:  @ ../openssl/test/ssltestlib.c:946
        # SSL_connect() failed -1, 1
        # C060C5D1827F0000:error::SSL routines::tlsv1 alert internal error:../openssl/ssl/record/rec_layer_d1.c:612:SSL alert number 80
        # ERROR: (bool) 'create_ssl_connection(serverssl, clientssl, SSL_ERROR_NONE) == true' failed @ ../openssl/test/sslapitest.c:6632
        # false
        not ok 2 - iteration 2
# ------------------------------------------------------------------------------
    not ok 52 - test_ssl_pending
# ------------------------------------------------------------------------------
../../util/wrap.pl ../../test/sslapitest ../../../openssl/test/certs ../../../openssl/test/recipes/90-test_sslapi_data/passwd.txt /tmp/rzVk9pGMIn fips ../../../openssl/test/fips.cnf =&gt; 1
not ok 3 - running sslapitest
# ------------------------------------------------------------------------------
#   Failed test 'running sslapitest'
#   at ../openssl/test/recipes/90-test_sslapi.t line 47.
# Looks like you failed 2 tests of 3.90-test_sslapi.t ................... 
Dubious, test returned 2 (wstat 512, 0x200)
Failed 2/3 subtests 
90-test_sslbuffers.t ............... ok
90-test_store.t .................... ok
90-test_sysdefault.t ............... ok
90-test_threads.t .................. ok
90-test_time_offset.t .............. ok
90-test_tls13ccs.t ................. ok
90-test_tls13encryption.t .......... ok
90-test_tls13secrets.t ............. ok
90-test_v3name.t ................... ok
95-test_external_boringssl.t ....... skipped: No external tests in this configuration
95-test_external_gost_engine.t ..... skipped: No external tests in this configuration
95-test_external_krb5.t ............ skipped: No external tests in this configuration
95-test_external_pyca.t ............ skipped: No external tests in this configuration
99-test_ecstress.t ................. ok
99-test_fuzz.t ..................... ok

Test Summary Report
-------------------
80-test_dtls.t                   (Wstat: 256 Tests: 1 Failed: 1)
  Failed test:  1
  Non-zero exit status: 1
80-test_ssl_new.t                (Wstat: 1024 Tests: 31 Failed: 4)
  Failed tests:  5, 8, 17, 19
  Non-zero exit status: 4
90-test_sslapi.t                 (Wstat: 512 Tests: 3 Failed: 2)
  Failed tests:  1, 3
  Non-zero exit status: 2
Files=204, Tests=2661, 817 wallclock secs (11.77 usr  1.17 sys + 761.33 cusr 58.04 csys = 832.31 CPU)
Result: FAIL
Makefile:3116: recipe for target '_tests' failed
make[1]: *** [_tests] Error 1
make[1]: Leaving directory '/home/openssl/run-checker/no-dtls1_2-method'
Makefile:3114: recipe for target 'tests' failed
make: *** [tests] Error 2
</PRE>
























































































































































<!--endarticle-->
    <HR>
    <P><UL>
        <!--threads-->
	<LI>Previous message: <A HREF="029525.html">Still FAILED build of OpenSSL branch master with options -d --strict-warnings no-dtls1_2-method
</A></li>
	<LI>Next message: <A HREF="029598.html">Still FAILED build of OpenSSL branch master with options -d --strict-warnings no-dtls1_2-method
</A></li>
         <LI> <B>Messages sorted by:</B> 
              <a href="date.html#29563">[ date ]</a>
              <a href="thread.html#29563">[ thread ]</a>
              <a href="subject.html#29563">[ subject ]</a>
              <a href="author.html#29563">[ author ]</a>
         </LI>
       </UL>

<hr>
<a href="../../../mailman/listinfo/openssl-commits.html">More information about the openssl-commits
mailing list</a><br>
</body></html>
