<!DOCTYPE HTML PUBLIC "-//W3C//DTD HTML 4.01 Transitional//EN">
<HTML>
 <HEAD>
   <TITLE> Still FAILED build of OpenSSL branch master with options -d --strict-warnings enable-asan no-shared -DOPENSSL_SMALL_FOOTPRINT
   </TITLE>
   <LINK REL="Index" HREF="https://mta.openssl.org/pipermail/openssl-commits/2020-July/index.html" >
   <LINK REL="made" HREF="mailto:openssl-commits%40openssl.org?Subject=Re%3A%20Still%20FAILED%20build%20of%20OpenSSL%20branch%20master%20with%20options%20-d%0A%20--strict-warnings%20enable-asan%20no-shared%20-DOPENSSL_SMALL_FOOTPRINT&In-Reply-To=%3C1594598172.690545.16233.nullmailer%40run.openssl.org%3E">
   <META NAME="robots" CONTENT="index,nofollow">
   <style type="text/css">
       pre {
           white-space: pre-wrap;       /* css-2.1, curent FF, Opera, Safari */
           }
   </style>
   <META http-equiv="Content-Type" content="text/html; charset=us-ascii">
   <LINK REL="Previous"  HREF="029613.html">
   <LINK REL="Next"  HREF="029656.html">
 </HEAD>
 <BODY BGCOLOR="#ffffff">
   <H1>Still FAILED build of OpenSSL branch master with options -d --strict-warnings enable-asan no-shared -DOPENSSL_SMALL_FOOTPRINT</H1>
    <B>OpenSSL run-checker</B> 
    <A HREF="mailto:openssl-commits%40openssl.org?Subject=Re%3A%20Still%20FAILED%20build%20of%20OpenSSL%20branch%20master%20with%20options%20-d%0A%20--strict-warnings%20enable-asan%20no-shared%20-DOPENSSL_SMALL_FOOTPRINT&In-Reply-To=%3C1594598172.690545.16233.nullmailer%40run.openssl.org%3E"
       TITLE="Still FAILED build of OpenSSL branch master with options -d --strict-warnings enable-asan no-shared -DOPENSSL_SMALL_FOOTPRINT">openssl at openssl.org
       </A><BR>
    <I>Sun Jul 12 23:56:12 UTC 2020</I>
    <P><UL>
        <LI>Previous message: <A HREF="029613.html">Build completed: openssl master.35515
</A></li>
        <LI>Next message: <A HREF="029656.html">Still FAILED build of OpenSSL branch master with options -d --strict-warnings enable-asan no-shared -DOPENSSL_SMALL_FOOTPRINT
</A></li>
         <LI> <B>Messages sorted by:</B> 
              <a href="date.html#29614">[ date ]</a>
              <a href="thread.html#29614">[ thread ]</a>
              <a href="subject.html#29614">[ subject ]</a>
              <a href="author.html#29614">[ author ]</a>
         </LI>
       </UL>
    <HR>  
<!--beginarticle-->
<PRE>Platform and configuration command:

$ uname -a
Linux run 4.15.0-106-generic #107-Ubuntu SMP Thu Jun 4 11:27:52 UTC 2020 x86_64 x86_64 x86_64 GNU/Linux
$ CC=clang ../openssl/config -d --strict-warnings enable-asan no-shared -DOPENSSL_SMALL_FOOTPRINT

Commit log since last time:

a01cae99ac [test] ectest: check custom generators
661595ca09 Providerized libssl fallout: cleanup init
310a0edbd0 BN: Check endianness in run-time, in BN_native2bn() and BN_bn2nativepad()
e23d850ff3 Add and use internal header that implements endianness check
d685fc7a59 DOC: install documentation without execution permissions.
851165946f ocsp.h: Fix backward compatibility decl for OCSP_parse_url() by including http.h
2957150478 Fix wrong fipsinstall key used in test
f6f159e7a1 Makefile template: fix incorrect treatment of produced document files
63794b048c Add multiple fixes for ffc key generation using invalid p,q,g parameters.

Build log ended with (last 100 lines):

            # Server sent alert unexpected_message but client received no alert.
            # 80E76E7DC37F0000:error::SSL routines::unexpected message:../openssl/ssl/statem/statem_srvr.c:318:
            not ok 9 - iteration 9
# ------------------------------------------------------------------------------
        not ok 1 - test_handshake
# ------------------------------------------------------------------------------
../../util/wrap.pl ../../test/ssl_test 25-cipher.cnf.default default =&gt; 1
    not ok 6 - running ssl_test 25-cipher.cnf
# ------------------------------------------------------------------------------
    # Looks like you failed 2 tests of 9.
not ok 26 - Test configuration 25-cipher.cnf
# ------------------------------------------------------------------------------
# Looks like you failed 1 test of 31.80-test_ssl_new.t .................. 
Dubious, test returned 1 (wstat 256, 0x100)
Failed 1/31 subtests 
80-test_ssl_old.t .................. ok
80-test_ssl_test_ctx.t ............. ok

        # INFO:  @ ../openssl/test/sslcorrupttest.c:199
        # Starting #2, ECDHE-RSA-CHACHA20-POLY1305
        # ERROR: (int) 'SSL_get_error(clientssl, 0) == SSL_ERROR_WANT_READ' failed @ ../openssl/test/ssltestlib.c:1032
        # [1] compared to [2]
        # ERROR: (bool) 'create_ssl_connection(server, client, SSL_ERROR_NONE) == true' failed @ ../openssl/test/sslcorrupttest.c:229
        # false
        # 800772D9B47F0000:error::SSL routines::unexpected message:../openssl/ssl/statem/statem_clnt.c:400:
        not ok 3 - iteration 3
# ------------------------------------------------------------------------------
        # INFO:  @ ../openssl/test/sslcorrupttest.c:199
        # Starting #3, DHE-RSA-CHACHA20-POLY1305
        # ERROR: (int) 'SSL_get_error(clientssl, 0) == SSL_ERROR_WANT_READ' failed @ ../openssl/test/ssltestlib.c:1032
        # [1] compared to [2]
        # ERROR: (bool) 'create_ssl_connection(server, client, SSL_ERROR_NONE) == true' failed @ ../openssl/test/sslcorrupttest.c:229
        # false
        # 800772D9B47F0000:error::SSL routines::unexpected message:../openssl/ssl/statem/statem_clnt.c:400:
        not ok 4 - iteration 4
# ------------------------------------------------------------------------------
    not ok 1 - test_ssl_corrupt
# ------------------------------------------------------------------------------
../../util/wrap.pl ../../test/sslcorrupttest ../../../openssl/apps/server.pem ../../../openssl/apps/server.pem =&gt; 1
not ok 1 - running sslcorrupttest
# ------------------------------------------------------------------------------
#   Failed test 'running sslcorrupttest'
#   at ../openssl/test/recipes/80-test_sslcorrupt.t line 19.
# Looks like you failed 1 test of 1.80-test_sslcorrupt.t ............... 
Dubious, test returned 1 (wstat 256, 0x100)
Failed 1/1 subtests 
80-test_tsa.t ...................... ok
80-test_x509aux.t .................. ok

# 81-test_cmp_cli.t .................. ok
90-test_asn1_time.t ................ ok
90-test_async.t .................... ok
90-test_bio_enc.t .................. ok
90-test_bio_memleak.t .............. ok
90-test_constant_time.t ............ ok
90-test_fatalerr.t ................. ok
90-test_gmdiff.t ................... ok
90-test_gost.t ..................... skipped: GOST support is disabled in this OpenSSL build
90-test_ige.t ...................... ok
90-test_includes.t ................. ok
90-test_memleak.t .................. ok
90-test_overhead.t ................. ok
90-test_secmem.t ................... ok
90-test_shlibload.t ................ skipped: Test only supported in a shared build
90-test_srp.t ...................... ok
90-test_sslapi.t ................... ok
90-test_sslbuffers.t ............... ok
90-test_store.t .................... ok
90-test_sysdefault.t ............... ok
90-test_threads.t .................. ok
90-test_time_offset.t .............. ok
90-test_tls13ccs.t ................. ok
90-test_tls13encryption.t .......... ok
90-test_tls13secrets.t ............. skipped: tls13secrets is not supported in this build
90-test_v3name.t ................... ok
95-test_external_boringssl.t ....... skipped: No external tests in this configuration
95-test_external_gost_engine.t ..... skipped: No external tests in this configuration
95-test_external_krb5.t ............ skipped: No external tests in this configuration
95-test_external_pyca.t ............ skipped: No external tests in this configuration
99-test_ecstress.t ................. ok
99-test_fuzz.t ..................... ok

Test Summary Report
-------------------
80-test_dtls_mtu.t               (Wstat: 256 Tests: 1 Failed: 1)
  Failed test:  1
  Non-zero exit status: 1
80-test_ssl_new.t                (Wstat: 256 Tests: 31 Failed: 1)
  Failed test:  26
  Non-zero exit status: 1
80-test_sslcorrupt.t             (Wstat: 256 Tests: 1 Failed: 1)
  Failed test:  1
  Non-zero exit status: 1
Files=205, Tests=3017, 1683 wallclock secs (11.70 usr  1.52 sys + 1517.83 cusr 151.19 csys = 1682.24 CPU)
Result: FAIL
Makefile:2497: recipe for target '_tests' failed
make[1]: *** [_tests] Error 1
make[1]: Leaving directory '/home/openssl/run-checker/enable-asan'
Makefile:2495: recipe for target 'tests' failed
make: *** [tests] Error 2
</PRE>

























































































































































<!--endarticle-->
    <HR>
    <P><UL>
        <!--threads-->
	<LI>Previous message: <A HREF="029613.html">Build completed: openssl master.35515
</A></li>
	<LI>Next message: <A HREF="029656.html">Still FAILED build of OpenSSL branch master with options -d --strict-warnings enable-asan no-shared -DOPENSSL_SMALL_FOOTPRINT
</A></li>
         <LI> <B>Messages sorted by:</B> 
              <a href="date.html#29614">[ date ]</a>
              <a href="thread.html#29614">[ thread ]</a>
              <a href="subject.html#29614">[ subject ]</a>
              <a href="author.html#29614">[ author ]</a>
         </LI>
       </UL>

<hr>
<a href="../../../mailman/listinfo/openssl-commits.html">More information about the openssl-commits
mailing list</a><br>
</body></html>
