<!DOCTYPE HTML PUBLIC "-//W3C//DTD HTML 4.01 Transitional//EN">
<HTML>
 <HEAD>
   <TITLE> Still FAILED build of OpenSSL branch master with options -d --strict-warnings no-dtls1_2
   </TITLE>
   <LINK REL="Index" HREF="https://mta.openssl.org/pipermail/openssl-commits/2020-July/index.html" >
   <LINK REL="made" HREF="mailto:openssl-commits%40openssl.org?Subject=Re%3A%20Still%20FAILED%20build%20of%20OpenSSL%20branch%20master%20with%20options%20-d%0A%20--strict-warnings%20no-dtls1_2&In-Reply-To=%3C1594752443.327531.19031.nullmailer%40run.openssl.org%3E">
   <META NAME="robots" CONTENT="index,nofollow">
   <style type="text/css">
       pre {
           white-space: pre-wrap;       /* css-2.1, curent FF, Opera, Safari */
           }
   </style>
   <META http-equiv="Content-Type" content="text/html; charset=us-ascii">
   <LINK REL="Previous"  HREF="029597.html">
   <LINK REL="Next"  HREF="029713.html">
 </HEAD>
 <BODY BGCOLOR="#ffffff">
   <H1>Still FAILED build of OpenSSL branch master with options -d --strict-warnings no-dtls1_2</H1>
    <B>OpenSSL run-checker</B> 
    <A HREF="mailto:openssl-commits%40openssl.org?Subject=Re%3A%20Still%20FAILED%20build%20of%20OpenSSL%20branch%20master%20with%20options%20-d%0A%20--strict-warnings%20no-dtls1_2&In-Reply-To=%3C1594752443.327531.19031.nullmailer%40run.openssl.org%3E"
       TITLE="Still FAILED build of OpenSSL branch master with options -d --strict-warnings no-dtls1_2">openssl at openssl.org
       </A><BR>
    <I>Tue Jul 14 18:47:23 UTC 2020</I>
    <P><UL>
        <LI>Previous message: <A HREF="029597.html">Still FAILED build of OpenSSL branch master with options -d --strict-warnings no-dtls1_2
</A></li>
        <LI>Next message: <A HREF="029713.html">Still FAILED build of OpenSSL branch master with options -d --strict-warnings no-dtls1_2
</A></li>
         <LI> <B>Messages sorted by:</B> 
              <a href="date.html#29641">[ date ]</a>
              <a href="thread.html#29641">[ thread ]</a>
              <a href="subject.html#29641">[ subject ]</a>
              <a href="author.html#29641">[ author ]</a>
         </LI>
       </UL>
    <HR>  
<!--beginarticle-->
<PRE>Platform and configuration command:

$ uname -a
Linux run 4.15.0-106-generic #107-Ubuntu SMP Thu Jun 4 11:27:52 UTC 2020 x86_64 x86_64 x86_64 GNU/Linux
$ CC=clang ../openssl/config -d --strict-warnings no-dtls1_2

Commit log since last time:

a01cae99ac [test] ectest: check custom generators
661595ca09 Providerized libssl fallout: cleanup init
310a0edbd0 BN: Check endianness in run-time, in BN_native2bn() and BN_bn2nativepad()
e23d850ff3 Add and use internal header that implements endianness check
d685fc7a59 DOC: install documentation without execution permissions.
851165946f ocsp.h: Fix backward compatibility decl for OCSP_parse_url() by including http.h
2957150478 Fix wrong fipsinstall key used in test
f6f159e7a1 Makefile template: fix incorrect treatment of produced document files
63794b048c Add multiple fixes for ffc key generation using invalid p,q,g parameters.

Build log ended with (last 100 lines):

    # INFO:  @ ../openssl/test/ssltestlib.c:946
    # SSL_connect() failed -1, 1
    # C0E04BFF3B7F0000:error::SSL routines::tlsv1 alert internal error:../openssl/ssl/record/rec_layer_d1.c:618:SSL alert number 80
    # ERROR: (bool) 'create_ssl_connection(serverssl, clientssl, SSL_ERROR_NONE) == true' failed @ ../openssl/test/sslapitest.c:1627
    # false
    # ERROR: (bool) 'execute_cleanse_plaintext(DTLS_server_method(), DTLS_client_method(), DTLS1_VERSION, 0) == true' failed @ ../openssl/test/sslapitest.c:1705
    # false
    not ok 4 - test_cleanse_plaintext
# ------------------------------------------------------------------------------
        # INFO:  @ ../openssl/test/ssltestlib.c:964
        # SSL_accept() failed -1, 1
        # C0E04BFF3B7F0000:error::SSL routines::no suitable signature algorithm:../openssl/ssl/t1_lib.c:3329:
        # INFO:  @ ../openssl/test/ssltestlib.c:946
        # SSL_connect() failed -1, 1
        # C0E04BFF3B7F0000:error::SSL routines::tlsv1 alert internal error:../openssl/ssl/record/rec_layer_d1.c:618:SSL alert number 80
        # ERROR: (bool) 'create_ssl_connection(serverssl, clientssl, SSL_ERROR_NONE) == true' failed @ ../openssl/test/sslapitest.c:6745
        # false
        not ok 2 - iteration 2
# ------------------------------------------------------------------------------
    not ok 53 - test_ssl_pending
# ------------------------------------------------------------------------------
../../util/wrap.pl ../../test/sslapitest ../../../openssl/test/certs ../../../openssl/test/recipes/90-test_sslapi_data/passwd.txt /tmp/8Pj3vwPb61 default ../../../openssl/test/default.cnf =&gt; 1
not ok 1 - running sslapitest
# ------------------------------------------------------------------------------
    # INFO:  @ ../openssl/test/ssltestlib.c:964
    # SSL_accept() failed -1, 1
    # C0A0437C927F0000:error::SSL routines::no suitable signature algorithm:../openssl/ssl/t1_lib.c:3329:
    # INFO:  @ ../openssl/test/ssltestlib.c:946
    # SSL_connect() failed -1, 1
    # C0A0437C927F0000:error::SSL routines::tlsv1 alert internal error:../openssl/ssl/record/rec_layer_d1.c:618:SSL alert number 80
    # ERROR: (bool) 'create_ssl_connection(serverssl, clientssl, SSL_ERROR_NONE) == true' failed @ ../openssl/test/sslapitest.c:843
    # false
    not ok 3 - test_large_message_dtls
# ------------------------------------------------------------------------------
    # INFO:  @ ../openssl/test/ssltestlib.c:964
    # SSL_accept() failed -1, 1
    # C0A0437C927F0000:error::SSL routines::no suitable signature algorithm:../openssl/ssl/t1_lib.c:3329:
    # INFO:  @ ../openssl/test/ssltestlib.c:946
    # SSL_connect() failed -1, 1
    # C0A0437C927F0000:error::SSL routines::tlsv1 alert internal error:../openssl/ssl/record/rec_layer_d1.c:618:SSL alert number 80
    # ERROR: (bool) 'create_ssl_connection(serverssl, clientssl, SSL_ERROR_NONE) == true' failed @ ../openssl/test/sslapitest.c:1627
    # false
    # ERROR: (bool) 'execute_cleanse_plaintext(DTLS_server_method(), DTLS_client_method(), DTLS1_VERSION, 0) == true' failed @ ../openssl/test/sslapitest.c:1705
    # false
    not ok 4 - test_cleanse_plaintext
# ------------------------------------------------------------------------------
        # INFO:  @ ../openssl/test/ssltestlib.c:964
        # SSL_accept() failed -1, 1
        # C0A0437C927F0000:error::SSL routines::no suitable signature algorithm:../openssl/ssl/t1_lib.c:3329:
        # INFO:  @ ../openssl/test/ssltestlib.c:946
        # SSL_connect() failed -1, 1
        # C0A0437C927F0000:error::SSL routines::tlsv1 alert internal error:../openssl/ssl/record/rec_layer_d1.c:618:SSL alert number 80
        # ERROR: (bool) 'create_ssl_connection(serverssl, clientssl, SSL_ERROR_NONE) == true' failed @ ../openssl/test/sslapitest.c:6745
        # false
        not ok 2 - iteration 2
# ------------------------------------------------------------------------------
    not ok 53 - test_ssl_pending
# ------------------------------------------------------------------------------
../../util/wrap.pl ../../test/sslapitest ../../../openssl/test/certs ../../../openssl/test/recipes/90-test_sslapi_data/passwd.txt /tmp/8Pj3vwPb61 fips ../../../openssl/test/fips.cnf =&gt; 1
not ok 3 - running sslapitest
# ------------------------------------------------------------------------------
#   Failed test 'running sslapitest'
#   at ../openssl/test/recipes/90-test_sslapi.t line 47.
# Looks like you failed 2 tests of 3.90-test_sslapi.t ................... 
Dubious, test returned 2 (wstat 512, 0x200)
Failed 2/3 subtests 
90-test_sslbuffers.t ............... ok
90-test_store.t .................... ok
90-test_sysdefault.t ............... ok
90-test_threads.t .................. ok
90-test_time_offset.t .............. ok
90-test_tls13ccs.t ................. ok
90-test_tls13encryption.t .......... ok
90-test_tls13secrets.t ............. ok
90-test_v3name.t ................... ok
95-test_external_boringssl.t ....... skipped: No external tests in this configuration
95-test_external_gost_engine.t ..... skipped: No external tests in this configuration
95-test_external_krb5.t ............ skipped: No external tests in this configuration
95-test_external_pyca.t ............ skipped: No external tests in this configuration
99-test_ecstress.t ................. ok
99-test_fuzz.t ..................... ok

Test Summary Report
-------------------
80-test_dtls.t                   (Wstat: 256 Tests: 1 Failed: 1)
  Failed test:  1
  Non-zero exit status: 1
80-test_ssl_new.t                (Wstat: 1024 Tests: 31 Failed: 4)
  Failed tests:  5, 8, 17, 19
  Non-zero exit status: 4
90-test_sslapi.t                 (Wstat: 512 Tests: 3 Failed: 2)
  Failed tests:  1, 3
  Non-zero exit status: 2
Files=205, Tests=3222, 839 wallclock secs (12.39 usr  1.19 sys + 780.01 cusr 59.96 csys = 853.55 CPU)
Result: FAIL
Makefile:3128: recipe for target '_tests' failed
make[1]: *** [_tests] Error 1
make[1]: Leaving directory '/home/openssl/run-checker/no-dtls1_2'
Makefile:3126: recipe for target 'tests' failed
make: *** [tests] Error 2
</PRE>
















































































































<!--endarticle-->
    <HR>
    <P><UL>
        <!--threads-->
	<LI>Previous message: <A HREF="029597.html">Still FAILED build of OpenSSL branch master with options -d --strict-warnings no-dtls1_2
</A></li>
	<LI>Next message: <A HREF="029713.html">Still FAILED build of OpenSSL branch master with options -d --strict-warnings no-dtls1_2
</A></li>
         <LI> <B>Messages sorted by:</B> 
              <a href="date.html#29641">[ date ]</a>
              <a href="thread.html#29641">[ thread ]</a>
              <a href="subject.html#29641">[ subject ]</a>
              <a href="author.html#29641">[ author ]</a>
         </LI>
       </UL>

<hr>
<a href="../../../mailman/listinfo/openssl-commits.html">More information about the openssl-commits
mailing list</a><br>
</body></html>
