<!DOCTYPE HTML PUBLIC "-//W3C//DTD HTML 4.01 Transitional//EN">
<HTML>
 <HEAD>
   <TITLE> Still FAILED build of OpenSSL branch master with options -d --strict-warnings no-ec2m
   </TITLE>
   <LINK REL="Index" HREF="https://mta.openssl.org/pipermail/openssl-commits/2020-July/index.html" >
   <LINK REL="made" HREF="mailto:openssl-commits%40openssl.org?Subject=Re%3A%20Still%20FAILED%20build%20of%20OpenSSL%20branch%20master%20with%20options%20-d%0A%20--strict-warnings%20no-ec2m&In-Reply-To=%3C1594631061.577915.7782.nullmailer%40run.openssl.org%3E">
   <META NAME="robots" CONTENT="index,nofollow">
   <style type="text/css">
       pre {
           white-space: pre-wrap;       /* css-2.1, curent FF, Opera, Safari */
           }
   </style>
   <META http-equiv="Content-Type" content="text/html; charset=us-ascii">
   <LINK REL="Previous"  HREF="029619.html">
   <LINK REL="Next"  HREF="029672.html">
 </HEAD>
 <BODY BGCOLOR="#ffffff">
   <H1>Still FAILED build of OpenSSL branch master with options -d --strict-warnings no-ec2m</H1>
    <B>OpenSSL run-checker</B> 
    <A HREF="mailto:openssl-commits%40openssl.org?Subject=Re%3A%20Still%20FAILED%20build%20of%20OpenSSL%20branch%20master%20with%20options%20-d%0A%20--strict-warnings%20no-ec2m&In-Reply-To=%3C1594631061.577915.7782.nullmailer%40run.openssl.org%3E"
       TITLE="Still FAILED build of OpenSSL branch master with options -d --strict-warnings no-ec2m">openssl at openssl.org
       </A><BR>
    <I>Mon Jul 13 09:04:21 UTC 2020</I>
    <P><UL>
        <LI>Previous message: <A HREF="029619.html">FAILED build of OpenSSL branch master with options -d --strict-warnings no-dsa
</A></li>
        <LI>Next message: <A HREF="029672.html">Still FAILED build of OpenSSL branch master with options -d --strict-warnings no-ec2m
</A></li>
         <LI> <B>Messages sorted by:</B> 
              <a href="date.html#29620">[ date ]</a>
              <a href="thread.html#29620">[ thread ]</a>
              <a href="subject.html#29620">[ subject ]</a>
              <a href="author.html#29620">[ author ]</a>
         </LI>
       </UL>
    <HR>  
<!--beginarticle-->
<PRE>Platform and configuration command:

$ uname -a
Linux run 4.15.0-106-generic #107-Ubuntu SMP Thu Jun 4 11:27:52 UTC 2020 x86_64 x86_64 x86_64 GNU/Linux
$ CC=clang ../openssl/config -d --strict-warnings no-ec2m

Commit log since last time:

a01cae99ac [test] ectest: check custom generators
661595ca09 Providerized libssl fallout: cleanup init
310a0edbd0 BN: Check endianness in run-time, in BN_native2bn() and BN_bn2nativepad()
e23d850ff3 Add and use internal header that implements endianness check
d685fc7a59 DOC: install documentation without execution permissions.
851165946f ocsp.h: Fix backward compatibility decl for OCSP_parse_url() by including http.h
2957150478 Fix wrong fipsinstall key used in test
f6f159e7a1 Makefile template: fix incorrect treatment of produced document files
63794b048c Add multiple fixes for ffc key generation using invalid p,q,g parameters.

Build log ended with (last 100 lines):

70-test_sslversions.t            (Wstat: 34304 Tests: 0 Failed: 0)
  Non-zero exit status: 134
  Parse errors: No plan found in TAP output
70-test_sslvertol.t              (Wstat: 34304 Tests: 0 Failed: 0)
  Non-zero exit status: 134
  Parse errors: No plan found in TAP output
70-test_tls13alerts.t            (Wstat: 34304 Tests: 0 Failed: 0)
  Non-zero exit status: 134
  Parse errors: No plan found in TAP output
70-test_tls13cookie.t            (Wstat: 34304 Tests: 0 Failed: 0)
  Non-zero exit status: 134
  Parse errors: No plan found in TAP output
70-test_tls13downgrade.t         (Wstat: 34304 Tests: 0 Failed: 0)
  Non-zero exit status: 134
  Parse errors: No plan found in TAP output
70-test_tls13hrr.t               (Wstat: 34304 Tests: 0 Failed: 0)
  Non-zero exit status: 134
  Parse errors: No plan found in TAP output
70-test_tls13kexmodes.t          (Wstat: 34304 Tests: 0 Failed: 0)
  Non-zero exit status: 134
  Parse errors: No plan found in TAP output
70-test_tls13messages.t          (Wstat: 34304 Tests: 0 Failed: 0)
  Non-zero exit status: 134
  Parse errors: No plan found in TAP output
70-test_tls13psk.t               (Wstat: 34304 Tests: 0 Failed: 0)
  Non-zero exit status: 134
  Parse errors: No plan found in TAP output
70-test_tlsextms.t               (Wstat: 34304 Tests: 0 Failed: 0)
  Non-zero exit status: 134
  Parse errors: No plan found in TAP output
71-test_ssl_ctx.t                (Wstat: 256 Tests: 1 Failed: 1)
  Failed test:  1
  Non-zero exit status: 1
80-test_cipherbytes.t            (Wstat: 256 Tests: 1 Failed: 1)
  Failed test:  1
  Non-zero exit status: 1
80-test_cipherlist.t             (Wstat: 256 Tests: 1 Failed: 1)
  Failed test:  1
  Non-zero exit status: 1
80-test_ciphername.t             (Wstat: 256 Tests: 1 Failed: 1)
  Failed test:  1
  Non-zero exit status: 1
80-test_dane.t                   (Wstat: 256 Tests: 1 Failed: 1)
  Failed test:  1
  Non-zero exit status: 1
80-test_dtls.t                   (Wstat: 256 Tests: 1 Failed: 1)
  Failed test:  1
  Non-zero exit status: 1
80-test_dtls_mtu.t               (Wstat: 256 Tests: 1 Failed: 1)
  Failed test:  1
  Non-zero exit status: 1
80-test_dtlsv1listen.t           (Wstat: 256 Tests: 1 Failed: 1)
  Failed test:  1
  Non-zero exit status: 1
80-test_ssl_new.t                (Wstat: 6912 Tests: 31 Failed: 27)
  Failed tests:  2-14, 16-22, 24-29, 31
  Non-zero exit status: 27
80-test_ssl_old.t                (Wstat: 1024 Tests: 12 Failed: 4)
  Failed tests:  3, 5-7
  Non-zero exit status: 4
80-test_sslcorrupt.t             (Wstat: 256 Tests: 1 Failed: 1)
  Failed test:  1
  Non-zero exit status: 1
90-test_fatalerr.t               (Wstat: 256 Tests: 1 Failed: 1)
  Failed test:  1
  Non-zero exit status: 1
90-test_gost.t                   (Wstat: 256 Tests: 1 Failed: 1)
  Failed test:  1
  Non-zero exit status: 1
90-test_shlibload.t              (Wstat: 1024 Tests: 10 Failed: 4)
  Failed tests:  1-4
  Non-zero exit status: 4
90-test_sslapi.t                 (Wstat: 512 Tests: 3 Failed: 2)
  Failed tests:  1, 3
  Non-zero exit status: 2
90-test_sslbuffers.t             (Wstat: 256 Tests: 1 Failed: 1)
  Failed test:  1
  Non-zero exit status: 1
90-test_sysdefault.t             (Wstat: 256 Tests: 1 Failed: 1)
  Failed test:  1
  Non-zero exit status: 1
90-test_tls13ccs.t               (Wstat: 256 Tests: 1 Failed: 1)
  Failed test:  1
  Non-zero exit status: 1
90-test_tls13encryption.t        (Wstat: 256 Tests: 1 Failed: 1)
  Failed test:  1
  Non-zero exit status: 1
90-test_tls13secrets.t           (Wstat: 256 Tests: 1 Failed: 1)
  Failed test:  1
  Non-zero exit status: 1
99-test_fuzz.t                   (Wstat: 512 Tests: 12 Failed: 2)
  Failed tests:  5, 8
  Non-zero exit status: 2
Files=205, Tests=2031, 472 wallclock secs ( 7.21 usr  1.10 sys + 401.79 cusr 43.03 csys = 453.13 CPU)
Result: FAIL
Makefile:3122: recipe for target '_tests' failed
make[1]: *** [_tests] Error 1
make[1]: Leaving directory '/home/openssl/run-checker/no-ec2m'
Makefile:3120: recipe for target 'tests' failed
make: *** [tests] Error 2
</PRE>



























































































































































<!--endarticle-->
    <HR>
    <P><UL>
        <!--threads-->
	<LI>Previous message: <A HREF="029619.html">FAILED build of OpenSSL branch master with options -d --strict-warnings no-dsa
</A></li>
	<LI>Next message: <A HREF="029672.html">Still FAILED build of OpenSSL branch master with options -d --strict-warnings no-ec2m
</A></li>
         <LI> <B>Messages sorted by:</B> 
              <a href="date.html#29620">[ date ]</a>
              <a href="thread.html#29620">[ thread ]</a>
              <a href="subject.html#29620">[ subject ]</a>
              <a href="author.html#29620">[ author ]</a>
         </LI>
       </UL>

<hr>
<a href="../../../mailman/listinfo/openssl-commits.html">More information about the openssl-commits
mailing list</a><br>
</body></html>
