<!DOCTYPE HTML PUBLIC "-//W3C//DTD HTML 4.01 Transitional//EN">
<HTML>
 <HEAD>
   <TITLE> Still FAILED build of OpenSSL branch master with options -d --strict-warnings enable-ubsan -DPEDANTIC -DOPENSSL_SMALL_FOOTPRINT -fno-sanitize=alignment
   </TITLE>
   <LINK REL="Index" HREF="https://mta.openssl.org/pipermail/openssl-commits/2020-July/index.html" >
   <LINK REL="made" HREF="mailto:openssl-commits%40openssl.org?Subject=Re%3A%20Still%20FAILED%20build%20of%20OpenSSL%20branch%20master%20with%20options%20-d%0A%20--strict-warnings%20enable-ubsan%20-DPEDANTIC%20-DOPENSSL_SMALL_FOOTPRINT%0A%20-fno-sanitize%3Dalignment&In-Reply-To=%3C1594991424.001675.8852.nullmailer%40run.openssl.org%3E">
   <META NAME="robots" CONTENT="index,nofollow">
   <style type="text/css">
       pre {
           white-space: pre-wrap;       /* css-2.1, curent FF, Opera, Safari */
           }
   </style>
   <META http-equiv="Content-Type" content="text/html; charset=us-ascii">
   <LINK REL="Previous"  HREF="029638.html">
   <LINK REL="Next"  HREF="029760.html">
 </HEAD>
 <BODY BGCOLOR="#ffffff">
   <H1>Still FAILED build of OpenSSL branch master with options -d --strict-warnings enable-ubsan -DPEDANTIC -DOPENSSL_SMALL_FOOTPRINT -fno-sanitize=alignment</H1>
    <B>OpenSSL run-checker</B> 
    <A HREF="mailto:openssl-commits%40openssl.org?Subject=Re%3A%20Still%20FAILED%20build%20of%20OpenSSL%20branch%20master%20with%20options%20-d%0A%20--strict-warnings%20enable-ubsan%20-DPEDANTIC%20-DOPENSSL_SMALL_FOOTPRINT%0A%20-fno-sanitize%3Dalignment&In-Reply-To=%3C1594991424.001675.8852.nullmailer%40run.openssl.org%3E"
       TITLE="Still FAILED build of OpenSSL branch master with options -d --strict-warnings enable-ubsan -DPEDANTIC -DOPENSSL_SMALL_FOOTPRINT -fno-sanitize=alignment">openssl at openssl.org
       </A><BR>
    <I>Fri Jul 17 13:10:23 UTC 2020</I>
    <P><UL>
        <LI>Previous message: <A HREF="029638.html">Still FAILED build of OpenSSL branch master with options -d --strict-warnings enable-ubsan -DPEDANTIC -DOPENSSL_SMALL_FOOTPRINT -fno-sanitize=alignment
</A></li>
        <LI>Next message: <A HREF="029760.html">Still FAILED build of OpenSSL branch master with options -d --strict-warnings enable-ubsan -DPEDANTIC -DOPENSSL_SMALL_FOOTPRINT -fno-sanitize=alignment
</A></li>
         <LI> <B>Messages sorted by:</B> 
              <a href="date.html#29708">[ date ]</a>
              <a href="thread.html#29708">[ thread ]</a>
              <a href="subject.html#29708">[ subject ]</a>
              <a href="author.html#29708">[ author ]</a>
         </LI>
       </UL>
    <HR>  
<!--beginarticle-->
<PRE>Platform and configuration command:

$ uname -a
Linux run 4.15.0-106-generic #107-Ubuntu SMP Thu Jun 4 11:27:52 UTC 2020 x86_64 x86_64 x86_64 GNU/Linux
$ CC=clang ../openssl/config -d --strict-warnings enable-ubsan -DPEDANTIC -DOPENSSL_SMALL_FOOTPRINT -fno-sanitize=alignment

Commit log since last time:

55affcadbe Configure: fix minor typo in apitable comment
e45d943665 Add FIPS related configuration data to the default openssl application configuration file
5744dacb3a Make -provider_name and -section_name optional
d3b243d15b Use defaults FIPSKEY if not given on command line
7cc355c2e4 Add AES_CBC_CTS ciphers to providers
c35b853576 Enable WinCE build without deceiving _MSC_VER.
a1736f37ae To generate makefile with correct parameters for WinCE.
7a09fab2b3 Disable optimiization of BN_num_bits_word() for VS2005 ARM compiler due to its miscompilation of the function. <A HREF="../../openssl-users/2018-August/008465.html">https://mta.openssl.org/pipermail/openssl-users/2018-August/008465.html</A>
6c2a56beec Changed uintptr_t to size_t. WinCE6 doesn't seem it have the definition.
ce3080e931 DRBG: rename the DRBG taxonomy.
d35bab46c9 Configurations: make Makefile tmpl files non-links

Build log ended with (last 100 lines):

            # Server sent alert unexpected_message but client received no alert.
            # 40C78F7EB07F0000:error::SSL routines::unexpected message:../openssl/ssl/statem/statem_srvr.c:318:
            not ok 9 - iteration 9
# ------------------------------------------------------------------------------
        not ok 1 - test_handshake
# ------------------------------------------------------------------------------
../../util/wrap.pl ../../test/ssl_test 25-cipher.cnf.default default =&gt; 1
    not ok 6 - running ssl_test 25-cipher.cnf
# ------------------------------------------------------------------------------
    # Looks like you failed 2 tests of 9.
not ok 26 - Test configuration 25-cipher.cnf
# ------------------------------------------------------------------------------
# Looks like you failed 1 test of 31.80-test_ssl_new.t .................. 
Dubious, test returned 1 (wstat 256, 0x100)
Failed 1/31 subtests 
80-test_ssl_old.t .................. ok
80-test_ssl_test_ctx.t ............. ok

        # INFO:  @ ../openssl/test/sslcorrupttest.c:199
        # Starting #2, ECDHE-RSA-CHACHA20-POLY1305
        # ERROR: (int) 'SSL_get_error(clientssl, 0) == SSL_ERROR_WANT_READ' failed @ ../openssl/test/ssltestlib.c:1032
        # [1] compared to [2]
        # ERROR: (bool) 'create_ssl_connection(server, client, SSL_ERROR_NONE) == true' failed @ ../openssl/test/sslcorrupttest.c:229
        # false
        # 40571D1D007F0000:error::SSL routines::unexpected message:../openssl/ssl/statem/statem_clnt.c:400:
        not ok 3 - iteration 3
# ------------------------------------------------------------------------------
        # INFO:  @ ../openssl/test/sslcorrupttest.c:199
        # Starting #3, DHE-RSA-CHACHA20-POLY1305
        # ERROR: (int) 'SSL_get_error(clientssl, 0) == SSL_ERROR_WANT_READ' failed @ ../openssl/test/ssltestlib.c:1032
        # [1] compared to [2]
        # ERROR: (bool) 'create_ssl_connection(server, client, SSL_ERROR_NONE) == true' failed @ ../openssl/test/sslcorrupttest.c:229
        # false
        # 40571D1D007F0000:error::SSL routines::unexpected message:../openssl/ssl/statem/statem_clnt.c:400:
        not ok 4 - iteration 4
# ------------------------------------------------------------------------------
    not ok 1 - test_ssl_corrupt
# ------------------------------------------------------------------------------
../../util/wrap.pl ../../test/sslcorrupttest ../../../openssl/apps/server.pem ../../../openssl/apps/server.pem =&gt; 1
not ok 1 - running sslcorrupttest
# ------------------------------------------------------------------------------
#   Failed test 'running sslcorrupttest'
#   at ../openssl/test/recipes/80-test_sslcorrupt.t line 19.
# Looks like you failed 1 test of 1.80-test_sslcorrupt.t ............... 
Dubious, test returned 1 (wstat 256, 0x100)
Failed 1/1 subtests 
80-test_tsa.t ...................... ok
80-test_x509aux.t .................. ok

# 81-test_cmp_cli.t .................. ok
90-test_asn1_time.t ................ ok
90-test_async.t .................... ok
90-test_bio_enc.t .................. ok
90-test_bio_memleak.t .............. ok
90-test_constant_time.t ............ ok
90-test_fatalerr.t ................. ok
90-test_gmdiff.t ................... ok
90-test_gost.t ..................... ok
90-test_ige.t ...................... ok
90-test_includes.t ................. ok
90-test_memleak.t .................. ok
90-test_overhead.t ................. ok
90-test_secmem.t ................... ok
90-test_shlibload.t ................ ok
90-test_srp.t ...................... ok
90-test_sslapi.t ................... ok
90-test_sslbuffers.t ............... ok
90-test_store.t .................... ok
90-test_sysdefault.t ............... ok
90-test_threads.t .................. ok
90-test_time_offset.t .............. ok
90-test_tls13ccs.t ................. ok
90-test_tls13encryption.t .......... ok
90-test_tls13secrets.t ............. ok
90-test_v3name.t ................... ok
95-test_external_boringssl.t ....... skipped: No external tests in this configuration
95-test_external_gost_engine.t ..... skipped: No external tests in this configuration
95-test_external_krb5.t ............ skipped: No external tests in this configuration
95-test_external_pyca.t ............ skipped: No external tests in this configuration
99-test_ecstress.t ................. ok
99-test_fuzz.t ..................... ok

Test Summary Report
-------------------
80-test_dtls_mtu.t               (Wstat: 256 Tests: 1 Failed: 1)
  Failed test:  1
  Non-zero exit status: 1
80-test_ssl_new.t                (Wstat: 256 Tests: 31 Failed: 1)
  Failed test:  26
  Non-zero exit status: 1
80-test_sslcorrupt.t             (Wstat: 256 Tests: 1 Failed: 1)
  Failed test:  1
  Non-zero exit status: 1
Files=205, Tests=3225, 1753 wallclock secs (13.89 usr  1.53 sys + 1661.09 cusr 81.57 csys = 1758.08 CPU)
Result: FAIL
Makefile:3122: recipe for target '_tests' failed
make[1]: *** [_tests] Error 1
make[1]: Leaving directory '/home/openssl/run-checker/enable-ubsan'
Makefile:3120: recipe for target 'tests' failed
make: *** [tests] Error 2
</PRE>


















































































































<!--endarticle-->
    <HR>
    <P><UL>
        <!--threads-->
	<LI>Previous message: <A HREF="029638.html">Still FAILED build of OpenSSL branch master with options -d --strict-warnings enable-ubsan -DPEDANTIC -DOPENSSL_SMALL_FOOTPRINT -fno-sanitize=alignment
</A></li>
	<LI>Next message: <A HREF="029760.html">Still FAILED build of OpenSSL branch master with options -d --strict-warnings enable-ubsan -DPEDANTIC -DOPENSSL_SMALL_FOOTPRINT -fno-sanitize=alignment
</A></li>
         <LI> <B>Messages sorted by:</B> 
              <a href="date.html#29708">[ date ]</a>
              <a href="thread.html#29708">[ thread ]</a>
              <a href="subject.html#29708">[ subject ]</a>
              <a href="author.html#29708">[ author ]</a>
         </LI>
       </UL>

<hr>
<a href="../../../mailman/listinfo/openssl-commits.html">More information about the openssl-commits
mailing list</a><br>
</body></html>
