<!DOCTYPE HTML PUBLIC "-//W3C//DTD HTML 4.01 Transitional//EN">
<HTML>
 <HEAD>
   <TITLE> Still FAILED build of OpenSSL branch master with options -d --strict-warnings no-tls1_3
   </TITLE>
   <LINK REL="Index" HREF="https://mta.openssl.org/pipermail/openssl-commits/2020-July/index.html" >
   <LINK REL="made" HREF="mailto:openssl-commits%40openssl.org?Subject=Re%3A%20Still%20FAILED%20build%20of%20OpenSSL%20branch%20master%20with%20options%20-d%0A%20--strict-warnings%20no-tls1_3&In-Reply-To=%3C1595370225.447408.7437.nullmailer%40run.openssl.org%3E">
   <META NAME="robots" CONTENT="index,nofollow">
   <style type="text/css">
       pre {
           white-space: pre-wrap;       /* css-2.1, curent FF, Opera, Safari */
           }
   </style>
   <META http-equiv="Content-Type" content="text/html; charset=us-ascii">
   <LINK REL="Previous"  HREF="029715.html">
   <LINK REL="Next"  HREF="029820.html">
 </HEAD>
 <BODY BGCOLOR="#ffffff">
   <H1>Still FAILED build of OpenSSL branch master with options -d --strict-warnings no-tls1_3</H1>
    <B>OpenSSL run-checker</B> 
    <A HREF="mailto:openssl-commits%40openssl.org?Subject=Re%3A%20Still%20FAILED%20build%20of%20OpenSSL%20branch%20master%20with%20options%20-d%0A%20--strict-warnings%20no-tls1_3&In-Reply-To=%3C1595370225.447408.7437.nullmailer%40run.openssl.org%3E"
       TITLE="Still FAILED build of OpenSSL branch master with options -d --strict-warnings no-tls1_3">openssl at openssl.org
       </A><BR>
    <I>Tue Jul 21 22:23:45 UTC 2020</I>
    <P><UL>
        <LI>Previous message: <A HREF="029715.html">Still FAILED build of OpenSSL branch master with options -d --strict-warnings no-tls1_3
</A></li>
        <LI>Next message: <A HREF="029820.html">Still FAILED build of OpenSSL branch master with options -d --strict-warnings no-tls1_3
</A></li>
         <LI> <B>Messages sorted by:</B> 
              <a href="date.html#29769">[ date ]</a>
              <a href="thread.html#29769">[ thread ]</a>
              <a href="subject.html#29769">[ subject ]</a>
              <a href="author.html#29769">[ author ]</a>
         </LI>
       </UL>
    <HR>  
<!--beginarticle-->
<PRE>Platform and configuration command:

$ uname -a
Linux run 4.15.0-106-generic #107-Ubuntu SMP Thu Jun 4 11:27:52 UTC 2020 x86_64 x86_64 x86_64 GNU/Linux
$ CC=clang ../openssl/config -d --strict-warnings no-tls1_3

Commit log since last time:

f64f17c3e0 Added missing ';' after methods in the synopsis section of pod files
93e32043cb util/find-doc-nits: relax some SYNOPSIS checks
d3cb5904f3 util/find-doc-nits: read full declarations as one line in name_synopsis()
43b3ab6f87 Fix typo for SSL_get_peer_certificate()
1bb78e72b9 Remove util/openssl-update-copyright
a85c902125 mac: always pass a non-NULL output size pointer to providers.
3fc164e8d1 doc: Fix documentation of EVP_EncryptUpdate().
b99c463d78 install: add notes about ignored seed sources in the FIPS provider.
45554b5c71 rand: detect if FIPS approved randomness sources are being used.
8e78da0666 Fix trailing whitespace mismatch error when running 02-test_errstr.
cb9bb7350d 99-test_fuzz.t: Clean up and re-organize such that sub-tests could be split easily
1e76cb002a test/run_tests.pl: In parallel runs, start those tests first that run longest
0b670a2101 x509_vfy.c: Improve key usage checks in internal_verify() of cert chains
1337a3a998 Constify X509_check_akid and prefer using X509_get0_serialNumber over X509_get_serialNumber
318565b733 Prepare for 3.0 alpha 6
e70a2d9f13 Prepare for release of 3.0 alpha 5
b013cf9000 util/mktar.pl: Change 'VERSION' to 'VERSION.dat'
e39e295e20 Update copyright year
e4162f86d7 DRBG: Fix the renamed functions after the EVP_MAC name reversal
660c534435 Revert &quot;kdf: make function naming consistent.&quot;
865adf97c9 Revert &quot;The EVP_MAC functions have been renamed for consistency.  The EVP_MAC_CTX_*&quot;
8dab4de538 Add latest changes and news in CHANGES.md and NEWS.md
ecca5b6e2e capabilities: make capability selection case insensitive.
81ed433cf8 libcrypto.num: engine deprecation updates
bb95426211 doc: remove unused engine tracing option
184fb690fa trace: condition out engine related tracing
03445677b9 Document that ENGINE_add_conf_module() was deprecated.
2099f1bb6b Document that exdata for ENGINES is deprecated.
1bdab93a62 Document that the ENGINE_[sg]_ex_data() calls are reprecated.
8b4c89f8d2 RAND: document that the ENGINE RAND override is deprecated.
571d2c4dc7 ENGINESDIR: document that this configuration is deprecated.
2d71c9468a doc: document that the engine initialisation options are deprecated.
9bd8d96c39 deprecate engines in provider code
e4468e6d8d deprecate engines in libcrypto
ad8fc6f626 apps: deprecate engines
91512a771a deprecate engine from public header files
304d070eba deprecate engine tests
92f8603537 deprecate engines in SSL
cf8e8cba93  deprecate engines
597f3f3ab1 Fix indentation for engine.h
4222682dae doc: deprecate ENGINE documentation
0f221d9c68 apps: document the deprecation of the -engine option
699caa18d5 engine: document the engine app as deprecated
0a684b09d8 apps/list: deprecate engine support
910b71cf47 deprecate engines in 3.0
8c2bfd2512 Add SSL_get[01]_peer_certificate()

Build log ended with (last 100 lines):

# 81-test_cmp_cli.t .................. ok
90-test_asn1_time.t ................ ok
90-test_async.t .................... ok
90-test_bio_enc.t .................. ok
90-test_bio_memleak.t .............. ok
90-test_constant_time.t ............ ok
90-test_fatalerr.t ................. ok
90-test_gmdiff.t ................... ok
90-test_gost.t ..................... skipped: TLSv1.3 or TLSv1.2 are disabled in this OpenSSL build
90-test_ige.t ...................... ok
90-test_includes.t ................. ok
90-test_memleak.t .................. ok
90-test_overhead.t ................. ok
90-test_secmem.t ................... ok
90-test_shlibload.t ................ ok
90-test_srp.t ...................... ok

        # INFO:  @ ../openssl/test/ssltestlib.c:946
        # SSL_connect() failed -1, 1
        # C0D05FC9397F0000:error::SSL routines::internal error:../openssl/ssl/s3_enc.c:415:
        # INFO:  @ ../openssl/test/ssltestlib.c:964
        # SSL_accept() failed -1, 1
        # C0D05FC9397F0000:error::SSL routines::tlsv1 alert internal error:../openssl/ssl/record/rec_layer_s3.c:1615:SSL alert number 80
        # ERROR: (bool) 'create_ssl_connection(serverssl, clientssl, SSL_ERROR_NONE) == true' failed @ ../openssl/test/sslapitest.c:8199
        # false
        not ok 2 - iteration 2
# ------------------------------------------------------------------------------
        # INFO:  @ ../openssl/test/ssltestlib.c:964
        # SSL_accept() failed -1, 1
        # C0D05FC9397F0000:error::SSL routines::internal error:../openssl/ssl/s3_enc.c:415:
        # INFO:  @ ../openssl/test/ssltestlib.c:946
        # SSL_connect() failed -1, 1
        # C0D05FC9397F0000:error::SSL routines::tlsv1 alert internal error:../openssl/ssl/record/rec_layer_s3.c:1615:SSL alert number 80
        # ERROR: (bool) 'create_ssl_connection(serverssl, clientssl, SSL_ERROR_NONE) == true' failed @ ../openssl/test/sslapitest.c:8199
        # false
        not ok 3 - iteration 3
# ------------------------------------------------------------------------------
    not ok 37 - test_sigalgs_available
# ------------------------------------------------------------------------------
../../util/wrap.pl ../../test/sslapitest ../../../openssl/test/certs ../../../openssl/test/recipes/90-test_sslapi_data/passwd.txt /tmp/fpPv7QAcbx default ../../../openssl/test/default.cnf =&gt; 1
not ok 1 - running sslapitest
# ------------------------------------------------------------------------------
        # INFO:  @ ../openssl/test/ssltestlib.c:946
        # SSL_connect() failed -1, 1
        # C020B4A0997F0000:error::SSL routines::internal error:../openssl/ssl/s3_enc.c:415:
        # INFO:  @ ../openssl/test/ssltestlib.c:964
        # SSL_accept() failed -1, 1
        # C020B4A0997F0000:error::SSL routines::tlsv1 alert internal error:../openssl/ssl/record/rec_layer_s3.c:1615:SSL alert number 80
        # ERROR: (bool) 'create_ssl_connection(serverssl, clientssl, SSL_ERROR_NONE) == true' failed @ ../openssl/test/sslapitest.c:8199
        # false
        not ok 2 - iteration 2
# ------------------------------------------------------------------------------
        # INFO:  @ ../openssl/test/ssltestlib.c:964
        # SSL_accept() failed -1, 1
        # C020B4A0997F0000:error::SSL routines::internal error:../openssl/ssl/s3_enc.c:415:
        # INFO:  @ ../openssl/test/ssltestlib.c:946
        # SSL_connect() failed -1, 1
        # C020B4A0997F0000:error::SSL routines::tlsv1 alert internal error:../openssl/ssl/record/rec_layer_s3.c:1615:SSL alert number 80
        # ERROR: (bool) 'create_ssl_connection(serverssl, clientssl, SSL_ERROR_NONE) == true' failed @ ../openssl/test/sslapitest.c:8199
        # false
        not ok 3 - iteration 3
# ------------------------------------------------------------------------------
    not ok 37 - test_sigalgs_available
# ------------------------------------------------------------------------------
../../util/wrap.pl ../../test/sslapitest ../../../openssl/test/certs ../../../openssl/test/recipes/90-test_sslapi_data/passwd.txt /tmp/fpPv7QAcbx fips ../../../openssl/test/fips.cnf =&gt; 1
not ok 3 - running sslapitest
# ------------------------------------------------------------------------------
#   Failed test 'running sslapitest'
#   at ../openssl/test/recipes/90-test_sslapi.t line 45.
# Looks like you failed 2 tests of 3.90-test_sslapi.t ................... 
Dubious, test returned 2 (wstat 512, 0x200)
Failed 2/3 subtests 
90-test_sslbuffers.t ............... ok
90-test_store.t .................... ok
90-test_sysdefault.t ............... ok
90-test_threads.t .................. ok
90-test_time_offset.t .............. ok
90-test_tls13ccs.t ................. skipped: test_tls13ccs is not supported in this build
90-test_tls13encryption.t .......... skipped: tls13encryption is not supported in this build
90-test_tls13secrets.t ............. skipped: tls13secrets is not supported in this build
90-test_v3name.t ................... ok
95-test_external_boringssl.t ....... skipped: No external tests in this configuration
95-test_external_gost_engine.t ..... skipped: No external tests in this configuration
95-test_external_krb5.t ............ skipped: No external tests in this configuration
95-test_external_pyca.t ............ skipped: No external tests in this configuration
99-test_ecstress.t ................. ok
99-test_fuzz.t ..................... ok

Test Summary Report
-------------------
90-test_sslapi.t                 (Wstat: 512 Tests: 3 Failed: 2)
  Failed tests:  1, 3
  Non-zero exit status: 2
Files=205, Tests=3148, 802 wallclock secs (11.45 usr  1.49 sys + 733.58 cusr 59.15 csys = 805.67 CPU)
Result: FAIL
Makefile:3133: recipe for target '_tests' failed
make[1]: *** [_tests] Error 1
make[1]: Leaving directory '/home/openssl/run-checker/no-tls1_3'
Makefile:3131: recipe for target 'tests' failed
make: *** [tests] Error 2
</PRE>

































































<!--endarticle-->
    <HR>
    <P><UL>
        <!--threads-->
	<LI>Previous message: <A HREF="029715.html">Still FAILED build of OpenSSL branch master with options -d --strict-warnings no-tls1_3
</A></li>
	<LI>Next message: <A HREF="029820.html">Still FAILED build of OpenSSL branch master with options -d --strict-warnings no-tls1_3
</A></li>
         <LI> <B>Messages sorted by:</B> 
              <a href="date.html#29769">[ date ]</a>
              <a href="thread.html#29769">[ thread ]</a>
              <a href="subject.html#29769">[ subject ]</a>
              <a href="author.html#29769">[ author ]</a>
         </LI>
       </UL>

<hr>
<a href="../../../mailman/listinfo/openssl-commits.html">More information about the openssl-commits
mailing list</a><br>
</body></html>
