<!DOCTYPE HTML PUBLIC "-//W3C//DTD HTML 4.01 Transitional//EN">
<HTML>
 <HEAD>
   <TITLE> Still FAILED build of OpenSSL branch master with options -d enable-fuzz-afl no-shared no-module
   </TITLE>
   <LINK REL="Index" HREF="https://mta.openssl.org/pipermail/openssl-commits/2020-July/index.html" >
   <LINK REL="made" HREF="mailto:openssl-commits%40openssl.org?Subject=Re%3A%20Still%20FAILED%20build%20of%20OpenSSL%20branch%20master%20with%20options%20-d%0A%20enable-fuzz-afl%20no-shared%20no-module&In-Reply-To=%3C1595284490.311971.12725.nullmailer%40run.openssl.org%3E">
   <META NAME="robots" CONTENT="index,nofollow">
   <style type="text/css">
       pre {
           white-space: pre-wrap;       /* css-2.1, curent FF, Opera, Safari */
           }
   </style>
   <META http-equiv="Content-Type" content="text/html; charset=us-ascii">
   <LINK REL="Previous"  HREF="029692.html">
   <LINK REL="Next"  HREF="029804.html">
 </HEAD>
 <BODY BGCOLOR="#ffffff">
   <H1>Still FAILED build of OpenSSL branch master with options -d enable-fuzz-afl no-shared no-module</H1>
    <B>OpenSSL run-checker</B> 
    <A HREF="mailto:openssl-commits%40openssl.org?Subject=Re%3A%20Still%20FAILED%20build%20of%20OpenSSL%20branch%20master%20with%20options%20-d%0A%20enable-fuzz-afl%20no-shared%20no-module&In-Reply-To=%3C1595284490.311971.12725.nullmailer%40run.openssl.org%3E"
       TITLE="Still FAILED build of OpenSSL branch master with options -d enable-fuzz-afl no-shared no-module">openssl at openssl.org
       </A><BR>
    <I>Mon Jul 20 22:34:50 UTC 2020</I>
    <P><UL>
        <LI>Previous message: <A HREF="029692.html">Still FAILED build of OpenSSL branch master with options -d enable-fuzz-afl no-shared no-module
</A></li>
        <LI>Next message: <A HREF="029804.html">Still FAILED build of OpenSSL branch master with options -d enable-fuzz-afl no-shared no-module
</A></li>
         <LI> <B>Messages sorted by:</B> 
              <a href="date.html#29747">[ date ]</a>
              <a href="thread.html#29747">[ thread ]</a>
              <a href="subject.html#29747">[ subject ]</a>
              <a href="author.html#29747">[ author ]</a>
         </LI>
       </UL>
    <HR>  
<!--beginarticle-->
<PRE>Platform and configuration command:

$ uname -a
Linux run 4.15.0-106-generic #107-Ubuntu SMP Thu Jun 4 11:27:52 UTC 2020 x86_64 x86_64 x86_64 GNU/Linux
$ CC=afl-clang-fast ../openssl/config -d enable-fuzz-afl no-shared no-module

Commit log since last time:

f64f17c3e0 Added missing ';' after methods in the synopsis section of pod files
93e32043cb util/find-doc-nits: relax some SYNOPSIS checks
d3cb5904f3 util/find-doc-nits: read full declarations as one line in name_synopsis()
43b3ab6f87 Fix typo for SSL_get_peer_certificate()
1bb78e72b9 Remove util/openssl-update-copyright
a85c902125 mac: always pass a non-NULL output size pointer to providers.
3fc164e8d1 doc: Fix documentation of EVP_EncryptUpdate().
b99c463d78 install: add notes about ignored seed sources in the FIPS provider.
45554b5c71 rand: detect if FIPS approved randomness sources are being used.
8e78da0666 Fix trailing whitespace mismatch error when running 02-test_errstr.
cb9bb7350d 99-test_fuzz.t: Clean up and re-organize such that sub-tests could be split easily
1e76cb002a test/run_tests.pl: In parallel runs, start those tests first that run longest
0b670a2101 x509_vfy.c: Improve key usage checks in internal_verify() of cert chains
1337a3a998 Constify X509_check_akid and prefer using X509_get0_serialNumber over X509_get_serialNumber
318565b733 Prepare for 3.0 alpha 6
e70a2d9f13 Prepare for release of 3.0 alpha 5
b013cf9000 util/mktar.pl: Change 'VERSION' to 'VERSION.dat'
e39e295e20 Update copyright year
e4162f86d7 DRBG: Fix the renamed functions after the EVP_MAC name reversal
660c534435 Revert &quot;kdf: make function naming consistent.&quot;
865adf97c9 Revert &quot;The EVP_MAC functions have been renamed for consistency.  The EVP_MAC_CTX_*&quot;
8dab4de538 Add latest changes and news in CHANGES.md and NEWS.md
ecca5b6e2e capabilities: make capability selection case insensitive.
81ed433cf8 libcrypto.num: engine deprecation updates
bb95426211 doc: remove unused engine tracing option
184fb690fa trace: condition out engine related tracing
03445677b9 Document that ENGINE_add_conf_module() was deprecated.
2099f1bb6b Document that exdata for ENGINES is deprecated.
1bdab93a62 Document that the ENGINE_[sg]_ex_data() calls are reprecated.
8b4c89f8d2 RAND: document that the ENGINE RAND override is deprecated.
571d2c4dc7 ENGINESDIR: document that this configuration is deprecated.
2d71c9468a doc: document that the engine initialisation options are deprecated.
9bd8d96c39 deprecate engines in provider code
e4468e6d8d deprecate engines in libcrypto
ad8fc6f626 apps: deprecate engines
91512a771a deprecate engine from public header files
304d070eba deprecate engine tests
92f8603537 deprecate engines in SSL
cf8e8cba93  deprecate engines
597f3f3ab1 Fix indentation for engine.h
4222682dae doc: deprecate ENGINE documentation
0f221d9c68 apps: document the deprecation of the -engine option
699caa18d5 engine: document the engine app as deprecated
0a684b09d8 apps/list: deprecate engine support
910b71cf47 deprecate engines in 3.0
8c2bfd2512 Add SSL_get[01]_peer_certificate()

Build log ended with (last 100 lines):

../../../../../enable-fuzz-afl/util/wrap.pl ../../../../../enable-fuzz-afl/apps/openssl cmp -config ../Mock/test.cnf -section 'Mock credentials' -proxy '' -no_proxy 127.0.0.1 -cert &quot;&quot; -key &quot;&quot; -keypass &quot;&quot; -unprotected_requests =&gt; 0
    not ok 38 - unprotected request
# ------------------------------------------------------------------------------
    #   Failed test 'unprotected request'
    #   at ../openssl/test/recipes/81-test_cmp_cli.t line 177.
    # Looks like you failed 3 tests of 38.
not ok 5 - CMP app CLI Mock credentials
# ------------------------------------------------------------------------------
OPENSSL_FUNC:../openssl/apps/cmp.c:3121:CMP info: received from 127.0.0.1 PKIStatus: accepted 
# OPENSSL_FUNC:../openssl/apps/cmp.c:2895:CMP info: using OpenSSL configuration file '../Mock/test.cnf'
# OPENSSL_FUNC:../openssl/apps/cmp.c:2501:CMP warning: argument of -proxy option is empty string, resetting option
# OPENSSL_FUNC:../openssl/apps/cmp.c:2112:CMP info: will contact <A HREF="http://127.0.0.1:1700/pkix/">http://127.0.0.1:1700/pkix/</A>
# send_receive_check:../openssl/crypto/cmp/cmp_client.c:172:CMP info: sending IR
# send_receive_check:../openssl/crypto/cmp/cmp_client.c:190:CMP info: received IP
# send_receive_check:../openssl/crypto/cmp/cmp_client.c:172:CMP info: sending CERTCONF
# send_receive_check:../openssl/crypto/cmp/cmp_client.c:190:CMP info: received PKICONF
# OPENSSL_FUNC:../openssl/apps/cmp.c:2276:CMP info: received 1 enrolled certificate(s), saving to file 'test.cert.pem'
../../../../../enable-fuzz-afl/util/wrap.pl ../../../../../enable-fuzz-afl/apps/openssl cmp -config ../Mock/test.cnf -section 'Mock enrollment' -proxy '' -no_proxy 127.0.0.1 -cmd ir -newkey new.key -newkeypass 'pass:' -popo 0 -certout test.cert.pem -out_trusted root.crt =&gt; 0
    not ok 43 - popo RAVERIFIED
# ------------------------------------------------------------------------------
OPENSSL_FUNC:../openssl/apps/cmp.c:3121:CMP info: received from 127.0.0.1 PKIStatus: accepted 
# OPENSSL_FUNC:../openssl/apps/cmp.c:2895:CMP info: using OpenSSL configuration file '../Mock/test.cnf'
# OPENSSL_FUNC:../openssl/apps/cmp.c:2501:CMP warning: argument of -proxy option is empty string, resetting option
# OPENSSL_FUNC:../openssl/apps/cmp.c:2112:CMP info: will contact <A HREF="http://127.0.0.1:1700/pkix/">http://127.0.0.1:1700/pkix/</A>
# send_receive_check:../openssl/crypto/cmp/cmp_client.c:172:CMP info: sending IR
# send_receive_check:../openssl/crypto/cmp/cmp_client.c:190:CMP info: received IP
# send_receive_check:../openssl/crypto/cmp/cmp_client.c:172:CMP info: sending CERTCONF
# send_receive_check:../openssl/crypto/cmp/cmp_client.c:190:CMP info: received PKICONF
# OPENSSL_FUNC:../openssl/apps/cmp.c:2276:CMP info: received 1 enrolled certificate(s), saving to file 'test.cert.pem'
../../../../../enable-fuzz-afl/util/wrap.pl ../../../../../enable-fuzz-afl/apps/openssl cmp -config ../Mock/test.cnf -section 'Mock enrollment' -proxy '' -no_proxy 127.0.0.1 -cmd ir -newkey new.key -newkeypass 'pass:' -popo -1 -certout test.cert.pem -out_trusted root.crt =&gt; 0
    not ok 47 - popo NONE
# ------------------------------------------------------------------------------
    #   Failed test 'popo NONE'
    #   at ../openssl/test/recipes/81-test_cmp_cli.t line 177.
OPENSSL_FUNC:../openssl/apps/cmp.c:3121:CMP info: received from 127.0.0.1 PKIStatus: accepted 
# OPENSSL_FUNC:../openssl/apps/cmp.c:2895:CMP info: using OpenSSL configuration file '../Mock/test.cnf'
# OPENSSL_FUNC:../openssl/apps/cmp.c:2501:CMP warning: argument of -proxy option is empty string, resetting option
# OPENSSL_FUNC:../openssl/apps/cmp.c:2112:CMP info: will contact <A HREF="http://127.0.0.1:1700/pkix/">http://127.0.0.1:1700/pkix/</A>
# send_receive_check:../openssl/crypto/cmp/cmp_client.c:172:CMP info: sending IR
# send_receive_check:../openssl/crypto/cmp/cmp_client.c:190:CMP info: received IP
# send_receive_check:../openssl/crypto/cmp/cmp_client.c:172:CMP info: sending CERTCONF
# send_receive_check:../openssl/crypto/cmp/cmp_client.c:190:CMP info: received PKICONF
# OPENSSL_FUNC:../openssl/apps/cmp.c:2276:CMP info: received 1 enrolled certificate(s), saving to file 'test.cert.pem'
../../../../../enable-fuzz-afl/util/wrap.pl ../../../../../enable-fuzz-afl/apps/openssl cmp -config ../Mock/test.cnf -section 'Mock enrollment' -proxy '' -no_proxy 127.0.0.1 -cmd ir -newkey new.key -newkeypass 'pass:' -popo 2 -certout test.cert.pem -out_trusted root.crt =&gt; 0
    not ok 48 - popo KEYENC not supported
# ------------------------------------------------------------------------------
    # Looks like you failed 3 tests of 92.
not ok 7 - CMP app CLI Mock enrollment
# ------------------------------------------------------------------------------
# 
#   Failed test 'CMP app CLI Mock enrollment
# '
#   at /home/openssl/run-checker/enable-fuzz-afl/../openssl/util/perl/OpenSSL/Test.pm line 1302.
# Looks like you failed 3 tests of 7.81-test_cmp_cli.t .................. 
Dubious, test returned 3 (wstat 768, 0x300)
Failed 3/7 subtests 
90-test_asn1_time.t ................ ok
90-test_async.t .................... ok
90-test_bio_enc.t .................. ok
90-test_bio_memleak.t .............. ok
90-test_constant_time.t ............ ok
90-test_fatalerr.t ................. ok
90-test_gmdiff.t ................... ok
90-test_gost.t ..................... skipped: GOST support is disabled in this OpenSSL build
90-test_ige.t ...................... ok
90-test_includes.t ................. ok
90-test_memleak.t .................. ok
90-test_overhead.t ................. ok
90-test_secmem.t ................... ok
90-test_shlibload.t ................ skipped: Test only supported in a shared build
90-test_srp.t ...................... ok
90-test_sslapi.t ................... ok
90-test_sslbuffers.t ............... ok
90-test_store.t .................... ok
90-test_sysdefault.t ............... ok
90-test_threads.t .................. ok
90-test_time_offset.t .............. ok
90-test_tls13ccs.t ................. ok
90-test_tls13encryption.t .......... ok
90-test_tls13secrets.t ............. skipped: tls13secrets is not supported in this build
90-test_v3name.t ................... ok
95-test_external_boringssl.t ....... skipped: No external tests in this configuration
95-test_external_gost_engine.t ..... skipped: No external tests in this configuration
95-test_external_krb5.t ............ skipped: No external tests in this configuration
95-test_external_pyca.t ............ skipped: No external tests in this configuration
99-test_ecstress.t ................. ok
99-test_fuzz.t ..................... ok

Test Summary Report
-------------------
81-test_cmp_cli.t                (Wstat: 768 Tests: 7 Failed: 3)
  Failed tests:  4-5, 7
  Non-zero exit status: 3
Files=205, Tests=2949, 782 wallclock secs (10.02 usr  1.40 sys + 721.32 cusr 51.68 csys = 784.42 CPU)
Result: FAIL
Makefile:2367: recipe for target '_tests' failed
make[1]: *** [_tests] Error 1
make[1]: Leaving directory '/home/openssl/run-checker/enable-fuzz-afl'
Makefile:2365: recipe for target 'tests' failed
make: *** [tests] Error 2
</PRE>



















































































<!--endarticle-->
    <HR>
    <P><UL>
        <!--threads-->
	<LI>Previous message: <A HREF="029692.html">Still FAILED build of OpenSSL branch master with options -d enable-fuzz-afl no-shared no-module
</A></li>
	<LI>Next message: <A HREF="029804.html">Still FAILED build of OpenSSL branch master with options -d enable-fuzz-afl no-shared no-module
</A></li>
         <LI> <B>Messages sorted by:</B> 
              <a href="date.html#29747">[ date ]</a>
              <a href="thread.html#29747">[ thread ]</a>
              <a href="subject.html#29747">[ subject ]</a>
              <a href="author.html#29747">[ author ]</a>
         </LI>
       </UL>

<hr>
<a href="../../../mailman/listinfo/openssl-commits.html">More information about the openssl-commits
mailing list</a><br>
</body></html>
