<!DOCTYPE HTML PUBLIC "-//W3C//DTD HTML 4.01 Transitional//EN">
<HTML>
 <HEAD>
   <TITLE> Still FAILED build of OpenSSL branch master with options -d --strict-warnings no-tls1_3
   </TITLE>
   <LINK REL="Index" HREF="https://mta.openssl.org/pipermail/openssl-commits/2020-July/index.html" >
   <LINK REL="made" HREF="mailto:openssl-commits%40openssl.org?Subject=Re%3A%20Still%20FAILED%20build%20of%20OpenSSL%20branch%20master%20with%20options%20-d%0A%20--strict-warnings%20no-tls1_3&In-Reply-To=%3C1595629172.100486.30479.nullmailer%40run.openssl.org%3E">
   <META NAME="robots" CONTENT="index,nofollow">
   <style type="text/css">
       pre {
           white-space: pre-wrap;       /* css-2.1, curent FF, Opera, Safari */
           }
   </style>
   <META http-equiv="Content-Type" content="text/html; charset=us-ascii">
   <LINK REL="Previous"  HREF="029769.html">
   <LINK REL="Next"  HREF="029884.html">
 </HEAD>
 <BODY BGCOLOR="#ffffff">
   <H1>Still FAILED build of OpenSSL branch master with options -d --strict-warnings no-tls1_3</H1>
    <B>OpenSSL run-checker</B> 
    <A HREF="mailto:openssl-commits%40openssl.org?Subject=Re%3A%20Still%20FAILED%20build%20of%20OpenSSL%20branch%20master%20with%20options%20-d%0A%20--strict-warnings%20no-tls1_3&In-Reply-To=%3C1595629172.100486.30479.nullmailer%40run.openssl.org%3E"
       TITLE="Still FAILED build of OpenSSL branch master with options -d --strict-warnings no-tls1_3">openssl at openssl.org
       </A><BR>
    <I>Fri Jul 24 22:19:32 UTC 2020</I>
    <P><UL>
        <LI>Previous message: <A HREF="029769.html">Still FAILED build of OpenSSL branch master with options -d --strict-warnings no-tls1_3
</A></li>
        <LI>Next message: <A HREF="029884.html">Still FAILED build of OpenSSL branch master with options -d --strict-warnings no-tls1_3
</A></li>
         <LI> <B>Messages sorted by:</B> 
              <a href="date.html#29820">[ date ]</a>
              <a href="thread.html#29820">[ thread ]</a>
              <a href="subject.html#29820">[ subject ]</a>
              <a href="author.html#29820">[ author ]</a>
         </LI>
       </UL>
    <HR>  
<!--beginarticle-->
<PRE>Platform and configuration command:

$ uname -a
Linux run 4.15.0-106-generic #107-Ubuntu SMP Thu Jun 4 11:27:52 UTC 2020 x86_64 x86_64 x86_64 GNU/Linux
$ CC=clang ../openssl/config -d --strict-warnings no-tls1_3

Commit log since last time:

dcb71e1c21 Cleanup fips provider init
7b9f218838 document the deprecation of the '-public-key-methods' option to list
41bbba5375 EVP: deprecate the EVP_X_meth_ functions.
77ae4f6ff7 engines: fixed to work with EVP_*_meth calls deprecated
9e5f344a87 evp_test: use correct deallocation for EVP_CIPHER
340f82a4e7 evp_test: use correct deallocation for EVP_MD
1d864f0f53 Specific the engine pointer
490c87110c Align documentation with recommendations of Linux Documentation Project
bf19b64aae Fix UI method setup, which should be independent of (deprecated) engine use
4f8fbf372e 81-test_cmp_cli.t: Avoid using 'tail', 'awk', and the '-s' option of 'lsof'
f91624d380 Skip test_cmp_cli if 'lsof' or 'kill' command is not available
90409da6a5 Fix provider cipher reinit issue
7717459892 Avoid errors with a priori inapplicable protocol bounds
5ac582d949 DOC: Fix SSL_CTX_set_cert_cb.pod and SSL_CTX_set_client_cert_cb.pod
8eca461731 util/find-doc-nits: Relax check of function declarations in name_synopsis()
904f42509f PROV: Move bio_prov.c from libcommon.a to libfips.a / libnonfips.a
7e4f01d8ba fixed swapped parameter descriptions for x509
9f7bdcf37f Add ERR_raise() errors to fips OSSL_provider_init and self tests.
823a113574 Fix API rename issue in shim layer that calls EVP_MAC_CTX_set_params
02e14a65fd man3: Drop warning about using security levels higher than 1.
16c6534b96 check-format.pl: Add an entry about it to NEWS.md and to CHANGES.md
174f4a4d6a check-format.pl: Report empty lines only if -s (--sloppy-spc) is not used
dc18781550 check-format.pl: Add check for essentially empty line at beginning of file
43b2e9e008 check-format.pl: Add check for multiples essentially empty lines in a row
a77571c34f check-format.pl: Allow comment start '/*' after opening '(','[','{'
5304331156 Fix linking against non-system zlib on macOS

Build log ended with (last 100 lines):

# 81-test_cmp_cli.t .................. ok
90-test_asn1_time.t ................ ok
90-test_async.t .................... ok
90-test_bio_enc.t .................. ok
90-test_bio_memleak.t .............. ok
90-test_constant_time.t ............ ok
90-test_fatalerr.t ................. ok
90-test_gmdiff.t ................... ok
90-test_gost.t ..................... skipped: TLSv1.3 or TLSv1.2 are disabled in this OpenSSL build
90-test_ige.t ...................... ok
90-test_includes.t ................. ok
90-test_memleak.t .................. ok
90-test_overhead.t ................. ok
90-test_secmem.t ................... ok
90-test_shlibload.t ................ ok
90-test_srp.t ...................... ok

        # INFO:  @ ../openssl/test/ssltestlib.c:946
        # SSL_connect() failed -1, 1
        # C0D071DD1B7F0000:error::SSL routines::internal error:../openssl/ssl/s3_enc.c:415:
        # INFO:  @ ../openssl/test/ssltestlib.c:964
        # SSL_accept() failed -1, 1
        # C0D071DD1B7F0000:error::SSL routines::tlsv1 alert internal error:../openssl/ssl/record/rec_layer_s3.c:1615:SSL alert number 80
        # ERROR: (bool) 'create_ssl_connection(serverssl, clientssl, SSL_ERROR_NONE) == true' failed @ ../openssl/test/sslapitest.c:8199
        # false
        not ok 2 - iteration 2
# ------------------------------------------------------------------------------
        # INFO:  @ ../openssl/test/ssltestlib.c:964
        # SSL_accept() failed -1, 1
        # C0D071DD1B7F0000:error::SSL routines::internal error:../openssl/ssl/s3_enc.c:415:
        # INFO:  @ ../openssl/test/ssltestlib.c:946
        # SSL_connect() failed -1, 1
        # C0D071DD1B7F0000:error::SSL routines::tlsv1 alert internal error:../openssl/ssl/record/rec_layer_s3.c:1615:SSL alert number 80
        # ERROR: (bool) 'create_ssl_connection(serverssl, clientssl, SSL_ERROR_NONE) == true' failed @ ../openssl/test/sslapitest.c:8199
        # false
        not ok 3 - iteration 3
# ------------------------------------------------------------------------------
    not ok 37 - test_sigalgs_available
# ------------------------------------------------------------------------------
../../util/wrap.pl ../../test/sslapitest ../../../openssl/test/certs ../../../openssl/test/recipes/90-test_sslapi_data/passwd.txt /tmp/SEPuEHIci5 default ../../../openssl/test/default.cnf =&gt; 1
not ok 1 - running sslapitest
# ------------------------------------------------------------------------------
        # INFO:  @ ../openssl/test/ssltestlib.c:946
        # SSL_connect() failed -1, 1
        # C040E6C3D77F0000:error::SSL routines::internal error:../openssl/ssl/s3_enc.c:415:
        # INFO:  @ ../openssl/test/ssltestlib.c:964
        # SSL_accept() failed -1, 1
        # C040E6C3D77F0000:error::SSL routines::tlsv1 alert internal error:../openssl/ssl/record/rec_layer_s3.c:1615:SSL alert number 80
        # ERROR: (bool) 'create_ssl_connection(serverssl, clientssl, SSL_ERROR_NONE) == true' failed @ ../openssl/test/sslapitest.c:8199
        # false
        not ok 2 - iteration 2
# ------------------------------------------------------------------------------
        # INFO:  @ ../openssl/test/ssltestlib.c:964
        # SSL_accept() failed -1, 1
        # C040E6C3D77F0000:error::SSL routines::internal error:../openssl/ssl/s3_enc.c:415:
        # INFO:  @ ../openssl/test/ssltestlib.c:946
        # SSL_connect() failed -1, 1
        # C040E6C3D77F0000:error::SSL routines::tlsv1 alert internal error:../openssl/ssl/record/rec_layer_s3.c:1615:SSL alert number 80
        # ERROR: (bool) 'create_ssl_connection(serverssl, clientssl, SSL_ERROR_NONE) == true' failed @ ../openssl/test/sslapitest.c:8199
        # false
        not ok 3 - iteration 3
# ------------------------------------------------------------------------------
    not ok 37 - test_sigalgs_available
# ------------------------------------------------------------------------------
../../util/wrap.pl ../../test/sslapitest ../../../openssl/test/certs ../../../openssl/test/recipes/90-test_sslapi_data/passwd.txt /tmp/SEPuEHIci5 fips ../../../openssl/test/fips.cnf =&gt; 1
not ok 3 - running sslapitest
# ------------------------------------------------------------------------------
#   Failed test 'running sslapitest'
#   at ../openssl/test/recipes/90-test_sslapi.t line 45.
# Looks like you failed 2 tests of 3.90-test_sslapi.t ................... 
Dubious, test returned 2 (wstat 512, 0x200)
Failed 2/3 subtests 
90-test_sslbuffers.t ............... ok
90-test_store.t .................... ok
90-test_sysdefault.t ............... ok
90-test_threads.t .................. ok
90-test_time_offset.t .............. ok
90-test_tls13ccs.t ................. skipped: test_tls13ccs is not supported in this build
90-test_tls13encryption.t .......... skipped: tls13encryption is not supported in this build
90-test_tls13secrets.t ............. skipped: tls13secrets is not supported in this build
90-test_v3name.t ................... ok
95-test_external_boringssl.t ....... skipped: No external tests in this configuration
95-test_external_gost_engine.t ..... skipped: No external tests in this configuration
95-test_external_krb5.t ............ skipped: No external tests in this configuration
95-test_external_pyca.t ............ skipped: No external tests in this configuration
99-test_ecstress.t ................. ok
99-test_fuzz.t ..................... ok

Test Summary Report
-------------------
90-test_sslapi.t                 (Wstat: 512 Tests: 3 Failed: 2)
  Failed tests:  1, 3
  Non-zero exit status: 2
Files=205, Tests=3160, 789 wallclock secs (10.98 usr  1.21 sys + 730.61 cusr 56.31 csys = 799.11 CPU)
Result: FAIL
Makefile:3137: recipe for target '_tests' failed
make[1]: *** [_tests] Error 1
make[1]: Leaving directory '/home/openssl/run-checker/no-tls1_3'
Makefile:3135: recipe for target 'tests' failed
make: *** [tests] Error 2
</PRE>






































<!--endarticle-->
    <HR>
    <P><UL>
        <!--threads-->
	<LI>Previous message: <A HREF="029769.html">Still FAILED build of OpenSSL branch master with options -d --strict-warnings no-tls1_3
</A></li>
	<LI>Next message: <A HREF="029884.html">Still FAILED build of OpenSSL branch master with options -d --strict-warnings no-tls1_3
</A></li>
         <LI> <B>Messages sorted by:</B> 
              <a href="date.html#29820">[ date ]</a>
              <a href="thread.html#29820">[ thread ]</a>
              <a href="subject.html#29820">[ subject ]</a>
              <a href="author.html#29820">[ author ]</a>
         </LI>
       </UL>

<hr>
<a href="../../../mailman/listinfo/openssl-commits.html">More information about the openssl-commits
mailing list</a><br>
</body></html>
