<!DOCTYPE HTML PUBLIC "-//W3C//DTD HTML 4.01 Transitional//EN">
<HTML>
 <HEAD>
   <TITLE> Still FAILED build of OpenSSL branch master with options -d --strict-warnings no-ec2m
   </TITLE>
   <LINK REL="Index" HREF="https://mta.openssl.org/pipermail/openssl-commits/2020-July/index.html" >
   <LINK REL="made" HREF="mailto:openssl-commits%40openssl.org?Subject=Re%3A%20Still%20FAILED%20build%20of%20OpenSSL%20branch%20master%20with%20options%20-d%0A%20--strict-warnings%20no-ec2m&In-Reply-To=%3C1595496193.662499.3401.nullmailer%40run.openssl.org%3E">
   <META NAME="robots" CONTENT="index,nofollow">
   <style type="text/css">
       pre {
           white-space: pre-wrap;       /* css-2.1, curent FF, Opera, Safari */
           }
   </style>
   <META http-equiv="Content-Type" content="text/html; charset=us-ascii">
   <LINK REL="Previous"  HREF="029735.html">
   <LINK REL="Next"  HREF="029838.html">
 </HEAD>
 <BODY BGCOLOR="#ffffff">
   <H1>Still FAILED build of OpenSSL branch master with options -d --strict-warnings no-ec2m</H1>
    <B>OpenSSL run-checker</B> 
    <A HREF="mailto:openssl-commits%40openssl.org?Subject=Re%3A%20Still%20FAILED%20build%20of%20OpenSSL%20branch%20master%20with%20options%20-d%0A%20--strict-warnings%20no-ec2m&In-Reply-To=%3C1595496193.662499.3401.nullmailer%40run.openssl.org%3E"
       TITLE="Still FAILED build of OpenSSL branch master with options -d --strict-warnings no-ec2m">openssl at openssl.org
       </A><BR>
    <I>Thu Jul 23 09:23:13 UTC 2020</I>
    <P><UL>
        <LI>Previous message: <A HREF="029735.html">Still FAILED build of OpenSSL branch master with options -d --strict-warnings no-ec2m
</A></li>
        <LI>Next message: <A HREF="029838.html">Still FAILED build of OpenSSL branch master with options -d --strict-warnings no-ec2m
</A></li>
         <LI> <B>Messages sorted by:</B> 
              <a href="date.html#29801">[ date ]</a>
              <a href="thread.html#29801">[ thread ]</a>
              <a href="subject.html#29801">[ subject ]</a>
              <a href="author.html#29801">[ author ]</a>
         </LI>
       </UL>
    <HR>  
<!--beginarticle-->
<PRE>Platform and configuration command:

$ uname -a
Linux run 4.15.0-106-generic #107-Ubuntu SMP Thu Jun 4 11:27:52 UTC 2020 x86_64 x86_64 x86_64 GNU/Linux
$ CC=clang ../openssl/config -d --strict-warnings no-ec2m

Commit log since last time:

dcb71e1c21 Cleanup fips provider init
7b9f218838 document the deprecation of the '-public-key-methods' option to list
41bbba5375 EVP: deprecate the EVP_X_meth_ functions.
77ae4f6ff7 engines: fixed to work with EVP_*_meth calls deprecated
9e5f344a87 evp_test: use correct deallocation for EVP_CIPHER
340f82a4e7 evp_test: use correct deallocation for EVP_MD
1d864f0f53 Specific the engine pointer
490c87110c Align documentation with recommendations of Linux Documentation Project
bf19b64aae Fix UI method setup, which should be independent of (deprecated) engine use
4f8fbf372e 81-test_cmp_cli.t: Avoid using 'tail', 'awk', and the '-s' option of 'lsof'
f91624d380 Skip test_cmp_cli if 'lsof' or 'kill' command is not available
90409da6a5 Fix provider cipher reinit issue
7717459892 Avoid errors with a priori inapplicable protocol bounds
5ac582d949 DOC: Fix SSL_CTX_set_cert_cb.pod and SSL_CTX_set_client_cert_cb.pod
8eca461731 util/find-doc-nits: Relax check of function declarations in name_synopsis()
904f42509f PROV: Move bio_prov.c from libcommon.a to libfips.a / libnonfips.a
7e4f01d8ba fixed swapped parameter descriptions for x509
9f7bdcf37f Add ERR_raise() errors to fips OSSL_provider_init and self tests.
823a113574 Fix API rename issue in shim layer that calls EVP_MAC_CTX_set_params
02e14a65fd man3: Drop warning about using security levels higher than 1.
16c6534b96 check-format.pl: Add an entry about it to NEWS.md and to CHANGES.md
174f4a4d6a check-format.pl: Report empty lines only if -s (--sloppy-spc) is not used
dc18781550 check-format.pl: Add check for essentially empty line at beginning of file
43b2e9e008 check-format.pl: Add check for multiples essentially empty lines in a row
a77571c34f check-format.pl: Allow comment start '/*' after opening '(','[','{'
5304331156 Fix linking against non-system zlib on macOS

Build log ended with (last 100 lines):

70-test_sslversions.t            (Wstat: 34304 Tests: 0 Failed: 0)
  Non-zero exit status: 134
  Parse errors: No plan found in TAP output
70-test_sslvertol.t              (Wstat: 34304 Tests: 0 Failed: 0)
  Non-zero exit status: 134
  Parse errors: No plan found in TAP output
70-test_tls13alerts.t            (Wstat: 34304 Tests: 0 Failed: 0)
  Non-zero exit status: 134
  Parse errors: No plan found in TAP output
70-test_tls13cookie.t            (Wstat: 34304 Tests: 0 Failed: 0)
  Non-zero exit status: 134
  Parse errors: No plan found in TAP output
70-test_tls13downgrade.t         (Wstat: 34304 Tests: 0 Failed: 0)
  Non-zero exit status: 134
  Parse errors: No plan found in TAP output
70-test_tls13hrr.t               (Wstat: 34304 Tests: 0 Failed: 0)
  Non-zero exit status: 134
  Parse errors: No plan found in TAP output
70-test_tls13kexmodes.t          (Wstat: 34304 Tests: 0 Failed: 0)
  Non-zero exit status: 134
  Parse errors: No plan found in TAP output
70-test_tls13messages.t          (Wstat: 34304 Tests: 0 Failed: 0)
  Non-zero exit status: 134
  Parse errors: No plan found in TAP output
70-test_tls13psk.t               (Wstat: 34304 Tests: 0 Failed: 0)
  Non-zero exit status: 134
  Parse errors: No plan found in TAP output
70-test_tlsextms.t               (Wstat: 34304 Tests: 0 Failed: 0)
  Non-zero exit status: 134
  Parse errors: No plan found in TAP output
71-test_ssl_ctx.t                (Wstat: 256 Tests: 1 Failed: 1)
  Failed test:  1
  Non-zero exit status: 1
80-test_cipherbytes.t            (Wstat: 256 Tests: 1 Failed: 1)
  Failed test:  1
  Non-zero exit status: 1
80-test_cipherlist.t             (Wstat: 256 Tests: 1 Failed: 1)
  Failed test:  1
  Non-zero exit status: 1
80-test_ciphername.t             (Wstat: 256 Tests: 1 Failed: 1)
  Failed test:  1
  Non-zero exit status: 1
80-test_dane.t                   (Wstat: 256 Tests: 1 Failed: 1)
  Failed test:  1
  Non-zero exit status: 1
80-test_dtls.t                   (Wstat: 256 Tests: 1 Failed: 1)
  Failed test:  1
  Non-zero exit status: 1
80-test_dtls_mtu.t               (Wstat: 256 Tests: 1 Failed: 1)
  Failed test:  1
  Non-zero exit status: 1
80-test_dtlsv1listen.t           (Wstat: 256 Tests: 1 Failed: 1)
  Failed test:  1
  Non-zero exit status: 1
80-test_ssl_new.t                (Wstat: 6912 Tests: 31 Failed: 27)
  Failed tests:  2-14, 16-22, 24-29, 31
  Non-zero exit status: 27
80-test_ssl_old.t                (Wstat: 1024 Tests: 12 Failed: 4)
  Failed tests:  3, 5-7
  Non-zero exit status: 4
80-test_sslcorrupt.t             (Wstat: 256 Tests: 1 Failed: 1)
  Failed test:  1
  Non-zero exit status: 1
90-test_fatalerr.t               (Wstat: 256 Tests: 1 Failed: 1)
  Failed test:  1
  Non-zero exit status: 1
90-test_gost.t                   (Wstat: 256 Tests: 1 Failed: 1)
  Failed test:  1
  Non-zero exit status: 1
90-test_shlibload.t              (Wstat: 1024 Tests: 10 Failed: 4)
  Failed tests:  1-4
  Non-zero exit status: 4
90-test_sslapi.t                 (Wstat: 512 Tests: 3 Failed: 2)
  Failed tests:  1, 3
  Non-zero exit status: 2
90-test_sslbuffers.t             (Wstat: 256 Tests: 1 Failed: 1)
  Failed test:  1
  Non-zero exit status: 1
90-test_sysdefault.t             (Wstat: 256 Tests: 1 Failed: 1)
  Failed test:  1
  Non-zero exit status: 1
90-test_tls13ccs.t               (Wstat: 256 Tests: 1 Failed: 1)
  Failed test:  1
  Non-zero exit status: 1
90-test_tls13encryption.t        (Wstat: 256 Tests: 1 Failed: 1)
  Failed test:  1
  Non-zero exit status: 1
90-test_tls13secrets.t           (Wstat: 256 Tests: 1 Failed: 1)
  Failed test:  1
  Non-zero exit status: 1
99-test_fuzz.t                   (Wstat: 512 Tests: 13 Failed: 2)
  Failed tests:  8-9
  Non-zero exit status: 2
Files=205, Tests=2047, 461 wallclock secs ( 7.19 usr  0.91 sys + 393.84 cusr 42.04 csys = 443.98 CPU)
Result: FAIL
Makefile:3137: recipe for target '_tests' failed
make[1]: *** [_tests] Error 1
make[1]: Leaving directory '/home/openssl/run-checker/no-ec2m'
Makefile:3135: recipe for target 'tests' failed
make: *** [tests] Error 2
</PRE>





























































<!--endarticle-->
    <HR>
    <P><UL>
        <!--threads-->
	<LI>Previous message: <A HREF="029735.html">Still FAILED build of OpenSSL branch master with options -d --strict-warnings no-ec2m
</A></li>
	<LI>Next message: <A HREF="029838.html">Still FAILED build of OpenSSL branch master with options -d --strict-warnings no-ec2m
</A></li>
         <LI> <B>Messages sorted by:</B> 
              <a href="date.html#29801">[ date ]</a>
              <a href="thread.html#29801">[ thread ]</a>
              <a href="subject.html#29801">[ subject ]</a>
              <a href="author.html#29801">[ author ]</a>
         </LI>
       </UL>

<hr>
<a href="../../../mailman/listinfo/openssl-commits.html">More information about the openssl-commits
mailing list</a><br>
</body></html>
