<!DOCTYPE HTML PUBLIC "-//W3C//DTD HTML 4.01 Transitional//EN">
<HTML>
 <HEAD>
   <TITLE> Still FAILED build of OpenSSL branch master with options -d --strict-warnings no-des
   </TITLE>
   <LINK REL="Index" HREF="https://mta.openssl.org/pipermail/openssl-commits/2020-July/index.html" >
   <LINK REL="made" HREF="mailto:openssl-commits%40openssl.org?Subject=Re%3A%20Still%20FAILED%20build%20of%20OpenSSL%20branch%20master%20with%20options%20-d%0A%20--strict-warnings%20no-des&In-Reply-To=%3C1596093710.141450.12103.nullmailer%40run.openssl.org%3E">
   <META NAME="robots" CONTENT="index,nofollow">
   <style type="text/css">
       pre {
           white-space: pre-wrap;       /* css-2.1, curent FF, Opera, Safari */
           }
   </style>
   <META http-equiv="Content-Type" content="text/html; charset=us-ascii">
   <LINK REL="Previous"  HREF="029833.html">
   <LINK REL="Next"  HREF="029502.html">
 </HEAD>
 <BODY BGCOLOR="#ffffff">
   <H1>Still FAILED build of OpenSSL branch master with options -d --strict-warnings no-des</H1>
    <B>OpenSSL run-checker</B> 
    <A HREF="mailto:openssl-commits%40openssl.org?Subject=Re%3A%20Still%20FAILED%20build%20of%20OpenSSL%20branch%20master%20with%20options%20-d%0A%20--strict-warnings%20no-des&In-Reply-To=%3C1596093710.141450.12103.nullmailer%40run.openssl.org%3E"
       TITLE="Still FAILED build of OpenSSL branch master with options -d --strict-warnings no-des">openssl at openssl.org
       </A><BR>
    <I>Thu Jul 30 07:21:50 UTC 2020</I>
    <P><UL>
        <LI>Previous message: <A HREF="029833.html">Still FAILED build of OpenSSL branch master with options -d --strict-warnings no-des
</A></li>
        <LI>Next message: <A HREF="029502.html">Still FAILED build of OpenSSL branch master with options -d --strict-warnings no-dgram
</A></li>
         <LI> <B>Messages sorted by:</B> 
              <a href="date.html#29896">[ date ]</a>
              <a href="thread.html#29896">[ thread ]</a>
              <a href="subject.html#29896">[ subject ]</a>
              <a href="author.html#29896">[ author ]</a>
         </LI>
       </UL>
    <HR>  
<!--beginarticle-->
<PRE>Platform and configuration command:

$ uname -a
Linux run 4.15.0-106-generic #107-Ubuntu SMP Thu Jun 4 11:27:52 UTC 2020 x86_64 x86_64 x86_64 GNU/Linux
$ CC=clang ../openssl/config -d --strict-warnings no-des

Commit log since last time:

cfae32c69a [test][ectest] Minor touches to custom_generator_test
f5384f064e [test] Vertically test explicit EC params API patterns
79410c5f8b namemap: fix threading issue
5cd9962272 Fix a test_verify failure
ef8980176d Deprecate -nodes in favor of -noenc in pkcs12 and req app
846f96f821 TEST: Add RSA-PSS cases in test/serdes_test.c
a4e55cccc9 PROV: Add a DER to RSA-PSS deserializer implementation
456b3b97a4 EVP, PROV: Add misc missing bits for RSA-PSS
51d9ac870a Fix no-ec2m

Build log ended with (last 100 lines):

C030D795747F0000:error::asn1 encoding routines:asn1_d2i_ex_primitive:nested asn1 error:../openssl/crypto/asn1/tasn_dec.c:698:
C030D795747F0000:error::asn1 encoding routines:asn1_template_noexp_d2i:nested asn1 error:../openssl/crypto/asn1/tasn_dec.c:630:Field=pkey, Type=PKCS8_PRIV_KEY_INFO
C030D795747F0000:error::asn1 encoding routines:d2i_PrivateKey_ex:ASN1 lib:../openssl/crypto/asn1/d2i_pr.c:67:
C030D795747F0000:error::asn1 encoding routines:d2i_PrivateKey_ex:ASN1 lib:../openssl/crypto/asn1/d2i_pr.c:67:
C030D795747F0000:error::asn1 encoding routines:asn1_check_tlen:wrong tag:../openssl/crypto/asn1/tasn_dec.c:1135:
C030D795747F0000:error::asn1 encoding routines:asn1_d2i_ex_primitive:nested asn1 error:../openssl/crypto/asn1/tasn_dec.c:698:
C030D795747F0000:error::asn1 encoding routines:asn1_template_noexp_d2i:nested asn1 error:../openssl/crypto/asn1/tasn_dec.c:630:Field=pkey, Type=PKCS8_PRIV_KEY_INFO
C030D795747F0000:error::asn1 encoding routines:asn1_check_tlen:wrong tag:../openssl/crypto/asn1/tasn_dec.c:1135:
C030D795747F0000:error::asn1 encoding routines:asn1_d2i_ex_primitive:nested asn1 error:../openssl/crypto/asn1/tasn_dec.c:698:
C030D795747F0000:error::asn1 encoding routines:asn1_template_noexp_d2i:nested asn1 error:../openssl/crypto/asn1/tasn_dec.c:630:Field=pkey, Type=PKCS8_PRIV_KEY_INFO
OPENSSL_FUNC:../openssl/apps/cmp.c:3053:CMP error: cannot set up CMP context
# OPENSSL_FUNC:../openssl/apps/cmp.c:2895:CMP info: using OpenSSL configuration file '../Mock/test.cnf'
# OPENSSL_FUNC:../openssl/apps/cmp.c:2501:CMP warning: argument of -proxy option is empty string, resetting option
# OPENSSL_FUNC:../openssl/apps/cmp.c:2112:CMP info: will contact <A HREF="http://127.0.0.1:1700/pkix/">http://127.0.0.1:1700/pkix/</A>
../../../../../no-des/util/wrap.pl ../../../../../no-des/apps/openssl cmp -config ../Mock/test.cnf -section 'Mock enrollment' -proxy '' -no_proxy 127.0.0.1 -cmd cr -newkey new.key -newkeypass 'pass:' -certout test.cert.pem -out_trusted root.crt =&gt; 1
    not ok 82 - cr command
# ------------------------------------------------------------------------------
    #   Failed test 'cr command'
    #   at ../openssl/test/recipes/81-test_cmp_cli.t line 182.
Could not open file or uri test.cert.pem for loading CMP client certificate (and optionally extra certs)
C0C0ED1D2F7F0000:error::system library:file_open_with_libctx:No such file or directory:../openssl/crypto/store/loader_file.c:928:calling stat(test.cert.pem)
Unable to load CMP client certificate (and optionally extra certs)
OPENSSL_FUNC:../openssl/apps/cmp.c:3053:CMP error: cannot set up CMP context
# OPENSSL_FUNC:../openssl/apps/cmp.c:2895:CMP info: using OpenSSL configuration file '../Mock/test.cnf'
# OPENSSL_FUNC:../openssl/apps/cmp.c:2501:CMP warning: argument of -proxy option is empty string, resetting option
# OPENSSL_FUNC:../openssl/apps/cmp.c:2112:CMP info: will contact <A HREF="http://127.0.0.1:1700/pkix/">http://127.0.0.1:1700/pkix/</A>
# OPENSSL_FUNC:../openssl/apps/cmp.c:2136:CMP warning: -subject '/C=AU/ST=Some-State/O=Internet Widgits Pty Ltd/CN=leaf' given, which overrides the subject of 'test.cert.pem' in KUR
# OPENSSL_FUNC:../openssl/apps/cmp.c:826:CMP warning: can load only one certificate in DER format from test.cert.pem
../../../../../no-des/util/wrap.pl ../../../../../no-des/apps/openssl cmp -config ../Mock/test.cnf -section 'Mock enrollment' -proxy '' -no_proxy 127.0.0.1 -cmd kur -newkey new.key -newkeypass 'pass:' -certout test.cert.pem -out_trusted root.crt -oldcert test.cert.pem -server '127.0.0.1:1700' -cert test.cert.pem -key new.key -extracerts issuing.crt =&gt; 1
    not ok 83 - kur command explicit options
# ------------------------------------------------------------------------------
    #   Failed test 'kur command explicit options'
    #   at ../openssl/test/recipes/81-test_cmp_cli.t line 182.
Could not open file or uri test.cert.pem for loading CMP client certificate (and optionally extra certs)
C060AB64F07F0000:error::system library:file_open_with_libctx:No such file or directory:../openssl/crypto/store/loader_file.c:928:calling stat(test.cert.pem)
Unable to load CMP client certificate (and optionally extra certs)
OPENSSL_FUNC:../openssl/apps/cmp.c:3053:CMP error: cannot set up CMP context
# OPENSSL_FUNC:../openssl/apps/cmp.c:2895:CMP info: using OpenSSL configuration file '../Mock/test.cnf'
# OPENSSL_FUNC:../openssl/apps/cmp.c:2501:CMP warning: argument of -proxy option is empty string, resetting option
# OPENSSL_FUNC:../openssl/apps/cmp.c:2501:CMP warning: argument of -subject option is empty string, resetting option
# OPENSSL_FUNC:../openssl/apps/cmp.c:2501:CMP warning: argument of -secret option is empty string, resetting option
# OPENSSL_FUNC:../openssl/apps/cmp.c:2112:CMP info: will contact <A HREF="http://127.0.0.1:1700/pkix/">http://127.0.0.1:1700/pkix/</A>
# OPENSSL_FUNC:../openssl/apps/cmp.c:826:CMP warning: can load only one certificate in DER format from test.cert.pem
../../../../../no-des/util/wrap.pl ../../../../../no-des/apps/openssl cmp -config ../Mock/test.cnf -section 'Mock enrollment' -proxy '' -no_proxy 127.0.0.1 -cmd kur -subject &quot;&quot; -certout test.cert.pem -oldcert test.cert.pem -server '127.0.0.1:1700' -cert test.cert.pem -key new.key -extracerts issuing.crt -secret &quot;&quot; =&gt; 1
    not ok 84 - kur command minimal options
# ------------------------------------------------------------------------------
    # Looks like you failed 31 tests of 92.
not ok 7 - CMP app CLI Mock enrollment
# ------------------------------------------------------------------------------
# 
#   Failed test 'CMP app CLI Mock enrollment
# '
#   at /home/openssl/run-checker/no-des/../openssl/util/perl/OpenSSL/Test.pm line 1302.
# Looks like you failed 5 tests of 7.81-test_cmp_cli.t .................. 
Dubious, test returned 5 (wstat 1280, 0x500)
Failed 5/7 subtests 
90-test_asn1_time.t ................ ok
90-test_async.t .................... ok
90-test_bio_enc.t .................. ok
90-test_bio_memleak.t .............. ok
90-test_constant_time.t ............ ok
90-test_fatalerr.t ................. ok
90-test_gmdiff.t ................... ok
90-test_gost.t ..................... ok
90-test_ige.t ...................... ok
90-test_includes.t ................. ok
90-test_memleak.t .................. ok
90-test_overhead.t ................. ok
90-test_secmem.t ................... ok
90-test_shlibload.t ................ ok
90-test_srp.t ...................... ok
90-test_sslapi.t ................... ok
90-test_sslbuffers.t ............... ok
90-test_store.t .................... ok
90-test_sysdefault.t ............... ok
90-test_threads.t .................. ok
90-test_time_offset.t .............. ok
90-test_tls13ccs.t ................. ok
90-test_tls13encryption.t .......... ok
90-test_tls13secrets.t ............. ok
90-test_v3name.t ................... ok
95-test_external_boringssl.t ....... skipped: No external tests in this configuration
95-test_external_gost_engine.t ..... skipped: No external tests in this configuration
95-test_external_krb5.t ............ skipped: No external tests in this configuration
95-test_external_pyca.t ............ skipped: No external tests in this configuration
99-test_ecstress.t ................. ok
99-test_fuzz.t ..................... ok

Test Summary Report
-------------------
81-test_cmp_cli.t                (Wstat: 1280 Tests: 7 Failed: 5)
  Failed tests:  3-7
  Non-zero exit status: 5
Files=207, Tests=3147, 868 wallclock secs (12.65 usr  1.43 sys + 814.44 cusr 58.01 csys = 886.53 CPU)
Result: FAIL
Makefile:3080: recipe for target '_tests' failed
make[1]: *** [_tests] Error 1
make[1]: Leaving directory '/home/openssl/run-checker/no-des'
Makefile:3078: recipe for target 'tests' failed
make: *** [tests] Error 2
</PRE>







<!--endarticle-->
    <HR>
    <P><UL>
        <!--threads-->
	<LI>Previous message: <A HREF="029833.html">Still FAILED build of OpenSSL branch master with options -d --strict-warnings no-des
</A></li>
	<LI>Next message: <A HREF="029502.html">Still FAILED build of OpenSSL branch master with options -d --strict-warnings no-dgram
</A></li>
         <LI> <B>Messages sorted by:</B> 
              <a href="date.html#29896">[ date ]</a>
              <a href="thread.html#29896">[ thread ]</a>
              <a href="subject.html#29896">[ subject ]</a>
              <a href="author.html#29896">[ author ]</a>
         </LI>
       </UL>

<hr>
<a href="../../../mailman/listinfo/openssl-commits.html">More information about the openssl-commits
mailing list</a><br>
</body></html>
