<!DOCTYPE HTML PUBLIC "-//W3C//DTD HTML 4.01 Transitional//EN">
<HTML>
 <HEAD>
   <TITLE> Still FAILED build of OpenSSL branch master with options -d --strict-warnings no-dtls1_2
   </TITLE>
   <LINK REL="Index" HREF="https://mta.openssl.org/pipermail/openssl-commits/2020-July/index.html" >
   <LINK REL="made" HREF="mailto:openssl-commits%40openssl.org?Subject=Re%3A%20Still%20FAILED%20build%20of%20OpenSSL%20branch%20master%20with%20options%20-d%0A%20--strict-warnings%20no-dtls1_2&In-Reply-To=%3C1596225970.054415.8826.nullmailer%40run.openssl.org%3E">
   <META NAME="robots" CONTENT="index,nofollow">
   <style type="text/css">
       pre {
           white-space: pre-wrap;       /* css-2.1, curent FF, Opera, Safari */
           }
   </style>
   <META http-equiv="Content-Type" content="text/html; charset=us-ascii">
   <LINK REL="Previous"  HREF="029874.html">
   <LINK REL="Next"  HREF="029525.html">
 </HEAD>
 <BODY BGCOLOR="#ffffff">
   <H1>Still FAILED build of OpenSSL branch master with options -d --strict-warnings no-dtls1_2</H1>
    <B>OpenSSL run-checker</B> 
    <A HREF="mailto:openssl-commits%40openssl.org?Subject=Re%3A%20Still%20FAILED%20build%20of%20OpenSSL%20branch%20master%20with%20options%20-d%0A%20--strict-warnings%20no-dtls1_2&In-Reply-To=%3C1596225970.054415.8826.nullmailer%40run.openssl.org%3E"
       TITLE="Still FAILED build of OpenSSL branch master with options -d --strict-warnings no-dtls1_2">openssl at openssl.org
       </A><BR>
    <I>Fri Jul 31 20:06:10 UTC 2020</I>
    <P><UL>
        <LI>Previous message: <A HREF="029874.html">Still FAILED build of OpenSSL branch master with options -d --strict-warnings no-dtls1_2
</A></li>
        <LI>Next message: <A HREF="029525.html">Still FAILED build of OpenSSL branch master with options -d --strict-warnings no-dtls1_2-method
</A></li>
         <LI> <B>Messages sorted by:</B> 
              <a href="date.html#29938">[ date ]</a>
              <a href="thread.html#29938">[ thread ]</a>
              <a href="subject.html#29938">[ subject ]</a>
              <a href="author.html#29938">[ author ]</a>
         </LI>
       </UL>
    <HR>  
<!--beginarticle-->
<PRE>Platform and configuration command:

$ uname -a
Linux run 4.15.0-106-generic #107-Ubuntu SMP Thu Jun 4 11:27:52 UTC 2020 x86_64 x86_64 x86_64 GNU/Linux
$ CC=clang ../openssl/config -d --strict-warnings no-dtls1_2

Commit log since last time:

cfae32c69a [test][ectest] Minor touches to custom_generator_test
f5384f064e [test] Vertically test explicit EC params API patterns
79410c5f8b namemap: fix threading issue
5cd9962272 Fix a test_verify failure
ef8980176d Deprecate -nodes in favor of -noenc in pkcs12 and req app
846f96f821 TEST: Add RSA-PSS cases in test/serdes_test.c
a4e55cccc9 PROV: Add a DER to RSA-PSS deserializer implementation
456b3b97a4 EVP, PROV: Add misc missing bits for RSA-PSS
51d9ac870a Fix no-ec2m

Build log ended with (last 100 lines):

    # INFO:  @ ../openssl/test/ssltestlib.c:946
    # SSL_connect() failed -1, 1
    # C0F036ACF67F0000:error::SSL routines::tlsv1 alert internal error:../openssl/ssl/record/rec_layer_d1.c:618:SSL alert number 80
    # ERROR: (bool) 'create_ssl_connection(serverssl, clientssl, SSL_ERROR_NONE) == true' failed @ ../openssl/test/sslapitest.c:1631
    # false
    # ERROR: (bool) 'execute_cleanse_plaintext(DTLS_server_method(), DTLS_client_method(), DTLS1_VERSION, 0) == true' failed @ ../openssl/test/sslapitest.c:1709
    # false
    not ok 4 - test_cleanse_plaintext
# ------------------------------------------------------------------------------
        # INFO:  @ ../openssl/test/ssltestlib.c:964
        # SSL_accept() failed -1, 1
        # C0F036ACF67F0000:error::SSL routines::no suitable signature algorithm:../openssl/ssl/t1_lib.c:3329:
        # INFO:  @ ../openssl/test/ssltestlib.c:946
        # SSL_connect() failed -1, 1
        # C0F036ACF67F0000:error::SSL routines::tlsv1 alert internal error:../openssl/ssl/record/rec_layer_d1.c:618:SSL alert number 80
        # ERROR: (bool) 'create_ssl_connection(serverssl, clientssl, SSL_ERROR_NONE) == true' failed @ ../openssl/test/sslapitest.c:6749
        # false
        not ok 2 - iteration 2
# ------------------------------------------------------------------------------
    not ok 53 - test_ssl_pending
# ------------------------------------------------------------------------------
../../util/wrap.pl ../../test/sslapitest ../../../openssl/test/certs ../../../openssl/test/recipes/90-test_sslapi_data/passwd.txt /tmp/tlFADGJAvw default ../../../openssl/test/default.cnf =&gt; 1
not ok 1 - running sslapitest
# ------------------------------------------------------------------------------
    # INFO:  @ ../openssl/test/ssltestlib.c:964
    # SSL_accept() failed -1, 1
    # C0A0156ED17F0000:error::SSL routines::no suitable signature algorithm:../openssl/ssl/t1_lib.c:3329:
    # INFO:  @ ../openssl/test/ssltestlib.c:946
    # SSL_connect() failed -1, 1
    # C0A0156ED17F0000:error::SSL routines::tlsv1 alert internal error:../openssl/ssl/record/rec_layer_d1.c:618:SSL alert number 80
    # ERROR: (bool) 'create_ssl_connection(serverssl, clientssl, SSL_ERROR_NONE) == true' failed @ ../openssl/test/sslapitest.c:846
    # false
    not ok 3 - test_large_message_dtls
# ------------------------------------------------------------------------------
    # INFO:  @ ../openssl/test/ssltestlib.c:964
    # SSL_accept() failed -1, 1
    # C0A0156ED17F0000:error::SSL routines::no suitable signature algorithm:../openssl/ssl/t1_lib.c:3329:
    # INFO:  @ ../openssl/test/ssltestlib.c:946
    # SSL_connect() failed -1, 1
    # C0A0156ED17F0000:error::SSL routines::tlsv1 alert internal error:../openssl/ssl/record/rec_layer_d1.c:618:SSL alert number 80
    # ERROR: (bool) 'create_ssl_connection(serverssl, clientssl, SSL_ERROR_NONE) == true' failed @ ../openssl/test/sslapitest.c:1631
    # false
    # ERROR: (bool) 'execute_cleanse_plaintext(DTLS_server_method(), DTLS_client_method(), DTLS1_VERSION, 0) == true' failed @ ../openssl/test/sslapitest.c:1709
    # false
    not ok 4 - test_cleanse_plaintext
# ------------------------------------------------------------------------------
        # INFO:  @ ../openssl/test/ssltestlib.c:964
        # SSL_accept() failed -1, 1
        # C0A0156ED17F0000:error::SSL routines::no suitable signature algorithm:../openssl/ssl/t1_lib.c:3329:
        # INFO:  @ ../openssl/test/ssltestlib.c:946
        # SSL_connect() failed -1, 1
        # C0A0156ED17F0000:error::SSL routines::tlsv1 alert internal error:../openssl/ssl/record/rec_layer_d1.c:618:SSL alert number 80
        # ERROR: (bool) 'create_ssl_connection(serverssl, clientssl, SSL_ERROR_NONE) == true' failed @ ../openssl/test/sslapitest.c:6749
        # false
        not ok 2 - iteration 2
# ------------------------------------------------------------------------------
    not ok 53 - test_ssl_pending
# ------------------------------------------------------------------------------
../../util/wrap.pl ../../test/sslapitest ../../../openssl/test/certs ../../../openssl/test/recipes/90-test_sslapi_data/passwd.txt /tmp/tlFADGJAvw fips ../../../openssl/test/fips.cnf =&gt; 1
not ok 3 - running sslapitest
# ------------------------------------------------------------------------------
#   Failed test 'running sslapitest'
#   at ../openssl/test/recipes/90-test_sslapi.t line 45.
# Looks like you failed 2 tests of 3.90-test_sslapi.t ................... 
Dubious, test returned 2 (wstat 512, 0x200)
Failed 2/3 subtests 
90-test_sslbuffers.t ............... ok
90-test_store.t .................... ok
90-test_sysdefault.t ............... ok
90-test_threads.t .................. ok
90-test_time_offset.t .............. ok
90-test_tls13ccs.t ................. ok
90-test_tls13encryption.t .......... ok
90-test_tls13secrets.t ............. ok
90-test_v3name.t ................... ok
95-test_external_boringssl.t ....... skipped: No external tests in this configuration
95-test_external_gost_engine.t ..... skipped: No external tests in this configuration
95-test_external_krb5.t ............ skipped: No external tests in this configuration
95-test_external_pyca.t ............ skipped: No external tests in this configuration
99-test_ecstress.t ................. ok
99-test_fuzz.t ..................... ok

Test Summary Report
-------------------
80-test_dtls.t                   (Wstat: 256 Tests: 1 Failed: 1)
  Failed test:  1
  Non-zero exit status: 1
80-test_ssl_new.t                (Wstat: 1024 Tests: 31 Failed: 4)
  Failed tests:  5, 8, 17, 19
  Non-zero exit status: 4
90-test_sslapi.t                 (Wstat: 512 Tests: 3 Failed: 2)
  Failed tests:  1, 3
  Non-zero exit status: 2
Files=207, Tests=3249, 864 wallclock secs (13.34 usr  1.37 sys + 799.59 cusr 61.21 csys = 875.51 CPU)
Result: FAIL
Makefile:3166: recipe for target '_tests' failed
make[1]: *** [_tests] Error 1
make[1]: Leaving directory '/home/openssl/run-checker/no-dtls1_2'
Makefile:3164: recipe for target 'tests' failed
make: *** [tests] Error 2
</PRE>

<!--endarticle-->
    <HR>
    <P><UL>
        <!--threads-->
	<LI>Previous message: <A HREF="029874.html">Still FAILED build of OpenSSL branch master with options -d --strict-warnings no-dtls1_2
</A></li>
	<LI>Next message: <A HREF="029525.html">Still FAILED build of OpenSSL branch master with options -d --strict-warnings no-dtls1_2-method
</A></li>
         <LI> <B>Messages sorted by:</B> 
              <a href="date.html#29938">[ date ]</a>
              <a href="thread.html#29938">[ thread ]</a>
              <a href="subject.html#29938">[ subject ]</a>
              <a href="author.html#29938">[ author ]</a>
         </LI>
       </UL>

<hr>
<a href="../../../mailman/listinfo/openssl-commits.html">More information about the openssl-commits
mailing list</a><br>
</body></html>
